Model::init:  starts
   Model::ExponentialKernel::ExponentialKernel:  ... done
   Model::LennardJonesCollision::LennardJonesCollision:  ... done
   WELL: W0
   Model::RRHO::RRHO:  starts
      Model::new_core:  starts
         Model::RigidRotor::RigidRotor:  starts
            molecular geometry will be used to estimate rotational constants
            rotational configuration: nonlinear
            rotational constants[1/cm]:         23.7897       0.601083        0.58627
         Model::RigidRotor::RigidRotor:  done, cpu time[sec] = 0.003402, elapsed time[sec] = 0
      Model::new_core:  done, cpu time[sec] = 0.004085, elapsed time[sec] = 0
      ground state energy, kcal/mol:   0.15
      interpolating states number/density starts
         core state contribution ... done, cpu time[sec] = 0.119144, elapsed time[sec] = 0
         electronic states contribution ... done, cpu time[sec] = 0.002728, elapsed time[sec] = 0
         vibrational modes contribution ... done, cpu time[sec] = 0.017267, elapsed time[sec] = 0
         effective power exponent at 399.849 kcal/mol = 6.36045
      interpolating states number/density done, cpu time[sec] = 1.22153, elapsed time[sec] = 0
   Model::RRHO::RRHO:  done, cpu time[sec] = 1.2286, elapsed time[sec] = 0
   WELL: W1
   Model::RRHO::RRHO:  starts
      Model::new_core:  starts
         Model::RigidRotor::RigidRotor:  starts
            molecular geometry will be used to estimate rotational constants
            rotational configuration: nonlinear
            rotational constants[1/cm]:         2.27757        1.07738         0.7314
         Model::RigidRotor::RigidRotor:  done, cpu time[sec] = 0.001223, elapsed time[sec] = 0
      Model::new_core:  done, cpu time[sec] = 0.001811, elapsed time[sec] = 0
      ground state energy, kcal/mol:   0.19
      interpolating states number/density starts
         core state contribution ... done, cpu time[sec] = 0.10905, elapsed time[sec] = 0
         electronic states contribution ... done, cpu time[sec] = 0.002894, elapsed time[sec] = 0
         vibrational modes contribution ... done, cpu time[sec] = 0.018344, elapsed time[sec] = 0
         effective power exponent at 399.809 kcal/mol = 6.35945
      interpolating states number/density done, cpu time[sec] = 1.10768, elapsed time[sec] = 0
   Model::RRHO::RRHO:  done, cpu time[sec] = 1.11224, elapsed time[sec] = 0
   WELL: W2
   Model::RRHO::RRHO:  starts
      Model::new_core:  starts
         Model::RigidRotor::RigidRotor:  starts
            molecular geometry will be used to estimate rotational constants
            rotational configuration: nonlinear
            rotational constants[1/cm]:         23.7897       0.601083        0.58627
         Model::RigidRotor::RigidRotor:  done, cpu time[sec] = 0.00098, elapsed time[sec] = 0
      Model::new_core:  done, cpu time[sec] = 0.001572, elapsed time[sec] = 0
      ground state energy, kcal/mol:   0.15
      interpolating states number/density starts
         core state contribution ... done, cpu time[sec] = 0.096063, elapsed time[sec] = 0
         electronic states contribution ... done, cpu time[sec] = 0.003855, elapsed time[sec] = 0
         vibrational modes contribution ... done, cpu time[sec] = 0.01775, elapsed time[sec] = 0
         effective power exponent at 399.849 kcal/mol = 6.36045
      interpolating states number/density done, cpu time[sec] = 1.03677, elapsed time[sec] = 0
   Model::RRHO::RRHO:  done, cpu time[sec] = 1.04088, elapsed time[sec] = 0
   WELL: W3
   Model::RRHO::RRHO:  starts
      Model::new_core:  starts
         Model::RigidRotor::RigidRotor:  starts
            molecular geometry will be used to estimate rotational constants
            rotational configuration: nonlinear
            rotational constants[1/cm]:         1.78953        1.33461       0.764474
         Model::RigidRotor::RigidRotor:  done, cpu time[sec] = 0.00095, elapsed time[sec] = 0
      Model::new_core:  done, cpu time[sec] = 0.001516, elapsed time[sec] = 0
      ground state energy, kcal/mol:   0.21
      interpolating states number/density starts
         core state contribution ... done, cpu time[sec] = 0.097372, elapsed time[sec] = 0
         electronic states contribution ... done, cpu time[sec] = 0.00285, elapsed time[sec] = 0
         vibrational modes contribution ... done, cpu time[sec] = 0.018202, elapsed time[sec] = 0
         effective power exponent at 399.789 kcal/mol = 6.35813
      interpolating states number/density done, cpu time[sec] = 1.05341, elapsed time[sec] = 0
   Model::RRHO::RRHO:  done, cpu time[sec] = 1.05751, elapsed time[sec] = 0
   WELL: W4
   Model::RRHO::RRHO:  starts
      Model::new_core:  starts
         Model::RigidRotor::RigidRotor:  starts
            molecular geometry will be used to estimate rotational constants
            rotational configuration: nonlinear
            rotational constants[1/cm]:         9.52595        1.29538        1.14032
         Model::RigidRotor::RigidRotor:  done, cpu time[sec] = 0.000945, elapsed time[sec] = 0
      Model::new_core:  done, cpu time[sec] = 0.001537, elapsed time[sec] = 0
      ground state energy, kcal/mol:   -86.72
      interpolating states number/density starts
         core state contribution ... done, cpu time[sec] = 0.12916, elapsed time[sec] = 0
         vibrational modes contribution ... done, cpu time[sec] = 0.021531, elapsed time[sec] = 0
         effective power exponent at 486.717 kcal/mol = 6.27499
      interpolating states number/density done, cpu time[sec] = 0.335734, elapsed time[sec] = 0
   Model::RRHO::RRHO:  done, cpu time[sec] = 0.339033, elapsed time[sec] = 0
   WELL: W5t
   Model::RRHO::RRHO:  starts
      Model::new_core:  starts
         Model::RigidRotor::RigidRotor:  starts
            molecular geometry will be used to estimate rotational constants
            rotational configuration: nonlinear
            rotational constants[1/cm]:         9.65604        1.21662        1.08048
         Model::RigidRotor::RigidRotor:  done, cpu time[sec] = 1.4e-05, elapsed time[sec] = 0
      Model::new_core:  done, cpu time[sec] = 2e-05, elapsed time[sec] = 0
      ground state energy, kcal/mol:   -34.55
      interpolating states number/density starts
         core state contribution ... done, cpu time[sec] = 0.001047, elapsed time[sec] = 0
         vibrational modes contribution ... done, cpu time[sec] = 0.000192, elapsed time[sec] = 0
         effective power exponent at 434.55 kcal/mol = 6.24835
      interpolating states number/density done, cpu time[sec] = 0.012295, elapsed time[sec] = 0
   Model::RRHO::RRHO:  done, cpu time[sec] = 0.012346, elapsed time[sec] = 0
Model::init:  done, cpu time[sec] = 4.80864, elapsed time[sec] = 0
