Model::init:  starts
   Model::ExponentialKernel::ExponentialKernel:  ... done
   Model::LennardJonesCollision::LennardJonesCollision:  ... done
   WELL: W0
   Model::RRHO::RRHO:  starts
      Model::new_core:  starts
         Model::RigidRotor::RigidRotor:  starts
            molecular geometry will be used to estimate rotational constants
            rotational configuration: nonlinear
            rotational constants[1/cm]:         23.7897       0.601083        0.58627
         Model::RigidRotor::RigidRotor:  done, cpu time[sec] = 0.00441, elapsed time[sec] = 0
      Model::new_core:  done, cpu time[sec] = 0.005288, elapsed time[sec] = 0
      ground state energy, kcal/mol:   0.15
      interpolating states number/density starts
         core state contribution ... done, cpu time[sec] = 0.077779, elapsed time[sec] = 0
         electronic states contribution ... done, cpu time[sec] = 0.001857, elapsed time[sec] = 0
         vibrational modes contribution ... done, cpu time[sec] = 0.01138, elapsed time[sec] = 0
         effective power exponent at 399.849 kcal/mol = 6.36045
      interpolating states number/density done, cpu time[sec] = 0.822698, elapsed time[sec] = 0
   Model::RRHO::RRHO:  done, cpu time[sec] = 0.831588, elapsed time[sec] = 0
   WELL: W1
   Model::RRHO::RRHO:  starts
      Model::new_core:  starts
         Model::RigidRotor::RigidRotor:  starts
            molecular geometry will be used to estimate rotational constants
            rotational configuration: nonlinear
            rotational constants[1/cm]:         2.27757        1.07738         0.7314
         Model::RigidRotor::RigidRotor:  done, cpu time[sec] = 0.000803, elapsed time[sec] = 0
      Model::new_core:  done, cpu time[sec] = 0.001186, elapsed time[sec] = 0
      ground state energy, kcal/mol:   0.19
      interpolating states number/density starts
         core state contribution ... done, cpu time[sec] = 0.067264, elapsed time[sec] = 0
         electronic states contribution ... done, cpu time[sec] = 0.001904, elapsed time[sec] = 0
         vibrational modes contribution ... done, cpu time[sec] = 0.01061, elapsed time[sec] = 0
         effective power exponent at 399.809 kcal/mol = 6.35945
      interpolating states number/density done, cpu time[sec] = 0.739365, elapsed time[sec] = 0
   Model::RRHO::RRHO:  done, cpu time[sec] = 0.7425, elapsed time[sec] = 0
   WELL: W2
   Model::RRHO::RRHO:  starts
      Model::new_core:  starts
         Model::RigidRotor::RigidRotor:  starts
            molecular geometry will be used to estimate rotational constants
            rotational configuration: nonlinear
            rotational constants[1/cm]:         23.7897       0.601083        0.58627
         Model::RigidRotor::RigidRotor:  done, cpu time[sec] = 0.000707, elapsed time[sec] = 0
      Model::new_core:  done, cpu time[sec] = 0.001096, elapsed time[sec] = 0
      ground state energy, kcal/mol:   0.15
      interpolating states number/density starts
         core state contribution ... done, cpu time[sec] = 0.059928, elapsed time[sec] = 0
         electronic states contribution ... done, cpu time[sec] = 0.001922, elapsed time[sec] = 0
         vibrational modes contribution ... done, cpu time[sec] = 0.011691, elapsed time[sec] = 0
         effective power exponent at 399.849 kcal/mol = 6.36045
      interpolating states number/density done, cpu time[sec] = 0.738828, elapsed time[sec] = 0
   Model::RRHO::RRHO:  done, cpu time[sec] = 0.741814, elapsed time[sec] = 0
   WELL: W3
   Model::RRHO::RRHO:  starts
      Model::new_core:  starts
         Model::RigidRotor::RigidRotor:  starts
            molecular geometry will be used to estimate rotational constants
            rotational configuration: nonlinear
            rotational constants[1/cm]:         1.78953        1.33461       0.764474
         Model::RigidRotor::RigidRotor:  done, cpu time[sec] = 0.00067, elapsed time[sec] = 0
      Model::new_core:  done, cpu time[sec] = 0.001048, elapsed time[sec] = 0
      ground state energy, kcal/mol:   0.21
      interpolating states number/density starts
         core state contribution ... done, cpu time[sec] = 0.060179, elapsed time[sec] = 0
         electronic states contribution ... done, cpu time[sec] = 0.001938, elapsed time[sec] = 0
         vibrational modes contribution ... done, cpu time[sec] = 0.010598, elapsed time[sec] = 0
         effective power exponent at 399.789 kcal/mol = 6.35813
      interpolating states number/density done, cpu time[sec] = 0.699496, elapsed time[sec] = 0
   Model::RRHO::RRHO:  done, cpu time[sec] = 0.702418, elapsed time[sec] = 0
   WELL: W4
   Model::RRHO::RRHO:  starts
      Model::new_core:  starts
         Model::RigidRotor::RigidRotor:  starts
            molecular geometry will be used to estimate rotational constants
            rotational configuration: nonlinear
            rotational constants[1/cm]:         9.52595        1.29538        1.14032
         Model::RigidRotor::RigidRotor:  done, cpu time[sec] = 0.000689, elapsed time[sec] = 0
      Model::new_core:  done, cpu time[sec] = 0.001072, elapsed time[sec] = 0
      ground state energy, kcal/mol:   -86.72
      interpolating states number/density starts
         core state contribution ... done, cpu time[sec] = 0.079372, elapsed time[sec] = 0
         vibrational modes contribution ... done, cpu time[sec] = 0.013038, elapsed time[sec] = 0
         effective power exponent at 486.717 kcal/mol = 6.27499
      interpolating states number/density done, cpu time[sec] = 0.924065, elapsed time[sec] = 0
   Model::RRHO::RRHO:  done, cpu time[sec] = 0.927301, elapsed time[sec] = 0
   WELL: W5t
   Model::RRHO::RRHO:  starts
      Model::new_core:  starts
         Model::RigidRotor::RigidRotor:  starts
            molecular geometry will be used to estimate rotational constants
            rotational configuration: nonlinear
            rotational constants[1/cm]:         9.65604        1.21662        1.08048
         Model::RigidRotor::RigidRotor:  done, cpu time[sec] = 0.00098, elapsed time[sec] = 0
      Model::new_core:  done, cpu time[sec] = 0.00138, elapsed time[sec] = 0
      ground state energy, kcal/mol:   -34.55
      interpolating states number/density starts
         core state contribution ... done, cpu time[sec] = 0.06561, elapsed time[sec] = 0
         vibrational modes contribution ... done, cpu time[sec] = 0.011896, elapsed time[sec] = 0
         effective power exponent at 434.55 kcal/mol = 6.24835
      interpolating states number/density done, cpu time[sec] = 0.644187, elapsed time[sec] = 0
   Model::RRHO::RRHO:  done, cpu time[sec] = 0.646921, elapsed time[sec] = 0
Model::init:  done, cpu time[sec] = 4.61216, elapsed time[sec] = 0
