Model::init:  starts
   Model::ExponentialKernel::ExponentialKernel:  ... done
   Model::LennardJonesCollision::LennardJonesCollision:  ... done
   WELL: W0
   Model::RRHO::RRHO:  starts
      Model::new_core:  starts
         Model::RigidRotor::RigidRotor:  starts
            molecular geometry will be used to estimate rotational constants
            rotational configuration: nonlinear
            rotational constants[1/cm]:         23.7897       0.601083        0.58627
         Model::RigidRotor::RigidRotor:  done, cpu time[sec] = 0.003267, elapsed time[sec] = 0
      Model::new_core:  done, cpu time[sec] = 0.003957, elapsed time[sec] = 0
      ground state energy, kcal/mol:   0.15
      interpolating states number/density starts
         core state contribution ... done, cpu time[sec] = 0.067357, elapsed time[sec] = 0
         electronic states contribution ... done, cpu time[sec] = 0.001724, elapsed time[sec] = 0
         vibrational modes contribution ... done, cpu time[sec] = 0.010296, elapsed time[sec] = 0
         effective power exponent at 399.849 kcal/mol = 6.36045
      interpolating states number/density done, cpu time[sec] = 1.09999, elapsed time[sec] = 0
   Model::RRHO::RRHO:  done, cpu time[sec] = 1.10695, elapsed time[sec] = 0
   WELL: W1
   Model::RRHO::RRHO:  starts
      Model::new_core:  starts
         Model::RigidRotor::RigidRotor:  starts
            molecular geometry will be used to estimate rotational constants
            rotational configuration: nonlinear
            rotational constants[1/cm]:         2.27757        1.07738         0.7314
         Model::RigidRotor::RigidRotor:  done, cpu time[sec] = 0.001183, elapsed time[sec] = 0
      Model::new_core:  done, cpu time[sec] = 0.001793, elapsed time[sec] = 0
      ground state energy, kcal/mol:   0.19
      interpolating states number/density starts
         core state contribution ... done, cpu time[sec] = 0.110539, elapsed time[sec] = 0
         electronic states contribution ... done, cpu time[sec] = 0.002884, elapsed time[sec] = 0
         vibrational modes contribution ... done, cpu time[sec] = 0.018567, elapsed time[sec] = 0
         effective power exponent at 399.809 kcal/mol = 6.35945
      interpolating states number/density done, cpu time[sec] = 1.11834, elapsed time[sec] = 0
   Model::RRHO::RRHO:  done, cpu time[sec] = 1.12292, elapsed time[sec] = 0
   WELL: W2
   Model::RRHO::RRHO:  starts
      Model::new_core:  starts
         Model::RigidRotor::RigidRotor:  starts
            molecular geometry will be used to estimate rotational constants
            rotational configuration: nonlinear
            rotational constants[1/cm]:         23.7897       0.601083        0.58627
         Model::RigidRotor::RigidRotor:  done, cpu time[sec] = 0.001026, elapsed time[sec] = 0
      Model::new_core:  done, cpu time[sec] = 0.00161, elapsed time[sec] = 0
      ground state energy, kcal/mol:   0.15
      interpolating states number/density starts
         core state contribution ... done, cpu time[sec] = 0.099854, elapsed time[sec] = 0
         electronic states contribution ... done, cpu time[sec] = 0.003324, elapsed time[sec] = 0
         vibrational modes contribution ... done, cpu time[sec] = 0.017718, elapsed time[sec] = 0
         effective power exponent at 399.849 kcal/mol = 6.36045
      interpolating states number/density done, cpu time[sec] = 1.04421, elapsed time[sec] = 0
   Model::RRHO::RRHO:  done, cpu time[sec] = 1.04829, elapsed time[sec] = 0
   WELL: W3
   Model::RRHO::RRHO:  starts
      Model::new_core:  starts
         Model::RigidRotor::RigidRotor:  starts
            molecular geometry will be used to estimate rotational constants
            rotational configuration: nonlinear
            rotational constants[1/cm]:         1.78953        1.33461       0.764474
         Model::RigidRotor::RigidRotor:  done, cpu time[sec] = 0.001085, elapsed time[sec] = 0
      Model::new_core:  done, cpu time[sec] = 0.00168, elapsed time[sec] = 0
      ground state energy, kcal/mol:   0.21
      interpolating states number/density starts
         core state contribution ... done, cpu time[sec] = 0.098084, elapsed time[sec] = 0
         electronic states contribution ... done, cpu time[sec] = 0.003006, elapsed time[sec] = 0
         vibrational modes contribution ... done, cpu time[sec] = 0.018197, elapsed time[sec] = 0
         effective power exponent at 399.789 kcal/mol = 6.35813
      interpolating states number/density done, cpu time[sec] = 1.05473, elapsed time[sec] = 0
   Model::RRHO::RRHO:  done, cpu time[sec] = 1.05912, elapsed time[sec] = 0
   WELL: W4
   Model::RRHO::RRHO:  starts
      Model::new_core:  starts
         Model::RigidRotor::RigidRotor:  starts
            molecular geometry will be used to estimate rotational constants
            rotational configuration: nonlinear
            rotational constants[1/cm]:         9.52595        1.29538        1.14032
         Model::RigidRotor::RigidRotor:  done, cpu time[sec] = 0.00103, elapsed time[sec] = 0
      Model::new_core:  done, cpu time[sec] = 0.001621, elapsed time[sec] = 0
      ground state energy, kcal/mol:   -86.72
      interpolating states number/density starts
         core state contribution ... done, cpu time[sec] = 0.129086, elapsed time[sec] = 0
         vibrational modes contribution ... done, cpu time[sec] = 0.02347, elapsed time[sec] = 0
         effective power exponent at 486.717 kcal/mol = 6.27499
      interpolating states number/density done, cpu time[sec] = 0.429421, elapsed time[sec] = 0
   Model::RRHO::RRHO:  done, cpu time[sec] = 0.432805, elapsed time[sec] = 0
   WELL: W5t
   Model::RRHO::RRHO:  starts
      Model::new_core:  starts
         Model::RigidRotor::RigidRotor:  starts
            molecular geometry will be used to estimate rotational constants
            rotational configuration: nonlinear
            rotational constants[1/cm]:         9.65604        1.21662        1.08048
         Model::RigidRotor::RigidRotor:  done, cpu time[sec] = 1.6e-05, elapsed time[sec] = 0
      Model::new_core:  done, cpu time[sec] = 2.2e-05, elapsed time[sec] = 0
      ground state energy, kcal/mol:   -34.55
      interpolating states number/density starts
         core state contribution ... done, cpu time[sec] = 0.001038, elapsed time[sec] = 0
         vibrational modes contribution ... done, cpu time[sec] = 0.000192, elapsed time[sec] = 0
         effective power exponent at 434.55 kcal/mol = 6.24835
      interpolating states number/density done, cpu time[sec] = 0.012382, elapsed time[sec] = 0
   Model::RRHO::RRHO:  done, cpu time[sec] = 0.012437, elapsed time[sec] = 0
Model::init:  done, cpu time[sec] = 4.80069, elapsed time[sec] = 0
