Model::init:  starts
   Model::ExponentialKernel::ExponentialKernel:  ... done
   Model::LennardJonesCollision::LennardJonesCollision:  ... done
   WELL: W0
   Model::RRHO::RRHO:  starts
      Model::new_core:  starts
         Model::RigidRotor::RigidRotor:  starts
            molecular geometry will be used to estimate rotational constants
            rotational configuration: nonlinear
            rotational constants[1/cm]:         23.7897       0.601083        0.58627
         Model::RigidRotor::RigidRotor:  done, cpu time[sec] = 0.00876, elapsed time[sec] = 0
      Model::new_core:  done, cpu time[sec] = 0.009888, elapsed time[sec] = 0
      ground state energy, kcal/mol:   0.15
      interpolating states number/density starts
         core state contribution ... done, cpu time[sec] = 0.112252, elapsed time[sec] = 0
         electronic states contribution ... done, cpu time[sec] = 0.003058, elapsed time[sec] = 0
         vibrational modes contribution ... done, cpu time[sec] = 0.016424, elapsed time[sec] = 0
         effective power exponent at 399.849 kcal/mol = 6.36045
      interpolating states number/density done, cpu time[sec] = 1.13335, elapsed time[sec] = 0
   Model::RRHO::RRHO:  done, cpu time[sec] = 1.14972, elapsed time[sec] = 0
   WELL: W1
   Model::RRHO::RRHO:  starts
      Model::new_core:  starts
         Model::RigidRotor::RigidRotor:  starts
            molecular geometry will be used to estimate rotational constants
            rotational configuration: nonlinear
            rotational constants[1/cm]:         2.27757        1.07738         0.7314
         Model::RigidRotor::RigidRotor:  done, cpu time[sec] = 0.001127, elapsed time[sec] = 0
      Model::new_core:  done, cpu time[sec] = 0.001687, elapsed time[sec] = 0
      ground state energy, kcal/mol:   0.19
      interpolating states number/density starts
         core state contribution ... done, cpu time[sec] = 0.098937, elapsed time[sec] = 0
         electronic states contribution ... done, cpu time[sec] = 0.002659, elapsed time[sec] = 0
         vibrational modes contribution ... done, cpu time[sec] = 0.016038, elapsed time[sec] = 0
         effective power exponent at 399.809 kcal/mol = 6.35945
      interpolating states number/density done, cpu time[sec] = 1.02667, elapsed time[sec] = 0
   Model::RRHO::RRHO:  done, cpu time[sec] = 1.03106, elapsed time[sec] = 0
   WELL: W2
   Model::RRHO::RRHO:  starts
      Model::new_core:  starts
         Model::RigidRotor::RigidRotor:  starts
            molecular geometry will be used to estimate rotational constants
            rotational configuration: nonlinear
            rotational constants[1/cm]:         23.7897       0.601083        0.58627
         Model::RigidRotor::RigidRotor:  done, cpu time[sec] = 0.000961, elapsed time[sec] = 0
      Model::new_core:  done, cpu time[sec] = 0.001537, elapsed time[sec] = 0
      ground state energy, kcal/mol:   0.15
      interpolating states number/density starts
         core state contribution ... done, cpu time[sec] = 0.086137, elapsed time[sec] = 0
         electronic states contribution ... done, cpu time[sec] = 0.003393, elapsed time[sec] = 0
         vibrational modes contribution ... done, cpu time[sec] = 0.0161, elapsed time[sec] = 0
         effective power exponent at 399.849 kcal/mol = 6.36045
      interpolating states number/density done, cpu time[sec] = 0.952637, elapsed time[sec] = 0
   Model::RRHO::RRHO:  done, cpu time[sec] = 0.956647, elapsed time[sec] = 0
   WELL: W3
   Model::RRHO::RRHO:  starts
      Model::new_core:  starts
         Model::RigidRotor::RigidRotor:  starts
            molecular geometry will be used to estimate rotational constants
            rotational configuration: nonlinear
            rotational constants[1/cm]:         1.78953        1.33461       0.764474
         Model::RigidRotor::RigidRotor:  done, cpu time[sec] = 0.000899, elapsed time[sec] = 0
      Model::new_core:  done, cpu time[sec] = 0.001454, elapsed time[sec] = 0
      ground state energy, kcal/mol:   0.21
      interpolating states number/density starts
         core state contribution ... done, cpu time[sec] = 0.086421, elapsed time[sec] = 0
         electronic states contribution ... done, cpu time[sec] = 0.002821, elapsed time[sec] = 0
         vibrational modes contribution ... done, cpu time[sec] = 0.016666, elapsed time[sec] = 0
         effective power exponent at 399.789 kcal/mol = 6.35813
      interpolating states number/density done, cpu time[sec] = 0.956267, elapsed time[sec] = 0
   Model::RRHO::RRHO:  done, cpu time[sec] = 0.960178, elapsed time[sec] = 0
   WELL: W4
   Model::RRHO::RRHO:  starts
      Model::new_core:  starts
         Model::RigidRotor::RigidRotor:  starts
            molecular geometry will be used to estimate rotational constants
            rotational configuration: nonlinear
            rotational constants[1/cm]:         9.52595        1.29538        1.14032
         Model::RigidRotor::RigidRotor:  done, cpu time[sec] = 0.000944, elapsed time[sec] = 0
      Model::new_core:  done, cpu time[sec] = 0.001508, elapsed time[sec] = 0
      ground state energy, kcal/mol:   -86.72
      interpolating states number/density starts
         core state contribution ... done, cpu time[sec] = 0.114294, elapsed time[sec] = 0
         vibrational modes contribution ... done, cpu time[sec] = 0.019756, elapsed time[sec] = 0
         effective power exponent at 486.717 kcal/mol = 6.27499
      interpolating states number/density done, cpu time[sec] = 0.509504, elapsed time[sec] = 1
   Model::RRHO::RRHO:  done, cpu time[sec] = 0.512826, elapsed time[sec] = 1
   WELL: W5t
   Model::RRHO::RRHO:  starts
      Model::new_core:  starts
         Model::RigidRotor::RigidRotor:  starts
            molecular geometry will be used to estimate rotational constants
            rotational configuration: nonlinear
            rotational constants[1/cm]:         9.65604        1.21662        1.08048
         Model::RigidRotor::RigidRotor:  done, cpu time[sec] = 1.5e-05, elapsed time[sec] = 0
      Model::new_core:  done, cpu time[sec] = 2.1e-05, elapsed time[sec] = 0
      ground state energy, kcal/mol:   -34.55
      interpolating states number/density starts
         core state contribution ... done, cpu time[sec] = 0.001034, elapsed time[sec] = 0
         vibrational modes contribution ... done, cpu time[sec] = 0.000192, elapsed time[sec] = 0
         effective power exponent at 434.55 kcal/mol = 6.24835
      interpolating states number/density done, cpu time[sec] = 0.012259, elapsed time[sec] = 0
   Model::RRHO::RRHO:  done, cpu time[sec] = 0.012311, elapsed time[sec] = 0
Model::init:  done, cpu time[sec] = 4.64224, elapsed time[sec] = 1
