Model::init:  starts
   Model::ExponentialKernel::ExponentialKernel:  ... done
   Model::LennardJonesCollision::LennardJonesCollision:  ... done
   WELL: W0
   Model::RRHO::RRHO:  starts
      Model::new_core:  starts
         Model::RigidRotor::RigidRotor:  starts
            molecular geometry will be used to estimate rotational constants
            rotational configuration: nonlinear
            rotational constants[1/cm]:         23.7897       0.601083        0.58627
         Model::RigidRotor::RigidRotor:  done, cpu time[sec] = 0.00334, elapsed time[sec] = 0
      Model::new_core:  done, cpu time[sec] = 0.003985, elapsed time[sec] = 0
      ground state energy, kcal/mol:   0.15
      interpolating states number/density starts
         core state contribution ... done, cpu time[sec] = 0.103774, elapsed time[sec] = 0
         electronic states contribution ... done, cpu time[sec] = 0.00263, elapsed time[sec] = 0
         vibrational modes contribution ... done, cpu time[sec] = 0.016296, elapsed time[sec] = 0
         effective power exponent at 399.849 kcal/mol = 6.36045
      interpolating states number/density done, cpu time[sec] = 1.10445, elapsed time[sec] = 0
   Model::RRHO::RRHO:  done, cpu time[sec] = 1.11135, elapsed time[sec] = 0
   WELL: W1
   Model::RRHO::RRHO:  starts
      Model::new_core:  starts
         Model::RigidRotor::RigidRotor:  starts
            molecular geometry will be used to estimate rotational constants
            rotational configuration: nonlinear
            rotational constants[1/cm]:         2.27757        1.07738         0.7314
         Model::RigidRotor::RigidRotor:  done, cpu time[sec] = 0.001198, elapsed time[sec] = 0
      Model::new_core:  done, cpu time[sec] = 0.001813, elapsed time[sec] = 0
      ground state energy, kcal/mol:   0.19
      interpolating states number/density starts
         core state contribution ... done, cpu time[sec] = 0.109069, elapsed time[sec] = 0
         electronic states contribution ... done, cpu time[sec] = 0.00286, elapsed time[sec] = 0
         vibrational modes contribution ... done, cpu time[sec] = 0.018225, elapsed time[sec] = 0
         effective power exponent at 399.809 kcal/mol = 6.35945
      interpolating states number/density done, cpu time[sec] = 1.10706, elapsed time[sec] = 0
   Model::RRHO::RRHO:  done, cpu time[sec] = 1.1116, elapsed time[sec] = 0
   WELL: W2
   Model::RRHO::RRHO:  starts
      Model::new_core:  starts
         Model::RigidRotor::RigidRotor:  starts
            molecular geometry will be used to estimate rotational constants
            rotational configuration: nonlinear
            rotational constants[1/cm]:         23.7897       0.601083        0.58627
         Model::RigidRotor::RigidRotor:  done, cpu time[sec] = 0.001051, elapsed time[sec] = 0
      Model::new_core:  done, cpu time[sec] = 0.001653, elapsed time[sec] = 0
      ground state energy, kcal/mol:   0.15
      interpolating states number/density starts
         core state contribution ... done, cpu time[sec] = 0.097533, elapsed time[sec] = 0
         electronic states contribution ... done, cpu time[sec] = 0.003225, elapsed time[sec] = 0
         vibrational modes contribution ... done, cpu time[sec] = 0.017724, elapsed time[sec] = 0
         effective power exponent at 399.849 kcal/mol = 6.36045
      interpolating states number/density done, cpu time[sec] = 1.04027, elapsed time[sec] = 0
   Model::RRHO::RRHO:  done, cpu time[sec] = 1.0445, elapsed time[sec] = 0
   WELL: W3
   Model::RRHO::RRHO:  starts
      Model::new_core:  starts
         Model::RigidRotor::RigidRotor:  starts
            molecular geometry will be used to estimate rotational constants
            rotational configuration: nonlinear
            rotational constants[1/cm]:         1.78953        1.33461       0.764474
         Model::RigidRotor::RigidRotor:  done, cpu time[sec] = 0.000943, elapsed time[sec] = 0
      Model::new_core:  done, cpu time[sec] = 0.001534, elapsed time[sec] = 0
      ground state energy, kcal/mol:   0.21
      interpolating states number/density starts
         core state contribution ... done, cpu time[sec] = 0.098233, elapsed time[sec] = 0
         electronic states contribution ... done, cpu time[sec] = 0.00289, elapsed time[sec] = 0
         vibrational modes contribution ... done, cpu time[sec] = 0.018226, elapsed time[sec] = 0
         effective power exponent at 399.789 kcal/mol = 6.34447
      interpolating states number/density done, cpu time[sec] = 1.05231, elapsed time[sec] = 0
   Model::RRHO::RRHO:  done, cpu time[sec] = 1.05633, elapsed time[sec] = 0
   WELL: W4
   Model::RRHO::RRHO:  starts
      Model::new_core:  starts
         Model::RigidRotor::RigidRotor:  starts
            molecular geometry will be used to estimate rotational constants
            rotational configuration: nonlinear
            rotational constants[1/cm]:         9.52595        1.29538        1.14032
         Model::RigidRotor::RigidRotor:  done, cpu time[sec] = 0.000971, elapsed time[sec] = 0
      Model::new_core:  done, cpu time[sec] = 0.001562, elapsed time[sec] = 0
      ground state energy, kcal/mol:   -86.72
      interpolating states number/density starts
         core state contribution ... done, cpu time[sec] = 0.126881, elapsed time[sec] = 0
         vibrational modes contribution ... done, cpu time[sec] = 0.021593, elapsed time[sec] = 0
         effective power exponent at 486.717 kcal/mol = 6.27499
      interpolating states number/density done, cpu time[sec] = 0.432044, elapsed time[sec] = 0
   Model::RRHO::RRHO:  done, cpu time[sec] = 0.435374, elapsed time[sec] = 0
   WELL: W5t
   Model::RRHO::RRHO:  starts
      Model::new_core:  starts
         Model::RigidRotor::RigidRotor:  starts
            molecular geometry will be used to estimate rotational constants
            rotational configuration: nonlinear
            rotational constants[1/cm]:         9.65604        1.21662        1.08048
         Model::RigidRotor::RigidRotor:  done, cpu time[sec] = 1.6e-05, elapsed time[sec] = 0
      Model::new_core:  done, cpu time[sec] = 2.1e-05, elapsed time[sec] = 0
      ground state energy, kcal/mol:   -34.55
      interpolating states number/density starts
         core state contribution ... done, cpu time[sec] = 0.00104, elapsed time[sec] = 0
         vibrational modes contribution ... done, cpu time[sec] = 0.00019, elapsed time[sec] = 0
         effective power exponent at 434.55 kcal/mol = 6.24835
      interpolating states number/density done, cpu time[sec] = 0.01228, elapsed time[sec] = 0
   Model::RRHO::RRHO:  done, cpu time[sec] = 0.012332, elapsed time[sec] = 0
Model::init:  done, cpu time[sec] = 4.78878, elapsed time[sec] = 0
