Model::init:  starts
   Model::ExponentialKernel::ExponentialKernel:  ... done
   Model::LennardJonesCollision::LennardJonesCollision:  ... done
   WELL: W0
   Model::RRHO::RRHO:  starts
      Model::new_core:  starts
         Model::RigidRotor::RigidRotor:  starts
            molecular geometry will be used to estimate rotational constants
            rotational configuration: nonlinear
            rotational constants[1/cm]:         23.7897       0.601083        0.58627
         Model::RigidRotor::RigidRotor:  done, cpu time[sec] = 0.002226, elapsed time[sec] = 0
      Model::new_core:  done, cpu time[sec] = 0.002615, elapsed time[sec] = 0
      ground state energy, kcal/mol:   0.15
      interpolating states number/density starts
         core state contribution ... done, cpu time[sec] = 0.065267, elapsed time[sec] = 0
         electronic states contribution ... done, cpu time[sec] = 0.002729, elapsed time[sec] = 0
         vibrational modes contribution ... done, cpu time[sec] = 0.01712, elapsed time[sec] = 0
         effective power exponent at 399.849 kcal/mol = 6.36045
      interpolating states number/density done, cpu time[sec] = 1.06298, elapsed time[sec] = 0
   Model::RRHO::RRHO:  done, cpu time[sec] = 1.06778, elapsed time[sec] = 0
   WELL: W1
   Model::RRHO::RRHO:  starts
      Model::new_core:  starts
         Model::RigidRotor::RigidRotor:  starts
            molecular geometry will be used to estimate rotational constants
            rotational configuration: nonlinear
            rotational constants[1/cm]:         2.27757        1.07738         0.7314
         Model::RigidRotor::RigidRotor:  done, cpu time[sec] = 0.001167, elapsed time[sec] = 0
      Model::new_core:  done, cpu time[sec] = 0.001723, elapsed time[sec] = 0
      ground state energy, kcal/mol:   0.19
      interpolating states number/density starts
         core state contribution ... done, cpu time[sec] = 0.098752, elapsed time[sec] = 0
         electronic states contribution ... done, cpu time[sec] = 0.00272, elapsed time[sec] = 0
         vibrational modes contribution ... done, cpu time[sec] = 0.016345, elapsed time[sec] = 0
         effective power exponent at 399.809 kcal/mol = 6.35945
      interpolating states number/density done, cpu time[sec] = 1.04533, elapsed time[sec] = 0
   Model::RRHO::RRHO:  done, cpu time[sec] = 1.04989, elapsed time[sec] = 0
   WELL: W2
   Model::RRHO::RRHO:  starts
      Model::new_core:  starts
         Model::RigidRotor::RigidRotor:  starts
            molecular geometry will be used to estimate rotational constants
            rotational configuration: nonlinear
            rotational constants[1/cm]:         23.7897       0.601083        0.58627
         Model::RigidRotor::RigidRotor:  done, cpu time[sec] = 0.001007, elapsed time[sec] = 0
      Model::new_core:  done, cpu time[sec] = 0.001603, elapsed time[sec] = 0
      ground state energy, kcal/mol:   0.15
      interpolating states number/density starts
         core state contribution ... done, cpu time[sec] = 0.089418, elapsed time[sec] = 0
         electronic states contribution ... done, cpu time[sec] = 0.002763, elapsed time[sec] = 0
         vibrational modes contribution ... done, cpu time[sec] = 0.017705, elapsed time[sec] = 0
         effective power exponent at 399.849 kcal/mol = 6.36045
      interpolating states number/density done, cpu time[sec] = 0.989409, elapsed time[sec] = 0
   Model::RRHO::RRHO:  done, cpu time[sec] = 0.9936, elapsed time[sec] = 0
   WELL: W3
   Model::RRHO::RRHO:  starts
      Model::new_core:  starts
         Model::RigidRotor::RigidRotor:  starts
            molecular geometry will be used to estimate rotational constants
            rotational configuration: nonlinear
            rotational constants[1/cm]:         1.78953        1.33461       0.764474
         Model::RigidRotor::RigidRotor:  done, cpu time[sec] = 0.00093, elapsed time[sec] = 0
      Model::new_core:  done, cpu time[sec] = 0.001511, elapsed time[sec] = 0
      ground state energy, kcal/mol:   0.21
      interpolating states number/density starts
         core state contribution ... done, cpu time[sec] = 0.089365, elapsed time[sec] = 0
         electronic states contribution ... done, cpu time[sec] = 0.002766, elapsed time[sec] = 0
         vibrational modes contribution ... done, cpu time[sec] = 0.017579, elapsed time[sec] = 0
         effective power exponent at 399.789 kcal/mol = 6.35813
      interpolating states number/density done, cpu time[sec] = 1.014, elapsed time[sec] = 0
   Model::RRHO::RRHO:  done, cpu time[sec] = 1.01813, elapsed time[sec] = 0
   WELL: W4
   Model::RRHO::RRHO:  starts
      Model::new_core:  starts
         Model::RigidRotor::RigidRotor:  starts
            molecular geometry will be used to estimate rotational constants
            rotational configuration: nonlinear
            rotational constants[1/cm]:         9.52595        1.29538        1.14032
         Model::RigidRotor::RigidRotor:  done, cpu time[sec] = 0.001028, elapsed time[sec] = 0
      Model::new_core:  done, cpu time[sec] = 0.001608, elapsed time[sec] = 0
      ground state energy, kcal/mol:   -86.72
      interpolating states number/density starts
         core state contribution ... done, cpu time[sec] = 0.116458, elapsed time[sec] = 0
         vibrational modes contribution ... done, cpu time[sec] = 0.020309, elapsed time[sec] = 0
         effective power exponent at 486.717 kcal/mol = 6.27499
      interpolating states number/density done, cpu time[sec] = 0.629666, elapsed time[sec] = 0
   Model::RRHO::RRHO:  done, cpu time[sec] = 0.633111, elapsed time[sec] = 0
   WELL: W5t
   Model::RRHO::RRHO:  starts
      Model::new_core:  starts
         Model::RigidRotor::RigidRotor:  starts
            molecular geometry will be used to estimate rotational constants
            rotational configuration: nonlinear
            rotational constants[1/cm]:         9.65604        1.21662        1.08048
         Model::RigidRotor::RigidRotor:  done, cpu time[sec] = 1.5e-05, elapsed time[sec] = 0
      Model::new_core:  done, cpu time[sec] = 2.1e-05, elapsed time[sec] = 0
      ground state energy, kcal/mol:   -34.55
      interpolating states number/density starts
         core state contribution ... done, cpu time[sec] = 0.001031, elapsed time[sec] = 0
         vibrational modes contribution ... done, cpu time[sec] = 0.000188, elapsed time[sec] = 0
         effective power exponent at 434.55 kcal/mol = 6.24835
      interpolating states number/density done, cpu time[sec] = 0.012288, elapsed time[sec] = 0
   Model::RRHO::RRHO:  done, cpu time[sec] = 0.012341, elapsed time[sec] = 0
Model::init:  done, cpu time[sec] = 4.79007, elapsed time[sec] = 0
