Model::init:  starts
   Model::ExponentialKernel::ExponentialKernel:  ... done
   Model::LennardJonesCollision::LennardJonesCollision:  ... done
   WELL: W0
   Model::RRHO::RRHO:  starts
      Model::new_core:  starts
         Model::RigidRotor::RigidRotor:  starts
            molecular geometry will be used to estimate rotational constants
            rotational configuration: nonlinear
            rotational constants[1/cm]:         23.7897       0.601083        0.58627
         Model::RigidRotor::RigidRotor:  done, cpu time[sec] = 0.00344, elapsed time[sec] = 0
      Model::new_core:  done, cpu time[sec] = 0.004133, elapsed time[sec] = 0
      ground state energy, kcal/mol:   0.15
      interpolating states number/density starts
         core state contribution ... done, cpu time[sec] = 0.108621, elapsed time[sec] = 0
         electronic states contribution ... done, cpu time[sec] = 0.002794, elapsed time[sec] = 0
         vibrational modes contribution ... done, cpu time[sec] = 0.016533, elapsed time[sec] = 0
         effective power exponent at 399.849 kcal/mol = 6.36045
      interpolating states number/density done, cpu time[sec] = 1.24553, elapsed time[sec] = 0
   Model::RRHO::RRHO:  done, cpu time[sec] = 1.25287, elapsed time[sec] = 0
   WELL: W1
   Model::RRHO::RRHO:  starts
      Model::new_core:  starts
         Model::RigidRotor::RigidRotor:  starts
            molecular geometry will be used to estimate rotational constants
            rotational configuration: nonlinear
            rotational constants[1/cm]:         2.27757        1.07738         0.7314
         Model::RigidRotor::RigidRotor:  done, cpu time[sec] = 0.001229, elapsed time[sec] = 0
      Model::new_core:  done, cpu time[sec] = 0.001806, elapsed time[sec] = 0
      ground state energy, kcal/mol:   0.19
      interpolating states number/density starts
         core state contribution ... done, cpu time[sec] = 0.106206, elapsed time[sec] = 0
         electronic states contribution ... done, cpu time[sec] = 0.003001, elapsed time[sec] = 0
         vibrational modes contribution ... done, cpu time[sec] = 0.017361, elapsed time[sec] = 0
         effective power exponent at 399.809 kcal/mol = 6.3459
      interpolating states number/density done, cpu time[sec] = 1.09532, elapsed time[sec] = 0
   Model::RRHO::RRHO:  done, cpu time[sec] = 1.10014, elapsed time[sec] = 0
   WELL: W2
   Model::RRHO::RRHO:  starts
      Model::new_core:  starts
         Model::RigidRotor::RigidRotor:  starts
            molecular geometry will be used to estimate rotational constants
            rotational configuration: nonlinear
            rotational constants[1/cm]:         23.7897       0.601083        0.58627
         Model::RigidRotor::RigidRotor:  done, cpu time[sec] = 0.001003, elapsed time[sec] = 0
      Model::new_core:  done, cpu time[sec] = 0.001565, elapsed time[sec] = 0
      ground state energy, kcal/mol:   0.15
      interpolating states number/density starts
         core state contribution ... done, cpu time[sec] = 0.095046, elapsed time[sec] = 0
         electronic states contribution ... done, cpu time[sec] = 0.003027, elapsed time[sec] = 0
         vibrational modes contribution ... done, cpu time[sec] = 0.016963, elapsed time[sec] = 0
         effective power exponent at 399.849 kcal/mol = 6.36045
      interpolating states number/density done, cpu time[sec] = 1.01266, elapsed time[sec] = 0
   Model::RRHO::RRHO:  done, cpu time[sec] = 1.01665, elapsed time[sec] = 0
   WELL: W3
   Model::RRHO::RRHO:  starts
      Model::new_core:  starts
         Model::RigidRotor::RigidRotor:  starts
            molecular geometry will be used to estimate rotational constants
            rotational configuration: nonlinear
            rotational constants[1/cm]:         1.78953        1.33461       0.764474
         Model::RigidRotor::RigidRotor:  done, cpu time[sec] = 0.000915, elapsed time[sec] = 0
      Model::new_core:  done, cpu time[sec] = 0.001489, elapsed time[sec] = 0
      ground state energy, kcal/mol:   0.21
      interpolating states number/density starts
         core state contribution ... done, cpu time[sec] = 0.094428, elapsed time[sec] = 0
         electronic states contribution ... done, cpu time[sec] = 0.00276, elapsed time[sec] = 0
         vibrational modes contribution ... done, cpu time[sec] = 0.017122, elapsed time[sec] = 0
         effective power exponent at 399.789 kcal/mol = 6.35813
      interpolating states number/density done, cpu time[sec] = 1.01485, elapsed time[sec] = 0
   Model::RRHO::RRHO:  done, cpu time[sec] = 1.01879, elapsed time[sec] = 0
   WELL: W4
   Model::RRHO::RRHO:  starts
      Model::new_core:  starts
         Model::RigidRotor::RigidRotor:  starts
            molecular geometry will be used to estimate rotational constants
            rotational configuration: nonlinear
            rotational constants[1/cm]:         9.52595        1.29538        1.14032
         Model::RigidRotor::RigidRotor:  done, cpu time[sec] = 0.000958, elapsed time[sec] = 0
      Model::new_core:  done, cpu time[sec] = 0.001517, elapsed time[sec] = 0
      ground state energy, kcal/mol:   -86.72
      interpolating states number/density starts
         core state contribution ... done, cpu time[sec] = 0.11795, elapsed time[sec] = 0
         vibrational modes contribution ... done, cpu time[sec] = 0.011181, elapsed time[sec] = 0
         effective power exponent at 486.717 kcal/mol = 6.27499
      interpolating states number/density done, cpu time[sec] = 0.224788, elapsed time[sec] = 0
   Model::RRHO::RRHO:  done, cpu time[sec] = 0.228006, elapsed time[sec] = 0
   WELL: W5t
   Model::RRHO::RRHO:  starts
      Model::new_core:  starts
         Model::RigidRotor::RigidRotor:  starts
            molecular geometry will be used to estimate rotational constants
            rotational configuration: nonlinear
            rotational constants[1/cm]:         9.65604        1.21662        1.08048
         Model::RigidRotor::RigidRotor:  done, cpu time[sec] = 1.6e-05, elapsed time[sec] = 0
      Model::new_core:  done, cpu time[sec] = 2.2e-05, elapsed time[sec] = 0
      ground state energy, kcal/mol:   -34.55
      interpolating states number/density starts
         core state contribution ... done, cpu time[sec] = 0.001043, elapsed time[sec] = 0
         vibrational modes contribution ... done, cpu time[sec] = 0.000198, elapsed time[sec] = 0
         effective power exponent at 434.55 kcal/mol = 6.24835
      interpolating states number/density done, cpu time[sec] = 0.012571, elapsed time[sec] = 0
   Model::RRHO::RRHO:  done, cpu time[sec] = 0.012626, elapsed time[sec] = 0
Model::init:  done, cpu time[sec] = 4.6478, elapsed time[sec] = 0
