Model::init:  starts
   Model::ExponentialKernel::ExponentialKernel:  ... done
   Model::LennardJonesCollision::LennardJonesCollision:  ... done
   WELL: W0
   Model::RRHO::RRHO:  starts
      Model::new_core:  starts
         Model::RigidRotor::RigidRotor:  starts
            molecular geometry will be used to estimate rotational constants
            rotational configuration: nonlinear
            rotational constants[1/cm]:         23.7897       0.601083        0.58627
         Model::RigidRotor::RigidRotor:  done, cpu time[sec] = 0.003596, elapsed time[sec] = 0
      Model::new_core:  done, cpu time[sec] = 0.00429, elapsed time[sec] = 0
      ground state energy, kcal/mol:   0.15
      interpolating states number/density starts
         core state contribution ... done, cpu time[sec] = 0.112071, elapsed time[sec] = 0
         electronic states contribution ... done, cpu time[sec] = 0.002621, elapsed time[sec] = 0
         vibrational modes contribution ... done, cpu time[sec] = 0.016365, elapsed time[sec] = 0
         effective power exponent at 399.849 kcal/mol = 6.36045
      interpolating states number/density done, cpu time[sec] = 1.16672, elapsed time[sec] = 0
   Model::RRHO::RRHO:  done, cpu time[sec] = 1.17409, elapsed time[sec] = 0
   WELL: W1
   Model::RRHO::RRHO:  starts
      Model::new_core:  starts
         Model::RigidRotor::RigidRotor:  starts
            molecular geometry will be used to estimate rotational constants
            rotational configuration: nonlinear
            rotational constants[1/cm]:         2.27757        1.07738         0.7314
         Model::RigidRotor::RigidRotor:  done, cpu time[sec] = 0.00126, elapsed time[sec] = 0
      Model::new_core:  done, cpu time[sec] = 0.001832, elapsed time[sec] = 0
      ground state energy, kcal/mol:   0.19
      interpolating states number/density starts
         core state contribution ... done, cpu time[sec] = 0.107505, elapsed time[sec] = 0
         electronic states contribution ... done, cpu time[sec] = 0.002844, elapsed time[sec] = 0
         vibrational modes contribution ... done, cpu time[sec] = 0.0178, elapsed time[sec] = 0
         effective power exponent at 399.809 kcal/mol = 6.35945
      interpolating states number/density done, cpu time[sec] = 1.09186, elapsed time[sec] = 0
   Model::RRHO::RRHO:  done, cpu time[sec] = 1.09649, elapsed time[sec] = 0
   WELL: W2
   Model::RRHO::RRHO:  starts
      Model::new_core:  starts
         Model::RigidRotor::RigidRotor:  starts
            molecular geometry will be used to estimate rotational constants
            rotational configuration: nonlinear
            rotational constants[1/cm]:         23.7897       0.601083        0.58627
         Model::RigidRotor::RigidRotor:  done, cpu time[sec] = 0.001081, elapsed time[sec] = 0
      Model::new_core:  done, cpu time[sec] = 0.001632, elapsed time[sec] = 0
      ground state energy, kcal/mol:   0.15
      interpolating states number/density starts
         core state contribution ... done, cpu time[sec] = 0.096356, elapsed time[sec] = 0
         electronic states contribution ... done, cpu time[sec] = 0.00279, elapsed time[sec] = 0
         vibrational modes contribution ... done, cpu time[sec] = 0.017051, elapsed time[sec] = 0
         effective power exponent at 399.849 kcal/mol = 6.36045
      interpolating states number/density done, cpu time[sec] = 1.01745, elapsed time[sec] = 0
   Model::RRHO::RRHO:  done, cpu time[sec] = 1.02165, elapsed time[sec] = 0
   WELL: W3
   Model::RRHO::RRHO:  starts
      Model::new_core:  starts
         Model::RigidRotor::RigidRotor:  starts
            molecular geometry will be used to estimate rotational constants
            rotational configuration: nonlinear
            rotational constants[1/cm]:         1.78953        1.33461       0.764474
         Model::RigidRotor::RigidRotor:  done, cpu time[sec] = 0.000997, elapsed time[sec] = 0
      Model::new_core:  done, cpu time[sec] = 0.001557, elapsed time[sec] = 0
      ground state energy, kcal/mol:   0.21
      interpolating states number/density starts
         core state contribution ... done, cpu time[sec] = 0.094947, elapsed time[sec] = 0
         electronic states contribution ... done, cpu time[sec] = 0.002937, elapsed time[sec] = 0
         vibrational modes contribution ... done, cpu time[sec] = 0.017434, elapsed time[sec] = 0
         effective power exponent at 399.789 kcal/mol = 6.35813
      interpolating states number/density done, cpu time[sec] = 1.01846, elapsed time[sec] = 0
   Model::RRHO::RRHO:  done, cpu time[sec] = 1.02245, elapsed time[sec] = 0
   WELL: W4
   Model::RRHO::RRHO:  starts
      Model::new_core:  starts
         Model::RigidRotor::RigidRotor:  starts
            molecular geometry will be used to estimate rotational constants
            rotational configuration: nonlinear
            rotational constants[1/cm]:         9.52595        1.29538        1.14032
         Model::RigidRotor::RigidRotor:  done, cpu time[sec] = 0.001008, elapsed time[sec] = 0
      Model::new_core:  done, cpu time[sec] = 0.00158, elapsed time[sec] = 0
      ground state energy, kcal/mol:   -86.72
      interpolating states number/density starts
         core state contribution ... done, cpu time[sec] = 0.122959, elapsed time[sec] = 0
         vibrational modes contribution ... done, cpu time[sec] = 0.021002, elapsed time[sec] = 0
         effective power exponent at 486.717 kcal/mol = 6.27499
      interpolating states number/density done, cpu time[sec] = 0.30317, elapsed time[sec] = 0
   Model::RRHO::RRHO:  done, cpu time[sec] = 0.306489, elapsed time[sec] = 0
   WELL: W5t
   Model::RRHO::RRHO:  starts
      Model::new_core:  starts
         Model::RigidRotor::RigidRotor:  starts
            molecular geometry will be used to estimate rotational constants
            rotational configuration: nonlinear
            rotational constants[1/cm]:         9.65604        1.21662        1.08048
         Model::RigidRotor::RigidRotor:  done, cpu time[sec] = 1.6e-05, elapsed time[sec] = 0
      Model::new_core:  done, cpu time[sec] = 2.2e-05, elapsed time[sec] = 0
      ground state energy, kcal/mol:   -34.55
      interpolating states number/density starts
         core state contribution ... done, cpu time[sec] = 0.001041, elapsed time[sec] = 0
         vibrational modes contribution ... done, cpu time[sec] = 0.000198, elapsed time[sec] = 0
         effective power exponent at 434.55 kcal/mol = 6.24835
      interpolating states number/density done, cpu time[sec] = 0.012345, elapsed time[sec] = 0
   Model::RRHO::RRHO:  done, cpu time[sec] = 0.012397, elapsed time[sec] = 0
Model::init:  done, cpu time[sec] = 4.6513, elapsed time[sec] = 0
