Model::init:  starts
   Model::ExponentialKernel::ExponentialKernel:  ... done
   Model::LennardJonesCollision::LennardJonesCollision:  ... done
   WELL: W0
   Model::RRHO::RRHO:  starts
      Model::new_core:  starts
         Model::RigidRotor::RigidRotor:  starts
            molecular geometry will be used to estimate rotational constants
            rotational configuration: nonlinear
            rotational constants[1/cm]:         23.7897       0.601083        0.58627
         Model::RigidRotor::RigidRotor:  done, cpu time[sec] = 0.002545, elapsed time[sec] = 0
      Model::new_core:  done, cpu time[sec] = 0.003137, elapsed time[sec] = 0
      ground state energy, kcal/mol:   0.15
      interpolating states number/density starts
         core state contribution ... done, cpu time[sec] = 0.094995, elapsed time[sec] = 0
         electronic states contribution ... done, cpu time[sec] = 0.002384, elapsed time[sec] = 0
         vibrational modes contribution ... done, cpu time[sec] = 0.01528, elapsed time[sec] = 0
         effective power exponent at 399.849 kcal/mol = 6.36045
      interpolating states number/density done, cpu time[sec] = 0.947257, elapsed time[sec] = 0
   Model::RRHO::RRHO:  done, cpu time[sec] = 0.952936, elapsed time[sec] = 0
   WELL: W1
   Model::RRHO::RRHO:  starts
      Model::new_core:  starts
         Model::RigidRotor::RigidRotor:  starts
            molecular geometry will be used to estimate rotational constants
            rotational configuration: nonlinear
            rotational constants[1/cm]:         2.27757        1.07738         0.7314
         Model::RigidRotor::RigidRotor:  done, cpu time[sec] = 0.001028, elapsed time[sec] = 0
      Model::new_core:  done, cpu time[sec] = 0.001523, elapsed time[sec] = 0
      ground state energy, kcal/mol:   0.19
      interpolating states number/density starts
         core state contribution ... done, cpu time[sec] = 0.087276, elapsed time[sec] = 0
         electronic states contribution ... done, cpu time[sec] = 0.00271, elapsed time[sec] = 0
         vibrational modes contribution ... done, cpu time[sec] = 0.01463, elapsed time[sec] = 0
         effective power exponent at 399.809 kcal/mol = 6.35945
      interpolating states number/density done, cpu time[sec] = 0.929397, elapsed time[sec] = 0
   Model::RRHO::RRHO:  done, cpu time[sec] = 0.933229, elapsed time[sec] = 0
   WELL: W2
   Model::RRHO::RRHO:  starts
      Model::new_core:  starts
         Model::RigidRotor::RigidRotor:  starts
            molecular geometry will be used to estimate rotational constants
            rotational configuration: nonlinear
            rotational constants[1/cm]:         23.7897       0.601083        0.58627
         Model::RigidRotor::RigidRotor:  done, cpu time[sec] = 0.000892, elapsed time[sec] = 0
      Model::new_core:  done, cpu time[sec] = 0.001425, elapsed time[sec] = 0
      ground state energy, kcal/mol:   0.15
      interpolating states number/density starts
         core state contribution ... done, cpu time[sec] = 0.080105, elapsed time[sec] = 0
         electronic states contribution ... done, cpu time[sec] = 0.002725, elapsed time[sec] = 0
         vibrational modes contribution ... done, cpu time[sec] = 0.014954, elapsed time[sec] = 0
         effective power exponent at 399.849 kcal/mol = 6.36045
      interpolating states number/density done, cpu time[sec] = 0.886882, elapsed time[sec] = 0
   Model::RRHO::RRHO:  done, cpu time[sec] = 0.890569, elapsed time[sec] = 0
   WELL: W3
   Model::RRHO::RRHO:  starts
      Model::new_core:  starts
         Model::RigidRotor::RigidRotor:  starts
            molecular geometry will be used to estimate rotational constants
            rotational configuration: nonlinear
            rotational constants[1/cm]:         1.78953        1.33461       0.764474
         Model::RigidRotor::RigidRotor:  done, cpu time[sec] = 0.000889, elapsed time[sec] = 0
      Model::new_core:  done, cpu time[sec] = 0.001403, elapsed time[sec] = 0
      ground state energy, kcal/mol:   0.21
      interpolating states number/density starts
         core state contribution ... done, cpu time[sec] = 0.083161, elapsed time[sec] = 0
         electronic states contribution ... done, cpu time[sec] = 0.00286, elapsed time[sec] = 0
         vibrational modes contribution ... done, cpu time[sec] = 0.015249, elapsed time[sec] = 0
         effective power exponent at 399.789 kcal/mol = 6.35813
      interpolating states number/density done, cpu time[sec] = 0.919981, elapsed time[sec] = 0
   Model::RRHO::RRHO:  done, cpu time[sec] = 0.924133, elapsed time[sec] = 0
   WELL: W4
   Model::RRHO::RRHO:  starts
      Model::new_core:  starts
         Model::RigidRotor::RigidRotor:  starts
            molecular geometry will be used to estimate rotational constants
            rotational configuration: nonlinear
            rotational constants[1/cm]:         9.52595        1.29538        1.14032
         Model::RigidRotor::RigidRotor:  done, cpu time[sec] = 0.00092, elapsed time[sec] = 0
      Model::new_core:  done, cpu time[sec] = 0.00144, elapsed time[sec] = 0
      ground state energy, kcal/mol:   -86.72
      interpolating states number/density starts
         core state contribution ... done, cpu time[sec] = 0.10831, elapsed time[sec] = 0
         vibrational modes contribution ... done, cpu time[sec] = 0.019122, elapsed time[sec] = 0
         effective power exponent at 486.717 kcal/mol = 6.27499
      interpolating states number/density done, cpu time[sec] = 0.629424, elapsed time[sec] = 0
   Model::RRHO::RRHO:  done, cpu time[sec] = 0.63246, elapsed time[sec] = 0
   WELL: W5t
   Model::RRHO::RRHO:  starts
      Model::new_core:  starts
         Model::RigidRotor::RigidRotor:  starts
            molecular geometry will be used to estimate rotational constants
            rotational configuration: nonlinear
            rotational constants[1/cm]:         9.65604        1.21662        1.08048
         Model::RigidRotor::RigidRotor:  done, cpu time[sec] = 1.5e-05, elapsed time[sec] = 0
      Model::new_core:  done, cpu time[sec] = 2.1e-05, elapsed time[sec] = 0
      ground state energy, kcal/mol:   -34.55
      interpolating states number/density starts
         core state contribution ... done, cpu time[sec] = 0.001038, elapsed time[sec] = 0
         vibrational modes contribution ... done, cpu time[sec] = 0.000193, elapsed time[sec] = 0
         effective power exponent at 434.55 kcal/mol = 6.24835
      interpolating states number/density done, cpu time[sec] = 0.012295, elapsed time[sec] = 0
   Model::RRHO::RRHO:  done, cpu time[sec] = 0.012345, elapsed time[sec] = 0
Model::init:  done, cpu time[sec] = 4.36085, elapsed time[sec] = 0
