Model::init:  starts
   Model::ExponentialKernel::ExponentialKernel:  ... done
   Model::LennardJonesCollision::LennardJonesCollision:  ... done
   WELL: W0
   Model::RRHO::RRHO:  starts
      Model::new_core:  starts
         Model::RigidRotor::RigidRotor:  starts
            molecular geometry will be used to estimate rotational constants
            rotational configuration: nonlinear
            rotational constants[1/cm]:         23.7897       0.601083        0.58627
         Model::RigidRotor::RigidRotor:  done, cpu time[sec] = 0.004494, elapsed time[sec] = 0
      Model::new_core:  done, cpu time[sec] = 0.005574, elapsed time[sec] = 0
      ground state energy, kcal/mol:   0.15
      interpolating states number/density starts
         core state contribution ... done, cpu time[sec] = 0.13764, elapsed time[sec] = 0
         electronic states contribution ... done, cpu time[sec] = 0.0027, elapsed time[sec] = 0
         vibrational modes contribution ... done, cpu time[sec] = 0.016969, elapsed time[sec] = 0
         effective power exponent at 399.849 kcal/mol = 6.36045
      interpolating states number/density done, cpu time[sec] = 1.21905, elapsed time[sec] = 0
   Model::RRHO::RRHO:  done, cpu time[sec] = 1.229, elapsed time[sec] = 0
   WELL: W1
   Model::RRHO::RRHO:  starts
      Model::new_core:  starts
         Model::RigidRotor::RigidRotor:  starts
            molecular geometry will be used to estimate rotational constants
            rotational configuration: nonlinear
            rotational constants[1/cm]:         2.27757        1.07738         0.7314
         Model::RigidRotor::RigidRotor:  done, cpu time[sec] = 0.001112, elapsed time[sec] = 0
      Model::new_core:  done, cpu time[sec] = 0.001677, elapsed time[sec] = 0
      ground state energy, kcal/mol:   0.19
      interpolating states number/density starts
         core state contribution ... done, cpu time[sec] = 0.106419, elapsed time[sec] = 0
         electronic states contribution ... done, cpu time[sec] = 0.003721, elapsed time[sec] = 0
         vibrational modes contribution ... done, cpu time[sec] = 0.017114, elapsed time[sec] = 0
         effective power exponent at 399.809 kcal/mol = 6.35945
      interpolating states number/density done, cpu time[sec] = 1.09588, elapsed time[sec] = 0
   Model::RRHO::RRHO:  done, cpu time[sec] = 1.10016, elapsed time[sec] = 0
   WELL: W2
   Model::RRHO::RRHO:  starts
      Model::new_core:  starts
         Model::RigidRotor::RigidRotor:  starts
            molecular geometry will be used to estimate rotational constants
            rotational configuration: nonlinear
            rotational constants[1/cm]:         23.7897       0.601083        0.58627
         Model::RigidRotor::RigidRotor:  done, cpu time[sec] = 0.000994, elapsed time[sec] = 0
      Model::new_core:  done, cpu time[sec] = 0.001573, elapsed time[sec] = 0
      ground state energy, kcal/mol:   0.15
      interpolating states number/density starts
         core state contribution ... done, cpu time[sec] = 0.094521, elapsed time[sec] = 0
         electronic states contribution ... done, cpu time[sec] = 0.002973, elapsed time[sec] = 0
         vibrational modes contribution ... done, cpu time[sec] = 0.017626, elapsed time[sec] = 0
         effective power exponent at 399.849 kcal/mol = 6.36045
      interpolating states number/density done, cpu time[sec] = 1.01934, elapsed time[sec] = 0
   Model::RRHO::RRHO:  done, cpu time[sec] = 1.02433, elapsed time[sec] = 0
   WELL: W3
   Model::RRHO::RRHO:  starts
      Model::new_core:  starts
         Model::RigidRotor::RigidRotor:  starts
            molecular geometry will be used to estimate rotational constants
            rotational configuration: nonlinear
            rotational constants[1/cm]:         1.78953        1.33461       0.764474
         Model::RigidRotor::RigidRotor:  done, cpu time[sec] = 0.001014, elapsed time[sec] = 0
      Model::new_core:  done, cpu time[sec] = 0.00158, elapsed time[sec] = 0
      ground state energy, kcal/mol:   0.21
      interpolating states number/density starts
         core state contribution ... done, cpu time[sec] = 0.095334, elapsed time[sec] = 0
         electronic states contribution ... done, cpu time[sec] = 0.003118, elapsed time[sec] = 0
         vibrational modes contribution ... done, cpu time[sec] = 0.017111, elapsed time[sec] = 0
         effective power exponent at 399.789 kcal/mol = 6.35813
      interpolating states number/density done, cpu time[sec] = 1.02486, elapsed time[sec] = 0
   Model::RRHO::RRHO:  done, cpu time[sec] = 1.02886, elapsed time[sec] = 0
   WELL: W4
   Model::RRHO::RRHO:  starts
      Model::new_core:  starts
         Model::RigidRotor::RigidRotor:  starts
            molecular geometry will be used to estimate rotational constants
            rotational configuration: nonlinear
            rotational constants[1/cm]:         9.52595        1.29538        1.14032
         Model::RigidRotor::RigidRotor:  done, cpu time[sec] = 0.001006, elapsed time[sec] = 0
      Model::new_core:  done, cpu time[sec] = 0.001575, elapsed time[sec] = 0
      ground state energy, kcal/mol:   -86.72
      interpolating states number/density starts
         core state contribution ... done, cpu time[sec] = 0.124311, elapsed time[sec] = 0
         vibrational modes contribution ... done, cpu time[sec] = 0.022156, elapsed time[sec] = 0
         effective power exponent at 486.717 kcal/mol = 6.27499
      interpolating states number/density done, cpu time[sec] = 0.294689, elapsed time[sec] = 1
   Model::RRHO::RRHO:  done, cpu time[sec] = 0.297995, elapsed time[sec] = 1
   WELL: W5t
   Model::RRHO::RRHO:  starts
      Model::new_core:  starts
         Model::RigidRotor::RigidRotor:  starts
            molecular geometry will be used to estimate rotational constants
            rotational configuration: nonlinear
            rotational constants[1/cm]:         9.65604        1.21662        1.08048
         Model::RigidRotor::RigidRotor:  done, cpu time[sec] = 1.5e-05, elapsed time[sec] = 0
      Model::new_core:  done, cpu time[sec] = 2.1e-05, elapsed time[sec] = 0
      ground state energy, kcal/mol:   -34.55
      interpolating states number/density starts
         core state contribution ... done, cpu time[sec] = 0.001042, elapsed time[sec] = 0
         vibrational modes contribution ... done, cpu time[sec] = 0.000191, elapsed time[sec] = 0
         effective power exponent at 434.55 kcal/mol = 6.24835
      interpolating states number/density done, cpu time[sec] = 0.012382, elapsed time[sec] = 0
   Model::RRHO::RRHO:  done, cpu time[sec] = 0.012433, elapsed time[sec] = 0
Model::init:  done, cpu time[sec] = 4.71384, elapsed time[sec] = 1
