Model::init:  starts
   Model::ExponentialKernel::ExponentialKernel:  ... done
   Model::LennardJonesCollision::LennardJonesCollision:  ... done
   WELL: W0
   Model::RRHO::RRHO:  starts
      Model::new_core:  starts
         Model::RigidRotor::RigidRotor:  starts
            molecular geometry will be used to estimate rotational constants
            rotational configuration: nonlinear
            rotational constants[1/cm]:         23.7897       0.601083        0.58627
         Model::RigidRotor::RigidRotor:  done, cpu time[sec] = 0.002349, elapsed time[sec] = 0
      Model::new_core:  done, cpu time[sec] = 0.002732, elapsed time[sec] = 0
      ground state energy, kcal/mol:   0.15
      interpolating states number/density starts
         core state contribution ... done, cpu time[sec] = 0.070408, elapsed time[sec] = 0
         electronic states contribution ... done, cpu time[sec] = 0.003466, elapsed time[sec] = 0
         vibrational modes contribution ... done, cpu time[sec] = 0.019989, elapsed time[sec] = 0
         effective power exponent at 399.849 kcal/mol = 6.36045
      interpolating states number/density done, cpu time[sec] = 1.1149, elapsed time[sec] = 0
   Model::RRHO::RRHO:  done, cpu time[sec] = 1.11994, elapsed time[sec] = 0
   WELL: W1
   Model::RRHO::RRHO:  starts
      Model::new_core:  starts
         Model::RigidRotor::RigidRotor:  starts
            molecular geometry will be used to estimate rotational constants
            rotational configuration: nonlinear
            rotational constants[1/cm]:         2.27757        1.07738         0.7314
         Model::RigidRotor::RigidRotor:  done, cpu time[sec] = 0.001268, elapsed time[sec] = 0
      Model::new_core:  done, cpu time[sec] = 0.001854, elapsed time[sec] = 0
      ground state energy, kcal/mol:   0.19
      interpolating states number/density starts
         core state contribution ... done, cpu time[sec] = 0.107515, elapsed time[sec] = 0
         electronic states contribution ... done, cpu time[sec] = 0.003182, elapsed time[sec] = 0
         vibrational modes contribution ... done, cpu time[sec] = 0.017503, elapsed time[sec] = 0
         effective power exponent at 399.809 kcal/mol = 6.35945
      interpolating states number/density done, cpu time[sec] = 1.11425, elapsed time[sec] = 0
   Model::RRHO::RRHO:  done, cpu time[sec] = 1.1189, elapsed time[sec] = 0
   WELL: W2
   Model::RRHO::RRHO:  starts
      Model::new_core:  starts
         Model::RigidRotor::RigidRotor:  starts
            molecular geometry will be used to estimate rotational constants
            rotational configuration: nonlinear
            rotational constants[1/cm]:         23.7897       0.601083        0.58627
         Model::RigidRotor::RigidRotor:  done, cpu time[sec] = 0.000988, elapsed time[sec] = 0
      Model::new_core:  done, cpu time[sec] = 0.001562, elapsed time[sec] = 0
      ground state energy, kcal/mol:   0.15
      interpolating states number/density starts
         core state contribution ... done, cpu time[sec] = 0.108273, elapsed time[sec] = 0
         electronic states contribution ... done, cpu time[sec] = 0.002806, elapsed time[sec] = 0
         vibrational modes contribution ... done, cpu time[sec] = 0.017933, elapsed time[sec] = 0
         effective power exponent at 399.849 kcal/mol = 6.36045
      interpolating states number/density done, cpu time[sec] = 1.04426, elapsed time[sec] = 0
   Model::RRHO::RRHO:  done, cpu time[sec] = 1.04845, elapsed time[sec] = 0
   WELL: W3
   Model::RRHO::RRHO:  starts
      Model::new_core:  starts
         Model::RigidRotor::RigidRotor:  starts
            molecular geometry will be used to estimate rotational constants
            rotational configuration: nonlinear
            rotational constants[1/cm]:         1.78953        1.33461       0.764474
         Model::RigidRotor::RigidRotor:  done, cpu time[sec] = 0.000988, elapsed time[sec] = 0
      Model::new_core:  done, cpu time[sec] = 0.001565, elapsed time[sec] = 0
      ground state energy, kcal/mol:   0.21
      interpolating states number/density starts
         core state contribution ... done, cpu time[sec] = 0.096061, elapsed time[sec] = 0
         electronic states contribution ... done, cpu time[sec] = 0.003607, elapsed time[sec] = 0
         vibrational modes contribution ... done, cpu time[sec] = 0.017326, elapsed time[sec] = 0
         effective power exponent at 399.789 kcal/mol = 6.35813
      interpolating states number/density done, cpu time[sec] = 1.03641, elapsed time[sec] = 0
   Model::RRHO::RRHO:  done, cpu time[sec] = 1.04073, elapsed time[sec] = 0
   WELL: W4
   Model::RRHO::RRHO:  starts
      Model::new_core:  starts
         Model::RigidRotor::RigidRotor:  starts
            molecular geometry will be used to estimate rotational constants
            rotational configuration: nonlinear
            rotational constants[1/cm]:         9.52595        1.29538        1.14032
         Model::RigidRotor::RigidRotor:  done, cpu time[sec] = 0.000992, elapsed time[sec] = 0
      Model::new_core:  done, cpu time[sec] = 0.001572, elapsed time[sec] = 0
      ground state energy, kcal/mol:   -86.72
      interpolating states number/density starts
         core state contribution ... done, cpu time[sec] = 0.123526, elapsed time[sec] = 0
         vibrational modes contribution ... done, cpu time[sec] = 0.021204, elapsed time[sec] = 0
         effective power exponent at 486.717 kcal/mol = 6.27499
      interpolating states number/density done, cpu time[sec] = 0.375568, elapsed time[sec] = 0
   Model::RRHO::RRHO:  done, cpu time[sec] = 0.378898, elapsed time[sec] = 0
   WELL: W5t
   Model::RRHO::RRHO:  starts
      Model::new_core:  starts
         Model::RigidRotor::RigidRotor:  starts
            molecular geometry will be used to estimate rotational constants
            rotational configuration: nonlinear
            rotational constants[1/cm]:         9.65604        1.21662        1.08048
         Model::RigidRotor::RigidRotor:  done, cpu time[sec] = 1.4e-05, elapsed time[sec] = 0
      Model::new_core:  done, cpu time[sec] = 2e-05, elapsed time[sec] = 0
      ground state energy, kcal/mol:   -34.55
      interpolating states number/density starts
         core state contribution ... done, cpu time[sec] = 0.001043, elapsed time[sec] = 0
         vibrational modes contribution ... done, cpu time[sec] = 0.000193, elapsed time[sec] = 0
         effective power exponent at 434.55 kcal/mol = 6.24835
      interpolating states number/density done, cpu time[sec] = 0.012324, elapsed time[sec] = 0
   Model::RRHO::RRHO:  done, cpu time[sec] = 0.012375, elapsed time[sec] = 0
Model::init:  done, cpu time[sec] = 4.73555, elapsed time[sec] = 0
