Model::init:  starts
   Model::ExponentialKernel::ExponentialKernel:  ... done
   Model::LennardJonesCollision::LennardJonesCollision:  ... done
   WELL: W0
   Model::RRHO::RRHO:  starts
      Model::new_core:  starts
         Model::RigidRotor::RigidRotor:  starts
            molecular geometry will be used to estimate rotational constants
            rotational configuration: nonlinear
            rotational constants[1/cm]:         23.7897       0.601083        0.58627
         Model::RigidRotor::RigidRotor:  done, cpu time[sec] = 0.005378, elapsed time[sec] = 0
      Model::new_core:  done, cpu time[sec] = 0.006538, elapsed time[sec] = 0
      ground state energy, kcal/mol:   0.15
      interpolating states number/density starts
         core state contribution ... done, cpu time[sec] = 0.155005, elapsed time[sec] = 0
         electronic states contribution ... done, cpu time[sec] = 0.002698, elapsed time[sec] = 0
         vibrational modes contribution ... done, cpu time[sec] = 0.017323, elapsed time[sec] = 0
         effective power exponent at 399.849 kcal/mol = 6.36045
      interpolating states number/density done, cpu time[sec] = 1.18685, elapsed time[sec] = 0
   Model::RRHO::RRHO:  done, cpu time[sec] = 1.1979, elapsed time[sec] = 0
   WELL: W1
   Model::RRHO::RRHO:  starts
      Model::new_core:  starts
         Model::RigidRotor::RigidRotor:  starts
            molecular geometry will be used to estimate rotational constants
            rotational configuration: nonlinear
            rotational constants[1/cm]:         2.27757        1.07738         0.7314
         Model::RigidRotor::RigidRotor:  done, cpu time[sec] = 0.001212, elapsed time[sec] = 0
      Model::new_core:  done, cpu time[sec] = 0.001765, elapsed time[sec] = 0
      ground state energy, kcal/mol:   0.19
      interpolating states number/density starts
         core state contribution ... done, cpu time[sec] = 0.108152, elapsed time[sec] = 0
         electronic states contribution ... done, cpu time[sec] = 0.003598, elapsed time[sec] = 0
         vibrational modes contribution ... done, cpu time[sec] = 0.018204, elapsed time[sec] = 0
         effective power exponent at 399.809 kcal/mol = 6.35945
      interpolating states number/density done, cpu time[sec] = 1.10344, elapsed time[sec] = 0
   Model::RRHO::RRHO:  done, cpu time[sec] = 1.10792, elapsed time[sec] = 0
   WELL: W2
   Model::RRHO::RRHO:  starts
      Model::new_core:  starts
         Model::RigidRotor::RigidRotor:  starts
            molecular geometry will be used to estimate rotational constants
            rotational configuration: nonlinear
            rotational constants[1/cm]:         23.7897       0.601083        0.58627
         Model::RigidRotor::RigidRotor:  done, cpu time[sec] = 0.001076, elapsed time[sec] = 0
      Model::new_core:  done, cpu time[sec] = 0.001651, elapsed time[sec] = 0
      ground state energy, kcal/mol:   0.15
      interpolating states number/density starts
         core state contribution ... done, cpu time[sec] = 0.099022, elapsed time[sec] = 0
         electronic states contribution ... done, cpu time[sec] = 0.002801, elapsed time[sec] = 0
         vibrational modes contribution ... done, cpu time[sec] = 0.018019, elapsed time[sec] = 0
         effective power exponent at 399.849 kcal/mol = 6.36045
      interpolating states number/density done, cpu time[sec] = 1.02727, elapsed time[sec] = 0
   Model::RRHO::RRHO:  done, cpu time[sec] = 1.0315, elapsed time[sec] = 0
   WELL: W3
   Model::RRHO::RRHO:  starts
      Model::new_core:  starts
         Model::RigidRotor::RigidRotor:  starts
            molecular geometry will be used to estimate rotational constants
            rotational configuration: nonlinear
            rotational constants[1/cm]:         1.78953        1.33461       0.764474
         Model::RigidRotor::RigidRotor:  done, cpu time[sec] = 0.001067, elapsed time[sec] = 0
      Model::new_core:  done, cpu time[sec] = 0.001641, elapsed time[sec] = 0
      ground state energy, kcal/mol:   0.21
      interpolating states number/density starts
         core state contribution ... done, cpu time[sec] = 0.095817, elapsed time[sec] = 0
         electronic states contribution ... done, cpu time[sec] = 0.002801, elapsed time[sec] = 0
         vibrational modes contribution ... done, cpu time[sec] = 0.01814, elapsed time[sec] = 0
         effective power exponent at 399.789 kcal/mol = 6.35813
      interpolating states number/density done, cpu time[sec] = 1.03351, elapsed time[sec] = 0
   Model::RRHO::RRHO:  done, cpu time[sec] = 1.03773, elapsed time[sec] = 0
   WELL: W4
   Model::RRHO::RRHO:  starts
      Model::new_core:  starts
         Model::RigidRotor::RigidRotor:  starts
            molecular geometry will be used to estimate rotational constants
            rotational configuration: nonlinear
            rotational constants[1/cm]:         9.52595        1.29538        1.14032
         Model::RigidRotor::RigidRotor:  done, cpu time[sec] = 0.001017, elapsed time[sec] = 0
      Model::new_core:  done, cpu time[sec] = 0.001614, elapsed time[sec] = 0
      ground state energy, kcal/mol:   -86.72
      interpolating states number/density starts
         core state contribution ... done, cpu time[sec] = 0.128267, elapsed time[sec] = 0
         vibrational modes contribution ... done, cpu time[sec] = 0.021291, elapsed time[sec] = 0
         effective power exponent at 486.717 kcal/mol = 6.27499
      interpolating states number/density done, cpu time[sec] = 0.296816, elapsed time[sec] = 0
   Model::RRHO::RRHO:  done, cpu time[sec] = 0.300196, elapsed time[sec] = 0
   WELL: W5t
   Model::RRHO::RRHO:  starts
      Model::new_core:  starts
         Model::RigidRotor::RigidRotor:  starts
            molecular geometry will be used to estimate rotational constants
            rotational configuration: nonlinear
            rotational constants[1/cm]:         9.65604        1.21662        1.08048
         Model::RigidRotor::RigidRotor:  done, cpu time[sec] = 1.6e-05, elapsed time[sec] = 0
      Model::new_core:  done, cpu time[sec] = 2.2e-05, elapsed time[sec] = 0
      ground state energy, kcal/mol:   -34.55
      interpolating states number/density starts
         core state contribution ... done, cpu time[sec] = 0.001039, elapsed time[sec] = 0
         vibrational modes contribution ... done, cpu time[sec] = 0.000184, elapsed time[sec] = 0
         effective power exponent at 434.55 kcal/mol = 6.22461
      interpolating states number/density done, cpu time[sec] = 0.012364, elapsed time[sec] = 0
   Model::RRHO::RRHO:  done, cpu time[sec] = 0.012416, elapsed time[sec] = 0
Model::init:  done, cpu time[sec] = 4.71024, elapsed time[sec] = 0
