Model::init:  starts
   Model::ExponentialKernel::ExponentialKernel:  ... done
   Model::LennardJonesCollision::LennardJonesCollision:  ... done
   WELL: W0
   Model::RRHO::RRHO:  starts
      Model::new_core:  starts
         Model::RigidRotor::RigidRotor:  starts
            molecular geometry will be used to estimate rotational constants
            rotational configuration: nonlinear
            rotational constants[1/cm]:         23.7897       0.601083        0.58627
         Model::RigidRotor::RigidRotor:  done, cpu time[sec] = 0.001957, elapsed time[sec] = 0
      Model::new_core:  done, cpu time[sec] = 0.002372, elapsed time[sec] = 0
      ground state energy, kcal/mol:   0.15
      interpolating states number/density starts
         core state contribution ... done, cpu time[sec] = 0.065045, elapsed time[sec] = 0
         electronic states contribution ... done, cpu time[sec] = 0.001635, elapsed time[sec] = 0
         vibrational modes contribution ... done, cpu time[sec] = 0.011338, elapsed time[sec] = 0
         effective power exponent at 399.849 kcal/mol = 6.36045
      interpolating states number/density done, cpu time[sec] = 1.08766, elapsed time[sec] = 0
   Model::RRHO::RRHO:  done, cpu time[sec] = 1.09241, elapsed time[sec] = 0
   WELL: W1
   Model::RRHO::RRHO:  starts
      Model::new_core:  starts
         Model::RigidRotor::RigidRotor:  starts
            molecular geometry will be used to estimate rotational constants
            rotational configuration: nonlinear
            rotational constants[1/cm]:         2.27757        1.07738         0.7314
         Model::RigidRotor::RigidRotor:  done, cpu time[sec] = 0.001128, elapsed time[sec] = 0
      Model::new_core:  done, cpu time[sec] = 0.001688, elapsed time[sec] = 0
      ground state energy, kcal/mol:   0.19
      interpolating states number/density starts
         core state contribution ... done, cpu time[sec] = 0.106322, elapsed time[sec] = 0
         electronic states contribution ... done, cpu time[sec] = 0.003116, elapsed time[sec] = 0
         vibrational modes contribution ... done, cpu time[sec] = 0.017146, elapsed time[sec] = 0
         effective power exponent at 399.809 kcal/mol = 6.35945
      interpolating states number/density done, cpu time[sec] = 1.0827, elapsed time[sec] = 0
   Model::RRHO::RRHO:  done, cpu time[sec] = 1.087, elapsed time[sec] = 0
   WELL: W2
   Model::RRHO::RRHO:  starts
      Model::new_core:  starts
         Model::RigidRotor::RigidRotor:  starts
            molecular geometry will be used to estimate rotational constants
            rotational configuration: nonlinear
            rotational constants[1/cm]:         23.7897       0.601083        0.58627
         Model::RigidRotor::RigidRotor:  done, cpu time[sec] = 0.000975, elapsed time[sec] = 0
      Model::new_core:  done, cpu time[sec] = 0.001532, elapsed time[sec] = 0
      ground state energy, kcal/mol:   0.15
      interpolating states number/density starts
         core state contribution ... done, cpu time[sec] = 0.094822, elapsed time[sec] = 0
         electronic states contribution ... done, cpu time[sec] = 0.002773, elapsed time[sec] = 0
         vibrational modes contribution ... done, cpu time[sec] = 0.017446, elapsed time[sec] = 0
         effective power exponent at 399.849 kcal/mol = 6.36045
      interpolating states number/density done, cpu time[sec] = 1.01533, elapsed time[sec] = 0
   Model::RRHO::RRHO:  done, cpu time[sec] = 1.01934, elapsed time[sec] = 0
   WELL: W3
   Model::RRHO::RRHO:  starts
      Model::new_core:  starts
         Model::RigidRotor::RigidRotor:  starts
            molecular geometry will be used to estimate rotational constants
            rotational configuration: nonlinear
            rotational constants[1/cm]:         1.78953        1.33461       0.764474
         Model::RigidRotor::RigidRotor:  done, cpu time[sec] = 0.000922, elapsed time[sec] = 0
      Model::new_core:  done, cpu time[sec] = 0.001475, elapsed time[sec] = 0
      ground state energy, kcal/mol:   0.21
      interpolating states number/density starts
         core state contribution ... done, cpu time[sec] = 0.094985, elapsed time[sec] = 0
         electronic states contribution ... done, cpu time[sec] = 0.002795, elapsed time[sec] = 0
         vibrational modes contribution ... done, cpu time[sec] = 0.017803, elapsed time[sec] = 0
         effective power exponent at 399.789 kcal/mol = 6.35813
      interpolating states number/density done, cpu time[sec] = 1.02889, elapsed time[sec] = 0
   Model::RRHO::RRHO:  done, cpu time[sec] = 1.03292, elapsed time[sec] = 0
   WELL: W4
   Model::RRHO::RRHO:  starts
      Model::new_core:  starts
         Model::RigidRotor::RigidRotor:  starts
            molecular geometry will be used to estimate rotational constants
            rotational configuration: nonlinear
            rotational constants[1/cm]:         9.52595        1.29538        1.14032
         Model::RigidRotor::RigidRotor:  done, cpu time[sec] = 0.00095, elapsed time[sec] = 0
      Model::new_core:  done, cpu time[sec] = 0.001515, elapsed time[sec] = 0
      ground state energy, kcal/mol:   -86.72
      interpolating states number/density starts
         core state contribution ... done, cpu time[sec] = 0.12515, elapsed time[sec] = 0
         vibrational modes contribution ... done, cpu time[sec] = 0.020897, elapsed time[sec] = 0
         effective power exponent at 486.717 kcal/mol = 6.25363
      interpolating states number/density done, cpu time[sec] = 0.488662, elapsed time[sec] = 0
   Model::RRHO::RRHO:  done, cpu time[sec] = 0.491982, elapsed time[sec] = 0
   WELL: W5t
   Model::RRHO::RRHO:  starts
      Model::new_core:  starts
         Model::RigidRotor::RigidRotor:  starts
            molecular geometry will be used to estimate rotational constants
            rotational configuration: nonlinear
            rotational constants[1/cm]:         9.65604        1.21662        1.08048
         Model::RigidRotor::RigidRotor:  done, cpu time[sec] = 1.5e-05, elapsed time[sec] = 0
      Model::new_core:  done, cpu time[sec] = 2.1e-05, elapsed time[sec] = 0
      ground state energy, kcal/mol:   -34.55
      interpolating states number/density starts
         core state contribution ... done, cpu time[sec] = 0.001036, elapsed time[sec] = 0
         vibrational modes contribution ... done, cpu time[sec] = 0.000198, elapsed time[sec] = 0
         effective power exponent at 434.55 kcal/mol = 6.24835
      interpolating states number/density done, cpu time[sec] = 0.012233, elapsed time[sec] = 0
   Model::RRHO::RRHO:  done, cpu time[sec] = 0.012289, elapsed time[sec] = 0
Model::init:  done, cpu time[sec] = 4.75085, elapsed time[sec] = 0
