Model::init:  starts
   Model::ExponentialKernel::ExponentialKernel:  ... done
   Model::LennardJonesCollision::LennardJonesCollision:  ... done
   WELL: W0
   Model::RRHO::RRHO:  starts
      Model::new_core:  starts
         Model::RigidRotor::RigidRotor:  starts
            molecular geometry will be used to estimate rotational constants
            rotational configuration: nonlinear
            rotational constants[1/cm]:         23.7897       0.601083        0.58627
         Model::RigidRotor::RigidRotor:  done, cpu time[sec] = 0.003275, elapsed time[sec] = 0
      Model::new_core:  done, cpu time[sec] = 0.003969, elapsed time[sec] = 0
      ground state energy, kcal/mol:   0.15
      interpolating states number/density starts
         core state contribution ... done, cpu time[sec] = 0.11188, elapsed time[sec] = 0
         electronic states contribution ... done, cpu time[sec] = 0.002685, elapsed time[sec] = 0
         vibrational modes contribution ... done, cpu time[sec] = 0.016695, elapsed time[sec] = 0
         effective power exponent at 399.849 kcal/mol = 6.36045
      interpolating states number/density done, cpu time[sec] = 1.17413, elapsed time[sec] = 0
   Model::RRHO::RRHO:  done, cpu time[sec] = 1.18103, elapsed time[sec] = 0
   WELL: W1
   Model::RRHO::RRHO:  starts
      Model::new_core:  starts
         Model::RigidRotor::RigidRotor:  starts
            molecular geometry will be used to estimate rotational constants
            rotational configuration: nonlinear
            rotational constants[1/cm]:         2.27757        1.07738         0.7314
         Model::RigidRotor::RigidRotor:  done, cpu time[sec] = 0.001104, elapsed time[sec] = 0
      Model::new_core:  done, cpu time[sec] = 0.001699, elapsed time[sec] = 0
      ground state energy, kcal/mol:   0.19
      interpolating states number/density starts
         core state contribution ... done, cpu time[sec] = 0.102148, elapsed time[sec] = 0
         electronic states contribution ... done, cpu time[sec] = 0.002901, elapsed time[sec] = 0
         vibrational modes contribution ... done, cpu time[sec] = 0.01698, elapsed time[sec] = 0
         effective power exponent at 399.809 kcal/mol = 6.35945
      interpolating states number/density done, cpu time[sec] = 1.06485, elapsed time[sec] = 0
   Model::RRHO::RRHO:  done, cpu time[sec] = 1.06918, elapsed time[sec] = 0
   WELL: W2
   Model::RRHO::RRHO:  starts
      Model::new_core:  starts
         Model::RigidRotor::RigidRotor:  starts
            molecular geometry will be used to estimate rotational constants
            rotational configuration: nonlinear
            rotational constants[1/cm]:         23.7897       0.601083        0.58627
         Model::RigidRotor::RigidRotor:  done, cpu time[sec] = 0.001049, elapsed time[sec] = 0
      Model::new_core:  done, cpu time[sec] = 0.001643, elapsed time[sec] = 0
      ground state energy, kcal/mol:   0.15
      interpolating states number/density starts
         core state contribution ... done, cpu time[sec] = 0.089775, elapsed time[sec] = 0
         electronic states contribution ... done, cpu time[sec] = 0.002744, elapsed time[sec] = 0
         vibrational modes contribution ... done, cpu time[sec] = 0.01708, elapsed time[sec] = 0
         effective power exponent at 399.849 kcal/mol = 6.36045
      interpolating states number/density done, cpu time[sec] = 0.994175, elapsed time[sec] = 0
   Model::RRHO::RRHO:  done, cpu time[sec] = 0.998326, elapsed time[sec] = 0
   WELL: W3
   Model::RRHO::RRHO:  starts
      Model::new_core:  starts
         Model::RigidRotor::RigidRotor:  starts
            molecular geometry will be used to estimate rotational constants
            rotational configuration: nonlinear
            rotational constants[1/cm]:         1.78953        1.33461       0.764474
         Model::RigidRotor::RigidRotor:  done, cpu time[sec] = 0.000959, elapsed time[sec] = 0
      Model::new_core:  done, cpu time[sec] = 0.001548, elapsed time[sec] = 0
      ground state energy, kcal/mol:   0.21
      interpolating states number/density starts
         core state contribution ... done, cpu time[sec] = 0.089197, elapsed time[sec] = 0
         electronic states contribution ... done, cpu time[sec] = 0.002723, elapsed time[sec] = 0
         vibrational modes contribution ... done, cpu time[sec] = 0.016117, elapsed time[sec] = 0
         effective power exponent at 399.789 kcal/mol = 6.35813
      interpolating states number/density done, cpu time[sec] = 0.991902, elapsed time[sec] = 0
   Model::RRHO::RRHO:  done, cpu time[sec] = 0.995969, elapsed time[sec] = 0
   WELL: W4
   Model::RRHO::RRHO:  starts
      Model::new_core:  starts
         Model::RigidRotor::RigidRotor:  starts
            molecular geometry will be used to estimate rotational constants
            rotational configuration: nonlinear
            rotational constants[1/cm]:         9.52595        1.29538        1.14032
         Model::RigidRotor::RigidRotor:  done, cpu time[sec] = 0.000985, elapsed time[sec] = 0
      Model::new_core:  done, cpu time[sec] = 0.00156, elapsed time[sec] = 0
      ground state energy, kcal/mol:   -86.72
      interpolating states number/density starts
         core state contribution ... done, cpu time[sec] = 0.115451, elapsed time[sec] = 0
         vibrational modes contribution ... done, cpu time[sec] = 0.020256, elapsed time[sec] = 0
         effective power exponent at 486.717 kcal/mol = 6.27499
      interpolating states number/density done, cpu time[sec] = 0.509655, elapsed time[sec] = 0
   Model::RRHO::RRHO:  done, cpu time[sec] = 0.512999, elapsed time[sec] = 0
   WELL: W5t
   Model::RRHO::RRHO:  starts
      Model::new_core:  starts
         Model::RigidRotor::RigidRotor:  starts
            molecular geometry will be used to estimate rotational constants
            rotational configuration: nonlinear
            rotational constants[1/cm]:         9.65604        1.21662        1.08048
         Model::RigidRotor::RigidRotor:  done, cpu time[sec] = 1.5e-05, elapsed time[sec] = 0
      Model::new_core:  done, cpu time[sec] = 2.1e-05, elapsed time[sec] = 0
      ground state energy, kcal/mol:   -34.55
      interpolating states number/density starts
         core state contribution ... done, cpu time[sec] = 0.001038, elapsed time[sec] = 0
         vibrational modes contribution ... done, cpu time[sec] = 0.000192, elapsed time[sec] = 0
         effective power exponent at 434.55 kcal/mol = 6.24835
      interpolating states number/density done, cpu time[sec] = 0.01231, elapsed time[sec] = 0
   Model::RRHO::RRHO:  done, cpu time[sec] = 0.012361, elapsed time[sec] = 0
Model::init:  done, cpu time[sec] = 4.78966, elapsed time[sec] = 0
