Model::init:  starts
   Model::ExponentialKernel::ExponentialKernel:  ... done
   Model::LennardJonesCollision::LennardJonesCollision:  ... done
   WELL: W0
   Model::RRHO::RRHO:  starts
      Model::new_core:  starts
         Model::RigidRotor::RigidRotor:  starts
            molecular geometry will be used to estimate rotational constants
            rotational configuration: nonlinear
            rotational constants[1/cm]:         23.7897       0.601083        0.58627
         Model::RigidRotor::RigidRotor:  done, cpu time[sec] = 0.005246, elapsed time[sec] = 0
      Model::new_core:  done, cpu time[sec] = 0.00636, elapsed time[sec] = 0
      ground state energy, kcal/mol:   0.15
      interpolating states number/density starts
         core state contribution ... done, cpu time[sec] = 0.141421, elapsed time[sec] = 0
         electronic states contribution ... done, cpu time[sec] = 0.002628, elapsed time[sec] = 0
         vibrational modes contribution ... done, cpu time[sec] = 0.0165, elapsed time[sec] = 0
         effective power exponent at 399.849 kcal/mol = 6.36045
      interpolating states number/density done, cpu time[sec] = 1.18853, elapsed time[sec] = 0
   Model::RRHO::RRHO:  done, cpu time[sec] = 1.19937, elapsed time[sec] = 0
   WELL: W1
   Model::RRHO::RRHO:  starts
      Model::new_core:  starts
         Model::RigidRotor::RigidRotor:  starts
            molecular geometry will be used to estimate rotational constants
            rotational configuration: nonlinear
            rotational constants[1/cm]:         2.27757        1.07738         0.7314
         Model::RigidRotor::RigidRotor:  done, cpu time[sec] = 0.001181, elapsed time[sec] = 0
      Model::new_core:  done, cpu time[sec] = 0.001749, elapsed time[sec] = 0
      ground state energy, kcal/mol:   0.19
      interpolating states number/density starts
         core state contribution ... done, cpu time[sec] = 0.110077, elapsed time[sec] = 0
         electronic states contribution ... done, cpu time[sec] = 0.003071, elapsed time[sec] = 0
         vibrational modes contribution ... done, cpu time[sec] = 0.018279, elapsed time[sec] = 0
         effective power exponent at 399.809 kcal/mol = 6.35945
      interpolating states number/density done, cpu time[sec] = 1.10465, elapsed time[sec] = 0
   Model::RRHO::RRHO:  done, cpu time[sec] = 1.1091, elapsed time[sec] = 0
   WELL: W2
   Model::RRHO::RRHO:  starts
      Model::new_core:  starts
         Model::RigidRotor::RigidRotor:  starts
            molecular geometry will be used to estimate rotational constants
            rotational configuration: nonlinear
            rotational constants[1/cm]:         23.7897       0.601083        0.58627
         Model::RigidRotor::RigidRotor:  done, cpu time[sec] = 0.001032, elapsed time[sec] = 0
      Model::new_core:  done, cpu time[sec] = 0.001626, elapsed time[sec] = 0
      ground state energy, kcal/mol:   0.15
      interpolating states number/density starts
         core state contribution ... done, cpu time[sec] = 0.100976, elapsed time[sec] = 0
         electronic states contribution ... done, cpu time[sec] = 0.002861, elapsed time[sec] = 0
         vibrational modes contribution ... done, cpu time[sec] = 0.017933, elapsed time[sec] = 0
         effective power exponent at 399.849 kcal/mol = 6.36045
      interpolating states number/density done, cpu time[sec] = 1.04265, elapsed time[sec] = 0
   Model::RRHO::RRHO:  done, cpu time[sec] = 1.04683, elapsed time[sec] = 0
   WELL: W3
   Model::RRHO::RRHO:  starts
      Model::new_core:  starts
         Model::RigidRotor::RigidRotor:  starts
            molecular geometry will be used to estimate rotational constants
            rotational configuration: nonlinear
            rotational constants[1/cm]:         1.78953        1.33461       0.764474
         Model::RigidRotor::RigidRotor:  done, cpu time[sec] = 0.000952, elapsed time[sec] = 0
      Model::new_core:  done, cpu time[sec] = 0.001571, elapsed time[sec] = 0
      ground state energy, kcal/mol:   0.21
      interpolating states number/density starts
         core state contribution ... done, cpu time[sec] = 0.096693, elapsed time[sec] = 0
         electronic states contribution ... done, cpu time[sec] = 0.003046, elapsed time[sec] = 0
         vibrational modes contribution ... done, cpu time[sec] = 0.018283, elapsed time[sec] = 0
         effective power exponent at 399.789 kcal/mol = 6.35813
      interpolating states number/density done, cpu time[sec] = 1.0433, elapsed time[sec] = 0
   Model::RRHO::RRHO:  done, cpu time[sec] = 1.04788, elapsed time[sec] = 0
   WELL: W4
   Model::RRHO::RRHO:  starts
      Model::new_core:  starts
         Model::RigidRotor::RigidRotor:  starts
            molecular geometry will be used to estimate rotational constants
            rotational configuration: nonlinear
            rotational constants[1/cm]:         9.52595        1.29538        1.14032
         Model::RigidRotor::RigidRotor:  done, cpu time[sec] = 0.000936, elapsed time[sec] = 0
      Model::new_core:  done, cpu time[sec] = 0.001521, elapsed time[sec] = 0
      ground state energy, kcal/mol:   -86.72
      interpolating states number/density starts
         core state contribution ... done, cpu time[sec] = 0.129239, elapsed time[sec] = 0
         vibrational modes contribution ... done, cpu time[sec] = 0.021461, elapsed time[sec] = 0
         effective power exponent at 486.717 kcal/mol = 6.27499
      interpolating states number/density done, cpu time[sec] = 0.334983, elapsed time[sec] = 0
   Model::RRHO::RRHO:  done, cpu time[sec] = 0.33826, elapsed time[sec] = 0
   WELL: W5t
   Model::RRHO::RRHO:  starts
      Model::new_core:  starts
         Model::RigidRotor::RigidRotor:  starts
            molecular geometry will be used to estimate rotational constants
            rotational configuration: nonlinear
            rotational constants[1/cm]:         9.65604        1.21662        1.08048
         Model::RigidRotor::RigidRotor:  done, cpu time[sec] = 1.5e-05, elapsed time[sec] = 0
      Model::new_core:  done, cpu time[sec] = 2.1e-05, elapsed time[sec] = 0
      ground state energy, kcal/mol:   -34.55
      interpolating states number/density starts
         core state contribution ... done, cpu time[sec] = 0.001031, elapsed time[sec] = 0
         vibrational modes contribution ... done, cpu time[sec] = 0.00019, elapsed time[sec] = 0
         effective power exponent at 434.55 kcal/mol = 6.24835
      interpolating states number/density done, cpu time[sec] = 0.012235, elapsed time[sec] = 0
   Model::RRHO::RRHO:  done, cpu time[sec] = 0.012286, elapsed time[sec] = 0
Model::init:  done, cpu time[sec] = 4.77648, elapsed time[sec] = 0
