Model::init:  starts
   Model::ExponentialKernel::ExponentialKernel:  ... done
   Model::LennardJonesCollision::LennardJonesCollision:  ... done
   WELL: W0
   Model::RRHO::RRHO:  starts
      Model::new_core:  starts
         Model::RigidRotor::RigidRotor:  starts
            molecular geometry will be used to estimate rotational constants
            rotational configuration: nonlinear
            rotational constants[1/cm]:         23.7897       0.601083        0.58627
         Model::RigidRotor::RigidRotor:  done, cpu time[sec] = 0.002413, elapsed time[sec] = 0
      Model::new_core:  done, cpu time[sec] = 0.002828, elapsed time[sec] = 0
      ground state energy, kcal/mol:   0.15
      interpolating states number/density starts
         core state contribution ... done, cpu time[sec] = 0.09483, elapsed time[sec] = 0
         electronic states contribution ... done, cpu time[sec] = 0.003304, elapsed time[sec] = 0
         vibrational modes contribution ... done, cpu time[sec] = 0.016117, elapsed time[sec] = 0
         effective power exponent at 399.849 kcal/mol = 6.36045
      interpolating states number/density done, cpu time[sec] = 1.27537, elapsed time[sec] = 0
   Model::RRHO::RRHO:  done, cpu time[sec] = 1.28052, elapsed time[sec] = 0
   WELL: W1
   Model::RRHO::RRHO:  starts
      Model::new_core:  starts
         Model::RigidRotor::RigidRotor:  starts
            molecular geometry will be used to estimate rotational constants
            rotational configuration: nonlinear
            rotational constants[1/cm]:         2.27757        1.07738         0.7314
         Model::RigidRotor::RigidRotor:  done, cpu time[sec] = 0.001238, elapsed time[sec] = 0
      Model::new_core:  done, cpu time[sec] = 0.001859, elapsed time[sec] = 0
      ground state energy, kcal/mol:   0.19
      interpolating states number/density starts
         core state contribution ... done, cpu time[sec] = 0.109569, elapsed time[sec] = 0
         electronic states contribution ... done, cpu time[sec] = 0.002847, elapsed time[sec] = 0
         vibrational modes contribution ... done, cpu time[sec] = 0.017719, elapsed time[sec] = 0
         effective power exponent at 399.809 kcal/mol = 6.35945
      interpolating states number/density done, cpu time[sec] = 1.11502, elapsed time[sec] = 0
   Model::RRHO::RRHO:  done, cpu time[sec] = 1.11978, elapsed time[sec] = 0
   WELL: W2
   Model::RRHO::RRHO:  starts
      Model::new_core:  starts
         Model::RigidRotor::RigidRotor:  starts
            molecular geometry will be used to estimate rotational constants
            rotational configuration: nonlinear
            rotational constants[1/cm]:         23.7897       0.601083        0.58627
         Model::RigidRotor::RigidRotor:  done, cpu time[sec] = 0.00103, elapsed time[sec] = 0
      Model::new_core:  done, cpu time[sec] = 0.001638, elapsed time[sec] = 0
      ground state energy, kcal/mol:   0.15
      interpolating states number/density starts
         core state contribution ... done, cpu time[sec] = 0.097664, elapsed time[sec] = 0
         electronic states contribution ... done, cpu time[sec] = 0.002872, elapsed time[sec] = 0
         vibrational modes contribution ... done, cpu time[sec] = 0.018549, elapsed time[sec] = 0
         effective power exponent at 399.849 kcal/mol = 6.36045
      interpolating states number/density done, cpu time[sec] = 1.04512, elapsed time[sec] = 0
   Model::RRHO::RRHO:  done, cpu time[sec] = 1.0494, elapsed time[sec] = 0
   WELL: W3
   Model::RRHO::RRHO:  starts
      Model::new_core:  starts
         Model::RigidRotor::RigidRotor:  starts
            molecular geometry will be used to estimate rotational constants
            rotational configuration: nonlinear
            rotational constants[1/cm]:         1.78953        1.33461       0.764474
         Model::RigidRotor::RigidRotor:  done, cpu time[sec] = 0.001042, elapsed time[sec] = 0
      Model::new_core:  done, cpu time[sec] = 0.001634, elapsed time[sec] = 0
      ground state energy, kcal/mol:   0.21
      interpolating states number/density starts
         core state contribution ... done, cpu time[sec] = 0.09743, elapsed time[sec] = 0
         electronic states contribution ... done, cpu time[sec] = 0.002862, elapsed time[sec] = 0
         vibrational modes contribution ... done, cpu time[sec] = 0.017866, elapsed time[sec] = 0
         effective power exponent at 399.789 kcal/mol = 6.35813
      interpolating states number/density done, cpu time[sec] = 1.03796, elapsed time[sec] = 0
   Model::RRHO::RRHO:  done, cpu time[sec] = 1.04223, elapsed time[sec] = 0
   WELL: W4
   Model::RRHO::RRHO:  starts
      Model::new_core:  starts
         Model::RigidRotor::RigidRotor:  starts
            molecular geometry will be used to estimate rotational constants
            rotational configuration: nonlinear
            rotational constants[1/cm]:         9.52595        1.29538        1.14032
         Model::RigidRotor::RigidRotor:  done, cpu time[sec] = 0.001004, elapsed time[sec] = 0
      Model::new_core:  done, cpu time[sec] = 0.001578, elapsed time[sec] = 0
      ground state energy, kcal/mol:   -86.72
      interpolating states number/density starts
         core state contribution ... done, cpu time[sec] = 0.127397, elapsed time[sec] = 0
         vibrational modes contribution ... done, cpu time[sec] = 0.022051, elapsed time[sec] = 0
         effective power exponent at 486.717 kcal/mol = 6.27499
      interpolating states number/density done, cpu time[sec] = 0.297056, elapsed time[sec] = 0
   Model::RRHO::RRHO:  done, cpu time[sec] = 0.300464, elapsed time[sec] = 0
   WELL: W5t
   Model::RRHO::RRHO:  starts
      Model::new_core:  starts
         Model::RigidRotor::RigidRotor:  starts
            molecular geometry will be used to estimate rotational constants
            rotational configuration: nonlinear
            rotational constants[1/cm]:         9.65604        1.21662        1.08048
         Model::RigidRotor::RigidRotor:  done, cpu time[sec] = 1.7e-05, elapsed time[sec] = 0
      Model::new_core:  done, cpu time[sec] = 2.3e-05, elapsed time[sec] = 0
      ground state energy, kcal/mol:   -34.55
      interpolating states number/density starts
         core state contribution ... done, cpu time[sec] = 0.001028, elapsed time[sec] = 0
         vibrational modes contribution ... done, cpu time[sec] = 0.000191, elapsed time[sec] = 0
         effective power exponent at 434.55 kcal/mol = 6.24835
      interpolating states number/density done, cpu time[sec] = 0.012164, elapsed time[sec] = 0
   Model::RRHO::RRHO:  done, cpu time[sec] = 0.012216, elapsed time[sec] = 0
Model::init:  done, cpu time[sec] = 4.82044, elapsed time[sec] = 0
