Model::init:  starts
   Model::ExponentialKernel::ExponentialKernel:  ... done
   Model::LennardJonesCollision::LennardJonesCollision:  ... done
   WELL: W1
   Model::RRHO::RRHO:  starts
      Model::new_core:  starts
         Model::RigidRotor::RigidRotor:  starts
            molecular geometry will be used to estimate rotational constants
            rotational configuration: nonlinear
            rotational constants[1/cm]:         2.69023       0.666675       0.666675
         Model::RigidRotor::RigidRotor:  done, cpu time[sec] = 0.003534, elapsed time[sec] = 0
      Model::new_core:  done, cpu time[sec] = 0.004372, elapsed time[sec] = 0
      1-th ROTOR:
      Model::HinderedRotor::HinderedRotor:  starts
         Model::HinderedRotor::_read:  starts
         Model::HinderedRotor::_read:  done, cpu time[sec] = 0.000612, elapsed time[sec] = 0
         Model::HinderedRotor::_init: WARNING: potential second derivative at the minimum is negative, assuming zero
         effective rotational constant[1/cm]  = 10.7609
         analytic  frequency at minimum[1/cm] = 0
         numerical frequency at minimum[1/cm] = 0
         minimum energy[kcal/mol]             = 0
         maximum energy[kcal/mol]             = 0
         maximum frequency[1/cm]              = 0
         ground energy [kcal/mol]             = 0
         highest energy level [kcal/mol]      = 68948.2
         number of levels                     = 999
         10 lowest excited states [kcal/mol] relative to the ground: 0.277 0.277 1.11 1.11 2.49 2.49 4.43 4.43 6.92
         Statistical Weight (*** - deep tunneling regime):
          T, K        Quantum             PG             PI  ***
           100        1.50405        1.50153        1.50153
           200        2.12349        2.12348        2.12348
           300        2.60073        2.60073        2.60073
           400        3.00306        3.00306        3.00306
           500        3.35752        3.35752        3.35752
           600        3.67798        3.67798        3.67798
           700        3.97268        3.97268        3.97268
           800        4.24697        4.24697        4.24697
           900        4.50459        4.50459        4.50459
          1000        4.74826        4.74826        4.74826
      Model::HinderedRotor::HinderedRotor:  done, cpu time[sec] = 0.801025, elapsed time[sec] = 0
      ground state energy, kcal/mol:   -88.3378
      interpolating states number/density starts
         core state contribution ... done, cpu time[sec] = 0.124378, elapsed time[sec] = 0
         vibrational modes contribution ... done, cpu time[sec] = 0.058232, elapsed time[sec] = 0
         hindered rotors contribution starts
            Model::HinderedRotor::set:  starts
            Model::HinderedRotor::set:  done, cpu time[sec] = 0.000783, elapsed time[sec] = 0
         hindered rotors contribution done, cpu time[sec] = 0.17165, elapsed time[sec] = 0
         effective power exponent at 488.335 kcal/mol = 16.4146
      interpolating states number/density done, cpu time[sec] = 3.88973, elapsed time[sec] = 0
   Model::RRHO::RRHO:  done, cpu time[sec] = 4.70429, elapsed time[sec] = 0
   BIMOLECULAR: P1
   Model::Bimolecular::Bimolecular:  starts
      Model::RRHO::RRHO:  starts
         Model::new_core:  starts
            Model::RigidRotor::RigidRotor:  starts
               molecular geometry will be used to estimate rotational constants
               rotational configuration: nonlinear
               rotational constants[1/cm]:         9.58062        9.58062        4.79031
            Model::RigidRotor::RigidRotor:  done, cpu time[sec] = 1.8e-05, elapsed time[sec] = 0
         Model::new_core:  done, cpu time[sec] = 2.6e-05, elapsed time[sec] = 0
         ground state energy, kcal/mol:   0
      Model::RRHO::RRHO:  done, cpu time[sec] = 5e-05, elapsed time[sec] = 0
      Model::RRHO::RRHO:  starts
         Model::new_core:  starts
            Model::RigidRotor::RigidRotor:  starts
               molecular geometry will be used to estimate rotational constants
               rotational configuration: nonlinear
               rotational constants[1/cm]:         9.58062        9.58062        4.79031
            Model::RigidRotor::RigidRotor:  done, cpu time[sec] = 9e-06, elapsed time[sec] = 0
         Model::new_core:  done, cpu time[sec] = 2.6e-05, elapsed time[sec] = 0
         ground state energy, kcal/mol:   0
      Model::RRHO::RRHO:  done, cpu time[sec] = 4.5e-05, elapsed time[sec] = 0
   Model::Bimolecular::Bimolecular:  done, cpu time[sec] = 0.000154, elapsed time[sec] = 0
   BIMOLECULAR: P2
   Model::Bimolecular::Bimolecular:  starts
      Model::RRHO::RRHO:  starts
         Model::new_core:  starts
            Model::RigidRotor::RigidRotor:  starts
               molecular geometry will be used to estimate rotational constants
               rotational configuration: nonlinear
               rotational constants[1/cm]:         3.46217       0.756338        0.70146
            Model::RigidRotor::RigidRotor:  done, cpu time[sec] = 1.6e-05, elapsed time[sec] = 0
         Model::new_core:  done, cpu time[sec] = 2.4e-05, elapsed time[sec] = 0
         1-th ROTOR:
         Model::HinderedRotor::HinderedRotor:  starts
            Model::HinderedRotor::_read:  starts
            Model::HinderedRotor::_read:  done, cpu time[sec] = 8e-06, elapsed time[sec] = 0
            Model::HinderedRotor::_init: WARNING: potential second derivative at the minimum is negative, assuming zero
            effective rotational constant[1/cm]  = 15.0839
            analytic  frequency at minimum[1/cm] = 0
            numerical frequency at minimum[1/cm] = 0
            minimum energy[kcal/mol]             = 0
            maximum energy[kcal/mol]             = 0
            maximum frequency[1/cm]              = 0
            ground energy [kcal/mol]             = 0
            highest energy level [kcal/mol]      = 386587
            number of levels                     = 999
            10 lowest excited states [kcal/mol] relative to the ground: 1.55 1.55 6.21 6.21 14 14 24.8 24.8 38.8
            Statistical Weight (*** - deep tunneling regime):
             T, K        Quantum             PG             PI  ***
              100        1.00081        0.63412        0.63412
              200        1.04023       0.896781       0.896781
              300        1.14797        1.09833        1.09833
              400        1.28445        1.26824        1.26824
              500        1.42306        1.41794        1.41794
              600        1.55486        1.55327        1.55327
              700        1.67821        1.67772        1.67772
              800        1.79371        1.79356        1.79356
              900         1.9024        1.90236        1.90236
             1000        2.00528        2.00526        2.00526
         Model::HinderedRotor::HinderedRotor:  done, cpu time[sec] = 0.007328, elapsed time[sec] = 0
         ground state energy, kcal/mol:   0
      Model::RRHO::RRHO:  done, cpu time[sec] = 0.007412, elapsed time[sec] = 0
      Model::AtomicFragment::AtomicFragment:  ... done
   Model::Bimolecular::Bimolecular:  done, cpu time[sec] = 0.007456, elapsed time[sec] = 0
   BARRIER: B1
   Model::RRHO::RRHO:  starts
      Model::new_core:  starts
         Model::Rotd::Rotd :  starts
            WARNING: zero number of states energy is not initialized: will try to estimate it from the data
            grid size = 179
            effective power exponent at 2349.05 kcal/mol = 3.09349
            zero number of states energy = 0 1/cm
         Model::Rotd::Rotd :  done, cpu time[sec] = 0.000213, elapsed time[sec] = 0
      Model::new_core:  done, cpu time[sec] = 0.00022, elapsed time[sec] = 0
      ground state energy, kcal/mol:   0
      interpolating states number/density starts
         core state contribution ... done, cpu time[sec] = 0.00712, elapsed time[sec] = 0
         vibrational modes contribution ... done, cpu time[sec] = 0.000322, elapsed time[sec] = 0
         effective power exponent at 399.998 kcal/mol = 14.4033
      interpolating states number/density done, cpu time[sec] = 0.016883, elapsed time[sec] = 0
   Model::RRHO::RRHO:  done, cpu time[sec] = 0.017144, elapsed time[sec] = 0
   BARRIER: B2
   Model::RRHO::RRHO:  starts
      Model::new_core:  starts
         Model::Rotd::Rotd :  starts
            WARNING: zero number of states energy is not initialized: will try to estimate it from the data
            grid size = 181
            effective power exponent at 10359.5 kcal/mol = 1.16161
            zero number of states energy = 0 1/cm
         Model::Rotd::Rotd :  done, cpu time[sec] = 0.000189, elapsed time[sec] = 0
      Model::new_core:  done, cpu time[sec] = 0.000197, elapsed time[sec] = 0
      1-th ROTOR:
      Model::HinderedRotor::HinderedRotor:  starts
         Model::HinderedRotor::_read:  starts
         Model::HinderedRotor::_read:  done, cpu time[sec] = 8e-06, elapsed time[sec] = 0
         Model::HinderedRotor::_init: WARNING: potential second derivative at the minimum is negative, assuming zero
         effective rotational constant[1/cm]  = 15.0839
         analytic  frequency at minimum[1/cm] = 0
         numerical frequency at minimum[1/cm] = 0
         minimum energy[kcal/mol]             = 0
         maximum energy[kcal/mol]             = 0
         maximum frequency[1/cm]              = 0
         ground energy [kcal/mol]             = 0
         highest energy level [kcal/mol]      = 386587
         number of levels                     = 999
         10 lowest excited states [kcal/mol] relative to the ground: 1.55 1.55 6.21 6.21 14 14 24.8 24.8 38.8
         Statistical Weight (*** - deep tunneling regime):
          T, K        Quantum             PG             PI  ***
           100        1.00081        0.63412        0.63412
           200        1.04023       0.896781       0.896781
           300        1.14797        1.09833        1.09833
           400        1.28445        1.26824        1.26824
           500        1.42306        1.41794        1.41794
           600        1.55486        1.55327        1.55327
           700        1.67821        1.67772        1.67772
           800        1.79371        1.79356        1.79356
           900         1.9024        1.90236        1.90236
          1000        2.00528        2.00526        2.00526
      Model::HinderedRotor::HinderedRotor:  done, cpu time[sec] = 0.007225, elapsed time[sec] = 0
      ground state energy, kcal/mol:   11.1705
      interpolating states number/density starts
         core state contribution ... done, cpu time[sec] = 0.006897, elapsed time[sec] = 0
         vibrational modes contribution ... done, cpu time[sec] = 0.000372, elapsed time[sec] = 0
         hindered rotors contribution starts
            Model::HinderedRotor::set:  starts
            Model::HinderedRotor::set:  done, cpu time[sec] = 3e-06, elapsed time[sec] = 0
         hindered rotors contribution done, cpu time[sec] = 0.000428, elapsed time[sec] = 0
         effective power exponent at 388.827 kcal/mol = 15.2442
      interpolating states number/density done, cpu time[sec] = 0.016634, elapsed time[sec] = 0
   Model::RRHO::RRHO:  done, cpu time[sec] = 0.024118, elapsed time[sec] = 0
   BIMOLECULAR: P3
   Model::Bimolecular::Bimolecular:  starts
      Model::RRHO::RRHO:  starts
         Model::new_core:  starts
            Model::RigidRotor::RigidRotor:  starts
               molecular geometry will be used to estimate rotational constants
               rotational configuration: nonlinear
               rotational constants[1/cm]:         4.92179        1.01839       0.843798
            Model::RigidRotor::RigidRotor:  done, cpu time[sec] = 1.2e-05, elapsed time[sec] = 0
         Model::new_core:  done, cpu time[sec] = 1.9e-05, elapsed time[sec] = 0
         ground state energy, kcal/mol:   0
      Model::RRHO::RRHO:  done, cpu time[sec] = 4.8e-05, elapsed time[sec] = 0
      Model::RRHO::RRHO:  starts
         Model::new_core:  starts
            Model::RigidRotor::RigidRotor:  starts
               molecular geometry will be used to estimate rotational constants
               rotational configuration: linear
               rotational constant[1/cm]:         60.4412
            Model::RigidRotor::RigidRotor:  done, cpu time[sec] = 8e-06, elapsed time[sec] = 0
         Model::new_core:  done, cpu time[sec] = 2e-05, elapsed time[sec] = 0
         ground state energy, kcal/mol:   0
      Model::RRHO::RRHO:  done, cpu time[sec] = 3.7e-05, elapsed time[sec] = 0
   Model::Bimolecular::Bimolecular:  done, cpu time[sec] = 0.000135, elapsed time[sec] = 0
   BARRIER: B3
   Model::RRHO::RRHO:  starts
      Model::new_core:  starts
         Model::RigidRotor::RigidRotor:  starts
            molecular geometry will be used to estimate rotational constants
            rotational configuration: nonlinear
            rotational constants[1/cm]:         2.10061       0.823186        0.65441
         Model::RigidRotor::RigidRotor:  done, cpu time[sec] = 1.8e-05, elapsed time[sec] = 0
      Model::new_core:  done, cpu time[sec] = 2.6e-05, elapsed time[sec] = 0
      Model::EckartTunnel::EckartTunnel:  ... done
      ground state energy, kcal/mol:   33.32
      interpolating states number/density starts
         core state contribution ... done, cpu time[sec] = 0.000993, elapsed time[sec] = 0
         vibrational modes contribution ... done, cpu time[sec] = 0.000521, elapsed time[sec] = 0
         tunneling contribution ... done, cpu time[sec] = 5.05209, elapsed time[sec] = 5
         effective power exponent at 446.918 kcal/mol = 20.4992
      interpolating states number/density done, cpu time[sec] = 5.06481, elapsed time[sec] = 5
   Model::RRHO::RRHO:  done, cpu time[sec] = 5.06489, elapsed time[sec] = 5
   checking input ... done
   setting connectivity ... done
   checking connectivity ... done
   setting dissociation limit ... done
   setting maximum barrier height ... done
   partition functions (relative to the ground level, units - 1/cm3):
     T\Q           W1          CH3          CH3         C2H5            H         C2H4           H2           B1           B2           B3
     100  7.28779e+27  1.78809e+26  1.78809e+26  4.46602e+28  3.75861e+23  3.48222e+27  3.09219e+23  8.95532e+29  1.24421e+30 1.26874e+147
     200   8.2857e+28  1.47082e+27  1.47082e+27  3.85778e+29  1.06309e+24  2.79906e+28  1.74921e+24  2.87671e+31  1.65003e+31  9.90748e+67
     300   3.6053e+29  5.32712e+27  5.32712e+27  1.61087e+30  1.95303e+24   9.8509e+28  4.82024e+24  2.30103e+32  9.05249e+31   7.4929e+43
     400  1.12404e+30  1.39035e+28  1.39035e+28  5.17445e+30  3.00689e+24  2.60246e+29    9.895e+24  1.08672e+33  3.55731e+32  9.17239e+34
     500   3.0354e+30   3.0377e+28   3.0377e+28  1.44749e+31  4.20225e+24   6.0506e+29  1.72859e+25  3.91388e+33  1.16661e+33  2.66764e+32
     600  7.61344e+30   5.9349e+28   5.9349e+28  3.70972e+31    5.524e+24  1.31088e+30   2.7268e+25  1.19375e+34  3.40732e+33  1.27263e+32
     700    1.824e+31  1.07344e+29  1.07344e+29  8.93074e+31  6.96104e+24  2.70898e+30  4.00918e+25  3.24677e+34  9.16225e+33  1.68927e+32
     800  4.22537e+31   1.8345e+29   1.8345e+29  2.04786e+32  8.50476e+24   5.3991e+30  5.59927e+25  8.10984e+34   2.3119e+34  2.94493e+32
     900  9.52084e+31  3.00132e+29  3.00132e+29  4.51133e+32  1.01482e+25  1.04413e+31  7.51996e+25  1.89554e+35  5.54017e+34  5.68247e+32
    1000  2.09338e+32  4.74258e+29  4.74258e+29  9.60266e+32  1.18858e+25  1.96688e+31  9.79417e+25  4.19921e+35  1.27113e+35  1.14281e+33
    1100  4.50005e+32  7.28352e+29  7.28352e+29  1.98303e+33  1.37125e+25  3.61883e+31  1.24454e+26  8.89785e+35  2.80856e+35  2.33208e+33
    1200  9.47001e+32  1.09213e+30  1.09213e+30  3.98507e+33  1.56242e+25  6.51648e+31  1.54978e+26  1.81558e+36  6.00185e+35  4.76337e+33
    1300  1.95286e+33  1.60433e+30  1.60433e+30  7.81169e+33  1.76174e+25  1.15032e+32   1.8977e+26  3.58571e+36  1.24466e+36  9.66598e+33
    1400  3.94943e+33  2.31493e+30  2.31493e+30  1.49655e+34  1.96888e+25   1.9933e+32  2.29092e+26  6.88135e+36  2.51161e+36   1.9404e+34
    1500  7.83891e+33  3.28776e+30  3.28776e+30  2.80656e+34  2.18355e+25  3.39453e+32   2.7322e+26  1.28724e+37  4.94253e+36  3.84416e+34
    1600  1.52803e+34  4.60362e+30  4.60362e+30  5.15931e+34  2.40551e+25  5.68698e+32  3.22441e+26  2.35294e+37  9.50292e+36   7.5057e+34
    1700  2.92715e+34  6.36385e+30  6.36385e+30  9.30835e+34  2.63451e+25  9.38161e+32   3.7705e+26  4.21131e+37  1.78804e+37  1.44335e+35
    1800  5.51411e+34  8.69459e+30  8.69459e+30     1.65e+35  2.87036e+25   1.5252e+33  4.37353e+26  7.39288e+37  3.29704e+37  2.73299e+35
    1900   1.0221e+35  1.17517e+31  1.17517e+31  2.87643e+35  3.11284e+25  2.44543e+33  5.03663e+26  1.27474e+38  5.96547e+37  5.09572e+35
    2000  1.86534e+35  1.57263e+31  1.57263e+31  4.93587e+35   3.3618e+25  3.86966e+33  5.76304e+26  2.16161e+38  1.06029e+38  9.35759e+35
   partition functions (relative to 0 kcal/mol, units - 1/cm3):
     T\Q           W1           B1           B2           B3
     100 8.35792e+220  8.95532e+29       480899  1.92122e+74
     200 2.80595e+125  2.87671e+31  1.02582e+19  3.85536e+31
     300  8.13035e+93  2.30103e+32  6.59409e+23  3.99378e+19
     400   2.0685e+78  1.08672e+33  2.80487e+26  5.72181e+16
     500  1.24199e+69  3.91388e+33  1.52882e+28   7.2806e+17
     600  1.14331e+63  1.19375e+34  2.90808e+29  9.29117e+19
     700  6.93352e+58  3.24677e+34  2.98163e+30  6.68146e+21
     800  5.73195e+55  8.10984e+34  2.05288e+31  2.32595e+23
     900  2.68987e+53  1.89554e+35  1.07395e+32  4.60732e+24
    1000  4.23446e+51  4.19921e+35  4.60156e+32   5.9703e+25
    1100  1.59986e+50  8.89785e+35  1.69486e+33   5.5945e+26
    1200  1.16049e+49  1.81558e+36  5.54475e+33  4.07004e+27
    1300  1.38485e+48  3.58571e+36   1.6487e+34  2.41948e+28
    1400    2.435e+47  6.88135e+36  4.53083e+34  1.22033e+29
    1500  5.81955e+46  1.28724e+37  1.16527e+35  5.37215e+29
    1600  1.77971e+46  2.35294e+37  2.83175e+35  2.10938e+30
    1700    6.651e+45  4.21131e+37  6.55131e+35  7.51372e+30
    1800  2.93092e+45  7.39288e+37  1.45163e+36   2.4609e+31
    1900  1.48088e+45  1.27474e+38  3.09569e+36  7.49177e+31
    2000  8.38946e+44  2.16161e+38  6.37946e+36  2.13882e+32
   tunneling partition function correction factors & high pressure effective energy shifts (D), kcal/mol:
     T\B           B1            D           B2            D           B3            D
     100            1           -0            1           -0 4.22908e+118     -54.2796
     200            1           -0            1           -0  3.87014e+38      -35.313
     300            1           -0            1           -0  7.45452e+13     -19.0427
     400            1           -0            1           -0      30137.6     -8.19798
     500            1           -0            1           -0      32.1986     -3.44969
     600            1           -0            1           -0       5.9548     -2.12733
     700            1           -0            1           -0      3.17483       -1.607
     800            1           -0            1           -0      2.28837     -1.31606
     900            1           -0            1           -0       1.8746     -1.12387
    1000            1           -0            1           -0      1.64156     -0.98495
    1100            1           -0            1           -0      1.49482    -0.878748
    1200            1           -0            1           -0      1.39533    -0.794392
    1300            1           -0            1           -0      1.32423    -0.725485
    1400            1           -0            1           -0      1.27138    -0.667981
    1500            1           -0            1           -0      1.23087    -0.619168
    1600            1           -0            1           -0      1.19904    -0.577154
    1700            1           -0            1           -0      1.17353    -0.540574
    1800            1           -0            1           -0      1.15273    -0.508409
    1900            1           -0            1           -0      1.13553    -0.479889
    2000            1           -0            1           -0      1.12113    -0.454414
Model::init:  done, cpu time[sec] = 9.85725, elapsed time[sec] = 5
rate calculation starts
   MasterEquation::set:  starts
      Temperature      = 290 K
      Energy reference = 17701 1/cm
      Energy step      = 40 1/cm
      setting wells, barriers, and bimolecular starts
         W1 Well: average energy = -87 kcal/mol
         W1 Well: density of states done, elapsed time[sec] = 4.1e-05
         W1 Well: collisional kernel bandwidth = 37
         W1 Well: collisional energy transfer kernel done, elapsed time[sec] = 0.002763
         W1 Well: relaxation modes basis done, elapsed time[sec] = 0.003231
         W1 Well: kernel in relaxation modes basis done, elapsed time[sec] = 0.964944
         W1 Well: relaxation eigenvalues done, elapsed time[sec] = 1.85879
         W1 Well: minimal relaxation eigenvalue = 0.0329357
         W1 Well: maximal relaxation eigenvalue = 0.943369
         W1 Well:       grid size = 493
         W1 Well:      real depth = -30896 1/cm
         W1 Well: effective depth = -2019 1/cm
         B1 Barrier:        grid size = 443
         B1 Barrier:      real height = 0 1/cm
         B1 Barrier: effective height = -19 1/cm
         B2 Barrier:        grid size = 345
         B2 Barrier:      real height = 3907 1/cm
         B2 Barrier: effective height = 3900 1/cm
         B3 Barrier: nonpositive number of states at -14779 1/cm => truncating
         B3 Barrier:        grid size = 812
         B3 Barrier:      real height = -16410 1/cm
         B3 Barrier: effective height = -14779 1/cm
      setting wells, barriers, and bimolecular done, cpu time[sec] = 32.5543, elapsed time[sec] = 27
      B3 barrier top is lower than the bottom of the well it connects => truncating
      MasterEquation::Barrier::truncate: grid size = 493
      MasterEquation::Barrier::truncate: real weight = 1.61686e+32
      MasterEquation::Barrier::truncate: effective weight = 1.08636e+25
      Bound Species (D1/D2 - density of states at dissociation energy (DE)/reference energy):
       Name  Depth     DE      *D1      *D2
              1/cm   1/cm       cm       cm
         W1  -2019  -2019 3.06e+11 2.67e+14
      Well-to-Bimolecular Barriers (N - number of states at the reference energy):
       Name Height       *N
              1/cm         
         B1    -19 1.78e+15
         B2   3901 8.59e+13
         B3  -2019 5.43e+08
      Effective equilibrium constants(bimolecular units - cm^3):
        Q/Q        W1        P1        P2        P3
         W1         1  4.99e-08       113  1.27e-41
         P1     2e+07         1  2.27e+09  2.54e-34
         P2   0.00885  4.41e-10         1  1.12e-43
         P3  7.88e+40  3.93e+33  8.91e+42         1
      Real equilibrium constants(bimolecular units - cm^3):
        Q/Q        W1        P1        P2        P3
         W1         1  5.21e+40  1.18e+50  1.32e+07
         P1  1.92e-41         1  2.27e+09  2.54e-34
         P2  8.47e-51  4.41e-10         1  1.12e-43
         P3  7.55e-08  3.93e+33  8.91e+42         1
   MasterEquation::set:  done, cpu time[sec] = 32.5543, elapsed time[sec] = 27
   MasterEquation::direct_diagonalization_method:  starts
      Pressure = 1 atm	 Temperature = 290 K
            Well    Collision, 1/sec
              W1         1.24351e+10
      global relaxation matrix dimension = 493
      setting global matrices ... done, cpu time[sec] = 0.006486, elapsed time[sec] = 0
      diagonalizing global relaxation matrix ... done, cpu time[sec] = 6.02278, elapsed time[sec] = 0
      microscopic rate coefficients (at reference energy) over collision frequency:
             W1->P1       W1->P2       W1->P3
             16.053     0.775562  4.90177e-06
      some eigenvalues are too small: using low eigenvalue method
      low eigenvalue method starts
         MasterEquation::low_eigenvalue_matrix:  starts
            setting up kinetic matrices ... done, cpu time[sec] = 0.052735, elapsed time[sec] = 0
            inverting kinetic matrices ... done, cpu time[sec] = 0.00383, elapsed time[sec] = 0
         MasterEquation::low_eigenvalue_matrix:  done, cpu time[sec] = 0.056645, elapsed time[sec] = 0
         direct-diagonalization(DD)-versus-low-eigenvalue(LE) eigenvalues
             L      DD eval      LE eval     LE proj
             0  1.30162e-08  1.30163e-08   4.6992e-11
      low eigenvalue method done, cpu time[sec] = 0.05688, elapsed time[sec] = 0
      eigenvector populations normalized:
          L        *R        *P        W1
          0   1.3e-08   4.7e-11         1
      *R - eigenvalue over the relaxation limit
      *P - eigenvector projection squared on the relaxation subspace (= 1 -F_ne)
      eigenvector projections:
          L        *Q        *P        W1
          0  4.51e-10   4.7e-11         1
         *Z       ---       ---  1.01e+30
      *Q - eigenvalue over the collision frequency in first well
      *P - eigenvector projection squared on the relaxation subspace (= 1 - F_ne)
      *Z - well partition function square root
      isomers-to-bimolecular equilibrium coefficients (kappa matrix):
        W\P       P1       P2       P3
         W1        0        0        0
      projection error = 4.6992e-11
      Wa->Wb/Wb->Wa rate constants ratios:
      Wb\Wa        W1
         W1         1
      W->P/P->W rate constants ratios:
        P\W        W1
         P1         1
         P2         1
         P3         1
      hot energies # = 0
      prompt isomerization/dissociation:
        W\W,P           W1  Total Diss.           P1           P2           P3
           W1            1            0  8.20329e-63  1.74828e-69  1.72079e-79

   MasterEquation::direct_diagonalization_method:  done, cpu time[sec] = 6.95986, elapsed time[sec] = 0
   MasterEquation::set:  starts
      Temperature      = 350 K
      Energy reference = 18952 1/cm
      Energy step      = 49 1/cm
      setting wells, barriers, and bimolecular starts
         W1 Well: average energy = -86.6 kcal/mol
         W1 Well: density of states done, elapsed time[sec] = 0.00601
         W1 Well: collisional kernel bandwidth = 35
         W1 Well: collisional energy transfer kernel done, elapsed time[sec] = 0.256875
         W1 Well: relaxation modes basis done, elapsed time[sec] = 0.258598
         W1 Well: kernel in relaxation modes basis done, elapsed time[sec] = 1.38646
         W1 Well: relaxation eigenvalues done, elapsed time[sec] = 1.38919
         W1 Well: minimal relaxation eigenvalue = 0.0306441
         W1 Well: maximal relaxation eigenvalue = 0.937186
         W1 Well:       grid size = 437
         W1 Well:      real depth = -30896 1/cm
         W1 Well: effective depth = -2461 1/cm
         B1 Barrier:        grid size = 387
         B1 Barrier:      real height = 0 1/cm
         B1 Barrier: effective height = -11 1/cm
         B2 Barrier:        grid size = 308
         B2 Barrier:      real height = 3907 1/cm
         B2 Barrier: effective height = 3859 1/cm
         B3 Barrier: nonpositive number of states at -14368 1/cm => truncating
         B3 Barrier:        grid size = 680
         B3 Barrier:      real height = -16410 1/cm
         B3 Barrier: effective height = -14368 1/cm
      setting wells, barriers, and bimolecular done, cpu time[sec] = 25.6061, elapsed time[sec] = 18
      B3 barrier top is lower than the bottom of the well it connects => truncating
      MasterEquation::Barrier::truncate: grid size = 437
      MasterEquation::Barrier::truncate: real weight = 1.0028e+25
      MasterEquation::Barrier::truncate: effective weight = 2.98418e+20
      Bound Species (D1/D2 - density of states at dissociation energy (DE)/reference energy):
       Name  Depth     DE      *D1      *D2
              1/cm   1/cm       cm       cm
         W1  -2461  -2461 2.55e+11  3.8e+14
      Well-to-Bimolecular Barriers (N - number of states at the reference energy):
       Name Height       *N
              1/cm         
         B1    -11 3.51e+15
         B2   3860 2.03e+14
         B3  -2461 2.19e+09
      Effective equilibrium constants(bimolecular units - cm^3):
        Q/Q        W1        P1        P2        P3
         W1         1  1.77e-08       1.8  6.03e-36
         P1  5.65e+07         1  1.02e+08  3.41e-28
         P2     0.555  9.82e-09         1  3.34e-36
         P3  1.66e+35  2.94e+27  2.99e+35         1
      Real equilibrium constants(bimolecular units - cm^3):
        Q/Q        W1        P1        P2        P3
         W1         1   1.2e+29  1.23e+37        41
         P1  8.31e-30         1  1.02e+08  3.41e-28
         P2  8.16e-38  9.82e-09         1  3.34e-36
         P3    0.0244  2.94e+27  2.99e+35         1
   MasterEquation::set:  done, cpu time[sec] = 25.6069, elapsed time[sec] = 18
   MasterEquation::direct_diagonalization_method:  starts
      Pressure = 1 atm	 Temperature = 350 K
            Well    Collision, 1/sec
              W1         1.02969e+10
      global relaxation matrix dimension = 437
      setting global matrices ... done, cpu time[sec] = 0.005025, elapsed time[sec] = 0
      diagonalizing global relaxation matrix ... done, cpu time[sec] = 5.52976, elapsed time[sec] = 1
      microscopic rate coefficients (at reference energy) over collision frequency:
             W1->P1       W1->P2       W1->P3
            26.8771       1.5565  1.67823e-05
      some eigenvalues are too small: using low eigenvalue method
      low eigenvalue method starts
         MasterEquation::low_eigenvalue_matrix:  starts
            setting up kinetic matrices ... done, cpu time[sec] = 0.232609, elapsed time[sec] = 0
            inverting kinetic matrices ... done, cpu time[sec] = 0.00287, elapsed time[sec] = 0
         MasterEquation::low_eigenvalue_matrix:  done, cpu time[sec] = 0.243298, elapsed time[sec] = 0
         direct-diagonalization(DD)-versus-low-eigenvalue(LE) eigenvalues
             L      DD eval      LE eval     LE proj
             0  3.62089e-08  3.62089e-08  3.66022e-10
      low eigenvalue method done, cpu time[sec] = 0.243745, elapsed time[sec] = 0
      eigenvector populations normalized:
          L        *R        *P        W1
          0  3.62e-08  3.66e-10         1
      *R - eigenvalue over the relaxation limit
      *P - eigenvector projection squared on the relaxation subspace (= 1 -F_ne)
      eigenvector projections:
          L        *Q        *P        W1
          0  1.18e-09  3.66e-10         1
         *Z       ---       ---  6.84e+27
      *Q - eigenvalue over the collision frequency in first well
      *P - eigenvector projection squared on the relaxation subspace (= 1 - F_ne)
      *Z - well partition function square root
      isomers-to-bimolecular equilibrium coefficients (kappa matrix):
        W\P       P1       P2       P3
         W1        0        0        0
      projection error = 3.66022e-10
      Wa->Wb/Wb->Wa rate constants ratios:
      Wb\Wa        W1
         W1         1
      W->P/P->W rate constants ratios:
        P\W        W1
         P1         1
         P2         1
         P3         1
      hot energies # = 0
      prompt isomerization/dissociation:
        W\W,P           W1  Total Diss.           P1           P2           P3
           W1            1            0  1.20197e-50  1.94759e-56  5.51414e-67

   MasterEquation::direct_diagonalization_method:  done, cpu time[sec] = 6.44149, elapsed time[sec] = 1
   MasterEquation::set:  starts
      Temperature      = 375 K
      Energy reference = 19473 1/cm
      Energy step      = 52 1/cm
      setting wells, barriers, and bimolecular starts
         W1 Well: average energy = -86.4 kcal/mol
         W1 Well: density of states done, elapsed time[sec] = 0.005976
         W1 Well: collisional kernel bandwidth = 35
         W1 Well: collisional energy transfer kernel done, elapsed time[sec] = 0.305549
         W1 Well: relaxation modes basis done, elapsed time[sec] = 0.248749
         W1 Well: kernel in relaxation modes basis done, elapsed time[sec] = 0.188838
         W1 Well: relaxation eigenvalues done, elapsed time[sec] = 1.24671
         W1 Well: minimal relaxation eigenvalue = 0.0298218
         W1 Well: maximal relaxation eigenvalue = 0.938215
         W1 Well:       grid size = 425
         W1 Well:      real depth = -30896 1/cm
         W1 Well: effective depth = -2626 1/cm
         B1 Barrier:        grid size = 375
         B1 Barrier:      real height = 0 1/cm
         B1 Barrier: effective height = -26 1/cm
         B2 Barrier:        grid size = 300
         B2 Barrier:      real height = 3907 1/cm
         B2 Barrier: effective height = 3872 1/cm
         B3 Barrier: nonpositive number of states at -14795 1/cm => truncating
         B3 Barrier:        grid size = 659
         B3 Barrier:      real height = -16410 1/cm
         B3 Barrier: effective height = -14794 1/cm
      setting wells, barriers, and bimolecular done, cpu time[sec] = 22.9193, elapsed time[sec] = 17
      B3 barrier top is lower than the bottom of the well it connects => truncating
      MasterEquation::Barrier::truncate: grid size = 425
      MasterEquation::Barrier::truncate: real weight = 1.16529e+23
      MasterEquation::Barrier::truncate: effective weight = 1.07844e+19
      Bound Species (D1/D2 - density of states at dissociation energy (DE)/reference energy):
       Name  Depth     DE      *D1      *D2
              1/cm   1/cm       cm       cm
         W1  -2626  -2626 2.38e+11 4.39e+14
      Well-to-Bimolecular Barriers (N - number of states at the reference energy):
       Name Height       *N
              1/cm         
         B1    -26 4.61e+15
         B2   3873 2.87e+14
         B3  -2626 3.78e+09
      Effective equilibrium constants(bimolecular units - cm^3):
        Q/Q        W1        P1        P2        P3
         W1         1  1.13e-08     0.425  3.65e-34
         P1  8.85e+07         1  3.76e+07  3.23e-26
         P2      2.35  2.66e-08         1  8.58e-34
         P3  2.74e+33   3.1e+25  1.17e+33         1
      Real equilibrium constants(bimolecular units - cm^3):
        Q/Q        W1        P1        P2        P3
         W1         1   2.1e+25   7.9e+32     0.678
         P1  4.76e-26         1  3.76e+07  3.23e-26
         P2  1.27e-33  2.66e-08         1  8.58e-34
         P3      1.48   3.1e+25  1.17e+33         1
   MasterEquation::set:  done, cpu time[sec] = 22.92, elapsed time[sec] = 17
   MasterEquation::direct_diagonalization_method:  starts
      Pressure = 1 atm	 Temperature = 375 K
            Well    Collision, 1/sec
              W1         9.62532e+09
      global relaxation matrix dimension = 425
      setting global matrices ... done, cpu time[sec] = 0.004724, elapsed time[sec] = 0
      diagonalizing global relaxation matrix ... done, cpu time[sec] = 5.12645, elapsed time[sec] = 0
      microscopic rate coefficients (at reference energy) over collision frequency:
             W1->P1       W1->P2       W1->P3
            32.7023      2.03229  2.67744e-05
      some eigenvalues are too small: using low eigenvalue method
      low eigenvalue method starts
         MasterEquation::low_eigenvalue_matrix:  starts
            setting up kinetic matrices ... done, cpu time[sec] = 0.561128, elapsed time[sec] = 0
            inverting kinetic matrices ... done, cpu time[sec] = 0.00271, elapsed time[sec] = 0
         MasterEquation::low_eigenvalue_matrix:  done, cpu time[sec] = 0.600207, elapsed time[sec] = 0
         direct-diagonalization(DD)-versus-low-eigenvalue(LE) eigenvalues
             L      DD eval      LE eval     LE proj
             0  5.69795e-08  5.69795e-08  8.30043e-10
      low eigenvalue method done, cpu time[sec] = 0.600632, elapsed time[sec] = 0
      eigenvector populations normalized:
          L        *R        *P        W1
          0   5.7e-08   8.3e-10         1
      *R - eigenvalue over the relaxation limit
      *P - eigenvector projection squared on the relaxation subspace (= 1 -F_ne)
      eigenvector projections:
          L        *Q        *P        W1
          0  1.82e-09   8.3e-10         1
         *Z       ---       ---  1.32e+27
      *Q - eigenvalue over the collision frequency in first well
      *P - eigenvector projection squared on the relaxation subspace (= 1 - F_ne)
      *Z - well partition function square root
      isomers-to-bimolecular equilibrium coefficients (kappa matrix):
        W\P       P1       P2       P3
         W1        0        0        0
      projection error = 8.30043e-10
      Wa->Wb/Wb->Wa rate constants ratios:
      Wb\Wa        W1
         W1         1
      W->P/P->W rate constants ratios:
        P\W        W1
         P1         1
         P2         1
         P3         1
      hot energies # = 0
      prompt isomerization/dissociation:
        W\W,P           W1  Total Diss.           P1           P2           P3
           W1            1            0  1.05907e-46  3.12882e-52  6.79503e-63

   MasterEquation::direct_diagonalization_method:  done, cpu time[sec] = 6.35161, elapsed time[sec] = 0
   MasterEquation::set:  starts
      Temperature      = 400 K
      Energy reference = 19994 1/cm
      Energy step      = 56 1/cm
      setting wells, barriers, and bimolecular starts
         W1 Well: average energy = -86.1 kcal/mol
         W1 Well: density of states done, elapsed time[sec] = 0.006055
         W1 Well: collisional kernel bandwidth = 35
         W1 Well: collisional energy transfer kernel done, elapsed time[sec] = 0.237319
         W1 Well: relaxation modes basis done, elapsed time[sec] = 0.227509
         W1 Well: kernel in relaxation modes basis done, elapsed time[sec] = 0.225981
         W1 Well: relaxation eigenvalues done, elapsed time[sec] = 1.16047
         W1 Well: minimal relaxation eigenvalue = 0.0290257
         W1 Well: maximal relaxation eigenvalue = 0.935243
         W1 Well:       grid size = 407
         W1 Well:      real depth = -30896 1/cm
         W1 Well: effective depth = -2798 1/cm
         B1 Barrier:        grid size = 358
         B1 Barrier:      real height = 0 1/cm
         B1 Barrier: effective height = -54 1/cm
         B2 Barrier:        grid size = 288
         B2 Barrier:      real height = 3907 1/cm
         B2 Barrier: effective height = 3865 1/cm
         B3 Barrier: nonpositive number of states at -14334 1/cm => truncating
         B3 Barrier:        grid size = 613
         B3 Barrier:      real height = -16410 1/cm
         B3 Barrier: effective height = -14334 1/cm
      setting wells, barriers, and bimolecular done, cpu time[sec] = 20.6572, elapsed time[sec] = 15
      B3 barrier top is lower than the bottom of the well it connects => truncating
      MasterEquation::Barrier::truncate: grid size = 407
      MasterEquation::Barrier::truncate: real weight = 3.95192e+21
      MasterEquation::Barrier::truncate: effective weight = 7.00095e+17
      Bound Species (D1/D2 - density of states at dissociation energy (DE)/reference energy):
       Name  Depth     DE      *D1      *D2
              1/cm   1/cm       cm       cm
         W1  -2798  -2798 2.21e+11 5.07e+14
      Well-to-Bimolecular Barriers (N - number of states at the reference energy):
       Name Height       *N
              1/cm         
         B1    -54 6.03e+15
         B2   3866 4.01e+14
         B3  -2798 6.39e+09
      Effective equilibrium constants(bimolecular units - cm^3):
        Q/Q        W1        P1        P2        P3
         W1         1  7.34e-09     0.116  1.28e-32
         P1  1.36e+08         1  1.58e+07  1.74e-24
         P2      8.65  6.35e-08         1   1.1e-31
         P3  7.84e+31  5.76e+23  9.07e+30         1
      Real equilibrium constants(bimolecular units - cm^3):
        Q/Q        W1        P1        P2        P3
         W1         1  1.07e+22  1.69e+29    0.0186
         P1  9.35e-23         1  1.58e+07  1.74e-24
         P2  5.93e-30  6.35e-08         1   1.1e-31
         P3      53.8  5.76e+23  9.07e+30         1
   MasterEquation::set:  done, cpu time[sec] = 20.658, elapsed time[sec] = 15
   MasterEquation::direct_diagonalization_method:  starts
      Pressure = 1 atm	 Temperature = 400 K
            Well    Collision, 1/sec
              W1         9.04618e+09
      global relaxation matrix dimension = 407
      setting global matrices ... done, cpu time[sec] = 0.004339, elapsed time[sec] = 0
      diagonalizing global relaxation matrix ... done, cpu time[sec] = 4.58944, elapsed time[sec] = 0
      microscopic rate coefficients (at reference energy) over collision frequency:
             W1->P1       W1->P2       W1->P3
            39.4179      2.62185  4.17417e-05
      some eigenvalues are too small: using low eigenvalue method
      low eigenvalue method starts
         MasterEquation::low_eigenvalue_matrix:  starts
            setting up kinetic matrices ... done, cpu time[sec] = 1.02218, elapsed time[sec] = 0
            inverting kinetic matrices ... done, cpu time[sec] = 0.002614, elapsed time[sec] = 0
         MasterEquation::low_eigenvalue_matrix:  done, cpu time[sec] = 1.03085, elapsed time[sec] = 0
         direct-diagonalization(DD)-versus-low-eigenvalue(LE) eigenvalues
             L      DD eval      LE eval     LE proj
             0  8.63141e-08  8.63141e-08  1.75123e-09
      low eigenvalue method done, cpu time[sec] = 1.03221, elapsed time[sec] = 0
      eigenvector populations normalized:
          L        *R        *P        W1
          0  8.63e-08  1.75e-09         1
      *R - eigenvalue over the relaxation limit
      *P - eigenvector projection squared on the relaxation subspace (= 1 -F_ne)
      eigenvector projections:
          L        *Q        *P        W1
          0   2.7e-09  1.75e-09         1
         *Z       ---       ---  3.13e+26
      *Q - eigenvalue over the collision frequency in first well
      *P - eigenvector projection squared on the relaxation subspace (= 1 - F_ne)
      *Z - well partition function square root
      isomers-to-bimolecular equilibrium coefficients (kappa matrix):
        W\P       P1       P2       P3
         W1        0        0        0
      projection error = 1.75122e-09
      Wa->Wb/Wb->Wa rate constants ratios:
      Wb\Wa        W1
         W1         1
      W->P/P->W rate constants ratios:
        P\W        W1
         P1         1
         P2         1
         P3         1
      hot energies # = 0
      prompt isomerization/dissociation:
        W\W,P           W1  Total Diss.           P1           P2           P3
           W1            1            0   3.0666e-43  1.49819e-48  2.73247e-59

   MasterEquation::direct_diagonalization_method:  done, cpu time[sec] = 6.19125, elapsed time[sec] = 0
   MasterEquation::set:  starts
      Temperature      = 500 K
      Energy reference = 22080 1/cm
      Energy step      = 70 1/cm
      setting wells, barriers, and bimolecular starts
         W1 Well: average energy = -85.1 kcal/mol
         W1 Well: density of states done, elapsed time[sec] = 0.005317
         W1 Well: collisional kernel bandwidth = 34
         W1 Well: collisional energy transfer kernel done, elapsed time[sec] = 0.20428
         W1 Well: relaxation modes basis done, elapsed time[sec] = 0.185459
         W1 Well: kernel in relaxation modes basis done, elapsed time[sec] = 0.213858
         W1 Well: relaxation eigenvalues done, elapsed time[sec] = 0.880884
         W1 Well: minimal relaxation eigenvalue = 0.0262853
         W1 Well: maximal relaxation eigenvalue = 0.932205
         W1 Well:       grid size = 366
         W1 Well:      real depth = -30896 1/cm
         W1 Well: effective depth = -3540 1/cm
         B1 Barrier:        grid size = 316
         B1 Barrier:      real height = 0 1/cm
         B1 Barrier: effective height = -39 1/cm
         B2 Barrier:        grid size = 260
         B2 Barrier:      real height = 3907 1/cm
         B2 Barrier: effective height = 3880 1/cm
         B3 Barrier: nonpositive number of states at -14320 1/cm => truncating
         B3 Barrier:        grid size = 520
         B3 Barrier:      real height = -16410 1/cm
         B3 Barrier: effective height = -14319 1/cm
      setting wells, barriers, and bimolecular done, cpu time[sec] = 16.4744, elapsed time[sec] = 11
      B3 barrier top is lower than the bottom of the well it connects => truncating
      MasterEquation::Barrier::truncate: grid size = 366
      MasterEquation::Barrier::truncate: real weight = 8.24771e+18
      MasterEquation::Barrier::truncate: effective weight = 2.62887e+15
      Bound Species (D1/D2 - density of states at dissociation energy (DE)/reference energy):
       Name  Depth     DE      *D1      *D2
              1/cm   1/cm       cm       cm
         W1  -3540  -3540 1.61e+11 8.91e+14
      Well-to-Bimolecular Barriers (N - number of states at the reference energy):
       Name Height       *N
              1/cm         
         B1    -39 1.68e+16
         B2   3880 1.44e+15
         B3  -3540 4.46e+10
      Effective equilibrium constants(bimolecular units - cm^3):
        Q/Q        W1        P1        P2        P3
         W1         1  1.83e-09   0.00212  5.02e-28
         P1  5.46e+08         1  1.16e+06  2.74e-19
         P2       471  8.64e-07         1  2.36e-25
         P3  1.99e+27  3.65e+18  4.23e+24         1
      Real equilibrium constants(bimolecular units - cm^3):
        Q/Q        W1        P1        P2        P3
         W1         1  1.35e+12  1.56e+18  3.68e-07
         P1  7.43e-13         1  1.16e+06  2.74e-19
         P2  6.42e-19  8.64e-07         1  2.36e-25
         P3  2.72e+06  3.65e+18  4.23e+24         1
   MasterEquation::set:  done, cpu time[sec] = 16.4752, elapsed time[sec] = 11
   MasterEquation::direct_diagonalization_method:  starts
      Pressure = 1 atm	 Temperature = 500 K
            Well    Collision, 1/sec
              W1         7.36196e+09
      global relaxation matrix dimension = 366
      setting global matrices ... done, cpu time[sec] = 0.003462, elapsed time[sec] = 0
      diagonalizing global relaxation matrix ... done, cpu time[sec] = 3.36626, elapsed time[sec] = 0
      microscopic rate coefficients (at reference energy) over collision frequency:
             W1->P1       W1->P2       W1->P3
            76.9344      6.56538  0.000203576
      eigenvector populations normalized:
          L        *R        *P        W1
          0  3.28e-07  1.86e-08         1
      *R - eigenvalue over the relaxation limit
      *P - eigenvector projection squared on the relaxation subspace (= 1 -F_ne)
      eigenvector projections:
          L        *Q        *P        W1
          0  9.51e-09  1.86e-08        -1
         *Z       ---       ---  4.38e+24
      *Q - eigenvalue over the collision frequency in first well
      *P - eigenvector projection squared on the relaxation subspace (= 1 - F_ne)
      *Z - well partition function square root
      isomers-to-bimolecular equilibrium coefficients (kappa matrix):
        W\P       P1       P2       P3
         W1        0        0        0
      projection error = 1.85686e-08
      Wa->Wb/Wb->Wa rate constants ratios:
      Wb\Wa        W1
         W1         1
      W->P/P->W rate constants ratios:
        P\W        W1
         P1         1
         P2         1
         P3         1
      hot energies # = 0
      prompt isomerization/dissociation:
        W\W,P           W1  Total Diss.           P1           P2           P3
           W1            1            0  8.06543e-33  1.59475e-37   2.5819e-48

   MasterEquation::direct_diagonalization_method:  done, cpu time[sec] = 3.84857, elapsed time[sec] = 0
   MasterEquation::set:  starts
      Temperature      = 600 K
      Energy reference = 24165 1/cm
      Energy step      = 83 1/cm
      setting wells, barriers, and bimolecular starts
         W1 Well: average energy = -83.7 kcal/mol
         W1 Well: density of states done, elapsed time[sec] = 0.006041
         W1 Well: collisional kernel bandwidth = 33
         W1 Well: collisional energy transfer kernel done, elapsed time[sec] = 0.224199
         W1 Well: relaxation modes basis done, elapsed time[sec] = 0.161634
         W1 Well: kernel in relaxation modes basis done, elapsed time[sec] = 0.147277
         W1 Well: relaxation eigenvalues done, elapsed time[sec] = 0.762836
         W1 Well: minimal relaxation eigenvalue = 0.0240285
         W1 Well: maximal relaxation eigenvalue = 0.93257
         W1 Well:       grid size = 342
         W1 Well:      real depth = -30896 1/cm
         W1 Well: effective depth = -4221 1/cm
         B1 Barrier:        grid size = 292
         B1 Barrier:      real height = 0 1/cm
         B1 Barrier: effective height = -71 1/cm
         B2 Barrier:        grid size = 245
         B2 Barrier:      real height = 3907 1/cm
         B2 Barrier: effective height = 3829 1/cm
         B3 Barrier: nonpositive number of states at -14430 1/cm => truncating
         B3 Barrier:        grid size = 465
         B3 Barrier:      real height = -16410 1/cm
         B3 Barrier: effective height = -14430 1/cm
      setting wells, barriers, and bimolecular done, cpu time[sec] = 14.3636, elapsed time[sec] = 9
      B3 barrier top is lower than the bottom of the well it connects => truncating
      MasterEquation::Barrier::truncate: grid size = 342
      MasterEquation::Barrier::truncate: real weight = 2.99176e+18
      MasterEquation::Barrier::truncate: effective weight = 1.13149e+15
      Bound Species (D1/D2 - density of states at dissociation energy (DE)/reference energy):
       Name  Depth     DE      *D1      *D2
              1/cm   1/cm       cm       cm
         W1  -4221  -4221  1.2e+11 1.54e+15
      Well-to-Bimolecular Barriers (N - number of states at the reference energy):
       Name Height       *N
              1/cm         
         B1    -71 4.39e+16
         B2   3830 4.66e+15
         B3  -4221 2.51e+11
      Effective equilibrium constants(bimolecular units - cm^3):
        Q/Q        W1        P1        P2        P3
         W1         1  4.63e-10  9.32e-05   3.7e-25
         P1  2.16e+09         1  2.01e+05     8e-16
         P2  1.07e+04  4.97e-06         1  3.98e-21
         P3   2.7e+24  1.25e+15  2.52e+20         1
      Real equilibrium constants(bimolecular units - cm^3):
        Q/Q        W1        P1        P2        P3
         W1         1  3.25e+05  6.53e+10   2.6e-10
         P1  3.08e-06         1  2.01e+05     8e-16
         P2  1.53e-11  4.97e-06         1  3.98e-21
         P3  3.85e+09  1.25e+15  2.52e+20         1
   MasterEquation::set:  done, cpu time[sec] = 14.3643, elapsed time[sec] = 9
   MasterEquation::direct_diagonalization_method:  starts
      Pressure = 1 atm	 Temperature = 600 K
            Well    Collision, 1/sec
              W1         6.28367e+09
      global relaxation matrix dimension = 342
      setting global matrices ... done, cpu time[sec] = 0.003079, elapsed time[sec] = 0
      diagonalizing global relaxation matrix ... done, cpu time[sec] = 2.77786, elapsed time[sec] = 0
      microscopic rate coefficients (at reference energy) over collision frequency:
             W1->P1       W1->P2       W1->P3
            135.986      14.4416  0.000778821
      eigenvector populations normalized:
          L        *R        *P        W1
          0  1.19e-06  1.32e-07         1
      *R - eigenvalue over the relaxation limit
      *P - eigenvector projection squared on the relaxation subspace (= 1 -F_ne)
      eigenvector projections:
          L        *Q        *P        W1
          0  3.21e-08  1.32e-07        -1
         *Z       ---       ---  2.29e+23
      *Q - eigenvalue over the collision frequency in first well
      *P - eigenvector projection squared on the relaxation subspace (= 1 - F_ne)
      *Z - well partition function square root
      isomers-to-bimolecular equilibrium coefficients (kappa matrix):
        W\P       P1       P2       P3
         W1        0        0        0
      projection error = 1.31836e-07
      Wa->Wb/Wb->Wa rate constants ratios:
      Wb\Wa        W1
         W1         1
      W->P/P->W rate constants ratios:
        P\W        W1
         P1         1
         P2         1
         P3         1
      hot energies # = 0
      prompt isomerization/dissociation:
        W\W,P           W1  Total Diss.           P1           P2           P3
           W1            1            0  7.11026e-26  3.33005e-30  1.00751e-40

   MasterEquation::direct_diagonalization_method:  done, cpu time[sec] = 3.20268, elapsed time[sec] = 0
   MasterEquation::set:  starts
      Temperature      = 800 K
      Energy reference = 28335 1/cm
      Energy step      = 111 1/cm
      setting wells, barriers, and bimolecular starts
         W1 Well: average energy = -80.2 kcal/mol
         W1 Well: density of states done, elapsed time[sec] = 0.004744
         W1 Well: collisional kernel bandwidth = 32
         W1 Well: collisional energy transfer kernel done, elapsed time[sec] = 0.190767
         W1 Well: relaxation modes basis done, elapsed time[sec] = 0.130038
         W1 Well: kernel in relaxation modes basis done, elapsed time[sec] = 0.122365
         W1 Well: relaxation eigenvalues done, elapsed time[sec] = 0.552503
         W1 Well: minimal relaxation eigenvalue = 0.0203401
         W1 Well: maximal relaxation eigenvalue = 0.929261
         W1 Well:       grid size = 306
         W1 Well:      real depth = -30896 1/cm
         W1 Well: effective depth = -5630 1/cm
         B1 Barrier:        grid size = 256
         B1 Barrier:      real height = 0 1/cm
         B1 Barrier: effective height = -81 1/cm
         B2 Barrier:        grid size = 221
         B2 Barrier:      real height = 3907 1/cm
         B2 Barrier: effective height = 3803 1/cm
         B3 Barrier: nonpositive number of states at -14400 1/cm => truncating
         B3 Barrier:        grid size = 385
         B3 Barrier:      real height = -16410 1/cm
         B3 Barrier: effective height = -14400 1/cm
      setting wells, barriers, and bimolecular done, cpu time[sec] = 11.713, elapsed time[sec] = 6
      B3 barrier top is lower than the bottom of the well it connects => truncating
      MasterEquation::Barrier::truncate: grid size = 306
      MasterEquation::Barrier::truncate: real weight = 4.49394e+18
      MasterEquation::Barrier::truncate: effective weight = 2.27309e+15
      Bound Species (D1/D2 - density of states at dissociation energy (DE)/reference energy):
       Name  Depth     DE      *D1      *D2
              1/cm   1/cm       cm       cm
         W1  -5630  -5630 6.42e+10 4.37e+15
      Well-to-Bimolecular Barriers (N - number of states at the reference energy):
       Name Height       *N
              1/cm         
         B1    -81 2.51e+17
         B2   3804 3.85e+16
         B3  -5630 5.01e+12
      Effective equilibrium constants(bimolecular units - cm^3):
        Q/Q        W1        P1        P2        P3
         W1         1  4.33e-11  9.42e-07  7.33e-22
         P1  2.31e+10         1  2.18e+04  1.69e-11
         P2  1.06e+06   4.6e-05         1  7.79e-16
         P3  1.36e+21   5.9e+10  1.28e+15         1
      Real equilibrium constants(bimolecular units - cm^3):
        Q/Q        W1        P1        P2        P3
         W1         1    0.0017        37  2.88e-14
         P1       587         1  2.18e+04  1.69e-11
         P2     0.027   4.6e-05         1  7.79e-16
         P3  3.47e+13   5.9e+10  1.28e+15         1
   MasterEquation::set:  done, cpu time[sec] = 11.7137, elapsed time[sec] = 6
   MasterEquation::direct_diagonalization_method:  starts
      Pressure = 1 atm	 Temperature = 800 K
            Well    Collision, 1/sec
              W1         4.97207e+09
      global relaxation matrix dimension = 306
      setting global matrices ... done, cpu time[sec] = 0.002483, elapsed time[sec] = 0
      diagonalizing global relaxation matrix ... done, cpu time[sec] = 2.03769, elapsed time[sec] = 0
      microscopic rate coefficients (at reference energy) over collision frequency:
             W1->P1       W1->P2       W1->P3
             345.73      53.1309   0.00690406
      eigenvector populations normalized:
          L        *R        *P        W1
          0  8.81e-06  2.14e-06         1
      *R - eigenvalue over the relaxation limit
      *P - eigenvector projection squared on the relaxation subspace (= 1 -F_ne)
      eigenvector projections:
          L        *Q        *P        W1
          0  2.11e-07  2.14e-06        -1
         *Z       ---       ---  5.31e+21
      *Q - eigenvalue over the collision frequency in first well
      *P - eigenvector projection squared on the relaxation subspace (= 1 - F_ne)
      *Z - well partition function square root
      isomers-to-bimolecular equilibrium coefficients (kappa matrix):
        W\P       P1       P2       P3
         W1        0        0        0
      projection error = 2.14195e-06
      Wa->Wb/Wb->Wa rate constants ratios:
      Wb\Wa        W1
         W1         1
      W->P/P->W rate constants ratios:
        P\W        W1
         P1         1
         P2         1
         P3         1
      hot energies # = 0
      prompt isomerization/dissociation:
        W\W,P           W1  Total Diss.           P1           P2           P3
           W1            1            0  2.75395e-17  3.73988e-21  1.48835e-30

   MasterEquation::direct_diagonalization_method:  done, cpu time[sec] = 2.37403, elapsed time[sec] = 0
   MasterEquation::set:  starts
      Temperature      = 900 K
      Energy reference = 30420 1/cm
      Energy step      = 125 1/cm
      setting wells, barriers, and bimolecular starts
         W1 Well: average energy = -78.1 kcal/mol
         W1 Well: density of states done, elapsed time[sec] = 0.004758
         W1 Well: collisional kernel bandwidth = 31
         W1 Well: collisional energy transfer kernel done, elapsed time[sec] = 0.173313
         W1 Well: relaxation modes basis done, elapsed time[sec] = 0.118876
         W1 Well: kernel in relaxation modes basis done, elapsed time[sec] = 0.471889
         W1 Well: relaxation eigenvalues done, elapsed time[sec] = 0.520675
         W1 Well: minimal relaxation eigenvalue = 0.0187922
         W1 Well: maximal relaxation eigenvalue = 0.928361
         W1 Well:       grid size = 294
         W1 Well:      real depth = -30896 1/cm
         W1 Well: effective depth = -6329 1/cm
         B1 Barrier:        grid size = 244
         B1 Barrier:      real height = 0 1/cm
         B1 Barrier: effective height = -79 1/cm
         B2 Barrier:        grid size = 213
         B2 Barrier:      real height = 3907 1/cm
         B2 Barrier: effective height = 3795 1/cm
         B3 Barrier: nonpositive number of states at -14330 1/cm => truncating
         B3 Barrier:        grid size = 358
         B3 Barrier:      real height = -16410 1/cm
         B3 Barrier: effective height = -14329 1/cm
      setting wells, barriers, and bimolecular done, cpu time[sec] = 11.3112, elapsed time[sec] = 6
      B3 barrier top is lower than the bottom of the well it connects => truncating
      MasterEquation::Barrier::truncate: grid size = 294
      MasterEquation::Barrier::truncate: real weight = 7.26563e+18
      MasterEquation::Barrier::truncate: effective weight = 4.13867e+15
      Bound Species (D1/D2 - density of states at dissociation energy (DE)/reference energy):
       Name  Depth     DE      *D1      *D2
              1/cm   1/cm       cm       cm
         W1  -6329  -6329 4.66e+10 7.21e+15
      Well-to-Bimolecular Barriers (N - number of states at the reference energy):
       Name Height       *N
              1/cm         
         B1    -79 5.57e+17
         B2   3796    1e+17
         B3  -6329 1.87e+13
      Effective equilibrium constants(bimolecular units - cm^3):
        Q/Q        W1        P1        P2        P3
         W1         1  1.45e-11  1.48e-07  6.74e-21
         P1  6.87e+10         1  1.01e+04  4.64e-10
         P2  6.78e+06  9.86e-05         1  4.57e-14
         P3  1.48e+20  2.16e+09  2.19e+13         1
      Real equilibrium constants(bimolecular units - cm^3):
        Q/Q        W1        P1        P2        P3
         W1         1  2.99e-06    0.0303  1.38e-15
         P1  3.35e+05         1  1.01e+04  4.64e-10
         P2        33  9.86e-05         1  4.57e-14
         P3  7.22e+14  2.16e+09  2.19e+13         1
   MasterEquation::set:  done, cpu time[sec] = 11.312, elapsed time[sec] = 6
   MasterEquation::direct_diagonalization_method:  starts
      Pressure = 1 atm	 Temperature = 900 K
            Well    Collision, 1/sec
              W1         4.53842e+09
      global relaxation matrix dimension = 294
      setting global matrices ... done, cpu time[sec] = 0.002266, elapsed time[sec] = 0
      diagonalizing global relaxation matrix ... done, cpu time[sec] = 1.95626, elapsed time[sec] = 0
      microscopic rate coefficients (at reference energy) over collision frequency:
             W1->P1       W1->P2       W1->P3
            510.892      92.0184    0.0171273
      eigenvector populations normalized:
          L        *R        *P        W1
          0  2.05e-05  6.34e-06         1
      *R - eigenvalue over the relaxation limit
      *P - eigenvector projection squared on the relaxation subspace (= 1 -F_ne)
      eigenvector projections:
          L        *Q        *P        W1
          0  4.65e-07  6.34e-06        -1
         *Z       ---       ---  1.44e+21
      *Q - eigenvalue over the collision frequency in first well
      *P - eigenvector projection squared on the relaxation subspace (= 1 - F_ne)
      *Z - well partition function square root
      isomers-to-bimolecular equilibrium coefficients (kappa matrix):
        W\P       P1       P2       P3
         W1        0        0        0
      projection error = 6.33805e-06
      Wa->Wb/Wb->Wa rate constants ratios:
      Wb\Wa        W1
         W1         1
      W->P/P->W rate constants ratios:
        P\W        W1
         P1         1
         P2         1
         P3         1
      hot energies # = 0
      prompt isomerization/dissociation:
        W\W,P           W1  Total Diss.           P1           P2           P3
           W1            1  1.75415e-14  1.75812e-14  3.47112e-18  4.85268e-27

   MasterEquation::direct_diagonalization_method:  done, cpu time[sec] = 2.26129, elapsed time[sec] = 0
   MasterEquation::set:  starts
      Temperature      = 1000 K
      Energy reference = 32506 1/cm
      Energy step      = 139 1/cm
      setting wells, barriers, and bimolecular starts
         W1 Well: average energy = -75.9 kcal/mol
         W1 Well: density of states done, elapsed time[sec] = 0.00526
         W1 Well: collisional kernel bandwidth = 31
         W1 Well: collisional energy transfer kernel done, elapsed time[sec] = 0.140712
         W1 Well: relaxation modes basis done, elapsed time[sec] = 0.111372
         W1 Well: kernel in relaxation modes basis done, elapsed time[sec] = 0.091254
         W1 Well: relaxation eigenvalues done, elapsed time[sec] = 0.476073
         W1 Well: minimal relaxation eigenvalue = 0.0174001
         W1 Well: maximal relaxation eigenvalue = 0.927825
         W1 Well:       grid size = 284
         W1 Well:      real depth = -30896 1/cm
         W1 Well: effective depth = -6971 1/cm
         B1 Barrier:        grid size = 234
         B1 Barrier:      real height = 0 1/cm
         B1 Barrier: effective height = -21 1/cm
         B2 Barrier:        grid size = 206
         B2 Barrier:      real height = 3907 1/cm
         B2 Barrier: effective height = 3871 1/cm
         B3 Barrier: nonpositive number of states at -14338 1/cm => truncating
         B3 Barrier:        grid size = 337
         B3 Barrier:      real height = -16410 1/cm
         B3 Barrier: effective height = -14338 1/cm
      setting wells, barriers, and bimolecular done, cpu time[sec] = 10.3242, elapsed time[sec] = 5
      B3 barrier top is lower than the bottom of the well it connects => truncating
      MasterEquation::Barrier::truncate: grid size = 284
      MasterEquation::Barrier::truncate: real weight = 1.2474e+19
      MasterEquation::Barrier::truncate: effective weight = 7.90143e+15
      Bound Species (D1/D2 - density of states at dissociation energy (DE)/reference energy):
       Name  Depth     DE      *D1      *D2
              1/cm   1/cm       cm       cm
         W1  -6971  -6971 3.46e+10 1.17e+16
      Well-to-Bimolecular Barriers (N - number of states at the reference energy):
       Name Height       *N
              1/cm         
         B1    -21 1.19e+18
         B2   3872 2.48e+17
         B3  -6971 6.35e+13
      Effective equilibrium constants(bimolecular units - cm^3):
        Q/Q        W1        P1        P2        P3
         W1         1  4.86e-12  2.64e-08  3.16e-20
         P1  2.06e+11         1  5.44e+03   6.5e-09
         P2  3.78e+07  0.000184         1  1.19e-12
         P3  3.17e+19  1.54e+08  8.37e+11         1
      Real equilibrium constants(bimolecular units - cm^3):
        Q/Q        W1        P1        P2        P3
         W1         1  1.88e-08  0.000102  1.22e-16
         P1  5.31e+07         1  5.44e+03   6.5e-09
         P2  9.76e+03  0.000184         1  1.19e-12
         P3  8.17e+15  1.54e+08  8.37e+11         1
   MasterEquation::set:  done, cpu time[sec] = 10.3249, elapsed time[sec] = 5
   MasterEquation::direct_diagonalization_method:  starts
      Pressure = 1 atm	 Temperature = 1000 K
            Well    Collision, 1/sec
              W1         4.19081e+09
      global relaxation matrix dimension = 284
      setting global matrices ... done, cpu time[sec] = 0.002119, elapsed time[sec] = 0
      diagonalizing global relaxation matrix ... done, cpu time[sec] = 1.66266, elapsed time[sec] = 0
      microscopic rate coefficients (at reference energy) over collision frequency:
             W1->P1       W1->P2       W1->P3
            725.975       151.17    0.0387462
      eigenvector populations normalized:
          L        *R        *P        W1
          0  4.63e-05  1.73e-05         1
      *R - eigenvalue over the relaxation limit
      *P - eigenvector projection squared on the relaxation subspace (= 1 -F_ne)
      eigenvector projections:
          L        *Q        *P        W1
          0     1e-06  1.73e-05        -1
         *Z       ---       ---  4.78e+20
      *Q - eigenvalue over the collision frequency in first well
      *P - eigenvector projection squared on the relaxation subspace (= 1 - F_ne)
      *Z - well partition function square root
      isomers-to-bimolecular equilibrium coefficients (kappa matrix):
        W\P       P1       P2       P3
         W1        0        0        0
      projection error = 1.72982e-05
      Wa->Wb/Wb->Wa rate constants ratios:
      Wb\Wa        W1
         W1         1
      W->P/P->W rate constants ratios:
        P\W        W1
         P1         1
         P2         1
         P3         1
      hot energies # = 0
      prompt isomerization/dissociation:
        W\W,P           W1  Total Diss.           P1           P2           P3
           W1            1  2.82663e-12  2.82584e-12  7.66268e-16  3.24049e-24

   MasterEquation::direct_diagonalization_method:  done, cpu time[sec] = 1.94581, elapsed time[sec] = 0
   MasterEquation::set:  starts
      Temperature      = 1100 K
      Energy reference = 34590 1/cm
      Energy step      = 153 1/cm
      setting wells, barriers, and bimolecular starts
         W1 Well: average energy = -73.4 kcal/mol
         W1 Well: density of states done, elapsed time[sec] = 0.0054
         W1 Well: collisional kernel bandwidth = 30
         W1 Well: collisional energy transfer kernel done, elapsed time[sec] = 0.133165
         W1 Well: relaxation modes basis done, elapsed time[sec] = 0.105385
         W1 Well: kernel in relaxation modes basis done, elapsed time[sec] = 0.078488
         W1 Well: relaxation eigenvalues done, elapsed time[sec] = 0.472311
         W1 Well: minimal relaxation eigenvalue = 0.0160905
         W1 Well: maximal relaxation eigenvalue = 0.92778
         W1 Well:       grid size = 277
         W1 Well:      real depth = -30896 1/cm
         W1 Well: effective depth = -7791 1/cm
         B1 Barrier:        grid size = 227
         B1 Barrier:      real height = 0 1/cm
         B1 Barrier: effective height = -141 1/cm
         B2 Barrier:        grid size = 201
         B2 Barrier:      real height = 3907 1/cm
         B2 Barrier: effective height = 3837 1/cm
         B3 Barrier: nonpositive number of states at -14370 1/cm => truncating
         B3 Barrier:        grid size = 320
         B3 Barrier:      real height = -16410 1/cm
         B3 Barrier: effective height = -14369 1/cm
      setting wells, barriers, and bimolecular done, cpu time[sec] = 9.9294, elapsed time[sec] = 5
      B3 barrier top is lower than the bottom of the well it connects => truncating
      MasterEquation::Barrier::truncate: grid size = 277
      MasterEquation::Barrier::truncate: real weight = 2.20611e+19
      MasterEquation::Barrier::truncate: effective weight = 1.53819e+16
      Bound Species (D1/D2 - density of states at dissociation energy (DE)/reference energy):
       Name  Depth     DE      *D1      *D2
              1/cm   1/cm       cm       cm
         W1  -7791  -7791 2.34e+10 1.88e+16
      Well-to-Bimolecular Barriers (N - number of states at the reference energy):
       Name Height       *N
              1/cm         
         B1   -141 2.44e+18
         B2   3838 5.82e+17
         B3  -7791 1.99e+14
      Effective equilibrium constants(bimolecular units - cm^3):
        Q/Q        W1        P1        P2        P3
         W1         1  1.99e-12  6.44e-09  1.12e-19
         P1  5.02e+11         1  3.23e+03  5.61e-08
         P2  1.55e+08  0.000309         1  1.74e-11
         P3  8.94e+18  1.78e+07  5.76e+10         1
      Real equilibrium constants(bimolecular units - cm^3):
        Q/Q        W1        P1        P2        P3
         W1         1  3.02e-10  9.75e-07  1.69e-17
         P1  3.32e+09         1  3.23e+03  5.61e-08
         P2  1.03e+06  0.000309         1  1.74e-11
         P3  5.91e+16  1.78e+07  5.76e+10         1
   MasterEquation::set:  done, cpu time[sec] = 9.93011, elapsed time[sec] = 5
   MasterEquation::direct_diagonalization_method:  starts
      Pressure = 1 atm	 Temperature = 1100 K
            Well    Collision, 1/sec
              W1         3.90516e+09
      global relaxation matrix dimension = 277
      setting global matrices ... done, cpu time[sec] = 0.002016, elapsed time[sec] = 0
      diagonalizing global relaxation matrix ... done, cpu time[sec] = 1.54337, elapsed time[sec] = 0
      microscopic rate coefficients (at reference energy) over collision frequency:
             W1->P1       W1->P2       W1->P3
            997.969      237.459    0.0811504
      eigenvector populations normalized:
          L        *R        *P        W1
          0  8.37e-05  3.61e-05         1
      *R - eigenvalue over the relaxation limit
      *P - eigenvector projection squared on the relaxation subspace (= 1 -F_ne)
      eigenvector projections:
          L        *Q        *P        W1
          0  1.71e-06  3.61e-05        -1
         *Z       ---       ---  2.04e+20
      *Q - eigenvalue over the collision frequency in first well
      *P - eigenvector projection squared on the relaxation subspace (= 1 - F_ne)
      *Z - well partition function square root
      isomers-to-bimolecular equilibrium coefficients (kappa matrix):
        W\P       P1       P2       P3
         W1        0        0        0
      projection error = 3.61433e-05
      Wa->Wb/Wb->Wa rate constants ratios:
      Wb\Wa        W1
         W1         1
      W->P/P->W rate constants ratios:
        P\W        W1
         P1         1
         P2         1
         P3         1
      hot energies # = 0
      prompt isomerization/dissociation:
        W\W,P           W1  Total Diss.           P1           P2           P3
           W1            1  1.66554e-10  1.66494e-10  5.95803e-14  6.64655e-22

   MasterEquation::direct_diagonalization_method:  done, cpu time[sec] = 1.81286, elapsed time[sec] = 0
rate calculation done, cpu time[sec] = 217.271, elapsed time[sec] = 120
