Wells (G - ground energy, D - dissociation limit, kcal/mol):
      Name        G        D
        W1    -88.3      0.0

Bimolecular Products (G - ground energy, kcal/mol):
      Name        G
        P1      0.0
        P2     11.2
        P3    -46.9

Well-to-Bimolecular Barriers (H/G - barrier height/well depth, kcal/mol)
      Name        H     Well        G  Product
        B1      0.0       W1    -88.3       P1
        B2     11.2       W1    -88.3       P2
        B3     33.3       W1    -88.3       P3

________________________________________________________________________________________

Unimolecular Rate Units: 1/sec;  Bimolecular Rate Units: cm^3/sec

______________________________________________________________________________________

Species-Species Rate Tables:

Temperature = 290 K

High Pressure Rate Coefficients:

From\To            W1           P1           P2           P3
W1                ***  9.81806e-52   1.5933e-60  9.13507e-64
P1        5.11367e-11          ***          ***          ***
P2        1.88022e-10          ***          ***          ***
P3        1.21008e-56          ***          ***          ***

Temperature = 290 K    Pressure = 1 atm

From\To            W1           P1           P2           P3
W1        9.78415e-52  9.78415e-52  6.49075e-61  3.36695e-67
P1          5.096e-11    5.096e-11  4.91475e-20  4.08346e-30
P2        7.65962e-11  1.11354e-10  1.87951e-10  1.61541e-25
P3        4.46005e-60  1.03855e-63  1.81331e-68  4.46109e-60

Temperature = 350 K

High Pressure Rate Coefficients:

From\To            W1           P1           P2           P3
W1                ***  4.04018e-40  1.59133e-47  2.29876e-55
P1        4.86162e-11          ***          ***          ***
P2        1.95065e-10          ***          ***          ***
P3        9.41934e-54          ***          ***          ***

Temperature = 350 K    Pressure = 1 atm

From\To            W1           P1           P2           P3
W1        3.99744e-40  3.99744e-40  5.01381e-48  3.03874e-56
P1        4.81018e-11  4.81018e-11  1.31058e-18  3.04249e-29
P2         6.1459e-11  1.33506e-10  1.94965e-10  6.17811e-25
P3        1.24514e-54  1.03604e-56  2.06521e-60   1.2555e-54

Temperature = 375 K

High Pressure Rate Coefficients:

From\To            W1           P1           P2           P3
W1                ***  2.27269e-36  2.50558e-43  2.79444e-52
P1        4.76975e-11          ***          ***          ***
P2        1.97825e-10          ***          ***          ***
P3        1.89368e-52          ***          ***          ***

Temperature = 375 K    Pressure = 1 atm

From\To            W1           P1           P2           P3
W1        2.23685e-36  2.23685e-36   7.0473e-44  1.05747e-52
P1        4.69453e-11  4.69453e-11  3.77639e-18  7.14579e-29
P2        5.56413e-11  1.42068e-10  1.97709e-10  1.17851e-24
P3        7.16606e-53  2.30731e-54  1.01151e-57  7.39689e-53

Temperature = 400 K

High Pressure Rate Coefficients:

From\To            W1           P1           P2           P3
W1                ***  4.37891e-33  1.18952e-39  2.30552e-49
P1        4.68571e-11          ***          ***          ***
P2        2.00487e-10          ***          ***          ***
P3        4.28631e-51          ***          ***          ***

Temperature = 400 K    Pressure = 1 atm

From\To            W1           P1           P2           P3
W1        4.27919e-33  4.27919e-33  2.97472e-40  1.44231e-49
P1        4.57901e-11  4.57901e-11   9.5372e-18  1.69352e-28
P2        5.01373e-11  1.50219e-10  2.00356e-10  2.38024e-24
P3        2.68148e-51  2.94236e-52  2.62556e-55  2.97598e-51

Temperature = 500 K

High Pressure Rate Coefficients:

From\To            W1           P1           P2           P3
W1                ***  3.28324e-23  1.34979e-28  6.10732e-39
P1        4.41907e-11          ***          ***          ***
P2        2.10224e-10          ***          ***          ***
P3        2.24929e-45          ***          ***          ***

Temperature = 500 K    Pressure = 1 atm

From\To            W1           P1           P2           P3
W1        3.04075e-23  3.04074e-23  2.06017e-29  9.02313e-40
P1        4.09268e-11  4.09269e-11  1.53777e-16  6.95396e-27
P2        3.20864e-11  1.77942e-10  2.10029e-10  5.37478e-23
P3        3.32316e-46  1.90282e-45  1.27098e-47  2.24785e-45

Temperature = 600 K

High Pressure Rate Coefficients:

From\To            W1           P1           P2           P3
W1                ***   1.3054e-16  3.34695e-21  1.01599e-30
P1        4.23722e-11          ***          ***          ***
P2        2.18703e-10          ***          ***          ***
P3        2.63923e-40          ***          ***          ***

Temperature = 600 K    Pressure = 1 atm

From\To            W1           P1           P2           P3
W1        1.08835e-16  1.08835e-16  3.03619e-22   6.1839e-33
P1        3.53269e-11  3.53278e-11  9.86272e-16   3.2308e-25
P2        1.98397e-11  1.98548e-10  2.18387e-10  9.49253e-22
P3        1.60639e-42   2.5856e-40  3.77368e-42   2.6394e-40

Temperature = 800 K

High Pressure Rate Coefficients:

From\To            W1           P1           P2           P3
W1                ***  2.35854e-08  6.28358e-12  6.76423e-20
P1        4.01708e-11          ***          ***          ***
P2          2.328e-10          ***          ***          ***
P3        1.95118e-33          ***          ***          ***

Temperature = 800 K    Pressure = 1 atm

From\To            W1           P1           P2           P3
W1        1.35201e-08    1.352e-08  1.93615e-13  2.72624e-24
P1        2.30273e-11  2.30376e-11  1.03357e-14  1.12219e-22
P2        7.17323e-12  2.24828e-10  2.32001e-10  6.52402e-20
P3        7.86397e-38  1.90054e-33  5.07947e-35  1.95141e-33

Temperature = 900 K

High Pressure Rate Coefficients:

From\To            W1           P1           P2           P3
W1                ***  1.32156e-05  7.88047e-09  3.21211e-16
P1        3.94633e-11          ***          ***          ***
P2        2.38757e-10          ***          ***          ***
P3        4.44609e-31          ***          ***          ***

Temperature = 900 K    Pressure = 1 atm

From\To            W1           P1           P2           P3
W1        5.86078e-06  5.86064e-06  1.40654e-10  1.98746e-21
P1        1.75004e-11  1.75234e-11  2.29927e-14  9.28728e-22
P2        4.26142e-12  2.33285e-10  2.37547e-10  3.10233e-19
P3        2.75096e-36  4.30497e-31  1.41734e-32  4.44673e-31

Temperature = 1000 K

High Pressure Rate Coefficients:

From\To            W1           P1           P2           P3
W1                ***   0.00206639  2.38322e-06  2.93785e-13
P1        3.89028e-11          ***          ***          ***
P2         2.4415e-10          ***          ***          ***
P3        3.59637e-29          ***          ***          ***

Temperature = 1000 K    Pressure = 1 atm

From\To            W1           P1           P2           P3
W1        0.000684702  0.000684678  2.46771e-08  3.69464e-19
P1        1.28898e-11  1.29339e-11  4.40801e-14  5.32059e-21
P2        2.52802e-12  2.39865e-10  2.42393e-10  1.14935e-18
P3        4.52273e-35  3.45961e-29  1.37339e-30  3.59695e-29

Temperature = 1100 K

High Pressure Rate Coefficients:

From\To            W1           P1           P2           P3
W1                ***     0.127479  0.000255565    8.015e-11
P1        3.84448e-11          ***          ***          ***
P2        2.49068e-10          ***          ***          ***
P3        1.35642e-27          ***          ***          ***

Temperature = 1100 K    Pressure = 1 atm

From\To            W1           P1           P2           P3
W1          0.0307143    0.0307127  1.54092e-06  2.53451e-17
P1        9.26192e-12  9.33777e-12  7.58486e-14  2.30869e-20
P2        1.50169e-12  2.45113e-10  2.46614e-10  3.51839e-18
P3        4.28913e-34  1.29556e-27  6.10967e-29  1.35666e-27

______________________________________________________________________________________

High Pressure Rate Coefficients (Temperature-Species Rate Tables):

   T(K)       W1->W1       W1->P1       W1->P2       W1->P3
    290          ***  9.81806e-52   1.5933e-60  9.13507e-64
    350          ***  4.04018e-40  1.59133e-47  2.29876e-55
    375          ***  2.27269e-36  2.50558e-43  2.79444e-52
    400          ***  4.37891e-33  1.18952e-39  2.30552e-49
    500          ***  3.28324e-23  1.34979e-28  6.10732e-39
    600          ***   1.3054e-16  3.34695e-21  1.01599e-30
    800          ***  2.35854e-08  6.28358e-12  6.76423e-20
    900          ***  1.32156e-05  7.88047e-09  3.21211e-16
   1000          ***   0.00206639  2.38322e-06  2.93785e-13
   1100          ***     0.127479  0.000255565    8.015e-11

   T(K)       P1->W1       P1->P1       P1->P2       P1->P3
    290  5.11367e-11          ***          ***          ***
    350  4.86162e-11          ***          ***          ***
    375  4.76975e-11          ***          ***          ***
    400  4.68571e-11          ***          ***          ***
    500  4.41907e-11          ***          ***          ***
    600  4.23722e-11          ***          ***          ***
    800  4.01708e-11          ***          ***          ***
    900  3.94633e-11          ***          ***          ***
   1000  3.89028e-11          ***          ***          ***
   1100  3.84448e-11          ***          ***          ***

   T(K)       P2->W1       P2->P1       P2->P2       P2->P3
    290  1.88022e-10          ***          ***          ***
    350  1.95065e-10          ***          ***          ***
    375  1.97825e-10          ***          ***          ***
    400  2.00487e-10          ***          ***          ***
    500  2.10224e-10          ***          ***          ***
    600  2.18703e-10          ***          ***          ***
    800    2.328e-10          ***          ***          ***
    900  2.38757e-10          ***          ***          ***
   1000   2.4415e-10          ***          ***          ***
   1100  2.49068e-10          ***          ***          ***

   T(K)       P3->W1       P3->P1       P3->P2       P3->P3
    290  1.21008e-56          ***          ***          ***
    350  9.41934e-54          ***          ***          ***
    375  1.89368e-52          ***          ***          ***
    400  4.28631e-51          ***          ***          ***
    500  2.24929e-45          ***          ***          ***
    600  2.63923e-40          ***          ***          ***
    800  1.95118e-33          ***          ***          ***
    900  4.44609e-31          ***          ***          ***
   1000  3.59637e-29          ***          ***          ***
   1100  1.35642e-27          ***          ***          ***

Capture/Escape Rate Coefficients:

   T(K)           W1           P1           P2           P3
    290  9.81806e-52  5.11367e-11  1.88022e-10  1.21008e-56
    350  4.04018e-40  4.86162e-11  1.95065e-10  9.41934e-54
    375  2.27269e-36  4.76975e-11  1.97825e-10  1.89368e-52
    400  4.37891e-33  4.68571e-11  2.00487e-10  4.28631e-51
    500  3.28326e-23  4.41907e-11  2.10224e-10  2.24929e-45
    600  1.30543e-16  4.23722e-11  2.18703e-10  2.63923e-40
    800  2.35916e-08  4.01708e-11    2.328e-10  1.95118e-33
    900  1.32235e-05  3.94633e-11  2.38757e-10  4.44609e-31
   1000   0.00206877  3.89028e-11   2.4415e-10  3.59637e-29
   1100     0.127735  3.84448e-11  2.49068e-10  1.35642e-27

______________________________________________________________________________________

Pressure-Species Rate Tables:

   Temperature = 290 K

   P(atm)       W1->P1       W1->P2       W1->P3         W1->
        1  9.78415e-52  6.49075e-61  3.36695e-67  9.78415e-52
    O-O  9.81806e-52   1.5933e-60  9.13507e-64  9.81806e-52

   Temperature = 350 K

   P(atm)       W1->P1       W1->P2       W1->P3         W1->
        1  3.99744e-40  5.01381e-48  3.03874e-56  3.99744e-40
    O-O  4.04018e-40  1.59133e-47  2.29876e-55  4.04018e-40

   Temperature = 375 K

   P(atm)       W1->P1       W1->P2       W1->P3         W1->
        1  2.23685e-36   7.0473e-44  1.05747e-52  2.23685e-36
    O-O  2.27269e-36  2.50558e-43  2.79444e-52  2.27269e-36

   Temperature = 400 K

   P(atm)       W1->P1       W1->P2       W1->P3         W1->
        1  4.27919e-33  2.97472e-40  1.44231e-49  4.27919e-33
    O-O  4.37891e-33  1.18952e-39  2.30552e-49  4.37891e-33

   Temperature = 500 K

   P(atm)       W1->P1       W1->P2       W1->P3         W1->
        1  3.04074e-23  2.06017e-29  9.02313e-40  3.04075e-23
    O-O  3.28324e-23  1.34979e-28  6.10732e-39  3.28326e-23

   Temperature = 600 K

   P(atm)       W1->P1       W1->P2       W1->P3         W1->
        1  1.08835e-16  3.03619e-22   6.1839e-33  1.08835e-16
    O-O   1.3054e-16  3.34695e-21  1.01599e-30  1.30543e-16

   Temperature = 800 K

   P(atm)       W1->P1       W1->P2       W1->P3         W1->
        1    1.352e-08  1.93615e-13  2.72624e-24  1.35201e-08
    O-O  2.35854e-08  6.28358e-12  6.76423e-20  2.35916e-08

   Temperature = 900 K

   P(atm)       W1->P1       W1->P2       W1->P3         W1->
        1  5.86064e-06  1.40654e-10  1.98746e-21  5.86078e-06
    O-O  1.32156e-05  7.88047e-09  3.21211e-16  1.32235e-05

   Temperature = 1000 K

   P(atm)       W1->P1       W1->P2       W1->P3         W1->
        1  0.000684678  2.46771e-08  3.69464e-19  0.000684702
    O-O   0.00206639  2.38322e-06  2.93785e-13   0.00206877

   Temperature = 1100 K

   P(atm)       W1->P1       W1->P2       W1->P3         W1->
        1    0.0307127  1.54092e-06  2.53451e-17    0.0307143
    O-O     0.127479  0.000255565    8.015e-11     0.127735

   Temperature = 290 K

   P(atm)       P1->W1       P1->P2       P1->P3         P1->
        1    5.096e-11  4.91475e-20  4.08346e-30    5.096e-11
    O-O  5.11367e-11          ***          ***  5.11367e-11

   Temperature = 350 K

   P(atm)       P1->W1       P1->P2       P1->P3         P1->
        1  4.81018e-11  1.31058e-18  3.04249e-29  4.81018e-11
    O-O  4.86162e-11          ***          ***  4.86162e-11

   Temperature = 375 K

   P(atm)       P1->W1       P1->P2       P1->P3         P1->
        1  4.69453e-11  3.77639e-18  7.14579e-29  4.69453e-11
    O-O  4.76975e-11          ***          ***  4.76975e-11

   Temperature = 400 K

   P(atm)       P1->W1       P1->P2       P1->P3         P1->
        1  4.57901e-11   9.5372e-18  1.69352e-28  4.57901e-11
    O-O  4.68571e-11          ***          ***  4.68571e-11

   Temperature = 500 K

   P(atm)       P1->W1       P1->P2       P1->P3         P1->
        1  4.09268e-11  1.53777e-16  6.95396e-27  4.09269e-11
    O-O  4.41907e-11          ***          ***  4.41907e-11

   Temperature = 600 K

   P(atm)       P1->W1       P1->P2       P1->P3         P1->
        1  3.53269e-11  9.86272e-16   3.2308e-25  3.53278e-11
    O-O  4.23722e-11          ***          ***  4.23722e-11

   Temperature = 800 K

   P(atm)       P1->W1       P1->P2       P1->P3         P1->
        1  2.30273e-11  1.03357e-14  1.12219e-22  2.30376e-11
    O-O  4.01708e-11          ***          ***  4.01708e-11

   Temperature = 900 K

   P(atm)       P1->W1       P1->P2       P1->P3         P1->
        1  1.75004e-11  2.29927e-14  9.28728e-22  1.75234e-11
    O-O  3.94633e-11          ***          ***  3.94633e-11

   Temperature = 1000 K

   P(atm)       P1->W1       P1->P2       P1->P3         P1->
        1  1.28898e-11  4.40801e-14  5.32059e-21  1.29339e-11
    O-O  3.89028e-11          ***          ***  3.89028e-11

   Temperature = 1100 K

   P(atm)       P1->W1       P1->P2       P1->P3         P1->
        1  9.26192e-12  7.58486e-14  2.30869e-20  9.33777e-12
    O-O  3.84448e-11          ***          ***  3.84448e-11

   Temperature = 290 K

   P(atm)       P2->W1       P2->P1       P2->P3         P2->
        1  7.65962e-11  1.11354e-10  1.61541e-25  1.87951e-10
    O-O  1.88022e-10          ***          ***  1.88022e-10

   Temperature = 350 K

   P(atm)       P2->W1       P2->P1       P2->P3         P2->
        1   6.1459e-11  1.33506e-10  6.17811e-25  1.94965e-10
    O-O  1.95065e-10          ***          ***  1.95065e-10

   Temperature = 375 K

   P(atm)       P2->W1       P2->P1       P2->P3         P2->
        1  5.56413e-11  1.42068e-10  1.17851e-24  1.97709e-10
    O-O  1.97825e-10          ***          ***  1.97825e-10

   Temperature = 400 K

   P(atm)       P2->W1       P2->P1       P2->P3         P2->
        1  5.01373e-11  1.50219e-10  2.38024e-24  2.00356e-10
    O-O  2.00487e-10          ***          ***  2.00487e-10

   Temperature = 500 K

   P(atm)       P2->W1       P2->P1       P2->P3         P2->
        1  3.20864e-11  1.77942e-10  5.37478e-23  2.10029e-10
    O-O  2.10224e-10          ***          ***  2.10224e-10

   Temperature = 600 K

   P(atm)       P2->W1       P2->P1       P2->P3         P2->
        1  1.98397e-11  1.98548e-10  9.49253e-22  2.18387e-10
    O-O  2.18703e-10          ***          ***  2.18703e-10

   Temperature = 800 K

   P(atm)       P2->W1       P2->P1       P2->P3         P2->
        1  7.17323e-12  2.24828e-10  6.52402e-20  2.32001e-10
    O-O    2.328e-10          ***          ***    2.328e-10

   Temperature = 900 K

   P(atm)       P2->W1       P2->P1       P2->P3         P2->
        1  4.26142e-12  2.33285e-10  3.10233e-19  2.37547e-10
    O-O  2.38757e-10          ***          ***  2.38757e-10

   Temperature = 1000 K

   P(atm)       P2->W1       P2->P1       P2->P3         P2->
        1  2.52802e-12  2.39865e-10  1.14935e-18  2.42393e-10
    O-O   2.4415e-10          ***          ***   2.4415e-10

   Temperature = 1100 K

   P(atm)       P2->W1       P2->P1       P2->P3         P2->
        1  1.50169e-12  2.45113e-10  3.51839e-18  2.46614e-10
    O-O  2.49068e-10          ***          ***  2.49068e-10

   Temperature = 290 K

   P(atm)       P3->W1       P3->P1       P3->P2         P3->
        1  4.46005e-60  1.03855e-63  1.81331e-68  4.46109e-60
    O-O  1.21008e-56          ***          ***  1.21008e-56

   Temperature = 350 K

   P(atm)       P3->W1       P3->P1       P3->P2         P3->
        1  1.24514e-54  1.03604e-56  2.06521e-60   1.2555e-54
    O-O  9.41934e-54          ***          ***  9.41934e-54

   Temperature = 375 K

   P(atm)       P3->W1       P3->P1       P3->P2         P3->
        1  7.16606e-53  2.30731e-54  1.01151e-57  7.39689e-53
    O-O  1.89368e-52          ***          ***  1.89368e-52

   Temperature = 400 K

   P(atm)       P3->W1       P3->P1       P3->P2         P3->
        1  2.68148e-51  2.94236e-52  2.62556e-55  2.97598e-51
    O-O  4.28631e-51          ***          ***  4.28631e-51

   Temperature = 500 K

   P(atm)       P3->W1       P3->P1       P3->P2         P3->
        1  3.32316e-46  1.90282e-45  1.27098e-47  2.24785e-45
    O-O  2.24929e-45          ***          ***  2.24929e-45

   Temperature = 600 K

   P(atm)       P3->W1       P3->P1       P3->P2         P3->
        1  1.60639e-42   2.5856e-40  3.77368e-42   2.6394e-40
    O-O  2.63923e-40          ***          ***  2.63923e-40

   Temperature = 800 K

   P(atm)       P3->W1       P3->P1       P3->P2         P3->
        1  7.86397e-38  1.90054e-33  5.07947e-35  1.95141e-33
    O-O  1.95118e-33          ***          ***  1.95118e-33

   Temperature = 900 K

   P(atm)       P3->W1       P3->P1       P3->P2         P3->
        1  2.75096e-36  4.30497e-31  1.41734e-32  4.44673e-31
    O-O  4.44609e-31          ***          ***  4.44609e-31

   Temperature = 1000 K

   P(atm)       P3->W1       P3->P1       P3->P2         P3->
        1  4.52273e-35  3.45961e-29  1.37339e-30  3.59695e-29
    O-O  3.59637e-29          ***          ***  3.59637e-29

   Temperature = 1100 K

   P(atm)       P3->W1       P3->P1       P3->P2         P3->
        1  4.28913e-34  1.29556e-27  6.10967e-29  1.35666e-27
    O-O  1.35642e-27          ***          ***  1.35642e-27

______________________________________________________________________________________

Temperature-Species Rate Tables:

   Pressure = 1 atm

   T(K)       W1->P1       W1->P2       W1->P3         W1->      Capture
    290  9.78415e-52  6.49075e-61  3.36695e-67  9.78415e-52  9.81806e-52
    350  3.99744e-40  5.01381e-48  3.03874e-56  3.99744e-40  4.04018e-40
    375  2.23685e-36   7.0473e-44  1.05747e-52  2.23685e-36  2.27269e-36
    400  4.27919e-33  2.97472e-40  1.44231e-49  4.27919e-33  4.37891e-33
    500  3.04074e-23  2.06017e-29  9.02313e-40  3.04075e-23  3.28326e-23
    600  1.08835e-16  3.03619e-22   6.1839e-33  1.08835e-16  1.30543e-16
    800    1.352e-08  1.93615e-13  2.72624e-24  1.35201e-08  2.35916e-08
    900  5.86064e-06  1.40654e-10  1.98746e-21  5.86078e-06  1.32235e-05
   1000  0.000684678  2.46771e-08  3.69464e-19  0.000684702   0.00206877
   1100    0.0307127  1.54092e-06  2.53451e-17    0.0307143     0.127735

   Pressure = 1 atm

   T(K)       P1->W1       P1->P2       P1->P3         P1->      Capture
    290    5.096e-11  4.91475e-20  4.08346e-30    5.096e-11  5.11367e-11
    350  4.81018e-11  1.31058e-18  3.04249e-29  4.81018e-11  4.86162e-11
    375  4.69453e-11  3.77639e-18  7.14579e-29  4.69453e-11  4.76975e-11
    400  4.57901e-11   9.5372e-18  1.69352e-28  4.57901e-11  4.68571e-11
    500  4.09268e-11  1.53777e-16  6.95396e-27  4.09269e-11  4.41907e-11
    600  3.53269e-11  9.86272e-16   3.2308e-25  3.53278e-11  4.23722e-11
    800  2.30273e-11  1.03357e-14  1.12219e-22  2.30376e-11  4.01708e-11
    900  1.75004e-11  2.29927e-14  9.28728e-22  1.75234e-11  3.94633e-11
   1000  1.28898e-11  4.40801e-14  5.32059e-21  1.29339e-11  3.89028e-11
   1100  9.26192e-12  7.58486e-14  2.30869e-20  9.33777e-12  3.84448e-11

   Pressure = 1 atm

   T(K)       P2->W1       P2->P1       P2->P3         P2->      Capture
    290  7.65962e-11  1.11354e-10  1.61541e-25  1.87951e-10  1.88022e-10
    350   6.1459e-11  1.33506e-10  6.17811e-25  1.94965e-10  1.95065e-10
    375  5.56413e-11  1.42068e-10  1.17851e-24  1.97709e-10  1.97825e-10
    400  5.01373e-11  1.50219e-10  2.38024e-24  2.00356e-10  2.00487e-10
    500  3.20864e-11  1.77942e-10  5.37478e-23  2.10029e-10  2.10224e-10
    600  1.98397e-11  1.98548e-10  9.49253e-22  2.18387e-10  2.18703e-10
    800  7.17323e-12  2.24828e-10  6.52402e-20  2.32001e-10    2.328e-10
    900  4.26142e-12  2.33285e-10  3.10233e-19  2.37547e-10  2.38757e-10
   1000  2.52802e-12  2.39865e-10  1.14935e-18  2.42393e-10   2.4415e-10
   1100  1.50169e-12  2.45113e-10  3.51839e-18  2.46614e-10  2.49068e-10

   Pressure = 1 atm

   T(K)       P3->W1       P3->P1       P3->P2         P3->      Capture
    290  4.46005e-60  1.03855e-63  1.81331e-68  4.46109e-60  1.21008e-56
    350  1.24514e-54  1.03604e-56  2.06521e-60   1.2555e-54  9.41934e-54
    375  7.16606e-53  2.30731e-54  1.01151e-57  7.39689e-53  1.89368e-52
    400  2.68148e-51  2.94236e-52  2.62556e-55  2.97598e-51  4.28631e-51
    500  3.32316e-46  1.90282e-45  1.27098e-47  2.24785e-45  2.24929e-45
    600  1.60639e-42   2.5856e-40  3.77368e-42   2.6394e-40  2.63923e-40
    800  7.86397e-38  1.90054e-33  5.07947e-35  1.95141e-33  1.95118e-33
    900  2.75096e-36  4.30497e-31  1.41734e-32  4.44673e-31  4.44609e-31
   1000  4.52273e-35  3.45961e-29  1.37339e-30  3.59695e-29  3.59637e-29
   1100  4.28913e-34  1.29556e-27  6.10967e-29  1.35666e-27  1.35642e-27

______________________________________________________________________________________

Temperature-Pressure Rate Tables:

W1->P1

P\T              290          350          375          400          500          600          800          900         1000         1100
1        9.78415e-52  3.99744e-40  2.23685e-36  4.27919e-33  3.04074e-23  1.08835e-16    1.352e-08  5.86064e-06  0.000684678    0.0307127
O-O      9.81806e-52  4.04018e-40  2.27269e-36  4.37891e-33  3.28324e-23   1.3054e-16  2.35854e-08  1.32156e-05   0.00206639     0.127479

W1->P2

P\T              290          350          375          400          500          600          800          900         1000         1100
1        6.49075e-61  5.01381e-48   7.0473e-44  2.97472e-40  2.06017e-29  3.03619e-22  1.93615e-13  1.40654e-10  2.46771e-08  1.54092e-06
O-O       1.5933e-60  1.59133e-47  2.50558e-43  1.18952e-39  1.34979e-28  3.34695e-21  6.28358e-12  7.88047e-09  2.38322e-06  0.000255565

W1->P3

P\T              290          350          375          400          500          600          800          900         1000         1100
1        3.36695e-67  3.03874e-56  1.05747e-52  1.44231e-49  9.02313e-40   6.1839e-33  2.72624e-24  1.98746e-21  3.69464e-19  2.53451e-17
O-O      9.13507e-64  2.29876e-55  2.79444e-52  2.30552e-49  6.10732e-39  1.01599e-30  6.76423e-20  3.21211e-16  2.93785e-13    8.015e-11

P1->W1

P\T              290          350          375          400          500          600          800          900         1000         1100
1          5.096e-11  4.81018e-11  4.69453e-11  4.57901e-11  4.09268e-11  3.53269e-11  2.30273e-11  1.75004e-11  1.28898e-11  9.26192e-12
O-O      5.11367e-11  4.86162e-11  4.76975e-11  4.68571e-11  4.41907e-11  4.23722e-11  4.01708e-11  3.94633e-11  3.89028e-11  3.84448e-11

P1->P2

P\T              290          350          375          400          500          600          800          900         1000         1100
1        4.91475e-20  1.31058e-18  3.77639e-18   9.5372e-18  1.53777e-16  9.86272e-16  1.03357e-14  2.29927e-14  4.40801e-14  7.58486e-14
O-O              ***          ***          ***          ***          ***          ***          ***          ***          ***          ***

P1->P3

P\T              290          350          375          400          500          600          800          900         1000         1100
1        4.08346e-30  3.04249e-29  7.14579e-29  1.69352e-28  6.95396e-27   3.2308e-25  1.12219e-22  9.28728e-22  5.32059e-21  2.30869e-20
O-O              ***          ***          ***          ***          ***          ***          ***          ***          ***          ***

P2->W1

P\T              290          350          375          400          500          600          800          900         1000         1100
1        7.65962e-11   6.1459e-11  5.56413e-11  5.01373e-11  3.20864e-11  1.98397e-11  7.17323e-12  4.26142e-12  2.52802e-12  1.50169e-12
O-O      1.88022e-10  1.95065e-10  1.97825e-10  2.00487e-10  2.10224e-10  2.18703e-10    2.328e-10  2.38757e-10   2.4415e-10  2.49068e-10

P2->P1

P\T              290          350          375          400          500          600          800          900         1000         1100
1        1.11354e-10  1.33506e-10  1.42068e-10  1.50219e-10  1.77942e-10  1.98548e-10  2.24828e-10  2.33285e-10  2.39865e-10  2.45113e-10
O-O              ***          ***          ***          ***          ***          ***          ***          ***          ***          ***

P2->P3

P\T              290          350          375          400          500          600          800          900         1000         1100
1        1.61541e-25  6.17811e-25  1.17851e-24  2.38024e-24  5.37478e-23  9.49253e-22  6.52402e-20  3.10233e-19  1.14935e-18  3.51839e-18
O-O              ***          ***          ***          ***          ***          ***          ***          ***          ***          ***

P3->W1

P\T              290          350          375          400          500          600          800          900         1000         1100
1        4.46005e-60  1.24514e-54  7.16606e-53  2.68148e-51  3.32316e-46  1.60639e-42  7.86397e-38  2.75096e-36  4.52273e-35  4.28913e-34
O-O      1.21008e-56  9.41934e-54  1.89368e-52  4.28631e-51  2.24929e-45  2.63923e-40  1.95118e-33  4.44609e-31  3.59637e-29  1.35642e-27

P3->P1

P\T              290          350          375          400          500          600          800          900         1000         1100
1        1.03855e-63  1.03604e-56  2.30731e-54  2.94236e-52  1.90282e-45   2.5856e-40  1.90054e-33  4.30497e-31  3.45961e-29  1.29556e-27
O-O              ***          ***          ***          ***          ***          ***          ***          ***          ***          ***

P3->P2

P\T              290          350          375          400          500          600          800          900         1000         1100
1        1.81331e-68  2.06521e-60  1.01151e-57  2.62556e-55  1.27098e-47  3.77368e-42  5.07947e-35  1.41734e-32  1.37339e-30  6.10967e-29
O-O              ***          ***          ***          ***          ***          ***          ***          ***          ***          ***

W1-> 

P\T              290          350          375          400          500          600          800          900         1000         1100
1        9.78415e-52  3.99744e-40  2.23685e-36  4.27919e-33  3.04075e-23  1.08835e-16  1.35201e-08  5.86078e-06  0.000684702    0.0307143
O-O      9.81806e-52  4.04018e-40  2.27269e-36  4.37891e-33  3.28326e-23  1.30543e-16  2.35916e-08  1.32235e-05   0.00206877     0.127735

P1-> 

P\T              290          350          375          400          500          600          800          900         1000         1100
1          5.096e-11  4.81018e-11  4.69453e-11  4.57901e-11  4.09269e-11  3.53278e-11  2.30376e-11  1.75234e-11  1.29339e-11  9.33777e-12
O-O      5.11367e-11  4.86162e-11  4.76975e-11  4.68571e-11  4.41907e-11  4.23722e-11  4.01708e-11  3.94633e-11  3.89028e-11  3.84448e-11

P2-> 

P\T              290          350          375          400          500          600          800          900         1000         1100
1        1.87951e-10  1.94965e-10  1.97709e-10  2.00356e-10  2.10029e-10  2.18387e-10  2.32001e-10  2.37547e-10  2.42393e-10  2.46614e-10
O-O      1.88022e-10  1.95065e-10  1.97825e-10  2.00487e-10  2.10224e-10  2.18703e-10    2.328e-10  2.38757e-10   2.4415e-10  2.49068e-10

P3-> 

P\T              290          350          375          400          500          600          800          900         1000         1100
1        4.46109e-60   1.2555e-54  7.39689e-53  2.97598e-51  2.24785e-45   2.6394e-40  1.95141e-33  4.44673e-31  3.59695e-29  1.35666e-27
O-O      1.21008e-56  9.41934e-54  1.89368e-52  4.28631e-51  2.24929e-45  2.63923e-40  1.95118e-33  4.44609e-31  3.59637e-29  1.35642e-27

