    E, kcal/mol    D, mol/kcal        W1v->W1        W1v->P1        W1v->P4        W1v->P5
            -30              0            ***            ***            ***            ***
            -29              0            ***            ***            ***            ***
            -28              0            ***            ***            ***            ***
            -27              0            ***            ***            ***            ***
            -26              0            ***            ***            ***            ***
            -25              0            ***            ***            ***            ***
            -24              0            ***            ***            ***            ***
            -23              0            ***            ***            ***            ***
            -22              0            ***            ***            ***            ***
            -21              0            ***            ***            ***            ***
            -20              0            ***            ***            ***            ***
            -19              0            ***            ***            ***            ***
            -18              0            ***            ***            ***            ***
            -17              0            ***            ***            ***            ***
            -16              0            ***            ***            ***            ***
            -15              0            ***            ***            ***            ***
            -14              0            ***            ***            ***            ***
            -13              0            ***            ***            ***            ***
            -12              0            ***            ***            ***            ***
            -11              0            ***            ***            ***            ***
            -10              0            ***            ***            ***            ***
             -9              0            ***            ***            ***            ***
             -8              0            ***            ***            ***            ***
             -7         386550              0              0    3.03861e+08              0
             -6     6.9545e+06              0              0     6.0884e+10         138672
             -5    4.37475e+07              0              0    1.35627e+11         802465
             -4    1.72752e+08              0              0     2.0573e+11     2.0539e+06
             -3    5.30383e+08              0              0    2.67767e+11     4.1699e+06
             -2    1.38254e+09              0              0    3.20974e+11    7.62017e+06
             -1    3.21821e+09              0              0    3.65447e+11    1.30729e+07
   -1.38789e-14     6.8804e+09              0              0    4.03158e+11    2.15155e+07
              1    1.37523e+10    5.28232e+10    3.00093e+11    4.36094e+11    3.43655e+07
              2    2.60126e+10    8.65764e+10    1.86248e+12    4.65647e+11    5.35767e+07
              3    4.69925e+10    1.17922e+11    4.50271e+12      4.925e+11    8.16491e+07
              4    8.16554e+10    1.47275e+11    7.24637e+12    5.17021e+11    1.21477e+08
              5    1.37244e+11    1.73994e+11    9.80051e+12    5.39475e+11       1.76e+08
              6    2.24123e+11    1.94418e+11    1.22473e+13     5.6013e+11    2.47849e+08
              7    3.56863e+11    2.12483e+11    1.45034e+13    5.79235e+11    3.39163e+08
              8     5.5566e+11    2.26146e+11    1.64972e+13    5.96961e+11    4.51579e+08
              9    8.48147e+11     2.3752e+11    1.81937e+13    6.13426e+11    5.86274e+08
             10    1.27166e+12    2.46901e+11    1.96066e+13     6.2874e+11    7.44008e+08
             11    1.87607e+12    2.54867e+11     2.0754e+13    6.43012e+11    9.25138e+08
             12    2.72732e+12    2.60894e+11    2.16996e+13    6.56343e+11    1.12967e+09
             13    3.91176e+12    2.65582e+11    2.24784e+13    6.68815e+11    1.35732e+09
             14    5.54148e+12    2.69569e+11    2.30986e+13      6.805e+11    1.60761e+09
             15    7.76084e+12    2.72678e+11    2.35767e+13     6.9146e+11    1.87994e+09
             16    1.07543e+13    2.74805e+11    2.39457e+13    7.01752e+11     2.1736e+09
             17    1.47558e+13    2.76024e+11    2.42191e+13     7.1143e+11    2.48778e+09
             18    2.00605e+13    2.76813e+11    2.44057e+13    7.20536e+11    2.82166e+09
             19    2.70378e+13    2.77239e+11    2.45156e+13    7.29111e+11    3.17437e+09
             20    3.61481e+13    2.77241e+11    2.45594e+13     7.3719e+11    3.54505e+09
    E, kcal/mol    D, mol/kcal        W2v->W1        W2v->W2        W2v->P2
            -30              0            ***            ***            ***
            -29              0            ***            ***            ***
            -28         253388              0              0              0
            -27    3.37978e+06              0              0              0
            -26    1.92568e+07              0              0              0
            -25    7.26649e+07              0              0              0
            -24     2.1401e+08              0              0              0
            -23     5.4291e+08    4.46573e+11     4.6554e+11    2.63099e+11
            -22    1.23738e+09    9.77738e+11    1.46008e+12    9.05342e+12
            -21     2.6005e+09    1.21839e+12    2.52615e+12    3.15433e+13
            -20     5.1245e+09     1.3156e+12     3.0459e+12    6.05364e+13
            -19    9.57594e+09    1.39886e+12    3.29663e+12    8.70471e+13
            -18    1.71182e+10     1.5006e+12    3.49442e+12    1.08602e+14
            -17    2.94716e+10     1.5601e+12    3.65104e+12    1.27368e+14
            -16    4.91274e+10    1.57905e+12    3.70725e+12    1.44272e+14
            -15    7.96271e+10    1.57881e+12    3.68544e+12    1.58561e+14
            -14    1.25923e+11    1.57381e+12    3.63775e+12    1.69866e+14
            -13    1.94838e+11    1.55915e+12    3.57425e+12    1.78637e+14
            -12    2.95663e+11    1.53575e+12    3.49509e+12    1.85529e+14
            -11    4.40886e+11    1.50769e+12    3.41059e+12    1.90887e+14
            -10    6.47119e+11    1.47642e+12     3.3229e+12    1.94943e+14
             -9    9.36233e+11    1.44294e+12    3.23246e+12    1.97889e+14
             -8    1.33676e+12    1.40847e+12    3.14122e+12    1.99861e+14
             -7    1.88559e+12    1.37474e+12    3.05274e+12    2.01071e+14
             -6    2.63007e+12    1.34053e+12    2.96501e+12    2.01692e+14
             -5     3.6305e+12    1.30638e+12     2.8779e+12    2.01821e+14
             -4    4.96314e+12    1.27302e+12    2.79276e+12    2.01489e+14
             -3    6.72383e+12    1.24081e+12    2.71029e+12    2.00759e+14
             -2    9.03226e+12    1.20936e+12     2.6299e+12    1.99708e+14
             -1    1.20371e+13    1.17859e+12     2.5518e+12    1.98401e+14
   -1.38789e-14     1.5922e+13    1.14885e+12    2.47646e+12    1.96874e+14
              1    2.09125e+13    1.12015e+12    2.40366e+12     1.9516e+14
              2    2.72846e+13    1.09235e+12    2.33325e+12    1.93285e+14
              3    3.53741e+13    1.06543e+12    2.26537e+12    1.91285e+14
              4    4.55881e+13     1.0395e+12    2.19999e+12    1.89187e+14
              5    5.84177e+13    1.01449e+12    2.13688e+12     1.8701e+14
              6    7.44534e+13    9.90337e+11    2.07601e+12    1.84768e+14
              7     9.4402e+13    9.67065e+11    2.01747e+12    1.82474e+14
              8    1.19107e+14    9.44669e+11    1.96111e+12    1.80142e+14
              9    1.49571e+14    9.23092e+11     1.9068e+12    1.77785e+14
             10    1.86983e+14    9.02275e+11    1.85452e+12    1.75411e+14
             11    2.32746e+14    8.82235e+11    1.80425e+12    1.73029e+14
             12    2.88513e+14    8.62939e+11    1.75586e+12    1.70644e+14
             13    3.56223e+14    8.44331e+11    1.70927e+12    1.68262e+14
             14    4.38149e+14    8.26384e+11    1.66442e+12    1.65888e+14
             15    5.36941e+14    8.09093e+11    1.62125e+12     1.6353e+14
             16    6.55689e+14    7.92427e+11    1.57968e+12    1.61188e+14
             17    7.97977e+14    7.76343e+11    1.53965e+12    1.58866e+14
             18    9.67962e+14    7.60828e+11    1.50111e+12    1.56566e+14
             19    1.17044e+15    7.45864e+11    1.46397e+12    1.54291e+14
             20    1.41096e+15    7.31425e+11     1.4282e+12    1.52044e+14
    E, kcal/mol    D, mol/kcal        W1->W1v        W1->W2v         W1->W2
            -30    8.27328e+08              0              0    2.38803e-09
            -29    1.25524e+09              0              0    2.51001e-06
            -28    1.87237e+09              0              0     0.00219332
            -27    2.74904e+09              0              0        1.61796
            -26    3.97691e+09              0              0        1020.96
            -25    5.67802e+09              0              0         544294
            -24    8.00786e+09              0              0    5.08764e+07
            -23    1.11662e+10              0    2.17128e+10    3.93753e+08
            -22    1.54055e+10              0    7.85324e+10    1.44409e+09
            -21    2.10445e+10              0    1.50559e+11    3.73926e+09
            -20     2.8484e+10              0    2.36687e+11     7.8725e+09
            -19    3.82203e+10              0    3.50478e+11     1.4521e+10
            -18    5.08702e+10              0    5.04964e+11    2.44158e+10
            -17    6.71878e+10              0    6.84332e+11    3.83012e+10
            -16    8.80982e+10              0    8.80549e+11    5.68826e+10
            -15     1.1473e+11              0    1.09576e+12    8.08214e+10
            -14    1.48447e+11              0    1.33502e+12    1.10726e+11
            -13    1.90893e+11              0    1.59137e+12    1.47162e+11
            -12    2.44047e+11              0    1.86057e+12    1.90643e+11
            -11     3.1027e+11              0    2.14238e+12    2.41645e+11
            -10    3.92377e+11              0    2.43496e+12    3.00595e+11
             -9    4.93712e+11              0    2.73627e+12    3.67881e+11
             -8     6.1822e+11              0    3.04549e+12    4.43863e+11
             -7    7.70562e+11              0    3.36404e+12    5.28866e+11
             -6    9.56208e+11              0    3.68717e+12    6.23179e+11
             -5    1.18155e+12              0    4.01404e+12    7.27065e+11
             -4    1.45408e+12              0    4.34514e+12    8.40742e+11
             -3     1.7825e+12              0     4.6805e+12    9.64406e+11
             -2    2.17689e+12              0    5.01782e+12    1.09822e+12
             -1    2.64897e+12              0    5.35558e+12    1.24233e+12
   -1.38789e-14    3.21224e+12              0    5.69444e+12    1.39684e+12
              1    3.88224e+12    1.87119e+08    6.03392e+12    1.56185e+12
              2    4.67686e+12    4.81536e+08    6.37271e+12    1.73743e+12
              3    5.61658e+12    9.86627e+08    6.71026e+12    1.92363e+12
              4    6.72484e+12    1.78827e+09    7.04683e+12    2.12049e+12
              5     8.0284e+12    2.97439e+09    7.38179e+12    2.32803e+12
              6    9.55772e+12    4.55899e+09    7.71459e+12    2.54627e+12
              7    1.13474e+13    6.68232e+09    8.04525e+12     2.7752e+12
              8    1.34368e+13    9.35193e+09    8.37376e+12    3.01479e+12
              9    1.58704e+13    1.26935e+10    8.69972e+12    3.26502e+12
             10    1.86985e+13    1.67914e+10    9.02269e+12    3.52586e+12
             11    2.19777e+13    2.17562e+10    9.34298e+12    3.79725e+12
             12    2.57719e+13    2.76092e+10    9.66047e+12    4.07914e+12
             13     3.0153e+13     3.4454e+10    9.97479e+12    4.37147e+12
             14    3.52017e+13    4.24357e+10    1.02858e+13    4.67417e+12
             15    4.10082e+13    5.16047e+10    1.05939e+13    4.98716e+12
             16    4.76736e+13    6.19909e+10    1.08988e+13    5.31036e+12
             17     5.5311e+13    7.36375e+10    1.12004e+13    5.64369e+12
             18    6.40463e+13    8.67031e+10    1.14987e+13    5.98706e+12
             19      7.402e+13    1.01269e+11     1.1794e+13    6.34038e+12
             20    8.53881e+13    1.17367e+11    1.20861e+13    6.70355e+12
    E, kcal/mol    D, mol/kcal         W2->W1        W2->W2v         W2->P3
            -30    3.57888e+09    5.52039e-10              0    2.03851e+12
            -29    4.73843e+09    6.64916e-07              0    2.51819e+12
            -28    6.22858e+09    0.000659332              0    3.05716e+12
            -27    8.13207e+09       0.546951              0     3.6559e+12
            -26    1.05488e+10        384.903              0    4.31484e+12
            -25    1.36004e+10         227237              0    5.03387e+12
            -24    1.74334e+10    2.33696e+07              0    5.81272e+12
            -23    2.22235e+10    1.97842e+08     1.1373e+10    6.65101e+12
            -22    2.81814e+10    7.89422e+08    6.41088e+10    7.54794e+12
            -21    3.55575e+10    2.21306e+09     1.8475e+11    8.50284e+12
            -20    4.46495e+10    5.02224e+09    3.49582e+11    9.51475e+12
            -19    5.58093e+10    9.94452e+09    5.65646e+11    1.05827e+13
            -18    6.94525e+10    1.78832e+10    8.61281e+11    1.17055e+13
            -17    8.60669e+10    2.98997e+10    1.25022e+12    1.28822e+13
            -16    1.06226e+11    4.71754e+10    1.71453e+12    1.41112e+13
            -15    1.30598e+11     7.1001e+10    2.24705e+12    1.53915e+13
            -14    1.59964e+11    1.02754e+11    2.86364e+12    1.67217e+13
            -13    1.95229e+11    1.43894e+11     3.5671e+12    1.81005e+13
            -12    2.37444e+11    1.95945e+11    4.35205e+12    1.95266e+13
            -11    2.87826e+11    2.60487e+11    5.22426e+12    2.09987e+13
            -10    3.47778e+11    3.39143e+11      6.183e+12    2.25152e+13
             -9    4.18913e+11    4.33568e+11    7.22428e+12    2.40751e+13
             -8    5.03085e+11    5.45445e+11    8.34658e+12    2.56768e+13
             -7    6.02419e+11    6.76479e+11    9.55514e+12    2.73192e+13
             -6    7.19346e+11    8.28376e+11    1.08407e+13    2.90008e+13
             -5    8.56635e+11    1.00284e+12    1.21968e+13    3.07205e+13
             -4    1.01745e+12    1.20154e+12    1.36232e+13    3.24769e+13
             -3    1.20537e+12    1.42616e+12    1.51185e+13    3.42688e+13
             -2    1.42448e+12     1.6783e+12    1.66755e+13    3.60951e+13
             -1    1.67939e+12    1.95958e+12    1.82901e+13    3.79545e+13
   -1.38789e-14    1.97531e+12    2.27153e+12    1.99614e+13    3.98458e+13
              1    2.31813e+12    2.61568e+12    2.16841e+13    4.17681e+13
              2    2.71448e+12    2.99346e+12    2.34526e+13      4.372e+13
              3    3.17183e+12     3.4063e+12    2.52648e+13    4.57007e+13
              4    3.69855e+12    3.85555e+12     2.7117e+13    4.77089e+13
              5    4.30405e+12    4.34252e+12    2.90033e+13    4.97437e+13
              6    4.99885e+12    4.86843e+12    3.09204e+13    5.18041e+13
              7    5.79472e+12     5.4345e+12    3.28668e+13    5.38892e+13
              8    6.70481e+12    6.04182e+12     3.4838e+13    5.59979e+13
              9    7.74377e+12    6.69148e+12    3.68301e+13    5.81294e+13
             10    8.92794e+12    7.38447e+12    3.88405e+13    6.02828e+13
             11    1.02755e+13    8.12175e+12    4.08675e+13    6.24572e+13
             12    1.18065e+13    8.90419e+12    4.29076e+13    6.46518e+13
             13    1.35434e+13    9.73263e+12    4.49577e+13    6.68658e+13
             14     1.5511e+13    1.06078e+13    4.70158e+13    6.90984e+13
             15    1.77368e+13    1.15305e+13    4.90798e+13    7.13489e+13
             16     2.0251e+13    1.25013e+13    5.11472e+13    7.36164e+13
             17    2.30871e+13    1.35209e+13    5.32162e+13    7.59003e+13
             18    2.62821e+13