Model::init:  starts
   Model::ExponentialKernel::ExponentialKernel:  ... done
   Model::LennardJonesCollision::LennardJonesCollision:  ... done
   WELL: W0
   Model::RRHO::RRHO:  starts
      Model::new_core:  starts
         Model::RigidRotor::RigidRotor:  starts
            molecular geometry will be used to estimate rotational constants
            rotational configuration: nonlinear
            rotational constants[1/cm]:         23.7897       0.601083        0.58627
         Model::RigidRotor::RigidRotor:  done, cpu time[sec] = 0.004552, elapsed time[sec] = 0
      Model::new_core:  done, cpu time[sec] = 0.005632, elapsed time[sec] = 0
      ground state energy, kcal/mol:   0.15
      interpolating states number/density starts
         core state contribution ... done, cpu time[sec] = 0.179006, elapsed time[sec] = 0
         electronic states contribution ... done, cpu time[sec] = 0.020195, elapsed time[sec] = 0
         vibrational modes contribution ... done, cpu time[sec] = 0.025058, elapsed time[sec] = 0
         effective power exponent at 399.849 kcal/mol = 6.36045
      interpolating states number/density done, cpu time[sec] = 1.2795, elapsed time[sec] = 0
   Model::RRHO::RRHO:  done, cpu time[sec] = 1.65556, elapsed time[sec] = 0
   WELL: W1
   Model::RRHO::RRHO:  starts
      Model::new_core:  starts
         Model::RigidRotor::RigidRotor:  starts
            molecular geometry will be used to estimate rotational constants
            rotational configuration: nonlinear
            rotational constants[1/cm]:         2.27757        1.07738         0.7314
         Model::RigidRotor::RigidRotor:  done, cpu time[sec] = 0.011145, elapsed time[sec] = 0
      Model::new_core:  done, cpu time[sec] = 0.032374, elapsed time[sec] = 0
      ground state energy, kcal/mol:   0.19
      interpolating states number/density starts
         core state contribution ... done, cpu time[sec] = 0.114827, elapsed time[sec] = 0
         electronic states contribution ... done, cpu time[sec] = 0.012503, elapsed time[sec] = 0
         vibrational modes contribution ... done, cpu time[sec] = 0.026264, elapsed time[sec] = 0
         effective power exponent at 399.809 kcal/mol = 6.35945
      interpolating states number/density done, cpu time[sec] = 1.13926, elapsed time[sec] = 0
   Model::RRHO::RRHO:  done, cpu time[sec] = 1.2076, elapsed time[sec] = 0
   WELL: W2
   Model::RRHO::RRHO:  starts
      Model::new_core:  starts
         Model::RigidRotor::RigidRotor:  starts
            molecular geometry will be used to estimate rotational constants
            rotational configuration: nonlinear
            rotational constants[1/cm]:         23.7897       0.601083        0.58627
         Model::RigidRotor::RigidRotor:  done, cpu time[sec] = 0.010459, elapsed time[sec] = 0
      Model::new_core:  done, cpu time[sec] = 0.029618, elapsed time[sec] = 0
      ground state energy, kcal/mol:   0.15
      interpolating states number/density starts
         core state contribution ... done, cpu time[sec] = 0.101685, elapsed time[sec] = 0
         electronic states contribution ... done, cpu time[sec] = 0.012101, elapsed time[sec] = 0
         vibrational modes contribution ... done, cpu time[sec] = 0.026843, elapsed time[sec] = 0
         effective power exponent at 399.849 kcal/mol = 6.36045
      interpolating states number/density done, cpu time[sec] = 1.08543, elapsed time[sec] = 0
   Model::RRHO::RRHO:  done, cpu time[sec] = 1.14782, elapsed time[sec] = 0
   WELL: W3
   Model::RRHO::RRHO:  starts
      Model::new_core:  starts
         Model::RigidRotor::RigidRotor:  starts
            molecular geometry will be used to estimate rotational constants
            rotational configuration: nonlinear
            rotational constants[1/cm]:         1.78953        1.33461       0.764474
         Model::RigidRotor::RigidRotor:  done, cpu time[sec] = 0.010661, elapsed time[sec] = 0
      Model::new_core:  done, cpu time[sec] = 0.030765, elapsed time[sec] = 0
      ground state energy, kcal/mol:   0.21
      interpolating states number/density starts
         core state contribution ... done, cpu time[sec] = 0.105468, elapsed time[sec] = 0
         electronic states contribution ... done, cpu time[sec] = 0.01312, elapsed time[sec] = 0
         vibrational modes contribution ... done, cpu time[sec] = 0.027474, elapsed time[sec] = 0
         effective power exponent at 399.789 kcal/mol = 6.35813
      interpolating states number/density done, cpu time[sec] = 0.360213, elapsed time[sec] = 0
   Model::RRHO::RRHO:  done, cpu time[sec] = 0.412353, elapsed time[sec] = 0
   WELL: W4
   Model::RRHO::RRHO:  starts
      Model::new_core:  starts
         Model::RigidRotor::RigidRotor:  starts
            molecular geometry will be used to estimate rotational constants
            rotational configuration: nonlinear
            rotational constants[1/cm]:         9.52595        1.29538        1.14032
         Model::RigidRotor::RigidRotor:  done, cpu time[sec] = 2.8e-05, elapsed time[sec] = 0
      Model::new_core:  done, cpu time[sec] = 4e-05, elapsed time[sec] = 0
      ground state energy, kcal/mol:   -86.72
      interpolating states number/density starts
         core state contribution ... done, cpu time[sec] = 0.002596, elapsed time[sec] = 0
         vibrational modes contribution ... done, cpu time[sec] = 0.000429, elapsed time[sec] = 0
         effective power exponent at 486.717 kcal/mol = 6.27499
      interpolating states number/density done, cpu time[sec] = 0.022629, elapsed time[sec] = 0
   Model::RRHO::RRHO:  done, cpu time[sec] = 0.022735, elapsed time[sec] = 0
   WELL: W5t
   Model::RRHO::RRHO:  starts
      Model::new_core:  starts
         Model::RigidRotor::RigidRotor:  starts
            molecular geometry will be used to estimate rotational constants
            rotational configuration: nonlinear
            rotational constants[1/cm]:         9.65604        1.21662        1.08048
         Model::RigidRotor::RigidRotor:  done, cpu time[sec] = 1.7e-05, elapsed time[sec] = 0
      Model::new_core:  done, cpu time[sec] = 2.3e-05, elapsed time[sec] = 0
      ground state energy, kcal/mol:   -34.55
      interpolating states number/density starts
         core state contribution ... done, cpu time[sec] = 0.001051, elapsed time[sec] = 0
         vibrational modes contribution ... done, cpu time[sec] = 0.000194, elapsed time[sec] = 0
         effective power exponent at 434.55 kcal/mol = 6.24835
      interpolating states number/density done, cpu time[sec] = 0.012666, elapsed time[sec] = 0
   Model::RRHO::RRHO:  done, cpu time[sec] = 0.012729, elapsed time[sec] = 0
Model::init:  done, cpu time[sec] = 4.50759, elapsed time[sec] = 0
