    E, kcal/mol    D, mol/kcal         W1->P0
            -50              0            ***
          -49.5              0            ***
            -49              0            ***
          -48.5              0            ***
            -48              0            ***
          -47.5              0            ***
            -47              0            ***
          -46.5              0            ***
            -46              0            ***
          -45.5              0            ***
            -45              0            ***
          -44.5              0            ***
            -44              0            ***
          -43.5              0            ***
            -43              0            ***
          -42.5              0            ***
            -42              0            ***
          -41.5              0            ***
            -41              0            ***
          -40.5              0            ***
            -40              0            ***
          -39.5              0            ***
            -39              0            ***
          -38.5              0            ***
            -38              0            ***
          -37.5              0            ***
            -37              0            ***
          -36.5              0            ***
            -36              0            ***
          -35.5              0            ***
            -35              0            ***
          -34.5              0            ***
            -34              0            ***
          -33.5              0            ***
            -33              0            ***
          -32.5              0            ***
            -32              0            ***
          -31.5              0            ***
            -31              0            ***
          -30.5              0            ***
            -30              0            ***
          -29.5              0            ***
            -29              0            ***
          -28.5              0            ***
            -28              0            ***
          -27.5              0            ***
            -27              0            ***
          -26.5              0            ***
            -26              0            ***
          -25.5              0            ***
            -25              0            ***
          -24.5              0            ***
            -24              0            ***
          -23.5              0            ***
            -23              0            ***
          -22.5              0            ***
            -22              0            ***
          -21.5              0            ***
            -21              0            ***
          -20.5              0            ***
            -20              0            ***
          -19.5              0            ***
            -19              0            ***
          -18.5              0            ***
            -18              0            ***
          -17.5              0            ***
            -17              0            ***
          -16.5              0            ***
            -16              0            ***
          -15.5              0            ***
            -15              0            ***
          -14.5        1205.26              0
            -14        2868.71              0
          -13.5         3873.8              0
            -13        4667.24              0
          -12.5        5344.16              0
            -12        5944.48              0
          -11.5        6489.51              0
            -11        9343.28              0
          -10.5        10968.8              0
            -10        12270.4              0
           -9.5          13405              0
             -9        16043.7              0
           -8.5        18438.6              0
             -8        21959.9              0
           -7.5        24980.1              0
             -7        27381.3              0
           -6.5        31782.9              0
             -6        34878.1              0
           -5.5        40112.2              0
             -5        43941.6              0
           -4.5        49258.2              0
             -4          53103              0
           -3.5        60040.1              0
             -3        65926.1              0
           -2.5        72708.5              0
             -2        78262.1              0
           -1.5        85145.2              0
             -1        93354.4              0
           -0.5         100495              0
   -3.52416e-14         110299              0
            0.5         118574        61519.3
              1         128148    1.48832e+06
            1.5         137741    1.63251e+07
              2         150789    1.21637e+08
            2.5         160962    7.39822e+08
              3         174021    3.74824e+09
            3.5         184543    1.63745e+10
              4         197021    5.65374e+10
            4.5         211130    1.45618e+11
              5         227001    2.92735e+11
            5.5         241427    5.06582e+11
              6         256228    7.86014e+11
            6.5         272336    1.12588e+12
              7         287605    1.53142e+12
            7.5         307876    1.96554e+12
              8         325570    2.46626e+12
            8.5         345914    2.99425e+12
              9         364724    3.58067e+12
            9.5         387737    4.16883e+12
             10         408107    4.83385e+12
           10.5         432450    5.50829e+12
             11         454705    6.26978e+12
           11.5         479230    7.06274e+12
             12         504473    7.90561e+12
           12.5         530324     8.7976e+12
             13         559328    9.69178e+12
           13.5         585697    1.06842e+13
             14         615704    1.16606e+13
           14.5         644975    1.26975e+13
             15         677834    1.37076e+13
           15.5         708472    1.48054e+13
             16         744092    1.58439e+13
           16.5         777240    1.69834e+13
             17         812993    1.81175e+13
           17.5         850020    1.92745e+13
             18         888333    2.04528e+13
           18.5         928366    2.16407e+13
             19         968306    2.28785e+13
           19.5    1.00949e+06    2.41333e+13
             20    1.05173e+06    2.54077e+13
           20.5     1.0975e+06    2.66389e+13
             21    1.14201e+06    2.79422e+13
           21.5    1.18996e+06    2.92013e+13
             22     1.2364e+06    3.05387e+13
           22.5    1.28543e+06     3.1856e+13
             23    1.33594e+06    3.31819e+13
           23.5    1.38962e+06    3.44743e+13
             24      1.443e+06    3.58198e+13
           24.5    1.49981e+06    3.71246e+13
             25    1.55593e+06    3.84904e+13
           25.5    1.61461e+06    3.98353e+13
             26    1.67459e+06      4.119e+13
           26.5    1.73463e+06    4.25836e+13
             27    1.79795e+06    4.39361e+13
           27.5    1.86265e+06    4.52941e+13
             28    1.92888e+06    4.66542e+13
           28.5    1.99615e+06    4.80301e+13
             29    2.06651e+06     4.9374e+13
           29.5    2.13674e+06    5.07632e+13
             30    2.21076e+06    5.21048e+13
           30.5     2.2851e+06    5.34811e+13
             31    2.36139e+06    5.48529e+13
           31.5    2.43973e+06    5.62179e+13
             32     2.5201e+06    5.75762e+13
           32.5    2.60195e+06      5.894e+13
             33    2.68632e+06    6.02857e+13
           33.5    2.77148e+06    6.16517e+13
             34    2.85929e+06    6.29973e+13
           34.5    2.95008e+06    6.43169e+13
             35    3.04126e+06    6.56684e+13
           35.5    3.13542e+06    6.69962e+13
             36    3.23072e+06      6.834e+13
           36.5    3.32767e+06    6.96887e+13
             37     3.4283e+06    7.10003e+13
           37.5    3.53041e+06    7.23208e+13
             38    3.63311e+06    7.36678e+13
           38.5    3.74047e+06    7.49586e+13
             39    3.84795e+06     7.6285e+13
           39.5    3.95844e+06    7.75891e+13
             40    4.07329e+06    7.88454e+13
           40.5    4.18895e+06    8.01251e+13
             41    4.30578e+06    8.14208e+13
           41.5    4.42684e+06    8.26757e+13
             42    4.54786e+06    8.39703e+13
           42.5    4.67143e+06     8.5256e+13
             43    4.80011e+06     8.6487e+13
           43.5    4.92969e+06    8.77402e+13
             44    5.06185e+06    8.89852e+13
           44.5    5.19514e+06    9.02474e+13
             45    5.33189e+06    9.14862e+13
           45.5    5.47204e+06    9.27031e+13
             46    5.61502e+06     9.3909e+13
           46.5    5.75925e+06    9.51309e+13
             47     5.9071e+06    9.63305e+13
           47.5    6.05679e+06    9.75374e+13
             48    6.20964e+06    9.87307e+13
           48.5    6.36655e+06    9.98969e+13
             49    6.52398e+06    1.01092e+14
           49.5    6.68465e+06    1.02273e+14
             50     6.8488e+06    1.03438e+14
           50.5    7.01564e+06    1.04598e+14
             51    7.18578e+06    1.05745e+14
           51.5    7.35917e+06    1.06879e+14
             52    7.53268e+06    1.08047e+14
           52.5    7.71089e+06    1.09182e+14
             53    7.89358e+06    1.10291e+14
           53.5    8.07657e+06     1.1143e+14
             54    8.26522e+06    1.12528e+14
           54.5    8.45586e+06    1.13634e+14
             55    8.64804e+06    1.14755e+14
           55.5    8.84564e+06    1.15839e+14
             56    9.04702e+06    1.16909e+14
           56.5    9.24974e+06    1.17996e+14
             57    9.45746e+06    1.19054e+14
           57.5    9.66636e+06    1.20131e+14
             58    9.87767e+06    1.21212e+14
           58.5    1.00956e+07    1.22246e+14
             59     1.0315e+07    1.23296e+14
           59.5    1.05388e+07    1.24327e+14
             60     1.0765e+07    1.25365e+14
           60.5    1.09938e+07    1.26407e+14
             61    1.12265e+07    1.27438e+14
           61.5    1.14655e+07     1.2843e+14
             62    1.17054e+07    1.29446e+14
           62.5    1.19504e+07    1.30439e+14
             63    1.21981e+07    1.31435e+14
           63.5    1.24482e+07    1.32438e+14
             64    1.27052e+07      1.334e+14
           64.5    1.29636e+07    1.34381e+14
             65    1.32251e+07    1.35362e+14
           65.5    1.34916e+07    1.36323e+14
             66    1.37622e+07    1.37277e+14
           66.5    1.40344e+07    1.38247e+14
             67    1.43155e+07    1.39162e+14
           67.5    1.45948e+07    1.40126e+14
             68    1.48801e+07    1.41064e+14
           68.5    1.51698e+07    1.41992e+14
             69    1.54635e+07    1.42914e+14
           69.5    1.57613e+07     1.4383e+14
             70    1.60637e+07    1.44734e+14
           70.5    1.63689e+07    1.45644e+14
             71    1.66787e+07    1.46545e+14
           71.5    1.69934e+07    1.47433e+14
             72    1.73096e+07    1.48339e+14
           72.5    1.76356e+07    1.49193e+14
             73      1.796e+07     1.5009e+14
           73.5    1.82913e+07     1.5096e+14
             74    1.86265e+07    1.51829e+14
           74.5    1.89676e+07     1.5268e+14
             75    1.93101e+07    1.53549e+14
           75.5    1.96607e+07    1.54384e+14
             76    2.00126e+07    1.55237e+14
           76.5    2.03687e+07    1.56087e+14
             77     2.0732e+07    1.56912e+14
           77.5    2.10974e+07    1.57751e+14
             78    2.14704e+07    1.58562e+14
           78.5    2.18464e+07     1.5938e+14
             79    2.22279e+07    1.60188e+14
           79.5    2.26122e+07    1.61005e+14
             80    2.30043e+07    1.61794e+14
           80.5    2.33965e+07    1.62612e+14
             81    2.37972e+07    1.63399e+14
           81.5    2.42014e+07     1.6419e+14
             82    2.46106e+07    1.64975e+14
           82.5    2.50253e+07    1.65751e+14
             83     2.5444e+07    1.66529e+14
           83.5    2.58681e+07    1.67299e+14
             84    2.62973e+07    1.68065e+14
           84.5    2.67319e+07    1.68824e+14
             85    2.71709e+07    1.69582e+14
           85.5    2.76171e+07    1.70323e+14
             86    2.80648e+07    1.71082e+14
           86.5    2.85214e+07    1.71814e+14
             87     2.8981e+07    1.72555e+14
           87.5    2.94458e+07    1.73292e+14
             88    2.99163e+07    1.74022e+14
           88.5    3.03938e+07    1.74738e+14
             89    3.08736e+07    1.75467e+14
           89.5    3.13626e+07     1.7617e+14
             90    3.18546e+07    1.76883e+14
           90.5    3.23509e+07    1.77599e+14
             91    3.28557e+07    1.78294e+14
           91.5    3.33638e+07    1.78997e+14
             92    3.38781e+07    1.79693e+14
           92.5    3.43986e+07    1.80381e+14
             93    3.49242e+07    1.81069e+14
           93.5    3.54543e+07    1.81759e+14
             94    3.59947e+07    1.82421e+14
           94.5    3.65371e+07    1.83099e+14
             95    3.70874e+07    1.83762e+14
           95.5    3.76419e+07    1.84429e+14
             96    3.82011e+07    1.85099e+14
           96.5    3.87678e+07    1.85757e+14
             97    3.93407e+07     1.8641e+14
           97.5     3.9919e+07    1.87062e+14
             98    4.05052e+07    1.87702e+14
           98.5    4.10945e+07    1.88352e+14
             99    4.16899e+07    1.88998e+14
           99.5    4.22954e+07    1.89623e+14
            100    4.29034e+07     1.9026e+14
          100.5     4.3519e+07    1.90888e+14
            101    4.41417e+07    1.91508e+14
          101.5    4.47692e+07    1.92132e+14
            102    4.54031e+07    1.92752e+14
          102.5    4.60464e+07    1.93356e+14
            103    4.66913e+07    1.93976e+14
          103.5    4.73461e+07    1.94579e+14
            104    4.80056e+07    1.95186e+14
          104.5    4.86711e+07    1.95791e+14
            105    4.93465e+07     1.9638e+14
          105.5    5.00272e+07    1.96971e+14
            106    5.07119e+07    1.97569e+14
          106.5    5.14059e+07    1.98152e+14
            107    5.21063e+07    1.98735e+14
          107.5    5.28116e+07    1.99321e+14
            108    5.35282e+07    1.99887e+14
          108.5    5.42474e+07    2.00466e+14
            109    5.49744e+07    2.01038e+14
          109.5    5.57092e+07    2.01604e+14
            110    5.64506e+07    2.02168e+14
          110.5    5.71996e+07    2.02728e+14
            111    5.79571e+07    2.03278e+14
          111.5    5.87171e+07    2.03842e+14
            112    5.94867e+07    2.04395e+14
          112.5    6.02647e+07    2.04939e+14
            113    6.10473e+07     2.0549e+14
          113.5    6.18408e+07    2.06026e+14
            114    6.26389e+07    2.06568e+14
          114.5    6.34433e+07     2.0711e+14
            115    6.42569e+07    2.07643e+14
          115.5    6.50785e+07    2.08171e+14
            116    6.59053e+07    2.08704e+14
          116.5    6.67429e+07    2.09224e+14
            117    6.75857e+07    2.09748e+14
          117.5     6.8436e+07     2.1027e+14
            118    6.92962e+07    2.10782e+14
          118.5    7.01613e+07    2.11299e+14
            119     7.1035e+07    2.11811e+14
          119.5    7.19168e+07    2.12319e+14
            120    7.28052e+07    2.12828e+14
          120.5    7.37022e+07    2.13332e+14
            121    7.46094e+07    2.13826e+14
          121.5    7.55207e+07    2.14329e+14
            122    7.64425e+07    2.14823e+14
          122.5     7.7371e+07    2.15317e+14
            123    7.83067e+07     2.1581e+14
          123.5    7.92537e+07    2.16293e+14
            124     8.0207e+07    2.16778e+14
          124.5    8.11674e+07    2.17263e+14
            125    8.21379e+07     2.1774e+14
          125.5     8.3115e+07    2.18219e+14
            126    8.40994e+07    2.18699e+14
          126.5    8.50973e+07    2.19162e+14
            127    8.60986e+07    2.19636e+14
          127.5    8.71091e+07    2.20106e+14
            128    8.81299e+07    2.20568e+14
          128.5    8.91572e+07    2.21033e+14
            129    9.01936e+07    2.21495e+14
          129.5    9.12397e+07    2.21951e+14
            130    9.22924e+07    2.22409e+14
          130.5    9.33545e+07    2.22864e+14
            131    9.44266e+07    2.23313e+14
          131.5    9.55041e+07    2.23768e+14
            132     9.6595e+07     2.2421e+14
          132.5    9.76921e+07    2.24655e+14
            133     9.8799e+07    2.25096e+14
          133.5    9.99152e+07    2.25535e+14
            134    1.01039e+08    2.25974e+14
          134.5    1.02171e+08    2.26412e+14
            135    1.03315e+08    2.26844e+14
          135.5    1.04465e+08    2.27277e+14
            136    1.05626e+08    2.27707e+14
          136.5    1.06797e+08    2.28131e+14
            137    1.07972e+08    2.28563e+14
          137.5    1.09163e+08     2.2898e+14
            138     1.1036e+08    2.29403e+14
          138.5    1.11566e+08    2.29823e+14
            139    1.12783e+08    2.30239e+14
          139.5     1.1401e+08    2.30651e+14
            140    1.15244e+08    2.31067e+14
          140.5    1.16491e+08    2.31474e+14
            141    1.17745e+08    2.31883e+14
          141.5    1.19006e+08    2.32294e+14
            142    1.20282e+08    2.32695e+14
          142.5    1.21564e+08    2.33101e+14
            143    1.22858e+08      2.335e+14
          143.5    1.24161e+08    2.33898e+14
            144    1.25474e+08    2.34294e+14
          144.5    1.26795e+08    2.34693e+14
            145    1.28129e+08    2.35084e+14
          145.5     1.2947e+08    2.35478e+14
            146    1.30823e+08    2.35866e+14
          146.5    1.32186e+08    2.36254e+14
            147    1.33557e+08    2.36642e+14
          147.5     1.3494e+08    2.37026e+14
            148    1.36333e+08    2.37408e+14
          148.5    1.37737e+08    2.37788e+14
            149    1.39152e+08    2.38163e+14
          149.5    1.40576e+08     2.3854e+14
            150    1.42008e+08     2.3892e+14
          150.5    1.43454e+08     2.3929e+14
            151    1.44907e+08    2.39665e+14
          151.5    1.46373e+08    2.40034e+14
            152     1.4785e+08    2.40401e+14
          152.5    1.49335e+08     2.4077e+14
            153    1.50832e+08    2.41137e+14
          153.5    1.52342e+08    2.41496e+14
            154     1.5386e+08     2.4186e+14
          154.5     1.5539e+08    2.42218e+14
            155    1.56931e+08    2.42575e+14
          155.5    1.58481e+08    2.42934e+14
            156    1.60045e+08    2.43286e+14
          156.5    1.61618e+08     2.4364e+14
            157    1.63201e+08    2.43993e+14
          157.5    1.64797e+08    2.44343e+14
            158    1.66403e+08    2.44692e+14
          158.5    1.68019e+08    2.45041e+14
            159    1.69651e+08    2.45382e+14
          159.5     1.7129e+08    2.45727e+14
            160    1.72941e+08     2.4607e+14
          160.5    1.74604e+08     2.4641e+14
            161    1.76276e+08    2.46752e+14
          161.5    1.77961e+08     2.4709e+14
            162     1.7966e+08    2.47424e+14
          162.5    1.81367e+08     2.4776e+14
            163    1.83087e+08    2.48094e+14
          163.5    1.84819e+08    2.48425e+14
            164     1.8656e+08    2.48758e+14
          164.5    1.88318e+08    2.49084e+14
            165    1.90085e+08     2.4941e+14
          165.5    1.91862e+08    2.49738e+14
            166    1.93652e+08    2.50063e+14
          166.5    1.95455e+08    2.50386e+14
            167    1.97268e+08     2.5071e+14
          167.5    1.99096e+08    2.51027e+14
            168    2.00932e+08    2.51348e+14
          168.5    2.02782e+08    2.51667e+14
            169    2.04645e+08    2.51982e+14
          169.5    2.06519e+08    2.52298e+14
            170    2.08407e+08    2.52611e+14
          170.5    2.10307e+08    2.52922e+14
            171    2.12217e+08    2.53234e+14
          171.5    2.14142e+08    2.53543e+14
            172     2.1608e+08    2.53849e+14
          172.5    2.18026e+08    2.54159e+14
            173    2.19989e+08    2.54462e+14
          173.5    2.21962e+08    2.54768e+14
            174    2.23947e+08    2.55072e+14
          174.5    2.25947e+08    2.55373e+14
            175     2.2796e+08    2.55672e+14
          175.5    2.29983e+08    2.55973e+14
            176    2.32022e+08     2.5627e+14
          176.5    2.34071e+08    2.56567e+14
            177    2.36132e+08    2.56865e+14
          177.5    2.38211e+08    2.57156e+14
            178    2.40299e+08     2.5745e+14
          178.5    2.42402e+08    2.57742e+14
            179    2.44518e+08    2.58031e+14
          179.5    2.46645e+08    2.58323e+14
            180    2.48785e+08    2.58611e+14
          180.5    2.50943e+08    2.58896e+14
            181    2.53109e+08    2.59184e+14
          181.5    2.55291e+08    2.59468e+14
            182    2.57486e+08    2.59751e+14
          182.5    2.59694e+08    2.60034e+14
            183    2.61916e+08    2.60314e+14
          183.5     2.6415e+08    2.60596e+14
            184    2.66399e+08    2.60875e+14
          184.5    2.68662e+08    2.61152e+14
            185    2.70938e+08    2.61429e+14
          185.5    2.73227e+08    2.61706e+14
            186    2.75533e+08    2.61978e+14
          186.5    2.77849e+08    2.62252e+14
            187    2.80182e+08    2.62523e+14
          187.5    2.82529e+08    2.62793e+14
            188    2.84887e+08    2.63064e+14
          188.5     2.8726e+08    2.63333e+14
            189    2.89648e+08    2.63601e+14
          189.5    2.92049e+08    2.63869e+14
            190    2.94465e+08    2.64134e+14
          190.5    2.96896e+08    2.64398e+14
            191    2.99338e+08    2.64664e+14
          191.5    3.01799e+08    2.64924e+14
            192    3.04272e+08    2.65186e+14
          192.5    3.06759e+08    2.65447e+14
            193    3.09262e+08    2.65706e+14
          193.5    3.11778e+08    2.65965e+14
            194    3.14309e+08    2.66222e+14
          194.5    3.16856e+08    2.66478e+14
            195    3.19416e+08    2.66734e+14
          195.5     3.2199e+08    2.66989e+14
            196    3.24582e+08    2.67242e+14
          196.5    3.27183e+08    2.67497e+14
            197    3.29806e+08    2.67746e+14
          197.5    3.32441e+08    2.67996e+14
            198     3.3509e+08    2.68246e+14
          198.5    3.37755e+08    2.68495e+14
            199    3.40435e+08    2.68742e+14
          199.5    3.43128e+08    2.68991e+14
            200     3.4584e+08    2.69235e+14
          200.5    3.48565e+08     2.6948e+14
            201    3.51305e+08    2.69725e+14
          201.5    3.54062e+08    2.69967e+14
            202    3.56832e+08     2.7021e+14
          202.5    3.59621e+08    2.70449e+14
            203    3.62425e+08    2.70689e+14
          203.5    3.65243e+08    2.70928e+14
            204    3.68075e+08    2.71167e+14
          204.5    3.70926e+08    2.71404e+14
            205    3.73789e+08    2.71642e+14
          205.5    3.76671e+08    2.71877e+14
            206    3.79569e+08    2.72111e+14
          206.5    3.82479e+08    2.72346e+14
            207    3.85409e+08    2.72579e+14
          207.5    3.88353e+08    2.72811e+14
            208    3.91314e+08    2.73042e+14
          208.5    3.94291e+08    2.73272e+14
            209    3.97284e+08    2.73502e+14
          209.5    4.00291e+08    2.73731e+14
            210    4.03319e+08    2.73958e+14
          210.5    4.06359e+08    2.74186e+14
            211    4.09417e+08    2.74412e+14
          211.5    4.12492e+08    2.74637e+14
            212     4.1558e+08    2.74863e+14
          212.5    4.18686e+08    2.75087e+14
            213    4.21813e+08    2.75308e+14
          213.5    4.24952e+08    2.75531e+14
            214     4.2811e+08    2.75752e+14
          214.5    4.31284e+08    2.75972e+14
            215    4.34472e+08    2.76193e+14
          215.5     4.3768e+08    2.76412e+14
            216    4.40904e+08     2.7663e+14
          216.5    4.44145e+08    2.76847e+14
            217    4.47403e+08    2.77063e+14
          217.5    4.50679e+08    2.77279e+14
            218    4.53969e+08    2.77495e+14
          218.5    4.57282e+08    2.77707e+14
            219    4.60608e+08    2.77921e+14
          219.5    4.63951e+08    2.78133e+14
            220    4.67313e+08    2.78345e+14
          220.5     4.7069e+08    2.78557e+14
            221    4.74086e+08    2.78767e+14
          221.5      4.775e+08    2.78976e+14
            222     4.8093e+08    2.79186e+14
          222.5    4.84378e+08    2.79394e+14
            223    4.87845e+08    2.79601e+14
          223.5    4.91326e+08    2.79809e+14
            224     4.9483e+08    2.80013e+14
          224.5     4.9835e+08    2.80219e+14
            225    5.01886e+08    2.80424e+14
          225.5    5.05441e+08    2.80627e+14
            226    5.09015e+08     2.8083e+14
          226.5    5.12604e+08    2.81033e+14
            227    5.16215e+08    2.81234e+14
          227.5     5.1984e+08    2.81435e+14
            228    5.23484e+08    2.81636e+14
          228.5    5.27149e+08    2.81835e+14
            229     5.3083e+08    2.82034e+14
          229.5    5.34531e+08    2.82232e+14
            230     5.3825e+08    2.82429e+14
          230.5    5.41985e+08    2.82627e+14
            231    5.45739e+08    2.82824e+14
          231.5    5.49515e+08    2.83018e+14
            232    5.53306e+08    2.83214e+14
          232.5    5.57119e+08    2.83407e+14
            233    5.60948e+08    2.83601e+14
          233.5    5.64797e+08    2.83793e+14
            234    5.68664e+08    2.83986e+14
          234.5    5.72551e+08    2.84177e+14
            235    5.76456e+08    2.84368e+14
          235.5    5.80381e+08    2.84558e+14
            236    5.84324e+08    2.84747e+14
          236.5    5.88286e+08    2.84936e+14
            237    5.92269e+08    2.85124e+14
          237.5    5.96267e+08    2.85313e+14
            238    6.00288e+08    2.85499e+14
          238.5    6.04328e+08    2.85686e+14
            239    6.08386e+08    2.85871e+14
          239.5    6.12463e+08    2.86057e+14
            240    6.16562e+08    2.86241e+14
          240.5    6.20679e+08    2.86425e+14
            241    6.24816e+08    2.86608e+14
          241.5    6.28973e+08     2.8679e+14
            242    6.33148e+08    2.86973e+14
          242.5    6.37345e+08    2.87154e+14
            243     6.4156e+08    2.87335e+14
          243.5    6.45796e+08    2.87515e+14
            244    6.50051e+08    2.87695e+14
          244.5    6.54326e+08    2.87874e+14
            245     6.5862e+08    2.88053e+14
          245.5    6.62938e+08     2.8823e+14
            246    6.67272e+08    2.88408e+14
          246.5    6.71629e+08    2.88585e+14
            247    6.76005e+08    2.88761e+14
          247.5      6.804e+08    2.88937e+14
            248    6.84818e+08    2.89111e+14
          248.5    6.89256e+08    2.89286e+14
            249    6.93714e+08     2.8946e+14
          249.5    6.98193e+08    2.89633e+14
            250    7.02692e+08    2.89805e+14
          250.5     7.0721e+08    2.89979e+14
            251    7.11753e+08    2.90149e+14
          251.5    7.16314e+08     2.9032e+14
            252    7.20897e+08    2.90491e+14
          252.5    7.25499e+08    2.90661e+14
            253    7.30122e+08    2.90831e+14
          253.5    7.34766e+08       2.91e+14
            254    7.39433e+08    2.91168e+14
          254.5     7.4412e+08    2.91335e+14
            255    7.48828e+08    2.91503e+14
          255.5    7.53559e+08    2.91669e+14
            256    7.58308e+08    2.91836e+14
          256.5    7.63083e+08    2.92001e+14
            257    7.67877e+08    2.92166e+14
          257.5    7.72691e+08    2.92331e+14
            258    7.77528e+08    2.92495e+14
          258.5    7.82386e+08    2.92659e+14
            259    7.87265e+08    2.92822e+14
          259.5    7.92167e+08    2.92984e+14
            260     7.9709e+08    2.93146e+14
          260.5    8.02033e+08    2.93309e+14
            261    8.07002e+08    2.93469e+14
          261.5    8.11989e+08     2.9363e+14
            262    8.17001e+08     2.9379e+14
          262.5    8.22035e+08    2.93949e+14
            263    8.27089e+08    2.94109e+14
          263.5    8.32165e+08    2.94267e+14
            264    8.37267e+08    2.94425e+14
          264.5    8.42388e+08    2.94583e+14
            265    8.47532e+08     2.9474e+14
          265.5      8.527e+08    2.94896e+14
            266    8.57887e+08    2.95053e+14
          266.5    8.63098e+08    2.95208e+14
            267    8.68333e+08    2.95363e+14
          267.5    8.73591e+08    2.95517e+14
            268     8.7887e+08    2.95672e+14
          268.5    8.84172e+08    2.95825e+14
            269    8.89494e+08    2.95979e+14
          269.5    8.94843e+08    2.96132e+14
            270    9.00214e+08    2.96284e+14
          270.5    9.05608e+08    2.96436e+14
            271    9.11026e+08    2.96587e+14
          271.5    9.16464e+08    2.96738e+14
            272    9.21928e+08    2.96889e+14
          272.5    9.27415e+08    2.97038e+14
            273    9.32925e+08    2.97188e+14
          273.5    9.38457e+08    2.97337e+14
            274    9.44013e+08    2.97486e+14
          274.5    9.49591e+08    2.97635e+14
            275    9.55196e+08    2.97782e+14
          275.5    9.60822e+08    2.97929e+14
            276    9.66471e+08    2.98077e+14
          276.5    9.72145e+08    2.98223e+14
            277    9.77843e+08    2.98369e+14
          277.5    9.83564e+08    2.98515e+14
            278    9.89311e+08     2.9866e+14
          278.5     9.9508e+08    2.98804e+14
            279    1.00087e+09    2.98949e+14
          279.5    1.00669e+09    2.99092e+14
            280    1.01253e+09    2.99236e+14
          280.5     1.0184e+09    2.99379e+14
            281    1.02429e+09    2.99522e+14
          281.5     1.0302e+09    2.99664e+14
            282    1.03614e+09    2.99806e+14
          282.5     1.0421e+09    2.99947e+14
            283    1.04809e+09    3.00088e+14
          283.5     1.0541e+09    3.00228e+14
            284    1.06014e+09    3.00368e+14
          284.5     1.0662e+09    3.00508e+14
            285    1.07229e+09    3.00648e+14
          285.5     1.0784e+09    3.00786e+14
            286    1.08453e+09    3.00925e+14
          286.5     1.0907e+09    3.01063e+14
            287    1.09688e+09      3.012e+14
          287.5    1.10309e+09    3.01338e+14
            288    1.10933e+09    3.01474e+14
          288.5    1.11559e+09    3.01611e+14
            289    1.12187e+09    3.01747e+14
          289.5    1.12818e+09    3.01883e+14
            290    1.13452e+09    3.02018e+14
          290.5    1.14088e+09    3.02153e+14
            291    1.14727e+09    3.02287e+14
          291.5    1.15368e+09    3.02422e+14
            292    1.16012e+09    3.02556e+14
          292.5    1.16658e+09    3.02689e+14
            293    1.17307e+09    3.02822e+14
          293.5    1.17959e+09    3.02955e+14
            294    1.18613e+09    3.03087e+14
          294.5     1.1927e+09    3.03219e+14
            295    1.19929e+09     3.0335e+14
          295.5    1.20591e+09    3.03481e+14
            296    1.21255e+09    3.03612e+14
          296.5    1.21923e+09    3.03742e+14
            297    1.22592e+09    3.03873e+14
          297.5    1.23265e+09    3.04002e+14
            298     1.2394e+09    3.04131e+14
          298.5    1.24617e+09     3.0426e+14
            299    1.25297e+09    3.04389e+14
          299.5     1.2598e+09    3.04517e+14
            300    1.26666e+09    3.04645e+14
          300.5    1.27354e+09    3.04773e+14
            301    1.28045e+09    3.04899e+14
          301.5    1.28738e+09    3.05027e+14
            302    1.29435e+09    3.05153e+14
          302.5    1.30134e+09    3.05279e+14
            303    1.30835e+09    3.05404e+14
          303.5     1.3154e+09     3.0553e+14
            304    1.32247e+09    3.05655e+14
          304.5    1.32956e+09     3.0578e+14
            305    1.33669e+09    3.05904e+14
          305.5    1.34384e+09    3.06028e+14
            306    1.35102e+09    3.06151e+14
          306.5    1.35823e+09    3.06275e+14
            307    1.36546e+09    3.06398e+14
          307.5    1.37272e+09    3.06521e+14
            308    1.38001e+09    3.06643e+14
          308.5    1.38732e+09    3.06765e+14
            309    1.39467e+09    3.06887e+14
          309.5    1.40204e+09    3.07008e+14
            310    1.40944e+09    3.07129e+14
          310.5    1.41687e+09    3.07249e+14
            311    1.42432e+09     3.0737e+14
          311.5    1.43181e+09     3.0749e+14
            312    1.43932e+09    3.07609e+14
          312.5    1.44686e+09    3.07729e+14
            313    1.45442e+09    3.07848e+14
          313.5    1.46202e+09    3.07966e+14
            314    1.46964e+09    3.08085e+14
          314.5    1.47729e+09    3.08203e+14
            315    1.48498e+09    3.08321e+14
          315.5    1.49268e+09    3.08438e+14
            316    1.50042e+09    3.08555e+14
          316.5    1.50819e+09    3.08672e+14
            317    1.51598e+09    3.08788e+14
          317.5    1.52381e+09    3.08905e+14
            318    1.53166e+09     3.0902e+14
          318.5    1.53954e+09    3.09136e+14
            319    1.54745e+09    3.09251e+14
          319.5    1.55539e+09    3.09366e+14
            320    1.56336e+09    3.09481e+14
          320.5    1.57136e+09    3.09595e+14
            321    1.57938e+09    3.09709e+14
          321.5    1.58744e+09    3.09823e+14
            322    1.59553e+09    3.09936e+14
          322.5    1.60364e+09    3.10049e+14
            323    1.61179e+09    3.10162e+14
          323.5    1.61996e+09    3.10275e+14
            324    1.62816e+09    3.10387e+14
          324.5    1.63639e+09    3.10499e+14
            325    1.64466e+09    3.10611e+14
          325.5    1.65295e+09    3.10722e+14
            326    1.66127e+09    3.10833e+14
          326.5    1.66962e+09    3.10944e+14
            327      1.678e+09    3.11054e+14
          327.5    1.68642e+09    3.11165e+14
            328    1.69486e+09    3.11275e+14
          328.5    1.70333e+09    3.11384e+14
            329    1.71183e+09    3.11493e+14
          329.5    1.72037e+09    3.11602e+14
            330    1.72893e+09    3.11711e+14
          330.5    1.73752e+09     3.1182e+14
            331    1.74615e+09    3.11928e+14
          331.5     1.7548e+09    3.12036e+14
            332    1.76348e+09    3.12144e+14
          332.5     1.7722e+09    3.12251e+14
            333    1.78095e+09    3.12358e+14
          333.5    1.78972e+09    3.12465e+14
            334    1.79853e+09    3.12572e+14
          334.5    1.80737e+09    3.12678e+14
            335    1.81624e+09    3.12784e+14
          335.5    1.82514e+09     3.1289e+14
            336    1.83407e+09    3.12995e+14
          336.5    1.84304e+09      3.131e+14
            337    1.85203e+09    3.13205e+14
          337.5    1.86106e+09     3.1331e+14
            338    1.87011e+09    3.13414e+14
          338.5     1.8792e+09    3.13519e+14
            339    1.88832e+09    3.13623e+14
          339.5    1.89747e+09    3.13726e+14
            340    1.90666e+09     3.1383e+14
          340.5    1.91587e+09    3.13933e+14
            341    1.92512e+09    3.14035e+14
          341.5     1.9344e+09    3.14138e+14
            342    1.94371e+09    3.14241e+14
          342.5    1.95305e+09    3.14343e+14
            343    1.96242e+09    3.14445e+14
          343.5    1.97183e+09    3.14546e+14
            344    1.98127e+09    3.14647e+14
          344.5    1.99074e+09    3.14748e+14
            345    2.00024e+09    3.14849e+14
          345.5    2.00978e+09     3.1495e+14
            346    2.01935e+09     3.1505e+14
          346.5    2.02895e+09     3.1515e+14
            347    2.03858e+09     3.1525e+14
          347.5    2.04824e+09    3.15349e+14
            348    2.05794e+09    3.15449e+14
          348.5    2.06767e+09    3.15548e+14
            349    2.07744e+09    3.15647e+14
          349.5    2.08724e+09    3.15745e+14
            350    2.09706e+09    3.15844e+14
          350.5    2.10693e+09    3.15942e+14
            351    2.11682e+09    3.16039e+14
          351.5    2.12675e+09    3.16137e+14
            352    2.13672e+09    3.16234e+14
          352.5    2.14671e+09    3.16332e+14
            353    2.15674e+09    3.16429e+14
          353.5     2.1668e+09    3.16526e+14
            354     2.1769e+09    3.16622e+14
          354.5    2.18703e+09    3.16718e+14
            355    2.19719e+09    3.16814e+14
          355.5    2.20738e+09     3.1691e+14
            356    2.21761e+09    3.17005e+14
          356.5    2.22788e+09    3.17101e+14
            357    2.23818e+09    3.17195e+14
          357.5    2.24851e+09     3.1729e+14
            358    2.25888e+09    3.17385e+14
          358.5    2.26928e+09    3.17479e+14
            359    2.27971e+09    3.17574e+14
          359.5    2.29018e+09    3.17667e+14
            360    2.30068e+09    3.17761e+14
          360.5    2.31122e+09    3.17854e+14
            361    2.32179e+09    3.17948e+14
          361.5     2.3324e+09    3.18041e+14
            362    2.34304e+09    3.18134e+14
          362.5    2.35371e+09    3.18226e+14
            363    2.36442e+09    3.18318e+14
          363.5    2.37517e+09    3.18411e+14
            364    2.38595e+09    3.18503e+14
          364.5    2.39676e+09    3.18594e+14
            365    2.40761e+09    3.18685e+14
          365.5    2.41849e+09    3.18777e+14
            366    2.42941e+09    3.18868e+14
          366.5    2.44037e+09    3.18959e+14
            367    2.45136e+09    3.19049e+14
          367.5    2.46238e+09     3.1914e+14
            368    2.47345e+09     3.1923e+14
          368.5    2.48454e+09     3.1932e+14
            369    2.49567e+09     3.1941e+14
          369.5    2.50684e+09    3.19499e+14
            370    2.51804e+09    3.19589e+14
          370.5    2.52928e+09    3.19678e+14
            371    2.54055e+09    3.19766e+14
          371.5    2.55186e+09    3.19855e+14
            372    2.56321e+09    3.19944e+14
          372.5    2.57459e+09    3.20032e+14
            373    2.58601e+09     3.2012e+14
          373.5    2.59747e+09    3.20208e+14
            374    2.60895e+09    3.20296e+14
          374.5    2.62048e+09    3.20383e+14
            375    2.63204e+09    3.20471e+14
          375.5    2.64364e+09    3.20557e+14
            376    2.65528e+09    3.20644e+14
          376.5    2.66695e+09    3.20731e+14
            377    2.67866e+09    3.20818e+14
          377.5    2.69041e+09    3.20904e+14
            378    2.70219e+09     3.2099e+14
          378.5    2.71401e+09    3.21076e+14
            379    2.72586e+09    3.21161e+14
          379.5    2.73776e+09    3.21247e+14
            380    2.74969e+09    3.21332e+14
          380.5    2.76165e+09    3.21417e+14
            381    2.77366e+09    3.21502e+14
          381.5     2.7857e+09    3.21587e+14
            382    2.79778e+09    3.21671e+14
          382.5     2.8099e+09    3.21756e+14
            383    2.82205e+09     3.2184e+14
          383.5    2.83424e+09    3.21924e+14
            384    2.84647e+09    3.22007e+14
          384.5    2.85873e+09    3.22091e+14
            385    2.87104e+09    3.22174e+14
          385.5    2.88338e+09    3.22258e+14
            386    2.89576e+09    3.22341e+14
          386.5    2.90818e+09    3.22423e+14
            387    2.92063e+09    3.22506e+14
          387.5    2.93313e+09    3.22588e+14
            388    2.94566e+09    3.22671e+14
          388.5    2.95823e+09    3.22753e+14
            389    2.97084e+09    3.22835e+14
          389.5    2.98348e+09    3.22916e+14
            390    2.99617e+09    3.22998e+14
          390.5    3.00889e+09    3.23079e+14
            391    3.02165e+09     3.2316e+14
          391.5    3.03445e+09    3.23241e+14
            392    3.04729e+09    3.23322e+14
          392.5    3.06017e+09    3.23403e+14
            393    3.07309e+09    3.23483e+14
          393.5    3.08604e+09    3.23563e+14
            394    3.09904e+09    3.23643e+14
          394.5    3.11207e+09    3.23723e+14
            395    3.12514e+09    3.23803e+14
          395.5    3.13826e+09    3.23882e+14
            396    3.15141e+09    3.23962e+14
          396.5     3.1646e+09    3.24041e+14
            397    3.17783e+09     3.2412e+14
          397.5     3.1911e+09    3.24199e+14
            398    3.20441e+09    3.24277e+14
          398.5    3.21776e+09    3.24356e+14
            399    3.23114e+09    3.24434e+14
          399.5    3.24457e+09    3.24512e+14
            400    3.25804e+09     3.2459e+14
          400.5    3.27153e+09     3.2467e+14
            401    3.28506e+09    3.24749e+14
          401.5    3.29864e+09    3.24828e+14
            402    3.31225e+09    3.24907e+14
          402.5     3.3259e+09    3.24985e+14
            403    3.33959e+09    3.25064e+14
          403.5    3.35332e+09    3.25142e+14
            404     3.3671e+09    3.25221e+14
          404.5    3.38091e+09    3.25299e+14
            405    3.39476e+09    3.25377e+14
          405.5    3.40865e+09    3.25455e+14
            406    3.42258e+09    3.25533e+14
          406.5    3.43656e+09     3.2561e+14
            407    3.45057e+09    3.25688e+14
          407.5    3.46462e+09    3.25765e+14
            408    3.47872e+09    3.25843e+14
          408.5    3.49285e+09     3.2592e+14
            409    3.50702e+09    3.25997e+14
          409.5    3.52124e+09    3.26074e+14
            410     3.5355e+09     3.2615e+14
          410.5    3.54979e+09    3.26227e+14
            411    3.56413e+09    3.26303e+14
          411.5    3.57851e+09     3.2638e+14
            412    3.59293e+09    3.26456e+14
          412.5    3.60739e+09    3.26532e+14
            413    3.62189e+09    3.26608e+14
          413.5    3.63644e+09    3.26684e+14
            414    3.65102e+09     3.2676e+14
          414.5    3.66565e+09    3.26835e+14
            415    3.68032e+09    3.26911e+14
          415.5    3.69503e+09    3.26986e+14
            416    3.70978e+09    3.27061e+14
          416.5    3.72457e+09    3.27136e+14
            417     3.7394e+09    3.27211e+14
          417.5    3.75428e+09    3.27286e+14
            418     3.7692e+09    3.27361e+14
          418.5    3.78416e+09    3.27435e+14
            419    3.79916e+09     3.2751e+14
          419.5     3.8142e+09    3.27584e+14
            420    3.82929e+09    3.27658e+14
          420.5    3.84442e+09    3.27732e+14
            421    3.85959e+09    3.27806e+14
          421.5     3.8748e+09     3.2788e+14
            422    3.89006e+09    3.27954e+14
          422.5    3.90536e+09    3.28027e+14
            423     3.9207e+09    3.28101e+14
          423.5    3.93608e+09    3.28174e+14
            424    3.95151e+09    3.28247e+14
          424.5    3.96697e+09     3.2832e+14
            425    3.98249e+09    3.28393e+14
          425.5    3.99804e+09    3.28466e+14
            426    4.01364e+09    3.28539e+14
          426.5    4.02928e+09    3.28612e+14
            427    4.04496e+09    3.28684e+14
          427.5    4.06069e+09    3.28756e+14
            428    4.07646e+09    3.28829e+14
          428.5    4.09227e+09    3.28901e+14
            429    4.10813e+09    3.28973e+14
          429.5    4.12403e+09    3.29045e+14
            430    4.13997e+09    3.29117e+14
          430.5    4.15596e+09    3.29188e+14
            431    4.17199e+09     3.2926e+14
          431.5    4.18807e+09    3.29331e+14
            432    4.20418e+09    3.29403e+14
          432.5    4.22035e+09    3.29474e+14
            433    4.23655e+09    3.29545e+14
          433.5     4.2528e+09    3.29616e+14
            434     4.2691e+09    3.29687e+14
          434.5    4.28544e+09    3.29758e+14
            435    4.30182e+09    3.29828e+14
          435.5    4.31825e+09    3.29899e+14
            436    4.33472e+09    3.29969e+14
          436.5    4.35124e+09    3.30039e+14
            437     4.3678e+09     3.3011e+14
          437.5     4.3844e+09     3.3018e+14
            438    4.40105e+09     3.3025e+14
          438.5    4.41775e+09     3.3032e+14
            439    4.43449e+09    3.30389e+14
          439.5    4.45127e+09    3.30459e+14
            440     4.4681e+09    3.30529e+14
          440.5    4.48498e+09    3.30598e+14
            441     4.5019e+09    3.30667e+14
          441.5    4.51886e+09    3.30736e+14
            442    4.53587e+09    3.30806e+14
          442.5    4.55293e+09    3.30875e+14
            443    4.57003e+09    3.30943e+14
          443.5    4.58717e+09    3.31012e+14
            444    4.60436e+09    3.31081e+14
          444.5     4.6216e+09    3.31149e+14
            445    4.63889e+09    3.31218e+14
          445.5    4.65621e+09    3.31286e+14
            446    4.67359e+09    3.31354e+14
          446.5    4.69101e+09    3.31423e+14
            447    4.70847e+09    3.31491e+14
          447.5    4.72599e+09    3.31559e+14
            448    4.74355e+09    3.31626e+14
          448.5    4.76115e+09    3.31694e+14
            449     4.7788e+09    3.31762e+14
          449.5     4.7965e+09    3.31829e+14
            450    4.81424e+09    3.31897e+14
