Wells (G - ground energy, D - dissociation limit, kcal/mol):
      Name        G        D
        W1    -88.3      0.0

Bimolecular Products (G - ground energy, kcal/mol):
      Name        G
        P1      0.0
        P2     11.2
        P3    -46.9

Well-to-Bimolecular Barriers (H/G - barrier height/well depth, kcal/mol)
      Name        H     Well        G  Product
        B1      0.0       W1    -88.3       P1
        B2     11.2       W1    -88.3       P2
        B3     33.3       W1    -88.3       P3

________________________________________________________________________________________

Unimolecular Rate Units: 1/sec;  Bimolecular Rate Units: cm^3/sec

______________________________________________________________________________________

Species-Species Rate Tables:

Temperature = 290 K

High Pressure Rate Coefficients:

From\To            W1           P1           P2           P3
W1                ***  9.64917e-52   1.5933e-60  9.13507e-64
P1         5.0257e-11          ***          ***          ***
P2        1.88022e-10          ***          ***          ***
P3        1.21008e-56          ***          ***          ***

Temperature = 290 K    Pressure = 0.001 atm

From\To            W1           P1           P2           P3
W1        4.98386e-52  4.98386e-52  1.03013e-67  3.31653e-67
P1         2.5958e-11   2.5958e-11  8.29488e-20  2.66711e-28
P2        1.21564e-17  1.87939e-10  1.87939e-10  2.69317e-25
P3        4.39326e-60  6.78325e-62  3.02312e-68  4.46109e-60

Temperature = 300 K

High Pressure Rate Coefficients:

From\To            W1           P1           P2           P3
W1                ***  1.73977e-49  5.33609e-58  3.07063e-62
P1        4.98445e-11          ***          ***          ***
P2        1.89237e-10          ***          ***          ***
P3        3.46793e-56          ***          ***          ***

Temperature = 300 K    Pressure = 0.001 atm

From\To            W1           P1           P2           P3
W1         8.4987e-50   8.4987e-50  3.11304e-65  4.42912e-65
P1        2.43487e-11  2.43487e-11  1.52803e-19   2.8369e-28
P2          1.104e-17  1.89143e-10  1.89143e-10  3.13503e-25
P3        5.00219e-59  1.11831e-60  9.98393e-67  5.11402e-59

Temperature = 310 K

High Pressure Rate Coefficients:

From\To            W1           P1           P2           P3
W1                ***  2.24918e-47  1.23132e-55  9.02872e-61
P1        4.94403e-11          ***          ***          ***
P2        1.90436e-10          ***          ***          ***
P3        1.01707e-55          ***          ***          ***

Temperature = 310 K    Pressure = 0.001 atm

From\To            W1           P1           P2           P3
W1         1.0382e-47   1.0382e-47  7.00887e-63  4.43505e-63
P1         2.2821e-11   2.2821e-11  2.70527e-19  3.02057e-28
P2        1.08399e-17   1.9034e-10   1.9034e-10  3.68333e-25
P3        4.99602e-58  1.54796e-59  2.68281e-65  5.15081e-58

Temperature = 320 K

High Pressure Rate Coefficients:

From\To            W1           P1           P2           P3
W1                ***  2.15068e-45  2.02706e-53  2.35608e-59
P1        4.90454e-11          ***          ***          ***
P2        1.91618e-10          ***          ***          ***
P3        3.05205e-55          ***          ***          ***

Temperature = 320 K    Pressure = 0.001 atm

From\To            W1           P1           P2           P3
W1        9.37029e-46  9.37029e-46  1.01162e-60  3.13287e-61
P1        2.13685e-11  2.13685e-11  4.62021e-19  3.22263e-28
P2        9.56279e-18  1.91518e-10  1.91518e-10  4.37069e-25
P3        4.05829e-57  1.83059e-58  5.98939e-64  4.24134e-57

Temperature = 330 K

High Pressure Rate Coefficients:

From\To            W1           P1           P2           P3
W1                ***  1.56317e-43  2.45472e-51  5.52494e-58
P1        4.86604e-11          ***          ***          ***
P2        1.92783e-10          ***          ***          ***
P3        9.36726e-55          ***          ***          ***

Temperature = 330 K    Pressure = 0.001 atm

From\To            W1           P1           P2           P3
W1         6.4199e-44   6.4199e-44  1.14513e-58  1.76105e-59
P1        1.99847e-11  1.99847e-11  7.63714e-19  3.45007e-28
P2        8.99334e-18  1.92677e-10  1.92677e-10  5.24173e-25
P3        2.98577e-56  1.87907e-57  1.13159e-62  3.17368e-56

Temperature = 340 K

High Pressure Rate Coefficients:

From\To            W1           P1           P2           P3
W1                ***  8.84657e-42  2.24648e-49  1.17687e-56
P1        4.82858e-11          ***          ***          ***
P2        1.93932e-10          ***          ***          ***
P3        2.93886e-54          ***          ***          ***

Temperature = 340 K    Pressure = 0.001 atm

From\To            W1           P1           P2           P3
W1         3.4229e-42   3.4229e-42  9.10204e-57  7.62565e-58
P1        1.86826e-11  1.86826e-11  1.22545e-18   3.7081e-28
P2         7.8575e-18   1.9382e-10   1.9382e-10  6.35782e-25
P3        1.90425e-55  1.69651e-56  1.83912e-61   2.0739e-55

Temperature = 350 K

High Pressure Rate Coefficients:

From\To            W1           P1           P2           P3
W1                ***  3.98251e-40  1.59133e-47  2.29876e-55
P1        4.79222e-11          ***          ***          ***
P2        1.95065e-10          ***          ***          ***
P3        9.41934e-54          ***          ***          ***

Temperature = 350 K    Pressure = 0.001 atm

From\To            W1           P1           P2           P3
W1        1.44994e-40  1.44994e-40  6.31401e-55  2.73096e-56
P1        1.74473e-11  1.74473e-11  1.91375e-18  4.00795e-28
P2        7.73964e-18   1.9495e-10   1.9495e-10   7.8041e-25
P3        1.11902e-54   1.3648e-55  2.60874e-60   1.2555e-54

Temperature = 360 K

High Pressure Rate Coefficients:

From\To            W1           P1           P2           P3
W1                ***  1.45342e-38  8.91277e-46   4.1516e-54
P1        4.75696e-11          ***          ***          ***
P2        1.96181e-10          ***          ***          ***
P3        3.08214e-53          ***          ***          ***

Temperature = 360 K    Pressure = 0.001 atm

From\To            W1           P1           P2           P3
W1        4.97763e-39  4.97763e-39  2.99122e-53  7.86477e-55
P1        1.62914e-11  1.62914e-11   2.9153e-18   4.3605e-28
P2        6.58402e-18  1.96061e-10  1.96061e-10  9.69921e-25
P3        5.83876e-54  9.89088e-55  3.27136e-59  6.82788e-54

Temperature = 370 K

High Pressure Rate Coefficients:

From\To            W1           P1           P2           P3
W1                ***  4.37353e-37  4.02249e-44  6.98332e-53
P1        4.72282e-11          ***          ***          ***
P2        1.97281e-10          ***          ***          ***
P3        1.02891e-52          ***          ***          ***

Temperature = 370 K    Pressure = 0.001 atm

From\To            W1           P1           P2           P3
W1        1.40795e-37  1.40795e-37  1.28232e-51  1.87635e-53
P1        1.52039e-11  1.52039e-11  4.34092e-18  4.78352e-28
P2        6.28904e-18  1.97153e-10  1.97153e-10  1.22093e-24
P3        2.76457e-53  6.52669e-54  3.66787e-58  3.41727e-53

Temperature = 380 K

High Pressure Rate Coefficients:

From\To            W1           P1           P2           P3
W1                ***  1.10169e-35  1.48793e-42  1.10112e-51
P1        4.68981e-11          ***          ***          ***
P2        1.98366e-10          ***          ***          ***
P3        3.50185e-52          ***          ***          ***

Temperature = 380 K    Pressure = 0.001 atm

From\To            W1           P1           P2           P3
W1        3.33063e-36  3.33063e-36   4.3537e-50  3.77961e-52
P1        1.41782e-11  1.41782e-11  6.32972e-18  5.30101e-28
P2        5.80418e-18  1.98231e-10  1.98231e-10  1.55672e-24
P3        1.20201e-52  3.96027e-53  3.71356e-57  1.59807e-52

Temperature = 390 K

High Pressure Rate Coefficients:

From\To            W1           P1           P2           P3
W1                ***  2.35492e-34  4.58024e-41  1.63684e-50
P1        4.65792e-11          ***          ***          ***
P2        1.99434e-10          ***          ***          ***
P3        1.21425e-51          ***          ***          ***

Temperature = 390 K    Pressure = 0.001 atm

From\To            W1           P1           P2           P3
W1        6.68487e-35  6.68487e-35  1.23137e-48  6.47625e-51
P1        1.32223e-11  1.32223e-11  9.05338e-18  5.94471e-28
P2        5.36163e-18  1.99299e-10  1.99299e-10  2.00999e-24
P3        4.80418e-52  2.22953e-52  3.42438e-56  7.03405e-52

Temperature = 400 K

High Pressure Rate Coefficients:

From\To            W1           P1           P2           P3
W1                ***  4.32416e-33  1.18952e-39  2.30552e-49
P1        4.62713e-11          ***          ***          ***
P2        2.00487e-10          ***          ***          ***
P3        4.28631e-51          ***          ***          ***

Temperature = 400 K    Pressure = 0.001 atm

From\To            W1           P1           P2           P3
W1        1.15157e-33  1.15157e-33   2.9823e-47  9.68596e-50
P1        1.23224e-11  1.23224e-11  1.27192e-17   6.7625e-28
P2        5.02646e-18  2.00338e-10  2.00338e-10  2.62649e-24
P3        1.80076e-51  1.17493e-51  2.89719e-55  2.97598e-51

Temperature = 410 K

High Pressure Rate Coefficients:

From\To            W1           P1           P2           P3
W1                ***  6.89663e-32  2.63882e-38   3.0904e-48
P1        4.59744e-11          ***          ***          ***
P2        2.01525e-10          ***          ***          ***
P3         1.5391e-50          ***          ***          ***

Temperature = 410 K    Pressure = 0.001 atm

From\To            W1           P1           P2           P3
W1        1.72297e-32  1.72297e-32  6.02377e-46   1.2754e-48
P1        1.14856e-11  1.14856e-11  1.75784e-17  7.82103e-28
P2        4.60027e-18  2.01381e-10  2.01381e-10  3.47011e-24
P3        6.35176e-51  5.84302e-51  2.26296e-54   1.2197e-50

Temperature = 420 K

High Pressure Rate Coefficients:

From\To            W1           P1           P2           P3
W1                ***  9.64993e-31   5.0567e-37  3.95676e-47
P1        4.56881e-11          ***          ***          ***
P2        2.02548e-10          ***          ***          ***
P3        5.61567e-50          ***          ***          ***

Temperature = 420 K    Pressure = 0.001 atm

From\To            W1           P1           P2           P3
W1        2.26065e-31  2.26065e-31  1.04633e-44  1.48363e-47
P1        1.07031e-11  1.07031e-11  2.39222e-17   9.2196e-28
P2        4.19107e-18  2.02387e-10  2.02387e-10  4.62968e-24
P3        2.10564e-50  2.76372e-50  1.64041e-53    4.871e-50

Temperature = 430 K

High Pressure Rate Coefficients:

From\To            W1           P1           P2           P3
W1                ***  1.19537e-29  8.45584e-36   4.8525e-46
P1        4.54123e-11          ***          ***          ***
P2        2.03556e-10          ***          ***          ***
P3        2.07899e-49          ***          ***          ***

Temperature = 430 K    Pressure = 0.001 atm

From\To            W1           P1           P2           P3
W1        2.62415e-30  2.62415e-30  1.62699e-43  1.53401e-46
P1        9.96905e-12  9.96908e-12  3.20983e-17  1.11048e-27
P2        3.91658e-18  2.03394e-10  2.03394e-10  6.22795e-24
P3        6.57219e-50  1.25236e-49  1.10842e-52  1.91069e-49

Temperature = 440 K

High Pressure Rate Coefficients:

From\To            W1           P1           P2           P3
W1                ***  1.32178e-28  1.24535e-34  5.71038e-45
P1        4.51466e-11          ***          ***          ***
P2         2.0455e-10          ***          ***          ***
P3          7.793e-49          ***          ***          ***

Temperature = 440 K    Pressure = 0.001 atm

From\To            W1           P1           P2           P3
W1        2.71923e-29  2.71923e-29  2.13495e-42  1.42962e-45
P1        9.28768e-12  9.28772e-12  4.25004e-17  1.36942e-27
P2        3.50661e-18  2.04377e-10  2.04377e-10  8.43355e-24
P3        1.95099e-49  5.47152e-49  7.00719e-52  7.42952e-49

Temperature = 450 K

High Pressure Rate Coefficients:

From\To            W1           P1           P2           P3
W1                ***  1.31448e-27  1.62904e-33  6.45185e-44
P1        4.48908e-11          ***          ***          ***
P2        2.05529e-10          ***          ***          ***
P3        2.94892e-48          ***          ***          ***

Temperature = 450 K    Pressure = 0.001 atm

From\To            W1           P1           P2           P3
W1        2.53266e-28  2.53266e-28  2.73702e-41  1.20875e-44
P1        8.64913e-12  8.64919e-12   5.5586e-17  1.73152e-27
P2        3.45314e-18  2.05355e-10  2.05355e-10  1.14764e-23
P3        5.52473e-49  2.31742e-48  4.15761e-51  2.87405e-48

Temperature = 460 K

High Pressure Rate Coefficients:

From\To            W1           P1           P2           P3
W1                ***   1.1838e-26  1.90729e-32  6.99398e-43
P1        4.46445e-11          ***          ***          ***
P2        2.06495e-10          ***          ***          ***
P3        1.12208e-47          ***          ***          ***

Temperature = 460 K    Pressure = 0.001 atm

From\To            W1           P1           P2           P3
W1        2.13647e-27  2.13647e-27  2.82807e-40  9.30371e-44
P1        8.05713e-12   8.0572e-12  7.18663e-17  2.24585e-27
P2         3.0618e-18  2.06313e-10  2.06313e-10  1.56678e-23
P3        1.49262e-48  9.55408e-48  2.32174e-50  1.10699e-47

Temperature = 470 K

High Pressure Rate Coefficients:

From\To            W1           P1           P2           P3
W1                ***   9.7152e-26   2.0128e-31   7.2612e-42
P1        4.44074e-11          ***          ***          ***
P2        2.07447e-10          ***          ***          ***
P3        4.27291e-47          ***          ***          ***

Temperature = 470 K    Pressure = 0.001 atm

From\To            W1           P1           P2           P3
W1        1.64203e-26  1.64203e-26  2.74933e-39  6.59984e-43
P1        7.50547e-12  7.50556e-12  9.19197e-17  2.98628e-27
P2        2.83353e-18  2.07258e-10  2.07258e-10  2.14255e-23
P3        3.88366e-48  3.84452e-47  1.22332e-49  4.24512e-47

Temperature = 480 K

High Pressure Rate Coefficients:

From\To            W1           P1           P2           P3
W1                ***  7.30774e-25  1.92702e-30  7.20169e-41
P1        4.41792e-11          ***          ***          ***
P2        2.08386e-10          ***          ***          ***
P3        1.61986e-46          ***          ***          ***

Temperature = 480 K    Pressure = 0.001 atm

From\To            W1           P1           P2           P3
W1        1.15605e-25  1.15605e-25  2.50753e-38  4.30746e-42
P1        6.98884e-12  6.98895e-12  1.16389e-16  4.06357e-27
P2        2.71156e-18  2.08188e-10  2.08188e-10  2.93064e-23
P3        9.68852e-48  1.51188e-46  6.09574e-49  1.61486e-46

Temperature = 490 K

High Pressure Rate Coefficients:

From\To            W1           P1           P2           P3
W1                ***  5.06491e-24  1.68365e-29  6.80412e-40
P1        4.39596e-11          ***          ***          ***
P2        2.09311e-10          ***          ***          ***
P3          6.081e-46          ***          ***          ***

Temperature = 490 K    Pressure = 0.001 atm

From\To            W1           P1           P2           P3
W1        7.50166e-25  7.50166e-25  1.98833e-37  2.59975e-41
P1        6.51074e-12  6.51088e-12  1.45983e-16  5.64304e-27
P2        2.47183e-18  2.09103e-10  2.09103e-10   4.0046e-23
P3        2.32341e-47  5.81078e-46  2.87887e-48  6.07191e-46

Temperature = 500 K

High Pressure Rate Coefficients:

From\To            W1           P1           P2           P3
W1                ***  3.25036e-23  1.34979e-28  6.10732e-39
P1        4.37482e-11          ***          ***          ***
P2        2.10224e-10          ***          ***          ***
P3        2.24929e-45          ***          ***          ***

Temperature = 500 K    Pressure = 0.001 atm

From\To            W1           P1           P2           P3
W1         4.5048e-24   4.5048e-24   1.4805e-36  1.46518e-40
P1        6.06309e-12  6.06327e-12  1.81487e-16  7.97048e-27
P2        2.30577e-18  2.10007e-10  2.10007e-10  5.46082e-23