Wells (G - ground energy, D - dissociation limit, kcal/mol):
      Name        G        D
        W0      0.1     -0.0
        W1      0.2      0.0
        W2      0.1     -0.1
        W3      0.2     -0.1
        W4    -86.7     -5.7
       W5t    -34.5     -7.5
       W5c    -29.7     -7.5

Bimolecular Products (G - ground energy, kcal/mol):
      Name        G
        P1      0.0
        P2    -88.7

Well-to-Bimolecular Barriers (H/G - barrier height/well depth, kcal/mol)
      Name        H     Well        G  Product
        B0      0.0       W0      0.1       P1
        B1      0.0       W1      0.2       P1
        B2      0.0       W2      0.1       P1
        B3      0.0       W3      0.2       P1
        B5     -0.1       W2      0.1       P2
       B12     -5.7       W4    -86.7       P2
       B13     17.1      W5t    -34.5       P2

Well-to-Well Barriers (H/G - barrier height/well depth, kcal/mol):
      Name        H     Well       G1     Well       G2
        B4      0.7       W0      0.1       W4    -86.7
       B6t      7.4       W1      0.2      W5t    -34.5
       B6c     -0.1       W3      0.2      W5c    -29.7
        B7     -0.0       W0      0.1       W2      0.1
        B8      0.0       W0      0.1       W1      0.2
        B9      0.0       W2      0.1       W3      0.2
       B10      0.1       W0      0.1       W3      0.2
       B11      0.0       W1      0.2       W3      0.2
       B14     -4.5       W4    -86.7      W5t    -34.5
       B15     -7.5      W5t    -34.5      W5c    -29.7

________________________________________________________________________________________

Unimolecular Rate Units: 1/sec;  Bimolecular Rate Units: cm^3/sec

______________________________________________________________________________________

Species-Species Rate Tables:

Temperature = 250 K

High Pressure Rate Coefficients:

From\To            W0           W1           W2           W3           W4          W5t          W5c           P1           P2
W0                ***  5.62694e+12   7.7328e+12  2.99627e+12  8.01219e+10          ***          ***  1.85605e+12          ***
W1        1.37088e+13          ***          ***   6.6503e+12          ***       235885          ***  2.34457e+12          ***
W2         7.7328e+12          ***          ***  2.65443e+12          ***          ***          ***  1.87033e+12  3.53891e+11
W3           1.33e+13  1.21167e+13  1.17826e+13          ***          ***          ***  7.21758e+10  3.54635e+12          ***
W4        1.15975e-62          ***          ***          ***          ***  8.75252e-51          ***          ***  2.57955e-45
W5t               ***  2.68448e-23          ***          ***  1.67652e-05          ***  1.57431e-08          ***   1.3189e-15
W5c               ***          ***          ***  7.19108e-14          ***  0.000251116          ***          ***          ***
P1        5.81339e-10  3.01422e-10  5.85813e-10  2.50237e-10          ***          ***          ***          ***          ***
P2                ***          ***  2.08376e-87          ***  1.04933e-70  2.80094e-86          ***          ***          ***

Temperature = 250 K    Pressure = 0.1 atm

From\To            W0           W1           W2           W3           W4          W5t          W5c           P1           P2
W0                ***          ***          ***          ***          ***          ***          ***          ***          ***
W1                ***          ***          ***          ***          ***          ***          ***          ***          ***
W2                ***          ***          ***          ***          ***          ***          ***          ***          ***
W3                ***          ***          ***          ***          ***          ***          ***          ***          ***
W4                ***          ***          ***          ***  3.12857e-56          ***          ***   5.0674e-66  3.12857e-56
W5t               ***          ***          ***          ***          ***          ***          ***          ***          ***
W5c               ***          ***          ***          ***          ***          ***          ***          ***          ***
P1                ***          ***          ***          ***  8.92639e-15          ***          ***  1.18427e-10  1.18419e-10
P2                ***          ***          ***          ***  1.03604e-81          ***          ***  2.22617e-87  1.03604e-81

Temperature = 250 K    Pressure = 0.5 atm

From\To            W0           W1           W2           W3           W4          W5t          W5c           P1           P2
W0                ***          ***          ***          ***          ***          ***          ***          ***          ***
W1                ***          ***          ***          ***          ***          ***          ***          ***          ***
W2                ***          ***          ***          ***          ***          ***          ***          ***          ***
W3                ***          ***          ***          ***          ***          ***          ***          ***          ***
W4                ***          ***          ***          ***  3.69619e-56          ***          ***  4.21521e-65  3.69619e-56
W5t               ***          ***          ***          ***          ***          ***          ***          ***          ***
W5c               ***          ***          ***          ***          ***          ***          ***          ***          ***
P1                ***          ***          ***          ***  8.13917e-14          ***          ***  1.18634e-10  1.18553e-10
P2                ***          ***          ***          ***  1.34169e-81          ***          ***  2.22869e-87   1.3417e-81

Temperature = 250 K    Pressure = 1 atm

From\To            W0           W1           W2           W3           W4          W5t          W5c           P1           P2
W0                ***          ***          ***          ***          ***          ***          ***          ***          ***
W1                ***          ***          ***          ***          ***          ***          ***          ***          ***
W2                ***          ***          ***          ***          ***          ***          ***          ***          ***
W3                ***          ***          ***          ***          ***          ***          ***          ***          ***
W4                ***          ***          ***          ***  3.81266e-56          ***          ***   1.0645e-64  3.81266e-56
W5t               ***          ***          ***          ***          ***          ***          ***          ***          ***
W5c               ***          ***          ***          ***          ***          ***          ***          ***          ***
P1                ***          ***          ***          ***  2.08751e-13          ***          ***   1.1887e-10  1.18661e-10
P2                ***          ***          ***          ***  1.40557e-81          ***          ***  2.23074e-87  1.40557e-81

Temperature = 250 K    Pressure = 2 atm

From\To            W0           W1           W2           W3           W4          W5t          W5c           P1           P2
W0                ***          ***          ***          ***          ***          ***          ***          ***          ***
W1                ***          ***          ***          ***          ***          ***          ***          ***          ***
W2                ***          ***          ***          ***          ***          ***          ***          ***          ***
W3                ***          ***          ***          ***          ***          ***          ***          ***          ***
W4                ***          ***          ***          ***  3.88471e-56          ***          ***  2.86956e-64  3.88471e-56
W5t               ***          ***          ***          ***          ***          ***          ***          ***          ***
W5c               ***          ***          ***          ***          ***          ***          ***          ***          ***
P1                ***          ***          ***          ***  5.67873e-13          ***          ***  1.19289e-10  1.18721e-10
P2                ***          ***          ***          ***  1.44522e-81          ***          ***  2.23186e-87  1.44522e-81

Temperature = 250 K    Pressure = 4 atm

From\To            W0           W1           W2           W3           W4          W5t          W5c           P1           P2
W0                ***          ***          ***          ***          ***          ***          ***          ***          ***
W1                ***          ***          ***          ***          ***          ***          ***          ***          ***
W2                ***          ***          ***          ***          ***          ***          ***          ***          ***
W3                ***          ***          ***          ***          ***          ***          ***          ***          ***
W4                ***          ***          ***          ***   3.9279e-56          ***          ***  7.87002e-64   3.9279e-56
W5t               ***          ***          ***          ***          ***          ***          ***          ***          ***
W5c               ***          ***          ***          ***          ***          ***          ***          ***          ***
P1                ***          ***          ***          ***  1.56577e-12          ***          ***  1.19979e-10  1.18413e-10
P2                ***          ***          ***          ***   1.4691e-81          ***          ***  2.22607e-87   1.4691e-81

Temperature = 260 K

High Pressure Rate Coefficients:

From\To            W0           W1           W2           W3           W4          W5t          W5c           P1           P2
W0                ***  5.63444e+12  7.73604e+12  2.99116e+12  8.17438e+10          ***          ***  1.78901e+12          ***
W1        1.37443e+13          ***          ***  6.66702e+12          ***       298825          ***  2.26709e+12          ***
W2        7.73604e+12          ***          ***  2.65391e+12          ***          ***          ***  1.80272e+12  3.37082e+11
W3        1.33423e+13  1.21913e+13   1.1838e+13          ***          ***          ***  6.79269e+10  3.44096e+12          ***
W4        1.08872e-59          ***          ***          ***          ***  7.98555e-49          ***          ***  2.69486e-44
W5t               ***  5.50317e-22          ***          ***  2.69346e-05          ***   5.8734e-08          ***   2.3036e-15
W5c               ***          ***          ***  7.51186e-13          ***   0.00064494          ***          ***          ***
P1        5.90287e-10  3.06655e-10  5.94811e-10  2.54531e-10          ***          ***          ***          ***          ***
P2                ***          ***   1.9694e-84          ***  1.18215e-69  2.99597e-84          ***          ***          ***

Temperature = 260 K    Pressure = 0.1 atm

From\To            W0           W1           W2           W3           W4          W5t          W5c           P1           P2
W0                ***          ***          ***          ***          ***          ***          ***          ***          ***
W1                ***          ***          ***          ***          ***          ***          ***          ***          ***
W2                ***          ***          ***          ***          ***          ***          ***          ***          ***
W3                ***          ***          ***          ***          ***          ***          ***          ***          ***
W4                ***          ***          ***          ***  1.52389e-53          ***          ***  4.86863e-63  1.52389e-53
W5t               ***          ***          ***          ***          ***          ***          ***          ***          ***
W5c               ***          ***          ***          ***          ***          ***          ***          ***          ***
P1                ***          ***          ***          ***  1.02969e-14          ***          ***  1.19595e-10  1.19584e-10
P2                ***          ***          ***          ***  5.70691e-79          ***          ***  2.11749e-84  5.70693e-79

Temperature = 260 K    Pressure = 0.5 atm

From\To            W0           W1           W2           W3           W4          W5t          W5c           P1           P2
W0                ***          ***          ***          ***          ***          ***          ***          ***          ***
W1                ***          ***          ***          ***          ***          ***          ***          ***          ***
W2                ***          ***          ***          ***          ***          ***          ***          ***          ***
W3                ***          ***          ***          ***          ***          ***          ***          ***          ***
W4                ***          ***          ***          ***  1.74391e-53          ***          ***  3.88151e-62  1.74391e-53
W5t               ***          ***          ***          ***          ***          ***          ***          ***          ***
W5c               ***          ***          ***          ***          ***          ***          ***          ***          ***
P1                ***          ***          ***          ***  8.85245e-14          ***          ***  1.19805e-10  1.19716e-10
P2                ***          ***          ***          ***  7.04263e-79          ***          ***  2.11982e-84  7.04265e-79

Temperature = 260 K    Pressure = 1 atm

From\To            W0           W1           W2           W3           W4          W5t          W5c           P1           P2
W0                ***          ***          ***          ***          ***          ***          ***          ***          ***
W1                ***          ***          ***          ***          ***          ***          ***          ***          ***
W2                ***          ***          ***          ***          ***          ***          ***          ***          ***
W3                ***          ***          ***          ***          ***          ***          ***          ***          ***
W4                ***          ***          ***          ***  1.78864e-53          ***          ***   9.6876e-62  1.78864e-53
W5t               ***          ***          ***          ***          ***          ***          ***          ***          ***
W5c               ***          ***          ***          ***          ***          ***          ***          ***          ***
P1                ***          ***          ***          ***  2.23599e-13          ***          ***  1.20046e-10  1.19822e-10
P2                ***          ***          ***          ***  7.31013e-79          ***          ***   2.1217e-84  7.31015e-79

Temperature = 260 K    Pressure = 2 atm

From\To            W0           W1           W2           W3           W4          W5t          W5c           P1           P2
W0                ***          ***          ***          ***          ***          ***          ***          ***          ***
W1                ***          ***          ***          ***          ***          ***          ***          ***          ***
W2                ***          ***          ***          ***          ***          ***          ***          ***          ***
W3                ***          ***          ***          ***          ***          ***          ***          ***          ***
W4                ***          ***          ***          ***  1.81642e-53          ***          ***  2.58803e-61  1.81642e-53
W5t               ***          ***          ***          ***          ***          ***          ***          ***          ***
W5c               ***          ***          ***          ***          ***          ***          ***          ***          ***
P1                ***          ***          ***          ***  6.01526e-13          ***          ***  1.20476e-10  1.19874e-10
P2                ***          ***          ***          ***   7.4756e-79          ***          ***  2.12262e-84  7.47562e-79

Temperature = 260 K    Pressure = 4 atm

From\To            W0           W1           W2           W3           W4          W5t          W5c           P1           P2
W0                ***          ***          ***          ***          ***          ***          ***          ***          ***
W1                ***          ***          ***          ***          ***          ***          ***          ***          ***
W2                ***          ***          ***          ***          ***          ***          ***          ***          ***
W3                ***          ***          ***          ***          ***          ***          ***          ***          ***
W4                ***          ***          ***          ***  1.83314e-53          ***          ***  7.10006e-61  1.83314e-53
W5t               ***          ***          ***          ***          ***          ***          ***          ***          ***
W5c               ***          ***          ***          ***          ***          ***          ***          ***          ***
P1                ***          ***          ***          ***  1.65701e-12          ***          ***  1.21191e-10  1.19534e-10
P2                ***          ***          ***          ***  7.57543e-79          ***          ***   2.1166e-84  7.57545e-79

Temperature = 270 K

High Pressure Rate Coefficients:

From\To            W0           W1           W2           W3           W4          W5t          W5c           P1           P2
W0                ***  5.64168e+12   7.7395e+12  2.98653e+12  8.31319e+10          ***          ***  1.72668e+12          ***
W1        1.37779e+13          ***          ***  6.68289e+12          ***       376398          ***  2.19464e+12          ***
W2         7.7395e+12          ***          ***  2.65355e+12          ***          ***          ***  1.73986e+12  3.21639e+11
W3        1.33825e+13  1.22619e+13  1.18904e+13          ***          ***          ***  6.41082e+10   3.3417e+12          ***
W4        6.17077e-57          ***          ***          ***          ***  5.43412e-47          ***          ***   2.7927e-43
W5t               ***  9.16397e-21          ***          ***  4.35281e-05          ***  2.13023e-07          ***  4.05637e-15
W5c               ***          ***          ***  6.61036e-12          ***   0.00165538          ***          ***          ***
P1        5.99106e-10  3.11802e-10  6.03678e-10  2.58755e-10          ***          ***          ***          ***          ***
P2                ***          ***  1.12011e-81          ***  1.31022e-68  2.37584e-82          ***          ***          ***

Temperature = 270 K    Pressure = 0.1 atm

From\To            W0           W1           W2           W3           W4          W5t          W5c           P1           P2
W0                ***          ***          ***          ***          ***          ***          ***          ***          ***
W1                ***          ***          ***          ***          ***          ***          ***          ***          ***
W2                ***          ***          ***          ***          ***          ***          ***          ***          ***
W3                ***          ***          ***          ***          ***          ***          ***          ***          ***
W4                ***          ***          ***          ***  4.36937e-51          ***          ***  2.69571e-60  4.36937e-51
W5t               ***          ***          ***          ***          ***          ***          ***          ***          ***
W5c               ***          ***          ***          ***          ***          ***          ***          ***          ***
P1                ***          ***          ***          ***  1.11272e-14          ***          ***   1.2077e-10  1.20759e-10
P2                ***          ***          ***          ***  1.81022e-76          ***          ***  1.21204e-81  1.81023e-76

Temperature = 270 K    Pressure = 0.5 atm

From\To            W0           W1           W2           W3           W4          W5t          W5c           P1           P2
W0                ***          ***          ***          ***          ***          ***          ***          ***          ***
W1                ***          ***          ***          ***          ***          ***          ***          ***          ***
W2                ***          ***          ***          ***          ***          ***          ***          ***          ***
W3                ***          ***          ***          ***          ***          ***          ***          ***          ***
W4                ***          ***          ***          ***  4.91621e-51          ***          ***  2.08826e-59  4.91622e-51
W5t               ***          ***          ***          ***          ***          ***          ***          ***          ***
W5c               ***          ***          ***          ***          ***          ***          ***          ***          ***
P1                ***          ***          ***          ***  9.15969e-14          ***          ***  1.20982e-10  1.20891e-10
P2                ***          ***          ***          ***  2.16434e-76          ***          ***  1.21337e-81  2.16435e-76

Temperature = 270 K    Pressure = 1 atm

From\To            W0           W1           W2           W3           W4          W5t          W5c           P1           P2
W0                ***          ***          ***          ***          ***          ***          ***          ***          ***
W1                ***          ***          ***          ***          ***          ***          ***          ***          ***
W2                ***          ***          ***          ***          ***          ***          ***          ***          ***
W3                ***          ***          ***          ***          ***          ***          ***          ***          ***
W4                ***          ***          ***          ***  5.02973e-51          ***          ***   5.1673e-59  5.02973e-51
W5t               ***          ***          ***          ***          ***          ***          ***          ***          ***
W5c               ***          ***          ***          ***          ***          ***          ***          ***          ***
P1                ***          ***          ***          ***  2.28795e-13          ***          ***  1.21227e-10  1.20998e-10
P2                ***          ***          ***          ***  2.23525e-76          ***          ***  1.21445e-81  2.23526e-76

Temperature = 270 K    Pressure = 2 atm

From\To            W0           W1           W2           W3           W4          W5t          W5c           P1           P2
W0                ***          ***          ***          ***          ***          ***          ***          ***          ***
W1                ***          ***          ***          ***          ***          ***          ***          ***          ***
W2                ***          ***          ***          ***          ***          ***          ***          ***          ***
W3                ***          ***          ***          ***          ***          ***          ***          ***          ***
W4                ***          ***          ***          ***  5.10113e-51          ***          ***  1.37057e-58  5.10113e-51
W5t               ***          ***          ***          ***          ***          ***          ***          ***          ***
W5c               ***          ***          ***          ***          ***          ***          ***          ***          ***
P1                ***          ***          ***          ***  6.10207e-13          ***          ***  1.21666e-10  1.21056e-10
P2                ***          ***          ***          ***  2.27951e-76          ***          ***  1.21502e-81  2.27952e-76

Temperature = 270 K    Pressure = 4 atm

From\To            W0           W1           W2           W3           W4          W5t          W5c           P1           P2
W0                ***          ***          ***          ***          ***          ***          ***          ***          ***
W1                ***          ***          ***          ***          ***          ***          ***          ***          ***
W2                ***          ***          ***          ***          ***          ***          ***          ***          ***
W3                ***          ***          ***          ***          ***          ***          ***          ***          ***
W4                ***          ***          ***          ***  5.14461e-51          ***          ***  3.76281e-58  5.14461e-51
W5t               ***          ***          ***          ***          ***          ***          ***          ***          ***
W5c               ***          ***          ***          ***          ***          ***          ***          ***          ***
P1                ***          ***          ***          ***  1.68076e-12          ***          ***  1.22402e-10  1.20721e-10
P2                ***          ***          ***          ***  2.30646e-76          ***          ***  1.21167e-81  2.30647e-76

Temperature = 280 K

High Pressure Rate Coefficients:

From\To            W0           W1           W2           W3           W4          W5t          W5c           P1           P2
W0                ***  5.64868e+12  7.74312e+12  2.98234e+12  8.43063e+10          ***          ***  1.66858e+12          ***
W1          1.381e+13          ***          ***  6.69797e+12          ***       471012          ***  2.12672e+12          ***
W2        7.74312e+12          ***          ***   2.6533e+12          ***          ***          ***  1.68126e+12   3.0741e+11
W3        1.34208e+13  1.23287e+13  1.19401e+13          ***          ***          ***  6.06618e+10  3.24803e+12          ***
W4        2.22877e-54          ***          ***          ***          ***  2.84875e-45          ***          ***  2.88737e-42
W5t               ***  1.26545e-19          ***          ***  7.07797e-05          ***  7.49575e-07          ***  7.20315e-15
W5c               ***          ***          ***  4.99082e-11          ***   0.00422506          ***          ***          ***
P1        6.07802e-10  3.16868e-10  6.12422e-10  2.62913e-10          ***          ***          ***          ***          ***
P2                ***          ***  4.04834e-79          ***  1.43832e-67  1.44418e-80          ***          ***          ***

Temperature = 280 K    Pressure = 0.1 atm

From\To            W0           W1           W2           W3           W4          W5t          W5c           P1           P2
W0                ***          ***          ***          ***          ***          ***          ***          ***          ***
W1                ***          ***          ***          ***          ***          ***          ***          ***          ***
W2                ***          ***          ***          ***          ***          ***          ***          ***          ***
W3                ***          ***          ***          ***          ***          ***          ***          ***          ***
W4                ***          ***          ***          ***  8.69118e-49          ***          ***  9.68471e-58  8.69118e-49
W5t               ***          ***          ***          ***          ***          ***          ***          ***          ***
W5c               ***          ***          ***          ***          ***          ***          ***          ***          ***
P1                ***          ***          ***          ***  1.23731e-14          ***          ***  1.21929e-10  1.21916e-10
P2                ***          ***          ***          ***  4.01435e-74          ***          ***  4.40763e-79  4.01439e-74

Temperature = 280 K    Pressure = 0.5 atm

From\To            W0           W1           W2           W3           W4          W5t          W5c           P1           P2
W0                ***          ***          ***          ***          ***          ***          ***          ***          ***
W1                ***          ***          ***          ***          ***          ***          ***          ***          ***
W2                ***          ***          ***          ***          ***          ***          ***          ***          ***
W3                ***          ***          ***          ***          ***          ***          ***          ***          ***
W4                ***          ***          ***          ***  9.54443e-49          ***          ***  7.23953e-57  9.54443e-49
W5t               ***          ***          ***          ***          ***          ***          ***          ***          ***
W5c               ***          ***          ***          ***          ***          ***          ***          ***          ***
P1                ***          ***          ***          ***   9.5993e-14          ***          ***  1.22143e-10  1.22047e-10
P2                ***          ***          ***          ***  4.57534e-74          ***          ***  4.41238e-79  4.57539e-74

Temperature = 280 K    Pressure = 1 atm

From\To            W0           W1           W2           W3           W4          W5t          W5c           P1           P2
W0                ***          ***          ***          ***          ***          ***          ***          ***          ***
W1                ***          ***          ***          ***          ***          ***          ***          ***          ***
W2                ***          ***          ***          ***          ***          ***          ***          ***          ***
W3                ***          ***          ***          ***          ***          ***          ***          ***          ***
W4                ***          ***          ***          ***  9.72825e-49          ***          ***  1.77231e-56  9.72825e-49
W5t               ***          ***          ***          ***          ***          ***          ***          ***          ***
W5c               ***          ***          ***          ***          ***          ***          ***          ***          ***
P1                ***          ***          ***          ***   2.3633e-13          ***          ***  1.22392e-10  1.22155e-10
P2                ***          ***          ***          ***  4.68984e-74          ***          ***  4.41628e-79  4.68988e-74

Temperature = 280 K    Pressure = 2 atm

From\To            W0           W1           W2           W3           W4          W5t          W5c           P1           P2
W0                ***          ***          ***          ***          ***          ***          ***          ***          ***
W1                ***          ***          ***          ***          ***          ***          ***          ***          ***
W2                ***          ***          ***          ***          ***          ***          ***          ***          ***
W3                ***          ***          ***          ***          ***          ***          ***          ***          ***
W4                ***          ***          ***          ***  9.84576e-49          ***          ***  4.65729e-56  9.84576e-49
W5t               ***          ***          ***          ***          ***          ***          ***          ***          ***
W5c               ***          ***          ***          ***          ***          ***          ***          ***          ***
P1                ***          ***          ***          ***  6.23096e-13          ***          ***  1.22839e-10  1.22216e-10
P2                ***          ***          ***          ***  4.76228e-74          ***          ***  4.41845e-79  4.76232e-74

Temperature = 280 K    Pressure = 4 atm

From\To            W0           W1           W2           W3           W4          W5t          W5c           P1           P2
W0                ***          ***          ***          ***          ***          ***          ***          ***          ***
W1                ***          ***          ***          ***          ***          ***          ***          ***          ***
W2                ***          ***          ***          ***          ***          ***          ***          ***          ***
W3                ***          ***          ***          ***          ***          ***          ***          ***          ***
W4                ***          ***          ***          ***  9.91804e-49          ***          ***  1.27804e-55  9.91805e-49
W5t               ***          ***          ***          ***          ***          ***          ***          ***          ***
W5c               ***          ***          ***          ***          ***          ***          ***          ***          ***
P1                ***          ***          ***          ***  1.71329e-12          ***          ***  1.23594e-10  1.21881e-10
P2                ***          ***          ***          ***  4.80679e-74          ***          ***  4.40634e-79  4.80684e-74

Temperature = 290 K

High Pressure Rate Coefficients:

From\To            W0           W1           W2           W3           W4          W5t          W5c           P1           P2
W0                ***  5.65543e+12  7.74685e+12  2.97852e+12  8.52856e+10          ***          ***  1.61429e+12          ***
W1        1.38406e+13          ***          ***  6.71232e+12          ***       585378          ***  2.06292e+12          ***
W2        7.74685e+12          ***          ***  2.65316e+12          ***          ***          ***  1.62651e+12  2.94262e+11
W3        1.34574e+13  1.23921e+13  1.19873e+13          ***          ***          ***  5.75394e+10  3.15948e+12          ***
W4        5.37394e-52          ***          ***          ***          ***  1.18295e-43          ***          ***  2.98586e-41
W5t               ***  1.47575e-18          ***          ***  0.000115828          ***  2.55186e-06          ***  1.29021e-14
W5c               ***          ***          ***  3.28426e-10          ***    0.0106665          ***          ***          ***
P1        6.16381e-10  3.21856e-10  6.21047e-10  2.67007e-10          ***          ***          ***          ***          ***
P2                ***          ***  9.74469e-77          ***  1.56923e-66  6.92514e-79          ***          ***          ***

Temperature = 290 K    Pressure = 0.1 atm

From\To            W0           W1           W2           W3           W4          W5t          W5c           P1           P2
W0                ***          ***          ***          ***          ***          ***          ***          ***          ***
W1                ***          ***          ***          ***          ***          ***          ***          ***          ***
W2                ***          ***          ***          ***          ***          ***          ***          ***          ***
W3                ***          ***          ***          ***          ***          ***          ***          ***          ***
W4                ***          ***          ***          ***  1.10878e-46          ***          ***   2.2357e-55  1.10878e-46
W5t               ***          ***          ***          ***          ***          ***          ***          ***          ***
W5c               ***          ***          ***          ***          ***          ***          ***          ***          ***
P1                ***          ***          ***          ***   1.2718e-14          ***          ***   1.2269e-10  1.22677e-10
P2                ***          ***          ***          ***   5.4704e-72          ***          ***  1.06397e-76  5.47051e-72

Temperature = 290 K    Pressure = 0.5 atm

From\To            W0           W1           W2           W3           W4          W5t          W5c           P1           P2
W0                ***          ***          ***          ***          ***          ***          ***          ***          ***
W1                ***          ***          ***          ***          ***          ***          ***          ***          ***
W2                ***          ***          ***          ***          ***          ***          ***          ***          ***
W3                ***          ***          ***          ***          ***          ***          ***          ***          ***
W4                ***          ***          ***          ***  1.21423e-46          ***          ***  1.64346e-54  1.21423e-46
W5t               ***          ***          ***          ***          ***          ***          ***          ***          ***
W5c               ***          ***          ***          ***          ***          ***          ***          ***          ***
P1                ***          ***          ***          ***  9.63642e-14          ***          ***  1.22906e-10   1.2281e-10
P2                ***          ***          ***          ***  6.17483e-72          ***          ***  1.06513e-76  6.17494e-72

Temperature = 290 K    Pressure = 1 atm

From\To            W0           W1           W2           W3           W4          W5t          W5c           P1           P2
W0                ***          ***          ***          ***          ***          ***          ***          ***          ***
W1                ***          ***          ***          ***          ***          ***          ***          ***          ***
W2                ***          ***          ***          ***          ***          ***          ***          ***          ***
W3                ***          ***          ***          ***          ***          ***          ***          ***          ***
W4                ***          ***          ***          ***    1.238e-46          ***          ***  3.99963e-54    1.238e-46
W5t               ***          ***          ***          ***          ***          ***          ***          ***          ***
W5c               ***          ***          ***          ***          ***          ***          ***          ***          ***
P1                ***          ***          ***          ***  2.35625e-13          ***          ***  1.23157e-10  1.22921e-10
P2                ***          ***          ***          ***  6.32542e-72          ***          ***  1.06609e-76  6.32552e-72

Temperature = 290 K    Pressure = 2 atm

From\To            W0           W1           W2           W3           W4          W5t          W5c           P1           P2
W0                ***          ***          ***          ***          ***          ***          ***          ***          ***
W1                ***          ***          ***          ***          ***          ***          ***          ***          ***
W2                ***          ***          ***          ***          ***          ***          ***          ***          ***
W3                ***          ***          ***          ***          ***          ***          ***          ***          ***
W4                ***          ***          ***          ***  1.25351e-46          ***          ***  1.04482e-53  1.25351e-46
W5t               ***          ***          ***          ***          ***          ***          ***          ***          ***
W5c               ***          ***          ***          ***          ***          ***          ***          ***          ***
P1                ***          ***          ***          ***  6.17256e-13          ***          ***   1.2361e-10  1.22993e-10
P2                ***          ***          ***          ***  6.42274e-72          ***          ***  1.06671e-76  6.42285e-72

Temperature = 290 K    Pressure = 4 atm

From\To            W0           W1           W2           W3           W4          W5t          W5c           P1           P2
W0                ***          ***          ***          ***          ***          ***          ***          ***          ***
W1                ***          ***          ***          ***          ***          ***          ***          ***          ***
W2                ***          ***          ***          ***          ***          ***          ***          ***          ***
W3                ***          ***          ***          ***          ***          ***          ***          ***          ***
W4                ***          ***          ***          ***  1.26322e-46          ***          ***   2.8631e-53  1.26322e-46
W5t               ***          ***          ***          ***          ***          ***          ***          ***          ***
W5c               ***          ***          ***          ***          ***          ***          ***          ***          ***
P1                ***          ***          ***          ***  1.69436e-12          ***          ***  1.24381e-10  1.22687e-10
P2                ***          ***          ***          ***  6.48359e-72          ***          ***  1.06406e-76   6.4837e-72

Temperature = 300 K

High Pressure Rate Coefficients:

From\To            W0           W1           W2           W3           W4          W5t          W5c           P1           P2
W0                ***  5.66195e+12  7.75067e+12  2.97503e+12  8.60873e+10          ***          ***  1.56345e+12          ***
W1        1.38697e+13          ***          ***  6.72599e+12          ***       722231          ***  2.00287e+12          ***
W2        7.75067e+12          ***          ***   2.6531e+12          ***          ***          ***  1.57524e+12  2.82082e+11
W3        1.34922e+13  1.24522e+13  1.20322e+13          ***          ***          ***  5.47002e+10  3.07565e+12          ***
W4        9.00598e-50          ***          ***          ***          ***  3.98609e-42          ***          ***  3.09116e-40
W5t               ***  1.47633e-17          ***          ***  0.000190794          ***  8.38126e-06          ***  2.33148e-14
W5c               ***          ***          ***  1.90968e-09          ***    0.0265011          ***          ***          ***
P1        6.24847e-10  3.26769e-10  6.29558e-10   2.7104e-10          ***          ***          ***          ***          ***
P2                ***          ***  1.62705e-74          ***  1.70433e-65  2.68564e-77          ***          ***          ***

Temperature = 300 K    Pressure = 0.1 atm

From\To            W0           W1           W2           W3           W4          W5t          W5c           P1           P2
W0                ***          ***          ***          ***          ***          ***          ***          ***          ***
W1                ***          ***          ***          ***          ***          ***          ***          ***          ***
W2                ***          ***          ***          ***          ***          ***          ***          ***          ***
W3                ***          ***          ***          ***          ***          ***          ***          ***          ***
W4                ***          ***          ***          ***   9.4776e-45          ***          ***   3.4623e-53   9.4776e-45
W5t               ***          ***          ***          ***          ***          ***          ***          ***          ***
W5c               ***          ***          ***          ***          ***          ***          ***          ***          ***
P1                ***          ***          ***          ***  1.23719e-14          ***          ***  1.23873e-10  1.23861e-10
P2                ***          ***          ***          ***  4.88772e-70          ***          ***  1.78759e-74   4.8879e-70

Temperature = 300 K    Pressure = 0.5 atm

From\To            W0           W1           W2           W3           W4          W5t          W5c           P1           P2
W0                ***          ***          ***          ***          ***          ***          ***          ***          ***
W1                ***          ***          ***          ***          ***          ***          ***          ***          ***
W2                ***          ***          ***          ***          ***          ***          ***          ***          ***
W3                ***          ***          ***          ***          ***          ***          ***          ***          ***
W4                ***          ***          ***          ***  1.04696e-44          ***          ***  2.53046e-52  1.04696e-44
W5t               ***          ***          ***          ***          ***          ***          ***          ***          ***
W5c               ***          ***          ***          ***          ***          ***          ***          ***          ***
P1                ***          ***          ***          ***  9.33417e-14          ***          ***   1.2409e-10  1.23996e-10
P2                ***          ***          ***          ***   5.5737e-70          ***          ***  1.78955e-74  5.57388e-70

Temperature = 300 K    Pressure = 1 atm

From\To            W0           W1           W2           W3           W4          W5t          W5c           P1           P2
W0                ***          ***          ***          ***          ***          ***          ***          ***          ***
W1                ***          ***          ***          ***          ***          ***          ***          ***          ***
W2                ***          ***          ***          ***          ***          ***          ***          ***          ***
W3                ***          ***          ***          ***          ***          ***          ***          ***          ***
W4                ***          ***          ***          ***   1.0703e-44          ***          ***  6.13865e-52   1.0703e-44
W5t               ***          ***          ***          ***          ***          ***          ***          ***          ***
W5c               ***          ***          ***          ***          ***          ***          ***          ***          ***
P1                ***          ***          ***          ***  2.27589e-13          ***          ***  1.24341e-10  1.24114e-10
P2                ***          ***          ***          ***  5.72691e-70          ***          ***  1.79125e-74  5.72709e-70

Temperature = 300 K    Pressure = 2 atm

From\To            W0           W1           W2           W3           W4          W5t          W5c           P1           P2
W0                ***          ***          ***          ***          ***          ***          ***          ***          ***
W1                ***          ***          ***          ***          ***          ***          ***          ***          ***
W2                ***          ***          ***          ***          ***          ***          ***          ***          ***
W3                ***          ***          ***          ***          ***          ***          ***          ***          ***
W4                ***          ***          ***          ***  1.08589e-44          ***          ***  1.59792e-51  1.08588e-44
W5t               ***          ***          ***          ***          ***          ***          ***          ***          ***
W5c               ***          ***          ***          ***          ***          ***          ***          ***          ***
P1                ***          ***          ***          ***  5.94249e-13          ***          ***  1.24798e-10  1.24204e-10
P2                ***          ***          ***          ***  5.82819e-70          ***          ***  1.79255e-74  5.82837e-70

Temperature = 300 K    Pressure = 4 atm

From\To            W0           W1           W2           W3           W4          W5t          W5c           P1           P2
W0                ***          ***          ***          ***          ***          ***          ***          ***          ***
W1                ***          ***          ***          ***          ***          ***          ***          ***          ***
W2                ***          ***          ***          ***          ***          ***          ***          ***          ***
W3                ***          ***          ***          ***          ***          ***          ***          ***          ***
W4                ***          ***          ***          ***  1.09584e-44          ***          ***   4.3829e-51  1.09584e-44
W5t               ***          ***          ***          ***          ***          ***          ***          ***          ***
W5c               ***          ***          ***          ***          ***          ***          ***          ***          ***
P1                ***          ***          ***          ***  1.63307e-12          ***          ***   1.2558e-10  1.23947e-10
P2                ***          ***          ***          ***  5.89285e-70          ***          ***  1.78885e-74  5.89303e-70

Temperature = 310 K

High Pressure Rate Coefficients:

From\To            W0           W1           W2           W3           W4          W5t          W5c           P1           P2
W0                ***  5.66825e+12  7.75453e+12  2.97184e+12  8.67276e+10          ***          ***  1.51574e+12          ***
W1        1.38976e+13          ***          ***  6.73902e+12          ***       884583          ***  1.94625e+12          ***
W2        7.75453e+12          ***          ***  2.65312e+12          ***          ***          ***  1.52712e+12  2.70772e+11
W3        1.35256e+13  1.25094e+13   1.2075e+13          ***          ***          ***  5.21098e+10  2.99616e+12          ***
W4         1.0865e-47          ***          ***          ***          ***  1.11307e-40          ***          ***  3.20437e-39
W5t               ***  1.28477e-16          ***          ***  0.000316391          ***  2.64907e-05          ***  4.25117e-14
W5c               ***          ***          ***   9.9291e-09          ***    0.0645117          ***          ***          ***
P1        6.33204e-10  3.31611e-10   6.3796e-10  2.75015e-10          ***          ***          ***          ***          ***
P2                ***          ***  1.95237e-72          ***  1.84428e-64  8.60776e-76          ***          ***          ***

Temperature = 310 K    Pressure = 0.1 atm

From\To            W0           W1           W2           W3           W4          W5t          W5c           P1           P2
W0                ***          ***          ***          ***          ***          ***          ***          ***          ***
W1                ***          ***          ***          ***          ***          ***          ***          ***          ***
W2                ***          ***          ***          ***          ***          ***          ***          ***          ***
W3                ***          ***          ***          ***          ***          ***          ***          ***          ***
W4                ***          ***          ***          ***  6.81839e-43          ***          ***  4.14194e-51  6.81839e-43
W5t               ***          ***          ***          ***          ***          ***          ***          ***          ***
W5c               ***          ***          ***          ***          ***          ***          ***          ***          ***
P1                ***          ***          ***          ***  1.33315e-14          ***          ***  1.24769e-10  1.24756e-10
P2                ***          ***          ***          ***  3.78784e-68          ***          ***  2.15326e-72  3.78806e-68

Temperature = 310 K    Pressure = 0.5 atm

From\To            W0           W1           W2           W3           W4          W5t          W5c           P1           P2
W0                ***          ***          ***          ***          ***          ***          ***          ***          ***
W1                ***          ***          ***          ***          ***          ***          ***          ***          ***
W2                ***          ***          ***          ***          ***          ***          ***          ***          ***
W3                ***          ***          ***          ***          ***          ***          ***          ***          ***
W4                ***          ***          ***          ***  7.43627e-43          ***          ***   2.9497e-50  7.43628e-43
W5t               ***          ***          ***          ***          ***          ***          ***          ***          ***
W5c               ***          ***          ***          ***          ***          ***          ***          ***          ***
P1                ***          ***          ***          ***  9.64861e-14          ***          ***  1.24986e-10   1.2489e-10
P2                ***          ***          ***          ***  4.19835e-68          ***          ***  2.15558e-72  4.19857e-68

Temperature = 310 K    Pressure = 1 atm

From\To            W0           W1           W2           W3           W4          W5t          W5c           P1           P2
W0                ***          ***          ***          ***          ***          ***          ***          ***          ***
W1                ***          ***          ***          ***          ***          ***          ***          ***          ***
W2                ***          ***          ***          ***          ***          ***          ***          ***          ***
W3                ***          ***          ***          ***          ***          ***          ***          ***          ***
W4                ***          ***          ***          ***  7.59069e-43          ***          ***  7.09665e-50  7.59069e-43
W5t               ***          ***          ***          ***          ***          ***          ***          ***          ***
W5c               ***          ***          ***          ***          ***          ***          ***          ***          ***
P1                ***          ***          ***          ***  2.32746e-13          ***          ***  1.25239e-10  1.25007e-10
P2                ***          ***          ***          ***  4.29683e-68          ***          ***   2.1576e-72  4.29704e-68

Temperature = 310 K    Pressure = 2 atm

From\To            W0           W1           W2           W3           W4          W5t          W5c           P1           P2
W0                ***          ***          ***          ***          ***          ***          ***          ***          ***
W1                ***          ***          ***          ***          ***          ***          ***          ***          ***
W2                ***          ***          ***          ***          ***          ***          ***          ***          ***
W3                ***          ***          ***          ***          ***          ***          ***          ***          ***
W4                ***          ***          ***          ***  7.69622e-43          ***          ***   1.8324e-49  7.69622e-43
W5t               ***          ***          ***          ***          ***          ***          ***          ***          ***
W5c               ***          ***          ***          ***          ***          ***          ***          ***          ***
P1                ***          ***          ***          ***  6.01942e-13          ***          ***    1.257e-10  1.25098e-10
P2                ***          ***          ***          ***  4.36364e-68          ***          ***  2.15917e-72  4.36385e-68

Temperature = 310 K    Pressure = 4 atm

From\To            W0           W1           W2           W3           W4          W5t          W5c           P1           P2
W0                ***          ***          ***          ***          ***          ***          ***          ***          ***
W1                ***          ***          ***          ***          ***          ***          ***          ***          ***
W2                ***          ***          ***          ***          ***          ***          ***          ***          ***
W3                ***          ***          ***          ***          ***          ***          ***          ***          ***
W4                ***          ***          ***          ***   7.7647e-43          ***          ***  5.00946e-49   7.7647e-43
W5t               ***          ***          ***          ***          ***          ***          ***          ***          ***
W5c               ***          ***          ***          ***          ***          ***          ***          ***          ***
P1                ***          ***          ***          ***  1.64729e-12          ***          ***  1.26493e-10  1.24846e-10
P2                ***          ***          ***          ***  4.40698e-68          ***          ***  2.15482e-72  4.40719e-68

Temperature = 320 K

High Pressure Rate Coefficients:

From\To            W0           W1           W2           W3           W4          W5t          W5c           P1           P2
W0                ***  5.67432e+12  7.75843e+12  2.96891e+12  8.72216e+10          ***          ***  1.47086e+12          ***
W1        1.39242e+13          ***          ***  6.75147e+12          ***  1.07548e+06          ***  1.89277e+12          ***
W2        7.75843e+12          ***          ***  2.65321e+12          ***          ***          ***  1.48187e+12  2.60246e+11
W3        1.35574e+13  1.25638e+13  1.21157e+13          ***          ***          ***  4.97388e+10  2.92068e+12          ***
W4        9.73057e-46          ***          ***          ***          ***  2.62341e-39          ***          ***  3.32578e-38
W5t               ***  9.84554e-16          ***          ***  0.000528256          ***  8.04317e-05          ***  7.82262e-14
W5c               ***          ***          ***   4.6646e-08          ***     0.153332          ***          ***          ***
P1        6.41457e-10  3.36385e-10  6.46256e-10  2.78934e-10          ***          ***          ***          ***          ***
P2                ***          ***  1.73665e-70          ***  1.98933e-63  2.32374e-74          ***          ***          ***

Temperature = 320 K    Pressure = 0.1 atm

From\To            W0           W1           W2           W3           W4          W5t          W5c           P1           P2
W0                ***          ***          ***          ***          ***          ***          ***          ***          ***
W1                ***          ***          ***          ***          ***          ***          ***          ***          ***
W2                ***          ***          ***          ***          ***          ***          ***          ***          ***
W3                ***          ***          ***          ***          ***          ***          ***          ***          ***
W4                ***          ***          ***          ***  3.35174e-41          ***          ***  3.46647e-49  3.35174e-41
W5t               ***          ***          ***          ***          ***          ***          ***          ***          ***
W5c               ***          ***          ***          ***          ***          ***          ***          ***          ***
P1                ***          ***          ***          ***  1.31181e-14          ***          ***   1.2555e-10  1.25537e-10
P2                ***          ***          ***          ***  1.94082e-66          ***          ***   1.9209e-70  1.94102e-66

Temperature = 320 K    Pressure = 0.5 atm

From\To            W0           W1           W2           W3           W4          W5t          W5c           P1           P2
W0                ***          ***          ***          ***          ***          ***          ***          ***          ***
W1                ***          ***          ***          ***          ***          ***          ***          ***          ***
W2                ***          ***          ***          ***          ***          ***          ***          ***          ***
W3                ***          ***          ***          ***          ***          ***          ***          ***          ***
W4                ***          ***          ***          ***  3.68028e-41          ***          ***  2.44961e-48  3.68028e-41
W5t               ***          ***          ***          ***          ***          ***          ***          ***          ***
W5c               ***          ***          ***          ***          ***          ***          ***          ***          ***
P1                ***          ***          ***          ***  9.40735e-14          ***          ***  1.25767e-10  1.25673e-10
P2                ***          ***          ***          ***  2.16263e-66          ***          ***  1.92298e-70  2.16283e-66

Temperature = 320 K    Pressure = 1 atm

From\To            W0           W1           W2           W3           W4          W5t          W5c           P1           P2
W0                ***          ***          ***          ***          ***          ***          ***          ***          ***
W1                ***          ***          ***          ***          ***          ***          ***          ***          ***
W2                ***          ***          ***          ***          ***          ***          ***          ***          ***
W3                ***          ***          ***          ***          ***          ***          ***          ***          ***
W4                ***          ***          ***          ***  3.76633e-41          ***          ***  5.87206e-48  3.76632e-41
W5t               ***          ***          ***          ***          ***          ***          ***          ***          ***
W5c               ***          ***          ***          ***          ***          ***          ***          ***          ***
P1                ***          ***          ***          ***   2.2606e-13          ***          ***  1.26021e-10  1.25795e-10
P2                ***          ***          ***          ***  2.21862e-66          ***          ***  1.92484e-70  2.21881e-66

Temperature = 320 K    Pressure = 2 atm

From\To            W0           W1           W2           W3           W4          W5t          W5c           P1           P2
W0                ***          ***          ***          ***          ***          ***          ***          ***          ***
W1                ***          ***          ***          ***          ***          ***          ***          ***          ***
W2                ***          ***          ***          ***          ***          ***          ***          ***          ***
W3                ***          ***          ***          ***          ***          ***          ***          ***          ***
W4                ***          ***          ***          ***  3.82653e-41          ***          ***  1.51029e-47  3.82653e-41
W5t               ***          ***          ***          ***          ***          ***          ***          ***          ***
W5c               ***          ***          ***          ***          ***          ***          ***          ***          ***
P1                ***          ***          ***          ***  5.82314e-13          ***          ***  1.26483e-10  1.25901e-10
P2                ***          ***          ***          ***  2.25754e-66          ***          ***  1.92647e-70  2.25773e-66

Temperature = 320 K    Pressure = 4 atm

From\To            W0           W1           W2           W3           W4          W5t          W5c           P1           P2
W0                ***          ***          ***          ***          ***          ***          ***          ***          ***
W1                ***          ***          ***          ***          ***          ***          ***          ***          ***
W2                ***          ***          ***          ***          ***          ***          ***          ***          ***
W3                ***          ***          ***          ***          ***          ***          ***          ***          ***
W4                ***          ***          ***          ***  3.86642e-41          ***          ***  4.13147e-47  3.86642e-41
W5t               ***          ***          ***          ***          ***          ***          ***          ***          ***
W5c               ***          ***          ***          ***          ***          ***          ***          ***          ***
P1                ***          ***          ***          ***  1.59452e-12          ***          ***  1.27284e-10  1.25689e-10
P2                ***          ***          ***          ***  2.28332e-66          ***          ***  1.92323e-70  2.28351e-66

Temperature = 330 K

High Pressure Rate Coefficients:

From\To            W0           W1           W2           W3           W4          W5t          W5c           P1           P2
W0                ***  5.68019e+12  7.76232e+12  2.96622e+12  8.75831e+10          ***          ***  1.42859e+12          ***
W1        1.39497e+13          ***          ***  6.76336e+12          ***  1.29803e+06          ***  1.84217e+12          ***
W2        7.76232e+12          ***          ***  2.65334e+12          ***          ***          ***  1.43924e+12  2.50429e+11
W3        1.35878e+13  1.26156e+13  1.21546e+13          ***          ***          ***  4.75621e+10  2.84892e+12          ***
W4        6.64639e-44          ***          ***          ***          ***  5.30336e-38          ***          ***  3.45476e-37
W5t               ***  6.71627e-15          ***          ***  0.000888034          ***  0.000234348          ***  1.45281e-13
W5c               ***          ***          ***  1.99826e-07          ***     0.354941          ***          ***          ***
P1        6.49608e-10  3.41094e-10  6.54451e-10