Wells (G - ground energy, D - dissociation limit, kcal/mol):
      Name        G        D
        W1    -90.3     -4.4

Bimolecular Products (G - ground energy, kcal/mol):
      Name        G
         R      0.0
        P1      0.6
        P2    -13.1
        P3    -17.7
        P4    -69.8
        P5      4.3
        P6     13.5

Well-to-Bimolecular Barriers (H/G - barrier height/well depth, kcal/mol)
      Name        H     Well        G  Product
        B1      0.0       W1    -90.3        R
        B2      0.6       W1    -90.3       P1
        B3     -1.5       W1    -90.3       P2
        B4     -4.4       W1    -90.3       P3
        B5     -0.2       W1    -90.3       P4
        B6      4.3       W1    -90.3       P5
        B7     13.5       W1    -90.3       P6

________________________________________________________________________________________

Unimolecular Rate Units: 1/sec;  Bimolecular Rate Units: cm^3/sec

______________________________________________________________________________________

Species-Species Rate Tables:

Temperature = 610 K

High Pressure Rate Coefficients:

From\To            W1            R           P1           P2           P3           P4           P5           P6
W1                ***  3.76038e-17  9.83304e-18    3.529e-19  3.75026e-18  1.09924e-19  2.06241e-19  3.09987e-23
R         8.48653e-11          ***          ***          ***          ***          ***          ***          ***
P1        4.13638e-11          ***          ***          ***          ***          ***          ***          ***
P2        2.12234e-16          ***          ***          ***          ***          ***          ***          ***
P3        5.13954e-17          ***          ***          ***          ***          ***          ***          ***
P4        7.09902e-37          ***          ***          ***          ***          ***          ***          ***
P5        2.96597e-10          ***          ***          ***          ***          ***          ***          ***
P6        1.98691e-10          ***          ***          ***          ***          ***          ***          ***

Temperature = 610 K    Pressure = 0.000131579 atm

From\To            W1            R           P1           P2           P3           P4           P5           P6
W1        6.20522e-19  2.11841e-21  5.53328e-22  5.16417e-21  5.86676e-19  2.60092e-20  6.04117e-28  -1.4388e-39
R          4.7809e-15  1.89369e-11  1.54997e-11  4.57809e-13  2.48701e-12  8.19633e-14  4.05551e-13  6.00444e-17
P1        2.32764e-15  2.88906e-11  3.08951e-11  2.56811e-13  1.61615e-12  4.94497e-14  7.97008e-14  8.20372e-18
P2        3.10574e-18  1.21997e-16  3.67151e-17  2.08688e-16   4.5278e-17  1.04655e-18  5.45544e-19  1.02303e-22
P3         8.0401e-18  1.51022e-17  5.26516e-18  1.03178e-18  2.99346e-17  4.55593e-19  3.97157e-20  5.17715e-24
P4        1.67971e-37  2.34545e-37  7.59166e-38  1.12383e-38  2.14694e-37  7.05214e-37  8.48116e-40  1.46369e-43
P5        8.68787e-19  2.58428e-10  2.72472e-11  1.30454e-12  4.16766e-12  1.88861e-13  2.91339e-10  2.68379e-15
P6       -9.22219e-27  1.70533e-10  1.25001e-11  1.09033e-12  2.42137e-12   1.4527e-13  1.19616e-11  1.98651e-10

Temperature = 610 K    Pressure = 0.000657895 atm

From\To            W1            R           P1           P2           P3           P4           P5           P6
W1        1.27668e-18  4.24998e-20  1.55437e-20  2.33311e-20  1.15763e-18  3.76748e-20  2.33608e-26   2.6194e-40
R         9.59148e-14   1.9046e-11  1.54542e-11  4.58864e-13  2.54837e-12  8.30564e-14  4.05546e-13  6.00445e-17
P1        6.53865e-14  2.88058e-11  3.09859e-11   2.6299e-13  1.72034e-12   5.1675e-14  7.97096e-14  8.20372e-18
P2        1.40314e-17  1.22278e-16  3.75986e-17  2.09405e-16  3.41448e-17  8.05803e-19  5.45556e-19  1.02303e-22
P3        1.58647e-17  1.54749e-17  5.60458e-18  7.78076e-19  3.80527e-17  2.90791e-19  3.97195e-20  5.17715e-24
P4        2.43309e-37  2.37673e-37   7.9333e-38  8.65308e-39  1.37033e-37  7.06849e-37  8.48156e-40  1.46369e-43
P5        3.35954e-17  2.58425e-10  2.72502e-11  1.30457e-12  4.16806e-12   1.8887e-13  2.91339e-10  2.68379e-15
P6        1.67895e-27  1.70533e-10  1.25001e-11  1.09033e-12  2.42137e-12   1.4527e-13  1.19616e-11  1.98651e-10

Temperature = 610 K    Pressure = 0.00131579 atm

From\To            W1            R           P1           P2           P3           P4           P5           P6
W1        1.66326e-18  1.12949e-19  4.85664e-20  3.58172e-20  1.42268e-18  4.32504e-20  9.71024e-26  3.87746e-38
R         2.54907e-13  1.91554e-11  1.54007e-11   4.5719e-13    2.554e-12  8.30043e-14   4.0554e-13  6.00445e-17
P1          2.043e-13  2.87061e-11   3.1081e-11  2.65389e-13  1.77281e-12  5.27339e-14  7.97205e-14  8.20373e-18
P2        2.15405e-17  1.21832e-16  3.79415e-17  2.09832e-16  2.73142e-17  6.57606e-19   5.4557e-19  1.02303e-22
P3        1.94971e-17   1.5509e-17  5.77554e-18  6.22425e-19    4.166e-17  2.16192e-19  3.97242e-20  5.17715e-24
P4        2.79316e-37  2.37524e-37  8.09587e-38  7.06167e-39  1.01879e-37  7.07588e-37  8.48205e-40  1.46368e-43
P5        1.39644e-16   2.5842e-10   2.7254e-11   1.3046e-12  4.16855e-12   1.8888e-13  2.91339e-10  2.68378e-15
P6        2.48532e-25  1.70533e-10  1.25001e-11  1.09033e-12  2.42137e-12   1.4527e-13  1.19616e-11  1.98651e-10

Temperature = 610 K    Pressure = 0.00657895 atm

From\To            W1            R           P1           P2           P3           P4           P5           P6
W1        3.04927e-18  6.35591e-19  3.53982e-19  6.84469e-20   1.9366e-18  5.46492e-20  2.37918e-24  4.91972e-36
R         1.43442e-12  1.98309e-11  1.50323e-11  4.42343e-13  2.43648e-12  7.97832e-14  4.05484e-13  6.00445e-17
P1        1.48907e-12  2.80195e-11  3.16411e-11  2.56839e-13  1.74445e-12  5.14999e-14  7.98077e-14  8.20378e-18
P2         4.1164e-17  1.17876e-16  3.67191e-17  2.10713e-16  1.40436e-17  3.64494e-19  5.45682e-19  1.02302e-22
P3        2.65401e-17  1.47954e-17  5.68314e-18  3.20019e-19  4.74713e-17   9.2881e-20  3.97611e-20  5.17715e-24
P4        3.52931e-37  2.28307e-37  7.90642e-38  3.91411e-39  4.37694e-38  7.08834e-37  8.48588e-40  1.46368e-43
P5        3.42152e-15  2.58385e-10  2.72838e-11  1.30487e-12  4.17242e-12  1.88966e-13  2.91341e-10  2.68373e-15
P6        3.15337e-23  1.70533e-10  1.25002e-11  1.09032e-12  2.42138e-12  1.45269e-13  1.19613e-11  1.98651e-10

Temperature = 610 K    Pressure = 0.0131579 atm

From\To            W1            R           P1           P2           P3           P4           P5           P6
W1        4.08876e-18  1.16014e-18  6.69597e-19  8.36652e-20   2.1164e-18  5.89454e-20  9.85821e-24  4.33925e-35
R         2.61825e-12  2.05222e-11  1.46618e-11  4.30096e-13   2.3296e-12  7.69556e-14  4.05406e-13  6.00446e-17
P1        2.81674e-12  2.73288e-11  3.21479e-11  2.43351e-13  1.63058e-12  4.84446e-14  7.99136e-14  8.20385e-18
P2        5.03163e-17  1.14612e-16  3.47909e-17   2.1098e-16  1.04325e-17  2.82212e-19  5.45813e-19  1.02301e-22
P3        2.90042e-17  1.41464e-17  5.31218e-18  2.37732e-19  4.88039e-17  6.36497e-20  3.98069e-20  5.17716e-24
P4        3.80677e-37  2.20215e-37  7.43737e-38  3.03052e-39  2.99944e-38   7.0914e-37  8.49057e-40  1.46367e-43
P5        1.41772e-14  2.58335e-10  2.73199e-11  1.30518e-12  4.17723e-12   1.8907e-13  2.91344e-10  2.68366e-15
P6        2.78131e-22  1.70533e-10  1.25003e-11  1.09031e-12  2.42138e-12  1.45268e-13   1.1961e-11  1.98651e-10

Temperature = 610 K    Pressure = 0.0657895 atm

From\To            W1            R           P1           P2           P3           P4           P5           P6
W1        8.64385e-18   3.8681e-18  2.06497e-18  1.26764e-19  2.51445e-18  6.92823e-20  2.70446e-22  9.30719e-33
R         8.72964e-12  2.44189e-11  1.28825e-11  3.82161e-13  1.95355e-12  6.65506e-14  4.04453e-13  6.00452e-17
P1        8.68655e-12  2.40123e-11   3.4188e-11   1.8998e-13  1.18216e-12  3.63861e-14  8.05562e-14  8.20438e-18
P2        7.62359e-17  1.01839e-16  2.71606e-17  2.11409e-16  5.46354e-18  1.63467e-19  5.46275e-19  1.02295e-22
P3        3.44593e-17  1.18628e-17   3.8513e-18  1.24501e-19   5.0366e-17  2.79828e-20  4.01036e-20   5.1772e-24
P4        4.47433e-37  1.90441e-37   5.5861e-38  1.75538e-39  1.31866e-38  7.09529e-37    8.517e-40  1.46359e-43
P5        3.88931e-13  2.57728e-10  2.75397e-11  1.30629e-12  4.20836e-12  1.89659e-13  2.91363e-10  2.68311e-15
P6        5.96558e-20  1.70535e-10  1.25011e-11  1.09024e-12   2.4214e-12  1.45261e-13  1.19586e-11  1.98651e-10

Temperature = 610 K    Pressure = 0.131579 atm

From\To            W1            R           P1           P2           P3           P4           P5           P6
W1        1.18902e-17   6.0118e-18  2.96191e-18  1.50018e-19   2.6912e-18  7.42443e-20  9.81172e-22  1.09695e-31
R         1.35676e-11  2.77421e-11  1.16258e-11  3.50718e-13  1.73509e-12  6.01717e-14  4.02671e-13  6.00459e-17
P1        1.24596e-11  2.16699e-11  3.53589e-11  1.61017e-13  9.57348e-13  3.01368e-14  8.09081e-14  8.20504e-18
P2        9.02209e-17  9.34596e-17  2.30198e-17  2.11546e-16  4.17036e-18  1.30142e-19  5.45495e-19  1.02287e-22
P3        3.68815e-17  1.05362e-17  3.11889e-18  9.50325e-20  5.06919e-17   2.0031e-20  4.02766e-20  5.17725e-24
P4        4.79479e-37  1.72187e-37  4.62669e-38  1.39752e-39  9.43945e-39  7.09622e-37  8.52179e-40   1.4635e-43
P5        1.41103e-12  2.56592e-10  2.76599e-11  1.30442e-12  4.22652e-12  1.89765e-13  2.91387e-10  2.68243e-15
P6        7.03108e-19  1.70537e-10  1.25021e-11  1.09016e-12  2.42142e-12  1.45251e-13  1.19556e-11  1.98651e-10

Temperature = 610 K    Pressure = 0.657895 atm

From\To            W1            R           P1           P2           P3           P4           P5           P6
W1        2.25527e-17  1.37221e-17   5.4229e-18   2.1304e-19  3.09769e-18  8.65394e-20  1.04558e-20  5.07336e-29
R         3.09684e-11  4.06133e-11  7.82306e-12  2.53276e-13  1.14357e-12  4.17503e-14  3.83221e-13  6.00517e-17
P1        2.28121e-11  1.45818e-11  3.80787e-11  9.42115e-14  4.95678e-13  1.66228e-14  7.83254e-14  8.21061e-18
P2        1.28122e-16  6.74932e-17   1.3469e-17  2.11814e-16  2.13251e-18   7.2999e-20  5.23751e-19  1.02222e-22
P3        4.24523e-17  6.94425e-18  1.61484e-18  4.85948e-20  5.11081e-17  9.08484e-21  3.90877e-20  5.17772e-24
P4        5.58882e-37  1.19472e-37  2.55199e-38  7.83896e-40  4.28115e-39  7.09761e-37  8.21393e-40  1.46273e-43
P5        1.50366e-11  2.44198e-10   2.6777e-11  1.25243e-12  4.10175e-12   1.8291e-13  2.91552e-10  2.67692e-15
P6        3.25185e-16  1.70553e-10  1.25106e-11  1.08947e-12  2.42164e-12  1.45175e-13   1.1931e-11  1.98652e-10

Temperature = 610 K    Pressure = 1.31579 atm

From\To            W1            R           P1           P2           P3           P4           P5           P6
W1        2.79931e-17  1.79189e-17  6.46451e-18  2.41292e-19  3.25467e-18  9.16531e-20  2.20334e-20  7.29145e-28
R           4.044e-11  4.80103e-11  6.08307e-12  2.05434e-13  8.87978e-13  3.32524e-14  3.60502e-13  6.00575e-17
P1        2.71937e-11  1.13385e-11  3.90346e-11  6.97108e-14   3.4715e-13  1.19941e-14  7.34304e-14  8.21811e-18
P2        1.45113e-16  5.47442e-17  9.96625e-18   2.1191e-16  1.53732e-18  5.46389e-20  4.94266e-19  1.02139e-22
P3        4.46035e-17   5.3922e-18  1.13096e-18  3.50318e-20  5.12048e-17  6.28865e-21  3.67716e-20  5.17844e-24
P4        5.91907e-37  9.51547e-38  1.84137e-38  5.86738e-40  2.96347e-39    7.098e-37  7.74468e-40  1.46176e-43
P5        3.16865e-11  2.29721e-10  2.51036e-11  1.18192e-12  3.85871e-12  1.72461e-13  2.91727e-10  2.66989e-15
P6        4.67356e-15   1.7057e-10   1.2522e-11  1.08859e-12  2.42198e-12  1.45079e-13  1.18997e-11  1.98652e-10

Temperature = 610 K    Pressure = 6.57895 atm

From\To            W1            R           P1           P2           P3           P4           P5           P6
W1        3.98263e-17  2.74585e-17  8.36212e-18  2.98193e-19  3.53256e-18  1.01355e-19  7.35962e-20  1.34239e-25
R         6.19692e-11   6.5495e-11  2.74147e-12  1.03534e-13  4.04642e-13  1.61036e-14  2.60046e-13  5.98397e-17
P1        3.51762e-11  5.10996e-12  4.04989e-11  2.90069e-14  1.28146e-13  4.73878e-15  5.08252e-14  8.25496e-18
P2        1.79334e-16  2.75898e-17  4.14699e-18  2.12082e-16  6.28009e-19  2.41839e-20  3.59325e-19  1.01139e-22
P3        4.84119e-17  2.45716e-18  4.17478e-19  1.43108e-20  5.13291e-17  2.38803e-21  2.58756e-20  5.16841e-24
P4         6.5456e-37  4.60819e-38  7.27512e-39  2.59698e-40  1.12534e-39   7.0986e-37  5.57395e-40  1.44947e-43
P5         1.0584e-10  1.65708e-10  1.73755e-11  8.59242e-13  2.71531e-12  1.24122e-13  2.92625e-10  2.60803e-15
P6        8.60423e-13  1.69951e-10  1.25781e-11  1.07793e-12  2.41729e-12  1.43859e-13  1.16239e-11  1.98653e-10

Temperature = 610 K    Pressure = 13.1579 atm

From\To            W1            R           P1           P2           P3           P4           P5           P6
W1         4.3735e-17    3.071e-17  8.89198e-18  3.16123e-19   3.6099e-18  1.04253e-19   1.0276e-19  6.68472e-25
R         6.93073e-11  7.16251e-11  1.77021e-12  7.01498e-14  2.63558e-13  1.07521e-14  2.03067e-13  5.88271e-17
P1        3.74051e-11  3.29957e-12  4.08423e-11  1.83681e-14  7.76199e-14  2.94697e-15  3.86488e-14  8.18373e-18
P2        1.90117e-16  1.86936e-17    2.626e-18  2.12133e-16  3.98777e-19  1.58291e-20  2.82156e-19  9.89709e-23
P3        4.94718e-17  1.60044e-18  2.52873e-19  9.08715e-21  5.13556e-17  1.48151e-21  1.98815e-20  5.09419e-24
P4         6.7328e-37   3.0768e-38  4.52427e-39   1.6998e-40  6.98149e-40  7.09875e-37  4.34861e-40  1.42036e-43
P5         1.4778e-10    1.294e-10  1.32128e-11   6.7471e-13  2.08631e-12  9.68359e-14  2.93253e-10   2.5233e-15
P6        4.28467e-12  1.67075e-10  1.24696e-11  1.05482e-12  2.38257e-12   1.4097e-13  1.12463e-11  1.98654e-10

______________________________________________________________________________________

High Pressure Rate Coefficients (Temperature-Species Rate Tables):

   T(K)       W1->W1        W1->R       W1->P1       W1->P2       W1->P3       W1->P4       W1->P5       W1->P6
    610          ***  3.76038e-17  9.83304e-18    3.529e-19  3.75026e-18  1.09924e-19  2.06241e-19  3.09987e-23

   T(K)        R->W1         R->R        R->P1        R->P2        R->P3        R->P4        R->P5        R->P6
    610  8.48653e-11          ***          ***          ***          ***          ***          ***          ***

   T(K)       P1->W1        P1->R       P1->P1       P1->P2       P1->P3       P1->P4       P1->P5       P1->P6
    610  4.13638e-11          ***          ***          ***          ***          ***          ***          ***

   T(K)       P2->W1        P2->R       P2->P1       P2->P2       P2->P3       P2->P4       P2->P5       P2->P6
    610  2.12234e-16          ***          ***          ***          ***          ***          ***          ***

   T(K)       P3->W1        P3->R       P3->P1       P3->P2       P3->P3       P3->P4       P3->P5       P3->P6
    610  5.13954e-17          ***          ***          ***          ***          ***          ***          ***

   T(K)       P4->W1        P4->R       P4->P1       P4->P2       P4->P3       P4->P4       P4->P5       P4->P6
    610  7.09902e-37          ***          ***          ***          ***          ***          ***          ***

   T(K)       P5->W1        P5->R       P5->P1       P5->P2       P5->P3       P5->P4       P5->P5       P5->P6
    610  2.96597e-10          ***          ***          ***          ***          ***          ***          ***

   T(K)       P6->W1        P6->R       P6->P1       P6->P2       P6->P3       P6->P4       P6->P5       P6->P6
    610  1.98691e-10          ***          ***          ***          ***          ***          ***          ***

Capture/Escape Rate Coefficients:

   T(K)           W1            R           P1           P2           P3           P4           P5           P6
    610  5.18562e-17  8.48653e-11  4.13638e-11  2.12234e-16  5.13954e-17  7.09902e-37  2.96597e-10  1.98691e-10

______________________________________________________________________________________

Pressure-Species Rate Tables:

   Temperature = 610 K

   P(atm)        W1->R       W1->P1       W1->P2       W1->P3       W1->P4       W1->P5       W1->P6         W1->
0.000131579  2.11841e-21  5.53328e-22  5.16417e-21  5.86676e-19  2.60092e-20  6.04117e-28  -1.4388e-39  6.20522e-19
0.000657895  4.24998e-20  1.55437e-20  2.33311e-20  1.15763e-18  3.76748e-20  2.33608e-26   2.6194e-40  1.27668e-18
0.00131579  1.12949e-19  4.85664e-20  3.58172e-20  1.42268e-18  4.32504e-20  9.71024e-26  3.87746e-38  1.66326e-18
0.00657895  6.35591e-19  3.53982e-19  6.84469e-20   1.9366e-18  5.46492e-20  2.37918e-24  4.91972e-36  3.04927e-18
0.0131579  1.16014e-18  6.69597e-19  8.36652e-20   2.1164e-18  5.89454e-20  9.85821e-24  4.33925e-35  4.08876e-18
0.0657895   3.8681e-18  2.06497e-18  1.26764e-19  2.51445e-18  6.92823e-20  2.70446e-22  9.30719e-33  8.64385e-18
 0.131579   6.0118e-18  2.96191e-18  1.50018e-19   2.6912e-18  7.42443e-20  9.81172e-22  1.09695e-31  1.18902e-17
 0.657895  1.37221e-17   5.4229e-18   2.1304e-19  3.09769e-18  8.65394e-20  1.04558e-20  5.07336e-29  2.25527e-17
  1.31579  1.79189e-17  6.46451e-18  2.41292e-19  3.25467e-18  9.16531e-20  2.20334e-20  7.29145e-28  2.79931e-17
  6.57895  2.74585e-17  8.36212e-18  2.98193e-19  3.53256e-18  1.01355e-19  7.35962e-20  1.34239e-25  3.98263e-17
  13.1579    3.071e-17  8.89198e-18  3.16123e-19   3.6099e-18  1.04253e-19   1.0276e-19  6.68472e-25   4.3735e-17
    O-O  3.76038e-17  9.83304e-18    3.529e-19  3.75026e-18  1.09924e-19  2.06241e-19  3.09987e-23  5.18562e-17

   Temperature = 610 K

   P(atm)        R->W1        R->P1        R->P2        R->P3        R->P4        R->P5        R->P6          R->
0.000131579   4.7809e-15  1.54997e-11  4.57809e-13  2.48701e-12  8.19633e-14  4.05551e-13  6.00444e-17  1.89369e-11
0.000657895  9.59148e-14  1.54542e-11  4.58864e-13  2.54837e-12  8.30564e-14  4.05546e-13  6.00445e-17   1.9046e-11
0.00131579  2.54907e-13  1.54007e-11   4.5719e-13    2.554e-12  8.30043e-14   4.0554e-13  6.00445e-17  1.91554e-11
0.00657895  1.43442e-12  1.50323e-11  4.42343e-13  2.43648e-12  7.97832e-14  4.05484e-13  6.00445e-17  1.98309e-11
0.0131579  2.61825e-12  1.46618e-11  4.30096e-13   2.3296e-12  7.69556e-14  4.05406e-13  6.00446e-17  2.05222e-11
0.0657895  8.72964e-12  1.28825e-11  3.82161e-13  1.95355e-12  6.65506e-14  4.04453e-13  6.00452e-17  2.44189e-11
 0.131579  1.35676e-11  1.16258e-11  3.50718e-13  1.73509e-12  6.01717e-14  4.02671e-13  6.00459e-17  2.77421e-11
 0.657895  3.09684e-11  7.82306e-12  2.53276e-13  1.14357e-12  4.17503e-14  3.83221e-13  6.00517e-17  4.06133e-11
  1.31579    4.044e-11  6.08307e-12  2.05434e-13  8.87978e-13  3.32524e-14  3.60502e-13  6.00575e-17  4.80103e-11
  6.57895  6.19692e-11  2.74147e-12  1.03534e-13  4.04642e-13  1.61036e-14  2.60046e-13  5.98397e-17   6.5495e-11
  13.1579  6.93073e-11  1.77021e-12  7.01498e-14  2.63558e-13  1.07521e-14  2.03067e-13  5.88271e-17  7.16251e-11
    O-O  8.48653e-11          ***          ***          ***          ***          ***          ***  8.48653e-11

   Temperature = 610 K

   P(atm)       P1->W1        P1->R       P1->P2       P1->P3       P1->P4       P1->P5       P1->P6         P1->
0.000131579  2.32764e-15  2.88906e-11  2.56811e-13  1.61615e-12  4.94497e-14  7.97008e-14  8.20372e-18  3.08951e-11
0.000657895  6.53865e-14  2.88058e-11   2.6299e-13  1.72034e-12   5.1675e-14  7.97096e-14  8.20372e-18  3.09859e-11
0.00131579    2.043e-13  2.87061e-11  2.65389e-13  1.77281e-12  5.27339e-14  7.97205e-14  8.20373e-18   3.1081e-11
0.00657895  1.48907e-12  2.80195e-11  2.56839e-13  1.74445e-12  5.14999e-14  7.98077e-14  8.20378e-18  3.16411e-11
0.0131579  2.81674e-12  2.73288e-11  2.43351e-13  1.63058e-12  4.84446e-14  7.99136e-14  8.20385e-18  3.21479e-11
0.0657895  8.68655e-12  2.40123e-11   1.8998e-13  1.18216e-12  3.63861e-14  8.05562e-14  8.20438e-18   3.4188e-11
 0.131579  1.24596e-11  2.16699e-11  1.61017e-13  9.57348e-13  3.01368e-14  8.09081e-14  8.20504e-18  3.53589e-11
 0.657895  2.28121e-11  1.45818e-11  9.42115e-14  4.95678e-13  1.66228e-14  7.83254e-14  8.21061e-18  3.80787e-11
  1.31579  2.71937e-11  1.13385e-11  6.97108e-14   3.4715e-13  1.19941e-14  7.34304e-14  8.21811e-18  3.90346e-11
  6.57895  3.51762e-11  5.10996e-12  2.90069e-14  1.28146e-13  4.73878e-15  5.08252e-14  8.25496e-18  4.04989e-11
  13.1579  3.74051e-11  3.29957e-12  1.83681e-14  7.76199e-14  2.94697e-15  3.86488e-14  8.18373e-18  4.08423e-11
    O-O  4.13638e-11          ***          ***          ***          ***          ***          ***  4.13638e-11

   Temperature = 610 K

   P(atm)       P2->W1        P2->R       P2->P1       P2->P3       P2->P4       P2->P5       P2->P6         P2->
0.000131579  3.10574e-18  1.21997e-16  3.67151e-17   4.5278e-17  1.04655e-18  5.45544e-19  1.02303e-22  2.08688e-16
0.000657895  1.40314e-17  1.22278e-16  3.75986e-17  3.41448e-17  8.05803e-19  5.45556e-19  1.02303e-22  2.09405e-16
0.00131579  2.15405e-17  1.21832e-16  3.79415e-17  2.73142e-17  6.57606e-19   5.4557e-19  1.02303e-22  2.09832e-16
0.00657895   4.1164e-17  1.17876e-16  3.67191e-17  1.40436e-17  3.64494e-19  5.45682e-19  1.02302e-22  2.10713e-16
0.0131579  5.03163e-17  1.14612e-16  3.47909e-17  1.04325e-17  2.82212e-19  5.45813e-19  1.02301e-22   2.1098e-16
0.0657895  7.62359e-17  1.01839e-16  2.71606e-17  5.46354e-18  1.63467e-19  5.46275e-19  1.02295e-22  2.11409e-16
 0.131579  9.02209e-17  9.34596e-17  2.30198e-17  4.17036e-18  1.30142e-19  5.45495e-19  1.02287e-22  2.11546e-16
 0.657895  1.28122e-16  6.74932e-17   1.3469e-17  2.13251e-18   7.2999e-20  5.23751e-19  1.02222e-22  2.11814e-16
  1.31579  1.45113e-16  5.47442e-17  9.96625e-18  1.53732e-18  5.46389e-20  4.94266e-19  1.02139e-22   2.1191e-16
  6.57895  1.79334e-16  2.75898e-17  4.14699e-18  6.28009e-19  2.41839e-20  3.59325e-19  1.01139e-22  2.12082e-16
  13.1579  1.90117e-16  1.86936e-17    2.626e-18  3.98777e-19  1.58291e-20  2.82156e-19  9.89709e-23  2.12133e-16
    O-O  2.12234e-16          ***          ***          ***          ***          ***          ***  2.12234e-16

   Temperature = 610 K

   P(atm)       P3->W1        P3->R       P3->P1       P3->P2       P3->P4       P3->P5       P3->P6         P3->
0.000131579   8.0401e-18  1.51022e-17  5.26516e-18  1.03178e-18  4.55593e-19  3.97157e-20  5.17715e-24  2.99346e-17
0.000657895  1.58647e-17  1.54749e-17  5.60458e-18  7.78076e-19  2.90791e-19  3.97195e-20  5.17715e-24  3.80527e-17
0.00131579  1.94971e-17   1.5509e-17  5.77554e-18  6.22425e-19  2.16192e-19  3.97242e-20  5.17715e-24    4.166e-17
0.00657895  2.65401e-17  1.47954e-17  5.68314e-18  3.20019e-19   9.2881e-20  3.97611e-20  5.17715e-24  4.74713e-17
0.0131579  2.90042e-17  1.41464e-17  5.31218e-18  2.37732e-19  6.36497e-20  3.98069e-20  5.17716e-24  4.88039e-17
0.0657895  3.44593e-17  1.18628e-17   3.8513e-18  1.24501e-19  2.79828e-20  4.01036e-20   5.1772e-24   5.0366e-17
 0.131579  3.68815e-17  1.05362e-17  3.11889e-18  9.50325e-20   2.0031e-20  4.02766e-20  5.17725e-24  5.06919e-17
 0.657895  4.24523e-17  6.94425e-18  1.61484e-18  4.85948e-20  9.08484e-21  3.90877e-20  5.17772e-24  5.11081e-17
  1.31579  4.46035e-17   5.3922e-18  1.13096e-18  3.50318e-20  6.28865e-21  3.67716e-20  5.17844e-24  5.12048e-17
  6.57895  4.84119e-17  2.45716e-18  4.17478e-19  1.43108e-20  2.38803e-21  2.58756e-20  5.16841e-24  5.13291e-17
  13.1579  4.94718e-17  1.60044e-18  2.52873e-19  9.08715e-21  1.48151e-21  1.98815e-20  5.09419e-24  5.13556e-17
    O-O  5.13954e-17          ***          ***          ***          ***          ***          ***  5.13954e-17

   Temperature = 610 K

   P(atm)       P4->W1        P4->R       P4->P1       P4->P2       P4->P3       P4->P5       P4->P6         P4->
0.000131579  1.67971e-37  2.34545e-37  7.59166e-38  1.12383e-38  2.14694e-37  8.48116e-40  1.46369e-43  7.05214e-37
0.000657895  2.43309e-37  2.37673e-37   7.9333e-38  8.65308e-39  1.37033e-37  8.48156e-40  1.46369e-43  7.06849e-37
0.00131579  2.79316e-37  2.37524e-37  8.09587e-38  7.06167e-39  1.01879e-37  8.48205e-40  1.46368e-43  7.07588e-37
0.00657895  3.52931e-37  2.28307e-37  7.90642e-38  3.91411e-39  4.37694e-38  8.48588e-40  1.46368e-43  7.08834e-37
0.0131579  3.80677e-37  2.20215e-37  7.43737e-38  3.03052e-39  2.99944e-38  8.49057e-40  1.46367e-43   7.0914e-37
0.0657895  4.47433e-37  1.90441e-37   5.5861e-38  1.75538e-39  1.31866e-38    8.517e-40  1.46359e-43  7.09529e-37
 0.131579  4.79479e-37  1.72187e-37  4.62669e-38  1.39752e-39  9.43945e-39  8.52179e-40   1.4635e-43  7.09622e-37
 0.657895  5.58882e-37  1.19472e-37  2.55199e-38  7.83896e-40  4.28115e-39  8.21393e-40  1.46273e-43  7.09761e-37
  1.31579  5.91907e-37  9.51547e-38  1.84137e-38  5.86738e-40  2.96347e-39  7.74468e-40  1.46176e-43    7.098e-37
  6.57895   6.5456e-37  4.60819e-38  7.27512e-39  2.59698e-40  1.12534e-39  5.57395e-40  1.44947e-43   7.0986e-37
  13.1579   6.7328e-37   3.0768e-38  4.52427e-39   1.6998e-40  6.98149e-40  4.34861e-40  1.42036e-43  7.09875e-37
    O-O  7.09902e-37          ***          ***          ***          ***          ***          ***  7.09902e-37

   Temperature = 610 K

   P(atm)       P5->W1        P5->R       P5->P1       P5->P2       P5->P3       P5->P4       P5->P6         P5->
0.000131579  8.68787e-19  2.58428e-10  2.72472e-11  1.30454e-12  4.16766e-12  1.88861e-13  2.68379e-15  2.91339e-10
0.000657895  3.35954e-17  2.58425e-10  2.72502e-11  1.30457e-12  4.16806e-12   1.8887e-13  2.68379e-15  2.91339e-10
0.00131579  1.39644e-16   2.5842e-10   2.7254e-11   1.3046e-12  4.16855e-12   1.8888e-13  2.68378e-15  2.91339e-10
0.00657895  3.42152e-15  2.58385e-10  2.72838e-11  1.30487e-12  4.17242e-12  1.88966e-13  2.68373e-15  2.91341e-10
0.0131579  1.41772e-14  2.58335e-10  2.73199e-11  1.30518e-12  4.17723e-12   1.8907e-13  2.68366e-15  2.91344e-10
0.0657895  3.88931e-13  2.57728e-10  2.75397e-11  1.30629e-12  4.20836e-12  1.89659e-13  2.68311e-15  2.91363e-10
 0.131579  1.41103e-12  2.56592e-10  2.76599e-11  1.30442e-12  4.22652e-12  1.89765e-13  2.68243e-15  2.91387e-10
 0.657895  1.50366e-11  2.44198e-10   2.6777e-11  1.25243e-12  4.10175e-12   1.8291e-13  2.67692e-15  2.91552e-10
  1.31579  3.16865e-11  2.29721e-10  2.51036e-11  1.18192e-12  3.85871e-12  1.72461e-13  2.66989e-15  2.91727e-10
  6.57895   1.0584e-10  1.65708e-10  1.73755e-11  8.59242e-13  2.71531e-12  1.24122e-13  2.60803e-15  2.92625e-10
  13.1579   1.4778e-10    1.294e-10  1.32128e-11   6.7471e-13  2.08631e-12  9.68359e-14   2.5233e-15  2.93253e-10
    O-O  2.96597e-10          ***          ***          ***          ***          ***          ***  2.96597e-10

   Temperature = 610 K

   P(atm)       P6->W1        P6->R       P6->P1       P6->P2       P6->P3       P6->P4       P6->P5         P6->
0.000131579 -9.22219e-27  1.70533e-10  1.25001e-11  1.09033e-12  2.42137e-12   1.4527e-13  1.19616e-11  1.98651e-10
0.000657895  1.67895e-27  1.70533e-10  1.25001e-11  1.09033e-12  2.42137e-12   1.4527e-13  1.19616e-11  1.98651e-10
0.00131579  2.48532e-25  1.70533e-10  1.25001e-11  1.09033e-12  2.42137e-12   1.4527e-13  1.19616e-11  1.98651e-10
0.00657895  3.15337e-23  1.70533e-10  1.25002e-11  1.09032e-12  2.42138e-12  1.45269e-13  1.19613e-11  1.98651e-10
0.0131579  2.78131e-22  1.70533e-10  1.25003e-11  1.09031e-12  2.42138e-12  1.45268e-13   1.1961e-11  1.98651e-10
0.0657895  5.96558e-20  1.70535e-10  1.25011e-11  1.09024e-12   2.4214e-12  1.45261e-13  1.19586e-11  1.98651e-10
 0.131579  7.03108e-19  1.70537e-10  1.25021e-11  1.09016e-12  2.42142e-12  1.45251e-13  1.19556e-11  1.98651e-10
 0.657895  3.25185e-16  1.70553e-10  1.25106e-11  1.08947e-12  2.42164e-12  1.45175e-13   1.1931e-11  1.98652e-10
  1.31579  4.67356e-15   1.7057e-10   1.2522e-11  1.08859e-12  2.42198e-12  1.45079e-13  1.18997e-11  1.98652e-10
  6.57895  8.60423e-13  1.69951e-10  1.25781e-11  1.07793e-12  2.41729e-12  1.43859e-13  1.16239e-11  1.98653e-10
  13.1579  4.28467e-12  1.67075e-10  1.24696e-11  1.05482e-12  2.38257e-12   1.4097e-13  1.12463e-11  1.98654e-10
    O-O  1.98691e-10          ***          ***          ***          ***          ***          ***  1.98691e-10

______________________________________________________________________________________

Temperature-Species Rate Tables:

   Pressure = 0.000131579 atm

   T(K)        W1->R       W1->P1       W1->P2       W1->P3       W1->P4       W1->P5       W1->P6         W1->      Capture
    610  2.11841e-21  5.53328e-22  5.16417e-21  5.86676e-19  2.60092e-20  6.04117e-28  -1.4388e-39  6.20522e-19  5.18562e-17

   Pressure = 0.000657895 atm

   T(K)        W1->R       W1->P1       W1->P2       W1->P3       W1->P4       W1->P5       W1->P6         W1->      Capture
    610  4.24998e-20  1.55437e-20  2.33311e-20  1.15763e-18  3.76748e-20  2.33608e-26   2.6194e-40  1.27668e-18  5.18562e-17

   Pressure = 0.00131579 atm

   T(K)        W1->R       W1->P1       W1->P2       W1->P3       W1->P4       W1->P5       W1->P6         W1->      Capture
    610  1.12949e-19  4.85664e-20  3.58172e-20  1.42268e-18  4.32504e-20  9.71024e-26  3.87746e-38  1.66326e-18  5.18562e-17

   Pressure = 0.00657895 atm

   T(K)        W1->R       W1->P1       W1->P2       W1->P3       W1->P4       W1->P5       W1->P6         W1->      Capture
    610  6.35591e-19  3.53982e-19  6.84469e-20   1.9366e-18  5.46492e-20  2.37918e-24  4.91972e-36  3.04927e-18  5.18562e-17

   Pressure = 0.0131579 atm

   T(K)        W1->R       W1->P1       W1->P2       W1->P3       W1->P4       W1->P5       W1->P6         W1->      Capture
    610  1.16014e-18  6.69597e-19  8.36652e-20   2.1164e-18  5.89454e-20  9.85821e-24  4.33925e-35  4.08876e-18  5.18562e-17

   Pressure = 0.0657895 atm

   T(K)        W1->R       W1->P1       W1->P2       W1->P3       W1->P4       W1->P5       W1->P6         W1->      Capture
    610   3.8681e-18  2.06497e-18  1.26764e-19  2.51445e-18  6.92823e-20  2.70446e-22  9.30719e-33  8.64385e-18  5.18562e-17

   Pressure = 0.131579 atm

   T(K)        W1->R       W1->P1       W1->P2       W1->P3       W1->P4       W1->P5       W1->P6         W1->      Capture
    610   6.0118e-18  2.96191e-18  1.50018e-19   2.6912e-18  7.42443e-20  9.81172e-22  1.09695e-31  1.18902e-17  5.18562e-17

   Pressure = 0.657895 atm

   T(K)        W1->R       W1->P1       W1->P2       W1->P3       W1->P4       W1->P5       W1->P6         W1->      Capture
    610  1.37221e-17   5.4229e-18   2.1304e-19  3.09769e-18  8.65394e-20  1.04558e-20  5.07336e-29  2.25527e-17  5.18562e-17

   Pressure = 1.31579 atm

   T(K)        W1->R       W1->P1       W1->P2       W1->P3       W1->P4       W1->P5       W1->P6         W1->      Capture
    610  1.79189e-17  6.46451e-18  2.41292e-19  3.25467e-18  9.16531e-20  2.20334e-20  7.29145e-28  2.79931e-17  5.18562e-17

   Pressure = 6.57895 atm

   T(K)        W1->R       W1->P1       W1->P2       W1->P3       W1->P4       W1->P5       W1->P6         W1->      Capture
    610  2.74585e-17  8.36212e-18  2.98193e-19  3.53256e-18  1.01355e-19  7.35962e-20  1.34239e-25  3.98263e-17  5.18562e-17

   Pressure = 13.1579 atm

   T(K)        W1->R       W1->P1       W1->P2       W1->P3       W1->P4       W1->P5       W1->P6         W1->      Capture
    610    3.071e-17  8.89198e-18  3.16123e-19   3.6099e-18  1.04253e-19   1.0276e-19  6.68472e-25   4.3735e-17  5.18562e-17

   Pressure = 0.000131579 atm

   T(K)        R->W1        R->P1        R->P2        R->P3        R->P4        R->P5        R->P6          R->      Capture
    610   4.7809e-15  1.54997e-11  4.57809e-13  2.48701e-12  8.19633e-14  4.05551e-13  6.00444e-17  1.89369e-11  8.48653e-11

   Pressure = 0.000657895 atm

   T(K)        R->W1        R->P1        R->P2        R->P3        R->P4        R->P5        R->P6          R->      Capture
    610  9.59148e-14  1.54542e-11  4.58864e-13  2.54837e-12  8.30564e-14  4.05546e-13  6.00445e-17   1.9046e-11  8.48653e-11

   Pressure = 0.00131579 atm

   T(K)        R->W1        R->P1        R->P2        R->P3        R->P4        R->P5        R->P6          R->      Capture
    610  2.54907e-13  1.54007e-11   4.5719e-13    2.554e-12  8.30043e-14   4.0554e-13  6.00445e-17  1.91554e-11  8.48653e-11

   Pressure = 0.00657895 atm

   T(K)        R->W1        R->P1        R->P2        R->P3        R->P4        R->P5        R->P6          R->      Capture
    610  1.43442e-12  1.50323e-11  4.42343e-13  2.43648e-12  7.97832e-14  4.05484e-13  6.00445e-17  1.98309e-11  8.48653e-11

   Pressure = 0.0131579 atm

   T(K)        R->W1        R->P1        R->P2        R->P3        R->P4        R->P5        R->P6          R->      Capture
    610  2.61825e-12  1.46618e-11  4.30096e-13   2.3296e-12  7.69556e-14  4.05406e-13  6.00446e-17  2.05222e-11  8.48653e-11

   Pressure = 0.0657895 atm

   T(K)        R->W1        R->P1        R->P2        R->P3        R->P4        R->P5        R->P6          R->      Capture
    610  8.72964e-12  1.28825e-11  3.82161e-13  1.95355e-12  6.65506e-14  4.04453e-13  6.00452e-17  2.44189e-11  8.48653e-11

   Pressure = 0.131579 atm

   T(K)        R->W1        R->P1        R->P2        R->P3        R->P4        R->P5        R->P6          R->      Capture
    610  1.35676e-11  1.16258e-11  3.50718e-13  1.73509e-12  6.01717e-14  4.02671e-13  6.00459e-17  2.77421e-11  8.48653e-11

   Pressure = 0.657895 atm

   T(K)        R->W1        R->P1        R->P2        R->P3        R->P4        R->P5        R->P6          R->      Capture
    610  3.09684e-11  7.82306e-12  2.53276e-13  1.14357e-12  4.17503e-14  3.83221e-13  6.00517e-17  4.06133e-11  8.48653e-11

   Pressure = 1.31579 atm

   T(K)        R->W1        R->P1        R->P2        R->P3        R->P4        R->P5        R->P6          R->      Capture
    610    4.044e-11  6.08307e-12  2.05434e-13  8.87978e-13  3.32524e-14  3.60502e-13  6.00575e-17  4.80103e-11  8.48653e-11

   Pressure = 6.57895 atm

   T(K)        R->W1        R->P1        R->P2        R->P3        R->P4        R->P5        R->P6          R->      Capture
    610  6.19692e-11  2.74147e-12  1.03534e-13  4.04642e-13  1.61036e-14  2.60046e-13  5.98397e-17   6.5495e-11  8.48653e-11

   Pressure = 13.1579 atm

   T(K)        R->W1        R->P1        R->P2        R->P3        R->P4        R->P5        R->P6          R->      Capture
    610  6.93073e-11  1.77021e-12  7.01498e-14  2.63558e-13  1.07521e-14  2.03067e-13  5.88271e-17  7.16251e-11  8.48653e-11

   Pressure = 0.000131579 atm

   T(K)       P1->W1        P1->R       P1->P2       P1->P3       P1->P4       P1->P5       P1->P6         P1->      Capture
    610  2.32764e-15  2.88906e-11  2.56811e-13  1.61615e-12  4.94497e-14  7.97008e-14  8.20372e-18  3.08951e-11  4.13638e-11

   Pressure = 0.000657895 atm

   T(K)       P1->W1        P1->R       P1->P2       P1->P3       P1->P4       P1->P5       P1->P6         P1->      Capture
    610  6.53865e-14  2.88058e-11   2.6299e-13  1.72034e-12   5.1675e-14  7.97096e-14  8.20372e-18  3.09859e-11  4.13638e-11

   Pressure = 0.00131579 atm

   T(K)       P1->W1        P1->R       P1->P2       P1->P3       P1->P4       P1->P5       P1->P6         P1->      Capture
    610    2.043e-13  2.87061e-11  2.65389e-13  1.77281e-12  5.27339e-14  7.97205e-14  8.20373e-18   3.1081e-11  4.13638e-11

   Pressure = 0.00657895 atm

   T(K)       P1->W1        P1->R       P1->P2       P1->P3       P1->P4       P1->P5       P1->P6         P1->      Capture
    610  1.48907e-12  2.80195e-11  2.56839e-13  1.74445e-12  5.14999e-14  7.98077e-14  8.20378e-18  3.16411e-11  4.13638e-11

   Pressure = 0.0131579 atm

   T(K)       P1->W1        P1->R       P1->P2       P1->P3       P1->P4       P1->P5       P1->P6         P1->      Capture
    610  2.81674e-12  2.73288e-11  2.43351e-13  1.63058e-12  4.84446e-14  7.99136e-14  8.20385e-18  3.21479e-11  4.13638e-11

   Pressure = 0.0657895 atm

   T(K)       P1->W1        P1->R       P1->P2       P1->P3       P1->P4       P1->P5       P1->P6         P1->      Capture
    610  8.68655e-12  2.40123e-11   1.8998e-13  1.18216e-12  3.63861e-14  8.05562e-14  8.20438e-18   3.4188e-11  4.13638e-11

   Pressure = 0.131579 atm

   T(K)       P1->W1        P1->R       P1->P2       P1->P3       P1->P4       P1->P5       P1->P6         P1->      Capture
    610  1.24596e-11  2.16699e-11  1.61017e-13  9.57348e-13  3.01368e-14  8.09081e-14  8.20504e-18  3.53589e-11  4.13638e-11

   Pressure = 0.657895 atm

   T(K)       P1->W1        P1->R       P1->P2       P1->P3       P1->P4       P1->P5       P1->P6         P1->      Capture
    610  2.28121e-11  1.45818e-11  9.42115e-14  4.95678e-13  1.66228e-14  7.83254e-14  8.21061e-18  3.80787e-11  4.13638e-11

   Pressure = 1.31579 atm

   T(K)       P1->W1        P1->R       P1->P2       P1->P3       P1->P4       P1->P5       P1->P6         P1->      Capture
    610  2.71937e-11  1.13385e-11  6.97108e-14   3.4715e-13  1.19941e-14  7.34304e-14  8.21811e-18  3.90346e-11  4.13638e-11

   Pressure = 6.57895 atm

   T(K)       P1->W1        P1->R       P1->P2       P1->P3       P1->P4       P1->P5       P1->P6         P1->      Capture
    610  3.51762e-11  5.10996e-12  2.90069e-14  1.28146e-13  4.73878e-15  5.08252e-14  8.25496e-18  4.04989e-11  4.13638e-11

   Pressure = 13.1579 atm

   T(K)       P1->W1        P1->R       P1->P2       P1->P3       P1->P4       P1->P5       P1->P6         P1->      Capture
    610  3.74051e-11  3.29957e-12  1.83681e-14  7.76199e-14  2.94697e-15  3.86488e-14  8.18373e-18  4.08423e-11  4.13638e-11

   Pressure = 0.000131579 atm

   T(K)       P2->W1        P2->R       P2->P1       P2->P3       P2->P4       P2->P5       P2->P6         P2->      Capture
    610  3.10574e-18  1.21997e-16  3.67151e-17   4.5278e-17  1.04655e-18  5.45544e-19  1.02303e-22  2.08688e-16  2.12234e-16

   Pressure = 0.000657895 atm

   T(K)       P2->W1        P2->R       P2->P1       P2->P3       P2->P4       P2->P5       P2->P6         P2->      Capture
    610  1.40314e-17  1.22278e-16  3.75986e-17  3.41448e-17  8.05803e-19  5.45556e-19  1.02303e-22  2.09405e-16  2.12234e-16

   Pressure = 0.00131579 atm

   T(K)       P2->W1        P2->R       P2->P1       P2->P3       P2->P4       P2->P5       P2->P6         P2->      Capture
    610  2.15405e-17  1.21832e-16  3.79415e-17  2.73142e-17  6.57606e-19   5.4557e-19  1.02303e-22  2.09832e-16  2.12234e-16

   Pressure = 0.00657895 atm

   T(K)       P2->W1        P2->R       P2->P1       P2->P3       P2->P4       P2->P5       P2->P6         P2->      Capture
    610   4.1164e-17  1.17876e-16  3.67191e-17  1.40436e-17  3.64494e-19  5.45682e-19  1.02302e-22  2.10713e-16  2.12234e-16

   Pressure = 0.0131579 atm

   T(K)       P2->W1        P2->R       P2->P1       P2->P3       P2->P4       P2->P5       P2->P6         P2->      Capture
    610  5.03163e-17  1.14612e-16  3.47909e-17  1.04325e-17  2.82212e-19  5.45813e-19  1.02301e-22   2.1098e-16  2.12234e-16

   Pressure = 0.0657895 atm

   T(K)       P2->W1        P2->R       P2->P1       P2->P3       P2->P4       P2->P5       P2->P6         P2->      Capture
    610  7.62359e-17  1.01839e-16  2.71606e-17  5.46354e-18  1.63467e-19  5.46275e-19  1.02295e-22  2.11409e-16  2.12234e-16

   Pressure = 0.131579 atm

   T(K)       P2->W1        P2->R       P2->P1       P2->P3       P2->P4       P2->P5       P2->P6         P2->      Capture
    610  9.02209e-17  9.34596e-17  2.30198e-17  4.17036e-18  1.30142e-19  5.45495e-19  1.02287e-22  2.11546e-16  2.12234e-16

   Pressure = 0.657895 atm

   T(K)       P2->W1        P2->R       P2->P1       P2->P3       P2->P4       P2->P5       P2->P6         P2->      Capture
    610  1.28122e-16  6.74932e-17   1.3469e-17  2.13251e-18   7.2999e-20  5.23751e-19  1.02222e-22  2.11814e-16  2.12234e-16

   Pressure = 1.31579 atm

   T(K)       P2->W1        P2->R       P2->P1       P2->P3       P2->P4       P2->P5       P2->P6         P2->      Capture
    610  1.45113e-16  5.47442e-17  9.96625e-18  1.53732e-18  5.46389e-20  4.94266e-19  1.02139e-22   2.1191e-16  2.12234e-16

   Pressure = 6.57895 atm

   T(K)       P2->W1        P2->R       P2->P1       P2->P3       P2->P4       P2->P5       P2->P6         P2->      Capture
    610  1.79334e-16  2.75898e-17  4.14699e-18  6.28009e-19  2.41839e-20  3.59325e-19  1.01139e-22  2.12082e-16  2.12234e-16

   Pressure = 13.1579 atm

   T(K)       P2->W1        P2->R       P2->P1       P2->P3       P2->P4       P2->P5       P2->P6         P2->      Capture
    610  1.90117e-16  1.86936e-17    2.626e-18  3.98777e-19  1.58291e-20  2.82156e-19  9.89709e-23  2.12133e-16  2.12234e-16

   Pressure = 0.000131579 atm

   T(K)       P3->W1        P3->R       P3->P1       P3->P2       P3->P4       P3->P5       P3->P6         P3->      Capture
    610   8.0401e-18  1.51022e-17  5.26516e-18  1.03178e-18  4.55593e-19  3.97157e-20  5.17715e-24  2.99346e-17  5.13954e-17

   Pressure = 0.000657895 atm

   T(K)       P3->W1        P3->R       P3->P1       P3->P2       P3->P4       P3->P5       P3->P6         P3->      Capture
    610  1.58647e-17  1.54749e-17  5.60458e-18  7.78076e-19  2.90791e-19  3.97195e-20  5.17715e-24  3.80527e-17  5.13954e-17

   Pressure = 0.00131579 atm

   T(K)       P3->W1        P3->R       P3->P1       P3->P2       P3->P4       P3->P5       P3->P6         P3->      Capture
    610  1.94971e-17   1.5509e-17  5.77554e-18  6.22425e-19  2.16192e-19  3.97242e-20  5.17715e-24    4.166e-17  5.13954e-17

   Pressure = 0.00657895 atm

   T(K)       P3->W1        P3->R       P3->P1       P3->P2       P3->P4       P3->P5       P3->P6         P3->      Capture
    610  2.65401e-17  1.47954e-17  5.68314e-18  3.20019e-19   9.2881e-20  3.97611e-20  5.17715e-24  4.74713e-17  5.13954e-17

   Pressure = 0.0131579 atm

   T(K)       P3->W1        P3->R       P3->P1       P3->P2       P3->P4       P3->P5       P3->P6         P3->      Capture
    610  2.90042e-17  1.41464e-17  5.31218e-18  2.37732e-19  6.36497e-20  3.98069e-20  5.17716e-24  4.88039e-17  5.13954e-17

   Pressure = 0.0657895 atm

   T(K)       P3->W1        P3->R       P3->P1       P3->P2       P3->P4       P3->P5       P3->P6         P3->      Capture
    610  3.44593e-17  1.18628e-17   3.8513e-18  1.24501e-19  2.79828e-20  4.01036e-20   5.1772e-24   5.0366e-17  5.13954e-17

   Pressure = 0.131579 atm

   T(K)       P3->W1        P3->R       P3->P1       P3->P2       P3->P4       P3->P5       P3->P6         P3->      Capture
    610  3.68815e-17  1.05362e-17  3.11889e-18  9.50325e-20   2.0031e-20  4.02766e-20  5.17725e-24  5.06919e-17  5.13954e-17

   Pressure = 0.657895 atm

   T(K)       P3->W1        P3->R       P3->P1       P3->P2       P3->P4       P3->P5       P3->P6         P3->      Capture
    610  4.24523e-17  6.94425e-18  1.61484e-18  4.85948e-20  9.08484e-21  3.90877e-20  5.17772e-24  5.11081e-17  5.13954e-17

   Pressure = 1.31579 atm

   T(K)       P3->W1        P3->R       P3->P1       P3->P2       P3->P4       P3->P5       P3->P6         P3->      Capture
    610  4.46035e-17   5.3922e-18  1.13096e-18  3.50318e-20  6.28865e-21  3.67716e-20  5.17844e-24  5.12048e-17  5.13954e-17

   Pressure = 6.57895 atm

   T(K)       P3->W1        P3->R       P3->P1       P3->P2       P3->P4       P3->P5       P3->P6         P3->      Capture
    610  4.84119e-17  2.45716e-18  4.17478e-19  1.43108e-20  2.38803e-21  2.58756e-20  5.16841e-24  5.13291e-17  5.13954e-17

   Pressure = 13.1579 atm

   T(K)       P3->W1        P3->R       P3->P1       P3->P2       P3->P4       P3->P5       P3->P6         P3->      Capture
    610  4.94718e-17  1.60044e-18  2.52873e-19  9.08715e-21  1.48151e-21  1.98815e-20  5.09419e-24  5.13556e-17  5.13954e-17

   Pressure = 0.000131579 atm

   T(K)       P4->W1        P4->R       P4->P1       P4->P2       P4->P3       P4->P5       P4->P6         P4->      Capture
    610  1.67971e-37  2.34545e-37  7.59166e-38  1.12383e-38  2.14694e-37  8.48116e-40  1.46369e-43  7.05214e-37  7.09902e-37

   Pressure = 0.000657895 atm

   T(K)       P4->W1        P4->R       P4->P1       P4->P2       P4->P3       P4->P5       P4->P6         P4->      Capture
    610  2.43309e-37  2.37673e-37   7.9333e-38  8.65308e-39  1.37033e-37  8.48156e-40  1.46369e-43  7.06849e-37  7.09902e-37

   Pressure = 0.00131579 atm

   T(K)       P4->W1        P4->R       P4->P1       P4->P2       P4->P3       P4->P5       P4->P6         P4->      Capture
    610  2.79316e-37  2.37524e-37  8.09587e-38  7.06167e-39  1.01879e-37  8.48205e-40  1.46368e-43  7.07588e-37  7.09902e-37

   Pressure = 0.00657895 atm

   T(K)       P4->W1        P4->R       P4->P1       P4->P2       P4->P3       P4->P5       P4->P6         P4->      Capture
    610  3.52931e-37  2.28307e-37  7.90642e-38  3.91411e-39  4.37694e-38  8.48588e-40  1.46368e-43  7.08834e-37  7.09902e-37

   Pressure = 0.0131579 atm

   T(K)       P4->W1        P4->R       P4->P1       P4->P2       P4->P3       P4->P5       P4->P6         P4->      Capture
    610  3.80677e-37  2.20215e-37  7.43737e-38  3.03052e-39  2.99944e-38  8.49057e-40  1.46367e-43   7.0914e-37  7.09902e-37

   Pressure = 0.0657895 atm

   T(K)       P4->W1        P4->R       P4->P1       P4->P2       P4->P3       P4->P5       P4->P6         P4->      Capture
    610  4.47433e-37  1.90441e-37   5.5861e-38  1.75538e-39  1.31866e-38    8.517e-40  1.46359e-43  7.09529e-37  7.09902e-37

   Pressure = 0.131579 atm

   T(K)       P4->W1        P4->R       P4->P1       P4->P2       P4->P3       P4->P5       P4->P6         P4->      Capture
    610  4.79479e-37  1.72187e-37  4.62669e-38  1.39752e-39  9.43945e-39  8.52179e-40   1.4635e-43  7.09622e-37  7.09902e-37

   Pressure = 0.657895 atm

   T(K)       P4->W1        P4->R       P4->P1       P4->P2       P4->P3       P4->P5       P4->P6         P4->      Capture
    610  5.58882e-37  1.19472e-37  2.55199e-38  7.83896e-40  4.28115e-39  8.21393e-40  1.46273e-43  7.09761e-37  7.09902e-37

   Pressure = 1.31579 atm

   T(K)       P4->W1        P4->R       P4->P1       P4->P2       P4->P3       P4->P5       P4->P6         P4->      Capture
    610  5.91907e-37  9.51547e-38  1.84137e-38  5.86738e-40  2.96347e-39  7.74468e-40  1.46176e-43    7.098e-37  7.09902e-37

   Pressure = 6.57895 atm

   T(K)       P4->W1        P4->R       P4->P1       P4->P2       P4->P3       P4->P5       P4->P6         P4->      Capture
    610   6.5456e-37  4.60819e-38  7.27512e-39  2.59698e-40  1.12534e-39  5.57395e-40  1.44947e-43   7.0986e-37  7.09902e-37

   Pressure = 13.1579 atm

   T(K)       P4->W1        P4->R       P4->P1       P4->P2       P4->P3       P4->P5       P4->P6         P4->      Capture
    610   6.7328e-37   3.0768e-38  4.52427e-39   1.6998e-40  6.98149e-40  4.34861e-40  1.42036e-43  7.09875e-37  7.09902e-37

   Pressure = 0.000131579 atm

   T(K)       P5->W1        P5->R       P5->P1       P5->P2       P5->P3       P5->P4       P5->P6         P5->      Capture
    610  8.68787e-19  2.58428e-10  2.72472e-11  1.30454e-12  4.16766e-12  1.88861e-13  2.68379e-15  2.91339e-10  2.96597e-10

   Pressure = 0.000657895 atm

   T(K)       P5->W1        P5->R       P5->P1       P5->P2       P5->P3       P5->P4       P5->P6         P5->      Capture
    610  3.35954e-17  2.58425e-10  2.72502e-11  1.30457e-12  4.16806e-12   1.8887e-13  2.68379e-15  2.91339e-10  2.96597e-10

   Pressure = 0.00131579 atm

   T(K)       P5->W1        P5->R       P5->P1       P5->P2       P5->P3       P5->P4       P5->P6         P5->      Capture
    610  1.39644e-16   2.5842e-10   2.7254e-11   1.3046e-12  4.16855e-12   1.8888e-13  2.68378e-15  2.91339e-10  2.96597e-10

   Pressure = 0.00657895 atm

   T(K)       P5->W1        P5->R       P5->P1       P5->P2       P5->P3       P5->P4       P5->P6         P5->      Capture
    610  3.42152e-15  2.58385e-10  2.72838e-11  1.30487e-12  4.17242e-12  1.88966e-13  2.68373e-15  2.91341e-10  2.96597e-10

   Pressure = 0.0131579 atm

   T(K)       P5->W1        P5->R       P5->P1       P5->P2       P5->P3       P5->P4       P5->P6         P5->      Capture
    610  1.41772e-14  2.58335e-10  2.73199e-11  1.30518e-12  4.17723e-12   1.8907e-13  2.68366e-15  2.91344e-10  2.96597e-10

   Pressure = 0.0657895 atm

   T(K)       P5->W1        P5->R       P5->P1       P5->P2       P5->P3       P5->P4       P5->P6         P5->      Capture
    610  3.88931e-13  2.57728e-10  2.75397e-11  1.30629e-12  4.20836e-12  1.89659e-13  2.68311e-15  2.91363e-10  2.96597e-10

   Pressure = 0.131579 atm

   T(K)       P5->W1        P5->R       P5->P1       P5->P2       P5->P3       P5->P4       P5->P6         P5->      Capture
    610  1.41103e-12  2.56592e-10  2.76599e-11  1.30442e-12  4.22652e-12  1.89765e-13  2.68243e-15  2.91387e-10  2.96597e-10

   Pressure = 0.657895 atm

   T(K)       P5->W1        P5->R       P5->P1       P5->P2       P5->P3       P5->P4       P5->P6         P5->      Capture
    610  1.50366e-11  2.44198e-10   2.6777e-11  1.25243e-12  4.10175e-12   1.8291e-13  2.67692e-15  2.91552e-10  2.96597e-10

   Pressure = 1.31579 atm

   T(K)       P5->W1        P5->R       P5->P1       P5->P2       P5->P3       P5->P4       P5->P6         P5->      Capture
    610  3.16865e-11  2.29721e-10  2.51036e-11  1.18192e-12  3.85871e-12  1.72461e-13  2.66989e-15  2.91727e-10  2.96597e-10

   Pressure = 6.57895 atm

   T(K)       P5->W1        P5->R       P5->P1       P5->P2       P5->P3       P5->P4       P5->P6         P5->      Capture
    610   1.0584e-10  1.65708e-10  1.73755e-11  8.59242e-13  2.71531e-12  1.24122e-13  2.60803e-15  2.92625e-10  2.96597e-10

   Pressure = 13.1579 atm

   T(K)       P5->W1        P5->R       P5->P1       P5->P2       P5->P3       P5->P4       P5->P6         P5->      Capture
    610   1.4778e-10    1.294e-10  1.32128e-11   6.7471e-13  2.08631e-12  9.68359e-14   2.5233e-15  2.93253e-10  2.96597e-10

   Pressure = 0.000131579 atm

   T(K)       P6->W1        P6->R       P6->P1       P6->P2       P6->P3       P6->P4       P6->P5         P6->      Capture
    610 -9.22219e-27  1.70533e-10  1.25001e-11  1.09033e-12  2.42137e-12   1.4527e-13  1.19616e-11  1.98651e-10  1.98691e-10

   Pressure = 0.000657895 atm

   T(K)       P6->W1        P6->R       P6->P1       P6->P2       P6->P3       P6->P4       P6->P5         P6->      Capture
    610  1.67895e-27  1.70533e-10  1.25001e-11  1.09033e-12  2.42137e-12   1.4527e-13  1.19616e-11  1.98651e-10  1.98691e-10

   Pressure = 0.00131579 atm

   T(K)       P6->W1        P6->R       P6->P1       P6->P2       P6->P3       P6->P4       P6->P5         P6->      Capture
    610  2.48532e-25  1.70533e-10  1.25001e-11  1.09033e-12  2.42137e-12   1.4527e-13  1.19616e-11  1.98651e-10  1.98691e-10

   Pressure = 0.00657895 atm

   T(K)       P6->W1        P6->R       P6->P1       P6->P2       P6->P3       P6->P4       P6->P5         P6->      Capture
    610  3.15337e-23  1.70533e-10  1.25002e-11  1.09032e-12  2.42138e-12  1.45269e-13  1.19613e-11  1.98651e-10  1.98691e-10

   Pressure = 0.0131579 atm

   T(K)       P6->W1        P6->R       P6->P1       P6->P2       P6->P3       P6->P4       P6->P5         P6->      Capture
    610  2.78131e-22  1.70533e-10  1.25003e-11  1.09031e-12  2.42138e-12  1.45268e-13   1.1961e-11  1.98651e-10  1.98691e-10

   Pressure = 0.0657895 atm

   T(K)       P6->W1        P6->R       P6->P1       P6->P2       P6->P3       P6->P4       P6->P5         P6->      Capture
    610  5.96558e-20  1.70535e-10  1.25011e-11  1.09024e-12   2.4214e-12  1.45261e-13  1.19586e-11  1.98651e-10  1.98691e-10

   Pressure = 0.131579 atm

   T(K)       P6->W1        P6->R       P6->P1       P6->P2       P6->P3       P6->P4       P6->P5         P6->      Capture
    610  7.03108e-19  1.70537e-10  1.25021e-11  1.09016e-12  2.42142e-12  1.45251e-13  1.19556e-11  1.98651e-10  1.98691e-10

   Pressure = 0.657895 atm

   T(K)       P6->W1        P6->R       P6->P1       P6->P2       P6->P3       P6->P4       P6->P5         P6->      Capture
    610  3.25185e-16  1.70553e-10  1.25106e-11  1.08947e-12  2.42164e-12  1.45175e-13   1.1931e-11  1.98652e-10  1.98691e-10

   Pressure = 1.31579 atm

   T(K)       P6->W1        P6->R       P6->P1       P6->P2       P6->P3       P6->P4       P6->P5         P6->      Capture
    610  4.67356e-15   1.7057e-10   1.2522e-11  1.08859e-12  2.42198e-12  1.45079e-13  1.18997e-11  1.98652e-10  1.98691e-10

   Pressure = 6.57895 atm

   T(K)       P6->W1        P6->R       P6->P1       P6->P2       P6->P3       P6->P4       P6->P5         P6->      Capture
    610  8.60423e-13  1.69951e-10  1.25781e-11  1.07793e-12  2.41729e-12  1.43859e-13  1.16239e-11  1.98653e-10  1.98691e-10

   Pressure = 13.1579 atm

   T(K)       P6->W1        P6->R       P6->P1       P6->P2       P6->P3       P6->P4       P6->P5         P6->      Capture
    610  4.28467e-12  1.67075e-10  1.24696e-11  1.05482e-12  2.38257e-12   1.4097e-13  1.12463e-11  1.98654e-10  1.98691e-10

______________________________________________________________________________________

Temperature-Pressure Rate Tables:

W1->R

P\T              610
0.000131579  2.11841e-21
0.000657895  4.24998e-20
0.00131579  1.12949e-19
0.00657895  6.35591e-19
0.0131579  1.16014e-18
0.0657895   3.8681e-18
0.131579   6.0118e-18
0.657895  1.37221e-17
1.31579  1.79189e-17
6.57895  2.74585e-17
13.1579    3.071e-17
O-O      3.76038e-17

W1->P1

P\T              610
0.000131579  5.53328e-22
0.000657895  1.55437e-20
0.00131579  4.85664e-20
0.00657895  3.53982e-19
0.0131579  6.69597e-19
0.0657895  2.06497e-18
0.131579  2.96191e-18
0.657895   5.4229e-18
1.31579  6.46451e-18
6.57895  8.36212e-18
13.1579  8.89198e-18
O-O      9.83304e-18

W1->P2

P\T              610
0.000131579  5.16417e-21
0.000657895  2.33311e-20
0.00131579  3.58172e-20
0.00657895  6.84469e-20
0.0131579  8.36652e-20
0.0657895  1.26764e-19
0.131579  1.50018e-19
0.657895   2.1304e-19
1.31579  2.41292e-19
6.57895  2.98193e-19
13.1579  3.16123e-19
O-O        3.529e-19

W1->P3

P\T              610
0.000131579  5.86676e-19
0.000657895  1.15763e-18
0.00131579  1.42268e-18
0.00657895   1.9366e-18
0.0131579   2.1164e-18
0.0657895  2.51445e-18
0.131579   2.6912e-18
0.657895  3.09769e-18
1.31579  3.25467e-18
6.57895  3.53256e-18
13.1579   3.6099e-18
O-O      3.75026e-18

W1->P4

P\T              610
0.000131579  2.60092e-20
0.000657895  3.76748e-20
0.00131579  4.32504e-20
0.00657895  5.46492e-20
0.0131579  5.89454e-20
0.0657895  6.92823e-20
0.131579  7.42443e-20
0.657895  8.65394e-20
1.31579  9.16531e-20
6.57895  1.01355e-19
13.1579  1.04253e-19
O-O      1.09924e-19

W1->P5

P\T              610
0.000131579  6.04117e-28
0.000657895  2.33608e-26
0.00131579  9.71024e-26
0.00657895  2.37918e-24
0.0131579  9.85821e-24
0.0657895  2.70446e-22
0.131579  9.81172e-22
0.657895  1.04558e-20
1.31579  2.20334e-20
6.57895  7.35962e-20
13.1579   1.0276e-19
O-O      2.06241e-19

W1->P6

P\T              610
0.000131579  -1.4388e-39
0.000657895   2.6194e-40
0.00131579  3.87746e-38
0.00657895  4.91972e-36
0.0131579  4.33925e-35
0.0657895  9.30719e-33
0.131579  1.09695e-31
0.657895  5.07336e-29
1.31579  7.29145e-28
6.57895  1.34239e-25
13.1579  6.68472e-25
O-O      3.09987e-23

R->W1

P\T              610
0.000131579   4.7809e-15
0.000657895  9.59148e-14
0.00131579  2.54907e-13
0.00657895  1.43442e-12
0.0131579  2.61825e-12
0.0657895  8.72964e-12
0.131579  1.35676e-11
0.657895  3.09684e-11
1.31579    4.044e-11
6.57895  6.19692e-11
13.1579  6.93073e-11
O-O      8.48653e-11

R->P1

P\T              610
0.000131579  1.54997e-11
0.000657895  1.54542e-11
0.00131579  1.54007e-11
0.00657895  1.50323e-11
0.0131579  1.46618e-11
0.0657895  1.28825e-11
0.131579  1.16258e-11
0.657895  7.82306e-12
1.31579  6.08307e-12
6.57895  2.74147e-12
13.1579  1.77021e-12
O-O              ***

R->P2

P\T              610
0.000131579  4.57809e-13
0.000657895  4.58864e-13
0.00131579   4.5719e-13
0.00657895  4.42343e-13
0.0131579  4.30096e-13
0.0657895  3.82161e-13
0.131579  3.50718e-13
0.657895  2.53276e-13
1.31579  2.05434e-13
6.57895  1.03534e-13
13.1579  7.01498e-14
O-O              ***

R->P3

P\T              610
0.000131579  2.48701e-12
0.000657895  2.54837e-12
0.00131579    2.554e-12
0.00657895  2.43648e-12
0.0131579   2.3296e-12
0.0657895  1.95355e-12
0.131579  1.73509e-12
0.657895  1.14357e-12
1.31579  8.87978e-13
6.57895  4.04642e-13
13.1579  2.63558e-13
O-O              ***

R->P4

P\T              610
0.000131579  8.19633e-14
0.000657895  8.30564e-14
0.00131579  8.30043e-14
0.00657895  7.97832e-14
0.0131579  7.69556e-14
0.0657895  6.65506e-14
0.131579  6.01717e-14
0.657895  4.17503e-14
1.31579  3.32524e-14
6.57895  1.61036e-14
13.1579  1.07521e-14
O-O              ***

R->P5

P\T              610
0.000131579  4.05551e-13
0.000657895  4.05546e-13
0.00131579   4.0554e-13
0.00657895  4.05484e-13
0.0131579  4.05406e-13
0.0657895  4.04453e-13
0.131579  4.02671e-13
0.657895  3.83221e-13
1.31579  3.60502e-13
6.57895  2.60046e-13
13.1579  2.03067e-13
O-O              ***

R->P6

P\T              610
0.000131579  6.00444e-17
0.000657895  6.00445e-17
0.00131579  6.00445e-17
0.00657895  6.00445e-17
0.0131579  6.00446e-17
0.0657895  6.00452e-17
0.131579  6.00459e-17
0.657895  6.00517e-17
1.31579  6.00575e-17
6.57895  5.98397e-17
13.1579  5.88271e-17
O-O              ***

P1->W1

P\T              610
0.000131579  2.32764e-15
0.000657895  6.53865e-14
0.00131579    2.043e-13
0.00657895  1.48907e-12
0.0131579  2.81674e-12
0.0657895  8.68655e-12
0.131579  1.24596e-11
0.657895  2.28121e-11
1.31579  2.71937e-11
6.57895  3.51762e-11
13.1579  3.74051e-11
O-O      4.13638e-11

P1->R

P\T              610
0.000131579  2.88906e-11
0.000657895  2.88058e-11
0.00131579  2.87061e-11
0.00657895  2.80195e-11
0.0131579  2.73288e-11
0.0657895  2.40123e-11
0.131579  2.16699e-11
0.657895  1.45818e-11
1.31579  1.13385e-11
6.57895  5.10996e-12
13.1579  3.29957e-12
O-O              ***

P1->P2

P\T              610
0.000131579  2.56811e-13
0.000657895   2.6299e-13
0.00131579  2.65389e-13
0.00657895  2.56839e-13
0.0131579  2.43351e-13
0.0657895   1.8998e-13
0.131579  1.61017e-13
0.657895  9.42115e-14
1.31579  6.97108e-14
6.57895  2.90069e-14
13.1579  1.83681e-14
O-O              ***

P1->P3

P\T              610
0.000131579  1.61615e-12
0.000657895  1.72034e-12
0.00131579  1.77281e-12
0.00657895  1.74445e-12
0.0131579  1.63058e-12
0.0657895  1.18216e-12
0.131579  9.57348e-13
0.657895  4.95678e-13
1.31579   3.4715e-13
6.57895  1.28146e-13
13.1579  7.76199e-14
O-O              ***

P1->P4

P\T              610
0.000131579  4.94497e-14
0.000657895   5.1675e-14
0.00131579  5.27339e-14
0.00657895  5.14999e-14
0.0131579  4.84446e-14
0.0657895  3.63861e-14
0.131579  3.01368e-14
0.657895  1.66228e-14
1.31579  1.19941e-14
6.57895  4.73878e-15
13.1579  2.94697e-15
O-O              ***

P1->P5

P\T              610
0.000131579  7.97008e-14
0.000657895  7.97096e-14
0.00131579  7.97205e-14
0.00657895  7.98077e-14
0.0131579  7.99136e-14
0.0657895  8.05562e-14
0.131579  8.09081e-14
0.657895  7.83254e-14
1.31579  7.34304e-14
6.57895  5.08252e-14
13.1579  3.86488e-14
O-O              ***

P1->P6

P\T              610
0.000131579  8.20372e-18
0.000657895  8.20372e-18
0.00131579  8.20373e-18
0.00657895  8.20378e-18
0.0131579  8.20385e-18
0.0657895  8.20438e-18
0.131579  8.20504e-18
0.657895  8.21061e-18
1.31579  8.21811e-18
6.57895  8.25496e-18
13.1579  8.18373e-18
O-O              ***

P2->W1

P\T              610
0.000131579  3.10574e-18
0.000657895  1.40314e-17
0.00131579  2.15405e-17
0.00657895   4.1164e-17
0.0131579  5.03163e-17
0.0657895  7.62359e-17
0.131579  9.02209e-17
0.657895  1.28122e-16
1.31579  1.45113e-16
6.57895  1.79334e-16
13.1579  1.90117e-16
O-O      2.12234e-16

P2->R

P\T              610
0.000131579  1.21997e-16
0.000657895  1.22278e-16
0.00131579  1.21832e-16
0.00657895  1.17876e-16
0.0131579  1.14612e-16
0.0657895  1.01839e-16
0.131579  9.34596e-17
0.657895  6.74932e-17
1.31579  5.47442e-17
6.57895  2.75898e-17
13.1579  1.86936e-17
O-O              ***

P2->P1

P\T              610
0.000131579  3.67151e-17
0.000657895  3.75986e-17
0.00131579  3.79415e-17
0.00657895  3.67191e-17
0.0131579  3.47909e-17
0.0657895  2.71606e-17
0.131579  2.30198e-17
0.657895   1.3469e-17
1.31579  9.96625e-18
6.57895  4.14699e-18
13.1579    2.626e-18
O-O              ***

P2->P3

P\T              610
0.000131579   4.5278e-17
0.000657895  3.41448e-17
0.00131579  2.73142e-17
0.00657895  1.40436e-17
0.0131579  1.04325e-17
0.0657895  5.46354e-18
0.131579  4.17036e-18
0.657895  2.13251e-18
1.31579  1.53732e-18
6.57895  6.28009e-19
13.1579  3.98777e-19
O-O              ***

P2->P4

P\T              610
0.000131579  1.04655e-18
0.000657895  8.05803e-19
0.00131579  6.57606e-19
0.00657895  3.64494e-19
0.0131579  2.82212e-19
0.0657895  1.63467e-19
0.131579  1.30142e-19
0.657895   7.2999e-20
1.31579  5.46389e-20
6.57895  2.41839e-20
13.1579  1.58291e-20
O-O              ***

P2->P5

P\T              610
0.000131579  5.45544e-19
0.000657895  5.45556e-19
0.00131579   5.4557e-19
0.00657895  5.45682e-19
0.0131579  5.45813e-19
0.0657895  5.46275e-19
0.131579  5.45495e-19
0.657895  5.23751e-19
1.31579  4.94266e-19
6.57895  3.59325e-19
13.1579  2.82156e-19
O-O              ***

P2->P6

P\T              610
0.000131579  1.02303e-22
0.000657895  1.02303e-22
0.00131579  1.02303e-22
0.00657895  1.02302e-22
0.0131579  1.02301e-22
0.0657895  1.02295e-22
0.131579  1.02287e-22
0.657895  1.02222e-22
1.31579  1.02139e-22
6.57895  1.01139e-22
13.1579  9.89709e-23
O-O              ***

P3->W1

P\T              610
0.000131579   8.0401e-18
0.000657895  1.58647e-17
0.00131579  1.94971e-17
0.00657895  2.65401e-17
0.0131579  2.90042e-17
0.0657895  3.44593e-17
0.131579  3.68815e-17
0.657895  4.24523e-17
1.31579  4.46035e-17
6.57895  4.84119e-17
13.1579  4.94718e-17
O-O      5.13954e-17

P3->R

P\T              610
0.000131579  1.51022e-17
0.000657895  1.54749e-17
0.00131579   1.5509e-17
0.00657895  1.47954e-17
0.0131579  1.41464e-17
0.0657895  1.18628e-17
0.131579  1.05362e-17
0.657895  6.94425e-18
1.31579   5.3922e-18
6.57895  2.45716e-18
13.1579  1.60044e-18
O-O              ***

P3->P1

P\T              610
0.000131579  5.26516e-18
0.000657895  5.60458e-18
0.00131579  5.77554e-18
0.00657895  5.68314e-18
0.0131579  5.31218e-18
0.0657895   3.8513e-18
0.131579  3.11889e-18
0.657895  1.61484e-18
1.31579  1.13096e-18
6.57895  4.17478e-19
13.1579  2.52873e-19
O-O              ***

P3->P2

P\T              610
0.000131579  1.03178e-18
0.000657895  7.78076e-19
0.00131579  6.22425e-19
0.00657895  3.20019e-19
0.0131579  2.37732e-19
0.0657895  1.24501e-19
0.131579  9.50325e-20
0.657895  4.85948e-20
1.31579  3.50318e-20
6.57895  1.43108e-20
13.1579  9.08715e-21
O-O              ***

P3->P4

P\T              610
0.000131579  4.55593e-19
0.000657895  2.90791e-19
0.00131579  2.16192e-19
0.00657895   9.2881e-20
0.0131579  6.36497e-20
0.0657895  2.79828e-20
0.131579   2.0031e-20
0.657895  9.08484e-21
1.31579  6.28865e-21
6.57895  2.38803e-21
13.1579  1.48151e-21
O-O              ***

P3->P5

P\T              610
0.000131579  3.97157e-20
0.000657895  3.97195e-20
0.00131579  3.97242e-20
0.00657895  3.97611e-20
0.0131579  3.98069e-20
0.0657895  4.01036e-20
0.131579  4.02766e-20
0.657895  3.90877e-20
1.31579  3.67716e-20
6.57895  2.58756e-20
13.1579  1.98815e-20
O-O              ***

P3->P6

P\T              610
0.000131579  5.17715e-24
0.000657895  5.17715e-24
0.00131579  5.17715e-24
0.00657895  5.17715e-24
0.0131579  5.17716e-24
0.0657895   5.1772e-24
0.131579  5.17725e-24
0.657895  5.17772e-24
1.31579  5.17844e-24
6.57895  5.16841e-24
13.1579  5.09419e-24
O-O              ***

P4->W1

P\T              610
0.000131579  1.67971e-37
0.000657895  2.43309e-37
0.00131579  2.79316e-37
0.00657895  3.52931e-37
0.0131579  3.80677e-37
0.0657895  4.47433e-37
0.131579  4.79479e-37
0.657895  5.58882e-37
1.31579  5.91907e-37
6.57895   6.5456e-37
13.1579   6.7328e-37
O-O      7.09902e-37

P4->R

P\T              610
0.000131579  2.34545e-37
0.000657895  2.37673e-37
0.00131579  2.37524e-37
0.00657895  2.28307e-37
0.0131579  2.20215e-37
0.0657895  1.90441e-37
0.131579  1.72187e-37
0.657895  1.19472e-37
1.31579  9.51547e-38
6.57895  4.60819e-38
13.1579   3.0768e-38
O-O              ***

P4->P1

P\T              610
0.000131579  7.59166e-38
0.000657895   7.9333e-38
0.00131579  8.09587e-38
0.00657895  7.90642e-38
0.0131579  7.43737e-38
0.0657895   5.5861e-38
0.131579  4.62669e-38
0.657895  2.55199e-38
1.31579  1.84137e-38
6.57895  7.27512e-39
13.1579  4.52427e-39
O-O              ***

P4->P2

P\T              610
0.000131579  1.12383e-38
0.000657895  8.65308e-39
0.00131579  7.06167e-39
0.00657895  3.91411e-39
0.0131579  3.03052e-39
0.0657895  1.75538e-39
0.131579  1.39752e-39
0.657895  7.83896e-40
1.31579  5.86738e-40
6.57895  2.59698e-40
13.1579   1.6998e-40
O-O              ***

P4->P3

P\T              610
0.000131579  2.14694e-37
0.000657895  1.37033e-37
0.00131579  1.01879e-37
0.00657895  4.37694e-38
0.0131579  2.99944e-38
0.0657895  1.31866e-38
0.131579  9.43945e-39
0.657895  4.28115e-39
1.31579  2.96347e-39
6.57895  1.12534e-39
13.1579  6.98149e-40
O-O              ***

P4->P5

P\T              610
0.000131579  8.48116e-40
0.000657895  8.48156e-40
0.00131579  8.48205e-40
0.00657895  8.48588e-40
0.0131579  8.49057e-40
0.0657895    8.517e-40
0.131579  8.52179e-40
0.657895  8.21393e-40
1.31579  7.74468e-40
6.57895  5.57395e-40
13.1579  4.34861e-40
O-O              ***

P4->P6

P\T              610
0.000131579  1.46369e-43
0.000657895  1.46369e-43
0.00131579  1.46368e-43
0.00657895  1.46368e-43
0.0131579  1.46367e-43
0.0657895  1.46359e-43
0.131579   1.4635e-43
0.657895  1.46273e-43
1.31579  1.46176e-43
6.57895  1.44947e-43
13.1579  1.42036e-43
O-O              ***

P5->W1

P\T              610
0.000131579  8.68787e-19
0.000657895  3.35954e-17
0.00131579  1.39644e-16
0.00657895  3.42152e-15
0.0131579  1.41772e-14
0.0657895  3.88931e-13
0.131579  1.41103e-12
0.657895  1.50366e-11
1.31579  3.16865e-11
6.57895   1.0584e-10
13.1579   1.4778e-10
O-O      2.96597e-10

P5->R

P\T              610
0.000131579  2.58428e-10
0.000657895  2.58425e-10
0.00131579   2.5842e-10
0.00657895  2.58385e-10
0.0131579  2.58335e-10
0.0657895  2.57728e-10
0.131579  2.56592e-10
0.657895  2.44198e-10
1.31579  2.29721e-10
6.57895  1.65708e-10
13.1579    1.294e-10
O-O              ***

P5->P1

P\T              610
0.000131579  2.72472e-11
0.000657895  2.72502e-11
0.00131579   2.7254e-11
0.00657895  2.72838e-11
0.0131579  2.73199e-11
0.0657895  2.75397e-11
0.131579  2.76599e-11
0.657895   2.6777e-11
1.31579  2.51036e-11
6.57895  1.73755e-11
13.1579  1.32128e-11
O-O              ***

P5->P2

P\T              610
0.000131579  1.30454e-12
0.000657895  1.30457e-12
0.00131579   1.3046e-12
0.00657895  1.30487e-12
0.0131579  1.30518e-12
0.0657895  1.30629e-12
0.131579  1.30442e-12
0.657895  1.25243e-12
1.31579  1.18192e-12
6.57895  8.59242e-13
13.1579   6.7471e-13
O-O              ***

P5->P3

P\T              610
0.000131579  4.16766e-12
0.000657895  4.16806e-12
0.00131579  4.16855e-12
0.00657895  4.17242e-12
0.0131579  4.17723e-12
0.0657895  4.20836e-12
0.131579  4.22652e-12
0.657895  4.10175e-12
1.31579  3.85871e-12
6.57895  2.71531e-12
13.1579  2.08631e-12
O-O              ***

P5->P4

P\T              610
0.000131579  1.88861e-13
0.000657895   1.8887e-13
0.00131579   1.8888e-13
0.00657895  1.88966e-13
0.0131579   1.8907e-13
0.0657895  1.89659e-13
0.131579  1.89765e-13
0.657895   1.8291e-13
1.31579  1.72461e-13
6.57895  1.24122e-13
13.1579  9.68359e-14
O-O              ***

P5->P6

P\T              610
0.000131579  2.68379e-15
0.000657895  2.68379e-15
0.00131579  2.68378e-15
0.00657895  2.68373e-15
0.0131579  2.68366e-15
0.0657895  2.68311e-15
0.131579  2.68243e-15
0.657895  2.67692e-15
1.31579  2.66989e-15
6.57895  2.60803e-15
13.1579   2.5233e-15
O-O              ***

P6->W1

P\T              610
0.000131579 -9.22219e-27
0.000657895  1.67895e-27
0.00131579  2.48532e-25
0.00657895  3.15337e-23
0.0131579  2.78131e-22
0.0657895  5.96558e-20
0.131579  7.03108e-19
0.657895  3.25185e-16
1.31579  4.67356e-15
6.57895  8.60423e-13
13.1579  4.28467e-12
O-O      1.98691e-10

P6->R

P\T              610
0.000131579  1.70533e-10
0.000657895  1.70533e-10
0.00131579  1.70533e-10
0.00657895  1.70533e-10
0.0131579  1.70533e-10
0.0657895  1.70535e-10
0.131579  1.70537e-10
0.657895  1.70553e-10
1.31579   1.7057e-10
6.57895  1.69951e-10
13.1579  1.67075e-10
O-O              ***

P6->P1

P\T              610
0.000131579  1.25001e-11
0.000657895  1.25001e-11
0.00131579  1.25001e-11
0.00657895  1.25002e-11
0.0131579  1.25003e-11
0.0657895  1.25011e-11
0.131579  1.25021e-11
0.657895  1.25106e-11
1.31579   1.2522e-11
6.57895  1.25781e-11
13.1579  1.24696e-11
O-O              ***

P6->P2

P\T              610
0.000131579  1.09033e-12
0.000657895  1.09033e-12
0.00131579  1.09033e-12
0.00657895  1.09032e-12
0.0131579  1.09031e-12
0.0657895  1.09024e-12
0.131579  1.09016e-12
0.657895  1.08947e-12
1.31579  1.08859e-12
6.57895  1.07793e-12
13.1579  1.05482e-12
O-O              ***

P6->P3

P\T              610
0.000131579  2.42137e-12
0.000657895  2.42137e-12
0.00131579  2.42137e-12
0.00657895  2.42138e-12
0.0131579  2.42138e-12
0.0657895   2.4214e-12
0.131579  2.42142e-12
0.657895  2.42164e-12
1.31579  2.42198e-12
6.57895  2.41729e-12
13.1579  2.38257e-12
O-O              ***

P6->P4

P\T              610
0.000131579   1.4527e-13
0.000657895   1.4527e-13
0.00131579   1.4527e-13
0.00657895  1.45269e-13
0.0131579  1.45268e-13
0.0657895  1.45261e-13
0.131579  1.45251e-13
0.657895  1.45175e-13
1.31579  1.45079e-13
6.57895  1.43859e-13
13.1579   1.4097e-13
O-O              ***

P6->P5

P\T              610
0.000131579  1.19616e-11
0.000657895  1.19616e-11
0.00131579  1.19616e-11
0.00657895  1.19613e-11
0.0131579   1.1961e-11
0.0657895  1.19586e-11
0.131579  1.19556e-11
0.657895   1.1931e-11
1.31579  1.18997e-11
6.57895  1.16239e-11
13.1579  1.12463e-11
O-O              ***

W1-> 

P\T              610
0.000131579  6.20522e-19
0.000657895  1.27668e-18
0.00131579  1.66326e-18
0.00657895  3.04927e-18
0.0131579  4.08876e-18
0.0657895  8.64385e-18
0.131579  1.18902e-17
0.657895  2.25527e-17
1.31579  2.79931e-17
6.57895  3.98263e-17
13.1579   4.3735e-17
O-O      5.18562e-17

R-> 

P\T              610
0.000131579  1.89369e-11
0.000657895   1.9046e-11
0.00131579  1.91554e-11
0.00657895  1.98309e-11
0.0131579  2.05222e-11
0.0657895  2.44189e-11
0.131579  2.77421e-11
0.657895  4.06133e-11
1.31579  4.80103e-11
6.57895   6.5495e-11
13.1579  7.16251e-11
O-O      8.48653e-11

P1-> 

P\T              610
0.000131579  3.08951e-11
0.000657895  3.09859e-11
0.00131579   3.1081e-11
0.00657895  3.16411e-11
0.0131579  3.21479e-11
0.0657895   3.4188e-11
0.131579  3.53589e-11
0.657895  3.80787e-11
1.31579  3.90346e-11
6.57895  4.04989e-11
13.1579  4.08423e-11
O-O      4.13638e-11

P2-> 

P\T              610
0.000131579  2.08688e-16
0.000657895  2.09405e-16
0.00131579  2.09832e-16
0.00657895  2.10713e-16
0.0131579   2.1098e-16
0.0657895  2.11409e-16
0.131579  2.11546e-16
0.657895  2.11814e-16
1.31579   2.1191e-16
6.57895  2.12082e-16
13.1579  2.12133e-16
O-O      2.12234e-16

P3-> 

P\T              610
0.000131579  2.99346e-17
0.000657895  3.80527e-17
0.00131579    4.166e-17
0.00657895  4.74713e-17
0.0131579  4.88039e-17
0.0657895   5.0366e-17
0.131579  5.06919e-17
0.657895  5.11081e-17
1.31579  5.12048e-17
6.57895  5.13291e-17
13.1579  5.13556e-17
O-O      5.13954e-17

P4-> 

P\T              610
0.000131579  7.05214e-37
0.000657895  7.06849e-37
0.00131579  7.07588e-37
0.00657895  7.08834e-37
0.0131579   7.0914e-37
0.0657895  7.09529e-37
0.131579  7.09622e-37
0.657895  7.09761e-37
1.31579    7.098e-37
6.57895   7.0986e-37
13.1579  7.09875e-37
O-O      7.09902e-37

P5-> 

P\T              610
0.000131579  2.91339e-10
0.000657895  2.91339e-10
0.00131579  2.91339e-10
0.00657895  2.91341e-10
0.0131579  2.91344e-10
0.0657895  2.91363e-10
0.131579  2.91387e-10
0.657895  2.91552e-10
1.31579  2.91727e-10
6.57895  2.92625e-10
13.1579  2.93253e-10
O-O      2.96597e-10

P6-> 

P\T              610
0.000131579  1.98651e-10
0.000657895  1.98651e-10
0.00131579  1.98651e-10
0.00657895  1.98651e-10
0.0131579  1.98651e-10
0.0657895  1.98651e-10
0.131579  1.98651e-10
0.657895  1.98652e-10
1.31579  1.98652e-10
6.57895  1.98653e-10
13.1579  1.98654e-10
O-O      1.98691e-10

