Wells (G - ground energy, D - dissociation limit, kcal/mol):
      Name        G        D
        W1    -88.2      0.0

Bimolecular Products (G - ground energy, kcal/mol):
      Name        G
        P1      0.0
        P2     11.2
        P3    -46.9

Well-to-Bimolecular Barriers (H/G - barrier height/well depth, kcal/mol)
      Name        H     Well        G  Product
        B1      0.0       W1    -88.2       P1
        B2     11.2       W1    -88.2       P2
        B3     33.3       W1    -88.2       P3

________________________________________________________________________________________

Unimolecular Rate Units: 1/sec;  Bimolecular Rate Units: cm^3/sec

______________________________________________________________________________________

Species-Species Rate Tables:

Temperature = 296 K

High Pressure Rate Coefficients:

From\To            W1           P1           P2           P3
W1                ***  2.73817e-50  6.47761e-59   9.0743e-63
P1         5.0866e-11          ***          ***          ***
P2        1.88753e-10          ***          ***          ***
P3        2.26968e-56          ***          ***          ***

Temperature = 296 K    Pressure = 1 atm

From\To            W1           P1           P2           P3
W1        2.72733e-50  2.72733e-50  2.55051e-59  7.88161e-66
P1        5.06646e-11  5.06646e-11  7.29024e-20  5.02084e-30
P2        7.43201e-11  1.14355e-10  1.88675e-10  1.83502e-25
P3        1.97137e-59  6.76024e-63  1.57512e-67  1.97204e-59

Temperature = 370 K

High Pressure Rate Coefficients:

From\To            W1           P1           P2           P3
W1                ***  5.07931e-37  4.60852e-44  8.00071e-53
P1        4.78749e-11          ***          ***          ***
P2        1.97281e-10          ***          ***          ***
P3        1.02891e-52          ***          ***          ***

Temperature = 370 K    Pressure = 1 atm

From\To            W1           P1           P2           P3
W1         5.0043e-37   5.0043e-37  1.31179e-44  2.59291e-53
P1        4.71679e-11  4.71679e-11  3.10486e-18  6.06182e-29
P2        5.61549e-11  1.41014e-10  1.97169e-10  1.03258e-24
P3        3.33454e-53  8.27082e-55  3.10205e-58  3.41727e-53

Temperature = 407 K

High Pressure Rate Coefficients:

From\To            W1           P1           P2           P3
W1                ***  3.49174e-32  1.19725e-38  1.61323e-48
P1        4.66354e-11          ***          ***          ***
P2        2.01215e-10          ***          ***          ***
P3        1.04703e-50          ***          ***          ***

Temperature = 407 K    Pressure = 1 atm

From\To            W1           P1           P2           P3
W1        3.40313e-32  3.40313e-32  2.86115e-39  1.06776e-48
P1         4.5452e-11   4.5452e-11   1.2159e-17  2.17206e-28
P2        4.80859e-11  1.53004e-10   2.0109e-10  2.92788e-24
P3        6.93004e-51  1.05551e-51  1.13068e-54  7.98668e-51

Temperature = 474 K

High Pressure Rate Coefficients:

From\To            W1           P1           P2           P3
W1                ***  2.47235e-25  5.58815e-31    2.033e-41
P1        4.47881e-11          ***          ***          ***
P2        2.07824e-10          ***          ***          ***
P3        7.28769e-47          ***          ***          ***

Temperature = 474 K    Pressure = 1 atm

From\To            W1           P1           P2           P3
W1        2.33095e-25  2.33095e-25   9.6011e-32  6.22547e-42
P1        4.22265e-11  4.22266e-11  8.37549e-17  2.52571e-27
P2        3.57066e-11  1.71943e-10   2.0765e-10  2.37131e-23
P3        2.23165e-47  4.99785e-47  2.28567e-49  7.25236e-47

Temperature = 513 K

High Pressure Rate Coefficients:

From\To            W1           P1           P2           P3
W1                ***    3.644e-22  1.97611e-27  1.07799e-37
P1        4.39137e-11          ***          ***          ***
P2        2.11392e-10          ***          ***          ***
P3        1.19635e-44          ***          ***          ***

Temperature = 513 K    Pressure = 1 atm

From\To            W1           P1           P2           P3
W1        3.33674e-22  3.33674e-22  2.78426e-28  1.05679e-38
P1        4.02109e-11  4.02111e-11  2.04359e-16  1.16242e-26
P2        2.97842e-11  1.81404e-10  2.11188e-10  8.02986e-23
P3        1.17282e-45  1.07049e-44  8.33059e-47  1.19611e-44

Temperature = 539 K

High Pressure Rate Coefficients:

From\To            W1           P1           P2           P3
W1                ***  2.63352e-20     2.39e-25  2.07144e-35
P1        4.33995e-11          ***          ***          ***
P2        2.13666e-10          ***          ***          ***
P3        2.98735e-43          ***          ***          ***

Temperature = 539 K    Pressure = 1 atm

From\To            W1           P1           P2           P3
W1        2.35424e-20  2.35423e-20  2.94243e-26  8.73717e-37
P1         3.8797e-11  3.87973e-11  3.44951e-16  3.23744e-26
P2        2.63053e-11  1.87131e-10  2.13436e-10  1.75212e-22
P3        1.26004e-44  2.83313e-43  2.82644e-45   2.9874e-43

Temperature = 577 K

High Pressure Rate Coefficients:

From\To            W1           P1           P2           P3
W1                ***  6.87809e-18    1.222e-22  2.29495e-32
P1        4.27328e-11          ***          ***          ***
P2        2.16851e-10          ***          ***          ***
P3        2.32618e-41          ***          ***          ***

Temperature = 577 K    Pressure = 1 atm

From\To            W1           P1           P2           P3
W1        5.89638e-18  5.89637e-18  1.23266e-23  2.83123e-34
P1        3.66335e-11  3.66342e-11  6.81623e-16  1.39031e-25
P2        2.18743e-11  1.94688e-10  2.16562e-10  5.14374e-22
P3        2.86976e-43  2.26823e-41  2.93806e-43  2.32631e-41

Temperature = 700 K

High Pressure Rate Coefficients:

From\To            W1           P1           P2           P3
W1                ***  7.33938e-12  7.09373e-16  1.51031e-24
P1        4.10994e-11          ***          ***          ***
P2        2.26165e-10          ***          ***          ***
P3        2.01399e-36          ***          ***          ***

Temperature = 700 K    Pressure = 1 atm

From\To            W1           P1           P2           P3
W1        5.19453e-12  5.19449e-12  3.70307e-17  5.72227e-28
P1        2.90883e-11  2.90921e-11  3.75612e-15  8.28242e-24
P2        1.18062e-11  2.13852e-10  2.25658e-10  9.83146e-21
P3        7.63061e-40   1.9723e-36  4.11205e-38  2.01418e-36

Temperature = 810 K

High Pressure Rate Coefficients:

From\To            W1           P1           P2           P3
W1                ***  5.07247e-08   1.4767e-11  1.83777e-19
P1        4.00917e-11          ***          ***          ***
P2        2.33424e-10          ***          ***          ***
P3        3.55463e-33          ***          ***          ***

Temperature = 810 K    Pressure = 1 atm

From\To            W1           P1           P2           P3
W1        2.82949e-08  2.82945e-08  4.23223e-13  5.94188e-24
P1        2.23633e-11  2.23746e-11  1.12953e-14  1.41402e-22
P2        6.68996e-12    2.259e-10   2.3259e-10   7.7277e-20
P3        1.14928e-37  3.46039e-33  9.45579e-35  3.55506e-33

Temperature = 906 K

High Pressure Rate Coefficients:

From\To            W1           P1           P2           P3
W1                ***  1.95286e-05  1.21593e-08  5.32696e-16
P1        3.94261e-11          ***          ***          ***
P2        2.39096e-10          ***          ***          ***
P3        5.93908e-31          ***          ***          ***

Temperature = 906 K    Pressure = 1 atm

From\To            W1           P1           P2           P3
W1        8.48221e-06  8.48201e-06  2.06223e-10  2.91456e-21
P1        1.71241e-11  1.71481e-11  2.40046e-14  1.04093e-21
P2        4.05508e-12  2.33801e-10  2.37856e-10  3.37734e-19
P3        3.24945e-36  5.74841e-31  1.91492e-32  5.93994e-31

Temperature = 1050 K

High Pressure Rate Coefficients:

From\To            W1           P1           P2           P3
W1                ***    0.0188125  2.89363e-05  5.79831e-12
P1        3.86629e-11          ***          ***          ***
P2        2.46663e-10          ***          ***          ***
P3        2.39784e-28          ***          ***          ***

Temperature = 1050 K    Pressure = 1 atm

From\To            W1           P1           P2           P3
W1         0.00530301   0.00530278  2.24202e-07  3.48892e-18
P1        1.08979e-11  1.09564e-11  5.85055e-14  1.14235e-20
P2        1.91113e-12  2.42667e-10  2.44578e-10  2.05346e-18
P3        1.44277e-34  2.29863e-28   9.9619e-30  2.39825e-28

Temperature = 1200 K

High Pressure Rate Coefficients:

From\To            W1           P1           P2           P3
W1                ***      4.07953    0.0131126  9.14492e-09
P1        3.80621e-11          ***          ***          ***
P2        2.53582e-10          ***          ***          ***
P3        2.87174e-26          ***          ***          ***

Temperature = 1200 K    Pressure = 1 atm

From\To            W1           P1           P2           P3
W1           0.695585     0.695539  4.54009e-05  8.36945e-16
P1        6.48887e-12  6.60919e-12  1.20318e-13  8.08622e-20
P2        8.77925e-13  2.49389e-10  2.50267e-10  9.27784e-18
P3        2.62801e-33  2.72162e-26  1.50655e-27  2.87228e-26

Temperature = 1350 K

High Pressure Rate Coefficients:

From\To            W1           P1           P2           P3
W1                ***      261.584      1.52334  2.90525e-06
P1        3.75937e-11          ***          ***          ***
P2        2.59714e-10          ***          ***          ***
P3        1.24631e-24          ***          ***          ***

Temperature = 1350 K    Pressure = 1 atm

From\To            W1           P1           P2           P3
W1            26.0409      26.0385    0.0023942  5.49589e-14
P1        3.74124e-12  3.95567e-12  2.14429e-13  3.90628e-19
P2         4.0809e-13  2.54378e-10  2.54786e-10  3.20071e-17
P3        2.35709e-32  1.16601e-24  8.05359e-26  1.24655e-24

Temperature = 1525 K

High Pressure Rate Coefficients:

From\To            W1           P1           P2           P3
W1                ***      11625.3       119.28  0.000592012
P1        3.71668e-11          ***          ***          ***
P2        2.66071e-10          ***          ***          ***
P3        4.15582e-23          ***          ***          ***

Temperature = 1525 K    Pressure = 1 atm

From\To            W1           P1           P2           P3
W1            601.069      600.993    0.0763281  2.38858e-12
P1        1.92002e-12  2.29064e-12  3.70614e-13  1.74115e-18
P2        1.70138e-13  2.58583e-10  2.58753e-10   1.0597e-16
P3        1.67553e-31  3.82307e-23  3.33486e-24  4.15656e-23

Temperature = 1700 K

High Pressure Rate Coefficients:

From\To            W1           P1           P2           P3
W1                ***       231035       3782.7    0.0412195
P1        3.68358e-11          ***          ***          ***
P2        2.71731e-10          ***          ***          ***
P3        6.99143e-22          ***          ***          ***

Temperature = 1700 K    Pressure = 1 atm

From\To            W1           P1           P2           P3
W1            6103.91      6102.89      1.01149  4.54404e-11
P1        9.71215e-13   1.5514e-12  5.80182e-13  5.93398e-18
P2        7.25246e-14  2.61403e-10  2.61475e-10  2.87862e-16
P3        7.69296e-31  6.31274e-22  6.79688e-23  6.99242e-22

Temperature = 1900 K

High Pressure Rate Coefficients:

From\To            W1           P1           P2           P3
W1                ***  3.49946e+06        89444      2.05661
P1        3.65441e-11          ***          ***          ***
P2        2.77507e-10          ***          ***          ***
P3        9.65421e-21          ***          ***          ***

Temperature = 1900 K    Pressure = 1 atm

From\To            W1           P1           P2           P3
W1            42652.5      42643.4       9.1225  6.55738e-10
P1        4.43063e-13  1.32904e-12  8.85962e-13  1.89452e-17
P2          2.816e-14  2.63221e-10   2.6325e-10  7.52615e-16
P3        3.06261e-30  8.51623e-21  1.13872e-21  9.65494e-21

Temperature = 2000 K

High Pressure Rate Coefficients:

From\To            W1           P1           P2           P3
W1                ***  1.10114e+07       342029       10.895
P1        3.64248e-11          ***          ***          ***
P2         2.8016e-10          ***          ***          ***
P3        2.98265e-20          ***          ***          ***

Temperature = 2000 K    Pressure = 1 atm

From\To            W1           P1           P2           P3
W1            91489.2      91467.3      21.9036  2.02708e-09
P1        3.00015e-13  1.36474e-12   1.0647e-12  3.14011e-17
P2        1.77902e-14  2.63642e-10  2.63661e-10  1.14893e-15
P3         5.5026e-30  2.59875e-20  3.83993e-21  2.98275e-20

Temperature = 2200 K

High Pressure Rate Coefficients:

From\To            W1           P1           P2           P3
W1                ***  7.85686e+07  3.44943e+06      195.683
P1        3.62259e-11          ***          ***          ***
P2        2.85072e-10          ***          ***          ***
P3        2.13543e-19          ***          ***          ***

Temperature = 2200 K    Pressure = 1 atm

From\To            W1           P1           P2           P3
W1             306389       306299      89.8442  1.40516e-08
P1        1.38385e-13   1.6093e-12  1.47084e-12  7.65969e-17
P2        7.27562e-15  2.63635e-10  2.63644e-10  2.44124e-15
P3        1.50256e-29  1.81291e-19  3.22358e-20  2.13526e-19

Temperature = 2600 K

High Pressure Rate Coefficients:

From\To            W1           P1           P2           P3
W1                ***  1.54105e+09  1.18456e+08        17031
P1        3.59326e-11          ***          ***          ***
P2        2.93609e-10          ***          ***          ***
P3        4.68436e-18          ***          ***          ***

Temperature = 2600 K    Pressure = 1 atm

From\To            W1           P1           P2           P3
W1        1.46214e+06  1.46153e+06      601.797  2.76169e-07
P1        3.12383e-14  2.48509e-12  2.45353e-12  3.18805e-16
P2        1.36732e-15  2.60815e-10  2.60825e-10  8.30735e-15
P3        6.96296e-29  3.76067e-18  9.21853e-19  4.68252e-18

______________________________________________________________________________________

High Pressure Rate Coefficients (Temperature-Species Rate Tables):

   T(K)       W1->W1       W1->P1       W1->P2       W1->P3
    296          ***  2.73817e-50  6.47761e-59   9.0743e-63
    370          ***  5.07931e-37  4.60852e-44  8.00071e-53
    407          ***  3.49174e-32  1.19725e-38  1.61323e-48
    474          ***  2.47235e-25  5.58815e-31    2.033e-41
    513          ***    3.644e-22  1.97611e-27  1.07799e-37
    539          ***  2.63352e-20     2.39e-25  2.07144e-35
    577          ***  6.87809e-18    1.222e-22  2.29495e-32
    700          ***  7.33938e-12  7.09373e-16  1.51031e-24
    810          ***  5.07247e-08   1.4767e-11  1.83777e-19
    906          ***  1.95286e-05  1.21593e-08  5.32696e-16
   1050          ***    0.0188125  2.89363e-05  5.79831e-12
   1200          ***      4.07953    0.0131126  9.14492e-09
   1350          ***      261.584      1.52334  2.90525e-06
   1525          ***      11625.3       119.28  0.000592012
   1700          ***       231035       3782.7    0.0412195
   1900          ***  3.49946e+06        89444      2.05661
   2000          ***  1.10114e+07       342029       10.895
   2200          ***  7.85686e+07  3.44943e+06      195.683
   2600          ***  1.54105e+09  1.18456e+08        17031

   T(K)       P1->W1       P1->P1       P1->P2       P1->P3
    296   5.0866e-11          ***          ***          ***
    370  4.78749e-11          ***          ***          ***
    407  4.66354e-11          ***          ***          ***
    474  4.47881e-11          ***          ***          ***
    513  4.39137e-11          ***          ***          ***
    539  4.33995e-11          ***          ***          ***
    577  4.27328e-11          ***          ***          ***
    700  4.10994e-11          ***          ***          ***
    810  4.00917e-11          ***          ***          ***
    906  3.94261e-11          ***          ***          ***
   1050  3.86629e-11          ***          ***          ***
   1200  3.80621e-11          ***          ***          ***
   1350  3.75937e-11          ***          ***          ***
   1525  3.71668e-11          ***          ***          ***
   1700  3.68358e-11          ***          ***          ***
   1900  3.65441e-11          ***          ***          ***
   2000  3.64248e-11          ***          ***          ***
   2200  3.62259e-11          ***          ***          ***
   2600  3.59326e-11          ***          ***          ***

   T(K)       P2->W1       P2->P1       P2->P2       P2->P3
    296  1.88753e-10          ***          ***          ***
    370  1.97281e-10          ***          ***          ***
    407  2.01215e-10          ***          ***          ***
    474  2.07824e-10          ***          ***          ***
    513  2.11392e-10          ***          ***          ***
    539  2.13666e-10          ***          ***          ***
    577  2.16851e-10          ***          ***          ***
    700  2.26165e-10          ***          ***          ***
    810  2.33424e-10          ***          ***          ***
    906  2.39096e-10          ***          ***          ***
   1050  2.46663e-10          ***          ***          ***
   1200  2.53582e-10          ***          ***          ***
   1350  2.59714e-10          ***          ***          ***
   1525  2.66071e-10          ***          ***          ***
   1700  2.71731e-10          ***          ***          ***
   1900  2.77507e-10          ***          ***          ***
   2000   2.8016e-10          ***          ***          ***
   2200  2.85072e-10          ***          ***          ***
   2600  2.93609e-10          ***          ***          ***

   T(K)       P3->W1       P3->P1       P3->P2       P3->P3
    296  2.26968e-56          ***          ***          ***
    370  1.02891e-52          ***          ***          ***
    407  1.04703e-50          ***          ***          ***
    474  7.28769e-47          ***          ***          ***
    513  1.19635e-44          ***          ***          ***
    539  2.98735e-43          ***          ***          ***
    577  2.32618e-41          ***          ***          ***
    700  2.01399e-36          ***          ***          ***
    810  3.55463e-33          ***          ***          ***
    906  5.93908e-31          ***          ***          ***
   1050  2.39784e-28          ***          ***          ***
   1200  2.87174e-26          ***          ***          ***
   1350  1.24631e-24          ***          ***          ***
   1525  4.15582e-23          ***          ***          ***
   1700  6.99143e-22          ***          ***          ***
   1900  9.65421e-21          ***          ***          ***
   2000  2.98265e-20          ***          ***          ***
   2200  2.13543e-19          ***          ***          ***
   2600  4.68436e-18          ***          ***          ***

Capture/Escape Rate Coefficients:

   T(K)           W1           P1           P2           P3
    296  2.73817e-50   5.0866e-11  1.88753e-10  2.26968e-56
    370  5.07931e-37  4.78749e-11  1.97281e-10  1.02891e-52
    407  3.49174e-32  4.66354e-11  2.01215e-10  1.04703e-50
    474  2.47236e-25  4.47881e-11  2.07824e-10  7.28769e-47
    513  3.64402e-22  4.39137e-11  2.11392e-10  1.19635e-44
    539  2.63354e-20  4.33995e-11  2.13666e-10  2.98735e-43
    577  6.87821e-18  4.27328e-11  2.16851e-10  2.32618e-41
    700  7.34008e-12  4.10994e-11  2.26165e-10  2.01399e-36
    810  5.07394e-08  4.00917e-11  2.33424e-10  3.55463e-33
    906  1.95408e-05  3.94261e-11  2.39096e-10  5.93908e-31
   1050    0.0188414  3.86629e-11  2.46663e-10  2.39784e-28
   1200      4.09264  3.80621e-11  2.53582e-10  2.87174e-26
   1350      263.107  3.75937e-11  2.59714e-10  1.24631e-24
   1525      11744.6  3.71668e-11  2.66071e-10  4.15582e-23
   1700       234818  3.68358e-11  2.71731e-10  6.99143e-22
   1900  3.58891e+06  3.65441e-11  2.77507e-10  9.65421e-21
   2000  1.13535e+07  3.64248e-11   2.8016e-10  2.98265e-20
   2200  8.20182e+07  3.62259e-11  2.85072e-10  2.13543e-19
   2600  1.65953e+09  3.59326e-11  2.93609e-10  4.68436e-18

______________________________________________________________________________________

Pressure-Species Rate Tables:

   Temperature = 296 K

   P(atm)       W1->P1       W1->P2       W1->P3         W1->
        1  2.72733e-50  2.55051e-59  7.88161e-66  2.72733e-50
    O-O  2.73817e-50  6.47761e-59   9.0743e-63  2.73817e-50

   Temperature = 370 K

   P(atm)       W1->P1       W1->P2       W1->P3         W1->
        1   5.0043e-37  1.31179e-44  2.59291e-53   5.0043e-37
    O-O  5.07931e-37  4.60852e-44  8.00071e-53  5.07931e-37

   Temperature = 407 K

   P(atm)       W1->P1       W1->P2       W1->P3         W1->
        1  3.40313e-32  2.86115e-39  1.06776e-48  3.40313e-32
    O-O  3.49174e-32  1.19725e-38  1.61323e-48  3.49174e-32

   Temperature = 474 K

   P(atm)       W1->P1       W1->P2       W1->P3         W1->
        1  2.33095e-25   9.6011e-32  6.22547e-42  2.33095e-25
    O-O  2.47235e-25  5.58815e-31    2.033e-41  2.47236e-25

   Temperature = 513 K

   P(atm)       W1->P1       W1->P2       W1->P3         W1->
        1  3.33674e-22  2.78426e-28  1.05679e-38  3.33674e-22
    O-O    3.644e-22  1.97611e-27  1.07799e-37  3.64402e-22

   Temperature = 539 K

   P(atm)       W1->P1       W1->P2       W1->P3         W1->
        1  2.35423e-20  2.94243e-26  8.73717e-37  2.35424e-20
    O-O  2.63352e-20     2.39e-25  2.07144e-35  2.63354e-20

   Temperature = 577 K

   P(atm)       W1->P1       W1->P2       W1->P3         W1->
        1  5.89637e-18  1.23266e-23  2.83123e-34  5.89638e-18
    O-O  6.87809e-18    1.222e-22  2.29495e-32  6.87821e-18

   Temperature = 700 K

   P(atm)       W1->P1       W1->P2       W1->P3         W1->
        1  5.19449e-12  3.70307e-17  5.72227e-28  5.19453e-12
    O-O  7.33938e-12  7.09373e-16  1.51031e-24  7.34008e-12

   Temperature = 810 K

   P(atm)       W1->P1       W1->P2       W1->P3         W1->
        1  2.82945e-08  4.23223e-13  5.94188e-24  2.82949e-08
    O-O  5.07247e-08   1.4767e-11  1.83777e-19  5.07394e-08

   Temperature = 906 K

   P(atm)       W1->P1       W1->P2       W1->P3         W1->
        1  8.48201e-06  2.06223e-10  2.91456e-21  8.48221e-06
    O-O  1.95286e-05  1.21593e-08  5.32696e-16  1.95408e-05

   Temperature = 1050 K

   P(atm)       W1->P1       W1->P2       W1->P3         W1->
        1   0.00530278  2.24202e-07  3.48892e-18   0.00530301
    O-O    0.0188125  2.89363e-05  5.79831e-12    0.0188414

   Temperature = 1200 K

   P(atm)       W1->P1       W1->P2       W1->P3         W1->
        1     0.695539  4.54009e-05  8.36945e-16     0.695585
    O-O      4.07953    0.0131126  9.14492e-09      4.09264

   Temperature = 1350 K

   P(atm)       W1->P1       W1->P2       W1->P3         W1->
        1      26.0385    0.0023942  5.49589e-14      26.0409
    O-O      261.584      1.52334  2.90525e-06      263.107

   Temperature = 1525 K

   P(atm)       W1->P1       W1->P2       W1->P3         W1->
        1      600.993    0.0763281  2.38858e-12      601.069
    O-O      11625.3       119.28  0.000592012      11744.6

   Temperature = 1700 K

   P(atm)       W1->P1       W1->P2       W1->P3         W1->
        1      6102.89      1.01149  4.54404e-11      6103.91
    O-O       231035       3782.7    0.0412195       234818

   Temperature = 1900 K

   P(atm)       W1->P1       W1->P2       W1->P3         W1->
        1      42643.4       9.1225  6.55738e-10      42652.5
    O-O  3.49946e+06        89444      2.05661  3.58891e+06

   Temperature = 2000 K

   P(atm)       W1->P1       W1->P2       W1->P3         W1->
        1      91467.3      21.9036  2.02708e-09      91489.2
    O-O  1.10114e+07       342029       10.895  1.13535e+07

   Temperature = 2200 K

   P(atm)       W1->P1       W1->P2       W1->P3         W1->
        1       306299      89.8442  1.40516e-08       306389
    O-O  7.85686e+07  3.44943e+06      195.683  8.20182e+07

   Temperature = 2600 K

   P(atm)       W1->P1       W1->P2       W1->P3         W1->
        1  1.46153e+06      601.797  2.76169e-07  1.46214e+06
    O-O  1.54105e+09  1.18456e+08        17031  1.65953e+09

   Temperature = 296 K

   P(atm)       P1->W1       P1->P2       P1->P3         P1->
        1  5.06646e-11  7.29024e-20  5.02084e-30  5.06646e-11
    O-O   5.0866e-11          ***          ***   5.0866e-11

   Temperature = 370 K

   P(atm)       P1->W1       P1->P2       P1->P3         P1->
        1  4.71679e-11  3.10486e-18  6.06182e-29  4.71679e-11
    O-O  4.78749e-11          ***          ***  4.78749e-11

   Temperature = 407 K

   P(atm)       P1->W1       P1->P2       P1->P3         P1->
        1   4.5452e-11   1.2159e-17  2.17206e-28   4.5452e-11
    O-O  4.66354e-11          ***          ***  4.66354e-11

   Temperature = 474 K

   P(atm)       P1->W1       P1->P2       P1->P3         P1->
        1  4.22265e-11  8.37549e-17  2.52571e-27  4.22266e-11
    O-O  4.47881e-11          ***          ***  4.47881e-11

   Temperature = 513 K

   P(atm)       P1->W1       P1->P2       P1->P3         P1->
        1  4.02109e-11  2.04359e-16  1.16242e-26  4.02111e-11
    O-O  4.39137e-11          ***          ***  4.39137e-11

   Temperature = 539 K

   P(atm)       P1->W1       P1->P2       P1->P3         P1->
        1   3.8797e-11  3.44951e-16  3.23744e-26  3.87973e-11
    O-O  4.33995e-11          ***          ***  4.33995e-11

   Temperature = 577 K

   P(atm)       P1->W1       P1->P2       P1->P3         P1->
        1  3.66335e-11  6.81623e-16  1.39031e-25  3.66342e-11
    O-O  4.27328e-11          ***          ***  4.27328e-11

   Temperature = 700 K

   P(atm)       P1->W1       P1->P2       P1->P3         P1->
        1  2.90883e-11  3.75612e-15  8.28242e-24  2.90921e-11
    O-O  4.10994e-11          ***          ***  4.10994e-11

   Temperature = 810 K

   P(atm)       P1->W1       P1->P2       P1->P3         P1->
        1  2.23633e-11  1.12953e-14  1.41402e-22  2.23746e-11
    O-O  4.00917e-11          ***          ***  4.00917e-11

   Temperature = 906 K

   P(atm)       P1->W1       P1->P2       P1->P3         P1->
        1  1.71241e-11  2.40046e-14  1.04093e-21  1.71481e-11
    O-O  3.94261e-11          ***          ***  3.94261e-11

   Temperature = 1050 K

   P(atm)       P1->W1       P1->P2       P1->P3         P1->
        1  1.08979e-11  5.85055e-14  1.14235e-20  1.09564e-11
    O-O  3.86629e-11          ***          ***  3.86629e-11

   Temperature = 1200 K

   P(atm)       P1->W1       P1->P2       P1->P3         P1->
        1  6.48887e-12  1.20318e-13  8.08622e-20  6.60919e-12
    O-O  3.80621e-11          ***          ***  3.80621e-11

   Temperature = 1350 K

   P(atm)       P1->W1       P1->P2       P1->P3         P1->
        1  3.74124e-12  2.14429e-13  3.90628e-19  3.95567e-12
    O-O  3.75937e-11          ***          ***  3.75937e-11

   Temperature = 1525 K

   P(atm)       P1->W1       P1->P2       P1->P3         P1->
        1  1.92002e-12  3.70614e-13  1.74115e-18  2.29064e-12
    O-O  3.71668e-11          ***          ***  3.71668e-11

   Temperature = 1700 K

   P(atm)       P1->W1       P1->P2       P1->P3         P1->
        1  9.71215e-13  5.80182e-13  5.93398e-18   1.5514e-12
    O-O  3.68358e-11          ***          ***  3.68358e-11

   Temperature = 1900 K

   P(atm)       P1->W1       P1->P2       P1->P3         P1->
        1  4.43063e-13  8.85962e-13  1.89452e-17  1.32904e-12
    O-O  3.65441e-11          ***          ***  3.65441e-11

   Temperature = 2000 K

   P(atm)       P1->W1       P1->P2       P1->P3         P1->
        1  3.00015e-13   1.0647e-12  3.14011e-17  1.36474e-12
    O-O  3.64248e-11          ***          ***  3.64248e-11

   Temperature = 2200 K

   P(atm)       P1->W1       P1->P2       P1->P3         P1->
        1  1.38385e-13  1.47084e-12  7.65969e-17   1.6093e-12
    O-O  3.62259e-11          ***          ***  3.62259e-11

   Temperature = 2600 K

   P(atm)       P1->W1       P1->P2       P1->P3         P1->
        1  3.12383e-14  2.45353e-12  3.18805e-16  2.48509e-12
    O-O  3.59326e-11          ***          ***  3.59326e-11

   Temperature = 296 K

   P(atm)       P2->W1       P2->P1       P2->P3         P2->
        1  7.43201e-11  1.14355e-10  1.83502e-25  1.88675e-10
    O-O  1.88753e-10          ***          ***  1.88753e-10

   Temperature = 370 K

   P(atm)       P2->W1       P2->P1       P2->P3         P2->
        1  5.61549e-11  1.41014e-10  1.03258e-24  1.97169e-10
    O-O  1.97281e-10          ***          ***  1.97281e-10

   Temperature = 407 K

   P(atm)       P2->W1       P2->P1       P2->P3         P2->
        1  4.80859e-11  1.53004e-10  2.92788e-24   2.0109e-10
    O-O  2.01215e-10          ***          ***  2.01215e-10

   Temperature = 474 K

   P(atm)       P2->W1       P2->P1       P2->P3         P2->
        1  3.57066e-11  1.71943e-10  2.37131e-23   2.0765e-10
    O-O  2.07824e-10          ***          ***  2.07824e-10

   Temperature = 513 K

   P(atm)       P2->W1       P2->P1       P2->P3         P2->
        1  2.97842e-11  1.81404e-10  8.02986e-23  2.11188e-10
    O-O  2.11392e-10          ***          ***  2.11392e-10

   Temperature = 539 K

   P(atm)       P2->W1       P2->P1       P2->P3         P2->
        1  2.63053e-11  1.87131e-10  1.75212e-22  2.13436e-10
    O-O  2.13666e-10          ***          ***  2.13666e-10

   Temperature = 577 K

   P(atm)       P2->W1       P2->P1       P2->P3         P2->
        1  2.18743e-11  1.94688e-10  5.14374e-22  2.16562e-10
    O-O  2.16851e-10          ***          ***  2.16851e-10

   Temperature = 700 K

   P(atm)       P2->W1       P2->P1       P2->P3         P2->
        1  1.18062e-11  2.13852e-10  9.83146e-21  2.25658e-10
    O-O  2.26165e-10          ***          ***  2.26165e-10

   Temperature = 810 K

   P(atm)       P2->W1       P2->P1       P2->P3         P2->
        1  6.68996e-12    2.259e-10   7.7277e-20   2.3259e-10
    O-O  2.33424e-10          ***          ***  2.33424e-10

   Temperature = 906 K

   P(atm)       P2->W1       P2->P1       P2->P3         P2->
        1  4.05508e-12  2.33801e-10  3.37734e-19  2.37856e-10
    O-O  2.39096e-10          ***          ***  2.39096e-10

   Temperature = 1050 K

   P(atm)       P2->W1       P2->P1       P2->P3         P2->
        1  1.91113e-12  2.42667e-10  2.05346e-18  2.44578e-10
    O-O  2.46663e-10          ***          ***  2.46663e-10

   Temperature = 1200 K

   P(atm)       P2->W1       P2->P1       P2->P3         P2->
        1  8.77925e-13  2.49389e-10  9.27784e-18  2.50267e-10
    O-O  2.53582e-10          ***          ***  2.53582e-10

   Temperature = 1350 K

   P(atm)       P2->W1       P2->P1       P2->P3         P2->
        1   4.0809e-13  2.54378e-10  3.20071e-17  2.54786e-10
    O-O  2.59714e-10          ***          ***  2.59714e-10

   Temperature = 1525 K

   P(atm)       P2->W1       P2->P1       P2->P3         P2->
        1  1.70138e-13  2.58583e-10   1.0597e-16  2.58753e-10
    O-O  2.66071e-10          ***          ***  2.66071e-10

   Temperature = 1700 K

   P(atm)       P2->W1       P2->P1       P2->P3         P2->
        1  7.25246e-14  2.61403e-10  2.87862e-16  2.61475e-10
    O-O  2.71731e-10          ***          ***  2.71731e-10

   Temperature = 1900 K

   P(atm)       P2->W1       P2->P1       P2->P3         P2->
        1    2.816e-14  2.63221e-10  7.52615e-16   2.6325e-10
    O-O  2.77507e-10          ***          ***  2.77507e-10

   Temperature = 2000 K

   P(atm)       P2->W1       P2->P1       P2->P3         P2->
        1  1.77902e-14  2.63642e-10  1.14893e-15  2.63661e-10
    O-O   2.8016e-10          ***          ***   2.8016e-10

   Temperature = 2200 K

   P(atm)       P2->W1       P2->P1       P2->P3         P2->
        1  7.27562e-15  2.63635e-10  2.44124e-15  2.63644e-10
    O-O  2.85072e-10          ***          ***  2.85072e-10

   Temperature = 2600 K

   P(atm)       P2->W1       P2->P1       P2->P3         P2->
        1  1.36732e-15  2.60815e-10  8.30735e-15  2.60825e-10
    O-O  2.93609e-10          ***          ***  2.93609e-10

   Temperature = 296 K

   P(atm)       P3->W1       P3->P1       P3->P2         P3->
        1  1.97137e-59  6.76024e-63  1.57512e-67  1.97204e-59
    O-O  2.26968e-56          ***          ***  2.26968e-56

   Temperature = 370 K

   P(atm)       P3->W1       P3->P1       P3->P2         P3->
        1  3.33454e-53  8.27082e-55  3.10205e-58  3.41727e-53
    O-O  1.02891e-52          ***          ***  1.02891e-52

   Temperature = 407 K

   P(atm)       P3->W1       P3->P1       P3->P2         P3->
        1  6.93004e-51  1.05551e-51  1.13068e-54  7.98668e-51
    O-O  1.04703e-50          ***          ***  1.04703e-50

   Temperature = 474 K

   P(atm)       P3->W1       P3->P1       P3->P2         P3->
        1  2.23165e-47  4.99785e-47  2.28567e-49  7.25236e-47
    O-O  7.28769e-47          ***          ***  7.28769e-47

   Temperature = 513 K

   P(atm)       P3->W1       P3->P1       P3->P2         P3->
        1  1.17282e-45  1.07049e-44  8.33059e-47  1.19611e-44
    O-O  1.19635e-44          ***          ***  1.19635e-44

   Temperature = 539 K

   P(atm)       P3->W1       P3->P1       P3->P2         P3->
        1  1.26004e-44  2.83313e-43  2.82644e-45   2.9874e-43
    O-O  2.98735e-43          ***          ***  2.98735e-43

   Temperature = 577 K

   P(atm)       P3->W1       P3->P1       P3->P2         P3->
        1  2.86976e-43  2.26823e-41  2.93806e-43  2.32631e-41
    O-O  2.32618e-41          ***          ***  2.32618e-41

   Temperature = 700 K

   P(atm)       P3->W1       P3->P1       P3->P2         P3->
        1  7.63061e-40   1.9723e-36  4.11205e-38  2.01418e-36
    O-O  2.01399e-36          ***          ***  2.01399e-36

   Temperature = 810 K

   P(atm)       P3->W1       P3->P1       P3->P2         P3->
        1  1.14928e-37  3.46039e-33  9.45579e-35  3.55506e-33
    O-O  3.55463e-33          ***          ***  3.55463e-33

   Temperature = 906 K

   P(atm)       P3->W1       P3->P1       P3->P2         P3->
        1  3.24945e-36  5.74841e-31  1.91492e-32  5.93994e-31
    O-O  5.93908e-31          ***          ***  5.93908e-31

   Temperature = 1050 K

   P(atm)       P3->W1       P3->P1       P3->P2         P3->
        1  1.44277e-34  2.29863e-28   9.9619e-30  2.39825e-28
    O-O  2.39784e-28          ***          ***  2.39784e-28

   Temperature = 1200 K

   P(atm)       P3->W1       P3->P1       P3->P2         P3->
        1  2.62801e-33  2.72162e-26  1.50655e-27  2.87228e-26
    O-O  2.87174e-26          ***          ***  2.87174e-26

   Temperature = 1350 K

   P(atm)       P3->W1       P3->P1       P3->P2         P3->
        1  2.35709e-32  1.16601e-24  8.05359e-26  1.24655e-24
    O-O  1.24631e-24          ***          ***  1.24631e-24

   Temperature = 1525 K

   P(atm)       P3->W1       P3->P1       P3->P2         P3->
        1  1.67553e-31  3.82307e-23  3.33486e-24  4.15656e-23
    O-O  4.15582e-23          ***          ***  4.15582e-23

   Temperature = 1700 K

   P(atm)       P3->W1       P3->P1       P3->P2         P3->
        1  7.69296e-31  6.31274e-22  6.79688e-23  6.99242e-22
    O-O  6.99143e-22          ***          ***  6.99143e-22

   Temperature = 1900 K

   P(atm)       P3->W1       P3->P1       P3->P2         P3->
        1  3.06261e-30  8.51623e-21  1.13872e-21  9.65494e-21
    O-O  9.65421e-21          ***          ***  9.65421e-21

   Temperature = 2000 K

   P(atm)       P3->W1       P3->P1       P3->P2         P3->
        1   5.5026e-30  2.59875e-20  3.83993e-21  2.98275e-20
    O-O  2.98265e-20          ***          ***  2.98265e-20

   Temperature = 2200 K

   P(atm)       P3->W1       P3->P1       P3->P2         P3->
        1  1.50256e-29  1.81291e-19  3.22358e-20  2.13526e-19
    O-O  2.13543e-19          ***          ***  2.13543e-19

   Temperature = 2600 K

   P(atm)       P3->W1       P3->P1       P3->P2         P3->
        1  6.96296e-29  3.76067e-18  9.21853e-19  4.68252e-18
    O-O  4.68436e-18          ***          ***  4.68436e-18

______________________________________________________________________________________

Temperature-Species Rate Tables:

   Pressure = 1 atm

   T(K)       W1->P1       W1->P2       W1->P3         W1->      Capture
    296  2.72733e-50  2.55051e-59  7.88161e-66  2.72733e-50  2.73817e-50
    370   5.0043e-37  1.31179e-44  2.59291e-53   5.0043e-37  5.07931e-37
    407  3.40313e-32  2.86115e-39  1.06776e-48  3.40313e-32  3.49174e-32
    474  2.33095e-25   9.6011e-32  6.22547e-42  2.33095e-25  2.47236e-25
    513  3.33674e-22  2.78426e-28  1.05679e-38  3.33674e-22  3.64402e-22
    539  2.35423e-20  2.94243e-26  8.73717e-37  2.35424e-20  2.63354e-20
    577  5.89637e-18  1.23266e-23  2.83123e-34  5.89638e-18  6.87821e-18
    700  5.19449e-12  3.70307e-17  5.72227e-28  5.19453e-12  7.34008e-12
    810  2.82945e-08  4.23223e-13  5.94188e-24  2.82949e-08  5.07394e-08
    906  8.48201e-06  2.06223e-10  2.91456e-21  8.48221e-06  1.95408e-05
   1050   0.00530278  2.24202e-07  3.48892e-18   0.00530301    0.0188414
   1200     0.695539  4.54009e-05  8.36945e-16     0.695585      4.09264
   1350      26.0385    0.0023942  5.49589e-14      26.0409      263.107
   1525      600.993    0.0763281  2.38858e-12      601.069      11744.6
   1700      6102.89      1.01149  4.54404e-11      6103.91       234818
   1900      42643.4       9.1225  6.55738e-10      42652.5  3.58891e+06
   2000      91467.3      21.9036  2.02708e-09      91489.2  1.13535e+07
   2200       306299      89.8442  1.40516e-08       306389  8.20182e+07
   2600  1.46153e+06      601.797  2.76169e-07  1.46214e+06  1.65953e+09

   Pressure = 1 atm

   T(K)       P1->W1       P1->P2       P1->P3         P1->      Capture
    296  5.06646e-11  7.29024e-20  5.02084e-30  5.06646e-11   5.0866e-11
    370  4.71679e-11  3.10486e-18  6.06182e-29  4.71679e-11  4.78749e-11
    407   4.5452e-11   1.2159e-17  2.17206e-28   4.5452e-11  4.66354e-11
    474  4.22265e-11  8.37549e-17  2.52571e-27  4.22266e-11  4.47881e-11
    513  4.02109e-11  2.04359e-16  1.16242e-26  4.02111e-11  4.39137e-11
    539   3.8797e-11  3.44951e-16  3.23744e-26  3.87973e-11  4.33995e-11
    577  3.66335e-11  6.81623e-16  1.39031e-25  3.66342e-11  4.27328e-11
    700  2.90883e-11  3.75612e-15  8.28242e-24  2.90921e-11  4.10994e-11
    810  2.23633e-11  1.12953e-14  1.41402e-22  2.23746e-11  4.00917e-11
    906  1.71241e-11  2.40046e-14  1.04093e-21  1.71481e-11  3.94261e-11
   1050  1.08979e-11  5.85055e-14  1.14235e-20  1.09564e-11  3.86629e-11
   1200  6.48887e-12  1.20318e-13  8.08622e-20  6.60919e-12  3.80621e-11
   1350  3.74124e-12  2.14429e-13  3.90628e-19  3.95567e-12  3.75937e-11
   1525  1.92002e-12  3.70614e-13  1.74115e-18  2.29064e-12  3.71668e-11
   1700  9.71215e-13  5.80182e-13  5.93398e-18   1.5514e-12  3.68358e-11
   1900  4.43063e-13  8.85962e-13  1.89452e-17  1.32904e-12  3.65441e-11
   2000  3.00015e-13   1.0647e-12  3.14011e-17  1.36474e-12  3.64248e-11
   2200  1.38385e-13  1.47084e-12  7.65969e-17   1.6093e-12  3.62259e-11
   2600  3.12383e-14  2.45353e-12  3.18805e-16  2.48509e-12  3.59326e-11

   Pressure = 1 atm

   T(K)       P2->W1       P2->P1       P2->P3         P2->      Capture
    296  7.43201e-11  1.14355e-10  1.83502e-25  1.88675e-10  1.88753e-10
    370  5.61549e-11  1.41014e-10  1.03258e-24  1.97169e-10  1.97281e-10
    407  4.80859e-11  1.53004e-10  2.92788e-24   2.0109e-10  2.01215e-10
    474  3.57066e-11  1.71943e-10  2.37131e-23   2.0765e-10  2.07824e-10
    513  2.97842e-11  1.81404e-10  8.02986e-23  2.11188e-10  2.11392e-10
    539  2.63053e-11  1.87131e-10  1.75212e-22  2.13436e-10  2.13666e-10
    577  2.18743e-11  1.94688e-10  5.14374e-22  2.16562e-10  2.16851e-10
    700  1.18062e-11  2.13852e-10  9.83146e-21  2.25658e-10  2.26165e-10
    810  6.68996e-12    2.259e-10   7.7277e-20   2.3259e-10  2.33424e-10
    906  4.05508e-12  2.33801e-10  3.37734e-19  2.37856e-10  2.39096e-10
   1050  1.91113e-12  2.42667e-10  2.05346e-18  2.44578e-10  2.46663e-10
   1200  8.77925e-13  2.49389e-10  9.27784e-18  2.50267e-10  2.53582e-10
   1350   4.0809e-13  2.54378e-10  3.20071e-17  2.54786e-10  2.59714e-10
   1525  1.70138e-13  2.58583e-10   1.0597e-16  2.58753e-10  2.66071e-10
   1700  7.25246e-14  2.61403e-10  2.87862e-16  2.61475e-10  2.71731e-10
   1900    2.816e-14  2.63221e-10  7.52615e-16   2.6325e-10  2.77507e-10
   2000  1.77902e-14  2.63642e-10  1.14893e-15  2.63661e-10   2.8016e-10
   2200  7.27562e-15  2.63635e-10  2.44124e-15  2.63644e-10  2.85072e-10
   2600  1.36732e-15  2.60815e-10  8.30735e-15  2.60825e-10  2.93609e-10

   Pressure = 1 atm

   T(K)       P3->W1       P3->P1       P3->P2         P3->      Capture
    296  1.97137e-59  6.76024e-63  1.57512e-67  1.97204e-59  2.26968e-56
    370  3.33454e-53  8.27082e-55  3.10205e-58  3.41727e-53  1.02891e-52
    407  6.93004e-51  1.05551e-51  1.13068e-54  7.98668e-51  1.04703e-50
    474  2.23165e-47  4.99785e-47  2.28567e-49  7.25236e-47  7.28769e-47
    513  1.17282e-45  1.07049e-44  8.33059e-47  1.19611e-44  1.19635e-44
    539  1.26004e-44  2.83313e-43  2.82644e-45   2.9874e-43  2.98735e-43
    577  2.86976e-43  2.26823e-41  2.93806e-43  2.32631e-41  2.32618e-41
    700  7.63061e-40   1.9723e-36  4.11205e-38  2.01418e-36  2.01399e-36
    810  1.14928e-37  3.46039e-33  9.45579e-35  3.55506e-33  3.55463e-33
    906  3.24945e-36  5.74841e-31  1.91492e-32  5.93994e-31  5.93908e-31
   1050  1.44277e-34  2.29863e-28   9.9619e-30  2.39825e-28  2.39784e-28
   1200  2.62801e-33  2.72162e-26  1.50655e-27  2.87228e-26  2.87174e-26
   1350  2.35709e-32  1.16601e-24  8.05359e-26  1.24655e-24  1.24631e-24
   1525  1.67553e-31  3.82307e-23  3.33486e-24  4.15656e-23  4.15582e-23
   1700  7.69296e-31  6.31274e-22  6.79688e-23  6.99242e-22  6.99143e-22
   1900  3.06261e-30  8.51623e-21  1.13872e-21  9.65494e-21  9.65421e-21
   2000   5.5026e-30  2.59875e-20  3.83993e-21  2.98275e-20  2.98265e-20
   2200  1.50256e-29  1.81291e-19  3.22358e-20  2.13526e-19  2.13543e-19
   2600  6.96296e-29  3.76067e-18  9.21853e-19  4.68252e-18  4.68436e-18

______________________________________________________________________________________

Temperature-Pressure Rate Tables:

W1->P1

P\T              296          370          407          474          513          539          577          700          810          906         1050         1200         1350         1525         1700         1900         2000         2200         2600
1        2.72733e-50   5.0043e-37  3.40313e-32  2.33095e-25  3.33674e-22  2.35423e-20  5.89637e-18  5.19449e-12  2.82945e-08  8.48201e-06   0.00530278     0.695539      26.0385      600.993      6102.89      42643.4      91467.3       306299  1.46153e+06
O-O      2.73817e-50  5.07931e-37  3.49174e-32  2.47235e-25    3.644e-22  2.63352e-20  6.87809e-18  7.33938e-12  5.07247e-08  1.95286e-05    0.0188125      4.07953      261.584      11625.3       231035  3.49946e+06  1.10114e+07  7.85686e+07  1.54105e+09

W1->P2

P\T              296          370          407          474          513          539          577          700          810          906         1050         1200         1350         1525         1700         1900         2000         2200         2600
1        2.55051e-59  1.31179e-44  2.86115e-39   9.6011e-32  2.78426e-28  2.94243e-26  1.23266e-23  3.70307e-17  4.23223e-13  2.06223e-10  2.24202e-07  4.54009e-05    0.0023942    0.0763281      1.01149       9.1225      21.9036      89.8442      601.797
O-O      6.47761e-59  4.60852e-44  1.19725e-38  5.58815e-31  1.97611e-27     2.39e-25    1.222e-22  7.09373e-16   1.4767e-11  1.21593e-08  2.89363e-05    0.0131126      1.52334       119.28       3782.7        89444       342029  3.44943e+06  1.18456e+08

W1->P3

P\T              296          370          407          474          513          539          577          700          810          906         1050         1200         1350         1525         1700         1900         2000         2200         2600
1        7.88161e-66  2.59291e-53  1.06776e-48  6.22547e-42  1.05679e-38  8.73717e-37  2.83123e-34  5.72227e-28  5.94188e-24  2.91456e-21  3.48892e-18  8.36945e-16  5.49589e-14  2.38858e-12  4.54404e-11  6.55738e-10  2.02708e-09  1.40516e-08  2.76169e-07
O-O       9.0743e-63  8.00071e-53  1.61323e-48    2.033e-41  1.07799e-37  2.07144e-35  2.29495e-32  1.51031e-24  1.83777e-19  5.32696e-16  5.79831e-12  9.14492e-09  2.90525e-06  0.000592012    0.0412195      2.05661       10.895      195.683        17031

P1->W1

P\T              296          370          407          474          513          539          577          700          810          906         1050         1200         1350         1525         1700         1900         2000         2200         2600
1        5.06646e-11  4.71679e-11   4.5452e-11  4.22265e-11  4.02109e-11   3.8797e-11  3.66335e-11  2.90883e-11  2.23633e-11  1.71241e-11  1.08979e-11  6.48887e-12  3.74124e-12  1.92002e-12  9.71215e-13  4.43063e-13  3.00015e-13  1.38385e-13  3.12383e-14
O-O       5.0866e-11  4.78749e-11  4.66354e-11  4.47881e-11  4.39137e-11  4.33995e-11  4.27328e-11  4.10994e-11  4.00917e-11  3.94261e-11  3.86629e-11  3.80621e-11  3.75937e-11  3.71668e-11  3.68358e-11  3.65441e-11  3.64248e-11  3.62259e-11  3.59326e-11

P1->P2

P\T              296          370          407          474          513          539          577          700          810          906         1050         1200         1350         1525         1700         1900         2000         2200         2600
1        7.29024e-20  3.10486e-18   1.2159e-17  8.37549e-17  2.04359e-16  3.44951e-16  6.81623e-16  3.75612e-15  1.12953e-14  2.40046e-14  5.85055e-14  1.20318e-13  2.14429e-13  3.70614e-13  5.80182e-13  8.85962e-13   1.0647e-12  1.47084e-12  2.45353e-12
O-O              ***          ***          ***          ***          ***          ***          ***          ***          ***          ***          ***          ***          ***          ***          ***          ***          ***          ***          ***

P1->P3

P\T              296          370          407          474          513          539          577          700          810          906         1050         1200         1350         1525         1700         1900         2000         2200         2600
1        5.02084e-30  6.06182e-29  2.17206e-28  2.52571e-27  1.16242e-26  3.23744e-26  1.39031e-25  8.28242e-24  1.41402e-22  1.04093e-21  1.14235e-20  8.08622e-20  3.90628e-19  1.74115e-18  5.93398e-18  1.89452e-17  3.14011e-17  7.65969e-17  3.18805e-16
O-O              ***          ***          ***          ***          ***          ***          ***          ***          ***          ***          ***          ***          ***          ***          ***          ***          ***          ***          ***

P2->W1

P\T              296          370          407          474          513          539          577          700          810          906         1050         1200         1350         1525         1700         1900         2000         2200         2600
1        7.43201e-11  5.61549e-11  4.80859e-11  3.57066e-11  2.97842e-11  2.63053e-11  2.18743e-11  1.18062e-11  6.68996e-12  4.05508e-12  1.91113e-12  8.77925e-13   4.0809e-13  1.70138e-13  7.25246e-14    2.816e-14  1.77902e-14  7.27562e-15  1.36732e-15
O-O      1.88753e-10  1.97281e-10  2.01215e-10  2.07824e-10  2.11392e-10  2.13666e-10  2.16851e-10  2.26165e-10  2.33424e-10  2.39096e-10  2.46663e-10  2.53582e-10  2.59714e-10  2.66071e-10  2.71731e-10  2.77507e-10   2.8016e-10  2.85072e-10  2.93609e-10

P2->P1

P\T              296          370          407          474          513          539          577          700          810          906         1050         1200         1350         1525         1700         1900         2000         2200         2600
1        1.14355e-10  1.41014e-10  1.53004e-10  1.71943e-10  1.81404e-10  1.87131e-10  1.94688e-10  2.13852e-10    2.259e-10  2.33801e-10  2.42667e-10  2.49389e-10  2.54378e-10  2.58583e-10  2.61403e-10  2.63221e-10  2.63642e-10  2.63635e-10  2.60815e-10
O-O              ***          ***          ***          ***          ***          ***          ***          ***          ***          ***          ***          ***          ***          ***          ***          ***          ***          ***          ***

P2->P3

P\T              296          370          407          474          513          539          577          700          810          906         1050         1200         1350         1525         1700         1900         2000         2200         2600
1        1.83502e-25  1.03258e-24  2.92788e-24  2.37131e-23  8.02986e-23  1.75212e-22  5.14374e-22  9.83146e-21   7.7277e-20  3.37734e-19  2.05346e-18  9.27784e-18  3.20071e-17   1.0597e-16  2.87862e-16  7.52615e-16  1.14893e-15  2.44124e-15  8.30735e-15
O-O              ***          ***          ***          ***          ***          ***          ***          ***          ***          ***          ***          ***          ***          ***          ***          ***          ***          ***          ***

P3->W1

P\T              296          370          407          474          513          539          577          700          810          906         1050         1200         1350         1525         1700         1900         2000         2200         2600
1        1.97137e-59  3.33454e-53  6.93004e-51  2.23165e-47  1.17282e-45  1.26004e-44  2.86976e-43  7.63061e-40  1.14928e-37  3.24945e-36  1.44277e-34  2.62801e-33  2.35709e-32  1.67553e-31  7.69296e-31  3.06261e-30   5.5026e-30  1.50256e-29  6.96296e-29
O-O      2.26968e-56  1.02891e-52  1.04703e-50  7.28769e-47  1.19635e-44  2.98735e-43  2.32618e-41  2.01399e-36  3.55463e-33  5.93908e-31  2.39784e-28  2.87174e-26  1.24631e-24  4.15582e-23  6.99143e-22  9.65421e-21  2.98265e-20  2.13543e-19  4.68436e-18

P3->P1

P\T              296          370          407          474          513          539          577          700          810          906         1050         1200         1350         1525         1700         1900         2000         2200         2600
1        6.76024e-63  8.27082e-55  1.05551e-51  4.99785e-47  1.07049e-44  2.83313e-43  2.26823e-41   1.9723e-36  3.46039e-33  5.74841e-31  2.29863e-28  2.72162e-26  1.16601e-24  3.82307e-23  6.31274e-22  8.51623e-21  2.59875e-20  1.81291e-19  3.76067e-18
O-O              ***          ***          ***          ***          ***          ***          ***          ***          ***          ***          ***          ***          ***          ***          ***          ***          ***          ***          ***

P3->P2

P\T              296          370          407          474          513          539          577          700          810          906         1050         1200         1350         1525         1700         1900         2000         2200         2600
1        1.57512e-67  3.10205e-58  1.13068e-54  2.28567e-49  8.33059e-47  2.82644e-45  2.93806e-43  4.11205e-38  9.45579e-35  1.91492e-32   9.9619e-30  1.50655e-27  8.05359e-26  3.33486e-24  6.79688e-23  1.13872e-21  3.83993e-21  3.22358e-20  9.21853e-19
O-O              ***          ***          ***          ***          ***          ***          ***          ***          ***          ***          ***          ***          ***          ***          ***          ***          ***          ***          ***

W1-> 

P\T              296          370          407          474          513          539          577          700          810          906         1050         1200         1350         1525         1700         1900         2000         2200         2600
1        2.72733e-50   5.0043e-37  3.40313e-32  2.33095e-25  3.33674e-22  2.35424e-20  5.89638e-18  5.19453e-12  2.82949e-08  8.48221e-06   0.00530301     0.695585      26.0409      601.069      6103.91      42652.5      91489.2       306389  1.46214e+06
O-O      2.73817e-50  5.07931e-37  3.49174e-32  2.47236e-25  3.64402e-22  2.63354e-20  6.87821e-18  7.34008e-12  5.07394e-08  1.95408e-05    0.0188414      4.09264      263.107      11744.6       234818  3.58891e+06  1.13535e+07  8.20182e+07  1.65953e+09

P1-> 

P\T              296          370          407          474          513          539          577          700          810          906         1050         1200         1350         1525         1700         1900         2000         2200         2600
1        5.06646e-11  4.71679e-11   4.5452e-11  4.22266e-11  4.02111e-11  3.87973e-11  3.66342e-11  2.90921e-11  2.23746e-11  1.71481e-11  1.09564e-11  6.60919e-12  3.95567e-12  2.29064e-12   1.5514e-12  1.32904e-12  1.36474e-12   1.6093e-12  2.48509e-12
O-O       5.0866e-11  4.78749e-11  4.66354e-11  4.47881e-11  4.39137e-11  4.33995e-11  4.27328e-11  4.10994e-11  4.00917e-11  3.94261e-11  3.86629e-11  3.80621e-11  3.75937e-11  3.71668e-11  3.68358e-11  3.65441e-11  3.64248e-11  3.62259e-11  3.59326e-11

P2-> 

P\T              296          370          407          474          513          539          577          700          810          906         1050         1200         1350         1525         1700         1900         2000         2200         2600
1        1.88675e-10  1.97169e-10   2.0109e-10   2.0765e-10  2.11188e-10  2.13436e-10  2.16562e-10  2.25658e-10   2.3259e-10  2.37856e-10  2.44578e-10  2.50267e-10  2.54786e-10  2.58753e-10  2.61475e-10   2.6325e-10  2.63661e-10  2.63644e-10  2.60825e-10
O-O      1.88753e-10  1.97281e-10  2.01215e-10  2.07824e-10  2.11392e-10  2.13666e-10  2.16851e-10  2.26165e-10  2.33424e-10  2.39096e-10  2.46663e-10  2.53582e-10  2.59714e-10  2.66071e-10  2.71731e-10  2.77507e-10   2.8016e-10  2.85072e-10  2.93609e-10

P3-> 

P\T              296          370          407          474          513          539          577          700          810          906         1050         1200         1350         1525         1700         1900         2000         2200         2600
1        1.97204e-59  3.41727e-53  7.98668e-51  7.25236e-47  1.19611e-44   2.9874e-43  2.32631e-41  2.01418e-36  3.55506e-33  5.93994e-31  2.39825e-28  2.87228e-26  1.24655e-24  4.15656e-23  6.99242e-22  9.65494e-21  2.98275e-20  2.13526e-19  4.68252e-18
O-O      2.26968e-56  1.02891e-52  1.04703e-50  7.28769e-47  1.19635e-44  2.98735e-43  2.32618e-41  2.01399e-36  3.55463e-33  5.93908e-31  2.39784e-28  2.87174e-26  1.24631e-24  4.15582e-23  6.99143e-22  9.65421e-21  2.98265e-20  2.13543e-19  4.68436e-18

