Wells (G - ground energy, D - dissociation limit, kcal/mol):
      Name        G        D
        W1    -90.3     -4.4

Bimolecular Products (G - ground energy, kcal/mol):
      Name        G
         R      0.0
        P1      0.6
        P2    -13.1
        P3    -17.7
        P4    -69.8
        P5      4.3
        P6     13.5

Well-to-Bimolecular Barriers (H/G - barrier height/well depth, kcal/mol)
      Name        H     Well        G  Product
        B1      0.0       W1    -90.3        R
        B2      0.6       W1    -90.3       P1
        B3     -1.5       W1    -90.3       P2
        B4     -4.4       W1    -90.3       P3
        B5     -0.1       W1    -90.3       P4
        B6      4.3       W1    -90.3       P5
        B7     13.5       W1    -90.3       P6

________________________________________________________________________________________

Unimolecular Rate Units: 1/sec;  Bimolecular Rate Units: cm^3/sec

______________________________________________________________________________________

Species-Species Rate Tables:

Temperature = 300 K

High Pressure Rate Coefficients:

From\To            W1            R           P1           P2           P3           P4           P5           P6
W1                ***   2.1754e-51  1.11172e-51  2.30854e-52  3.34047e-50  2.65057e-44  3.87293e-55  2.95124e-62
R         9.35455e-11          ***          ***          ***          ***          ***          ***          ***
P1        1.44505e-10          ***          ***          ***          ***          ***          ***          ***
P2        3.05168e-20          ***          ***          ***          ***          ***          ***          ***
P3        1.88554e-21          ***          ***          ***          ***          ***          ***          ***
P4        3.38421e-53          ***          ***          ***          ***          ***          ***          ***
P5         2.8706e-10          ***          ***          ***          ***          ***          ***          ***
P6        1.76774e-10          ***          ***          ***          ***          ***          ***          ***

Temperature = 300 K    Pressure = 0.1 atm

From\To            W1            R           P1           P2           P3           P4           P5           P6
W1        2.65057e-44  1.28353e-51  7.21132e-52  2.19124e-52  3.32887e-50  2.65057e-44  9.44138e-57  4.71083e-73
R         5.51935e-11  6.81387e-11  1.04621e-11  2.80403e-13  2.13345e-12  5.57238e-14  1.35596e-14  1.11045e-21
P1        9.37346e-11  3.16244e-11  1.29219e-10  4.14451e-13  3.35354e-12  8.51693e-14  6.77837e-15  2.53834e-22
P2        2.89662e-20   8.6199e-22  4.21492e-22  3.04969e-20   2.4177e-22  5.26552e-24  2.20657e-25  1.91407e-32
P3          1.879e-21  2.80046e-24  1.45629e-24  1.03236e-25   1.8834e-21  4.31366e-26  4.02119e-28  1.99817e-35
P4        3.38421e-53  1.65453e-63  8.36597e-64  5.08578e-65  9.75743e-64  3.38421e-53  3.24815e-67  2.40664e-74
P5         6.9979e-12   2.3372e-10  3.86521e-11  1.23722e-12   5.2803e-12  1.88561e-13  2.86076e-10  9.08233e-19
P6         2.8217e-21  1.54679e-10  1.16971e-11  8.67303e-13   2.1204e-12  1.12904e-13  7.33971e-12  1.76817e-10

Temperature = 300 K    Pressure = 0.2 atm

From\To            W1            R           P1           P2           P3           P4           P5           P6
W1        2.65057e-44  1.53373e-51  8.47884e-52  2.23261e-52  3.33351e-50  2.65057e-44   2.9806e-56  3.31349e-71
R         6.59525e-11  7.48329e-11  7.24318e-12  1.90807e-13  1.39653e-12  3.71457e-14  1.27662e-14  1.11049e-21
P1         1.1021e-10  2.18943e-11  1.34521e-10   2.6599e-13  2.09048e-12  5.37938e-14  6.57277e-15  2.53927e-22
P2         2.9513e-20  5.86561e-22  2.70509e-22  3.05053e-20   1.3207e-22  2.93193e-24  2.11223e-25  1.91353e-32
P3        1.88162e-21  1.83314e-24  9.07802e-25  5.63938e-26  1.88444e-21  2.25264e-26  3.93073e-28  1.99836e-35
P4        3.38421e-53  1.10292e-63  5.28403e-64  2.83185e-65  5.09542e-64  3.38421e-53  3.13467e-67  2.40608e-74
P5        2.20921e-11  2.20045e-10  3.74797e-11  1.18433e-12  5.16151e-12  1.81973e-13  2.86145e-10  9.07053e-19
P6        1.98472e-19  1.54685e-10  1.17014e-11  8.67057e-13   2.1206e-12  1.12877e-13  7.33017e-12  1.76817e-10

Temperature = 300 K    Pressure = 0.3 atm

From\To            W1            R           P1           P2           P3           P4           P5           P6
W1        2.65057e-44  1.66318e-51  9.08664e-52  2.25102e-52  3.33539e-50  2.65057e-44    5.099e-56  4.01866e-70
R         7.15192e-11  7.84176e-11  5.64911e-12  1.48043e-13  1.06084e-12  2.85035e-14  1.19833e-14  1.11053e-21
P1         1.1811e-10  1.70758e-11  1.36974e-10  1.99392e-13  1.54223e-12  3.99769e-14  6.24909e-15  2.54021e-22
P2        2.97564e-20  4.55101e-22   2.0278e-22  3.05085e-20  9.19756e-23  2.06268e-24  1.99861e-25  1.91299e-32
P3        1.88268e-21  1.39251e-24  6.69719e-25  3.92735e-26  1.88479e-21   1.5343e-26  3.75483e-28  1.99855e-35
P4        3.38421e-53  8.46318e-64  3.92683e-64  1.99227e-65  3.47057e-64  3.38421e-53  2.97716e-67  2.40553e-74
P5        3.77935e-11  2.06551e-10   3.5634e-11  1.12062e-12  4.93054e-12  1.72829e-13  2.86203e-10  9.05865e-19
P6        2.40711e-18   1.5469e-10  1.17057e-11   8.6681e-13   2.1208e-12  1.12851e-13  7.32057e-12  1.76817e-10

Temperature = 300 K    Pressure = 0.4 atm

From\To            W1            R           P1           P2           P3           P4           P5           P6
W1        2.65057e-44  1.74518e-51  9.45392e-52   2.2618e-52  3.33644e-50  2.65057e-44  7.06124e-56  2.31452e-69
R         7.50454e-11  8.07328e-11  4.66803e-12  1.22098e-13  8.62653e-13  2.33369e-14   1.1272e-14  1.11057e-21
P1        1.22884e-10  1.41103e-11  1.38422e-10  1.60603e-13  1.22909e-12  3.20164e-14  5.91386e-15  2.54117e-22
P2         2.9899e-20  3.75343e-22  1.63332e-22  3.05103e-20  7.08872e-23  1.60032e-24   1.8881e-25  1.91244e-32
P3        1.88327e-21  1.13235e-24  5.33739e-25  3.02688e-26  1.88497e-21  1.16622e-26  3.56433e-28  1.99875e-35
P4        3.38421e-53  6.92914e-64  3.14489e-64   1.5457e-65  2.63796e-64  3.38421e-53  2.81792e-67  2.40496e-74
P5        5.23376e-11   1.9429e-10  3.37224e-11  1.05866e-12  4.68038e-12  1.63585e-13  2.86253e-10  9.04669e-19
P6        1.38636e-17  1.54695e-10  1.17102e-11  8.66562e-13  2.12102e-12  1.12825e-13   7.3109e-12  1.76817e-10

Temperature = 300 K    Pressure = 0.5 atm

From\To            W1            R           P1           P2           P3           P4           P5           P6
W1        2.65057e-44  1.80269e-51  9.70298e-52  2.26899e-52  3.33711e-50  2.65057e-44  8.82819e-56  8.79033e-69
R         7.75184e-11  8.23778e-11  3.99439e-12  1.04411e-13  7.30072e-13  1.98501e-14  1.06374e-14  1.11061e-21
P1        1.26122e-10   1.2074e-11  1.39388e-10  1.34936e-13   1.0247e-12  2.67881e-14   5.5969e-15  2.54215e-22
P2        2.99939e-20   3.2097e-22  1.37228e-22  3.05114e-20  5.77992e-23  1.31111e-24  1.78626e-25  1.91189e-32
P3        1.88365e-21  9.58323e-25  4.44979e-25  2.46802e-26  1.88509e-21  9.41716e-27  3.38064e-28  1.99896e-35
P4        3.38421e-53  5.89384e-64  2.63133e-64  1.26636e-65  2.13015e-64  3.38421e-53  2.66864e-67   2.4044e-74
P5        6.54341e-11  1.83352e-10   3.1915e-11  1.00156e-12  4.43918e-12  1.54919e-13  2.86297e-10  9.03465e-19
P6        5.26525e-17    1.547e-10  1.17147e-11  8.66313e-13  2.12124e-12  1.12799e-13  7.30118e-12  1.76817e-10

Temperature = 300 K    Pressure = 0.6 atm

From\To            W1            R           P1           P2           P3           P4           P5           P6
W1        2.65057e-44  1.84564e-51  9.88423e-52  2.27416e-52  3.33759e-50  2.65057e-44  1.04098e-55  2.55764e-68
R         7.93652e-11  8.36181e-11  3.49964e-12   9.1472e-14  6.34458e-13  1.73186e-14  1.00724e-14  1.11064e-21
P1        1.28478e-10  1.05785e-11  1.40081e-10  1.16588e-13  8.80087e-13  2.30719e-14  5.30578e-15  2.54316e-22
P2        3.00623e-20  2.81194e-22  1.18569e-22  3.05122e-20  4.88552e-23  1.11231e-24   1.6939e-25  1.91133e-32
P3        1.88392e-21  8.32816e-25  3.82181e-25  2.08612e-26  1.88516e-21  7.90242e-27  3.21006e-28  1.99918e-35
P4        3.38421e-53  5.14219e-64   2.2663e-64  1.07434e-65  1.78751e-64  3.38421e-53    2.532e-67  2.40384e-74
P5        7.71567e-11  1.73613e-10   3.0255e-11   9.4977e-13  4.21518e-12  1.46987e-13  2.86336e-10  9.02254e-19
P6        1.53198e-16  1.54706e-10  1.17193e-11  8.66062e-13  2.12147e-12  1.12772e-13  7.29139e-12  1.76817e-10

Temperature = 300 K    Pressure = 0.7 atm

From\To            W1            R           P1           P2           P3           P4           P5           P6
W1        2.65057e-44  1.87912e-51  1.00226e-51  2.27808e-52  3.33794e-50  2.65057e-44  1.18272e-55  6.18587e-68
R         8.08047e-11  8.45923e-11  3.11915e-12  8.15446e-14  5.61924e-13  1.53878e-14  9.56759e-15  1.11068e-21
P1        1.30277e-10  9.42839e-12  1.40605e-10  1.02771e-13  7.72073e-13  2.02857e-14  5.04094e-15  2.54418e-22
P2        3.01141e-20  2.50677e-22  1.04517e-22  3.05128e-20  4.23434e-23  9.66876e-25  1.61045e-25  1.91078e-32
P3        1.88412e-21  7.37605e-25  3.35276e-25  1.80806e-26  1.88521e-21  6.81036e-27  3.05376e-28   1.9994e-35
P4        3.38421e-53  4.56891e-64  1.99262e-64  9.33872e-66  1.54049e-64  3.38421e-53  2.40787e-67  2.40328e-74
P5        8.76623e-11  1.64912e-10  2.87448e-11  9.02981e-13  4.00995e-12  1.39781e-13  2.86372e-10  9.01034e-19
P6        3.70523e-16  1.54711e-10   1.1724e-11  8.65809e-13  2.12171e-12  1.12746e-13  7.28153e-12  1.76817e-10

Temperature = 300 K    Pressure = 0.8 atm

From\To            W1            R           P1           P2           P3           P4           P5           P6
W1        2.65057e-44  1.90605e-51  1.01321e-51  2.28116e-52  3.33821e-50  2.65057e-44  1.31022e-55  1.30665e-67
R         8.19627e-11  8.53807e-11  2.81652e-12  7.36599e-14  5.04847e-13  1.38618e-14  9.11442e-15  1.11071e-21
P1        1.31699e-10  8.51363e-12  1.41016e-10   9.1966e-14  6.88168e-13  1.81148e-14  4.80047e-15  2.54523e-22
P2        3.01549e-20  2.26438e-22  9.35286e-23  3.05132e-20  3.73838e-23  8.55688e-25  1.53498e-25  1.91021e-32
P3        1.88427e-21  6.62683e-25   2.9884e-25  1.59629e-26  1.88525e-21   5.9852e-27  2.91115e-28  1.99964e-35
P4        3.38421e-53  4.11579e-64  1.77937e-64  8.26479e-66  1.35384e-64  3.38421e-53  2.29522e-67  2.40272e-74
P5        9.71129e-11  1.57101e-10  2.73736e-11  8.60662e-13  3.82268e-12  1.33241e-13  2.86404e-10  8.99805e-19
P6        7.82661e-16  1.54715e-10  1.17289e-11  8.65554e-13  2.12195e-12  1.12719e-13   7.2716e-12  1.76817e-10

Temperature = 300 K    Pressure = 0.9 atm

From\To            W1            R           P1           P2           P3           P4           P5           P6
W1        2.65057e-44  1.92823e-51  1.02209e-51  2.28365e-52  3.33843e-50  2.65057e-44  1.42545e-55  2.48954e-67
R         8.29168e-11  8.60336e-11  2.56955e-12  6.72306e-14  4.58668e-13  1.26224e-14  8.70544e-15  1.11075e-21
P1        1.32854e-10   7.7671e-12  1.41347e-10  8.32708e-14  6.21025e-13  1.63731e-14  4.58188e-15  2.54629e-22
P2        3.01878e-20  2.06674e-22  8.46856e-23  3.05136e-20  3.34772e-23  7.67821e-25  1.46651e-25  1.90965e-32
P3        1.88439e-21  6.02066e-25  2.69683e-25  1.42947e-26  1.88529e-21  5.33944e-27  2.78104e-28  1.99987e-35
P4        3.38421e-53  3.74782e-64  1.60829e-64  7.41611e-66  1.20777e-64  3.38421e-53  2.19279e-67  2.40215e-74
P5        1.05653e-10  1.50051e-10  2.61271e-11  8.22275e-13  3.65183e-12  1.27295e-13  2.86433e-10  8.98568e-19
P6        1.49119e-15   1.5472e-10  1.17338e-11  8.65297e-13  2.12221e-12  1.12693e-13   7.2616e-12  1.76817e-10

Temperature = 300 K    Pressure = 1 atm

From\To            W1            R           P1           P2           P3           P4           P5           P6
W1        2.65057e-44  1.94687e-51  1.02947e-51  2.28572e-52  3.33861e-50  2.65057e-44  1.53007e-55  4.37432e-67
R         8.37182e-11  8.65843e-11  2.36386e-12  6.18784e-14  4.20482e-13  1.15943e-14  8.33442e-15  1.11077e-21
P1        1.33813e-10  7.14536e-12  1.41619e-10  7.61141e-14  5.66027e-13  1.49432e-14  4.38265e-15  2.54738e-22
P2        3.02151e-20  1.90221e-22  7.74073e-23  3.05139e-20  3.03183e-23  6.96575e-25  1.40419e-25  1.90907e-32
P3        1.88449e-21  5.51942e-25    2.458e-25  1.29459e-26  1.88531e-21  4.82015e-27  2.66211e-28  2.00012e-35
P4        3.38421e-53  3.44255e-64  1.46784e-64  6.72797e-66  1.09031e-64  3.38421e-53  2.09939e-67  2.40158e-74
P5        1.13408e-10  1.43656e-10   2.4991e-11  7.87327e-13  3.49566e-12  1.21873e-13   2.8646e-10  8.97321e-19
P6        2.62014e-15  1.54724e-10  1.17388e-11  8.65037e-13  2.12247e-12  1.12666e-13  7.25152e-12  1.76817e-10

Temperature = 300 K    Pressure = 1.5 atm

From\To            W1            R           P1           P2           P3           P4           P5           P6
W1        2.65057e-44  2.00848e-51  1.05322e-51  2.29232e-52  3.33917e-50  2.65057e-44  1.93626e-55  3.36295e-66
R         8.63677e-11  8.84213e-11  1.69577e-12  4.44953e-14  2.98172e-13  8.27903e-15  6.89557e-15  1.11083e-21
P1          1.369e-10  5.12588e-12  1.42486e-10  5.34159e-14  3.93306e-13  1.04322e-14    3.606e-15  2.55305e-22
P2        3.03024e-20  1.36783e-22  5.43234e-23  3.05148e-20   2.0639e-23  4.77026e-25  1.16119e-25  1.90606e-32
P3        1.88481e-21  3.91393e-25  1.70795e-25  8.81283e-27  1.88539e-21  3.24623e-27  2.19609e-28  2.00139e-35
P4        3.38421e-53  2.45819e-64  1.02473e-64  4.60743e-66  7.34291e-65  3.38421e-53  1.73451e-67  2.39862e-74
P5        1.43515e-10  1.18856e-10  2.05624e-11  6.51081e-13  2.88372e-12  1.00691e-13  2.86568e-10   8.9094e-19
P6        2.01434e-14  1.54732e-10  1.17649e-11  8.63672e-13  2.12381e-12  1.12527e-13  7.19996e-12  1.76817e-10

Temperature = 300 K    Pressure = 2 atm

From\To            W1            R           P1           P2           P3           P4           P5           P6
W1        2.65057e-44  2.04332e-51  1.06619e-51  2.29591e-52  3.33947e-50  2.65057e-44  2.21625e-55  1.24376e-65
R         8.78658e-11  8.94716e-11  1.32678e-12  3.48836e-14  2.31758e-13   6.4628e-15  5.90407e-15  1.11064e-21
P1        1.38587e-10  4.01052e-12  1.42951e-10  4.12518e-14  3.01923e-13  8.03122e-15  3.07081e-15  2.55884e-22
P2        3.03499e-20  1.07236e-22  4.19527e-23  3.05152e-20  1.56668e-23  3.63406e-25  9.93186e-26  1.90266e-32
P3        1.88498e-21  3.04215e-25  1.31111e-25  6.68971e-27  1.88543e-21  2.44891e-27   1.8732e-28  2.00254e-35
P4        3.38421e-53  1.91891e-64  7.88886e-65  3.51001e-66  5.53939e-65  3.38421e-53    1.482e-67  2.39527e-74
P5        1.64267e-10  1.01766e-10  1.75106e-11   5.5688e-13  2.45972e-12  8.60328e-14  2.86646e-10  8.84301e-19
P6        7.44989e-14  1.54705e-10  1.17916e-11  8.62132e-13  2.12504e-12   1.1237e-13  7.14631e-12  1.76817e-10

Temperature = 300 K    Pressure = 2.5 atm

From\To            W1            R           P1           P2           P3           P4           P5           P6
W1        2.65057e-44  2.06589e-51  1.07442e-51  2.29819e-52  3.33966e-50  2.65057e-44  2.42214e-55  3.14758e-65
R         8.88364e-11  9.01569e-11  1.09145e-12  2.87435e-14  1.89831e-13  5.30951e-15  5.17466e-15  1.11005e-21
P1        1.39655e-10  3.29919e-12  1.43243e-10  3.36393e-14  2.45203e-13  6.53518e-15  2.67871e-15  2.56426e-22
P2        3.03799e-20  8.83606e-23  3.42108e-23  3.05155e-20  1.26332e-23  2.93754e-25  8.69557e-26  1.89868e-32
P3        1.88509e-21   2.4918e-25   1.0648e-25  5.39439e-27  1.88545e-21  1.96664e-27   1.6359e-28  2.00327e-35
P4        3.38421e-53  1.57648e-64  6.41934e-65  2.83726e-66   4.4485e-65  3.38421e-53  1.29628e-67  2.39127e-74
P5        1.79528e-10  8.91932e-11  1.52747e-11  4.87561e-13  2.14813e-12  7.52514e-14  2.86706e-10    8.774e-19
P6        1.88535e-13  1.54623e-10  1.18166e-11  8.60327e-13  2.12581e-12  1.12183e-13  7.09054e-12  1.76817e-10

Temperature = 300 K    Pressure = 3 atm

From\To            W1            R           P1           P2           P3           P4           P5           P6
W1        2.65057e-44  2.08177e-51  1.08011e-51  2.29976e-52  3.33979e-50  2.65057e-44  2.58054e-55  6.34765e-65
R          8.9519e-11  9.06413e-11  9.27849e-13  2.44678e-14  1.60883e-13  4.50985e-15  4.61311e-15  1.10896e-21
P1        1.40395e-10  2.80465e-12  1.43443e-10  2.84161e-14  2.06514e-13  5.51188e-15   2.3783e-15  2.56888e-22
P2        3.04007e-20  7.52167e-23  2.88989e-23  3.05157e-20  1.05874e-23   2.4662e-25  7.74439e-26  1.89396e-32
P3        1.88516e-21  2.11181e-25  8.96795e-26  4.52081e-27  1.88546e-21  1.64333e-27  1.45372e-28  2.00331e-35
P4        3.38421e-53  1.33905e-64  5.41418e-65  2.38201e-66  3.71719e-65  3.38421e-53  1.15351e-67   2.3864e-74
P5        1.91268e-10  7.95139e-11  1.35617e-11  4.34228e-13   1.9089e-12  6.69631e-14  2.86754e-10  8.70249e-19
P6        3.80213e-13   1.5447e-10  1.18379e-11  8.58189e-13  2.12586e-12  1.11954e-13  7.03275e-12  1.76817e-10

Temperature = 300 K    Pressure = 3.5 atm

From\To            W1            R           P1           P2           P3           P4           P5           P6
W1        2.65057e-44  2.09357e-51  1.08429e-51  2.30091e-52  3.33988e-50  2.65057e-44  2.70655e-55  1.10335e-64
R         9.00263e-11  9.10027e-11  8.07322e-13  2.13133e-14  1.39663e-13   3.9218e-15  4.16611e-15  1.10728e-21
P1        1.40938e-10  2.44033e-12  1.43588e-10  2.46059e-14  1.78415e-13  4.76713e-15  2.14032e-15  2.57235e-22
P2        3.04159e-20  6.55194e-23   2.5024e-23  3.05159e-20  9.11358e-24  2.12577e-25  6.98794e-26  1.88841e-32
P3        1.88521e-21  1.83328e-25  7.74774e-26  3.89149e-27  1.88548e-21  1.41145e-27  1.30917e-28  2.00247e-35
P4        3.38421e-53  1.16445e-64  4.68263e-65  2.05321e-66  3.19267e-65  3.38421e-53  1.04007e-67   2.3805e-74
P5        2.00608e-10  7.18092e-11  1.22047e-11  3.91814e-13   1.7191e-12  6.03776e-14  2.86793e-10  8.62871e-19
P6        6.60884e-13  1.54237e-10  1.18538e-11  8.55674e-13  2.12496e-12  1.11677e-13  6.97312e-12  1.76817e-10

Temperature = 300 K    Pressure = 4 atm

From\To            W1            R           P1           P2           P3           P4           P5           P6
W1        2.65057e-44  2.10269e-51  1.08749e-51  2.30179e-52  3.33995e-50  2.65057e-44  2.80939e-55   1.7293e-64
R         9.04187e-11   9.1283e-11  7.14749e-13  1.88872e-14  1.23428e-13   3.4707e-15  3.80108e-15    1.105e-21
P1        1.41354e-10  2.16051e-12  1.43699e-10  2.17017e-14  1.57071e-13   4.2005e-15  1.94684e-15  2.57443e-22
P2        3.04276e-20  5.80613e-23  2.20704e-23   3.0516e-20  8.00091e-24  1.86825e-25  6.37081e-26  1.88199e-32
P3        1.88525e-21  1.62016e-25  6.82089e-26  3.41639e-27  1.88548e-21  1.23699e-27  1.19152e-28  2.00061e-35
P4        3.38421e-53  1.03051e-64  4.12604e-65  1.80447e-66  2.79804e-65  3.38421e-53  9.47599e-68   2.3735e-74
P5         2.0823e-10  6.55174e-11  1.11014e-11  3.57212e-13   1.5646e-12  5.50097e-14  2.86826e-10  8.55296e-19
P6        1.03582e-12  1.53919e-10  1.18634e-11  8.52765e-13  2.12299e-12  1.11349e-13   6.9119e-12  1.76817e-10

Temperature = 310 K

High Pressure Rate Coefficients:

From\To            W1            R           P1           P2           P3           P4           P5           P6
W1                ***  3.08839e-49  1.55573e-49  2.76183e-50  3.36928e-48  2.86851e-43  6.78992e-53   8.4246e-60
R         9.31239e-11          ***          ***          ***          ***          ***          ***          ***
P1        1.36955e-10          ***          ***          ***          ***          ***          ***          ***
P2        5.25715e-20          ***          ***          ***          ***          ***          ***          ***
P3        3.52181e-21          ***          ***          ***          ***          ***          ***          ***
P4        1.13908e-52          ***          ***          ***          ***          ***          ***          ***
P5        2.87399e-10          ***          ***          ***          ***          ***          ***          ***
P6        1.77514e-10          ***          ***          ***          ***          ***          ***          ***

Temperature = 310 K    Pressure = 0.1 atm

From\To            W1            R           P1           P2           P3           P4           P5           P6
W1        2.86855e-43  1.74833e-49  9.83702e-50  2.59414e-50  3.35358e-48  2.86851e-43  1.52787e-54  1.77333e-70
R         5.27172e-11  6.60694e-11  1.08378e-11  2.87992e-13  2.15294e-12  5.66964e-14  1.67265e-14  2.22181e-21
P1        8.65975e-11  3.16414e-11  1.21953e-10  4.02737e-13  3.22101e-12  8.22321e-14  7.93025e-15  4.89846e-22
P2        4.93797e-20  1.81805e-21  8.70831e-22  5.25329e-20  4.53721e-22  1.00056e-23  5.55944e-25  7.88825e-32
P3         3.5054e-21   7.4633e-24  3.82454e-24  2.49152e-25  3.51704e-21  9.69058e-26  1.29005e-27  1.05623e-34
P4        1.13908e-52  7.46664e-62  3.70935e-62  2.08731e-63  3.68145e-62  1.13908e-52  1.76098e-65   2.1416e-72
P5        6.46707e-12    2.348e-10    3.813e-11  1.23623e-12  5.22397e-12  1.87706e-13  2.86045e-10  1.49633e-18
P6        3.73658e-21  1.55261e-10  1.17247e-11  8.73192e-13  2.12919e-12  1.13638e-13  7.44885e-12   1.7755e-10

Temperature = 310 K    Pressure = 0.2 atm

From\To            W1            R           P1           P2           P3           P4           P5           P6
W1        2.86855e-43  2.11036e-49  1.16457e-49  2.65145e-50  3.35968e-48  2.86851e-43   4.8534e-54  1.12081e-68
R         6.36333e-11  7.29144e-11  7.59843e-12  1.98966e-13   1.4295e-12  3.83602e-14  1.58139e-14  2.22189e-21
P1        1.02519e-10  2.21838e-11  1.27053e-10  2.61463e-13  2.02847e-12  5.25074e-14  7.71432e-15  4.90019e-22
P2        5.04706e-20  1.25604e-21  5.65357e-22  5.25489e-20  2.50683e-22  5.64508e-24  5.33973e-25  7.88607e-32
P3        3.51177e-21  4.95547e-24  2.40854e-24  1.37657e-25  3.51933e-21  5.10505e-26  1.26436e-27  1.05633e-34
P4        1.13908e-52  5.05185e-62  2.36852e-62  1.17764e-63  1.93941e-62  1.13908e-52  1.70462e-65  2.14111e-72
P5        2.05432e-11   2.2199e-10  3.70917e-11  1.18737e-12  5.11991e-12  1.81698e-13  2.86114e-10  1.49446e-18
P6        2.36165e-19  1.55266e-10  1.17288e-11  8.72952e-13  2.12938e-12  1.13612e-13  7.43953e-12   1.7755e-10

Temperature = 310 K    Pressure = 0.3 atm

From\To            W1            R           P1           P2           P3           P4           P5           P6
W1        2.86855e-43  2.30087e-49  1.25248e-49  2.67743e-50   3.3622e-48  2.86851e-43  8.35194e-54  1.28449e-67
R         6.93779e-11  7.66438e-11  5.97079e-12   1.5575e-13   1.0948e-12  2.96903e-14   1.4904e-14  2.22196e-21
P1        1.10259e-10  1.74319e-11   1.2944e-10  1.97303e-13   1.5051e-12  3.92641e-14  7.36141e-15  4.90195e-22
P2        5.09651e-20  9.83227e-22  4.26624e-22  5.25551e-20  1.75671e-22  4.00055e-24  5.07123e-25  7.88388e-32
P3        3.51441e-21   3.7952e-24  1.78711e-24  9.64662e-26  3.52012e-21  3.49353e-26  1.21192e-27  1.05642e-34
P4        1.13908e-52  3.91007e-62  1.77114e-62  8.34572e-64  1.32719e-62  1.13908e-52  1.62475e-65  2.14062e-72
P5        3.53516e-11  2.09217e-10  3.53949e-11  1.12767e-12  4.90756e-12  1.73185e-13  2.86172e-10  1.49257e-18
P6        2.70654e-18  1.55271e-10  1.17331e-11   8.7271e-13  2.12958e-12  1.13586e-13  7.43014e-12   1.7755e-10

Temperature = 310 K    Pressure = 0.4 atm

From\To            W1            R           P1           P2           P3           P4           P5           P6
W1        2.86855e-43  2.42286e-49  1.30607e-49  2.69281e-50  3.36362e-48  2.86851e-43   1.1622e-53  7.13391e-67
R         7.30562e-11  7.90791e-11  4.95985e-12  1.29252e-13  8.95288e-13  2.44543e-14  1.40701e-14  2.22204e-21
P1        1.14976e-10  1.44804e-11  1.30859e-10  1.59646e-13  1.20418e-12  3.15792e-14   6.9905e-15  4.90375e-22
P2        5.12579e-20   8.1595e-22    3.452e-22  5.25586e-20  1.35957e-22   3.1191e-24  4.80746e-25  7.88169e-32
P3        3.51589e-21  3.10358e-24  1.42981e-24  7.46581e-26  3.52053e-21  2.66365e-26  1.15425e-27  1.05652e-34
P4        1.13908e-52  3.22051e-62  1.42448e-62  6.50689e-64  1.01192e-62  1.13908e-52  1.54308e-65  2.14014e-72
P5        4.91929e-11   1.9751e-10  3.36115e-11  1.06901e-12  4.67402e-12  1.64479e-13  2.86222e-10  1.49067e-18
P6        1.50318e-17  1.55277e-10  1.17374e-11  8.72466e-13  2.12978e-12  1.13561e-13   7.4207e-12   1.7755e-10

Temperature = 310 K    Pressure = 0.5 atm

From\To            W1            R           P1           P2           P3           P4           P5           P6
W1    