Model::init:  starts
   Model::ExponentialKernel::ExponentialKernel:  ... done
   Model::LennardJonesCollision::LennardJonesCollision:  ... done
   WELL: W0
   Model::RRHO::RRHO:  starts
      Model::new_core:  starts
         Model::RigidRotor::RigidRotor:  starts
            molecular geometry will be used to estimate rotational constants
            rotational configuration: nonlinear
            rotational constants[1/cm]:         23.7897       0.601083        0.58627
         Model::RigidRotor::RigidRotor:  done, cpu time[sec] = 0.014378, elapsed time[sec] = 0
      Model::new_core:  done, cpu time[sec] = 0.036131, elapsed time[sec] = 0
      ground state energy, kcal/mol:   0.15
      interpolating states number/density starts
         core state contribution ... done, cpu time[sec] = 0.122243, elapsed time[sec] = 0
         electronic states contribution ... done, cpu time[sec] = 0.013446, elapsed time[sec] = 0
         vibrational modes contribution ... done, cpu time[sec] = 0.02714, elapsed time[sec] = 0
         effective power exponent at 399.849 kcal/mol = 6.36045
      interpolating states number/density done, cpu time[sec] = 1.25895, elapsed time[sec] = 0
   Model::RRHO::RRHO:  done, cpu time[sec] = 1.33238, elapsed time[sec] = 0
   WELL: W1
   Model::RRHO::RRHO:  starts
      Model::new_core:  starts
         Model::RigidRotor::RigidRotor:  starts
            molecular geometry will be used to estimate rotational constants
            rotational configuration: nonlinear
            rotational constants[1/cm]:         2.27757        1.07738         0.7314
         Model::RigidRotor::RigidRotor:  done, cpu time[sec] = 0.012777, elapsed time[sec] = 0
      Model::new_core:  done, cpu time[sec] = 0.036047, elapsed time[sec] = 0
      ground state energy, kcal/mol:   0.19
      interpolating states number/density starts
         core state contribution ... done, cpu time[sec] = 0.12454, elapsed time[sec] = 0
         electronic states contribution ... done, cpu time[sec] = 0.014233, elapsed time[sec] = 0
         vibrational modes contribution ... done, cpu time[sec] = 0.02904, elapsed time[sec] = 0
         effective power exponent at 399.809 kcal/mol = 6.35945
      interpolating states number/density done, cpu time[sec] = 1.23289, elapsed time[sec] = 0
   Model::RRHO::RRHO:  done, cpu time[sec] = 1.30757, elapsed time[sec] = 0
   WELL: W2
   Model::RRHO::RRHO:  starts
      Model::new_core:  starts
         Model::RigidRotor::RigidRotor:  starts
            molecular geometry will be used to estimate rotational constants
            rotational configuration: nonlinear
            rotational constants[1/cm]:         23.7897       0.601083        0.58627
         Model::RigidRotor::RigidRotor:  done, cpu time[sec] = 0.01258, elapsed time[sec] = 0
      Model::new_core:  done, cpu time[sec] = 0.035908, elapsed time[sec] = 0
      ground state energy, kcal/mol:   0.15
      interpolating states number/density starts
         core state contribution ... done, cpu time[sec] = 0.115146, elapsed time[sec] = 0
         electronic states contribution ... done, cpu time[sec] = 0.014667, elapsed time[sec] = 0
         vibrational modes contribution ... done, cpu time[sec] = 0.02912, elapsed time[sec] = 0
         effective power exponent at 399.849 kcal/mol = 6.36045
      interpolating states number/density done, cpu time[sec] = 1.13969, elapsed time[sec] = 0
   Model::RRHO::RRHO:  done, cpu time[sec] = 1.21341, elapsed time[sec] = 0
   WELL: W3
   Model::RRHO::RRHO:  starts
      Model::new_core:  starts
         Model::RigidRotor::RigidRotor:  starts
            molecular geometry will be used to estimate rotational constants
            rotational configuration: nonlinear
            rotational constants[1/cm]:         1.78953        1.33461       0.764474
         Model::RigidRotor::RigidRotor:  done, cpu time[sec] = 0.012471, elapsed time[sec] = 0
      Model::new_core:  done, cpu time[sec] = 0.03525, elapsed time[sec] = 0
      ground state energy, kcal/mol:   0.21
      interpolating states number/density starts
         core state contribution ... done, cpu time[sec] = 0.115466, elapsed time[sec] = 0
         electronic states contribution ... done, cpu time[sec] = 0.014185, elapsed time[sec] = 0
         vibrational modes contribution ... done, cpu time[sec] = 0.029564, elapsed time[sec] = 0
         effective power exponent at 399.789 kcal/mol = 6.35813
      interpolating states number/density done, cpu time[sec] = 0.706444, elapsed time[sec] = 0
   Model::RRHO::RRHO:  done, cpu time[sec] = 0.765889, elapsed time[sec] = 0
   WELL: W4
   Model::RRHO::RRHO:  starts
      Model::new_core:  starts
         Model::RigidRotor::RigidRotor:  starts
            molecular geometry will be used to estimate rotational constants
            rotational configuration: nonlinear
            rotational constants[1/cm]:         9.52595        1.29538        1.14032
         Model::RigidRotor::RigidRotor:  done, cpu time[sec] = 5.8e-05, elapsed time[sec] = 0
      Model::new_core:  done, cpu time[sec] = 8.3e-05, elapsed time[sec] = 0
      ground state energy, kcal/mol:   -86.72
      interpolating states number/density starts
         core state contribution ... done, cpu time[sec] = 0.005162, elapsed time[sec] = 0
         vibrational modes contribution ... done, cpu time[sec] = 0.000876, elapsed time[sec] = 0
         effective power exponent at 486.717 kcal/mol = 6.27499
      interpolating states number/density done, cpu time[sec] = 0.024088, elapsed time[sec] = 0
   Model::RRHO::RRHO:  done, cpu time[sec] = 0.024278, elapsed time[sec] = 0
   WELL: W5t
   Model::RRHO::RRHO:  starts
      Model::new_core:  starts
         Model::RigidRotor::RigidRotor:  starts
            molecular geometry will be used to estimate rotational constants
            rotational configuration: nonlinear
            rotational constants[1/cm]:         9.65604        1.21662        1.08048
         Model::RigidRotor::RigidRotor:  done, cpu time[sec] = 1.6e-05, elapsed time[sec] = 0
      Model::new_core:  done, cpu time[sec] = 2.3e-05, elapsed time[sec] = 0
      ground state energy, kcal/mol:   -34.55
      interpolating states number/density starts
         core state contribution ... done, cpu time[sec] = 0.001051, elapsed time[sec] = 0
         vibrational modes contribution ... done, cpu time[sec] = 0.000194, elapsed time[sec] = 0
         effective power exponent at 434.55 kcal/mol = 6.24835
      interpolating states number/density done, cpu time[sec] = 0.012317, elapsed time[sec] = 0
   Model::RRHO::RRHO:  done, cpu time[sec] = 0.012377, elapsed time[sec] = 0
Model::init:  done, cpu time[sec] = 4.73868, elapsed time[sec] = 0
