Model::init:  starts
   Model::ExponentialKernel::ExponentialKernel:  ... done
   Model::LennardJonesCollision::LennardJonesCollision:  ... done
   WELL: W0
   Model::RRHO::RRHO:  starts
      Model::new_core:  starts
         Model::RigidRotor::RigidRotor:  starts
            molecular geometry will be used to estimate rotational constants
            rotational configuration: nonlinear
            rotational constants[1/cm]:         23.7897       0.601083        0.58627
         Model::RigidRotor::RigidRotor:  done, cpu time[sec] = 0.003441, elapsed time[sec] = 0
      Model::new_core:  done, cpu time[sec] = 0.004183, elapsed time[sec] = 0
      ground state energy, kcal/mol:   0.15
      interpolating states number/density starts
         core state contribution ... done, cpu time[sec] = 0.111203, elapsed time[sec] = 0
         electronic states contribution ... done, cpu time[sec] = 0.00274, elapsed time[sec] = 0
         vibrational modes contribution ... done, cpu time[sec] = 0.017828, elapsed time[sec] = 0
         effective power exponent at 399.849 kcal/mol = 6.36045
      interpolating states number/density done, cpu time[sec] = 1.17161, elapsed time[sec] = 0
   Model::RRHO::RRHO:  done, cpu time[sec] = 1.194, elapsed time[sec] = 0
   WELL: W1
   Model::RRHO::RRHO:  starts
      Model::new_core:  starts
         Model::RigidRotor::RigidRotor:  starts
            molecular geometry will be used to estimate rotational constants
            rotational configuration: nonlinear
            rotational constants[1/cm]:         2.27757        1.07738         0.7314
         Model::RigidRotor::RigidRotor:  done, cpu time[sec] = 0.012632, elapsed time[sec] = 0
      Model::new_core:  done, cpu time[sec] = 0.035735, elapsed time[sec] = 0
      ground state energy, kcal/mol:   0.19
      interpolating states number/density starts
         core state contribution ... done, cpu time[sec] = 0.124596, elapsed time[sec] = 0
         electronic states contribution ... done, cpu time[sec] = 0.014053, elapsed time[sec] = 0
         vibrational modes contribution ... done, cpu time[sec] = 0.029419, elapsed time[sec] = 0
         effective power exponent at 399.809 kcal/mol = 6.35945
      interpolating states number/density done, cpu time[sec] = 1.21573, elapsed time[sec] = 0
   Model::RRHO::RRHO:  done, cpu time[sec] = 1.28917, elapsed time[sec] = 0
   WELL: W2
   Model::RRHO::RRHO:  starts
      Model::new_core:  starts
         Model::RigidRotor::RigidRotor:  starts
            molecular geometry will be used to estimate rotational constants
            rotational configuration: nonlinear
            rotational constants[1/cm]:         23.7897       0.601083        0.58627
         Model::RigidRotor::RigidRotor:  done, cpu time[sec] = 0.012542, elapsed time[sec] = 0
      Model::new_core:  done, cpu time[sec] = 0.035713, elapsed time[sec] = 0
      ground state energy, kcal/mol:   0.15
      interpolating states number/density starts
         core state contribution ... done, cpu time[sec] = 0.109899, elapsed time[sec] = 0
         electronic states contribution ... done, cpu time[sec] = 0.014164, elapsed time[sec] = 0
         vibrational modes contribution ... done, cpu time[sec] = 0.029993, elapsed time[sec] = 0
         effective power exponent at 399.849 kcal/mol = 6.36045
      interpolating states number/density done, cpu time[sec] = 1.12688, elapsed time[sec] = 0
   Model::RRHO::RRHO:  done, cpu time[sec] = 1.20042, elapsed time[sec] = 0
   WELL: W3
   Model::RRHO::RRHO:  starts
      Model::new_core:  starts
         Model::RigidRotor::RigidRotor:  starts
            molecular geometry will be used to estimate rotational constants
            rotational configuration: nonlinear
            rotational constants[1/cm]:         1.78953        1.33461       0.764474
         Model::RigidRotor::RigidRotor:  done, cpu time[sec] = 0.012357, elapsed time[sec] = 0
      Model::new_core:  done, cpu time[sec] = 0.035696, elapsed time[sec] = 0
      ground state energy, kcal/mol:   0.21
      interpolating states number/density starts
         core state contribution ... done, cpu time[sec] = 0.110501, elapsed time[sec] = 0
         electronic states contribution ... done, cpu time[sec] = 0.01424, elapsed time[sec] = 0
         vibrational modes contribution ... done, cpu time[sec] = 0.029004, elapsed time[sec] = 0
         effective power exponent at 399.789 kcal/mol = 6.35813
      interpolating states number/density done, cpu time[sec] = 0.964241, elapsed time[sec] = 0
   Model::RRHO::RRHO:  done, cpu time[sec] = 1.02437, elapsed time[sec] = 0
   WELL: W4
   Model::RRHO::RRHO:  starts
      Model::new_core:  starts
         Model::RigidRotor::RigidRotor:  starts
            molecular geometry will be used to estimate rotational constants
            rotational configuration: nonlinear
            rotational constants[1/cm]:         9.52595        1.29538        1.14032
         Model::RigidRotor::RigidRotor:  done, cpu time[sec] = 5.4e-05, elapsed time[sec] = 0
      Model::new_core:  done, cpu time[sec] = 8e-05, elapsed time[sec] = 0
      ground state energy, kcal/mol:   -86.72
      interpolating states number/density starts
         core state contribution ... done, cpu time[sec] = 0.004006, elapsed time[sec] = 0
         vibrational modes contribution ... done, cpu time[sec] = 0.000422, elapsed time[sec] = 0
         effective power exponent at 486.717 kcal/mol = 6.27499
      interpolating states number/density done, cpu time[sec] = 0.023424, elapsed time[sec] = 0
   Model::RRHO::RRHO:  done, cpu time[sec] = 0.023608, elapsed time[sec] = 0
   WELL: W5t
   Model::RRHO::RRHO:  starts
      Model::new_core:  starts
         Model::RigidRotor::RigidRotor:  starts
            molecular geometry will be used to estimate rotational constants
            rotational configuration: nonlinear
            rotational constants[1/cm]:         9.65604        1.21662        1.08048
         Model::RigidRotor::RigidRotor:  done, cpu time[sec] = 1.5e-05, elapsed time[sec] = 0
      Model::new_core:  done, cpu time[sec] = 2.1e-05, elapsed time[sec] = 0
      ground state energy, kcal/mol:   -34.55
      interpolating states number/density starts
         core state contribution ... done, cpu time[sec] = 0.00104, elapsed time[sec] = 0
         vibrational modes contribution ... done, cpu time[sec] = 0.000194, elapsed time[sec] = 0
         effective power exponent at 434.55 kcal/mol = 6.24835
      interpolating states number/density done, cpu time[sec] = 0.01237, elapsed time[sec] = 0
   Model::RRHO::RRHO:  done, cpu time[sec] = 0.012427, elapsed time[sec] = 0
Model::init:  done, cpu time[sec] = 4.79448, elapsed time[sec] = 0
