Model::init:  starts
   Model::ExponentialKernel::ExponentialKernel:  ... done
   Model::LennardJonesCollision::LennardJonesCollision:  ... done
   WELL: W0
   Model::RRHO::RRHO:  starts
      Model::new_core:  starts
         Model::RigidRotor::RigidRotor:  starts
            molecular geometry will be used to estimate rotational constants
            rotational configuration: nonlinear
            rotational constants[1/cm]:         23.7897       0.601083        0.58627
         Model::RigidRotor::RigidRotor:  done, cpu time[sec] = 0.003309, elapsed time[sec] = 0
      Model::new_core:  done, cpu time[sec] = 0.00405, elapsed time[sec] = 0
      ground state energy, kcal/mol:   0.15
      interpolating states number/density starts
         core state contribution ... done, cpu time[sec] = 0.092096, elapsed time[sec] = 0
         electronic states contribution ... done, cpu time[sec] = 0.002966, elapsed time[sec] = 0
         vibrational modes contribution ... done, cpu time[sec] = 0.016819, elapsed time[sec] = 0
         effective power exponent at 399.849 kcal/mol = 6.36045
      interpolating states number/density done, cpu time[sec] = 1.16326, elapsed time[sec] = 0
   Model::RRHO::RRHO:  done, cpu time[sec] = 1.18293, elapsed time[sec] = 0
   WELL: W1
   Model::RRHO::RRHO:  starts
      Model::new_core:  starts
         Model::RigidRotor::RigidRotor:  starts
            molecular geometry will be used to estimate rotational constants
            rotational configuration: nonlinear
            rotational constants[1/cm]:         2.27757        1.07738         0.7314
         Model::RigidRotor::RigidRotor:  done, cpu time[sec] = 0.012348, elapsed time[sec] = 0
      Model::new_core:  done, cpu time[sec] = 0.034909, elapsed time[sec] = 0
      ground state energy, kcal/mol:   0.19
      interpolating states number/density starts
         core state contribution ... done, cpu time[sec] = 0.119876, elapsed time[sec] = 0
         electronic states contribution ... done, cpu time[sec] = 0.013999, elapsed time[sec] = 0
         vibrational modes contribution ... done, cpu time[sec] = 0.028357, elapsed time[sec] = 0
         effective power exponent at 399.809 kcal/mol = 6.35945
      interpolating states number/density done, cpu time[sec] = 1.18447, elapsed time[sec] = 0
   Model::RRHO::RRHO:  done, cpu time[sec] = 1.25632, elapsed time[sec] = 0
   WELL: W2
   Model::RRHO::RRHO:  starts
      Model::new_core:  starts
         Model::RigidRotor::RigidRotor:  starts
            molecular geometry will be used to estimate rotational constants
            rotational configuration: nonlinear
            rotational constants[1/cm]:         23.7897       0.601083        0.58627
         Model::RigidRotor::RigidRotor:  done, cpu time[sec] = 0.012353, elapsed time[sec] = 0
      Model::new_core:  done, cpu time[sec] = 0.035208, elapsed time[sec] = 0
      ground state energy, kcal/mol:   0.15
      interpolating states number/density starts
         core state contribution ... done, cpu time[sec] = 0.106343, elapsed time[sec] = 0
         electronic states contribution ... done, cpu time[sec] = 0.014039, elapsed time[sec] = 0
         vibrational modes contribution ... done, cpu time[sec] = 0.028882, elapsed time[sec] = 0
         effective power exponent at 399.849 kcal/mol = 6.36045
      interpolating states number/density done, cpu time[sec] = 1.10316, elapsed time[sec] = 0
   Model::RRHO::RRHO:  done, cpu time[sec] = 1.17561, elapsed time[sec] = 0
   WELL: W3
   Model::RRHO::RRHO:  starts
      Model::new_core:  starts
         Model::RigidRotor::RigidRotor:  starts
            molecular geometry will be used to estimate rotational constants
            rotational configuration: nonlinear
            rotational constants[1/cm]:         1.78953        1.33461       0.764474
         Model::RigidRotor::RigidRotor:  done, cpu time[sec] = 0.012345, elapsed time[sec] = 0
      Model::new_core:  done, cpu time[sec] = 0.035358, elapsed time[sec] = 0
      ground state energy, kcal/mol:   0.21
      interpolating states number/density starts
         core state contribution ... done, cpu time[sec] = 0.108452, elapsed time[sec] = 0
         electronic states contribution ... done, cpu time[sec] = 0.014202, elapsed time[sec] = 0
         vibrational modes contribution ... done, cpu time[sec] = 0.029494, elapsed time[sec] = 0
         effective power exponent at 399.789 kcal/mol = 6.35813
      interpolating states number/density done, cpu time[sec] = 0.963325, elapsed time[sec] = 0
   Model::RRHO::RRHO:  done, cpu time[sec] = 1.02305, elapsed time[sec] = 0
   WELL: W4
   Model::RRHO::RRHO:  starts
      Model::new_core:  starts
         Model::RigidRotor::RigidRotor:  starts
            molecular geometry will be used to estimate rotational constants
            rotational configuration: nonlinear
            rotational constants[1/cm]:         9.52595        1.29538        1.14032
         Model::RigidRotor::RigidRotor:  done, cpu time[sec] = 1.4e-05, elapsed time[sec] = 0
      Model::new_core:  done, cpu time[sec] = 2e-05, elapsed time[sec] = 0
      ground state energy, kcal/mol:   -86.72
      interpolating states number/density starts
         core state contribution ... done, cpu time[sec] = 0.001307, elapsed time[sec] = 0
         vibrational modes contribution ... done, cpu time[sec] = 0.000211, elapsed time[sec] = 0
         effective power exponent at 486.717 kcal/mol = 6.27499
      interpolating states number/density done, cpu time[sec] = 0.014816, elapsed time[sec] = 0
   Model::RRHO::RRHO:  done, cpu time[sec] = 0.01489, elapsed time[sec] = 0
   WELL: W5t
   Model::RRHO::RRHO:  starts
      Model::new_core:  starts
         Model::RigidRotor::RigidRotor:  starts
            molecular geometry will be used to estimate rotational constants
            rotational configuration: nonlinear
            rotational constants[1/cm]:         9.65604        1.21662        1.08048
         Model::RigidRotor::RigidRotor:  done, cpu time[sec] = 1.9e-05, elapsed time[sec] = 0
      Model::new_core:  done, cpu time[sec] = 2.5e-05, elapsed time[sec] = 0
      ground state energy, kcal/mol:   -34.55
      interpolating states number/density starts
         core state contribution ... done, cpu time[sec] = 0.001049, elapsed time[sec] = 0
         vibrational modes contribution ... done, cpu time[sec] = 0.000196, elapsed time[sec] = 0
         effective power exponent at 434.55 kcal/mol = 6.24835
      interpolating states number/density done, cpu time[sec] = 0.01263, elapsed time[sec] = 0
   Model::RRHO::RRHO:  done, cpu time[sec] = 0.012707, elapsed time[sec] = 0
Model::init:  done, cpu time[sec] = 4.71604, elapsed time[sec] = 0
