Model::init:  starts
   Model::ExponentialKernel::ExponentialKernel:  ... done
   Model::LennardJonesCollision::LennardJonesCollision:  ... done
   WELL: W0
   Model::RRHO::RRHO:  starts
      Model::new_core:  starts
         Model::RigidRotor::RigidRotor:  starts
            molecular geometry will be used to estimate rotational constants
            rotational configuration: nonlinear
            rotational constants[1/cm]:         23.7897       0.601083        0.58627
         Model::RigidRotor::RigidRotor:  done, cpu time[sec] = 0.003764, elapsed time[sec] = 0
      Model::new_core:  done, cpu time[sec] = 0.004562, elapsed time[sec] = 0
      ground state energy, kcal/mol:   0.15
      interpolating states number/density starts
         core state contribution ... done, cpu time[sec] = 0.114161, elapsed time[sec] = 0
         electronic states contribution ... done, cpu time[sec] = 0.00201, elapsed time[sec] = 0
         vibrational modes contribution ... done, cpu time[sec] = 0.011664, elapsed time[sec] = 0
         effective power exponent at 399.849 kcal/mol = 6.36045
      interpolating states number/density done, cpu time[sec] = 0.882201, elapsed time[sec] = 0
   Model::RRHO::RRHO:  done, cpu time[sec] = 0.890308, elapsed time[sec] = 0
   WELL: W1
   Model::RRHO::RRHO:  starts
      Model::new_core:  starts
         Model::RigidRotor::RigidRotor:  starts
            molecular geometry will be used to estimate rotational constants
            rotational configuration: nonlinear
            rotational constants[1/cm]:         2.27757        1.07738         0.7314
         Model::RigidRotor::RigidRotor:  done, cpu time[sec] = 0.001513, elapsed time[sec] = 0
      Model::new_core:  done, cpu time[sec] = 0.002209, elapsed time[sec] = 0
      ground state energy, kcal/mol:   0.19
      interpolating states number/density starts
         core state contribution ... done, cpu time[sec] = 0.078136, elapsed time[sec] = 0
         electronic states contribution ... done, cpu time[sec] = 0.003588, elapsed time[sec] = 0
         vibrational modes contribution ... done, cpu time[sec] = 0.018256, elapsed time[sec] = 0
         effective power exponent at 399.809 kcal/mol = 6.35945
      interpolating states number/density done, cpu time[sec] = 0.820989, elapsed time[sec] = 0
   Model::RRHO::RRHO:  done, cpu time[sec] = 0.826343, elapsed time[sec] = 0
   WELL: W2
   Model::RRHO::RRHO:  starts
      Model::new_core:  starts
         Model::RigidRotor::RigidRotor:  starts
            molecular geometry will be used to estimate rotational constants
            rotational configuration: nonlinear
            rotational constants[1/cm]:         23.7897       0.601083        0.58627
         Model::RigidRotor::RigidRotor:  done, cpu time[sec] = 0.001146, elapsed time[sec] = 0
      Model::new_core:  done, cpu time[sec] = 0.001797, elapsed time[sec] = 0
      ground state energy, kcal/mol:   0.15
      interpolating states number/density starts
         core state contribution ... done, cpu time[sec] = 0.067546, elapsed time[sec] = 0
         electronic states contribution ... done, cpu time[sec] = 0.003285, elapsed time[sec] = 0
         vibrational modes contribution ... done, cpu time[sec] = 0.018059, elapsed time[sec] = 0
         effective power exponent at 399.849 kcal/mol = 6.36045
      interpolating states number/density done, cpu time[sec] = 0.765651, elapsed time[sec] = 0
   Model::RRHO::RRHO:  done, cpu time[sec] = 0.770241, elapsed time[sec] = 0
   WELL: W3
   Model::RRHO::RRHO:  starts
      Model::new_core:  starts
         Model::RigidRotor::RigidRotor:  starts
            molecular geometry will be used to estimate rotational constants
            rotational configuration: nonlinear
            rotational constants[1/cm]:         1.78953        1.33461       0.764474
         Model::RigidRotor::RigidRotor:  done, cpu time[sec] = 0.001117, elapsed time[sec] = 0
      Model::new_core:  done, cpu time[sec] = 0.001765, elapsed time[sec] = 0
      ground state energy, kcal/mol:   0.21
      interpolating states number/density starts
         core state contribution ... done, cpu time[sec] = 0.067073, elapsed time[sec] = 0
         electronic states contribution ... done, cpu time[sec] = 0.003275, elapsed time[sec] = 0
         vibrational modes contribution ... done, cpu time[sec] = 0.017255, elapsed time[sec] = 0
         effective power exponent at 399.789 kcal/mol = 6.35813
      interpolating states number/density done, cpu time[sec] = 0.768246, elapsed time[sec] = 0
   Model::RRHO::RRHO:  done, cpu time[sec] = 0.772781, elapsed time[sec] = 0
   WELL: W4
   Model::RRHO::RRHO:  starts
      Model::new_core:  starts
         Model::RigidRotor::RigidRotor:  starts
            molecular geometry will be used to estimate rotational constants
            rotational configuration: nonlinear
            rotational constants[1/cm]:         9.52595        1.29538        1.14032
         Model::RigidRotor::RigidRotor:  done, cpu time[sec] = 0.001119, elapsed time[sec] = 0
      Model::new_core:  done, cpu time[sec] = 0.001773, elapsed time[sec] = 0
      ground state energy, kcal/mol:   -86.72
      interpolating states number/density starts
         core state contribution ... done, cpu time[sec] = 0.085578, elapsed time[sec] = 0
         vibrational modes contribution ... done, cpu time[sec] = 0.021224, elapsed time[sec] = 0
         effective power exponent at 486.717 kcal/mol = 6.27499
      interpolating states number/density done, cpu time[sec] = 0.994879, elapsed time[sec] = 0
   Model::RRHO::RRHO:  done, cpu time[sec] = 0.999907, elapsed time[sec] = 0
   WELL: W5t
   Model::RRHO::RRHO:  starts
      Model::new_core:  starts
         Model::RigidRotor::RigidRotor:  starts
            molecular geometry will be used to estimate rotational constants
            rotational configuration: nonlinear
            rotational constants[1/cm]:         9.65604        1.21662        1.08048
         Model::RigidRotor::RigidRotor:  done, cpu time[sec] = 0.001367, elapsed time[sec] = 0
      Model::new_core:  done, cpu time[sec] = 0.002008, elapsed time[sec] = 0
      ground state energy, kcal/mol:   -34.55
      interpolating states number/density starts
         core state contribution ... done, cpu time[sec] = 0.071858, elapsed time[sec] = 0
         vibrational modes contribution ... done, cpu time[sec] = 0.019413, elapsed time[sec] = 0
         effective power exponent at 434.55 kcal/mol = 6.24835
      interpolating states number/density done, cpu time[sec] = 0.421087, elapsed time[sec] = 0
   Model::RRHO::RRHO:  done, cpu time[sec] = 0.42506, elapsed time[sec] = 0
Model::init:  done, cpu time[sec] = 4.70742, elapsed time[sec] = 0
