Model::init:  starts
   Model::ExponentialKernel::ExponentialKernel:  ... done
   Model::LennardJonesCollision::LennardJonesCollision:  ... done
   WELL: W0
   Model::RRHO::RRHO:  starts
      Model::new_core:  starts
         Model::RigidRotor::RigidRotor:  starts
            molecular geometry will be used to estimate rotational constants
            rotational configuration: nonlinear
            rotational constants[1/cm]:         23.7897       0.601083        0.58627
         Model::RigidRotor::RigidRotor:  done, cpu time[sec] = 0.013552, elapsed time[sec] = 0
      Model::new_core:  done, cpu time[sec] = 0.034572, elapsed time[sec] = 0
      ground state energy, kcal/mol:   0.15
      interpolating states number/density starts
         core state contribution ... done, cpu time[sec] = 0.123516, elapsed time[sec] = 0
         electronic states contribution ... done, cpu time[sec] = 0.012751, elapsed time[sec] = 0
         vibrational modes contribution ... done, cpu time[sec] = 0.026268, elapsed time[sec] = 0
         effective power exponent at 399.849 kcal/mol = 6.36045
      interpolating states number/density done, cpu time[sec] = 2.33359, elapsed time[sec] = 0
   Model::RRHO::RRHO:  done, cpu time[sec] = 2.68601, elapsed time[sec] = 0
   WELL: W1
   Model::RRHO::RRHO:  starts
      Model::new_core:  starts
         Model::RigidRotor::RigidRotor:  starts
            molecular geometry will be used to estimate rotational constants
            rotational configuration: nonlinear
            rotational constants[1/cm]:         2.27757        1.07738         0.7314
         Model::RigidRotor::RigidRotor:  done, cpu time[sec] = 0.013479, elapsed time[sec] = 0
      Model::new_core:  done, cpu time[sec] = 0.043623, elapsed time[sec] = 0
      ground state energy, kcal/mol:   0.19
      interpolating states number/density starts
         core state contribution ... done, cpu time[sec] = 0.230849, elapsed time[sec] = 0
         electronic states contribution ... done, cpu time[sec] = 0.016006, elapsed time[sec] = 0
         vibrational modes contribution ... done, cpu time[sec] = 0.030531, elapsed time[sec] = 0
         effective power exponent at 399.809 kcal/mol = 6.35945
      interpolating states number/density done, cpu time[sec] = 1.65079, elapsed time[sec] = 0
   Model::RRHO::RRHO:  done, cpu time[sec] = 1.7299, elapsed time[sec] = 0
   WELL: W2
   Model::RRHO::RRHO:  starts
      Model::new_core:  starts
         Model::RigidRotor::RigidRotor:  starts
            molecular geometry will be used to estimate rotational constants
            rotational configuration: nonlinear
            rotational constants[1/cm]:         23.7897       0.601083        0.58627
         Model::RigidRotor::RigidRotor:  done, cpu time[sec] = 0.000136, elapsed time[sec] = 0
      Model::new_core:  done, cpu time[sec] = 0.000184, elapsed time[sec] = 0
      ground state energy, kcal/mol:   0.15
      interpolating states number/density starts
         core state contribution ... done, cpu time[sec] = 0.017166, elapsed time[sec] = 0
         electronic states contribution ... done, cpu time[sec] = 0.00019, elapsed time[sec] = 0
         vibrational modes contribution ... done, cpu time[sec] = 0.001131, elapsed time[sec] = 0
         effective power exponent at 399.849 kcal/mol = 6.36045
      interpolating states number/density done, cpu time[sec] = 0.072306, elapsed time[sec] = 0
   Model::RRHO::RRHO:  done, cpu time[sec] = 0.072699, elapsed time[sec] = 0
   WELL: W3
   Model::RRHO::RRHO:  starts
      Model::new_core:  starts
         Model::RigidRotor::RigidRotor:  starts
            molecular geometry will be used to estimate rotational constants
            rotational configuration: nonlinear
            rotational constants[1/cm]:         1.78953        1.33461       0.764474
         Model::RigidRotor::RigidRotor:  done, cpu time[sec] = 4.9e-05, elapsed time[sec] = 0
      Model::new_core:  done, cpu time[sec] = 7.5e-05, elapsed time[sec] = 0
      ground state energy, kcal/mol:   0.21
      interpolating states number/density starts
         core state contribution ... done, cpu time[sec] = 0.003828, elapsed time[sec] = 0
         electronic states contribution ... done, cpu time[sec] = 0.000126, elapsed time[sec] = 0
         vibrational modes contribution ... done, cpu time[sec] = 0.000675, elapsed time[sec] = 0
         effective power exponent at 399.789 kcal/mol = 6.35813
      interpolating states number/density done, cpu time[sec] = 0.02862, elapsed time[sec] = 0
   Model::RRHO::RRHO:  done, cpu time[sec] = 0.028803, elapsed time[sec] = 0
   WELL: W4
   Model::RRHO::RRHO:  starts
      Model::new_core:  starts
         Model::RigidRotor::RigidRotor:  starts
            molecular geometry will be used to estimate rotational constants
            rotational configuration: nonlinear
            rotational constants[1/cm]:         9.52595        1.29538        1.14032
         Model::RigidRotor::RigidRotor:  done, cpu time[sec] = 2.3e-05, elapsed time[sec] = 0
      Model::new_core:  done, cpu time[sec] = 3.6e-05, elapsed time[sec] = 0
      ground state energy, kcal/mol:   -86.72
      interpolating states number/density starts
         core state contribution ... done, cpu time[sec] = 0.002635, elapsed time[sec] = 0
         vibrational modes contribution ... done, cpu time[sec] = 0.000426, elapsed time[sec] = 0
         effective power exponent at 486.717 kcal/mol = 6.27499
      interpolating states number/density done, cpu time[sec] = 0.01892, elapsed time[sec] = 0
   Model::RRHO::RRHO:  done, cpu time[sec] = 0.019022, elapsed time[sec] = 0
   WELL: W5t
   Model::RRHO::RRHO:  starts
      Model::new_core:  starts
         Model::RigidRotor::RigidRotor:  starts
            molecular geometry will be used to estimate rotational constants
            rotational configuration: nonlinear
            rotational constants[1/cm]:         9.65604        1.21662        1.08048
         Model::RigidRotor::RigidRotor:  done, cpu time[sec] = 1.6e-05, elapsed time[sec] = 0
      Model::new_core:  done, cpu time[sec] = 2.2e-05, elapsed time[sec] = 0
      ground state energy, kcal/mol:   -34.55
      interpolating states number/density starts
         core state contribution ... done, cpu time[sec] = 0.001035, elapsed time[sec] = 0
         vibrational modes contribution ... done, cpu time[sec] = 0.000193, elapsed time[sec] = 0
         effective power exponent at 434.55 kcal/mol = 6.24835
      interpolating states number/density done, cpu time[sec] = 0.012448, elapsed time[sec] = 0
   Model::RRHO::RRHO:  done, cpu time[sec] = 0.012508, elapsed time[sec] = 0
Model::init:  done, cpu time[sec] = 4.60607, elapsed time[sec] = 0
