Model::init:  starts
   Model::ExponentialKernel::ExponentialKernel:  ... done
   Model::LennardJonesCollision::LennardJonesCollision:  ... done
   WELL: W0
   Model::RRHO::RRHO:  starts
      Model::new_core:  starts
         Model::RigidRotor::RigidRotor:  starts
            molecular geometry will be used to estimate rotational constants
            rotational configuration: nonlinear
            rotational constants[1/cm]:         23.7897       0.601083        0.58627
         Model::RigidRotor::RigidRotor:  done, cpu time[sec] = 0.005888, elapsed time[sec] = 0
      Model::new_core:  done, cpu time[sec] = 0.007209, elapsed time[sec] = 0
      ground state energy, kcal/mol:   0.15
      interpolating states number/density starts
         core state contribution ... done, cpu time[sec] = 0.125782, elapsed time[sec] = 0
         electronic states contribution ... done, cpu time[sec] = 0.013395, elapsed time[sec] = 0
         vibrational modes contribution ... done, cpu time[sec] = 0.027722, elapsed time[sec] = 0
         effective power exponent at 399.849 kcal/mol = 6.36045
      interpolating states number/density done, cpu time[sec] = 1.23846, elapsed time[sec] = 0
   Model::RRHO::RRHO:  done, cpu time[sec] = 1.26323, elapsed time[sec] = 0
   WELL: W1
   Model::RRHO::RRHO:  starts
      Model::new_core:  starts
         Model::RigidRotor::RigidRotor:  starts
            molecular geometry will be used to estimate rotational constants
            rotational configuration: nonlinear
            rotational constants[1/cm]:         2.27757        1.07738         0.7314
         Model::RigidRotor::RigidRotor:  done, cpu time[sec] = 0.012616, elapsed time[sec] = 0
      Model::new_core:  done, cpu time[sec] = 0.035591, elapsed time[sec] = 0
      ground state energy, kcal/mol:   0.19
      interpolating states number/density starts
         core state contribution ... done, cpu time[sec] = 0.123976, elapsed time[sec] = 0
         electronic states contribution ... done, cpu time[sec] = 0.014257, elapsed time[sec] = 0
         vibrational modes contribution ... done, cpu time[sec] = 0.029197, elapsed time[sec] = 0
         effective power exponent at 399.809 kcal/mol = 6.35945
      interpolating states number/density done, cpu time[sec] = 1.21832, elapsed time[sec] = 0
   Model::RRHO::RRHO:  done, cpu time[sec] = 1.29278, elapsed time[sec] = 0
   WELL: W2
   Model::RRHO::RRHO:  starts
      Model::new_core:  starts
         Model::RigidRotor::RigidRotor:  starts
            molecular geometry will be used to estimate rotational constants
            rotational configuration: nonlinear
            rotational constants[1/cm]:         23.7897       0.601083        0.58627
         Model::RigidRotor::RigidRotor:  done, cpu time[sec] = 0.012607, elapsed time[sec] = 0
      Model::new_core:  done, cpu time[sec] = 0.036361, elapsed time[sec] = 0
      ground state energy, kcal/mol:   0.15
      interpolating states number/density starts
         core state contribution ... done, cpu time[sec] = 0.111124, elapsed time[sec] = 0
         electronic states contribution ... done, cpu time[sec] = 0.014255, elapsed time[sec] = 0
         vibrational modes contribution ... done, cpu time[sec] = 0.029652, elapsed time[sec] = 0
         effective power exponent at 399.849 kcal/mol = 6.36045
      interpolating states number/density done, cpu time[sec] = 1.1523, elapsed time[sec] = 0
   Model::RRHO::RRHO:  done, cpu time[sec] = 1.22684, elapsed time[sec] = 0
   WELL: W3
   Model::RRHO::RRHO:  starts
      Model::new_core:  starts
         Model::RigidRotor::RigidRotor:  starts
            molecular geometry will be used to estimate rotational constants
            rotational configuration: nonlinear
            rotational constants[1/cm]:         1.78953        1.33461       0.764474
         Model::RigidRotor::RigidRotor:  done, cpu time[sec] = 0.012544, elapsed time[sec] = 0
      Model::new_core:  done, cpu time[sec] = 0.035826, elapsed time[sec] = 0
      ground state energy, kcal/mol:   0.21
      interpolating states number/density starts
         core state contribution ... done, cpu time[sec] = 0.111084, elapsed time[sec] = 0
         electronic states contribution ... done, cpu time[sec] = 0.014629, elapsed time[sec] = 0
         vibrational modes contribution ... done, cpu time[sec] = 0.029435, elapsed time[sec] = 0
         effective power exponent at 399.789 kcal/mol = 6.35813
      interpolating states number/density done, cpu time[sec] = 0.930845, elapsed time[sec] = 0
   Model::RRHO::RRHO:  done, cpu time[sec] = 0.99157, elapsed time[sec] = 0
   WELL: W4
   Model::RRHO::RRHO:  starts
      Model::new_core:  starts
         Model::RigidRotor::RigidRotor:  starts
            molecular geometry will be used to estimate rotational constants
            rotational configuration: nonlinear
            rotational constants[1/cm]:         9.52595        1.29538        1.14032
         Model::RigidRotor::RigidRotor:  done, cpu time[sec] = 1.3e-05, elapsed time[sec] = 0
      Model::new_core:  done, cpu time[sec] = 1.9e-05, elapsed time[sec] = 0
      ground state energy, kcal/mol:   -86.72
      interpolating states number/density starts
         core state contribution ... done, cpu time[sec] = 0.001284, elapsed time[sec] = 0
         vibrational modes contribution ... done, cpu time[sec] = 0.000217, elapsed time[sec] = 0
         effective power exponent at 486.717 kcal/mol = 6.27499
      interpolating states number/density done, cpu time[sec] = 0.014714, elapsed time[sec] = 0
   Model::RRHO::RRHO:  done, cpu time[sec] = 0.014776, elapsed time[sec] = 0
   WELL: W5t
   Model::RRHO::RRHO:  starts
      Model::new_core:  starts
         Model::RigidRotor::RigidRotor:  starts
            molecular geometry will be used to estimate rotational constants
            rotational configuration: nonlinear
            rotational constants[1/cm]:         9.65604        1.21662        1.08048
         Model::RigidRotor::RigidRotor:  done, cpu time[sec] = 1.6e-05, elapsed time[sec] = 0
      Model::new_core:  done, cpu time[sec] = 2.2e-05, elapsed time[sec] = 0
      ground state energy, kcal/mol:   -34.55
      interpolating states number/density starts
         core state contribution ... done, cpu time[sec] = 0.001045, elapsed time[sec] = 0
         vibrational modes contribution ... done, cpu time[sec] = 0.000193, elapsed time[sec] = 0
         effective power exponent at 434.55 kcal/mol = 6.24835
      interpolating states number/density done, cpu time[sec] = 0.012632, elapsed time[sec] = 0
   Model::RRHO::RRHO:  done, cpu time[sec] = 0.012696, elapsed time[sec] = 0
Model::init:  done, cpu time[sec] = 4.8579, elapsed time[sec] = 0
