Model::init:  starts
   Model::ExponentialKernel::ExponentialKernel:  ... done
   Model::LennardJonesCollision::LennardJonesCollision:  ... done
   WELL: W0
   Model::RRHO::RRHO:  starts
      Model::new_core:  starts
         Model::RigidRotor::RigidRotor:  starts
            molecular geometry will be used to estimate rotational constants
            rotational configuration: nonlinear
            rotational constants[1/cm]:         23.7897       0.601083        0.58627
         Model::RigidRotor::RigidRotor:  done, cpu time[sec] = 0.005865, elapsed time[sec] = 0
      Model::new_core:  done, cpu time[sec] = 0.007319, elapsed time[sec] = 0
      ground state energy, kcal/mol:   0.15
      interpolating states number/density starts
         core state contribution ... done, cpu time[sec] = 0.108485, elapsed time[sec] = 0
         electronic states contribution ... done, cpu time[sec] = 0.014413, elapsed time[sec] = 0
         vibrational modes contribution ... done, cpu time[sec] = 0.029076, elapsed time[sec] = 0
         effective power exponent at 399.849 kcal/mol = 6.36045
      interpolating states number/density done, cpu time[sec] = 1.20016, elapsed time[sec] = 0
   Model::RRHO::RRHO:  done, cpu time[sec] = 1.22394, elapsed time[sec] = 0
   WELL: W1
   Model::RRHO::RRHO:  starts
      Model::new_core:  starts
         Model::RigidRotor::RigidRotor:  starts
            molecular geometry will be used to estimate rotational constants
            rotational configuration: nonlinear
            rotational constants[1/cm]:         2.27757        1.07738         0.7314
         Model::RigidRotor::RigidRotor:  done, cpu time[sec] = 0.012216, elapsed time[sec] = 0
      Model::new_core:  done, cpu time[sec] = 0.034873, elapsed time[sec] = 0
      ground state energy, kcal/mol:   0.19
      interpolating states number/density starts
         core state contribution ... done, cpu time[sec] = 0.120522, elapsed time[sec] = 0
         electronic states contribution ... done, cpu time[sec] = 0.014408, elapsed time[sec] = 0
         vibrational modes contribution ... done, cpu time[sec] = 0.028459, elapsed time[sec] = 0
         effective power exponent at 399.809 kcal/mol = 6.35945
      interpolating states number/density done, cpu time[sec] = 1.19337, elapsed time[sec] = 0
   Model::RRHO::RRHO:  done, cpu time[sec] = 1.26654, elapsed time[sec] = 0
   WELL: W2
   Model::RRHO::RRHO:  starts
      Model::new_core:  starts
         Model::RigidRotor::RigidRotor:  starts
            molecular geometry will be used to estimate rotational constants
            rotational configuration: nonlinear
            rotational constants[1/cm]:         23.7897       0.601083        0.58627
         Model::RigidRotor::RigidRotor:  done, cpu time[sec] = 0.012122, elapsed time[sec] = 0
      Model::new_core:  done, cpu time[sec] = 0.035163, elapsed time[sec] = 0
      ground state energy, kcal/mol:   0.15
      interpolating states number/density starts
         core state contribution ... done, cpu time[sec] = 0.107594, elapsed time[sec] = 0
         electronic states contribution ... done, cpu time[sec] = 0.014077, elapsed time[sec] = 0
         vibrational modes contribution ... done, cpu time[sec] = 0.028955, elapsed time[sec] = 0
         effective power exponent at 399.849 kcal/mol = 6.36045
      interpolating states number/density done, cpu time[sec] = 1.1193, elapsed time[sec] = 0
   Model::RRHO::RRHO:  done, cpu time[sec] = 1.19121, elapsed time[sec] = 0
   WELL: W3
   Model::RRHO::RRHO:  starts
      Model::new_core:  starts
         Model::RigidRotor::RigidRotor:  starts
            molecular geometry will be used to estimate rotational constants
            rotational configuration: nonlinear
            rotational constants[1/cm]:         1.78953        1.33461       0.764474
         Model::RigidRotor::RigidRotor:  done, cpu time[sec] = 0.012149, elapsed time[sec] = 0
      Model::new_core:  done, cpu time[sec] = 0.034772, elapsed time[sec] = 0
      ground state energy, kcal/mol:   0.21
      interpolating states number/density starts
         core state contribution ... done, cpu time[sec] = 0.108181, elapsed time[sec] = 0
         electronic states contribution ... done, cpu time[sec] = 0.013882, elapsed time[sec] = 0
         vibrational modes contribution ... done, cpu time[sec] = 0.028609, elapsed time[sec] = 0
         effective power exponent at 399.789 kcal/mol = 6.35813
      interpolating states number/density done, cpu time[sec] = 0.896797, elapsed time[sec] = 0
   Model::RRHO::RRHO:  done, cpu time[sec] = 0.955959, elapsed time[sec] = 0
   WELL: W4
   Model::RRHO::RRHO:  starts
      Model::new_core:  starts
         Model::RigidRotor::RigidRotor:  starts
            molecular geometry will be used to estimate rotational constants
            rotational configuration: nonlinear
            rotational constants[1/cm]:         9.52595        1.29538        1.14032
         Model::RigidRotor::RigidRotor:  done, cpu time[sec] = 1.5e-05, elapsed time[sec] = 0
      Model::new_core:  done, cpu time[sec] = 2.1e-05, elapsed time[sec] = 0
      ground state energy, kcal/mol:   -86.72
      interpolating states number/density starts
         core state contribution ... done, cpu time[sec] = 0.001263, elapsed time[sec] = 0
         vibrational modes contribution ... done, cpu time[sec] = 0.000212, elapsed time[sec] = 0
         effective power exponent at 486.717 kcal/mol = 6.27499
      interpolating states number/density done, cpu time[sec] = 0.014214, elapsed time[sec] = 0
   Model::RRHO::RRHO:  done, cpu time[sec] = 0.014276, elapsed time[sec] = 0
   WELL: W5t
   Model::RRHO::RRHO:  starts
      Model::new_core:  starts
         Model::RigidRotor::RigidRotor:  starts
            molecular geometry will be used to estimate rotational constants
            rotational configuration: nonlinear
            rotational constants[1/cm]:         9.65604        1.21662        1.08048
         Model::RigidRotor::RigidRotor:  done, cpu time[sec] = 1.5e-05, elapsed time[sec] = 0
      Model::new_core:  done, cpu time[sec] = 2.2e-05, elapsed time[sec] = 0
      ground state energy, kcal/mol:   -34.55
      interpolating states number/density starts
         core state contribution ... done, cpu time[sec] = 0.001052, elapsed time[sec] = 0
         vibrational modes contribution ... done, cpu time[sec] = 0.000194, elapsed time[sec] = 0
         effective power exponent at 434.55 kcal/mol = 6.24835
      interpolating states number/density done, cpu time[sec] = 0.012197, elapsed time[sec] = 0
   Model::RRHO::RRHO:  done, cpu time[sec] = 0.012257, elapsed time[sec] = 0
Model::init:  done, cpu time[sec] = 4.71605, elapsed time[sec] = 0
