Model::init:  starts
   Model::ExponentialKernel::ExponentialKernel:  ... done
   Model::LennardJonesCollision::LennardJonesCollision:  ... done
   WELL: W0
   Model::RRHO::RRHO:  starts
      Model::new_core:  starts
         Model::RigidRotor::RigidRotor:  starts
            molecular geometry will be used to estimate rotational constants
            rotational configuration: nonlinear
            rotational constants[1/cm]:         23.7897       0.601083        0.58627
         Model::RigidRotor::RigidRotor:  done, cpu time[sec] = 0.003531, elapsed time[sec] = 0
      Model::new_core:  done, cpu time[sec] = 0.00433, elapsed time[sec] = 0
      ground state energy, kcal/mol:   0.15
      interpolating states number/density starts
         core state contribution ... done, cpu time[sec] = 0.122293, elapsed time[sec] = 0
         electronic states contribution ... done, cpu time[sec] = 0.013708, elapsed time[sec] = 0
         vibrational modes contribution ... done, cpu time[sec] = 0.028292, elapsed time[sec] = 0
         effective power exponent at 399.849 kcal/mol = 6.36045
      interpolating states number/density done, cpu time[sec] = 1.29847, elapsed time[sec] = 0
   Model::RRHO::RRHO:  done, cpu time[sec] = 1.31933, elapsed time[sec] = 0
   WELL: W1
   Model::RRHO::RRHO:  starts
      Model::new_core:  starts
         Model::RigidRotor::RigidRotor:  starts
            molecular geometry will be used to estimate rotational constants
            rotational configuration: nonlinear
            rotational constants[1/cm]:         2.27757        1.07738         0.7314
         Model::RigidRotor::RigidRotor:  done, cpu time[sec] = 0.012563, elapsed time[sec] = 0
      Model::new_core:  done, cpu time[sec] = 0.035524, elapsed time[sec] = 0
      ground state energy, kcal/mol:   0.19
      interpolating states number/density starts
         core state contribution ... done, cpu time[sec] = 0.123722, elapsed time[sec] = 0
         electronic states contribution ... done, cpu time[sec] = 0.014124, elapsed time[sec] = 0
         vibrational modes contribution ... done, cpu time[sec] = 0.029336, elapsed time[sec] = 0
         effective power exponent at 399.809 kcal/mol = 6.35945
      interpolating states number/density done, cpu time[sec] = 1.21734, elapsed time[sec] = 0
   Model::RRHO::RRHO:  done, cpu time[sec] = 1.29193, elapsed time[sec] = 0
   WELL: W2
   Model::RRHO::RRHO:  starts
      Model::new_core:  starts
         Model::RigidRotor::RigidRotor:  starts
            molecular geometry will be used to estimate rotational constants
            rotational configuration: nonlinear
            rotational constants[1/cm]:         23.7897       0.601083        0.58627
         Model::RigidRotor::RigidRotor:  done, cpu time[sec] = 0.012644, elapsed time[sec] = 0
      Model::new_core:  done, cpu time[sec] = 0.035998, elapsed time[sec] = 0
      ground state energy, kcal/mol:   0.15
      interpolating states number/density starts
         core state contribution ... done, cpu time[sec] = 0.109961, elapsed time[sec] = 0
         electronic states contribution ... done, cpu time[sec] = 0.01458, elapsed time[sec] = 0
         vibrational modes contribution ... done, cpu time[sec] = 0.030771, elapsed time[sec] = 0
         effective power exponent at 399.849 kcal/mol = 6.36045
      interpolating states number/density done, cpu time[sec] = 1.13841, elapsed time[sec] = 0
   Model::RRHO::RRHO:  done, cpu time[sec] = 1.21264, elapsed time[sec] = 0
   WELL: W3
   Model::RRHO::RRHO:  starts
      Model::new_core:  starts
         Model::RigidRotor::RigidRotor:  starts
            molecular geometry will be used to estimate rotational constants
            rotational configuration: nonlinear
            rotational constants[1/cm]:         1.78953        1.33461       0.764474
         Model::RigidRotor::RigidRotor:  done, cpu time[sec] = 0.012633, elapsed time[sec] = 0
      Model::new_core:  done, cpu time[sec] = 0.036395, elapsed time[sec] = 0
      ground state energy, kcal/mol:   0.21
      interpolating states number/density starts
         core state contribution ... done, cpu time[sec] = 0.10938, elapsed time[sec] = 0
         electronic states contribution ... done, cpu time[sec] = 0.014779, elapsed time[sec] = 0
         vibrational modes contribution ... done, cpu time[sec] = 0.029078, elapsed time[sec] = 0
         effective power exponent at 399.789 kcal/mol = 6.35813
      interpolating states number/density done, cpu time[sec] = 0.814668, elapsed time[sec] = 0
   Model::RRHO::RRHO:  done, cpu time[sec] = 0.875796, elapsed time[sec] = 0
   WELL: W4
   Model::RRHO::RRHO:  starts
      Model::new_core:  starts
         Model::RigidRotor::RigidRotor:  starts
            molecular geometry will be used to estimate rotational constants
            rotational configuration: nonlinear
            rotational constants[1/cm]:         9.52595        1.29538        1.14032
         Model::RigidRotor::RigidRotor:  done, cpu time[sec] = 1.5e-05, elapsed time[sec] = 0
      Model::new_core:  done, cpu time[sec] = 2.2e-05, elapsed time[sec] = 0
      ground state energy, kcal/mol:   -86.72
      interpolating states number/density starts
         core state contribution ... done, cpu time[sec] = 0.001301, elapsed time[sec] = 0
         vibrational modes contribution ... done, cpu time[sec] = 0.000217, elapsed time[sec] = 0
         effective power exponent at 486.717 kcal/mol = 6.27499
      interpolating states number/density done, cpu time[sec] = 0.015086, elapsed time[sec] = 0
   Model::RRHO::RRHO:  done, cpu time[sec] = 0.015152, elapsed time[sec] = 0
   WELL: W5t
   Model::RRHO::RRHO:  starts
      Model::new_core:  starts
         Model::RigidRotor::RigidRotor:  starts
            molecular geometry will be used to estimate rotational constants
            rotational configuration: nonlinear
            rotational constants[1/cm]:         9.65604        1.21662        1.08048
         Model::RigidRotor::RigidRotor:  done, cpu time[sec] = 1.6e-05, elapsed time[sec] = 0
      Model::new_core:  done, cpu time[sec] = 2.4e-05, elapsed time[sec] = 0
      ground state energy, kcal/mol:   -34.55
      interpolating states number/density starts
         core state contribution ... done, cpu time[sec] = 0.001047, elapsed time[sec] = 0
         vibrational modes contribution ... done, cpu time[sec] = 0.000193, elapsed time[sec] = 0
         effective power exponent at 434.55 kcal/mol = 6.24835
      interpolating states number/density done, cpu time[sec] = 0.012963, elapsed time[sec] = 0
   Model::RRHO::RRHO:  done, cpu time[sec] = 0.013027, elapsed time[sec] = 0
Model::init:  done, cpu time[sec] = 4.77936, elapsed time[sec] = 0
