Model::init:  starts
   Model::ExponentialKernel::ExponentialKernel:  ... done
   Model::LennardJonesCollision::LennardJonesCollision:  ... done
   WELL: W0
   Model::RRHO::RRHO:  starts
      Model::new_core:  starts
         Model::RigidRotor::RigidRotor:  starts
            molecular geometry will be used to estimate rotational constants
            rotational configuration: nonlinear
            rotational constants[1/cm]:         23.7897       0.601083        0.58627
         Model::RigidRotor::RigidRotor:  done, cpu time[sec] = 0.002664, elapsed time[sec] = 0
      Model::new_core:  done, cpu time[sec] = 0.003111, elapsed time[sec] = 0
      ground state energy, kcal/mol:   0.15
      interpolating states number/density starts
         core state contribution ... done, cpu time[sec] = 0.115926, elapsed time[sec] = 0
         electronic states contribution ... done, cpu time[sec] = 0.013446, elapsed time[sec] = 0
         vibrational modes contribution ... done, cpu time[sec] = 0.027253, elapsed time[sec] = 0
         effective power exponent at 399.849 kcal/mol = 6.36045
      interpolating states number/density done, cpu time[sec] = 1.24021, elapsed time[sec] = 0
   Model::RRHO::RRHO:  done, cpu time[sec] = 1.25759, elapsed time[sec] = 0
   WELL: W1
   Model::RRHO::RRHO:  starts
      Model::new_core:  starts
         Model::RigidRotor::RigidRotor:  starts
            molecular geometry will be used to estimate rotational constants
            rotational configuration: nonlinear
            rotational constants[1/cm]:         2.27757        1.07738         0.7314
         Model::RigidRotor::RigidRotor:  done, cpu time[sec] = 0.012376, elapsed time[sec] = 0
      Model::new_core:  done, cpu time[sec] = 0.035343, elapsed time[sec] = 0
      ground state energy, kcal/mol:   0.19
      interpolating states number/density starts
         core state contribution ... done, cpu time[sec] = 0.119695, elapsed time[sec] = 0
         electronic states contribution ... done, cpu time[sec] = 0.013985, elapsed time[sec] = 0
         vibrational modes contribution ... done, cpu time[sec] = 0.028564, elapsed time[sec] = 0
         effective power exponent at 399.809 kcal/mol = 6.35945
      interpolating states number/density done, cpu time[sec] = 1.17598, elapsed time[sec] = 0
   Model::RRHO::RRHO:  done, cpu time[sec] = 1.24916, elapsed time[sec] = 0
   WELL: W2
   Model::RRHO::RRHO:  starts
      Model::new_core:  starts
         Model::RigidRotor::RigidRotor:  starts
            molecular geometry will be used to estimate rotational constants
            rotational configuration: nonlinear
            rotational constants[1/cm]:         23.7897       0.601083        0.58627
         Model::RigidRotor::RigidRotor:  done, cpu time[sec] = 0.013295, elapsed time[sec] = 0
      Model::new_core:  done, cpu time[sec] = 0.03636, elapsed time[sec] = 0
      ground state energy, kcal/mol:   0.15
      interpolating states number/density starts
         core state contribution ... done, cpu time[sec] = 0.106336, elapsed time[sec] = 0
         electronic states contribution ... done, cpu time[sec] = 0.014332, elapsed time[sec] = 0
         vibrational modes contribution ... done, cpu time[sec] = 0.029351, elapsed time[sec] = 0
         effective power exponent at 399.849 kcal/mol = 6.36045
      interpolating states number/density done, cpu time[sec] = 1.1266, elapsed time[sec] = 0
   Model::RRHO::RRHO:  done, cpu time[sec] = 1.19982, elapsed time[sec] = 0
   WELL: W3
   Model::RRHO::RRHO:  starts
      Model::new_core:  starts
         Model::RigidRotor::RigidRotor:  starts
            molecular geometry will be used to estimate rotational constants
            rotational configuration: nonlinear
            rotational constants[1/cm]:         1.78953        1.33461       0.764474
         Model::RigidRotor::RigidRotor:  done, cpu time[sec] = 0.012062, elapsed time[sec] = 0
      Model::new_core:  done, cpu time[sec] = 0.035452, elapsed time[sec] = 0
      ground state energy, kcal/mol:   0.21
      interpolating states number/density starts
         core state contribution ... done, cpu time[sec] = 0.107842, elapsed time[sec] = 0
         electronic states contribution ... done, cpu time[sec] = 0.014092, elapsed time[sec] = 0
         vibrational modes contribution ... done, cpu time[sec] = 0.028585, elapsed time[sec] = 0
         effective power exponent at 399.789 kcal/mol = 6.35813
      interpolating states number/density done, cpu time[sec] = 0.896048, elapsed time[sec] = 0
   Model::RRHO::RRHO:  done, cpu time[sec] = 0.955961, elapsed time[sec] = 0
   WELL: W4
   Model::RRHO::RRHO:  starts
      Model::new_core:  starts
         Model::RigidRotor::RigidRotor:  starts
            molecular geometry will be used to estimate rotational constants
            rotational configuration: nonlinear
            rotational constants[1/cm]:         9.52595        1.29538        1.14032
         Model::RigidRotor::RigidRotor:  done, cpu time[sec] = 1.2e-05, elapsed time[sec] = 0
      Model::new_core:  done, cpu time[sec] = 1.9e-05, elapsed time[sec] = 0
      ground state energy, kcal/mol:   -86.72
      interpolating states number/density starts
         core state contribution ... done, cpu time[sec] = 0.001265, elapsed time[sec] = 0
         vibrational modes contribution ... done, cpu time[sec] = 0.000212, elapsed time[sec] = 0
         effective power exponent at 486.717 kcal/mol = 6.27499
      interpolating states number/density done, cpu time[sec] = 0.014418, elapsed time[sec] = 0
   Model::RRHO::RRHO:  done, cpu time[sec] = 0.01448, elapsed time[sec] = 0
   WELL: W5t
   Model::RRHO::RRHO:  starts
      Model::new_core:  starts
         Model::RigidRotor::RigidRotor:  starts
            molecular geometry will be used to estimate rotational constants
            rotational configuration: nonlinear
            rotational constants[1/cm]:         9.65604        1.21662        1.08048
         Model::RigidRotor::RigidRotor:  done, cpu time[sec] = 1.5e-05, elapsed time[sec] = 0
      Model::new_core:  done, cpu time[sec] = 2.2e-05, elapsed time[sec] = 0
      ground state energy, kcal/mol:   -34.55
      interpolating states number/density starts
         core state contribution ... done, cpu time[sec] = 0.001047, elapsed time[sec] = 0
         vibrational modes contribution ... done, cpu time[sec] = 0.000194, elapsed time[sec] = 0
         effective power exponent at 434.55 kcal/mol = 6.24835
      interpolating states number/density done, cpu time[sec] = 0.012361, elapsed time[sec] = 0
   Model::RRHO::RRHO:  done, cpu time[sec] = 0.012416, elapsed time[sec] = 0
Model::init:  done, cpu time[sec] = 4.73657, elapsed time[sec] = 0
