Model::init:  starts
   Model::ExponentialKernel::ExponentialKernel:  ... done
   Model::LennardJonesCollision::LennardJonesCollision:  ... done
   WELL: W0
   Model::RRHO::RRHO:  starts
      Model::new_core:  starts
         Model::RigidRotor::RigidRotor:  starts
            molecular geometry will be used to estimate rotational constants
            rotational configuration: nonlinear
            rotational constants[1/cm]:         23.7897       0.601083        0.58627
         Model::RigidRotor::RigidRotor:  done, cpu time[sec] = 0.002207, elapsed time[sec] = 0
      Model::new_core:  done, cpu time[sec] = 0.00267, elapsed time[sec] = 0
      ground state energy, kcal/mol:   0.15
      interpolating states number/density starts
         core state contribution ... done, cpu time[sec] = 0.06688, elapsed time[sec] = 0
         electronic states contribution ... done, cpu time[sec] = 0.00263, elapsed time[sec] = 0
         vibrational modes contribution ... done, cpu time[sec] = 0.017065, elapsed time[sec] = 0
         effective power exponent at 399.849 kcal/mol = 6.36045
      interpolating states number/density done, cpu time[sec] = 1.08083, elapsed time[sec] = 0
   Model::RRHO::RRHO:  done, cpu time[sec] = 1.09803, elapsed time[sec] = 0
   WELL: W1
   Model::RRHO::RRHO:  starts
      Model::new_core:  starts
         Model::RigidRotor::RigidRotor:  starts
            molecular geometry will be used to estimate rotational constants
            rotational configuration: nonlinear
            rotational constants[1/cm]:         2.27757        1.07738         0.7314
         Model::RigidRotor::RigidRotor:  done, cpu time[sec] = 0.012159, elapsed time[sec] = 0
      Model::new_core:  done, cpu time[sec] = 0.034177, elapsed time[sec] = 0
      ground state energy, kcal/mol:   0.19
      interpolating states number/density starts
         core state contribution ... done, cpu time[sec] = 0.116785, elapsed time[sec] = 0
         electronic states contribution ... done, cpu time[sec] = 0.013148, elapsed time[sec] = 0
         vibrational modes contribution ... done, cpu time[sec] = 0.028181, elapsed time[sec] = 0
         effective power exponent at 399.809 kcal/mol = 6.35945
      interpolating states number/density done, cpu time[sec] = 1.17669, elapsed time[sec] = 0
   Model::RRHO::RRHO:  done, cpu time[sec] = 1.24743, elapsed time[sec] = 0
   WELL: W2
   Model::RRHO::RRHO:  starts
      Model::new_core:  starts
         Model::RigidRotor::RigidRotor:  starts
            molecular geometry will be used to estimate rotational constants
            rotational configuration: nonlinear
            rotational constants[1/cm]:         23.7897       0.601083        0.58627
         Model::RigidRotor::RigidRotor:  done, cpu time[sec] = 0.012212, elapsed time[sec] = 0
      Model::new_core:  done, cpu time[sec] = 0.035187, elapsed time[sec] = 0
      ground state energy, kcal/mol:   0.15
      interpolating states number/density starts
         core state contribution ... done, cpu time[sec] = 0.107846, elapsed time[sec] = 0
         electronic states contribution ... done, cpu time[sec] = 0.014308, elapsed time[sec] = 0
         vibrational modes contribution ... done, cpu time[sec] = 0.028832, elapsed time[sec] = 0
         effective power exponent at 399.849 kcal/mol = 6.36045
      interpolating states number/density done, cpu time[sec] = 1.1066, elapsed time[sec] = 0
   Model::RRHO::RRHO:  done, cpu time[sec] = 1.17861, elapsed time[sec] = 0
   WELL: W3
   Model::RRHO::RRHO:  starts
      Model::new_core:  starts
         Model::RigidRotor::RigidRotor:  starts
            molecular geometry will be used to estimate rotational constants
            rotational configuration: nonlinear
            rotational constants[1/cm]:         1.78953        1.33461       0.764474
         Model::RigidRotor::RigidRotor:  done, cpu time[sec] = 0.012083, elapsed time[sec] = 0
      Model::new_core:  done, cpu time[sec] = 0.034572, elapsed time[sec] = 0
      ground state energy, kcal/mol:   0.21
      interpolating states number/density starts
         core state contribution ... done, cpu time[sec] = 0.108462, elapsed time[sec] = 0
         electronic states contribution ... done, cpu time[sec] = 0.013832, elapsed time[sec] = 0
         vibrational modes contribution ... done, cpu time[sec] = 0.028651, elapsed time[sec] = 0
         effective power exponent at 399.789 kcal/mol = 6.35813
      interpolating states number/density done, cpu time[sec] = 1.04809, elapsed time[sec] = 0
   Model::RRHO::RRHO:  done, cpu time[sec] = 1.10685, elapsed time[sec] = 0
   WELL: W4
   Model::RRHO::RRHO:  starts
      Model::new_core:  starts
         Model::RigidRotor::RigidRotor:  starts
            molecular geometry will be used to estimate rotational constants
            rotational configuration: nonlinear
            rotational constants[1/cm]:         9.52595        1.29538        1.14032
         Model::RigidRotor::RigidRotor:  done, cpu time[sec] = 0.000214, elapsed time[sec] = 0
      Model::new_core:  done, cpu time[sec] = 0.000328, elapsed time[sec] = 0
      ground state energy, kcal/mol:   -86.72
      interpolating states number/density starts
         core state contribution ... done, cpu time[sec] = 0.019146, elapsed time[sec] = 0
         vibrational modes contribution ... done, cpu time[sec] = 0.001911, elapsed time[sec] = 0
         effective power exponent at 486.717 kcal/mol = 6.27499
      interpolating states number/density done, cpu time[sec] = 0.057675, elapsed time[sec] = 0
   Model::RRHO::RRHO:  done, cpu time[sec] = 0.05839, elapsed time[sec] = 0
   WELL: W5t
   Model::RRHO::RRHO:  starts
      Model::new_core:  starts
         Model::RigidRotor::RigidRotor:  starts
            molecular geometry will be used to estimate rotational constants
            rotational configuration: nonlinear
            rotational constants[1/cm]:         9.65604        1.21662        1.08048
         Model::RigidRotor::RigidRotor:  done, cpu time[sec] = 1.6e-05, elapsed time[sec] = 0
      Model::new_core:  done, cpu time[sec] = 2.3e-05, elapsed time[sec] = 0
      ground state energy, kcal/mol:   -34.55
      interpolating states number/density starts
         core state contribution ... done, cpu time[sec] = 0.001044, elapsed time[sec] = 0
         vibrational modes contribution ... done, cpu time[sec] = 0.000193, elapsed time[sec] = 0
         effective power exponent at 434.55 kcal/mol = 6.24835
      interpolating states number/density done, cpu time[sec] = 0.012355, elapsed time[sec] = 0
   Model::RRHO::RRHO:  done, cpu time[sec] = 0.012412, elapsed time[sec] = 0
Model::init:  done, cpu time[sec] = 4.74878, elapsed time[sec] = 0
