Model::init:  starts
   Model::ExponentialKernel::ExponentialKernel:  ... done
   Model::LennardJonesCollision::LennardJonesCollision:  ... done
   WELL: W0
   Model::RRHO::RRHO:  starts
      Model::new_core:  starts
         Model::RigidRotor::RigidRotor:  starts
            molecular geometry will be used to estimate rotational constants
            rotational configuration: nonlinear
            rotational constants[1/cm]:         23.7897       0.601083        0.58627
         Model::RigidRotor::RigidRotor:  done, cpu time[sec] = 0.003014, elapsed time[sec] = 0
      Model::new_core:  done, cpu time[sec] = 0.003672, elapsed time[sec] = 0
      ground state energy, kcal/mol:   0.15
      interpolating states number/density starts
         core state contribution ... done, cpu time[sec] = 0.208959, elapsed time[sec] = 0
         electronic states contribution ... done, cpu time[sec] = 0.005, elapsed time[sec] = 0
         vibrational modes contribution ... done, cpu time[sec] = 0.027697, elapsed time[sec] = 0
         effective power exponent at 399.849 kcal/mol = 6.36045
      interpolating states number/density done, cpu time[sec] = 1.49342, elapsed time[sec] = 0
   Model::RRHO::RRHO:  done, cpu time[sec] = 1.51589, elapsed time[sec] = 0
   WELL: W1
   Model::RRHO::RRHO:  starts
      Model::new_core:  starts
         Model::RigidRotor::RigidRotor:  starts
            molecular geometry will be used to estimate rotational constants
            rotational configuration: nonlinear
            rotational constants[1/cm]:         2.27757        1.07738         0.7314
         Model::RigidRotor::RigidRotor:  done, cpu time[sec] = 0.012006, elapsed time[sec] = 0
      Model::new_core:  done, cpu time[sec] = 0.033432, elapsed time[sec] = 0
      ground state energy, kcal/mol:   0.19
      interpolating states number/density starts
         core state contribution ... done, cpu time[sec] = 0.124729, elapsed time[sec] = 0
         electronic states contribution ... done, cpu time[sec] = 0.013041, elapsed time[sec] = 0
         vibrational modes contribution ... done, cpu time[sec] = 0.027955, elapsed time[sec] = 0
         effective power exponent at 399.809 kcal/mol = 6.35945
      interpolating states number/density done, cpu time[sec] = 1.18634, elapsed time[sec] = 0
   Model::RRHO::RRHO:  done, cpu time[sec] = 1.25864, elapsed time[sec] = 0
   WELL: W2
   Model::RRHO::RRHO:  starts
      Model::new_core:  starts
         Model::RigidRotor::RigidRotor:  starts
            molecular geometry will be used to estimate rotational constants
            rotational configuration: nonlinear
            rotational constants[1/cm]:         23.7897       0.601083        0.58627
         Model::RigidRotor::RigidRotor:  done, cpu time[sec] = 0.01228, elapsed time[sec] = 0
      Model::new_core:  done, cpu time[sec] = 0.033568, elapsed time[sec] = 0
      ground state energy, kcal/mol:   0.15
      interpolating states number/density starts
         core state contribution ... done, cpu time[sec] = 0.101027, elapsed time[sec] = 0
         electronic states contribution ... done, cpu time[sec] = 0.013721, elapsed time[sec] = 0
         vibrational modes contribution ... done, cpu time[sec] = 0.028182, elapsed time[sec] = 0
         effective power exponent at 399.849 kcal/mol = 6.36045
      interpolating states number/density done, cpu time[sec] = 1.07817, elapsed time[sec] = 0
   Model::RRHO::RRHO:  done, cpu time[sec] = 1.14924, elapsed time[sec] = 0
   WELL: W3
   Model::RRHO::RRHO:  starts
      Model::new_core:  starts
         Model::RigidRotor::RigidRotor:  starts
            molecular geometry will be used to estimate rotational constants
            rotational configuration: nonlinear
            rotational constants[1/cm]:         1.78953        1.33461       0.764474
         Model::RigidRotor::RigidRotor:  done, cpu time[sec] = 0.011836, elapsed time[sec] = 0
      Model::new_core:  done, cpu time[sec] = 0.033655, elapsed time[sec] = 0
      ground state energy, kcal/mol:   0.21
      interpolating states number/density starts
         core state contribution ... done, cpu time[sec] = 0.104235, elapsed time[sec] = 0
         electronic states contribution ... done, cpu time[sec] = 0.013408, elapsed time[sec] = 0
         vibrational modes contribution ... done, cpu time[sec] = 0.027019, elapsed time[sec] = 0
         effective power exponent at 399.789 kcal/mol = 6.35813
      interpolating states number/density done, cpu time[sec] = 0.416537, elapsed time[sec] = 0
   Model::RRHO::RRHO:  done, cpu time[sec] = 0.473231, elapsed time[sec] = 0
   WELL: W4
   Model::RRHO::RRHO:  starts
      Model::new_core:  starts
         Model::RigidRotor::RigidRotor:  starts
            molecular geometry will be used to estimate rotational constants
            rotational configuration: nonlinear
            rotational constants[1/cm]:         9.52595        1.29538        1.14032
         Model::RigidRotor::RigidRotor:  done, cpu time[sec] = 7.3e-05, elapsed time[sec] = 0
      Model::new_core:  done, cpu time[sec] = 9.8e-05, elapsed time[sec] = 0
      ground state energy, kcal/mol:   -86.72
      interpolating states number/density starts
         core state contribution ... done, cpu time[sec] = 0.00529, elapsed time[sec] = 0
         vibrational modes contribution ... done, cpu time[sec] = 0.000849, elapsed time[sec] = 0
         effective power exponent at 486.717 kcal/mol = 6.27499
      interpolating states number/density done, cpu time[sec] = 0.047267, elapsed time[sec] = 0
   Model::RRHO::RRHO:  done, cpu time[sec] = 0.047496, elapsed time[sec] = 0
   WELL: W5t
   Model::RRHO::RRHO:  starts
      Model::new_core:  starts
         Model::RigidRotor::RigidRotor:  starts
            molecular geometry will be used to estimate rotational constants
            rotational configuration: nonlinear
            rotational constants[1/cm]:         9.65604        1.21662        1.08048
         Model::RigidRotor::RigidRotor:  done, cpu time[sec] = 1.8e-05, elapsed time[sec] = 0
      Model::new_core:  done, cpu time[sec] = 2.5e-05, elapsed time[sec] = 0
      ground state energy, kcal/mol:   -34.55
      interpolating states number/density starts
         core state contribution ... done, cpu time[sec] = 0.001049, elapsed time[sec] = 0
         vibrational modes contribution ... done, cpu time[sec] = 0.000194, elapsed time[sec] = 0
         effective power exponent at 434.55 kcal/mol = 6.24835
      interpolating states number/density done, cpu time[sec] = 0.012717, elapsed time[sec] = 0
   Model::RRHO::RRHO:  done, cpu time[sec] = 0.0128, elapsed time[sec] = 0
Model::init:  done, cpu time[sec] = 4.50688, elapsed time[sec] = 0
