Model::init:  starts
   Model::ExponentialKernel::ExponentialKernel:  ... done
   Model::LennardJonesCollision::LennardJonesCollision:  ... done
   WELL: W0
   Model::RRHO::RRHO:  starts
      Model::new_core:  starts
         Model::RigidRotor::RigidRotor:  starts
            molecular geometry will be used to estimate rotational constants
            rotational configuration: nonlinear
            rotational constants[1/cm]:         23.7897       0.601083        0.58627
         Model::RigidRotor::RigidRotor:  done, cpu time[sec] = 0.003614, elapsed time[sec] = 0
      Model::new_core:  done, cpu time[sec] = 0.004382, elapsed time[sec] = 0
      ground state energy, kcal/mol:   0.15
      interpolating states number/density starts
         core state contribution ... done, cpu time[sec] = 0.122101, elapsed time[sec] = 0
         electronic states contribution ... done, cpu time[sec] = 0.002424, elapsed time[sec] = 0
         vibrational modes contribution ... done, cpu time[sec] = 0.01513, elapsed time[sec] = 0
         effective power exponent at 399.849 kcal/mol = 6.36045
      interpolating states number/density done, cpu time[sec] = 1.15315, elapsed time[sec] = 0
   Model::RRHO::RRHO:  done, cpu time[sec] = 1.1747, elapsed time[sec] = 0
   WELL: W1
   Model::RRHO::RRHO:  starts
      Model::new_core:  starts
         Model::RigidRotor::RigidRotor:  starts
            molecular geometry will be used to estimate rotational constants
            rotational configuration: nonlinear
            rotational constants[1/cm]:         2.27757        1.07738         0.7314
         Model::RigidRotor::RigidRotor:  done, cpu time[sec] = 0.011659, elapsed time[sec] = 0
      Model::new_core:  done, cpu time[sec] = 0.033244, elapsed time[sec] = 0
      ground state energy, kcal/mol:   0.19
      interpolating states number/density starts
         core state contribution ... done, cpu time[sec] = 0.112521, elapsed time[sec] = 0
         electronic states contribution ... done, cpu time[sec] = 0.013252, elapsed time[sec] = 0
         vibrational modes contribution ... done, cpu time[sec] = 0.026641, elapsed time[sec] = 0
         effective power exponent at 399.809 kcal/mol = 6.35945
      interpolating states number/density done, cpu time[sec] = 1.13726, elapsed time[sec] = 0
   Model::RRHO::RRHO:  done, cpu time[sec] = 1.20635, elapsed time[sec] = 0
   WELL: W2
   Model::RRHO::RRHO:  starts
      Model::new_core:  starts
         Model::RigidRotor::RigidRotor:  starts
            molecular geometry will be used to estimate rotational constants
            rotational configuration: nonlinear
            rotational constants[1/cm]:         23.7897       0.601083        0.58627
         Model::RigidRotor::RigidRotor:  done, cpu time[sec] = 0.011838, elapsed time[sec] = 0
      Model::new_core:  done, cpu time[sec] = 0.033664, elapsed time[sec] = 0
      ground state energy, kcal/mol:   0.15
      interpolating states number/density starts
         core state contribution ... done, cpu time[sec] = 0.09945, elapsed time[sec] = 0
         electronic states contribution ... done, cpu time[sec] = 0.013331, elapsed time[sec] = 0
         vibrational modes contribution ... done, cpu time[sec] = 0.027313, elapsed time[sec] = 0
         effective power exponent at 399.849 kcal/mol = 6.36045
      interpolating states number/density done, cpu time[sec] = 1.07056, elapsed time[sec] = 0
   Model::RRHO::RRHO:  done, cpu time[sec] = 1.1396, elapsed time[sec] = 0
   WELL: W3
   Model::RRHO::RRHO:  starts
      Model::new_core:  starts
         Model::RigidRotor::RigidRotor:  starts
            molecular geometry will be used to estimate rotational constants
            rotational configuration: nonlinear
            rotational constants[1/cm]:         1.78953        1.33461       0.764474
         Model::RigidRotor::RigidRotor:  done, cpu time[sec] = 0.011487, elapsed time[sec] = 0
      Model::new_core:  done, cpu time[sec] = 0.032847, elapsed time[sec] = 0
      ground state energy, kcal/mol:   0.21
      interpolating states number/density starts
         core state contribution ... done, cpu time[sec] = 0.098572, elapsed time[sec] = 0
         electronic states contribution ... done, cpu time[sec] = 0.013778, elapsed time[sec] = 0
         vibrational modes contribution ... done, cpu time[sec] = 0.02658, elapsed time[sec] = 0
         effective power exponent at 399.789 kcal/mol = 6.35813
      interpolating states number/density done, cpu time[sec] = 0.975656, elapsed time[sec] = 0
   Model::RRHO::RRHO:  done, cpu time[sec] = 1.03142, elapsed time[sec] = 0
   WELL: W4
   Model::RRHO::RRHO:  starts
      Model::new_core:  starts
         Model::RigidRotor::RigidRotor:  starts
            molecular geometry will be used to estimate rotational constants
            rotational configuration: nonlinear
            rotational constants[1/cm]:         9.52595        1.29538        1.14032
         Model::RigidRotor::RigidRotor:  done, cpu time[sec] = 0.000243, elapsed time[sec] = 0
      Model::new_core:  done, cpu time[sec] = 0.000382, elapsed time[sec] = 0
      ground state energy, kcal/mol:   -86.72
      interpolating states number/density starts
         core state contribution ... done, cpu time[sec] = 0.021322, elapsed time[sec] = 0
         vibrational modes contribution ... done, cpu time[sec] = 0.003008, elapsed time[sec] = 0
         effective power exponent at 486.717 kcal/mol = 6.27499
      interpolating states number/density done, cpu time[sec] = 0.076938, elapsed time[sec] = 0
   Model::RRHO::RRHO:  done, cpu time[sec] = 0.077762, elapsed time[sec] = 0
   WELL: W5t
   Model::RRHO::RRHO:  starts
      Model::new_core:  starts
         Model::RigidRotor::RigidRotor:  starts
            molecular geometry will be used to estimate rotational constants
            rotational configuration: nonlinear
            rotational constants[1/cm]:         9.65604        1.21662        1.08048
         Model::RigidRotor::RigidRotor:  done, cpu time[sec] = 1.7e-05, elapsed time[sec] = 0
      Model::new_core:  done, cpu time[sec] = 2.3e-05, elapsed time[sec] = 0
      ground state energy, kcal/mol:   -34.55
      interpolating states number/density starts
         core state contribution ... done, cpu time[sec] = 0.00104, elapsed time[sec] = 0
         vibrational modes contribution ... done, cpu time[sec] = 0.000202, elapsed time[sec] = 0
         effective power exponent at 434.55 kcal/mol = 6.24835
      interpolating states number/density done, cpu time[sec] = 0.012677, elapsed time[sec] = 0
   Model::RRHO::RRHO:  done, cpu time[sec] = 0.012742, elapsed time[sec] = 0
Model::init:  done, cpu time[sec] = 4.69101, elapsed time[sec] = 0
