Model::init:  starts
   Model::ExponentialKernel::ExponentialKernel:  ... done
   Model::LennardJonesCollision::LennardJonesCollision:  ... done
   WELL: W0
   Model::RRHO::RRHO:  starts
      Model::new_core:  starts
         Model::RigidRotor::RigidRotor:  starts
            molecular geometry will be used to estimate rotational constants
            rotational configuration: nonlinear
            rotational constants[1/cm]:         23.7897       0.601083        0.58627
         Model::RigidRotor::RigidRotor:  done, cpu time[sec] = 0.003313, elapsed time[sec] = 0
      Model::new_core:  done, cpu time[sec] = 0.004027, elapsed time[sec] = 0
      ground state energy, kcal/mol:   0.15
      interpolating states number/density starts
         core state contribution ... done, cpu time[sec] = 0.108875, elapsed time[sec] = 0
         electronic states contribution ... done, cpu time[sec] = 0.002691, elapsed time[sec] = 0
         vibrational modes contribution ... done, cpu time[sec] = 0.016887, elapsed time[sec] = 0
         effective power exponent at 399.849 kcal/mol = 6.36045
      interpolating states number/density done, cpu time[sec] = 1.17429, elapsed time[sec] = 0
   Model::RRHO::RRHO:  done, cpu time[sec] = 1.18179, elapsed time[sec] = 0
   WELL: W1
   Model::RRHO::RRHO:  starts
      Model::new_core:  starts
         Model::RigidRotor::RigidRotor:  starts
            molecular geometry will be used to estimate rotational constants
            rotational configuration: nonlinear
            rotational constants[1/cm]:         2.27757        1.07738         0.7314
         Model::RigidRotor::RigidRotor:  done, cpu time[sec] = 0.001298, elapsed time[sec] = 0
      Model::new_core:  done, cpu time[sec] = 0.001918, elapsed time[sec] = 0
      ground state energy, kcal/mol:   0.19
      interpolating states number/density starts
         core state contribution ... done, cpu time[sec] = 0.109702, elapsed time[sec] = 0
         electronic states contribution ... done, cpu time[sec] = 0.002845, elapsed time[sec] = 0
         vibrational modes contribution ... done, cpu time[sec] = 0.017717, elapsed time[sec] = 0
         effective power exponent at 399.809 kcal/mol = 6.35945
      interpolating states number/density done, cpu time[sec] = 1.12135, elapsed time[sec] = 0
   Model::RRHO::RRHO:  done, cpu time[sec] = 1.12683, elapsed time[sec] = 0
   WELL: W2
   Model::RRHO::RRHO:  starts
      Model::new_core:  starts
         Model::RigidRotor::RigidRotor:  starts
            molecular geometry will be used to estimate rotational constants
            rotational configuration: nonlinear
            rotational constants[1/cm]:         23.7897       0.601083        0.58627
         Model::RigidRotor::RigidRotor:  done, cpu time[sec] = 0.001227, elapsed time[sec] = 0
      Model::new_core:  done, cpu time[sec] = 0.001862, elapsed time[sec] = 0
      ground state energy, kcal/mol:   0.15
      interpolating states number/density starts
         core state contribution ... done, cpu time[sec] = 0.096577, elapsed time[sec] = 0
         electronic states contribution ... done, cpu time[sec] = 0.003377, elapsed time[sec] = 0
         vibrational modes contribution ... done, cpu time[sec] = 0.018352, elapsed time[sec] = 0
         effective power exponent at 399.849 kcal/mol = 6.36045
      interpolating states number/density done, cpu time[sec] = 1.04415, elapsed time[sec] = 0
   Model::RRHO::RRHO:  done, cpu time[sec] = 1.06316, elapsed time[sec] = 0
   WELL: W3
   Model::RRHO::RRHO:  starts
      Model::new_core:  starts
         Model::RigidRotor::RigidRotor:  starts
            molecular geometry will be used to estimate rotational constants
            rotational configuration: nonlinear
            rotational constants[1/cm]:         1.78953        1.33461       0.764474
         Model::RigidRotor::RigidRotor:  done, cpu time[sec] = 0.012507, elapsed time[sec] = 0
      Model::new_core:  done, cpu time[sec] = 0.035123, elapsed time[sec] = 0
      ground state energy, kcal/mol:   0.21
      interpolating states number/density starts
         core state contribution ... done, cpu time[sec] = 0.107556, elapsed time[sec] = 0
         electronic states contribution ... done, cpu time[sec] = 0.014023, elapsed time[sec] = 0
         vibrational modes contribution ... done, cpu time[sec] = 0.028224, elapsed time[sec] = 0
         effective power exponent at 399.789 kcal/mol = 6.35813
      interpolating states number/density done, cpu time[sec] = 1.1244, elapsed time[sec] = 0
   Model::RRHO::RRHO:  done, cpu time[sec] = 1.18529, elapsed time[sec] = 0
   WELL: W4
   Model::RRHO::RRHO:  starts
      Model::new_core:  starts
         Model::RigidRotor::RigidRotor:  starts
            molecular geometry will be used to estimate rotational constants
            rotational configuration: nonlinear
            rotational constants[1/cm]:         9.52595        1.29538        1.14032
         Model::RigidRotor::RigidRotor:  done, cpu time[sec] = 0.001215, elapsed time[sec] = 0
      Model::new_core:  done, cpu time[sec] = 0.001862, elapsed time[sec] = 0
      ground state energy, kcal/mol:   -86.72
      interpolating states number/density starts
         core state contribution ... done, cpu time[sec] = 0.061405, elapsed time[sec] = 0
         vibrational modes contribution ... done, cpu time[sec] = 0.005756, elapsed time[sec] = 0
         effective power exponent at 486.717 kcal/mol = 6.27499
      interpolating states number/density done, cpu time[sec] = 0.116391, elapsed time[sec] = 0
   Model::RRHO::RRHO:  done, cpu time[sec] = 0.120329, elapsed time[sec] = 0
   WELL: W5t
   Model::RRHO::RRHO:  starts
      Model::new_core:  starts
         Model::RigidRotor::RigidRotor:  starts
            molecular geometry will be used to estimate rotational constants
            rotational configuration: nonlinear
            rotational constants[1/cm]:         9.65604        1.21662        1.08048
         Model::RigidRotor::RigidRotor:  done, cpu time[sec] = 1.9e-05, elapsed time[sec] = 0
      Model::new_core:  done, cpu time[sec] = 2.6e-05, elapsed time[sec] = 0
      ground state energy, kcal/mol:   -34.55
      interpolating states number/density starts
         core state contribution ... done, cpu time[sec] = 0.001048, elapsed time[sec] = 0
         vibrational modes contribution ... done, cpu time[sec] = 0.000196, elapsed time[sec] = 0
         effective power exponent at 434.55 kcal/mol = 6.24835
      interpolating states number/density done, cpu time[sec] = 0.012662, elapsed time[sec] = 0
   Model::RRHO::RRHO:  done, cpu time[sec] = 0.012734, elapsed time[sec] = 0
Model::init:  done, cpu time[sec] = 4.72193, elapsed time[sec] = 0
