Model::init:  starts
   Model::ExponentialKernel::ExponentialKernel:  ... done
   Model::LennardJonesCollision::LennardJonesCollision:  ... done
   WELL: W0
   Model::RRHO::RRHO:  starts
      Model::new_core:  starts
         Model::RigidRotor::RigidRotor:  starts
            molecular geometry will be used to estimate rotational constants
            rotational configuration: nonlinear
            rotational constants[1/cm]:         23.7897       0.601083        0.58627
         Model::RigidRotor::RigidRotor:  done, cpu time[sec] = 0.003809, elapsed time[sec] = 0
      Model::new_core:  done, cpu time[sec] = 0.004527, elapsed time[sec] = 0
      ground state energy, kcal/mol:   0.15
      interpolating states number/density starts
         core state contribution ... done, cpu time[sec] = 0.104778, elapsed time[sec] = 0
         electronic states contribution ... done, cpu time[sec] = 0.01253, elapsed time[sec] = 0
         vibrational modes contribution ... done, cpu time[sec] = 0.028189, elapsed time[sec] = 0
         effective power exponent at 399.849 kcal/mol = 6.36045
      interpolating states number/density done, cpu time[sec] = 1.201, elapsed time[sec] = 0
   Model::RRHO::RRHO:  done, cpu time[sec] = 1.22133, elapsed time[sec] = 0
   WELL: W1
   Model::RRHO::RRHO:  starts
      Model::new_core:  starts
         Model::RigidRotor::RigidRotor:  starts
            molecular geometry will be used to estimate rotational constants
            rotational configuration: nonlinear
            rotational constants[1/cm]:         2.27757        1.07738         0.7314
         Model::RigidRotor::RigidRotor:  done, cpu time[sec] = 0.012022, elapsed time[sec] = 0
      Model::new_core:  done, cpu time[sec] = 0.03396, elapsed time[sec] = 0
      ground state energy, kcal/mol:   0.19
      interpolating states number/density starts
         core state contribution ... done, cpu time[sec] = 0.120589, elapsed time[sec] = 0
         electronic states contribution ... done, cpu time[sec] = 0.014335, elapsed time[sec] = 0
         vibrational modes contribution ... done, cpu time[sec] = 0.02825, elapsed time[sec] = 0
         effective power exponent at 399.809 kcal/mol = 6.35945
      interpolating states number/density done, cpu time[sec] = 1.19461, elapsed time[sec] = 0
   Model::RRHO::RRHO:  done, cpu time[sec] = 1.26583, elapsed time[sec] = 0
   WELL: W2
   Model::RRHO::RRHO:  starts
      Model::new_core:  starts
         Model::RigidRotor::RigidRotor:  starts
            molecular geometry will be used to estimate rotational constants
            rotational configuration: nonlinear
            rotational constants[1/cm]:         23.7897       0.601083        0.58627
         Model::RigidRotor::RigidRotor:  done, cpu time[sec] = 0.012108, elapsed time[sec] = 0
      Model::new_core:  done, cpu time[sec] = 0.034491, elapsed time[sec] = 0
      ground state energy, kcal/mol:   0.15
      interpolating states number/density starts
         core state contribution ... done, cpu time[sec] = 0.107174, elapsed time[sec] = 0
         electronic states contribution ... done, cpu time[sec] = 0.013639, elapsed time[sec] = 0
         vibrational modes contribution ... done, cpu time[sec] = 0.029153, elapsed time[sec] = 0
         effective power exponent at 399.849 kcal/mol = 6.36045
      interpolating states number/density done, cpu time[sec] = 1.11745, elapsed time[sec] = 0
   Model::RRHO::RRHO:  done, cpu time[sec] = 1.18918, elapsed time[sec] = 0
   WELL: W3
   Model::RRHO::RRHO:  starts
      Model::new_core:  starts
         Model::RigidRotor::RigidRotor:  starts
            molecular geometry will be used to estimate rotational constants
            rotational configuration: nonlinear
            rotational constants[1/cm]:         1.78953        1.33461       0.764474
         Model::RigidRotor::RigidRotor:  done, cpu time[sec] = 0.012052, elapsed time[sec] = 0
      Model::new_core:  done, cpu time[sec] = 0.034492, elapsed time[sec] = 0
      ground state energy, kcal/mol:   0.21
      interpolating states number/density starts
         core state contribution ... done, cpu time[sec] = 0.107195, elapsed time[sec] = 0
         electronic states contribution ... done, cpu time[sec] = 0.013671, elapsed time[sec] = 0
         vibrational modes contribution ... done, cpu time[sec] = 0.032212, elapsed time[sec] = 0
         effective power exponent at 399.789 kcal/mol = 6.35813
      interpolating states number/density done, cpu time[sec] = 0.836137, elapsed time[sec] = 0
   Model::RRHO::RRHO:  done, cpu time[sec] = 0.894361, elapsed time[sec] = 0
   WELL: W4
   Model::RRHO::RRHO:  starts
      Model::new_core:  starts
         Model::RigidRotor::RigidRotor:  starts
            molecular geometry will be used to estimate rotational constants
            rotational configuration: nonlinear
            rotational constants[1/cm]:         9.52595        1.29538        1.14032
         Model::RigidRotor::RigidRotor:  done, cpu time[sec] = 0.000102, elapsed time[sec] = 0
      Model::new_core:  done, cpu time[sec] = 0.000145, elapsed time[sec] = 0
      ground state energy, kcal/mol:   -86.72
      interpolating states number/density starts
         core state contribution ... done, cpu time[sec] = 0.008133, elapsed time[sec] = 0
         vibrational modes contribution ... done, cpu time[sec] = 0.000926, elapsed time[sec] = 0
         effective power exponent at 486.717 kcal/mol = 6.27499
      interpolating states number/density done, cpu time[sec] = 0.032019, elapsed time[sec] = 0
   Model::RRHO::RRHO:  done, cpu time[sec] = 0.032335, elapsed time[sec] = 0
   WELL: W5t
   Model::RRHO::RRHO:  starts
      Model::new_core:  starts
         Model::RigidRotor::RigidRotor:  starts
            molecular geometry will be used to estimate rotational constants
            rotational configuration: nonlinear
            rotational constants[1/cm]:         9.65604        1.21662        1.08048
         Model::RigidRotor::RigidRotor:  done, cpu time[sec] = 1.5e-05, elapsed time[sec] = 0
      Model::new_core:  done, cpu time[sec] = 2.2e-05, elapsed time[sec] = 0
      ground state energy, kcal/mol:   -34.55
      interpolating states number/density starts
         core state contribution ... done, cpu time[sec] = 0.001046, elapsed time[sec] = 0
         vibrational modes contribution ... done, cpu time[sec] = 0.000198, elapsed time[sec] = 0
         effective power exponent at 434.55 kcal/mol = 6.24835
      interpolating states number/density done, cpu time[sec] = 0.012653, elapsed time[sec] = 0
   Model::RRHO::RRHO:  done, cpu time[sec] = 0.012713, elapsed time[sec] = 0
Model::init:  done, cpu time[sec] = 4.66573, elapsed time[sec] = 0
