Model::init:  starts
   Model::ExponentialKernel::ExponentialKernel:  ... done
   Model::LennardJonesCollision::LennardJonesCollision:  ... done
   WELL: W0
   Model::RRHO::RRHO:  starts
      Model::new_core:  starts
         Model::RigidRotor::RigidRotor:  starts
            molecular geometry will be used to estimate rotational constants
            rotational configuration: nonlinear
            rotational constants[1/cm]:         23.7897       0.601083        0.58627
         Model::RigidRotor::RigidRotor:  done, cpu time[sec] = 0.003585, elapsed time[sec] = 0
      Model::new_core:  done, cpu time[sec] = 0.004497, elapsed time[sec] = 0
      ground state energy, kcal/mol:   0.15
      interpolating states number/density starts
         core state contribution ... done, cpu time[sec] = 0.10842, elapsed time[sec] = 0
         electronic states contribution ... done, cpu time[sec] = 0.012739, elapsed time[sec] = 0
         vibrational modes contribution ... done, cpu time[sec] = 0.026103, elapsed time[sec] = 0
         effective power exponent at 399.849 kcal/mol = 6.36045
      interpolating states number/density done, cpu time[sec] = 1.18235, elapsed time[sec] = 0
   Model::RRHO::RRHO:  done, cpu time[sec] = 1.20238, elapsed time[sec] = 0
   WELL: W1
   Model::RRHO::RRHO:  starts
      Model::new_core:  starts
         Model::RigidRotor::RigidRotor:  starts
            molecular geometry will be used to estimate rotational constants
            rotational configuration: nonlinear
            rotational constants[1/cm]:         2.27757        1.07738         0.7314
         Model::RigidRotor::RigidRotor:  done, cpu time[sec] = 0.0124, elapsed time[sec] = 0
      Model::new_core:  done, cpu time[sec] = 0.034871, elapsed time[sec] = 0
      ground state energy, kcal/mol:   0.19
      interpolating states number/density starts
         core state contribution ... done, cpu time[sec] = 0.113726, elapsed time[sec] = 0
         electronic states contribution ... done, cpu time[sec] = 0.013585, elapsed time[sec] = 0
         vibrational modes contribution ... done, cpu time[sec] = 0.028348, elapsed time[sec] = 0
         effective power exponent at 399.809 kcal/mol = 6.35945
      interpolating states number/density done, cpu time[sec] = 1.14287, elapsed time[sec] = 0
   Model::RRHO::RRHO:  done, cpu time[sec] = 1.21466, elapsed time[sec] = 0
   WELL: W2
   Model::RRHO::RRHO:  starts
      Model::new_core:  starts
         Model::RigidRotor::RigidRotor:  starts
            molecular geometry will be used to estimate rotational constants
            rotational configuration: nonlinear
            rotational constants[1/cm]:         23.7897       0.601083        0.58627
         Model::RigidRotor::RigidRotor:  done, cpu time[sec] = 0.011913, elapsed time[sec] = 0
      Model::new_core:  done, cpu time[sec] = 0.034302, elapsed time[sec] = 0
      ground state energy, kcal/mol:   0.15
      interpolating states number/density starts
         core state contribution ... done, cpu time[sec] = 0.101159, elapsed time[sec] = 0
         electronic states contribution ... done, cpu time[sec] = 0.013662, elapsed time[sec] = 0
         vibrational modes contribution ... done, cpu time[sec] = 0.027765, elapsed time[sec] = 0
         effective power exponent at 399.849 kcal/mol = 6.36045
      interpolating states number/density done, cpu time[sec] = 1.07315, elapsed time[sec] = 0
   Model::RRHO::RRHO:  done, cpu time[sec] = 1.14365, elapsed time[sec] = 0
   WELL: W3
   Model::RRHO::RRHO:  starts
      Model::new_core:  starts
         Model::RigidRotor::RigidRotor:  starts
            molecular geometry will be used to estimate rotational constants
            rotational configuration: nonlinear
            rotational constants[1/cm]:         1.78953        1.33461       0.764474
         Model::RigidRotor::RigidRotor:  done, cpu time[sec] = 0.011966, elapsed time[sec] = 0
      Model::new_core:  done, cpu time[sec] = 0.034158, elapsed time[sec] = 0
      ground state energy, kcal/mol:   0.21
      interpolating states number/density starts
         core state contribution ... done, cpu time[sec] = 0.101646, elapsed time[sec] = 0
         electronic states contribution ... done, cpu time[sec] = 0.013671, elapsed time[sec] = 0
         vibrational modes contribution ... done, cpu time[sec] = 0.027749, elapsed time[sec] = 0
         effective power exponent at 399.789 kcal/mol = 6.35813
      interpolating states number/density done, cpu time[sec] = 1.06239, elapsed time[sec] = 0
   Model::RRHO::RRHO:  done, cpu time[sec] = 1.12061, elapsed time[sec] = 0
   WELL: W4
   Model::RRHO::RRHO:  starts
      Model::new_core:  starts
         Model::RigidRotor::RigidRotor:  starts
            molecular geometry will be used to estimate rotational constants
            rotational configuration: nonlinear
            rotational constants[1/cm]:         9.52595        1.29538        1.14032
         Model::RigidRotor::RigidRotor:  done, cpu time[sec] = 0.000498, elapsed time[sec] = 0
      Model::new_core:  done, cpu time[sec] = 0.000787, elapsed time[sec] = 0
      ground state energy, kcal/mol:   -86.72
      interpolating states number/density starts
         core state contribution ... done, cpu time[sec] = 0.01339, elapsed time[sec] = 0
         vibrational modes contribution ... done, cpu time[sec] = 0.000559, elapsed time[sec] = 0
         effective power exponent at 486.717 kcal/mol = 6.27499
      interpolating states number/density done, cpu time[sec] = 0.042899, elapsed time[sec] = 0
   Model::RRHO::RRHO:  done, cpu time[sec] = 0.044511, elapsed time[sec] = 0
   WELL: W5t
   Model::RRHO::RRHO:  starts
      Model::new_core:  starts
         Model::RigidRotor::RigidRotor:  starts
            molecular geometry will be used to estimate rotational constants
            rotational configuration: nonlinear
            rotational constants[1/cm]:         9.65604        1.21662        1.08048
         Model::RigidRotor::RigidRotor:  done, cpu time[sec] = 1.6e-05, elapsed time[sec] = 0
      Model::new_core:  done, cpu time[sec] = 2.3e-05, elapsed time[sec] = 0
      ground state energy, kcal/mol:   -34.55
      interpolating states number/density starts
         core state contribution ... done, cpu time[sec] = 0.001049, elapsed time[sec] = 0
         vibrational modes contribution ... done, cpu time[sec] = 0.000198, elapsed time[sec] = 0
         effective power exponent at 434.55 kcal/mol = 6.24835
      interpolating states number/density done, cpu time[sec] = 0.012288, elapsed time[sec] = 0
   Model::RRHO::RRHO:  done, cpu time[sec] = 0.012346, elapsed time[sec] = 0
Model::init:  done, cpu time[sec] = 4.78974, elapsed time[sec] = 0
