Model::init:  starts
   Model::ExponentialKernel::ExponentialKernel:  ... done
   Model::LennardJonesCollision::LennardJonesCollision:  ... done
   WELL: W0
   Model::RRHO::RRHO:  starts
      Model::new_core:  starts
         Model::RigidRotor::RigidRotor:  starts
            molecular geometry will be used to estimate rotational constants
            rotational configuration: nonlinear
            rotational constants[1/cm]:         23.7897       0.601083        0.58627
         Model::RigidRotor::RigidRotor:  done, cpu time[sec] = 0.004269, elapsed time[sec] = 0
      Model::new_core:  done, cpu time[sec] = 0.005007, elapsed time[sec] = 0
      ground state energy, kcal/mol:   0.15
      interpolating states number/density starts
         core state contribution ... done, cpu time[sec] = 0.119797, elapsed time[sec] = 0
         electronic states contribution ... done, cpu time[sec] = 0.01465, elapsed time[sec] = 0
         vibrational modes contribution ... done, cpu time[sec] = 0.027668, elapsed time[sec] = 0
         effective power exponent at 399.849 kcal/mol = 6.36045
      interpolating states number/density done, cpu time[sec] = 1.27722, elapsed time[sec] = 0
   Model::RRHO::RRHO:  done, cpu time[sec] = 1.29819, elapsed time[sec] = 0
   WELL: W1
   Model::RRHO::RRHO:  starts
      Model::new_core:  starts
         Model::RigidRotor::RigidRotor:  starts
            molecular geometry will be used to estimate rotational constants
            rotational configuration: nonlinear
            rotational constants[1/cm]:         2.27757        1.07738         0.7314
         Model::RigidRotor::RigidRotor:  done, cpu time[sec] = 0.011959, elapsed time[sec] = 0
      Model::new_core:  done, cpu time[sec] = 0.034176, elapsed time[sec] = 0
      ground state energy, kcal/mol:   0.19
      interpolating states number/density starts
         core state contribution ... done, cpu time[sec] = 0.112861, elapsed time[sec] = 0
         electronic states contribution ... done, cpu time[sec] = 0.013294, elapsed time[sec] = 0
         vibrational modes contribution ... done, cpu time[sec] = 0.027524, elapsed time[sec] = 0
         effective power exponent at 399.809 kcal/mol = 6.35945
      interpolating states number/density done, cpu time[sec] = 1.14738, elapsed time[sec] = 0
   Model::RRHO::RRHO:  done, cpu time[sec] = 1.21782, elapsed time[sec] = 0
   WELL: W2
   Model::RRHO::RRHO:  starts
      Model::new_core:  starts
         Model::RigidRotor::RigidRotor:  starts
            molecular geometry will be used to estimate rotational constants
            rotational configuration: nonlinear
            rotational constants[1/cm]:         23.7897       0.601083        0.58627
         Model::RigidRotor::RigidRotor:  done, cpu time[sec] = 0.011804, elapsed time[sec] = 0
      Model::new_core:  done, cpu time[sec] = 0.033491, elapsed time[sec] = 0
      ground state energy, kcal/mol:   0.15
      interpolating states number/density starts
         core state contribution ... done, cpu time[sec] = 0.099415, elapsed time[sec] = 0
         electronic states contribution ... done, cpu time[sec] = 0.013286, elapsed time[sec] = 0
         vibrational modes contribution ... done, cpu time[sec] = 0.027447, elapsed time[sec] = 0
         effective power exponent at 399.849 kcal/mol = 6.36045
      interpolating states number/density done, cpu time[sec] = 1.06977, elapsed time[sec] = 0
   Model::RRHO::RRHO:  done, cpu time[sec] = 1.139, elapsed time[sec] = 0
   WELL: W3
   Model::RRHO::RRHO:  starts
      Model::new_core:  starts
         Model::RigidRotor::RigidRotor:  starts
            molecular geometry will be used to estimate rotational constants
            rotational configuration: nonlinear
            rotational constants[1/cm]:         1.78953        1.33461       0.764474
         Model::RigidRotor::RigidRotor:  done, cpu time[sec] = 0.011707, elapsed time[sec] = 0
      Model::new_core:  done, cpu time[sec] = 0.033493, elapsed time[sec] = 0
      ground state energy, kcal/mol:   0.21
      interpolating states number/density starts
         core state contribution ... done, cpu time[sec] = 0.100054, elapsed time[sec] = 0
         electronic states contribution ... done, cpu time[sec] = 0.013199, elapsed time[sec] = 0
         vibrational modes contribution ... done, cpu time[sec] = 0.026535, elapsed time[sec] = 0
         effective power exponent at 399.789 kcal/mol = 6.35813
      interpolating states number/density done, cpu time[sec] = 0.911528, elapsed time[sec] = 0
   Model::RRHO::RRHO:  done, cpu time[sec] = 0.968108, elapsed time[sec] = 0
   WELL: W4
   Model::RRHO::RRHO:  starts
      Model::new_core:  starts
         Model::RigidRotor::RigidRotor:  starts
            molecular geometry will be used to estimate rotational constants
            rotational configuration: nonlinear
            rotational constants[1/cm]:         9.52595        1.29538        1.14032
         Model::RigidRotor::RigidRotor:  done, cpu time[sec] = 8.7e-05, elapsed time[sec] = 0
      Model::new_core:  done, cpu time[sec] = 0.000129, elapsed time[sec] = 0
      ground state energy, kcal/mol:   -86.72
      interpolating states number/density starts
         core state contribution ... done, cpu time[sec] = 0.00635, elapsed time[sec] = 0
         vibrational modes contribution ... done, cpu time[sec] = 0.001019, elapsed time[sec] = 0
         effective power exponent at 486.717 kcal/mol = 6.27499
      interpolating states number/density done, cpu time[sec] = 0.02963, elapsed time[sec] = 0
   Model::RRHO::RRHO:  done, cpu time[sec] = 0.029928, elapsed time[sec] = 0
   WELL: W5t
   Model::RRHO::RRHO:  starts
      Model::new_core:  starts
         Model::RigidRotor::RigidRotor:  starts
            molecular geometry will be used to estimate rotational constants
            rotational configuration: nonlinear
            rotational constants[1/cm]:         9.65604        1.21662        1.08048
         Model::RigidRotor::RigidRotor:  done, cpu time[sec] = 1.6e-05, elapsed time[sec] = 0
      Model::new_core:  done, cpu time[sec] = 2.2e-05, elapsed time[sec] = 0
      ground state energy, kcal/mol:   -34.55
      interpolating states number/density starts
         core state contribution ... done, cpu time[sec] = 0.001039, elapsed time[sec] = 0
         vibrational modes contribution ... done, cpu time[sec] = 0.000202, elapsed time[sec] = 0
         effective power exponent at 434.55 kcal/mol = 6.24835
      interpolating states number/density done, cpu time[sec] = 0.012611, elapsed time[sec] = 0
   Model::RRHO::RRHO:  done, cpu time[sec] = 0.01267, elapsed time[sec] = 0
Model::init:  done, cpu time[sec] = 4.71463, elapsed time[sec] = 0
