Model::init:  starts
   Model::ExponentialKernel::ExponentialKernel:  ... done
   Model::LennardJonesCollision::LennardJonesCollision:  ... done
   WELL: W0
   Model::RRHO::RRHO:  starts
      Model::new_core:  starts
         Model::RigidRotor::RigidRotor:  starts
            molecular geometry will be used to estimate rotational constants
            rotational configuration: nonlinear
            rotational constants[1/cm]:         23.7897       0.601083        0.58627
         Model::RigidRotor::RigidRotor:  done, cpu time[sec] = 0.010627, elapsed time[sec] = 0
      Model::new_core:  done, cpu time[sec] = 0.011657, elapsed time[sec] = 0
      ground state energy, kcal/mol:   0.15
      interpolating states number/density starts
         core state contribution ... done, cpu time[sec] = 0.110911, elapsed time[sec] = 0
         electronic states contribution ... done, cpu time[sec] = 0.002734, elapsed time[sec] = 0
         vibrational modes contribution ... done, cpu time[sec] = 0.016664, elapsed time[sec] = 0
         effective power exponent at 399.849 kcal/mol = 6.36045
      interpolating states number/density done, cpu time[sec] = 1.15703, elapsed time[sec] = 0
   Model::RRHO::RRHO:  done, cpu time[sec] = 1.1723, elapsed time[sec] = 0
   WELL: W1
   Model::RRHO::RRHO:  starts
      Model::new_core:  starts
         Model::RigidRotor::RigidRotor:  starts
            molecular geometry will be used to estimate rotational constants
            rotational configuration: nonlinear
            rotational constants[1/cm]:         2.27757        1.07738         0.7314
         Model::RigidRotor::RigidRotor:  done, cpu time[sec] = 0.00122, elapsed time[sec] = 0
      Model::new_core:  done, cpu time[sec] = 0.001854, elapsed time[sec] = 0
      ground state energy, kcal/mol:   0.19
      interpolating states number/density starts
         core state contribution ... done, cpu time[sec] = 0.106654, elapsed time[sec] = 0
         electronic states contribution ... done, cpu time[sec] = 0.003401, elapsed time[sec] = 0
         vibrational modes contribution ... done, cpu time[sec] = 0.017716, elapsed time[sec] = 0
         effective power exponent at 399.809 kcal/mol = 6.35945
      interpolating states number/density done, cpu time[sec] = 1.0956, elapsed time[sec] = 0
   Model::RRHO::RRHO:  done, cpu time[sec] = 1.10035, elapsed time[sec] = 0
   WELL: W2
   Model::RRHO::RRHO:  starts
      Model::new_core:  starts
         Model::RigidRotor::RigidRotor:  starts
            molecular geometry will be used to estimate rotational constants
            rotational configuration: nonlinear
            rotational constants[1/cm]:         23.7897       0.601083        0.58627
         Model::RigidRotor::RigidRotor:  done, cpu time[sec] = 0.001048, elapsed time[sec] = 0
      Model::new_core:  done, cpu time[sec] = 0.001679, elapsed time[sec] = 0
      ground state energy, kcal/mol:   0.15
      interpolating states number/density starts
         core state contribution ... done, cpu time[sec] = 0.094196, elapsed time[sec] = 0
         electronic states contribution ... done, cpu time[sec] = 0.003195, elapsed time[sec] = 0
         vibrational modes contribution ... done, cpu time[sec] = 0.018144, elapsed time[sec] = 0
         effective power exponent at 399.849 kcal/mol = 6.36045
      interpolating states number/density done, cpu time[sec] = 1.0247, elapsed time[sec] = 0
   Model::RRHO::RRHO:  done, cpu time[sec] = 1.02909, elapsed time[sec] = 0
   WELL: W3
   Model::RRHO::RRHO:  starts
      Model::new_core:  starts
         Model::RigidRotor::RigidRotor:  starts
            molecular geometry will be used to estimate rotational constants
            rotational configuration: nonlinear
            rotational constants[1/cm]:         1.78953        1.33461       0.764474
         Model::RigidRotor::RigidRotor:  done, cpu time[sec] = 0.000977, elapsed time[sec] = 0
      Model::new_core:  done, cpu time[sec] = 0.001607, elapsed time[sec] = 0
      ground state energy, kcal/mol:   0.21
      interpolating states number/density starts
         core state contribution ... done, cpu time[sec] = 0.095561, elapsed time[sec] = 0
         electronic states contribution ... done, cpu time[sec] = 0.002937, elapsed time[sec] = 0
         vibrational modes contribution ... done, cpu time[sec] = 0.017984, elapsed time[sec] = 0
         effective power exponent at 399.789 kcal/mol = 6.35813
      interpolating states number/density done, cpu time[sec] = 1.04034, elapsed time[sec] = 0
   Model::RRHO::RRHO:  done, cpu time[sec] = 1.04475, elapsed time[sec] = 0
   WELL: W4
   Model::RRHO::RRHO:  starts
      Model::new_core:  starts
         Model::RigidRotor::RigidRotor:  starts
            molecular geometry will be used to estimate rotational constants
            rotational configuration: nonlinear
            rotational constants[1/cm]:         9.52595        1.29538        1.14032
         Model::RigidRotor::RigidRotor:  done, cpu time[sec] = 0.000954, elapsed time[sec] = 0
      Model::new_core:  done, cpu time[sec] = 0.001589, elapsed time[sec] = 0
      ground state energy, kcal/mol:   -86.72
      interpolating states number/density starts
         core state contribution ... done, cpu time[sec] = 0.128157, elapsed time[sec] = 0
         vibrational modes contribution ... done, cpu time[sec] = 0.021169, elapsed time[sec] = 0
         effective power exponent at 486.717 kcal/mol = 6.27499
      interpolating states number/density done, cpu time[sec] = 0.271172, elapsed time[sec] = 0
   Model::RRHO::RRHO:  done, cpu time[sec] = 0.27462, elapsed time[sec] = 0
   WELL: W5t
   Model::RRHO::RRHO:  starts
      Model::new_core:  starts
         Model::RigidRotor::RigidRotor:  starts
            molecular geometry will be used to estimate rotational constants
            rotational configuration: nonlinear
            rotational constants[1/cm]:         9.65604        1.21662        1.08048
         Model::RigidRotor::RigidRotor:  done, cpu time[sec] = 1.5e-05, elapsed time[sec] = 0
      Model::new_core:  done, cpu time[sec] = 2.2e-05, elapsed time[sec] = 0
      ground state energy, kcal/mol:   -34.55
      interpolating states number/density starts
         core state contribution ... done, cpu time[sec] = 0.001048, elapsed time[sec] = 0
         vibrational modes contribution ... done, cpu time[sec] = 0.000196, elapsed time[sec] = 0
         effective power exponent at 434.55 kcal/mol = 6.24835
      interpolating states number/density done, cpu time[sec] = 0.012461, elapsed time[sec] = 0
   Model::RRHO::RRHO:  done, cpu time[sec] = 0.012519, elapsed time[sec] = 0
Model::init:  done, cpu time[sec] = 4.65105, elapsed time[sec] = 0
