Wells (G - ground energy, D - dissociation limit, kcal/mol):
      Name        G        D
        W1    -40.5    -36.4
        W2    -85.8    -37.6
        W3    -45.7    -37.6

Bimolecular Products (G - ground energy, kcal/mol):
      Name        G
         R      0.0
        P1    -37.6
        P2     -8.1

Well-to-Bimolecular Barriers (H/G - barrier height/well depth, kcal/mol)
      Name        H     Well        G  Product
        B1      0.0       W1    -40.5        R
        B2      0.0       W2    -85.8        R
        B3     -8.1       W1    -40.5       P2
        B4    -37.6       W3    -45.7       P1
        B5    -34.8       W3    -45.7       P3

Well-to-Well Barriers (H/G - barrier height/well depth, kcal/mol):
      Name        H     Well       G1     Well       G2
        B6    -36.4       W1    -40.5       W2    -85.8
        B7    -37.6       W2    -85.8       W3    -45.7

________________________________________________________________________________________

Unimolecular Rate Units: 1/sec;  Bimolecular Rate Units: cm^3/sec

______________________________________________________________________________________

Species-Species Rate Tables:

Temperature = 1500 K

High Pressure Rate Coefficients:

From\To            W1           W2           W3            R           P1           P2           P3
W1                ***  9.84957e+12          ***  8.18797e+07          ***   6.8099e+09          ***
W2        2.53131e+06          ***  1.26881e+08      176.887          ***          ***          ***
W3                ***  8.61622e+13          ***          ***  2.03116e+15          ***  6.96786e+12
R         1.30911e-11  1.10045e-10          ***          ***          ***          ***          ***
P1                ***          ***  1.88514e-09          ***          ***          ***          ***
P2        1.16536e-08          ***          ***          ***          ***          ***          ***
P3                ***          ***          ***          ***          ***          ***          ***

Temperature = 1500 K    Pressure = 1 atm

From\To            W1           W2           W3            R           P1           P2           P3
W1                ***          ***          ***          ***          ***          ***          ***
W2                ***       110108          ***  2.16559e-06       110101  2.39104e-05      6.66179
W3                ***          ***          ***          ***          ***          ***          ***
R                 ***  1.34725e-18          ***  1.21693e-10  1.11003e-10  2.80948e-12  7.87304e-12
P1                ***  6.93927e-14          ***  1.12456e-16  6.48303e-12  1.01025e-15  6.40971e-12
P2                ***  1.59213e-16          ***  3.00708e-11  1.06732e-08  1.11495e-08   4.4265e-10
P3                ***          ***          ***          ***          ***          ***          ***

______________________________________________________________________________________

High Pressure Rate Coefficients (Temperature-Species Rate Tables):

   T(K)       W1->W1       W1->W2       W1->W3        W1->R       W1->P1       W1->P2       W1->P3
   1500          ***  9.84957e+12          ***  8.18797e+07          ***   6.8099e+09          ***

   T(K)       W2->W1       W2->W2       W2->W3        W2->R       W2->P1       W2->P2       W2->P3
   1500  2.53131e+06          ***  1.26881e+08      176.887          ***          ***          ***

   T(K)       W3->W1       W3->W2       W3->W3        W3->R       W3->P1       W3->P2       W3->P3
   1500          ***  8.61622e+13          ***          ***  2.03116e+15          ***  6.96786e+12

   T(K)        R->W1        R->W2        R->W3         R->R        R->P1        R->P2        R->P3
   1500  1.30911e-11  1.10045e-10          ***          ***          ***          ***          ***

   T(K)       P1->W1       P1->W2       P1->W3        P1->R       P1->P1       P1->P2       P1->P3
   1500          ***          ***  1.88514e-09          ***          ***          ***          ***

   T(K)       P2->W1       P2->W2       P2->W3        P2->R       P2->P1       P2->P2       P2->P3
   1500  1.16536e-08          ***          ***          ***          ***          ***          ***

   T(K)       P3->W1       P3->W2       P3->W3        P3->R       P3->P1       P3->P2       P3->P3
   1500          ***          ***          ***          ***          ***          ***          ***

Capture/Escape Rate Coefficients:

   T(K)           W1           W2           W3            R           P1           P2           P3
   1500  9.85646e+12  1.29412e+08  2.12429e+15  1.23136e-10  1.88514e-09  1.16536e-08          ***

______________________________________________________________________________________

Pressure-Species Rate Tables:

   Temperature = 1500 K

   P(atm)       W1->W2       W1->W3        W1->R       W1->P1       W1->P2       W1->P3         W1->
        1          ***          ***          ***          ***          ***          ***          ***
    O-O  9.84957e+12          ***  8.18797e+07          ***   6.8099e+09          ***  9.85646e+12

   Temperature = 1500 K

   P(atm)       W2->W1       W2->W3        W2->R       W2->P1       W2->P2       W2->P3         W2->
        1          ***          ***  2.16559e-06       110101  2.39104e-05      6.66179       110108
    O-O  2.53131e+06  1.26881e+08      176.887          ***          ***          ***  1.29412e+08

   Temperature = 1500 K

   P(atm)       W3->W1       W3->W2        W3->R       W3->P1       W3->P2       W3->P3         W3->
        1          ***          ***          ***          ***          ***          ***          ***
    O-O          ***  8.61622e+13          ***  2.03116e+15          ***  6.96786e+12  2.12429e+15

   Temperature = 1500 K

   P(atm)        R->W1        R->W2        R->W3        R->P1        R->P2        R->P3          R->
        1          ***  1.34725e-18          ***  1.11003e-10  2.80948e-12  7.87304e-12  1.21693e-10
    O-O  1.30911e-11  1.10045e-10          ***          ***          ***          ***  1.23136e-10

   Temperature = 1500 K

   P(atm)       P1->W1       P1->W2       P1->W3        P1->R       P1->P2       P1->P3         P1->
        1          ***  6.93927e-14          ***  1.12456e-16  1.01025e-15  6.40971e-12  6.48303e-12
    O-O          ***          ***  1.88514e-09          ***          ***          ***  1.88514e-09

   Temperature = 1500 K

   P(atm)       P2->W1       P2->W2       P2->W3        P2->R       P2->P1       P2->P3         P2->
        1          ***  1.59213e-16          ***  3.00708e-11  1.06732e-08   4.4265e-10  1.11495e-08
    O-O  1.16536e-08          ***          ***          ***          ***          ***  1.16536e-08

   Temperature = 1500 K

   P(atm)       P3->W1       P3->W2       P3->W3        P3->R       P3->P1       P3->P2         P3->
        1          ***          ***          ***          ***          ***          ***          ***
    O-O          ***          ***          ***          ***          ***          ***          ***

______________________________________________________________________________________

Temperature-Species Rate Tables:

   Pressure = 1 atm

   T(K)       W1->W2       W1->W3        W1->R       W1->P1       W1->P2       W1->P3         W1->      Capture
   1500          ***          ***          ***          ***          ***          ***          ***  9.85646e+12

   Pressure = 1 atm

   T(K)       W2->W1       W2->W3        W2->R       W2->P1       W2->P2       W2->P3         W2->      Capture
   1500          ***          ***  2.16559e-06       110101  2.39104e-05      6.66179       110108  1.29412e+08

   Pressure = 1 atm

   T(K)       W3->W1       W3->W2        W3->R       W3->P1       W3->P2       W3->P3         W3->      Capture
   1500          ***          ***          ***          ***          ***          ***          ***  2.12429e+15

   Pressure = 1 atm

   T(K)        R->W1        R->W2        R->W3        R->P1        R->P2        R->P3          R->      Capture
   1500          ***  1.34725e-18          ***  1.11003e-10  2.80948e-12  7.87304e-12  1.21693e-10  1.23136e-10

   Pressure = 1 atm

   T(K)       P1->W1       P1->W2       P1->W3        P1->R       P1->P2       P1->P3         P1->      Capture
   1500          ***  6.93927e-14          ***  1.12456e-16  1.01025e-15  6.40971e-12  6.48303e-12  1.88514e-09

   Pressure = 1 atm

   T(K)       P2->W1       P2->W2       P2->W3        P2->R       P2->P1       P2->P3         P2->      Capture
   1500          ***  1.59213e-16          ***  3.00708e-11  1.06732e-08   4.4265e-10  1.11495e-08  1.16536e-08

   Pressure = 1 atm

   T(K)       P3->W1       P3->W2       P3->W3        P3->R       P3->P1       P3->P2         P3->      Capture
   1500          ***          ***          ***          ***          ***          ***          ***          ***

______________________________________________________________________________________

Temperature-Pressure Rate Tables:

W1->W2

P\T             1500
1                ***
O-O      9.84957e+12

W1->W3

P\T             1500
1                ***
O-O              ***

W1->R

P\T             1500
1                ***
O-O      8.18797e+07

W1->P1

P\T             1500
1                ***
O-O              ***

W1->P2

P\T             1500
1                ***
O-O       6.8099e+09

W1->P3

P\T             1500
1                ***
O-O              ***

W2->W1

P\T             1500
1                ***
O-O      2.53131e+06

W2->W3

P\T             1500
1                ***
O-O      1.26881e+08

W2->R

P\T             1500
1        2.16559e-06
O-O          176.887

W2->P1

P\T             1500
1             110101
O-O              ***

W2->P2

P\T             1500
1        2.39104e-05
O-O              ***

W2->P3

P\T             1500
1            6.66179
O-O              ***

W3->W1

P\T             1500
1                ***
O-O              ***

W3->W2

P\T             1500
1                ***
O-O      8.61622e+13

W3->R

P\T             1500
1                ***
O-O              ***

W3->P1

P\T             1500
1                ***
O-O      2.03116e+15

W3->P2

P\T             1500
1                ***
O-O              ***

W3->P3

P\T             1500
1                ***
O-O      6.96786e+12

R->W1

P\T             1500
1                ***
O-O      1.30911e-11

R->W2

P\T             1500
1        1.34725e-18
O-O      1.10045e-10

R->W3

P\T             1500
1                ***
O-O              ***

R->P1

P\T             1500
1        1.11003e-10
O-O              ***

R->P2

P\T             1500
1        2.80948e-12
O-O              ***

R->P3

P\T             1500
1        7.87304e-12
O-O              ***

P1->W1

P\T             1500
1                ***
O-O              ***

P1->W2

P\T             1500
1        6.93927e-14
O-O              ***

P1->W3

P\T             1500
1                ***
O-O      1.88514e-09

P1->R

P\T             1500
1        1.12456e-16
O-O              ***

P1->P2

P\T             1500
1        1.01025e-15
O-O              ***

P1->P3

P\T             1500
1        6.40971e-12
O-O              ***

P2->W1

P\T             1500
1                ***
O-O      1.16536e-08

P2->W2

P\T             1500
1        1.59213e-16
O-O              ***

P2->W3

P\T             1500
1                ***
O-O              ***

P2->R

P\T             1500
1        3.00708e-11
O-O              ***

P2->P1

P\T             1500
1        1.06732e-08
O-O              ***

P2->P3

P\T             1500
1         4.4265e-10
O-O              ***

P3->W1

P\T             1500
1                ***
O-O              ***

P3->W2

P\T             1500
1                ***
O-O              ***

P3->W3

P\T             1500
1                ***
O-O              ***

P3->R

P\T             1500
1                ***
O-O              ***

P3->P1

P\T             1500
1                ***
O-O              ***

P3->P2

P\T             1500
1                ***
O-O              ***

W1-> 

P\T             1500
1                ***
O-O      9.85646e+12

W2-> 

P\T             1500
1             110108
O-O      1.29412e+08

W3-> 

P\T             1500
1                ***
O-O      2.12429e+15

R-> 

P\T             1500
1        1.21693e-10
O-O      1.23136e-10

P1-> 

P\T             1500
1        6.48303e-12
O-O      1.88514e-09

P2-> 

P\T             1500
1        1.11495e-08
O-O      1.16536e-08

P3-> 

P\T             1500
1                ***
O-O              ***

