Model::init:  starts
   Model::ExponentialKernel::ExponentialKernel:  ... done
   Model::LennardJonesCollision::LennardJonesCollision:  ... done
   WELL: W0
   Model::RRHO::RRHO:  starts
      Model::new_core:  starts
         Model::RigidRotor::RigidRotor:  starts
            molecular geometry will be used to estimate rotational constants
            rotational configuration: nonlinear
            rotational constants[1/cm]:         23.7897       0.601083        0.58627
         Model::RigidRotor::RigidRotor:  done, cpu time[sec] = 0.0032, elapsed time[sec] = 0
      Model::new_core:  done, cpu time[sec] = 0.003937, elapsed time[sec] = 0
      ground state energy, kcal/mol:   0.15
      interpolating states number/density starts
         core state contribution ... done, cpu time[sec] = 0.118159, elapsed time[sec] = 0
         electronic states contribution ... done, cpu time[sec] = 0.014051, elapsed time[sec] = 0
         vibrational modes contribution ... done, cpu time[sec] = 0.028072, elapsed time[sec] = 0
         effective power exponent at 399.849 kcal/mol = 6.36045
      interpolating states number/density done, cpu time[sec] = 1.3101, elapsed time[sec] = 0
   Model::RRHO::RRHO:  done, cpu time[sec] = 1.33244, elapsed time[sec] = 0
   WELL: W1
   Model::RRHO::RRHO:  starts
      Model::new_core:  starts
         Model::RigidRotor::RigidRotor:  starts
            molecular geometry will be used to estimate rotational constants
            rotational configuration: nonlinear
            rotational constants[1/cm]:         2.27757        1.07738         0.7314
         Model::RigidRotor::RigidRotor:  done, cpu time[sec] = 0.013906, elapsed time[sec] = 0
      Model::new_core:  done, cpu time[sec] = 0.038521, elapsed time[sec] = 0
      ground state energy, kcal/mol:   0.19
      interpolating states number/density starts
         core state contribution ... done, cpu time[sec] = 0.126028, elapsed time[sec] = 0
         electronic states contribution ... done, cpu time[sec] = 0.015891, elapsed time[sec] = 0
         vibrational modes contribution ... done, cpu time[sec] = 0.029855, elapsed time[sec] = 0
         effective power exponent at 399.809 kcal/mol = 6.35945
      interpolating states number/density done, cpu time[sec] = 1.23416, elapsed time[sec] = 0
   Model::RRHO::RRHO:  done, cpu time[sec] = 1.31314, elapsed time[sec] = 0
   WELL: W2
   Model::RRHO::RRHO:  starts
      Model::new_core:  starts
         Model::RigidRotor::RigidRotor:  starts
            molecular geometry will be used to estimate rotational constants
            rotational configuration: nonlinear
            rotational constants[1/cm]:         23.7897       0.601083        0.58627
         Model::RigidRotor::RigidRotor:  done, cpu time[sec] = 0.013232, elapsed time[sec] = 0
      Model::new_core:  done, cpu time[sec] = 0.038051, elapsed time[sec] = 0
      ground state energy, kcal/mol:   0.15
      interpolating states number/density starts
         core state contribution ... done, cpu time[sec] = 0.110233, elapsed time[sec] = 0
         electronic states contribution ... done, cpu time[sec] = 0.01476, elapsed time[sec] = 0
         vibrational modes contribution ... done, cpu time[sec] = 0.031407, elapsed time[sec] = 0
         effective power exponent at 399.849 kcal/mol = 6.36045
      interpolating states number/density done, cpu time[sec] = 1.15808, elapsed time[sec] = 0
   Model::RRHO::RRHO:  done, cpu time[sec] = 1.23767, elapsed time[sec] = 0
   WELL: W3
   Model::RRHO::RRHO:  starts
      Model::new_core:  starts
         Model::RigidRotor::RigidRotor:  starts
            molecular geometry will be used to estimate rotational constants
            rotational configuration: nonlinear
            rotational constants[1/cm]:         1.78953        1.33461       0.764474
         Model::RigidRotor::RigidRotor:  done, cpu time[sec] = 0.013545, elapsed time[sec] = 0
      Model::new_core:  done, cpu time[sec] = 0.038443, elapsed time[sec] = 0
      ground state energy, kcal/mol:   0.21
      interpolating states number/density starts
         core state contribution ... done, cpu time[sec] = 0.110093, elapsed time[sec] = 0
         electronic states contribution ... done, cpu time[sec] = 0.014975, elapsed time[sec] = 0
         vibrational modes contribution ... done, cpu time[sec] = 0.029562, elapsed time[sec] = 0
         effective power exponent at 399.789 kcal/mol = 6.35813
      interpolating states number/density done, cpu time[sec] = 0.760772, elapsed time[sec] = 0
   Model::RRHO::RRHO:  done, cpu time[sec] = 0.825575, elapsed time[sec] = 0
   WELL: W4
   Model::RRHO::RRHO:  starts
      Model::new_core:  starts
         Model::RigidRotor::RigidRotor:  starts
            molecular geometry will be used to estimate rotational constants
            rotational configuration: nonlinear
            rotational constants[1/cm]:         9.52595        1.29538        1.14032
         Model::RigidRotor::RigidRotor:  done, cpu time[sec] = 2.9e-05, elapsed time[sec] = 0
      Model::new_core:  done, cpu time[sec] = 4.2e-05, elapsed time[sec] = 0
      ground state energy, kcal/mol:   -86.72
      interpolating states number/density starts
         core state contribution ... done, cpu time[sec] = 0.002552, elapsed time[sec] = 0
         vibrational modes contribution ... done, cpu time[sec] = 0.000426, elapsed time[sec] = 0
         effective power exponent at 486.717 kcal/mol = 6.27499
      interpolating states number/density done, cpu time[sec] = 0.019025, elapsed time[sec] = 0
   Model::RRHO::RRHO:  done, cpu time[sec] = 0.019138, elapsed time[sec] = 0
   WELL: W5t
   Model::RRHO::RRHO:  starts
      Model::new_core:  starts
         Model::RigidRotor::RigidRotor:  starts
            molecular geometry will be used to estimate rotational constants
            rotational configuration: nonlinear
            rotational constants[1/cm]:         9.65604        1.21662        1.08048
         Model::RigidRotor::RigidRotor:  done, cpu time[sec] = 1.7e-05, elapsed time[sec] = 0
      Model::new_core:  done, cpu time[sec] = 2.3e-05, elapsed time[sec] = 0
      ground state energy, kcal/mol:   -34.55
      interpolating states number/density starts
         core state contribution ... done, cpu time[sec] = 0.001027, elapsed time[sec] = 0
         vibrational modes contribution ... done, cpu time[sec] = 0.000197, elapsed time[sec] = 0
         effective power exponent at 434.55 kcal/mol = 6.24835
      interpolating states number/density done, cpu time[sec] = 0.012375, elapsed time[sec] = 0
   Model::RRHO::RRHO:  done, cpu time[sec] = 0.012438, elapsed time[sec] = 0
Model::init:  done, cpu time[sec] = 4.79419, elapsed time[sec] = 0
