Wells (G - ground energy, D - dissociation limit, kcal/mol):
      Name        G        D
        W1    -88.2      0.0

Bimolecular Products (G - ground energy, kcal/mol):
      Name        G
        P1      0.0
        P2     11.2
        P3    -46.9

Well-to-Bimolecular Barriers (H/G - barrier height/well depth, kcal/mol)
      Name        H     Well        G  Product
        B1      0.0       W1    -88.2       P1
        B2     11.2       W1    -88.2       P2
        B3     33.3       W1    -88.2       P3

________________________________________________________________________________________

Unimolecular Rate Units: 1/sec;  Bimolecular Rate Units: cm^3/sec

______________________________________________________________________________________

Species-Species Rate Tables:

Temperature = 290 K

High Pressure Rate Coefficients:

From\To            W1           P1           P2           P3
W1                ***  1.16785e-51  1.89521e-60  1.08661e-63
P1        5.11367e-11          ***          ***          ***
P2        1.88022e-10          ***          ***          ***
P3        1.21008e-56          ***          ***          ***

Temperature = 290 K    Pressure = 1 atm

From\To            W1           P1           P2           P3
W1        1.16376e-51  1.16376e-51  7.64915e-61  4.00494e-67
P1        5.09574e-11  5.09574e-11  4.94606e-20  4.13157e-30
P2        7.58865e-11  1.12064e-10   1.8795e-10  1.62274e-25
P3        4.46004e-60  1.05078e-63  1.82154e-68  4.46109e-60

Temperature = 299 K

High Pressure Rate Coefficients:

From\To            W1           P1           P2           P3
W1                ***  1.26483e-49  3.59228e-58  2.57275e-62
P1        5.07321e-11          ***          ***          ***
P2        1.89117e-10          ***          ***          ***
P3        3.11814e-56          ***          ***          ***

Temperature = 299 K    Pressure = 1 atm

From\To            W1           P1           P2           P3
W1        1.25951e-49  1.25951e-49  1.39644e-58  3.44392e-65
P1        5.05184e-11  5.05184e-11  8.80173e-20  5.54129e-30
P2        7.35159e-11  1.15526e-10  1.89042e-10  1.95323e-25
P3        4.17399e-59   1.6744e-62  4.49668e-67  4.17566e-59

Temperature = 300 K

High Pressure Rate Coefficients:

From\To            W1           P1           P2           P3
W1                ***  2.09231e-49  6.31062e-58  3.63141e-62
P1        5.06877e-11          ***          ***          ***
P2        1.89237e-10          ***          ***          ***
P3        3.46793e-56          ***          ***          ***

Temperature = 300 K    Pressure = 1 atm

From\To            W1           P1           P2           P3
W1        2.08333e-49  2.08333e-49   2.4431e-58  5.63272e-65
P1          5.047e-11    5.047e-11  9.36269e-20  5.72544e-30
P2        7.32617e-11  1.15894e-10  1.89155e-10  1.99431e-25
P3        5.37913e-59  2.25698e-62  6.35114e-67  5.38139e-59

______________________________________________________________________________________

High Pressure Rate Coefficients (Temperature-Species Rate Tables):

   T(K)       W1->W1       W1->P1       W1->P2       W1->P3
    290          ***  1.16785e-51  1.89521e-60  1.08661e-63
    299          ***  1.26483e-49  3.59228e-58  2.57275e-62
    300          ***  2.09231e-49  6.31062e-58  3.63141e-62

   T(K)       P1->W1       P1->P1       P1->P2       P1->P3
    290  5.11367e-11          ***          ***          ***
    299  5.07321e-11          ***          ***          ***
    300  5.06877e-11          ***          ***          ***

   T(K)       P2->W1       P2->P1       P2->P2       P2->P3
    290  1.88022e-10          ***          ***          ***
    299  1.89117e-10          ***          ***          ***
    300  1.89237e-10          ***          ***          ***

   T(K)       P3->W1       P3->P1       P3->P2       P3->P3
    290  1.21008e-56          ***          ***          ***
    299  3.11814e-56          ***          ***          ***
    300  3.46793e-56          ***          ***          ***

Capture/Escape Rate Coefficients:

   T(K)           W1           P1           P2           P3
    290  1.16785e-51  5.11367e-11  1.88022e-10  1.21008e-56
    299  1.26483e-49  5.07321e-11  1.89117e-10  3.11814e-56
    300  2.09231e-49  5.06877e-11  1.89237e-10  3.46793e-56

______________________________________________________________________________________

Pressure-Species Rate Tables:

   Temperature = 290 K

   P(atm)       W1->P1       W1->P2       W1->P3         W1->
        1  1.16376e-51  7.64915e-61  4.00494e-67  1.16376e-51
    O-O  1.16785e-51  1.89521e-60  1.08661e-63  1.16785e-51

   Temperature = 299 K

   P(atm)       W1->P1       W1->P2       W1->P3         W1->
        1  1.25951e-49  1.39644e-58  3.44392e-65  1.25951e-49
    O-O  1.26483e-49  3.59228e-58  2.57275e-62  1.26483e-49

   Temperature = 300 K

   P(atm)       W1->P1       W1->P2       W1->P3         W1->
        1  2.08333e-49   2.4431e-58  5.63272e-65  2.08333e-49
    O-O  2.09231e-49  6.31062e-58  3.63141e-62  2.09231e-49

   Temperature = 290 K

   P(atm)       P1->W1       P1->P2       P1->P3         P1->
        1  5.09574e-11  4.94606e-20  4.13157e-30  5.09574e-11
    O-O  5.11367e-11          ***          ***  5.11367e-11

   Temperature = 299 K

   P(atm)       P1->W1       P1->P2       P1->P3         P1->
        1  5.05184e-11  8.80173e-20  5.54129e-30  5.05184e-11
    O-O  5.07321e-11          ***          ***  5.07321e-11

   Temperature = 300 K

   P(atm)       P1->W1       P1->P2       P1->P3         P1->
        1    5.047e-11  9.36269e-20  5.72544e-30    5.047e-11
    O-O  5.06877e-11          ***          ***  5.06877e-11

   Temperature = 290 K

   P(atm)       P2->W1       P2->P1       P2->P3         P2->
        1  7.58865e-11  1.12064e-10  1.62274e-25   1.8795e-10
    O-O  1.88022e-10          ***          ***  1.88022e-10

   Temperature = 299 K

   P(atm)       P2->W1       P2->P1       P2->P3         P2->
        1  7.35159e-11  1.15526e-10  1.95323e-25  1.89042e-10
    O-O  1.89117e-10          ***          ***  1.89117e-10

   Temperature = 300 K

   P(atm)       P2->W1       P2->P1       P2->P3         P2->
        1  7.32617e-11  1.15894e-10  1.99431e-25  1.89155e-10
    O-O  1.89237e-10          ***          ***  1.89237e-10

   Temperature = 290 K

   P(atm)       P3->W1       P3->P1       P3->P2         P3->
        1  4.46004e-60  1.05078e-63  1.82154e-68  4.46109e-60
    O-O  1.21008e-56          ***          ***  1.21008e-56

   Temperature = 299 K

   P(atm)       P3->W1       P3->P1       P3->P2         P3->
        1  4.17399e-59   1.6744e-62  4.49668e-67  4.17566e-59
    O-O  3.11814e-56          ***          ***  3.11814e-56

   Temperature = 300 K

   P(atm)       P3->W1       P3->P1       P3->P2         P3->
        1  5.37913e-59  2.25698e-62  6.35114e-67  5.38139e-59
    O-O  3.46793e-56          ***          ***  3.46793e-56

______________________________________________________________________________________

Temperature-Species Rate Tables:

   Pressure = 1 atm

   T(K)       W1->P1       W1->P2       W1->P3         W1->      Capture
    290  1.16376e-51  7.64915e-61  4.00494e-67  1.16376e-51  1.16785e-51
    299  1.25951e-49  1.39644e-58  3.44392e-65  1.25951e-49  1.26483e-49
    300  2.08333e-49   2.4431e-58  5.63272e-65  2.08333e-49  2.09231e-49

   Pressure = 1 atm

   T(K)       P1->W1       P1->P2       P1->P3         P1->      Capture
    290  5.09574e-11  4.94606e-20  4.13157e-30  5.09574e-11  5.11367e-11
    299  5.05184e-11  8.80173e-20  5.54129e-30  5.05184e-11  5.07321e-11
    300    5.047e-11  9.36269e-20  5.72544e-30    5.047e-11  5.06877e-11

   Pressure = 1 atm

   T(K)       P2->W1       P2->P1       P2->P3         P2->      Capture
    290  7.58865e-11  1.12064e-10  1.62274e-25   1.8795e-10  1.88022e-10
    299  7.35159e-11  1.15526e-10  1.95323e-25  1.89042e-10  1.89117e-10
    300  7.32617e-11  1.15894e-10  1.99431e-25  1.89155e-10  1.89237e-10

   Pressure = 1 atm

   T(K)       P3->W1       P3->P1       P3->P2         P3->      Capture
    290  4.46004e-60  1.05078e-63  1.82154e-68  4.46109e-60  1.21008e-56
    299  4.17399e-59   1.6744e-62  4.49668e-67  4.17566e-59  3.11814e-56
    300  5.37913e-59  2.25698e-62  6.35114e-67  5.38139e-59  3.46793e-56

______________________________________________________________________________________

Temperature-Pressure Rate Tables:

W1->P1

P\T              290          299          300
1        1.16376e-51  1.25951e-49  2.08333e-49
O-O      1.16785e-51  1.26483e-49  2.09231e-49

W1->P2

P\T              290          299          300
1        7.64915e-61  1.39644e-58   2.4431e-58
O-O      1.89521e-60  3.59228e-58  6.31062e-58

W1->P3

P\T              290          299          300
1        4.00494e-67  3.44392e-65  5.63272e-65
O-O      1.08661e-63  2.57275e-62  3.63141e-62

P1->W1

P\T              290          299          300
1        5.09574e-11  5.05184e-11    5.047e-11
O-O      5.11367e-11  5.07321e-11  5.06877e-11

P1->P2

P\T              290          299          300
1        4.94606e-20  8.80173e-20  9.36269e-20
O-O              ***          ***          ***

P1->P3

P\T              290          299          300
1        4.13157e-30  5.54129e-30  5.72544e-30
O-O              ***          ***          ***

P2->W1

P\T              290          299          300
1        7.58865e-11  7.35159e-11  7.32617e-11
O-O      1.88022e-10  1.89117e-10  1.89237e-10

P2->P1

P\T              290          299          300
1        1.12064e-10  1.15526e-10  1.15894e-10
O-O              ***          ***          ***

P2->P3

P\T              290          299          300
1        1.62274e-25  1.95323e-25  1.99431e-25
O-O              ***          ***          ***

P3->W1

P\T              290          299          300
1        4.46004e-60  4.17399e-59  5.37913e-59
O-O      1.21008e-56  3.11814e-56  3.46793e-56

P3->P1

P\T              290          299          300
1        1.05078e-63   1.6744e-62  2.25698e-62
O-O              ***          ***          ***

P3->P2

P\T              290          299          300
1        1.82154e-68  4.49668e-67  6.35114e-67
O-O              ***          ***          ***

W1-> 

P\T              290          299          300
1        1.16376e-51  1.25951e-49  2.08333e-49
O-O      1.16785e-51  1.26483e-49  2.09231e-49

P1-> 

P\T              290          299          300
1        5.09574e-11  5.05184e-11    5.047e-11
O-O      5.11367e-11  5.07321e-11  5.06877e-11

P2-> 

P\T              290          299          300
1         1.8795e-10  1.89042e-10  1.89155e-10
O-O      1.88022e-10  1.89117e-10  1.89237e-10

P3-> 

P\T              290          299          300
1        4.46109e-60  4.17566e-59  5.38139e-59
O-O      1.21008e-56  3.11814e-56  3.46793e-56

