Wells (G - ground energy, D - dissociation limit, kcal/mol):
      Name        G        D
        W1    -28.6     -0.4

Bimolecular Products (G - ground energy, kcal/mol):
      Name        G
        P1      0.0

Well-to-Bimolecular Barriers (H/G - barrier height/well depth, kcal/mol)
      Name        H     Well        G  Product
        B1      0.0       W1    -28.6       P1
        B2     -0.4       W1    -28.6       P2

________________________________________________________________________________________

Unimolecular Rate Units: 1/sec;  Bimolecular Rate Units: cm^3/sec

______________________________________________________________________________________

Species-Species Rate Tables:

Temperature = 300 K

High Pressure Rate Coefficients:

From\To            W1           P1           P2
W1                ***  3.26449e-05  3.57011e-08
P1        5.34674e-08          ***          ***
P2                ***          ***          ***

Temperature = 300 K    Pressure = 1e-09 bar

From\To            W1           P1           P2
W1        6.67507e-05  -1.2753e-11 -1.44341e-11
P1       -2.08867e-14  5.77362e-11  5.77362e-11
P2                ***          ***          ***

Temperature = 300 K    Pressure = 1e-06 bar

From\To            W1           P1           P2
W1        5.04187e-13   6.4703e-14  4.39484e-13
P1        1.05974e-16  5.77369e-11  5.77368e-11
P2                ***          ***          ***

Temperature = 300 K    Pressure = 0.001 bar

From\To            W1           P1           P2
W1        3.08907e-10  1.96594e-10  1.12314e-10
P1        3.21991e-13   5.8269e-11   5.7947e-11
P2                ***          ***          ***

Temperature = 300 K    Pressure = 1 bar

From\To            W1           P1           P2
W1        1.77595e-07  1.76679e-07  9.15211e-10
P1        2.89374e-10  3.46274e-10  5.68993e-11
P2                ***          ***          ***

Temperature = 400 K

High Pressure Rate Coefficients:

From\To            W1           P1           P2
W1                ***      10.6728   0.00951257
P1        6.10397e-08          ***          ***
P2                ***          ***          ***

Temperature = 400 K    Pressure = 1e-09 bar

From\To            W1           P1           P2
W1                ***          ***          ***
P1                ***  5.41328e-11  5.41328e-11
P2                ***          ***          ***

Temperature = 400 K    Pressure = 1e-06 bar

From\To            W1           P1           P2
W1         0.00496661 -8.63011e-09  2.56952e-08
P1       -4.93573e-17   5.4133e-11   5.4133e-11
P2                ***          ***          ***

Temperature = 400 K    Pressure = 0.001 bar

From\To            W1           P1           P2
W1         2.5267e-05  1.68052e-05   8.4618e-06
P1        9.61121e-14  5.42976e-11  5.42015e-11
P2                ***          ***          ***

Temperature = 400 K    Pressure = 1 bar

From\To            W1           P1           P2
W1          0.0171764    0.0170998   7.6567e-05
P1         9.7797e-11  1.51705e-10  5.39077e-11
P2                ***          ***          ***

Temperature = 500 K

High Pressure Rate Coefficients:

From\To            W1           P1           P2
W1                ***      24842.6      19.1798
P1        6.83078e-08          ***          ***
P2                ***          ***          ***

Temperature = 500 K    Pressure = 1e-09 bar

From\To            W1           P1           P2
W1                ***          ***          ***
P1                ***  5.26102e-11  5.26102e-11
P2                ***          ***          ***

Temperature = 500 K    Pressure = 1e-06 bar

From\To            W1           P1           P2
W1          0.0626109   6.0562e-06  1.64439e-05
P1        1.66523e-17  5.26103e-11  5.26103e-11
P2                ***          ***          ***

Temperature = 500 K    Pressure = 0.001 bar

From\To            W1           P1           P2
W1          0.0178955    0.0122367   0.00565882
P1        3.36464e-14  5.26702e-11  5.26366e-11
P2                ***          ***          ***

Temperature = 500 K    Pressure = 1 bar

From\To            W1           P1           P2
W1            13.4954      13.4412    0.0541997
P1        3.69584e-11  8.95028e-11  5.25444e-11
P2                ***          ***          ***

Temperature = 650 K

High Pressure Rate Coefficients:

From\To            W1           P1           P2
W1                ***  3.70027e+07      24554.8
P1        7.86506e-08          ***          ***
P2                ***          ***          ***

Temperature = 650 K    Pressure = 1e-09 bar

From\To            W1           P1           P2
W1                ***          ***          ***
P1                ***  5.21441e-11  5.21441e-11
P2                ***          ***          ***

Temperature = 650 K    Pressure = 1e-06 bar

From\To            W1           P1           P2
W1         0.00674925   0.00240095   0.00434832
P1        5.10316e-18  5.21441e-11  5.21441e-11
P2                ***          ***          ***

Temperature = 650 K    Pressure = 0.001 bar

From\To            W1           P1           P2
W1            5.21697      4.42313      1.12495
P1        9.40131e-15  5.21586e-11  5.21492e-11
P2                ***          ***          ***

Temperature = 650 K    Pressure = 1 bar

From\To            W1           P1           P2
W1            4540.43      4524.42      16.0336
P1        9.61665e-12  6.17395e-11  5.21229e-11
P2                ***          ***          ***

Temperature = 800 K

High Pressure Rate Coefficients:

From\To            W1           P1           P2
W1                ***   3.9981e+09  2.39141e+06
P1        8.84135e-08          ***          ***
P2                ***          ***          ***

Temperature = 800 K    Pressure = 1e-09 bar

From\To            W1           P1           P2
W1                ***          ***          ***
P1                ***  5.28497e-11  5.28497e-11
P2                ***          ***          ***

Temperature = 800 K    Pressure = 1e-06 bar

From\To            W1           P1           P2
W1           0.157177    0.0926597    0.0645143
P1        2.04685e-18  5.28498e-11  5.28498e-11
P2                ***          ***          ***

Temperature = 800 K    Pressure = 0.001 bar

From\To            W1           P1           P2
W1            141.394      126.989      17.0915
P1        2.80545e-15  5.28535e-11  5.28507e-11
P2                ***          ***          ***

Temperature = 800 K    Pressure = 1 bar

From\To            W1           P1           P2
W1             122344       121938      405.208
P1        2.69429e-12   5.5537e-11  5.28427e-11
P2                ***          ***          ***

Temperature = 1000 K

High Pressure Rate Coefficients:

From\To            W1           P1           P2
W1                ***  2.59589e+11  1.41043e+08
P1        1.00694e-07          ***          ***
P2                ***          ***          ***

Temperature = 1000 K    Pressure = 1e-09 bar

From\To            W1           P1           P2
W1                ***          ***          ***
P1                ***  5.46765e-11  5.46765e-11
P2                ***          ***          ***

Temperature = 1000 K    Pressure = 1e-06 bar

From\To            W1           P1           P2
W1            1.84222     0.720416      1.12156
P1        2.74116e-19  5.46765e-11  5.46765e-11
P2                ***          ***          ***

Temperature = 1000 K    Pressure = 0.001 bar

From\To            W1           P1           P2
W1            1618.62      1168.12      436.657
P1        4.45406e-16  5.46775e-11   5.4677e-11
P2                ***          ***          ***

Temperature = 1000 K    Pressure = 1 bar

From\To            W1           P1           P2
W1        1.46438e+06  1.46004e+06       4337.1
P1          5.576e-13  5.52345e-11  5.46769e-11
P2                ***          ***          ***

Temperature = 1250 K

High Pressure Rate Coefficients:

From\To            W1           P1           P2
W1                ***  8.23908e+12  4.13682e+09
P1          1.151e-07          ***          ***
P2                ***          ***          ***

Temperature = 1250 K    Pressure = 1e-09 bar

From\To            W1           P1           P2
W1                ***          ***          ***
P1                ***   5.7761e-11   5.7761e-11
P2                ***          ***          ***

Temperature = 1250 K    Pressure = 1e-06 bar

From\To            W1           P1           P2
W1            6.98645      7.69218      3.08451
P1        9.63104e-20   5.7761e-11   5.7761e-11
P2                ***          ***          ***

Temperature = 1250 K    Pressure = 0.001 bar

From\To            W1           P1           P2
W1            8348.98      6482.91       1861.7
P1        8.02671e-17  5.77612e-11  5.77611e-11
P2                ***          ***          ***

Temperature = 1250 K    Pressure = 1 bar

From\To            W1           P1           P2
W1        7.82406e+06  7.80474e+06      19409.7
P1        9.73348e-14  5.78584e-11   5.7761e-11
P2                ***          ***          ***

Temperature = 1500 K

High Pressure Rate Coefficients:

From\To            W1           P1           P2
W1                ***  9.03206e+13  4.31777e+10
P1        1.28672e-07          ***          ***
P2                ***          ***          ***

Temperature = 1500 K    Pressure = 1e-09 bar

From\To            W1           P1           P2
W1                ***          ***          ***
P1                ***  6.14791e-11  6.14791e-11
P2                ***          ***          ***

Temperature = 1500 K    Pressure = 1e-06 bar

From\To            W1           P1           P2
W1                ***          ***          ***
P1                ***  6.14791e-11  6.14791e-11
P2                ***          ***          ***

Temperature = 1500 K    Pressure = 0.001 bar

From\To            W1           P1           P2
W1                ***          ***          ***
P1                ***  6.14791e-11  6.14791e-11
P2                ***          ***          ***

Temperature = 1500 K    Pressure = 1 bar

From\To            W1           P1           P2
W1                ***          ***          ***
P1                ***  6.14791e-11  6.14791e-11
P2                ***          ***          ***

Temperature = 1750 K

High Pressure Rate Coefficients:

From\To            W1           P1           P2
W1                ***  5.32442e+14  2.47185e+11
P1        1.41573e-07          ***          ***
P2                ***          ***          ***

Temperature = 1750 K    Pressure = 1e-09 bar

From\To            W1           P1           P2
W1                ***          ***          ***
P1                ***  6.56872e-11  6.56872e-11
P2                ***          ***          ***

Temperature = 1750 K    Pressure = 1e-06 bar

From\To            W1           P1           P2
W1                ***          ***          ***
P1                ***  6.56872e-11  6.56872e-11
P2                ***          ***          ***

Temperature = 1750 K    Pressure = 0.001 bar

From\To            W1           P1           P2
W1                ***          ***          ***
P1                ***  6.56872e-11  6.56872e-11
P2                ***          ***          ***

Temperature = 1750 K    Pressure = 1 bar

From\To            W1           P1           P2
W1                ***          ***          ***
P1                ***  6.56872e-11  6.56872e-11
P2                ***          ***          ***

Temperature = 2000 K

High Pressure Rate Coefficients:

From\To            W1           P1           P2
W1                ***  2.11292e+15  9.65319e+11
P1        1.53916e-07          ***          ***
P2                ***          ***          ***

Temperature = 2000 K    Pressure = 1e-09 bar

From\To            W1           P1           P2
W1                ***          ***          ***
P1                ***  7.02757e-11  7.02757e-11
P2                ***          ***          ***

Temperature = 2000 K    Pressure = 1e-06 bar

From\To            W1           P1           P2
W1                ***          ***          ***
P1                ***  7.02757e-11  7.02757e-11
P2                ***          ***          ***

Temperature = 2000 K    Pressure = 0.001 bar

From\To            W1           P1           P2
W1                ***          ***          ***
P1                ***  7.02757e-11  7.02757e-11
P2                ***          ***          ***

Temperature = 2000 K    Pressure = 1 bar

From\To            W1           P1           P2
W1                ***          ***          ***
P1                ***  7.02757e-11  7.02757e-11
P2                ***          ***          ***

Temperature = 2250 K

High Pressure Rate Coefficients:

From\To            W1           P1           P2
W1                ***  6.40609e+15  2.90599e+12
P1        1.65786e-07          ***          ***
P2                ***          ***          ***

Temperature = 2250 K    Pressure = 1e-09 bar

From\To            W1           P1           P2
W1                ***          ***          ***
P1                ***  7.51526e-11  7.51526e-11
P2                ***          ***          ***

Temperature = 2250 K    Pressure = 1e-06 bar

From\To            W1           P1           P2
W1                ***          ***          ***
P1                ***  7.51526e-11  7.51526e-11
P2                ***          ***          ***

Temperature = 2250 K    Pressure = 0.001 bar

From\To            W1           P1           P2
W1                ***          ***          ***
P1                ***  7.51526e-11  7.51526e-11
P2                ***          ***          ***

Temperature = 2250 K    Pressure = 1 bar

From\To            W1           P1           P2
W1                ***          ***          ***
P1                ***  7.51526e-11  7.51526e-11
P2                ***          ***          ***

Temperature = 2500 K

High Pressure Rate Coefficients:

From\To            W1           P1           P2
W1                ***  1.60271e+16  7.26345e+12
P1        1.77248e-07          ***          ***
P2                ***          ***          ***

Temperature = 2500 K    Pressure = 1e-09 bar

From\To            W1           P1           P2
W1                ***          ***          ***
P1                ***  8.02645e-11  8.02645e-11
P2                ***          ***          ***

Temperature = 2500 K    Pressure = 1e-06 bar

From\To            W1           P1           P2
W1                ***          ***          ***
P1                ***  8.02645e-11  8.02645e-11
P2                ***          ***          ***

Temperature = 2500 K    Pressure = 0.001 bar

From\To            W1           P1           P2
W1                ***          ***          ***
P1                ***  8.02645e-11  8.02645e-11
P2                ***          ***          ***

Temperature = 2500 K    Pressure = 1 bar

From\To            W1           P1           P2
W1                ***          ***          ***
P1                ***  8.02645e-11  8.02645e-11
P2                ***          ***          ***

______________________________________________________________________________________

High Pressure Rate Coefficients (Temperature-Species Rate Tables):

   T, K       W1->W1       W1->P1       W1->P2
    300          ***  3.26449e-05  3.57011e-08
    400          ***      10.6728   0.00951257
    500          ***      24842.6      19.1798
    650          ***  3.70027e+07      24554.8
    800          ***   3.9981e+09  2.39141e+06
   1000          ***  2.59589e+11  1.41043e+08
   1250          ***  8.23908e+12  4.13682e+09
   1500          ***  9.03206e+13  4.31777e+10
   1750          ***  5.32442e+14  2.47185e+11
   2000          ***  2.11292e+15  9.65319e+11
   2250          ***  6.40609e+15  2.90599e+12
   2500          ***  1.60271e+16  7.26345e+12

   T, K       P1->W1       P1->P1       P1->P2
    300  5.34674e-08          ***          ***
    400  6.10397e-08          ***          ***
    500  6.83078e-08          ***          ***
    650  7.86506e-08          ***          ***
    800  8.84135e-08          ***          ***
   1000  1.00694e-07          ***          ***
   1250    1.151e-07          ***          ***
   1500  1.28672e-07          ***          ***
   1750  1.41573e-07          ***          ***
   2000  1.53916e-07          ***          ***
   2250  1.65786e-07          ***          ***
   2500  1.77248e-07          ***          ***

   T, K       P2->W1       P2->P1       P2->P2
    300          ***          ***          ***
    400          ***          ***          ***
    500          ***          ***          ***
    650          ***          ***          ***
    800          ***          ***          ***
   1000          ***          ***          ***
   1250          ***          ***          ***
   1500          ***          ***          ***
   1750          ***          ***          ***
   2000          ***          ***          ***
   2250          ***          ***          ***
   2500          ***          ***          ***

Capture/Escape Rate Coefficients:

   T, K           W1           P1           P2
    300  3.26806e-05  5.34674e-08          ***
    400      10.6823  6.10397e-08          ***
    500      24861.7  6.83078e-08          ***
    650  3.70272e+07  7.86506e-08          ***
    800  4.00049e+09  8.84135e-08          ***
   1000   2.5973e+11  1.00694e-07          ***
   1250  8.24321e+12    1.151e-07          ***
   1500  9.03638e+13  1.28672e-07          ***
   1750  5.32689e+14  1.41573e-07          ***
   2000  2.11388e+15  1.53916e-07          ***
   2250    6.409e+15  1.65786e-07          ***
   2500  1.60343e+16  1.77248e-07          ***

______________________________________________________________________________________

Pressure-Species Rate Tables:

   Temperature = 300 K

   P, bar       W1->P1       W1->P2         W1->
    1e-09  -1.2753e-11 -1.44341e-11  6.67507e-05
    1e-06   6.4703e-14  4.39484e-13  5.04187e-13
    0.001  1.96594e-10  1.12314e-10  3.08907e-10
        1  1.76679e-07  9.15211e-10  1.77595e-07
    O-O  3.26449e-05  3.57011e-08  3.26806e-05

   Temperature = 400 K

   P, bar       W1->P1       W1->P2         W1->
    1e-09          ***          ***          ***
    1e-06 -8.63011e-09  2.56952e-08   0.00496661
    0.001  1.68052e-05   8.4618e-06   2.5267e-05
        1    0.0170998   7.6567e-05    0.0171764
    O-O      10.6728   0.00951257      10.6823

   Temperature = 500 K

   P, bar       W1->P1       W1->P2         W1->
    1e-09          ***          ***          ***
    1e-06   6.0562e-06  1.64439e-05    0.0626109
    0.001    0.0122367   0.00565882    0.0178955
        1      13.4412    0.0541997      13.4954
    O-O      24842.6      19.1798      24861.7

   Temperature = 650 K

   P, bar       W1->P1       W1->P2         W1->
    1e-09          ***          ***          ***
    1e-06   0.00240095   0.00434832   0.00674925
    0.001      4.42313      1.12495      5.21697
        1      4524.42      16.0336      4540.43
    O-O  3.70027e+07      24554.8  3.70272e+07

   Temperature = 800 K

   P, bar       W1->P1       W1->P2         W1->
    1e-09          ***          ***          ***
    1e-06    0.0926597    0.0645143     0.157177
    0.001      126.989      17.0915      141.394
        1       121938      405.208       122344
    O-O   3.9981e+09  2.39141e+06  4.00049e+09

   Temperature = 1000 K

   P, bar       W1->P1       W1->P2         W1->
    1e-09          ***          ***          ***
    1e-06     0.720416      1.12156      1.84222
    0.001      1168.12      436.657      1618.62
        1  1.46004e+06       4337.1  1.46438e+06
    O-O  2.59589e+11  1.41043e+08   2.5973e+11

   Temperature = 1250 K

   P, bar       W1->P1       W1->P2         W1->
    1e-09          ***          ***          ***
    1e-06      7.69218      3.08451      6.98645
    0.001      6482.91       1861.7      8348.98
        1  7.80474e+06      19409.7  7.82406e+06
    O-O  8.23908e+12  4.13682e+09  8.24321e+12

   Temperature = 1500 K

   P, bar       W1->P1       W1->P2         W1->
    1e-09          ***          ***          ***
    1e-06          ***          ***          ***
    0.001          ***          ***          ***
        1          ***          ***          ***
    O-O  9.03206e+13  4.31777e+10  9.03638e+13

   Temperature = 1750 K

   P, bar       W1->P1       W1->P2         W1->
    1e-09          ***          ***          ***
    1e-06          ***          ***          ***
    0.001          ***          ***          ***
        1          ***          ***          ***
    O-O  5.32442e+14  2.47185e+11  5.32689e+14

   Temperature = 2000 K

   P, bar       W1->P1       W1->P2         W1->
    1e-09          ***          ***          ***
    1e-06          ***          ***          ***
    0.001          ***          ***          ***
        1          ***          ***          ***
    O-O  2.11292e+15  9.65319e+11  2.11388e+15

   Temperature = 2250 K

   P, bar       W1->P1       W1->P2         W1->
    1e-09          ***          ***          ***
    1e-06          ***          ***          ***
    0.001          ***          ***          ***
        1          ***          ***          ***
    O-O  6.40609e+15  2.90599e+12    6.409e+15

   Temperature = 2500 K

   P, bar       W1->P1       W1->P2         W1->
    1e-09          ***          ***          ***
    1e-06          ***          ***          ***
    0.001          ***          ***          ***
        1          ***          ***          ***
    O-O  1.60271e+16  7.26345e+12  1.60343e+16

   Temperature = 300 K

   P, bar       P1->W1       P1->P2         P1->
    1e-09 -2.08867e-14  5.77362e-11  5.77362e-11
    1e-06  1.05974e-16  5.77368e-11  5.77369e-11
    0.001  3.21991e-13   5.7947e-11   5.8269e-11
        1  2.89374e-10  5.68993e-11  3.46274e-10
    O-O  5.34674e-08          ***  5.34674e-08

   Temperature = 400 K

   P, bar       P1->W1       P1->P2         P1->
    1e-09          ***  5.41328e-11  5.41328e-11
    1e-06 -4.93573e-17   5.4133e-11   5.4133e-11
    0.001  9.61121e-14  5.42015e-11  5.42976e-11
        1   9.7797e-11  5.39077e-11  1.51705e-10
    O-O  6.10397e-08          ***  6.10397e-08

   Temperature = 500 K

   P, bar       P1->W1       P1->P2         P1->
    1e-09          ***  5.26102e-11  5.26102e-11
    1e-06  1.66523e-17  5.26103e-11  5.26103e-11
    0.001  3.36464e-14  5.26366e-11  5.26702e-11
        1  3.69584e-11  5.25444e-11  8.95028e-11
    O-O  6.83078e-08          ***  6.83078e-08

   Temperature = 650 K

   P, bar       P1->W1       P1->P2         P1->
    1e-09          ***  5.21441e-11  5.21441e-11
    1e-06  5.10316e-18  5.21441e-11  5.21441e-11
    0.001  9.40131e-15  5.21492e-11  5.21586e-11
        1  9.61665e-12  5.21229e-11  6.17395e-11
    O-O  7.86506e-08          ***  7.86506e-08

   Temperature = 800 K

   P, bar       P1->W1       P1->P2         P1->
    1e-09          ***  5.28497e-11  5.28497e-11
    1e-06  2.04685e-18  5.28498e-11  5.28498e-11
    0.001  2.80545e-15  5.28507e-11  5.28535e-11
        1  2.69429e-12  5.28427e-11   5.5537e-11
    O-O  8.84135e-08          ***  8.84135e-08

   Temperature = 1000 K

   P, bar       P1->W1       P1->P2         P1->
    1e-09          ***  5.46765e-11  5.46765e-11
    1e-06  2.74116e-19  5.46765e-11  5.46765e-11
    0.001  4.45406e-16   5.4677e-11  5.46775e-11
        1    5.576e-13  5.46769e-11  5.52345e-11
    O-O  1.00694e-07          ***  1.00694e-07

   Temperature = 1250 K

   P, bar       P1->W1       P1->P2         P1->
    1e-09          ***   5.7761e-11   5.7761e-11
    1e-06  9.63104e-20   5.7761e-11   5.7761e-11
    0.001  8.02671e-17  5.77611e-11  5.77612e-11
        1  9.73348e-14   5.7761e-11  5.78584e-11
    O-O    1.151e-07          ***    1.151e-07

   Temperature = 1500 K

   P, bar       P1->W1       P1->P2         P1->
    1e-09          ***  6.14791e-11  6.14791e-11
    1e-06          ***  6.14791e-11  6.14791e-11
    0.001          ***  6.14791e-11  6.14791e-11
        1          ***  6.14791e-11  6.14791e-11
    O-O  1.28672e-07          ***  1.28672e-07

   Temperature = 1750 K

   P, bar       P1->W1       P1->P2         P1->
    1e-09          ***  6.56872e-11  6.56872e-11
    1e-06          ***  6.56872e-11  6.56872e-11
    0.001          ***  6.56872e-11  6.56872e-11
        1          ***  6.56872e-11  6.56872e-11
    O-O  1.41573e-07          ***  1.41573e-07

   Temperature = 2000 K

   P, bar       P1->W1       P1->P2         P1->
    1e-09          ***  7.02757e-11  7.02757e-11
    1e-06          ***  7.02757e-11  7.02757e-11
    0.001          ***  7.02757e-11  7.02757e-11
        1          ***  7.02757e-11  7.02757e-11
    O-O  1.53916e-07          ***  1.53916e-07

   Temperature = 2250 K

   P, bar       P1->W1       P1->P2         P1->
    1e-09          ***  7.51526e-11  7.51526e-11
    1e-06          ***  7.51526e-11  7.51526e-11
    0.001          ***  7.51526e-11  7.51526e-11
        1          ***  7.51526e-11  7.51526e-11
    O-O  1.65786e-07          ***  1.65786e-07

   Temperature = 2500 K

   P, bar       P1->W1       P1->P2         P1->
    1e-09          ***  8.02645e-11  8.02645e-11
    1e-06          ***  8.02645e-11  8.02645e-11
    0.001          ***  8.02645e-11  8.02645e-11
        1          ***  8.02645e-11  8.02645e-11
    O-O  1.77248e-07          ***  1.77248e-07

   Temperature = 300 K

   P, bar       P2->W1       P2->P1         P2->
    1e-09          ***          ***          ***
    1e-06          ***          ***          ***
    0.001          ***          ***          ***
        1          ***          ***          ***
    O-O          ***          ***          ***

   Temperature = 400 K

   P, bar       P2->W1       P2->P1         P2->
    1e-09          ***          ***          ***
    1e-06          ***          ***          ***
    0.001          ***          ***          ***
        1          ***          ***          ***
    O-O          ***          ***          ***

   Temperature = 500 K

   P, bar       P2->W1       P2->P1         P2->
    1e-09          ***          ***          ***
    1e-06          ***          ***          ***
    0.001          ***          ***          ***
        1          ***          ***          ***
    O-O          ***          ***          ***

   Temperature = 650 K

   P, bar       P2->W1       P2->P1         P2->
    1e-09          ***          ***          ***
    1e-06          ***          ***          ***
    0.001          ***          ***          ***
        1          ***          ***          ***
    O-O          ***          ***          ***

   Temperature = 800 K

   P, bar       P2->W1       P2->P1         P2->
    1e-09          ***          ***          ***
    1e-06          ***          ***          ***
    0.001          ***          ***          ***
        1          ***          ***          ***
    O-O          ***          ***          ***

   Temperature = 1000 K

   P, bar       P2->W1       P2->P1         P2->
    1e-09          ***          ***          ***
    1e-06          ***          ***          ***
    0.001          ***          ***          ***
        1          ***          ***          ***
    O-O          ***          ***          ***

   Temperature = 1250 K

   P, bar       P2->W1       P2->P1         P2->
    1e-09          ***          ***          ***
    1e-06          ***          ***          ***
    0.001          ***          ***          ***
        1          ***          ***          ***
    O-O          ***          ***          ***

   Temperature = 1500 K

   P, bar       P2->W1       P2->P1         P2->
    1e-09          ***          ***          ***
    1e-06          ***          ***          ***
    0.001          ***          ***          ***
        1          ***          ***          ***
    O-O          ***          ***          ***

   Temperature = 1750 K

   P, bar       P2->W1       P2->P1         P2->
    1e-09          ***          ***          ***
    1e-06          ***          ***          ***
    0.001          ***          ***          ***
        1          ***          ***          ***
    O-O          ***          ***          ***

   Temperature = 2000 K

   P, bar       P2->W1       P2->P1         P2->
    1e-09          ***          ***          ***
    1e-06          ***          ***          ***
    0.001          ***          ***          ***
        1          ***          ***          ***
    O-O          ***          ***          ***

   Temperature = 2250 K

   P, bar       P2->W1       P2->P1         P2->
    1e-09          ***          ***          ***
    1e-06          ***          ***          ***
    0.001          ***          ***          ***
        1          ***          ***          ***
    O-O          ***          ***          ***

   Temperature = 2500 K

   P, bar       P2->W1       P2->P1         P2->
    1e-09          ***          ***          ***
    1e-06          ***          ***          ***
    0.001          ***          ***          ***
        1          ***          ***          ***
    O-O          ***          ***          ***

______________________________________________________________________________________

Temperature-Species Rate Tables:

   Pressure = 1e-09 bar

   T, K       W1->P1       W1->P2         W1->      Capture
    300  -1.2753e-11 -1.44341e-11  6.67507e-05  3.26806e-05
    400          ***          ***          ***      10.6823
    500          ***          ***          ***      24861.7
    650          ***          ***          ***  3.70272e+07
    800          ***          ***          ***  4.00049e+09
   1000          ***          ***          ***   2.5973e+11
   1250          ***          ***          ***  8.24321e+12
   1500          ***          ***          ***  9.03638e+13
   1750          ***          ***          ***  5.32689e+14
   2000          ***          ***          ***  2.11388e+15
   2250          ***          ***          ***    6.409e+15
   2500          ***          ***          ***  1.60343e+16

   Pressure = 1e-06 bar

   T, K       W1->P1       W1->P2         W1->      Capture
    300   6.4703e-14  4.39484e-13  5.04187e-13  3.26806e-05
    400 -8.63011e-09  2.56952e-08   0.00496661      10.6823
    500   6.0562e-06  1.64439e-05    0.0626109      24861.7
    650   0.00240095   0.00434832   0.00674925  3.70272e+07
    800    0.0926597    0.0645143     0.157177  4.00049e+09
   1000     0.720416      1.12156      1.84222   2.5973e+11
   1250      7.69218      3.08451      6.98645  8.24321e+12
   1500          ***          ***          ***  9.03638e+13
   1750          ***          ***          ***  5.32689e+14
   2000          ***          ***          ***  2.11388e+15
   2250          ***          ***          ***    6.409e+15
   2500          ***          ***          ***  1.60343e+16

   Pressure = 0.001 bar

   T, K       W1->P1       W1->P2         W1->      Capture
    300  1.96594e-10  1.12314e-10  3.08907e-10  3.26806e-05
    400  1.68052e-05   8.4618e-06   2.5267e-05      10.6823
    500    0.0122367   0.00565882    0.0178955      24861.7
    650      4.42313      1.12495      5.21697  3.70272e+07
    800      126.989      17.0915      141.394  4.00049e+09
   1000      1168.12      436.657      1618.62   2.5973e+11
   1250      6482.91       1861.7      8348.98  8.24321e+12
   1500          ***          ***          ***  9.03638e+13
   1750          ***          ***          ***  5.32689e+14
   2000          ***          ***          ***  2.11388e+15
   2250          ***          ***          ***    6.409e+15
   2500          ***          ***          ***  1.60343e+16

   Pressure = 1 bar

   T, K       W1->P1       W1->P2         W1->      Capture
    300  1.76679e-07  9.15211e-10  1.77595e-07  3.26806e-05
    400    0.0170998   7.6567e-05    0.0171764      10.6823
    500      13.4412    0.0541997      13.4954      24861.7
    650      4524.42      16.0336      4540.43  3.70272e+07
    800       121938      405.208       122344  4.00049e+09
   1000  1.46004e+06       4337.1  1.46438e+06   2.5973e+11
   1250  7.80474e+06      19409.7  7.82406e+06  8.24321e+12
   1500          ***          ***          ***  9.03638e+13
   1750          ***          ***          ***  5.32689e+14
   2000          ***          ***          ***  2.11388e+15
   2250          ***          ***          ***    6.409e+15
   2500          ***          ***          ***  1.60343e+16

   Pressure = 1e-09 bar

   T, K       P1->W1       P1->P2         P1->      Capture
    300 -2.08867e-14  5.77362e-11  5.77362e-11  5.34674e-08
    400          ***  5.41328e-11  5.41328e-11  6.10397e-08
    500          ***  5.26102e-11  5.26102e-11  6.83078e-08
    650          ***  5.21441e-11  5.21441e-11  7.86506e-08
    800          ***  5.28497e-11  5.28497e-11  8.84135e-08
   1000          ***  5.46765e-11  5.46765e-11  1.00694e-07
   1250          ***   5.7761e-11   5.7761e-11    1.151e-07
   1500          ***  6.14791e-11  6.14791e-11  1.28672e-07
   1750          ***  6.56872e-11  6.56872e-11  1.41573e-07
   2000          ***  7.02757e-11  7.02757e-11  1.53916e-07
   2250          ***  7.51526e-11  7.51526e-11  1.65786e-07
   2500          ***  8.02645e-11  8.02645e-11  1.77248e-07

   Pressure = 1e-06 bar

   T, K       P1->W1       P1->P2         P1->      Capture
    300  1.05974e-16  5.77368e-11  5.77369e-11  5.34674e-08
    400 -4.93573e-17   5.4133e-11   5.4133e-11  6.10397e-08
    500  1.66523e-17  5.26103e-11  5.26103e-11  6.83078e-08
    650  5.10316e-18  5.21441e-11  5.21441e-11  7.86506e-08
    800  2.04685e-18  5.28498e-11  5.28498e-11  8.84135e-08
   1000  2.74116e-19  5.46765e-11  5.46765e-11  1.00694e-07
   1250  9.63104e-20   5.7761e-11   5.7761e-11    1.151e-07
   1500          ***  6.14791e-11  6.14791e-11  1.28672e-07
   1750          ***  6.56872e-11  6.56872e-11  1.41573e-07
   2000          ***  7.02757e-11  7.02757e-11  1.53916e-07
   2250          ***  7.51526e-11  7.51526e-11  1.65786e-07
   2500          ***  8.02645e-11  8.02645e-11  1.77248e-07

   Pressure = 0.001 bar

   T, K       P1->W1       P1->P2         P1->      Capture
    300  3.21991e-13   5.7947e-11   5.8269e-11  5.34674e-08
    400  9.61121e-14  5.42015e-11  5.42976e-11  6.10397e-08
    500  3.36464e-14  5.26366e-11  5.26702e-11  6.83078e-08
    650  9.40131e-15  5.21492e-11  5.21586e-11  7.86506e-08
    800  2.80545e-15  5.28507e-11  5.28535e-11  8.84135e-08
   1000  4.45406e-16   5.4677e-11  5.46775e-11  1.00694e-07
   1250  8.02671e-17  5.77611e-11  5.77612e-11    1.151e-07
   1500          ***  6.14791e-11  6.14791e-11  1.28672e-07
   1750          ***  6.56872e-11  6.56872e-11  1.41573e-07
   2000          ***  7.02757e-11  7.02757e-11  1.53916e-07
   2250          ***  7.51526e-11  7.51526e-11  1.65786e-07
   2500          ***  8.02645e-11  8.02645e-11  1.77248e-07

   Pressure = 1 bar

   T, K       P1->W1       P1->P2         P1->      Capture
    300  2.89374e-10  5.68993e-11  3.46274e-10  5.34674e-08
    400   9.7797e-11  5.39077e-11  1.51705e-10  6.10397e-08
    500  3.69584e-11  5.25444e-11  8.95028e-11  6.83078e-08
    650  9.61665e-12  5.21229e-11  6.17395e-11  7.86506e-08
    800  2.69429e-12  5.28427e-11   5.5537e-11  8.84135e-08
   1000    5.576e-13  5.46769e-11  5.52345e-11  1.00694e-07
   1250  9.73348e-14   5.7761e-11  5.78584e-11    1.151e-07
   1500          ***  6.14791e-11  6.14791e-11  1.28672e-07
   1750          ***  6.56872e-11  6.56872e-11  1.41573e-07
   2000          ***  7.02757e-11  7.02757e-11  1.53916e-07
   2250          ***  7.51526e-11  7.51526e-11  1.65786e-07
   2500          ***  8.02645e-11  8.02645e-11  1.77248e-07

   Pressure = 1e-09 bar

   T, K       P2->W1       P2->P1         P2->      Capture
    300          ***          ***          ***          ***
    400          ***          ***          ***          ***
    500          ***          ***          ***          ***
    650          ***          ***          ***          ***
    800          ***          ***          ***          ***
   1000          ***          ***          ***          ***
   1250          ***          ***          ***          ***
   1500          ***          ***          ***          ***
   1750          ***          ***          ***          ***
   2000          ***          ***          ***          ***
   2250          ***          ***          ***          ***
   2500          ***          ***          ***          ***

   Pressure = 1e-06 bar

   T, K       P2->W1       P2->P1         P2->      Capture
    300          ***          ***          ***          ***
    400          ***          ***          ***          ***
    500          ***          ***          ***          ***
    650          ***          ***          ***          ***
    800          ***          ***          ***          ***
   1000          ***          ***          ***          ***
   1250          ***          ***          ***          ***
   1500          ***          ***          ***          ***
   1750          ***          ***          ***          ***
   2000          ***          ***          ***          ***
   2250          ***          ***          ***          ***
   2500          ***          ***          ***          ***

   Pressure = 0.001 bar

   T, K       P2->W1       P2->P1         P2->      Capture
    300          ***          ***          ***          ***
    400          ***          ***          ***          ***
    500          ***          ***          ***          ***
    650          ***          ***          ***          ***
    800          ***          ***          ***          ***
   1000          ***          ***          ***          ***
   1250          ***          ***          ***          ***
   1500          ***          ***          ***          ***
   1750          ***          ***          ***          ***
   2000          ***          ***          ***          ***
   2250          ***          ***          ***          ***
   2500          ***          ***          ***          ***

   Pressure = 1 bar

   T, K       P2->W1       P2->P1         P2->      Capture
    300          ***          ***          ***          ***
    400          ***          ***          ***          ***
    500          ***          ***          ***          ***
    650          ***          ***          ***          ***
    800          ***          ***          ***          ***
   1000          ***          ***          ***          ***
   1250          ***          ***          ***          ***
   1500          ***          ***          ***          ***
   1750          ***          ***          ***          ***
   2000          ***          ***          ***          ***
   2250          ***          ***          ***          ***
   2500          ***          ***          ***          ***

______________________________________________________________________________________

Temperature-Pressure Rate Tables:

W1->P1

P\T              300          400          500          650          800         1000         1250         1500         1750         2000         2250         2500
1e-09    -1.2753e-11          ***          ***          ***          ***          ***          ***          ***          ***          ***          ***          ***
1e-06     6.4703e-14 -8.63011e-09   6.0562e-06   0.00240095    0.0926597     0.720416      7.69218          ***          ***          ***          ***          ***
0.001    1.96594e-10  1.68052e-05    0.0122367      4.42313      126.989      1168.12      6482.91          ***          ***          ***          ***          ***
1        1.76679e-07    0.0170998      13.4412      4524.42       121938  1.46004e+06  7.80474e+06          ***          ***          ***          ***          ***
O-O      3.26449e-05      10.6728      24842.6  3.70027e+07   3.9981e+09  2.59589e+11  8.23908e+12  9.03206e+13  5.32442e+14  2.11292e+15  6.40609e+15  1.60271e+16

W1->P2

P\T              300          400          500          650          800         1000         1250         1500         1750         2000         2250         2500
1e-09   -1.44341e-11          ***          ***          ***          ***          ***          ***          ***          ***          ***          ***          ***
1e-06    4.39484e-13  2.56952e-08  1.64439e-05   0.00434832    0.0645143      1.12156      3.08451          ***          ***          ***          ***          ***
0.001    1.12314e-10   8.4618e-06   0.00565882      1.12495      17.0915      436.657       1861.7          ***          ***          ***          ***          ***
1        9.15211e-10   7.6567e-05    0.0541997      16.0336      405.208       4337.1      19409.7          ***          ***          ***          ***          ***
O-O      3.57011e-08   0.00951257      19.1798      24554.8  2.39141e+06  1.41043e+08  4.13682e+09  4.31777e+10  2.47185e+11  9.65319e+11  2.90599e+12  7.26345e+12

P1->W1

P\T              300          400          500          650          800         1000         1250         1500         1750         2000         2250         2500
1e-09   -2.08867e-14          ***          ***          ***          ***          ***          ***          ***          ***          ***          ***          ***
1e-06    1.05974e-16 -4.93573e-17  1.66523e-17  5.10316e-18  2.04685e-18  2.74116e-19  9.63104e-20          ***          ***          ***          ***          ***
0.001    3.21991e-13  9.61121e-14  3.36464e-14  9.40131e-15  2.80545e-15  4.45406e-16  8.02671e-17          ***          ***          ***          ***          ***
1        2.89374e-10   9.7797e-11  3.69584e-11  9.61665e-12  2.69429e-12    5.576e-13  9.73348e-14          ***          ***          ***          ***          ***
O-O      5.34674e-08  6.10397e-08  6.83078e-08  7.86506e-08  8.84135e-08  1.00694e-07    1.151e-07  1.28672e-07  1.41573e-07  1.53916e-07  1.65786e-07  1.77248e-07

P1->P2

P\T              300          400          500          650          800         1000         1250         1500         1750         2000         2250         2500
1e-09    5.77362e-11  5.41328e-11  5.26102e-11  5.21441e-11  5.28497e-11  5.46765e-11   5.7761e-11  6.14791e-11  6.56872e-11  7.02757e-11  7.51526e-11  8.02645e-11
1e-06    5.77368e-11   5.4133e-11  5.26103e-11  5.21441e-11  5.28498e-11  5.46765e-11   5.7761e-11  6.14791e-11  6.56872e-11  7.02757e-11  7.51526e-11  8.02645e-11
0.001     5.7947e-11  5.42015e-11  5.26366e-11  5.21492e-11  5.28507e-11   5.4677e-11  5.77611e-11  6.14791e-11  6.56872e-11  7.02757e-11  7.51526e-11  8.02645e-11
1        5.68993e-11  5.39077e-11  5.25444e-11  5.21229e-11  5.28427e-11  5.46769e-11   5.7761e-11  6.14791e-11  6.56872e-11  7.02757e-11  7.51526e-11  8.02645e-11
O-O              ***          ***          ***          ***          ***          ***          ***          ***          ***          ***          ***          ***

P2->W1

P\T              300          400          500          650          800         1000         1250         1500         1750         2000         2250         2500
1e-09            ***          ***          ***          ***          ***          ***          ***          ***          ***          ***          ***          ***
1e-06            ***          ***          ***          ***          ***          ***          ***          ***          ***          ***          ***          ***
0.001            ***          ***          ***          ***          ***          ***          ***          ***          ***          ***          ***          ***
1                ***          ***          ***          ***          ***          ***          ***          ***          ***          ***          ***          ***
O-O              ***          ***          ***          ***          ***          ***          ***          ***          ***          ***          ***          ***

P2->P1

P\T              300          400          500          650          800         1000         1250         1500         1750         2000         2250         2500
1e-09            ***          ***          ***          ***          ***          ***          ***          ***          ***          ***          ***          ***
1e-06            ***          ***          ***          ***          ***          ***          ***          ***          ***          ***          ***          ***
0.001            ***          ***          ***          ***          ***          ***          ***          ***          ***          ***          ***          ***
1                ***          ***          ***          ***          ***          ***          ***          ***          ***          ***          ***          ***
O-O              ***          ***          ***          ***          ***          ***          ***          ***          ***          ***          ***          ***

W1-> 

P\T              300          400          500          650          800         1000         1250         1500         1750         2000         2250         2500
1e-09    6.67507e-05          ***          ***          ***          ***          ***          ***          ***          ***          ***          ***          ***
1e-06    5.04187e-13   0.00496661    0.0626109   0.00674925     0.157177      1.84222      6.98645          ***          ***          ***          ***          ***
0.001    3.08907e-10   2.5267e-05    0.0178955      5.21697      141.394      1618.62      8348.98          ***          ***          ***          ***          ***
1        1.77595e-07    0.0171764      13.4954      4540.43       122344  1.46438e+06  7.82406e+06          ***          ***          ***          ***          ***
O-O      3.26806e-05      10.6823      24861.7  3.70272e+07  4.00049e+09   2.5973e+11  8.24321e+12  9.03638e+13  5.32689e+14  2.11388e+15    6.409e+15  1.60343e+16

P1-> 

P\T              300          400          500          650          800         1000         1250         1500         1750         2000         2250         2500
1e-09    5.77362e-11  5.41328e-11  5.26102e-11  5.21441e-11  5.28497e-11  5.46765e-11   5.7761e-11  6.14791e-11  6.56872e-11  7.02757e-11  7.51526e-11  8.02645e-11
1e-06    5.77369e-11   5.4133e-11  5.26103e-11  5.21441e-11  5.28498e-11  5.46765e-11   5.7761e-11  6.14791e-11  6.56872e-11  7.02757e-11  7.51526e-11  8.02645e-11
0.001     5.8269e-11  5.42976e-11  5.26702e-11  5.21586e-11  5.28535e-11  5.46775e-11  5.77612e-11  6.14791e-11  6.56872e-11  7.02757e-11  7.51526e-11  8.02645e-11
1        3.46274e-10  1.51705e-10  8.95028e-11  6.17395e-11   5.5537e-11  5.52345e-11  5.78584e-11  6.14791e-11  6.56872e-11  7.02757e-11  7.51526e-11  8.02645e-11
O-O      5.34674e-08  6.10397e-08  6.83078e-08  7.86506e-08  8.84135e-08  1.00694e-07    1.151e-07  1.28672e-07  1.41573e-07  1.53916e-07  1.65786e-07  1.77248e-07

P2-> 

P\T              300          400          500          650          800         1000         1250         1500         1750         2000         2250         2500
1e-09            ***          ***          ***          ***          ***          ***          ***          ***          ***          ***          ***          ***
1e-06            ***          ***          ***          ***          ***          ***          ***          ***          ***          ***          ***          ***
0.001            ***          ***          ***          ***          ***          ***          ***          ***          ***          ***          ***          ***
1                ***          ***          ***          ***          ***          ***          ***          ***          ***          ***          ***          ***
O-O              ***          ***          ***          ***          ***          ***          ***          ***          ***          ***          ***          ***

