Model::init:  starts
   Model::ExponentialKernel::ExponentialKernel:  ... done
   Model::LennardJonesCollision::LennardJonesCollision:  ... done
   WELL: W1
   Model::RRHO::RRHO:  starts
      Model::RigidRotor::RigidRotor:  starts
         molecular geometry will be used to estimate rotational constants
         rotational configuration: nonlinear
         rotational constants[1/cm]:         24.1558        1.48995        1.40339
      Model::RigidRotor::RigidRotor:  done, cpu time[sec] = 0.000114, elapsed time[sec] = 0
      interpolating states number/density starts
         core state contribution ... done, cpu time[sec] = 0.003237, elapsed time[sec] = 0
         vibrational modes contribution ... done, cpu time[sec] = 0.002071, elapsed time[sec] = 0
         effective power exponent at 414.608 kcal/mol = 3.42922
      interpolating states number/density done, cpu time[sec] = 0.019467, elapsed time[sec] = 0
   Model::RRHO::RRHO:  done, cpu time[sec] = 0.019635, elapsed time[sec] = 0
   BIMOLECULAR: P0
   Model::Bimolecular::Bimolecular:  starts
      Model::RRHO::RRHO:  starts
         Model::RigidRotor::RigidRotor:  starts
            molecular geometry will be used to estimate rotational constants
            rotational configuration: linear
            rotational constant[1/cm]:         1.92076
         Model::RigidRotor::RigidRotor:  done, cpu time[sec] = 1.7e-05, elapsed time[sec] = 0
      Model::RRHO::RRHO:  done, cpu time[sec] = 4.2e-05, elapsed time[sec] = 0
      Model::AtomicFragment::AtomicFragment:  ... done
   Model::Bimolecular::Bimolecular:  done, cpu time[sec] = 9.3e-05, elapsed time[sec] = 0
   BARRIER: B1
   Model::RRHO::RRHO:  starts
      Model::RigidRotor::RigidRotor:  starts
         molecular geometry will be used to estimate rotational constants
         rotational configuration: nonlinear
         rotational constants[1/cm]:         8.26563        1.44468        1.22974
      Model::RigidRotor::RigidRotor:  done, cpu time[sec] = 9e-06, elapsed time[sec] = 0
      Model::EckartTunnel::EckartTunnel:  ... done
      interpolating states number/density starts
         core state contribution ... done, cpu time[sec] = 0.001689, elapsed time[sec] = 0
         electronic states contribution ... done, cpu time[sec] = 0.000207, elapsed time[sec] = 0
         vibrational modes contribution ... done, cpu time[sec] = 0.000743, elapsed time[sec] = 0
         tunneling contribution ... done, cpu time[sec] = 1.42738, elapsed time[sec] = 0
         effective power exponent at 399.998 kcal/mol = 3.50401
      interpolating states number/density done, cpu time[sec] = 1.46623, elapsed time[sec] = 0
   Model::RRHO::RRHO:  done, cpu time[sec] = 1.46628, elapsed time[sec] = 0
   checking input ... done
   setting connectivity ... done
   checking connectivity ... done
   setting dissociation limit ... done
   setting maximum barrier height ... done
   partition functions (relative to the ground level, units - 1/cm3):
     T\Q           W1           CO            H           B1
     100  4.24178e+27  1.00726e+27  3.75851e+23  4.73136e+30
     200  3.39451e+28  5.69791e+27  1.06307e+24  1.75852e+29
     300   1.1508e+29  1.57021e+28  1.95298e+24  2.95596e+29
     400  2.76739e+29  3.22457e+28  3.00681e+24  6.10057e+29
     500  5.54927e+29   5.6419e+28  4.20214e+24  1.19274e+30
     600  9.95602e+29  8.93203e+28  5.52386e+24  2.16502e+30
     700  1.65725e+30  1.32131e+29  6.96086e+24  3.68218e+30
     800  2.61333e+30  1.86135e+29  8.50454e+24  5.93565e+30
     900  3.95482e+30  2.52717e+29   1.0148e+25  9.15675e+30
    1000  5.79278e+30  3.33348e+29  1.18855e+25  1.36204e+31
    1100   8.2611e+30  4.29578e+29  1.37121e+25   1.9649e+31
    1200  1.15195e+31  5.43025e+29  1.56238e+25  2.76162e+31
    1300  1.57563e+31  6.75367e+29   1.7617e+25  3.79508e+31
    1400  2.11924e+31  8.28342e+29  1.96883e+25  5.11403e+31
    1500  2.80838e+31  1.00374e+30   2.1835e+25  6.77351e+31
    1600  3.67261e+31  1.20341e+30  2.40545e+25  8.83514e+31
    1700  4.74576e+31  1.42925e+30  2.63445e+25  1.13676e+32
    1800  6.06639e+31  1.68319e+30  2.87028e+25   1.4447e+32
    1900  7.67818e+31  1.96722e+30  3.11276e+25  1.81572e+32
    2000  9.63034e+31  2.28338e+30  3.36171e+25    2.259e+32
   partition functions (relative to 0 kcal/mol, units - 1/cm3):
     T\Q           W1           B1
     100  3.60775e+59  1.04841e+22
     200  3.13056e+44  8.27792e+24
     300   5.0609e+39  3.85372e+26
     400  2.65761e+37  4.18559e+27
     500   1.3495e+36  2.21643e+28
     600  2.08786e+35  7.81723e+28
     700   6.0363e+34  2.13675e+29
     800  2.56098e+34  4.91657e+29
     900  1.39595e+34  1.00031e+30
    1000   9.0335e+33  1.85671e+30
    1100  6.60294e+33  3.21049e+30
    1200   5.2752e+33  5.24758e+30
    1300  4.50386e+33  8.19396e+30
    1400  4.04457e+33  1.23194e+31
    1500  3.77661e+33  1.79412e+31
    1600  3.63563e+33  2.54279e+31
    1700  3.58528e+33  3.52033e+31
    1800  3.60414e+33  4.77502e+31
    1900  3.67932e+33  6.36137e+31
    2000    3.803e+33  8.34054e+31
   tunneling partition function correction factors & high pressure effective energy shifts (D), kcal/mol:
     T\B           B1            D
     100      898.387     -1.35141
     200      3.92095    -0.543034
     300      1.75169    -0.334194
     400      1.35525    -0.241634
     500      1.20883    -0.188437
     600      1.13748    -0.153591
     700      1.09709    -0.128891
     800      1.07193    -0.110424
     900      1.05519   -0.0960772
    1000      1.04349   -0.0845983
    1100        1.035   -0.0752007
    1200      1.02865   -0.0673624
    1300      1.02378   -0.0607253
    1400      1.01998   -0.0550296
    1500      1.01695   -0.0500928
    1600       1.0145   -0.0457614
    1700      1.01249   -0.0419345
    1800      1.01083   -0.0385391
    1900      1.00945   -0.0354957
    2000      1.00827   -0.0327485
Model::init:  done, cpu time[sec] = 1.49549, elapsed time[sec] = 0
rate calculation starts
   MasterEquation::set:  starts
      Temperature      = 1200 K
      Collision rate   = 4.27338e-10cm^3/sec
      Energy reference = 26406 1/cm
      Energy step      = 83 1/cm
      setting wells, barriers, and bimolecular starts
         W1 Well: density of states done, elapsed time[sec] = 9.5e-05
         W1 Well: collisional energy transfer kernel done, elapsed time[sec] = 0.002094
         W1 Well: relaxation modes basis done, elapsed time[sec] = 0.003702
         W1 Well: kernel in relaxation modes basis done, elapsed time[sec] = 0.023304
         W1 Well: relaxation eigenvalues done, elapsed time[sec] = 0.017127
         W1 Well: minimal relaxation eigenvalue = 0.00798951
         W1 Well: maximal relaxation eigenvalue = 0.965976
         W1 Well:       grid size = 380
         W1 Well:      real depth = -5109 1/cm
         W1 Well: effective depth = -5134 1/cm
         B1 Barrier:        grid size = 319
         B1 Barrier:      real height = 0 1/cm
         B1 Barrier: effective height = -71 1/cm
      setting wells, barriers, and bimolecular done, cpu time[sec] = 0.046496, elapsed time[sec] = 0
      Bound Species (D1/D2 - density of states at dissociation energy (DE)/reference energy):
       Name  Depth     DE      *D1      *D2
              1/cm   1/cm       cm       cm
         W1  -5134    -71      153 2.81e+04
      Well-to-Bimolecular Barriers (N - number of states at the reference energy):
       Name Height       *N
              1/cm         
         B1    -71 9.65e+07
      Effective equilibrium constants(bimolecular units - cm^3):
        Q/Q        W1        P0
         W1         1  1.64e-18
         P0  6.09e+17         1
      Real equilibrium constants(bimolecular units - cm^3):
        Q/Q        W1        P0
         W1         1  6.22e-22
         P0  1.61e+21         1
   MasterEquation::set:  done, cpu time[sec] = 0.046977, elapsed time[sec] = 0
   MasterEquation::direct_diagonalization_method:  starts
      Pressure = 1 atm	 Temperature = 1200 K
      collision frequency = 2.61326e+09 1/sec
      global relaxation matrix dimension = 380
      setting global matrices ... done, cpu time[sec] = 0.004509, elapsed time[sec] = 0
      diagonalizing global relaxation matrix ... done, cpu time[sec] = 0.110979, elapsed time[sec] = 0
      minimal relaxation eigenvalue / collision frequency = 0.0217351
      maximal relaxation eigenvalue / collision frequency = 39380.1
      microscopic rate coefficients (at reference energy) over collision frequency:
             W1->P0
            39379.4
      eigenvector populations normalized:
          L        *R        *P        W1
          0    0.0216    0.0344         1
         *R - eigenvalue over the relaxation limit
         *P - eigenvector projection squared on the relaxation subspace
      eigenvector projections:
          L        *Q        *P        W1
          0  0.000469    0.0344     0.983
         *Z       ---       ---  8.01e+11
         *Q - eigenvalue over the collision frequency
         *P - eigenvector projection squared on the relaxation subspace
         *Z - well partition function square root
      isomers-to-bimolecular equilibrium coefficients (kappa matrix):
        W\P       P0
         W1        0
      projection error = 0.034
      Wa->Wb/Wb->Wa rate constants ratios:
      Wb\Wa        W1
         W1         1
      W->P/P->W rate constants ratios:
        P\W        W1
         P0         1
      Hot distribution branching ratios:
       Well  E, kcal/mol           W1           P0
         W1      75.4976 -1.82722e-11            1
         W1      75.4976 -1.82722e-11            1
         W1      75.2603  1.14713e-10            1
         W1       75.023 -2.38696e-11            1
         W1      74.7857  3.05895e-10            1
         W1       74.311 -3.00273e-10            1
         W1      74.0737  1.32839e-10            1
         W1      73.8364 -3.13971e-10            1
         W1      73.5991  1.26085e-10            1
         W1      73.3618 -9.89023e-11            1
         W1      73.1245  3.31587e-11            1
         W1      72.8872  1.44949e-10            1
         W1      72.6499  -1.4343e-10            1
         W1      72.4126  -1.0324e-10            1
         W1      72.4126  -1.0324e-10            1
         W1      72.1753 -9.99574e-11            1
         W1       71.938  1.51491e-10            1
         W1      71.7007 -4.50471e-11            1
         W1      71.4634 -3.29874e-11            1
         W1      71.2261  9.40508e-12            1
         W1      70.9888 -4.11971e-11            1
         W1      70.7515 -2.88367e-11            1
         W1      70.2768  3.78923e-11            1
         W1      70.0395 -3.82385e-11            1
         W1      69.8022   2.0086e-11            1
         W1      69.5649 -5.80372e-11            1
         W1      69.3276  3.13824e-11            1
         W1      69.0903  3.13872e-11            1
         W1       68.853 -8.91244e-11            1
         W1      68.6157 -1.06771e-11            1
         W1      68.3784  2.72475e-11            1
         W1      68.3784  2.72475e-11            1
         W1      68.1411  1.60765e-12            1
         W1      67.9038 -1.67748e-11            1
         W1      67.6665   1.6748e-11            1
         W1      67.4292  2.54883e-13            1
         W1      67.1919  -5.0362e-11            1
         W1      66.9546  5.60316e-12            1
         W1      66.7173 -4.10084e-11            1
         W1      66.2426  4.48727e-11            1
         W1      66.0053  9.68653e-12            1
         W1       65.768 -2.77913e-11            1
         W1      65.5307  8.69984e-12            1
         W1      65.2934  3.16759e-11            1
         W1      65.0561  8.77341e-12            1
         W1      64.8188 -9.19325e-12            1
         W1      64.5815 -5.54327e-12            1
         W1      64.3442  1.54783e-11            1
         W1      64.3442  1.54783e-11            1
         W1      64.1069 -5.73466e-12            1
         W1      63.8696  2.86818e-11            1
         W1      63.6323 -3.10696e-12            1
         W1       63.395 -3.52885e-12            1
         W1      63.1577 -4.17034e-11            1
         W1      62.9204   4.0196e-12            1
         W1      62.6831 -1.61026e-11            1
         W1      62.2084 -7.35819e-12            1
         W1      61.9711  1.20572e-11            1
         W1      61.7338 -1.28449e-11            1
         W1      61.4965 -1.88518e-11            1
         W1      61.2592  -2.1081e-11            1
         W1      61.0219  1.03102e-11            1
         W1      60.7846  1.38393e-11            1
         W1      60.5473  4.71326e-12            1
         W1        60.31 -4.90073e-12            1
         W1        60.31 -4.90073e-12            1
         W1      60.0727 -1.75391e-11            1
         W1      59.8354 -4.11668e-12            1
         W1      59.5981  1.80619e-12            1
         W1      59.3608  4.18398e-12            1
         W1      59.1235  1.33615e-12            1
         W1      58.8862  2.40085e-11            1
         W1      58.6489   1.4037e-11            1
         W1      58.1742  -1.0924e-11            1
         W1      57.9369  1.94168e-11            1
         W1      57.6996  1.11368e-11            1
         W1      57.4623  4.61193e-12            1
         W1       57.225 -3.85764e-12            1
         W1      56.9877  2.22634e-12            1
         W1      56.7504  4.80502e-13            1
         W1      56.5131 -2.12899e-12            1
         W1      56.2758 -4.28484e-13            1
         W1      56.2758 -4.28484e-13            1
         W1      56.0385 -1.30519e-12            1
         W1      55.8012  3.77564e-12            1
         W1      55.5639  1.45111e-13            1
         W1      55.3266 -3.07869e-12            1
         W1      55.0893 -1.83056e-12            1
         W1       54.852  5.84492e-12            1
         W1      54.6147  2.27257e-12            1
         W1        54.14 -3.30861e-12            1
         W1      53.9027  1.14161e-11            1
         W1      53.6654  -3.1765e-12            1
         W1      53.4281   -1.462e-12            1
         W1      53.1908 -4.41887e-12            1
         W1      52.9535  9.74534e-13            1
         W1      52.7162  2.65345e-12            1
         W1      52.4789 -3.63779e-12            1
         W1      52.2416 -9.87972e-13            1
         W1      52.2416 -9.87972e-13            1
         W1      52.0043  2.68722e-12            1
         W1       51.767 -6.64688e-14            1
         W1      51.5297  1.09036e-13            1
         W1      51.2924  7.31631e-13            1
         W1      51.0551  4.36935e-13            1
         W1      50.8178   1.7329e-13            1
         W1      50.5805 -2.53892e-12            1
         W1      50.1058  3.61711e-12            1
         W1      49.8685 -1.83544e-13            1
         W1      49.6312 -1.33727e-12            1
         W1      49.3939  1.08076e-12            1
         W1      49.1566  1.46003e-12            1
         W1      48.9193  1.51349e-12            1
         W1       48.682  -7.7748e-13            1
         W1      48.4447 -1.78371e-12            1
         W1      48.2074  1.66909e-12            1
         W1      48.2074  1.66909e-12            1
         W1      47.9701  2.44734e-12            1
         W1      47.7328 -2.89849e-12            1
         W1      47.4955  1.84881e-12            1
         W1      47.2582  1.00228e-13            1
         W1      47.0209  1.82172e-14            1
         W1      46.7836  1.04778e-12            1
         W1      46.5463 -7.65604e-13            1
         W1      46.0716  8.59447e-13            1
         W1      45.8343  3.18936e-13            1
         W1       45.597  4.93274e-13            1
         W1      45.3597  7.94489e-13            1
         W1      45.1224 -2.47931e-13            1
         W1      44.8851  3.09102e-13            1
         W1      44.6478  2.35412e-13            1
         W1      44.4105  5.70759e-13            1
         W1      44.1732 -5.33501e-13            1
         W1      44.1732 -5.33501e-13            1
         W1      43.9359  6.04314e-13            1
         W1      43.6986 -2.21218e-13            1
         W1      43.4613 -1.01306e-13            1
         W1       43.224  -4.2401e-13            1
         W1      42.9867 -1.16588e-13            1
         W1      42.7494  5.35102e-13            1
         W1      42.5121 -1.11347e-13            1
         W1      42.0374  3.67204e-13            1
         W1      41.8001 -1.60525e-13            1
         W1      41.5628 -1.35561e-12            1
         W1      41.3255 -1.10146e-13            1
         W1      41.0882  2.30253e-13            1
         W1      40.8509 -5.80356e-13            1
         W1      40.6136   2.4067e-13            1
         W1      40.3763 -1.02769e-13            1
         W1       40.139 -2.84394e-13            1
         W1       40.139 -2.84394e-13            1
         W1      39.9017 -8.17103e-13            1
         W1      39.6644  1.20735e-12            1
         W1      39.4271 -4.18928e-13            1
         W1      39.1898  2.21983e-13            1
         W1      38.9525  5.76532e-13            1
         W1      38.7152  7.96794e-13            1
         W1      38.4779  1.18275e-13            1
         W1      38.0032  1.43367e-13            1
         W1      37.7659 -1.96587e-13            1
         W1      37.5286  7.93615e-14            1
         W1      37.2913  -1.6061e-13            1
         W1       37.054 -6.01918e-13            1
         W1      36.8167 -2.03686e-13            1
         W1      36.5794  3.15866e-14            1
         W1      36.3421  -6.4063e-14            1
         W1      36.1048  1.11853e-13            1
         W1      36.1048  1.11853e-13            1
         W1      35.8675 -4.20182e-13            1
         W1      35.6302 -6.48667e-14            1
         W1      35.3929  2.65056e-13            1
         W1      35.1556  1.19675e-13            1
         W1      34.9183  9.33019e-14            1
         W1       34.681  2.31508e-13            1
         W1      34.4437 -1.21487e-13            1
         W1       33.969  2.49404e-13            1
         W1      33.7317 -2.77372e-13            1
         W1      33.4944  3.94158e-14            1
         W1      33.2571  2.78066e-13            1
         W1      33.0198 -4.36073e-14            1
         W1      32.7825 -5.82281e-14            1
         W1      32.5452  6.71086e-14            1
         W1      32.3079 -1.91309e-13            1
         W1      32.0706  1.95831e-13            1
         W1      32.0706  1.95831e-13            1
         W1      31.8333  -3.8417e-14            1
         W1       31.596 -6.54121e-14            1
         W1      31.3587  6.82834e-14            1
         W1      31.1214 -1.47095e-13            1
         W1      30.8841   1.8268e-13            1
         W1      30.6468  4.57246e-14            1
         W1      30.4095  -9.5359e-14            1
         W1      29.9348 -7.83711e-14            1
         W1      29.6975  1.86134e-13            1
         W1      29.4602 -7.11376e-14            1
         W1      29.2229  4.43739e-14            1
         W1      28.9856 -1.77976e-13            1
         W1      28.7483  3.06443e-14            1
         W1       28.511 -1.96975e-14            1
         W1      28.2737 -1.14956e-13            1
         W1      28.0364 -4.20025e-14            1
         W1      28.0364 -4.20025e-14            1
         W1      27.7991 -1.02021e-13            1
         W1      27.5618 -3.23156e-14            1
         W1      27.3245 -3.67931e-14            1
         W1      27.0872  1.04391e-13            1
         W1      26.8499 -3.39814e-14            1
         W1      26.6126 -2.45812e-14            1
         W1      26.3753 -2.16326e-14            1
         W1      25.9006 -8.85323e-15            1
         W1      25.6633 -4.74182e-14            1
         W1       25.426  6.92735e-15            1
         W1      25.1887 -1.05408e-13            1
         W1      24.9514  1.16738e-13            1
         W1      24.7141  1.54478e-15            1
         W1      24.4768  5.60143e-14            1
         W1      24.2395 -9.19592e-14            1
         W1      24.0022  5.44678e-14            1
         W1      24.0022  5.44678e-14            1
         W1      23.7649 -2.11394e-14            1
         W1      23.5276 -1.30028e-14            1
         W1      23.2903 -3.92186e-14            1
         W1       23.053 -3.28415e-15            1
         W1      22.8157  4.11509e-14            1
         W1      22.5784  4.28636e-14            1
         W1      22.3411 -8.16093e-15            1
         W1      21.8664  1.15722e-14            1
         W1      21.6291  4.74151e-14            1
         W1      21.3918  1.02215e-14            1
         W1      21.1545 -1.36329e-14            1
         W1      20.9172 -6.40398e-14            1
         W1      20.6799  2.94061e-14            1
         W1      20.4426  1.21735e-14            1
         W1      20.2053  9.22194e-15            1
         W1       19.968  2.81225e-14            1
         W1       19.968  2.81225e-14            1
         W1      19.7307  1.13143e-14            1
         W1      19.4934 -3.82654e-14            1
         W1      19.2561  4.07883e-14            1
         W1      19.0188  1.98571e-15            1
         W1      18.7815  1.56395e-14            1
         W1      18.5442 -1.28115e-14            1
         W1      18.3069 -6.64575e-15            1
         W1      17.8322 -8.84891e-15            1
         W1      17.5949  1.04607e-14            1
         W1      17.3576  2.45806e-14            1
         W1      17.1203 -1.18614e-14            1
         W1       16.883 -2.34082e-14            1
         W1      16.6457  4.22464e-14            1
         W1      16.4084 -3.03262e-14            1
         W1      16.1711  2.50671e-14            1
         W1      15.9338  -4.5168e-14            1
         W1      15.9338  -4.5168e-14            1
         W1      15.6965  4.47973e-14            1
         W1      15.4592  7.47617e-15            1
         W1      15.2219 -7.80817e-15            1
         W1      14.9846  1.51066e-15            1
         W1      14.7473  -9.1032e-15            1
         W1        14.51  1.81443e-14            1
         W1      14.2727  2.53237e-14            1
         W1      14.0354 -1.59472e-14            1
         W1      13.5607   2.7544e-14            1
         W1      13.3234 -2.16869e-15            1
         W1      13.0861  6.62907e-14            1
         W1      12.8488  6.74067e-14            1
         W1      12.6115  1.82786e-13            1
         W1      12.3742  4.01944e-13            1
         W1      12.1369  9.03301e-13            1
         W1      11.8996  2.31362e-12            1
         W1      11.8996  2.31362e-12            1
         W1      11.6623  5.63491e-12            1
         W1       11.425  1.30047e-11            1
         W1      11.1877  2.80374e-11            1
         W1      10.9504  5.61388e-11            1
         W1      10.7131  1.05904e-10            1
         W1      10.4758  1.89666e-10            1
         W1      10.2385  3.26522e-10            1
         W1      9.76385  9.32572e-10            1
         W1      9.52654  1.54264e-09            1
         W1      9.52654  1.54264e-09            1
         W1      9.05193  4.13113e-09            1
         W1      9.05193  4.13113e-09            1
         W1      8.57732    1.119e-08            1
         W1      8.34001  1.84345e-08            1
         W1      8.34001  1.84345e-08            1
         W1       7.8654  5.03228e-08            1
         W1       7.8654  5.03228e-08            1
         W1      7.39079  1.41679e-07            1
         W1      7.39079  1.41679e-07            1
         W1      7.15349  2.37602e-07            1
         W1      6.67887  7.02879e-07     0.999999
         W1      6.67887  7.02879e-07     0.999999
         W1      6.20426  2.17403e-06     0.999998
         W1      6.20426  2.17403e-06     0.999998
         W1      5.72965  7.10185e-06     0.999993
         W1      5.49234  1.33466e-05     0.999987
         W1      5.49234  1.33466e-05     0.999987
         W1      5.01773  4.99529e-05      0.99995
         W1      5.01773  4.99529e-05      0.99995
         W1      4.54312  0.000210763     0.999789
         W1      4.54312  0.000210763     0.999789
         W1      4.30582   0.00046888     0.999531
         W1       3.8312   0.00263363     0.997366
         W1       3.8312   0.00263363     0.997366
         W1      3.35659    0.0162811     0.983719
         W1      3.35659    0.0162811     0.983719
         W1      3.11929    0.0371469     0.962853
         W1      2.64467     0.124954     0.875046
         W1      2.64467     0.124954     0.875046
         W1      2.17006     0.243367     0.756633
         W1      2.17006     0.243367     0.756633
         W1      1.69545     0.345867     0.654133
         W1      1.45814       0.3911       0.6089
         W1      1.45814       0.3911       0.6089
         W1      1.22084     0.433245     0.566755
         W1     0.983533     0.472586     0.527414
         W1     0.508921     0.543002     0.456998
         W1     0.271615     0.574793     0.425207
         W1     0.271615     0.574793     0.425207
         W1    -0.202997     0.632951     0.367049
         W1    -0.202997     0.632951     0.367049
         W1    -0.440302     0.658699     0.341301
         W1    -0.677608     0.682787     0.317213
         W1    -0.914914     0.706401     0.293599
         W1     -1.38953     0.748393     0.251607
         W1     -1.38953     0.748393     0.251607
         W1     -1.86414      0.78489      0.21511
         W1     -1.86414      0.78489      0.21511
         W1     -2.33875     0.818093     0.181907
         W1     -2.57606     0.832834     0.167166
         W1     -2.57606     0.832834     0.167166
         W1     -3.05067     0.859455     0.140545
         W1     -3.05067     0.859455     0.140545
         W1     -3.52528     0.882965     0.117035
         W1     -3.52528     0.882965     0.117035
         W1     -3.76258     0.893116     0.106884
         W1      -4.2372     0.913617    0.0863834
         W1      -4.2372     0.913617    0.0863834
         W1     -4.71181     0.931258    0.0687417
         W1     -4.71181     0.931258    0.0687417
         W1     -5.18642     0.946319    0.0536811
         W1     -5.42373     0.953449    0.0465506
         W1     -5.42373     0.953449    0.0465506
         W1     -5.89834     0.966023    0.0339767
         W1     -5.89834     0.966023    0.0339767
         W1     -6.37295     0.977199    0.0228011
         W1     -6.61026     0.982337    0.0176635
         W1     -6.61026     0.982337    0.0176635
         W1     -7.08487      0.99147   0.00853045
         W1     -7.08487      0.99147   0.00853045
         W1     -7.55948     0.999967  3.32761e-05
         W1     -7.55948     0.999967  3.32761e-05
         W1     -7.79678      1.00368  -0.00368476
         W1      -8.2714         1.01  -0.00999716
         W1      -8.2714         1.01  -0.00999716
         W1     -8.74601      1.01632   -0.0163189
         W1     -8.74601      1.01632   -0.0163189
         W1     -9.22062      1.02126   -0.0212581
         W1     -9.45793      1.02403   -0.0240341
         W1     -9.45793      1.02403   -0.0240341
         W1     -9.93254      1.02879   -0.0287873
         W1     -9.93254      1.02879   -0.0287873
         W1     -10.1698      1.03081    -0.030809
         W1     -10.6445      1.03424    -0.034239
         W1     -10.8818      1.03568   -0.0356783
         W1     -11.1191      1.03694   -0.0369421
         W1     -11.3564      1.03796   -0.0379564
         W1     -11.5937      1.03899   -0.0389948
         W1      -11.831      1.04031   -0.0403077
         W1     -12.0683      1.04145   -0.0414522
         W1     -12.3056      1.04244   -0.0424427
         W1     -12.3056      1.04244   -0.0424427
         W1     -12.5429      1.04329    -0.043293
         W1     -12.7802      1.04402   -0.0440158
         W1     -13.0175      1.04462   -0.0446232
         W1     -13.2548      1.04513   -0.0451261
         W1     -13.4921      1.04553   -0.0455344
         W1     -13.7294      1.04586   -0.0458568
         W1     -13.9667       1.0461   -0.0460988
         W1      -14.204      1.04626   -0.0462581
   MasterEquation::direct_diagonalization_method:  done, cpu time[sec] = 0.157638, elapsed time[sec] = 0
rate calculation done, cpu time[sec] = 0.204657, elapsed time[sec] = 0
