Wells (G - ground energy, D - dissociation limit, kcal/mol):
      Name        G        D
        W1    -14.6      4.0

Bimolecular Products (G - ground energy, kcal/mol):
      Name        G
        P0      0.0

Well-to-Bimolecular Barriers (H/G - barrier height/well depth, kcal/mol)
      Name        H     Well        G  Product
        B1      4.0       W1    -14.6       P0

________________________________________________________________________________________

Unimolecular Rate Units: 1/sec;  Bimolecular Rate Units: cm^3/sec

______________________________________________________________________________________

Species-Species Rate Tables:

Temperature = 425 K

High Pressure Rate Coefficients:

From\To            W1           P0
W1                ***      16326.4
P0        1.43551e-12          ***

Temperature = 425 K    Pressure = 0.00343 atm

From\To            W1           P0
W1           0.314343     0.314343
P0         2.7484e-17  2.74839e-17

Temperature = 425 K    Pressure = 0.00365 atm

From\To            W1           P0
W1           0.330866     0.330865
P0        2.89303e-17  2.89303e-17

Temperature = 425 K    Pressure = 0.00383 atm

From\To            W1           P0
W1           0.344239     0.344239
P0        3.01011e-17  3.01011e-17

Temperature = 425 K    Pressure = 0.00424 atm

From\To            W1           P0
W1           0.374251      0.37425
P0        3.27286e-17  3.27286e-17

Temperature = 425 K    Pressure = 0.00428 atm

From\To            W1           P0
W1           0.377147     0.377147
P0        3.29822e-17  3.29822e-17

Temperature = 425 K    Pressure = 0.00431 atm

From\To            W1           P0
W1           0.379316     0.379316
P0        3.31721e-17  3.31721e-17

Temperature = 425 K    Pressure = 0.00627 atm

From\To            W1           P0
W1           0.515404     0.515404
P0        4.50894e-17  4.50894e-17

Temperature = 425 K    Pressure = 0.00651 atm

From\To            W1           P0
W1            0.53142      0.53142
P0        4.64921e-17  4.64921e-17

Temperature = 425 K    Pressure = 0.00656 atm

From\To            W1           P0
W1           0.534741     0.534741
P0         4.6783e-17   4.6783e-17

Temperature = 425 K    Pressure = 0.00682 atm

From\To            W1           P0
W1           0.551929     0.551929
P0        4.82885e-17  4.82885e-17

Temperature = 425 K    Pressure = 0.00711 atm

From\To            W1           P0
W1           0.570942     0.570942
P0        4.99539e-17  4.99539e-17

Temperature = 425 K    Pressure = 0.00741 atm

From\To            W1           P0
W1           0.590444     0.590443
P0        5.16621e-17  5.16621e-17

Temperature = 425 K    Pressure = 0.00752 atm

From\To            W1           P0
W1           0.597553     0.597553
P0        5.22848e-17  5.22848e-17

Temperature = 425 K    Pressure = 0.00856 atm

From\To            W1           P0
W1           0.663751     0.663751
P0         5.8084e-17   5.8084e-17

Temperature = 425 K    Pressure = 0.0101 atm

From\To            W1           P0
W1           0.758781     0.758781
P0        6.64097e-17  6.64097e-17

Temperature = 425 K    Pressure = 1.1 atm

From\To            W1           P0
W1            28.3492      28.3492
P0        2.48875e-15  2.48875e-15

Temperature = 425 K    Pressure = 1.5 atm

From\To            W1           P0
W1            35.5927      35.5927
P0        3.12506e-15  3.12506e-15

Temperature = 425 K    Pressure = 2 atm

From\To            W1           P0
W1            43.8986      43.8986
P0        3.85474e-15  3.85474e-15

Temperature = 425 K    Pressure = 2.7 atm

From\To            W1           P0
W1            54.5611      54.5611
P0        4.79153e-15  4.79153e-15

Temperature = 425 K    Pressure = 3.3 atm

From\To            W1           P0
W1            63.0504      63.0504
P0        5.53744e-15  5.53744e-15

Temperature = 425 K    Pressure = 4.3 atm

From\To            W1           P0
W1             76.227       76.227
P0        6.69525e-15  6.69525e-15

Temperature = 425 K    Pressure = 11.2 atm

From\To            W1           P0
W1            149.983      149.983
P0         1.3177e-14   1.3177e-14

Temperature = 425 K    Pressure = 14 atm

From\To            W1           P0
W1            175.216      175.216
P0        1.53947e-14  1.53947e-14

Temperature = 643 K

High Pressure Rate Coefficients:

From\To            W1           P0
W1                ***  4.30205e+07
P0        7.61002e-12          ***

Temperature = 643 K    Pressure = 0.00343 atm

From\To            W1           P0
W1            79.6379      79.6378
P0         1.4026e-17   1.4026e-17

Temperature = 643 K    Pressure = 0.00365 atm

From\To            W1           P0
W1            84.1708      84.1704
P0        1.48248e-17  1.48248e-17

Temperature = 643 K    Pressure = 0.00383 atm

From\To            W1           P0
W1            87.8546      87.8544
P0         1.5474e-17   1.5474e-17

Temperature = 643 K    Pressure = 0.00424 atm

From\To            W1           P0
W1            96.1684      96.1687
P0        1.69392e-17  1.69392e-17

Temperature = 643 K    Pressure = 0.00428 atm

From\To            W1           P0
W1            96.9743      96.9744
P0        1.70812e-17  1.70812e-17

Temperature = 643 K    Pressure = 0.00431 atm

From\To            W1           P0
W1            97.5782      97.5781
P0        1.71876e-17  1.71876e-17

Temperature = 643 K    Pressure = 0.00627 atm

From\To            W1           P0
W1            136.045      136.045
P0        2.39676e-17  2.39676e-17

Temperature = 643 K    Pressure = 0.00651 atm

From\To            W1           P0
W1            140.642      140.642
P0        2.47778e-17  2.47778e-17

Temperature = 643 K    Pressure = 0.00656 atm

From\To            W1           P0
W1            141.596      141.597
P0        2.49461e-17  2.49461e-17

Temperature = 643 K    Pressure = 0.00682 atm

From\To            W1           P0
W1            146.547      146.547
P0        2.58188e-17  2.58188e-17

Temperature = 643 K    Pressure = 0.00711 atm

From\To            W1           P0
W1            152.041      152.041
P0        2.67872e-17  2.67872e-17

Temperature = 643 K    Pressure = 0.00741 atm

From\To            W1           P0
W1            157.694      157.694
P0        2.77837e-17  2.77837e-17

Temperature = 643 K    Pressure = 0.00752 atm

From\To            W1           P0
W1            159.759      159.759
P0        2.81478e-17  2.81478e-17

Temperature = 643 K    Pressure = 0.00856 atm

From\To            W1           P0
W1            179.104      179.104
P0         3.1558e-17   3.1558e-17

Temperature = 643 K    Pressure = 0.0101 atm

From\To            W1           P0
W1            207.205      207.205
P0        3.65121e-17  3.65121e-17

Temperature = 643 K    Pressure = 1.1 atm

From\To            W1           P0
W1            11571.7      11571.7
P0        2.04296e-15  2.04296e-15

Temperature = 643 K    Pressure = 1.5 atm

From\To            W1           P0
W1            14983.9      14983.9
P0        2.64565e-15  2.64565e-15

Temperature = 643 K    Pressure = 2 atm

From\To            W1           P0
W1            19026.2      19026.2
P0         3.3597e-15   3.3597e-15

Temperature = 643 K    Pressure = 2.7 atm

From\To            W1           P0
W1              24388        24388
P0        4.30689e-15  4.30689e-15

Temperature = 643 K    Pressure = 3.3 atm

From\To            W1           P0
W1            28777.4      28777.4
P0        5.08236e-15  5.08236e-15

Temperature = 643 K    Pressure = 4.3 atm

From\To            W1           P0
W1              35775        35775
P0        6.31867e-15  6.31867e-15

Temperature = 643 K    Pressure = 11.2 atm

From\To            W1           P0
W1            78101.2      78101.2
P0         1.3798e-14   1.3798e-14

Temperature = 643 K    Pressure = 14 atm

From\To            W1           P0
W1            93545.8      93545.8
P0        1.65275e-14  1.65275e-14

Temperature = 673 K

High Pressure Rate Coefficients:

From\To            W1           P0
W1                ***  8.66377e+07
P0        8.90555e-12          ***

Temperature = 673 K    Pressure = 0.00343 atm

From\To            W1           P0
W1            125.964      125.964
P0        1.28887e-17  1.28887e-17

Temperature = 673 K    Pressure = 0.00365 atm

From\To            W1           P0
W1            133.182      133.182
P0        1.36277e-17  1.36277e-17

Temperature = 673 K    Pressure = 0.00383 atm

From\To            W1           P0
W1            139.052      139.051
P0        1.42285e-17  1.42285e-17

Temperature = 673 K    Pressure = 0.00424 atm

From\To            W1           P0
W1            152.303      152.303
P0        1.55853e-17  1.55853e-17

Temperature = 673 K    Pressure = 0.00428 atm

From\To            W1           P0
W1            153.588      153.588
P0        1.57169e-17  1.57169e-17

Temperature = 673 K    Pressure = 0.00431 atm

From\To            W1           P0
W1             154.55      154.551
P0        1.58154e-17  1.58154e-17

Temperature = 673 K    Pressure = 0.00627 atm

From\To            W1           P0
W1            215.973      215.973
P0        2.21048e-17  2.21048e-17

Temperature = 673 K    Pressure = 0.00651 atm

From\To            W1           P0
W1            223.322      223.322
P0        2.28574e-17  2.28574e-17

Temperature = 673 K    Pressure = 0.00656 atm

From\To            W1           P0
W1            224.848      224.849
P0        2.30137e-17  2.30137e-17

Temperature = 673 K    Pressure = 0.00682 atm

From\To            W1           P0
W1            232.766      232.766
P0        2.38246e-17  2.38246e-17

Temperature = 673 K    Pressure = 0.00711 atm

From\To            W1           P0
W1            241.555      241.555
P0        2.47246e-17  2.47246e-17

Temperature = 673 K    Pressure = 0.00741 atm

From\To            W1           P0
W1            250.602      250.602
P0        2.56511e-17  2.56511e-17

Temperature = 673 K    Pressure = 0.00752 atm

From\To            W1           P0
W1            253.909      253.908
P0        2.59897e-17  2.59897e-17

Temperature = 673 K    Pressure = 0.00856 atm

From\To            W1           P0
W1            284.886      284.886
P0        2.91624e-17  2.91624e-17

Temperature = 673 K    Pressure = 0.0101 atm

From\To            W1           P0
W1            329.934      329.934
P0        3.37763e-17  3.37763e-17

Temperature = 673 K    Pressure = 1.1 atm

From\To            W1           P0
W1            19093.4      19093.4
P0        1.95843e-15  1.95843e-15

Temperature = 673 K    Pressure = 1.5 atm

From\To            W1           P0
W1            24791.2      24791.2
P0        2.54314e-15  2.54314e-15

Temperature = 673 K    Pressure = 2 atm

From\To            W1           P0
W1            31560.7      31560.7
P0        3.23787e-15  3.23787e-15

Temperature = 673 K    Pressure = 2.7 atm

From\To            W1           P0
W1            40565.6      40565.6
P0         4.1621e-15   4.1621e-15

Temperature = 673 K    Pressure = 3.3 atm

From\To            W1           P0
W1            47955.5      47955.5
P0        4.92062e-15  4.92062e-15

Temperature = 673 K    Pressure = 4.3 atm

From\To            W1           P0
W1            59764.2      59764.2
P0        6.13279e-15  6.13279e-15

Temperature = 673 K    Pressure = 11.2 atm

From\To            W1           P0
W1             131686       131686
P0        1.35168e-14  1.35168e-14

Temperature = 673 K    Pressure = 14 atm

From\To            W1           P0
W1             158079       158079
P0        1.62269e-14  1.62269e-14

Temperature = 700 K

High Pressure Rate Coefficients:

From\To            W1           P0
W1                ***  1.54893e+08
P0        1.01614e-11          ***

Temperature = 700 K    Pressure = 0.00343 atm

From\To            W1           P0
W1            183.275      183.275
P0         1.1965e-17   1.1965e-17

Temperature = 700 K    Pressure = 0.00365 atm

From\To            W1           P0
W1            193.837      193.836
P0        1.26548e-17  1.26548e-17

Temperature = 700 K    Pressure = 0.00383 atm

From\To            W1           P0
W1            202.426      202.425
P0        1.32159e-17  1.32159e-17

Temperature = 700 K    Pressure = 0.00424 atm

From\To            W1           P0
W1            221.828      221.828
P0        1.44833e-17  1.44833e-17

Temperature = 700 K    Pressure = 0.00428 atm

From\To            W1           P0
W1            223.711       223.71
P0        1.46062e-17  1.46062e-17

Temperature = 700 K    Pressure = 0.00431 atm

From\To            W1           P0
W1            225.119      225.119
P0        1.46983e-17  1.46983e-17

Temperature = 700 K    Pressure = 0.00627 atm

From\To            W1           P0
W1            315.179      315.179
P0        2.05822e-17  2.05822e-17

Temperature = 700 K    Pressure = 0.00651 atm

From\To            W1           P0
W1            325.967      325.967
P0         2.1287e-17   2.1287e-17

Temperature = 700 K    Pressure = 0.00656 atm

From\To            W1           P0
W1            328.208      328.208
P0        2.14335e-17  2.14335e-17

Temperature = 700 K    Pressure = 0.00682 atm

From\To            W1           P0
W1            339.834      339.834
P0        2.21931e-17  2.21931e-17

Temperature = 700 K    Pressure = 0.00711 atm

From\To            W1           P0
W1             352.74      352.741
P0        2.30365e-17  2.30365e-17

Temperature = 700 K    Pressure = 0.00741 atm

From\To            W1           P0
W1            366.029       366.03
P0        2.39048e-17  2.39048e-17

Temperature = 700 K    Pressure = 0.00752 atm

From\To            W1           P0
W1            370.888      370.886
P0        2.42222e-17  2.42222e-17

Temperature = 700 K    Pressure = 0.00856 atm

From\To            W1           P0
W1            416.418      416.418
P0        2.71975e-17  2.71975e-17

Temperature = 700 K    Pressure = 0.0101 atm

From\To            W1           P0
W1            482.683      482.684
P0         3.1528e-17   3.1528e-17

Temperature = 700 K    Pressure = 1.1 atm

From\To            W1           P0
W1            28765.8      28765.8
P0        1.88269e-15  1.88269e-15

Temperature = 700 K    Pressure = 1.5 atm

From\To            W1           P0
W1            37434.9      37434.9
P0        2.45035e-15  2.45035e-15

Temperature = 700 K    Pressure = 2 atm

From\To            W1           P0
W1            47758.9      47758.9
P0        3.12642e-15  3.12642e-15

Temperature = 700 K    Pressure = 2.7 atm

From\To            W1           P0
W1            61524.7      61524.7
P0        4.02797e-15  4.02797e-15

Temperature = 700 K    Pressure = 3.3 atm

From\To            W1           P0
W1            72844.5      72844.5
P0        4.76939e-15  4.76939e-15

Temperature = 700 K    Pressure = 4.3 atm

From\To            W1           P0
W1            90968.3      90968.3
P0        5.95652e-15  5.95652e-15

Temperature = 700 K    Pressure = 11.2 atm

From\To            W1           P0
W1             201983       201983
P0        1.32295e-14  1.32295e-14

Temperature = 700 K    Pressure = 14 atm

From\To            W1           P0
W1             242912       242912
P0        1.59113e-14  1.59113e-14

Temperature = 705 K

High Pressure Rate Coefficients:

From\To            W1           P0
W1                ***  1.71686e+08
P0        1.04032e-11          ***

Temperature = 705 K    Pressure = 0.00343 atm

From\To            W1           P0
W1            196.013      196.013
P0         1.1816e-17   1.1816e-17

Temperature = 705 K    Pressure = 0.00365 atm

From\To            W1           P0
W1            207.318      207.318
P0        1.24979e-17  1.24979e-17

Temperature = 705 K    Pressure = 0.00383 atm

From\To            W1           P0
W1            216.512      216.512
P0        1.30525e-17  1.30525e-17

Temperature = 705 K    Pressure = 0.00424 atm

From\To            W1           P0
W1            237.283      237.284
P0        1.43054e-17  1.43054e-17

Temperature = 705 K    Pressure = 0.00428 atm

From\To            W1           P0
W1            239.298      239.298
P0        1.44269e-17  1.44269e-17

Temperature = 705 K    Pressure = 0.00431 atm

From\To            W1           P0
W1            240.808      240.807
P0         1.4518e-17   1.4518e-17

Temperature = 705 K    Pressure = 0.00627 atm

From\To            W1           P0
W1            337.241      337.241
P0        2.03357e-17  2.03357e-17

Temperature = 705 K    Pressure = 0.00651 atm

From\To            W1           P0
W1            348.795      348.795
P0        2.10328e-17  2.10328e-17

Temperature = 705 K    Pressure = 0.00656 atm

From\To            W1           P0
W1            351.195      351.195
P0        2.11776e-17  2.11776e-17

Temperature = 705 K    Pressure = 0.00682 atm

From\To            W1           P0
W1            363.646      363.646
P0        2.19288e-17  2.19289e-17

Temperature = 705 K    Pressure = 0.00711 atm

From\To            W1           P0
W1            377.471       377.47
P0         2.2763e-17   2.2763e-17

Temperature = 705 K    Pressure = 0.00741 atm

From\To            W1           P0
W1            391.703      391.703
P0        2.36218e-17  2.36218e-17

Temperature = 705 K    Pressure = 0.00752 atm

From\To            W1           P0
W1            396.906      396.905
P0        2.39357e-17  2.39357e-17

Temperature = 705 K    Pressure = 0.00856 atm

From\To            W1           P0
W1            445.678      445.678
P0        2.68787e-17  2.68787e-17

Temperature = 705 K    Pressure = 0.0101 atm

From\To            W1           P0
W1             516.67      516.671
P0        3.11628e-17  3.11628e-17

Temperature = 705 K    Pressure = 1.1 atm

From\To            W1           P0
W1            30937.4      30937.4
P0        1.86993e-15  1.86993e-15

Temperature = 705 K    Pressure = 1.5 atm

From\To            W1           P0
W1            40276.2      40276.2
P0        2.43467e-15  2.43467e-15

Temperature = 705 K    Pressure = 2 atm

From\To            W1           P0
W1            51401.8      51401.8
P0        3.10754e-15  3.10754e-15

Temperature = 705 K    Pressure = 2.7 atm

From\To            W1           P0
W1            66242.6      66242.6
P0        4.00519e-15  4.00519e-15

Temperature = 705 K    Pressure = 3.3 atm

From\To            W1           P0
W1            78450.6      78450.6
P0        4.74364e-15  4.74364e-15

Temperature = 705 K    Pressure = 4.3 atm

From\To            W1           P0
W1            98002.8      98002.8
P0        5.92643e-15  5.92643e-15

Temperature = 705 K    Pressure = 11.2 atm

From\To            W1           P0
W1             217884       217884
P0        1.31799e-14  1.31799e-14

Temperature = 705 K    Pressure = 14 atm

From\To            W1           P0
W1             262117       262117
P0        1.58567e-14  1.58567e-14

Temperature = 740 K

High Pressure Rate Coefficients:

From\To            W1           P0
W1                ***  3.39992e+08
P0        1.21749e-11          ***

Temperature = 740 K    Pressure = 0.00343 atm

From\To            W1           P0
W1             301.42      301.421
P0        1.07362e-17  1.07362e-17

Temperature = 740 K    Pressure = 0.00365 atm

From\To            W1           P0
W1            318.923      318.921
P0        1.13599e-17  1.13599e-17

Temperature = 740 K    Pressure = 0.00383 atm

From\To            W1           P0
W1            333.159      333.159
P0        1.18673e-17  1.18673e-17

Temperature = 740 K    Pressure = 0.00424 atm

From\To            W1           P0
W1            365.344      365.342
P0        1.30143e-17  1.30143e-17

Temperature = 740 K    Pressure = 0.00428 atm

From\To            W1           P0
W1            368.464      368.464
P0        1.31256e-17  1.31256e-17

Temperature = 740 K    Pressure = 0.00431 atm

From\To            W1           P0
W1            370.803      370.804
P0         1.3209e-17   1.3209e-17

Temperature = 740 K    Pressure = 0.00627 atm

From\To            W1           P0
W1            520.477      520.479
P0        1.85443e-17  1.85442e-17

Temperature = 740 K    Pressure = 0.00651 atm

From\To            W1           P0
W1            538.434      538.433
P0        1.91843e-17  1.91843e-17

Temperature = 740 K    Pressure = 0.00656 atm

From\To            W1           P0
W1            542.164      542.165
P0        1.93174e-17  1.93174e-17

Temperature = 740 K    Pressure = 0.00682 atm

From\To            W1           P0
W1            561.522      561.522
P0        2.00074e-17  2.00074e-17

Temperature = 740 K    Pressure = 0.00711 atm

From\To            W1           P0
W1             583.02      583.019
P0        2.07738e-17  2.07738e-17

Temperature = 740 K    Pressure = 0.00741 atm

From\To            W1           P0
W1            605.161      605.159
P0        2.15631e-17  2.15631e-17

Temperature = 740 K    Pressure = 0.00752 atm

From\To            W1           P0
W1            613.255      613.253
P0        2.18517e-17  2.18517e-17

Temperature = 740 K    Pressure = 0.00856 atm

From\To            W1           P0
W1             689.17      689.171
P0        2.45584e-17  2.45584e-17

Temperature = 740 K    Pressure = 0.0101 atm

From\To            W1           P0
W1             799.79      799.792
P0        2.85027e-17  2.85027e-17

Temperature = 740 K    Pressure = 1.1 atm

From\To            W1           P0
W1            49613.2      49613.2
P0        1.77182e-15  1.77182e-15

Temperature = 740 K    Pressure = 1.5 atm

From\To            W1           P0
W1            64764.7      64764.7
P0         2.3132e-15   2.3132e-15

Temperature = 740 K    Pressure = 2 atm

From\To            W1           P0
W1            82866.3      82866.3
P0        2.96005e-15  2.96005e-15

Temperature = 740 K    Pressure = 2.7 atm

From\To            W1           P0
W1             107081       107081
P0        3.82543e-15  3.82543e-15

Temperature = 740 K    Pressure = 3.3 atm

From\To            W1           P0
W1             127047       127047
P0        4.53906e-15  4.53906e-15

Temperature = 740 K    Pressure = 4.3 atm

From\To            W1           P0
W1             159099       159099
P0        5.68472e-15  5.68472e-15

Temperature = 740 K    Pressure = 11.2 atm

From\To            W1           P0
W1             356951       356951
P0        1.27581e-14  1.27581e-14

Temperature = 740 K    Pressure = 14 atm

From\To            W1           P0
W1             430356       430356
P0        1.53828e-14  1.53828e-14

Temperature = 780 K

High Pressure Rate Coefficients:

From\To            W1           P0
W1                ***  6.90853e+08
P0        1.43656e-11          ***

Temperature = 780 K    Pressure = 0.00343 atm

From\To            W1           P0
W1            467.429      467.427
P0        9.66106e-18  9.66107e-18

Temperature = 780 K    Pressure = 0.00365 atm

From\To            W1           P0
W1            494.744      494.745
P0         1.0226e-17   1.0226e-17

Temperature = 780 K    Pressure = 0.00383 atm

From\To            W1           P0
W1            516.981       516.98
P0        1.06859e-17  1.06859e-17

Temperature = 780 K    Pressure = 0.00424 atm

From\To            W1           P0
W1            567.264      567.261
P0        1.17258e-17  1.17258e-17

Temperature = 780 K    Pressure = 0.00428 atm

From\To            W1           P0
W1            572.137       572.14
P0        1.18267e-17  1.18267e-17

Temperature = 780 K    Pressure = 0.00431 atm

From\To            W1           P0
W1            575.797      575.797
P0        1.19024e-17  1.19024e-17

Temperature = 780 K    Pressure = 0.00627 atm

From\To            W1           P0
W1            810.062      810.063
P0        1.67482e-17  1.67482e-17

Temperature = 780 K    Pressure = 0.00651 atm

From\To            W1           P0
W1            838.203      838.203
P0        1.73303e-17  1.73303e-17

Temperature = 780 K    Pressure = 0.00656 atm

From\To            W1           P0
W1            844.051      844.052
P0        1.74514e-17  1.74514e-17

Temperature = 780 K    Pressure = 0.00682 atm

From\To            W1           P0
W1            874.399      874.398
P0        1.80791e-17  1.80791e-17

Temperature = 780 K    Pressure = 0.00711 atm

From\To            W1           P0
W1             908.11      908.109
P0        1.87766e-17  1.87766e-17

Temperature = 780 K    Pressure = 0.00741 atm

From\To            W1           P0
W1            942.841      942.839
P0        1.94951e-17  1.94951e-17

Temperature = 780 K    Pressure = 0.00752 atm

From\To            W1           P0
W1            955.537      955.537
P0        1.97578e-17  1.97578e-17

Temperature = 780 K    Pressure = 0.00856 atm

From\To            W1           P0
W1            1074.71      1074.71
P0        2.22235e-17  2.22235e-17

Temperature = 780 K    Pressure = 0.0101 atm

From\To            W1           P0
W1            1248.54      1248.54
P0        2.58203e-17  2.58203e-17

Temperature = 780 K    Pressure = 1.1 atm

From\To            W1           P0
W1            80277.8      80277.8
P0        1.66398e-15  1.66398e-15

Temperature = 780 K    Pressure = 1.5 atm

From\To            W1           P0
W1             105084       105084
P0        2.17844e-15  2.17844e-15

Temperature = 780 K    Pressure = 2 atm

From\To            W1           P0
W1             134806       134806
P0        2.79492e-15  2.79492e-15

Temperature = 780 K    Pressure = 2.7 atm

From\To            W1           P0
W1             174679       174679
P0        3.62206e-15  3.62206e-15

Temperature = 780 K    Pressure = 3.3 atm

From\To            W1           P0
W1             207639       207639
P0        4.30584e-15  4.30584e-15

Temperature = 780 K    Pressure = 4.3 atm

From\To            W1           P0
W1             260675       260675
P0        5.40622e-15  5.40622e-15

Temperature = 780 K    Pressure = 11.2 atm

From\To            W1           P0
W1             590349       590349
P0        1.22478e-14  1.22478e-14

Temperature = 780 K    Pressure = 14 atm

From\To            W1           P0
W1             713361       713361
P0        1.48011e-14  1.48011e-14

______________________________________________________________________________________

High Pressure Rate Coefficients (Temperature-Species Rate Tables):

   T(K)       W1->W1       W1->P0
    425          ***      16326.4
    643          ***  4.30205e+07
    673          ***  8.66377e+07
    700          ***  1.54893e+08
    705          ***  1.71686e+08
    740          ***  3.39992e+08
    780          ***  6.90853e+08

   T(K)       P0->W1       P0->P0
    425  1.43551e-12          ***
    643  7.61002e-12          ***
    673  8.90555e-12          ***
    700  1.01614e-11          ***
    705  1.04032e-11          ***
    740  1.21749e-11          ***
    780  1.43656e-11          ***

Capture/Escape Rate Coefficients:

   T(K)           W1           P0
    425      16326.4  1.43551e-12
    643  4.30205e+07  7.61002e-12
    673  8.66377e+07  8.90555e-12
    700  1.54893e+08  1.01614e-11
    705  1.71686e+08  1.04032e-11
    740  3.39992e+08  1.21749e-11
    780  6.90853e+08  1.43656e-11

______________________________________________________________________________________

Pressure-Species Rate Tables:

   Temperature = 425 K

   P(atm)       W1->P0         W1->
  0.00343     0.314343     0.314343
  0.00365     0.330865     0.330866
  0.00383     0.344239     0.344239
  0.00424      0.37425     0.374251
  0.00428     0.377147     0.377147
  0.00431     0.379316     0.379316
  0.00627     0.515404     0.515404
  0.00651      0.53142      0.53142
  0.00656     0.534741     0.534741
  0.00682     0.551929     0.551929
  0.00711     0.570942     0.570942
  0.00741     0.590443     0.590444
  0.00752     0.597553     0.597553
  0.00856     0.663751     0.663751
   0.0101     0.758781     0.758781
      1.1      28.3492      28.3492
      1.5      35.5927      35.5927
        2      43.8986      43.8986
      2.7      54.5611      54.5611
      3.3      63.0504      63.0504
      4.3       76.227       76.227
     11.2      149.983      149.983
       14      175.216      175.216
    O-O      16326.4      16326.4

   Temperature = 643 K

   P(atm)       W1->P0         W1->
  0.00343      79.6378      79.6379
  0.00365      84.1704      84.1708
  0.00383      87.8544      87.8546
  0.00424      96.1687      96.1684
  0.00428      96.9744      96.9743
  0.00431      97.5781      97.5782
  0.00627      136.045      136.045
  0.00651      140.642      140.642
  0.00656      141.597      141.596
  0.00682      146.547      146.547
  0.00711      152.041      152.041
  0.00741      157.694      157.694
  0.00752      159.759      159.759
  0.00856      179.104      179.104
   0.0101      207.205      207.205
      1.1      11571.7      11571.7
      1.5      14983.9      14983.9
        2      19026.2      19026.2
      2.7        24388        24388
      3.3      28777.4      28777.4
      4.3        35775        35775
     11.2      78101.2      78101.2
       14      93545.8      93545.8
    O-O  4.30205e+07  4.30205e+07

   Temperature = 673 K

   P(atm)       W1->P0         W1->
  0.00343      125.964      125.964
  0.00365      133.182      133.182
  0.00383      139.051      139.052
  0.00424      152.303      152.303
  0.00428      153.588      153.588
  0.00431      154.551       154.55
  0.00627      215.973      215.973
  0.00651      223.322      223.322
  0.00656      224.849      224.848
  0.00682      232.766      232.766
  0.00711      241.555      241.555
  0.00741      250.602      250.602
  0.00752      253.908      253.909
  0.00856      284.886      284.886
   0.0101      329.934      329.934
      1.1      19093.4      19093.4
      1.5      24791.2      24791.2
        2      31560.7      31560.7
      2.7      40565.6      40565.6
      3.3      47955.5      47955.5
      4.3      59764.2      59764.2
     11.2       131686       131686
       14       158079       158079
    O-O  8.66377e+07  8.66377e+07

   Temperature = 700 K

   P(atm)       W1->P0         W1->
  0.00343      183.275      183.275
  0.00365      193.836      193.837
  0.00383      202.425      202.426
  0.00424      221.828      221.828
  0.00428       223.71      223.711
  0.00431      225.119      225.119
  0.00627      315.179      315.179
  0.00651      325.967      325.967
  0.00656      328.208      328.208
  0.00682      339.834      339.834
  0.00711      352.741       352.74
  0.00741       366.03      366.029
  0.00752      370.886      370.888
  0.00856      416.418      416.418
   0.0101      482.684      482.683
      1.1      28765.8      28765.8
      1.5      37434.9      37434.9
        2      47758.9      47758.9
      2.7      61524.7      61524.7
      3.3      72844.5      72844.5
      4.3      90968.3      90968.3
     11.2       201983       201983
       14       242912       242912
    O-O  1.54893e+08  1.54893e+08

   Temperature = 705 K

   P(atm)       W1->P0         W1->
  0.00343      196.013      196.013
  0.00365      207.318      207.318
  0.00383      216.512      216.512
  0.00424      237.284      237.283
  0.00428      239.298      239.298
  0.00431      240.807      240.808
  0.00627      337.241      337.241
  0.00651      348.795      348.795
  0.00656      351.195      351.195
  0.00682      363.646      363.646
  0.00711       377.47      377.471
  0.00741      391.703      391.703
  0.00752      396.905      396.906
  0.00856      445.678      445.678
   0.0101      516.671       516.67
      1.1      30937.4      30937.4
      1.5      40276.2      40276.2
        2      51401.8      51401.8
      2.7      66242.6      66242.6
      3.3      78450.6      78450.6
      4.3      98002.8      98002.8
     11.2       217884       217884
       14       262117       262117
    O-O  1.71686e+08  1.71686e+08

   Temperature = 740 K

   P(atm)       W1->P0         W1->
  0.00343      301.421       301.42
  0.00365      318.921      318.923
  0.00383      333.159      333.159
  0.00424      365.342      365.344
  0.00428      368.464      368.464
  0.00431      370.804      370.803
  0.00627      520.479      520.477
  0.00651      538.433      538.434
  0.00656      542.165      542.164
  0.00682      561.522      561.522
  0.00711      583.019       583.02
  0.00741      605.159      605.161
  0.00752      613.253      613.255
  0.00856      689.171       689.17
   0.0101      799.792       799.79
      1.1      49613.2      49613.2
      1.5      64764.7      64764.7
        2      82866.3      82866.3
      2.7       107081       107081
      3.3       127047       127047
      4.3       159099       159099
     11.2       356951       356951
       14       430356       430356
    O-O  3.39992e+08  3.39992e+08

   Temperature = 780 K

   P(atm)       W1->P0         W1->
  0.00343      467.427      467.429
  0.00365      494.745      494.744
  0.00383       516.98      516.981
  0.00424      567.261      567.264
  0.00428       572.14      572.137
  0.00431      575.797      575.797
  0.00627      810.063      810.062
  0.00651      838.203      838.203
  0.00656      844.052      844.051
  0.00682      874.398      874.399
  0.00711      908.109       908.11
  0.00741      942.839      942.841
  0.00752      955.537      955.537
  0.00856      1074.71      1074.71
   0.0101      1248.54      1248.54
      1.1      80277.8      80277.8
      1.5       105084       105084
        2       134806       134806
      2.7       174679       174679
      3.3       207639       207639
      4.3       260675       260675
     11.2       590349       590349
       14       713361       713361
    O-O  6.90853e+08  6.90853e+08

   Temperature = 425 K

   P(atm)       P0->W1         P0->
  0.00343   2.7484e-17  2.74839e-17
  0.00365  2.89303e-17  2.89303e-17
  0.00383  3.01011e-17  3.01011e-17
  0.00424  3.27286e-17  3.27286e-17
  0.00428  3.29822e-17  3.29822e-17
  0.00431  3.31721e-17  3.31721e-17
  0.00627  4.50894e-17  4.50894e-17
  0.00651  4.64921e-17  4.64921e-17
  0.00656   4.6783e-17   4.6783e-17
  0.00682  4.82885e-17  4.82885e-17
  0.00711  4.99539e-17  4.99539e-17
  0.00741  5.16621e-17  5.16621e-17
  0.00752  5.22848e-17  5.22848e-17
  0.00856   5.8084e-17   5.8084e-17
   0.0101  6.64097e-17  6.64097e-17
      1.1  2.48875e-15  2.48875e-15
      1.5  3.12506e-15  3.12506e-15
        2  3.85474e-15  3.85474e-15
      2.7  4.79153e-15  4.79153e-15
      3.3  5.53744e-15  5.53744e-15
      4.3  6.69525e-15  6.69525e-15
     11.2   1.3177e-14   1.3177e-14
       14  1.53947e-14  1.53947e-14
    O-O  1.43551e-12  1.43551e-12

   Temperature = 643 K

   P(atm)       P0->W1         P0->
  0.00343   1.4026e-17   1.4026e-17
  0.00365  1.48248e-17  1.48248e-17
  0.00383   1.5474e-17   1.5474e-17
  0.00424  1.69392e-17  1.69392e-17
  0.00428  1.70812e-17  1.70812e-17
  0.00431  1.71876e-17  1.71876e-17
  0.00627  2.39676e-17  2.39676e-17
  0.00651  2.47778e-17  2.47778e-17
  0.00656  2.49461e-17  2.49461e-17
  0.00682  2.58188e-17  2.58188e-17
  0.00711  2.67872e-17  2.67872e-17
  0.00741  2.77837e-17  2.77837e-17
  0.00752  2.81478e-17  2.81478e-17
  0.00856   3.1558e-17   3.1558e-17
   0.0101  3.65121e-17  3.65121e-17
      1.1  2.04296e-15  2.04296e-15
      1.5  2.64565e-15  2.64565e-15
        2   3.3597e-15   3.3597e-15
      2.7  4.30689e-15  4.30689e-15
      3.3  5.08236e-15  5.08236e-15
      4.3  6.31867e-15  6.31867e-15
     11.2   1.3798e-14   1.3798e-14
       14  1.65275e-14  1.65275e-14
    O-O  7.61002e-12  7.61002e-12

   Temperature = 673 K

   P(atm)       P0->W1         P0->
  0.00343  1.28887e-17  1.28887e-17
  0.00365  1.36277e-17  1.36277e-17
  0.00383  1.42285e-17  1.42285e-17
  0.00424  1.55853e-17  1.55853e-17
  0.00428  1.57169e-17  1.57169e-17
  0.00431  1.58154e-17  1.58154e-17
  0.00627  2.21048e-17  2.21048e-17
  0.00651  2.28574e-17  2.28574e-17
  0.00656  2.30137e-17  2.30137e-17
  0.00682  2.38246e-17  2.38246e-17
  0.00711  2.47246e-17  2.47246e-17
  0.00741  2.56511e-17  2.56511e-17
  0.00752  2.59897e-17  2.59897e-17
  0.00856  2.91624e-17  2.91624e-17
   0.0101  3.37763e-17  3.37763e-17
      1.1  1.95843e-15  1.95843e-15
      1.5  2.54314e-15  2.54314e-15
        2  3.23787e-15  3.23787e-15
      2.7   4.1621e-15   4.1621e-15
      3.3  4.92062e-15  4.92062e-15
      4.3  6.13279e-15  6.13279e-15
     11.2  1.35168e-14  1.35168e-14
       14  1.62269e-14  1.62269e-14
    O-O  8.90555e-12  8.90555e-12

   Temperature = 700 K

   P(atm)       P0->W1         P0->
  0.00343   1.1965e-17   1.1965e-17
  0.00365  1.26548e-17  1.26548e-17
  0.00383  1.32159e-17  1.32159e-17
  0.00424  1.44833e-17  1.44833e-17
  0.00428  1.46062e-17  1.46062e-17
  0.00431  1.46983e-17  1.46983e-17
  0.00627  2.05822e-17  2.05822e-17
  0.00651   2.1287e-17   2.1287e-17
  0.00656  2.14335e-17  2.14335e-17
  0.00682  2.21931e-17  2.21931e-17
  0.00711  2.30365e-17  2.30365e-17
  0.00741  2.39048e-17  2.39048e-17
  0.00752  2.42222e-17  2.42222e-17
  0.00856  2.71975e-17  2.71975e-17
   0.0101   3.1528e-17   3.1528e-17
      1.1  1.88269e-15  1.88269e-15
      1.5  2.45035e-15  2.45035e-15
        2  3.12642e-15  3.12642e-15
      2.7  4.02797e-15  4.02797e-15
      3.3  4.76939e-15  4.76939e-15
      4.3  5.95652e-15  5.95652e-15
     11.2  1.32295e-14  1.32295e-14
       14  1.59113e-14  1.59113e-14
    O-O  1.01614e-11  1.01614e-11

   Temperature = 705 K

   P(atm)       P0->W1         P0->
  0.00343   1.1816e-17   1.1816e-17
  0.00365  1.24979e-17  1.24979e-17
  0.00383  1.30525e-17  1.30525e-17
  0.00424  1.43054e-17  1.43054e-17
  0.00428  1.44269e-17  1.44269e-17
  0.00431   1.4518e-17   1.4518e-17
  0.00627  2.03357e-17  2.03357e-17
  0.00651  2.10328e-17  2.10328e-17
  0.00656  2.11776e-17  2.11776e-17
  0.00682  2.19288e-17  2.19289e-17
  0.00711   2.2763e-17   2.2763e-17
  0.00741  2.36218e-17  2.36218e-17
  0.00752  2.39357e-17  2.39357e-17
  0.00856  2.68787e-17  2.68787e-17
   0.0101  3.11628e-17  3.11628e-17
      1.1  1.86993e-15  1.86993e-15
      1.5  2.43467e-15  2.43467e-15
        2  3.10754e-15  3.10754e-15
      2.7  4.00519e-15  4.00519e-15
      3.3  4.74364e-15  4.74364e-15
      4.3  5.92643e-15  5.92643e-15
     11.2  1.31799e-14  1.31799e-14
       14  1.58567e-14  1.58567e-14
    O-O  1.04032e-11  1.04032e-11

   Temperature = 740 K

   P(atm)       P0->W1         P0->
  0.00343  1.07362e-17  1.07362e-17
  0.00365  1.13599e-17  1.13599e-17
  0.00383  1.18673e-17  1.18673e-17
  0.00424  1.30143e-17  1.30143e-17
  0.00428  1.31256e-17  1.31256e-17
  0.00431   1.3209e-17   1.3209e-17
  0.00627  1.85443e-17  1.85442e-17
  0.00651  1.91843e-17  1.91843e-17
  0.00656  1.93174e-17  1.93174e-17
  0.00682  2.00074e-17  2.00074e-17
  0.00711  2.07738e-17  2.07738e-17
  0.00741  2.15631e-17  2.15631e-17
  0.00752  2.18517e-17  2.18517e-17
  0.00856  2.45584e-17  2.45584e-17
   0.0101  2.85027e-17  2.85027e-17
      1.1  1.77182e-15  1.77182e-15
      1.5   2.3132e-15   2.3132e-15
        2  2.96005e-15  2.96005e-15
      2.7  3.82543e-15  3.82543e-15
      3.3  4.53906e-15  4.53906e-15
      4.3  5.68472e-15  5.68472e-15
     11.2  1.27581e-14  1.27581e-14
       14  1.53828e-14  1.53828e-14
    O-O  1.21749e-11  1.21749e-11

   Temperature = 780 K

   P(atm)       P0->W1         P0->
  0.00343  9.66106e-18  9.66107e-18
  0.00365   1.0226e-17   1.0226e-17
  0.00383  1.06859e-17  1.06859e-17
  0.00424  1.17258e-17  1.17258e-17
  0.00428  1.18267e-17  1.18267e-17
  0.00431  1.19024e-17  1.19024e-17
  0.00627  1.67482e-17  1.67482e-17
  0.00651  1.73303e-17  1.73303e-17
  0.00656  1.74514e-17  1.74514e-17
  0.00682  1.80791e-17  1.80791e-17
  0.00711  1.87766e-17  1.87766e-17
  0.00741  1.94951e-17  1.94951e-17
  0.00752  1.97578e-17  1.97578e-17
  0.00856  2.22235e-17  2.22235e-17
   0.0101  2.58203e-17  2.58203e-17
      1.1  1.66398e-15  1.66398e-15
      1.5  2.17844e-15  2.17844e-15
        2  2.79492e-15  2.79492e-15
      2.7  3.62206e-15  3.62206e-15
      3.3  4.30584e-15  4.30584e-15
      4.3  5.40622e-15  5.40622e-15
     11.2  1.22478e-14  1.22478e-14
       14  1.48011e-14  1.48011e-14
    O-O  1.43656e-11  1.43656e-11

______________________________________________________________________________________

Temperature-Species Rate Tables:

   Pressure = 0.00343 atm

   T(K)       W1->P0         W1->      Capture
    425     0.314343     0.314343      16326.4
    643      79.6378      79.6379  4.30205e+07
    673      125.964      125.964  8.66377e+07
    700      183.275      183.275  1.54893e+08
    705      196.013      196.013  1.71686e+08
    740      301.421       301.42  3.39992e+08
    780      467.427      467.429  6.90853e+08

   Pressure = 0.00365 atm

   T(K)       W1->P0         W1->      Capture
    425     0.330865     0.330866      16326.4
    643      84.1704      84.1708  4.30205e+07
    673      133.182      133.182  8.66377e+07
    700      193.836      193.837  1.54893e+08
    705      207.318      207.318  1.71686e+08
    740      318.921      318.923  3.39992e+08
    780      494.745      494.744  6.90853e+08

   Pressure = 0.00383 atm

   T(K)       W1->P0         W1->      Capture
    425     0.344239     0.344239      16326.4
    643      87.8544      87.8546  4.30205e+07
    673      139.051      139.052  8.66377e+07
    700      202.425      202.426  1.54893e+08
    705      216.512      216.512  1.71686e+08
    740      333.159      333.159  3.39992e+08
    780       516.98      516.981  6.90853e+08

   Pressure = 0.00424 atm

   T(K)       W1->P0         W1->      Capture
    425      0.37425     0.374251      16326.4
    643      96.1687      96.1684  4.30205e+07
    673      152.303      152.303  8.66377e+07
    700      221.828      221.828  1.54893e+08
    705      237.284      237.283  1.71686e+08
    740      365.342      365.344  3.39992e+08
    780      567.261      567.264  6.90853e+08

   Pressure = 0.00428 atm

   T(K)       W1->P0         W1->      Capture
    425     0.377147     0.377147      16326.4
    643      96.9744      96.9743  4.30205e+07
    673      153.588      153.588  8.66377e+07
    700       223.71      223.711  1.54893e+08
    705      239.298      239.298  1.71686e+08
    740      368.464      368.464  3.39992e+08
    780       572.14      572.137  6.90853e+08

   Pressure = 0.00431 atm

   T(K)       W1->P0         W1->      Capture
    425     0.379316     0.379316      16326.4
    643      97.5781      97.5782  4.30205e+07
    673      154.551       154.55  8.66377e+07
    700      225.119      225.119  1.54893e+08
    705      240.807      240.808  1.71686e+08
    740      370.804      370.803  3.39992e+08
    780      575.797      575.797  6.90853e+08

   Pressure = 0.00627 atm

   T(K)       W1->P0         W1->      Capture
    425     0.515404     0.515404      16326.4
    643      136.045      136.045  4.30205e+07
    673      215.973      215.973  8.66377e+07
    700      315.179      315.179  1.54893e+08
    705      337.241      337.241  1.71686e+08
    740      520.479      520.477  3.39992e+08
    780      810.063      810.062  6.90853e+08

   Pressure = 0.00651 atm

   T(K)       W1->P0         W1->      Capture
    425      0.53142      0.53142      16326.4
    643      140.642      140.642  4.30205e+07
    673      223.322      223.322  8.66377e+07
    700      325.967      325.967  1.54893e+08
    705      348.795      348.795  1.71686e+08
    740      538.433      538.434  3.39992e+08
    780      838.203      838.203  6.90853e+08

   Pressure = 0.00656 atm

   T(K)       W1->P0         W1->      Capture
    425     0.534741     0.534741      16326.4
    643      141.597      141.596  4.30205e+07
    673      224.849      224.848  8.66377e+07
    700      328.208      328.208  1.54893e+08
    705      351.195      351.195  1.71686e+08
    740      542.165      542.164  3.39992e+08
    780      844.052      844.051  6.90853e+08

   Pressure = 0.00682 atm

   T(K)       W1->P0         W1->      Capture
    425     0.551929     0.551929      16326.4
    643      146.547      146.547  4.30205e+07
    673      232.766      232.766  8.66377e+07
    700      339.834      339.834  1.54893e+08
    705      363.646      363.646  1.71686e+08
    740      561.522      561.522  3.39992e+08
    780      874.398      874.399  6.90853e+08

   Pressure = 0.00711 atm

   T(K)       W1->P0         W1->      Capture
    425     0.570942     0.570942      16326.4
    643      152.041      152.041  4.30205e+07
    673      241.555      241.555  8.66377e+07
    700      352.741       352.74  1.54893e+08
    705       377.47      377.471  1.71686e+08
    740      583.019       583.02  3.39992e+08
    780      908.109       908.11  6.90853e+08

   Pressure = 0.00741 atm

   T(K)       W1->P0         W1->      Capture
    425     0.590443     0.590444      16326.4
    643      157.694      157.694  4.30205e+07
    673      250.602      250.602  8.66377e+07
    700       366.03      366.029  1.54893e+08
    705      391.703      391.703  1.71686e+08
    740      605.159      605.161  3.39992e+08
    780      942.839      942.841  6.90853e+08

   Pressure = 0.00752 atm

   T(K)       W1->P0         W1->      Capture
    425     0.597553     0.597553      16326.4
    643      159.759      159.759  4.30205e+07
    673      253.908      253.909  8.66377e+07
    700      370.886      370.888  1.54893e+08
    705      396.905      396.906  1.71686e+08
    740      613.253      613.255  3.39992e+08
    780      955.537      955.537  6.90853e+08

   Pressure = 0.00856 atm

   T(K)       W1->P0         W1->      Capture
    425     0.663751     0.663751      16326.4
    643      179.104      179.104  4.30205e+07
    673      284.886      284.886  8.66377e+07
    700      416.418      416.418  1.54893e+08
    705      445.678      445.678  1.71686e+08
    740      689.171       689.17  3.39992e+08
    780      1074.71      1074.71  6.90853e+08

   Pressure = 0.0101 atm

   T(K)       W1->P0         W1->      Capture
    425     0.758781     0.758781      16326.4
    643      207.205      207.205  4.30205e+07
    673      329.934      329.934  8.66377e+07
    700      482.684      482.683  1.54893e+08
    705      516.671       516.67  1.71686e+08
    740      799.792       799.79  3.39992e+08
    780      1248.54      1248.54  6.90853e+08

   Pressure = 1.1 atm

   T(K)       W1->P0         W1->      Capture
    425      28.3492      28.3492      16326.4
    643      11571.7      11571.7  4.30205e+07
    673      19093.4      19093.4  8.66377e+07
    700      28765.8      28765.8  1.54893e+08
    705      30937.4      30937.4  1.71686e+08
    740      49613.2      49613.2  3.39992e+08
    780      80277.8      80277.8  6.90853e+08

   Pressure = 1.5 atm

   T(K)       W1->P0         W1->      Capture
    425      35.5927      35.5927      16326.4
    643      14983.9      14983.9  4.30205e+07
    673      24791.2      24791.2  8.66377e+07
    700      37434.9      37434.9  1.54893e+08
    705      40276.2      40276.2  1.71686e+08
    740      64764.7      64764.7  3.39992e+08
    780       105084       105084  6.90853e+08

   Pressure = 2 atm

   T(K)       W1->P0         W1->      Capture
    425      43.8986      43.8986      16326.4
    643      19026.2      19026.2  4.30205e+07
    673      31560.7      31560.7  8.66377e+07
    700      47758.9      47758.9  1.54893e+08
    705      51401.8      51401.8  1.71686e+08
    740      82866.3      82866.3  3.39992e+08
    780       134806       134806  6.90853e+08

   Pressure = 2.7 atm

   T(K)       W1->P0         W1->      Capture
    425      54.5611      54.5611      16326.4
    643        24388        24388  4.30205e+07
    673      40565.6      40565.6  8.66377e+07
    700      61524.7      61524.7  1.54893e+08
    705      66242.6      66242.6  1.71686e+08
    740       107081       107081  3.39992e+08
    780       174679       174679  6.90853e+08

   Pressure = 3.3 atm

   T(K)       W1->P0         W1->      Capture
    425      63.0504      63.0504      16326.4
    643      28777.4      28777.4  4.30205e+07
    673      47955.5      47955.5  8.66377e+07
    700      72844.5      72844.5  1.54893e+08
    705      78450.6      78450.6  1.71686e+08
    740       127047       127047  3.39992e+08
    780       207639       207639  6.90853e+08

   Pressure = 4.3 atm

   T(K)       W1->P0         W1->      Capture
    425       76.227       76.227      16326.4
    643        35775        35775  4.30205e+07
    673      59764.2      59764.2  8.66377e+07
    700      90968.3      90968.3  1.54893e+08
    705      98002.8      98002.8  1.71686e+08
    740       159099       159099  3.39992e+08
    780       260675       260675  6.90853e+08

   Pressure = 11.2 atm

   T(K)       W1->P0         W1->      Capture
    425      149.983      149.983      16326.4
    643      78101.2      78101.2  4.30205e+07
    673       131686       131686  8.66377e+07
    700       201983       201983  1.54893e+08
    705       217884       217884  1.71686e+08
    740       356951       356951  3.39992e+08
    780       590349       590349  6.90853e+08

   Pressure = 14 atm

   T(K)       W1->P0         W1->      Capture
    425      175.216      175.216      16326.4
    643      93545.8      93545.8  4.30205e+07
    673       158079       158079  8.66377e+07
    700       242912       242912  1.54893e+08
    705       262117       262117  1.71686e+08
    740       430356       430356  3.39992e+08
    780       713361       713361  6.90853e+08

   Pressure = 0.00343 atm

   T(K)       P0->W1         P0->      Capture
    425   2.7484e-17  2.74839e-17  1.43551e-12
    643   1.4026e-17   1.4026e-17  7.61002e-12
    673  1.28887e-17  1.28887e-17  8.90555e-12
    700   1.1965e-17   1.1965e-17  1.01614e-11
    705   1.1816e-17   1.1816e-17  1.04032e-11
    740  1.07362e-17  1.07362e-17  1.21749e-11
    780  9.66106e-18  9.66107e-18  1.43656e-11

   Pressure = 0.00365 atm

   T(K)       P0->W1         P0->      Capture
    425  2.89303e-17  2.89303e-17  1.43551e-12
    643  1.48248e-17  1.48248e-17  7.61002e-12
    673  1.36277e-17  1.36277e-17  8.90555e-12
    700  1.26548e-17  1.26548e-17  1.01614e-11
    705  1.24979e-17  1.24979e-17  1.04032e-11
    740  1.13599e-17  1.13599e-17  1.21749e-11
    780   1.0226e-17   1.0226e-17  1.43656e-11

   Pressure = 0.00383 atm

   T(K)       P0->W1         P0->      Capture
    425  3.01011e-17  3.01011e-17  1.43551e-12
    643   1.5474e-17   1.5474e-17  7.61002e-12
    673  1.42285e-17  1.42285e-17  8.90555e-12
    700  1.32159e-17  1.32159e-17  1.01614e-11
    705  1.30525e-17  1.30525e-17  1.04032e-11
    740  1.18673e-17  1.18673e-17  1.21749e-11
    780  1.06859e-17  1.06859e-17  1.43656e-11

   Pressure = 0.00424 atm

   T(K)       P0->W1         P0->      Capture
    425  3.27286e-17  3.27286e-17  1.43551e-12
    643  1.69392e-17  1.69392e-17  7.61002e-12
    673  1.55853e-17  1.55853e-17  8.90555e-12
    700  1.44833e-17  1.44833e-17  1.01614e-11
    705  1.43054e-17  1.43054e-17  1.04032e-11
    740  1.30143e-17  1.30143e-17  1.21749e-11
    780  1.17258e-17  1.17258e-17  1.43656e-11

   Pressure = 0.00428 atm

   T(K)       P0->W1         P0->      Capture
    425  3.29822e-17  3.29822e-17  1.43551e-12
    643  1.70812e-17  1.70812e-17  7.61002e-12
    673  1.57169e-17  1.57169e-17  8.90555e-12
    700  1.46062e-17  1.46062e-17  1.01614e-11
    705  1.44269e-17  1.44269e-17  1.04032e-11
    740  1.31256e-17  1.31256e-17  1.21749e-11
    780  1.18267e-17  1.18267e-17  1.43656e-11

   Pressure = 0.00431 atm

   T(K)       P0->W1         P0->      Capture
    425  3.31721e-17  3.31721e-17  1.43551e-12
    643  1.71876e-17  1.71876e-17  7.61002e-12
    673  1.58154e-17  1.58154e-17  8.90555e-12
    700  1.46983e-17  1.46983e-17  1.01614e-11
    705   1.4518e-17   1.4518e-17  1.04032e-11
    740   1.3209e-17   1.3209e-17  1.21749e-11
    780  1.19024e-17  1.19024e-17  1.43656e-11

   Pressure = 0.00627 atm

   T(K)       P0->W1         P0->      Capture
    425  4.50894e-17  4.50894e-17  1.43551e-12
    643  2.39676e-17  2.39676e-17  7.61002e-12
    673  2.21048e-17  2.21048e-17  8.90555e-12
    700  2.05822e-17  2.05822e-17  1.01614e-11
    705  2.03357e-17  2.03357e-17  1.04032e-11
    740  1.85443e-17  1.85442e-17  1.21749e-11
    780  1.67482e-17  1.67482e-17  1.43656e-11

   Pressure = 0.00651 atm

   T(K)       P0->W1         P0->      Capture
    425  4.64921e-17  4.64921e-17  1.43551e-12
    643  2.47778e-17  2.47778e-17  7.61002e-12
    673  2.28574e-17  2.28574e-17  8.90555e-12
    700   2.1287e-17   2.1287e-17  1.01614e-11
    705  2.10328e-17  2.10328e-17  1.04032e-11
    740  1.91843e-17  1.91843e-17  1.21749e-11
    780  1.73303e-17  1.73303e-17  1.43656e-11

   Pressure = 0.00656 atm

   T(K)       P0->W1         P0->      Capture
    425   4.6783e-17   4.6783e-17  1.43551e-12
    643  2.49461e-17  2.49461e-17  7.61002e-12
    673  2.30137e-17  2.30137e-17  8.90555e-12
    700  2.14335e-17  2.14335e-17  1.01614e-11
    705  2.11776e-17  2.11776e-17  1.04032e-11
    740  1.93174e-17  1.93174e-17  1.21749e-11
    780  1.74514e-17  1.74514e-17  1.43656e-11

   Pressure = 0.00682 atm

   T(K)       P0->W1         P0->      Capture
    425  4.82885e-17  4.82885e-17  1.43551e-12
    643  2.58188e-17  2.58188e-17  7.61002e-12
    673  2.38246e-17  2.38246e-17  8.90555e-12
    700  2.21931e-17  2.21931e-17  1.01614e-11
    705  2.19288e-17  2.19289e-17  1.04032e-11
    740  2.00074e-17  2.00074e-17  1.21749e-11
    780  1.80791e-17  1.80791e-17  1.43656e-11

   Pressure = 0.00711 atm

   T(K)       P0->W1         P0->      Capture
    425  4.99539e-17  4.99539e-17  1.43551e-12
    643  2.67872e-17  2.67872e-17  7.61002e-12
    673  2.47246e-17  2.47246e-17  8.90555e-12
    700  2.30365e-17  2.30365e-17  1.01614e-11
    705   2.2763e-17   2.2763e-17  1.04032e-11
    740  2.07738e-17  2.07738e-17  1.21749e-11
    780  1.87766e-17  1.87766e-17  1.43656e-11

   Pressure = 0.00741 atm

   T(K)       P0->W1         P0->      Capture
    425  5.16621e-17  5.16621e-17  1.43551e-12
    643  2.77837e-17  2.77837e-17  7.61002e-12
    673  2.56511e-17  2.56511e-17  8.90555e-12
    700  2.39048e-17  2.39048e-17  1.01614e-11
    705  2.36218e-17  2.36218e-17  1.04032e-11
    740  2.15631e-17  2.15631e-17  1.21749e-11
    780  1.94951e-17  1.94951e-17  1.43656e-11

   Pressure = 0.00752 atm

   T(K)       P0->W1         P0->      Capture
    425  5.22848e-17  5.22848e-17  1.43551e-12
    643  2.81478e-17  2.81478e-17  7.61002e-12
    673  2.59897e-17  2.59897e-17  8.90555e-12
    700  2.42222e-17  2.42222e-17  1.01614e-11
    705  2.39357e-17  2.39357e-17  1.04032e-11
    740  2.18517e-17  2.18517e-17  1.21749e-11
    780  1.97578e-17  1.97578e-17  1.43656e-11

   Pressure = 0.00856 atm

   T(K)       P0->W1         P0->      Capture
    425   5.8084e-17   5.8084e-17  1.43551e-12
    643   3.1558e-17   3.1558e-17  7.61002e-12
    673  2.91624e-17  2.91624e-17  8.90555e-12
    700  2.71975e-17  2.71975e-17  1.01614e-11
    705  2.68787e-17  2.68787e-17  1.04032e-11
    740  2.45584e-17  2.45584e-17  1.21749e-11
    780  2.22235e-17  2.22235e-17  1.43656e-11

   Pressure = 0.0101 atm

   T(K)       P0->W1         P0->      Capture
    425  6.64097e-17  6.64097e-17  1.43551e-12
    643  3.65121e-17  3.65121e-17  7.61002e-12
    673  3.37763e-17  3.37763e-17  8.90555e-12
    700   3.1528e-17   3.1528e-17  1.01614e-11
    705  3.11628e-17  3.11628e-17  1.04032e-11
    740  2.85027e-17  2.85027e-17  1.21749e-11
    780  2.58203e-17  2.58203e-17  1.43656e-11

   Pressure = 1.1 atm

   T(K)       P0->W1         P0->      Capture
    425  2.48875e-15  2.48875e-15  1.43551e-12
    643  2.04296e-15  2.04296e-15  7.61002e-12
    673  1.95843e-15  1.95843e-15  8.90555e-12
    700  1.88269e-15  1.88269e-15  1.01614e-11
    705  1.86993e-15  1.86993e-15  1.04032e-11
    740  1.77182e-15  1.77182e-15  1.21749e-11
    780  1.66398e-15  1.66398e-15  1.43656e-11

   Pressure = 1.5 atm

   T(K)       P0->W1         P0->      Capture
    425  3.12506e-15  3.12506e-15  1.43551e-12
    643  2.64565e-15  2.64565e-15  7.61002e-12
    673  2.54314e-15  2.54314e-15  8.90555e-12
    700  2.45035e-15  2.45035e-15  1.01614e-11
    705  2.43467e-15  2.43467e-15  1.04032e-11
    740   2.3132e-15   2.3132e-15  1.21749e-11
    780  2.17844e-15  2.17844e-15  1.43656e-11

   Pressure = 2 atm

   T(K)       P0->W1         P0->      Capture
    425  3.85474e-15  3.85474e-15  1.43551e-12
    643   3.3597e-15   3.3597e-15  7.61002e-12
    673  3.23787e-15  3.23787e-15  8.90555e-12
    700  3.12642e-15  3.12642e-15  1.01614e-11
    705  3.10754e-15  3.10754e-15  1.04032e-11
    740  2.96005e-15  2.96005e-15  1.21749e-11
    780  2.79492e-15  2.79492e-15  1.43656e-11

   Pressure = 2.7 atm

   T(K)       P0->W1         P0->      Capture
    425  4.79153e-15  4.79153e-15  1.43551e-12
    643  4.30689e-15  4.30689e-15  7.61002e-12
    673   4.1621e-15   4.1621e-15  8.90555e-12
    700  4.02797e-15  4.02797e-15  1.01614e-11
    705  4.00519e-15  4.00519e-15  1.04032e-11
    740  3.82543e-15  3.82543e-15  1.21749e-11
    780  3.62206e-15  3.62206e-15  1.43656e-11

   Pressure = 3.3 atm

   T(K)       P0->W1         P0->      Capture
    425  5.53744e-15  5.53744e-15  1.43551e-12
    643  5.08236e-15  5.08236e-15  7.61002e-12
    673  4.92062e-15  4.92062e-15  8.90555e-12
    700  4.76939e-15  4.76939e-15  1.01614e-11
    705  4.74364e-15  4.74364e-15  1.04032e-11
    740  4.53906e-15  4.53906e-15  1.21749e-11
    780  4.30584e-15  4.30584e-15  1.43656e-11

   Pressure = 4.3 atm

   T(K)       P0->W1         P0->      Capture
    425  6.69525e-15  6.69525e-15  1.43551e-12
    643  6.31867e-15  6.31867e-15  7.61002e-12
    673  6.13279e-15  6.13279e-15  8.90555e-12
    700  5.95652e-15  5.95652e-15  1.01614e-11
    705  5.92643e-15  5.92643e-15  1.04032e-11
    740  5.68472e-15  5.68472e-15  1.21749e-11
    780  5.40622e-15  5.40622e-15  1.43656e-11

   Pressure = 11.2 atm

   T(K)       P0->W1         P0->      Capture
    425   1.3177e-14   1.3177e-14  1.43551e-12
    643   1.3798e-14   1.3798e-14  7.61002e-12
    673  1.35168e-14  1.35168e-14  8.90555e-12
    700  1.32295e-14  1.32295e-14  1.01614e-11
    705  1.31799e-14  1.31799e-14  1.04032e-11
    740  1.27581e-14  1.27581e-14  1.21749e-11
    780  1.22478e-14  1.22478e-14  1.43656e-11

   Pressure = 14 atm

   T(K)       P0->W1         P0->      Capture
    425  1.53947e-14  1.53947e-14  1.43551e-12
    643  1.65275e-14  1.65275e-14  7.61002e-12
    673  1.62269e-14  1.62269e-14  8.90555e-12
    700  1.59113e-14  1.59113e-14  1.01614e-11
    705  1.58567e-14  1.58567e-14  1.04032e-11
    740  1.53828e-14  1.53828e-14  1.21749e-11
    780  1.48011e-14  1.48011e-14  1.43656e-11

______________________________________________________________________________________

Temperature-Pressure Rate Tables:

W1->P0

P\T              425          643          673          700          705          740          780
0.00343     0.314343      79.6378      125.964      183.275      196.013      301.421      467.427
0.00365     0.330865      84.1704      133.182      193.836      207.318      318.921      494.745
0.00383     0.344239      87.8544      139.051      202.425      216.512      333.159       516.98
0.00424      0.37425      96.1687      152.303      221.828      237.284      365.342      567.261
0.00428     0.377147      96.9744      153.588       223.71      239.298      368.464       572.14
0.00431     0.379316      97.5781      154.551      225.119      240.807      370.804      575.797
0.00627     0.515404      136.045      215.973      315.179      337.241      520.479      810.063
0.00651      0.53142      140.642      223.322      325.967      348.795      538.433      838.203
0.00656     0.534741      141.597      224.849      328.208      351.195      542.165      844.052
0.00682     0.551929      146.547      232.766      339.834      363.646      561.522      874.398
0.00711     0.570942      152.041      241.555      352.741       377.47      583.019      908.109
0.00741     0.590443      157.694      250.602       366.03      391.703      605.159      942.839
0.00752     0.597553      159.759      253.908      370.886      396.905      613.253      955.537
0.00856     0.663751      179.104      284.886      416.418      445.678      689.171      1074.71
0.0101      0.758781      207.205      329.934      482.684      516.671      799.792      1248.54
1.1          28.3492      11571.7      19093.4      28765.8      30937.4      49613.2      80277.8
1.5          35.5927      14983.9      24791.2      37434.9      40276.2      64764.7       105084
2            43.8986      19026.2      31560.7      47758.9      51401.8      82866.3       134806
2.7          54.5611        24388      40565.6      61524.7      66242.6       107081       174679
3.3          63.0504      28777.4      47955.5      72844.5      78450.6       127047       207639
4.3           76.227        35775      59764.2      90968.3      98002.8       159099       260675
11.2         149.983      78101.2       131686       201983       217884       356951       590349
14           175.216      93545.8       158079       242912       262117       430356       713361
O-O          16326.4  4.30205e+07  8.66377e+07  1.54893e+08  1.71686e+08  3.39992e+08  6.90853e+08

P0->W1

P\T              425          643          673          700          705          740          780
0.00343   2.7484e-17   1.4026e-17  1.28887e-17   1.1965e-17   1.1816e-17  1.07362e-17  9.66106e-18
0.00365  2.89303e-17  1.48248e-17  1.36277e-17  1.26548e-17  1.24979e-17  1.13599e-17   1.0226e-17
0.00383  3.01011e-17   1.5474e-17  1.42285e-17  1.32159e-17  1.30525e-17  1.18673e-17  1.06859e-17
0.00424  3.27286e-17  1.69392e-17  1.55853e-17  1.44833e-17  1.43054e-17  1.30143e-17  1.17258e-17
0.00428  3.29822e-17  1.70812e-17  1.57169e-17  1.46062e-17  1.44269e-17  1.31256e-17  1.18267e-17
0.00431  3.31721e-17  1.71876e-17  1.58154e-17  1.46983e-17   1.4518e-17   1.3209e-17  1.19024e-17
0.00627  4.50894e-17  2.39676e-17  2.21048e-17  2.05822e-17  2.03357e-17  1.85443e-17  1.67482e-17
0.00651  4.64921e-17  2.47778e-17  2.28574e-17   2.1287e-17  2.10328e-17  1.91843e-17  1.73303e-17
0.00656   4.6783e-17  2.49461e-17  2.30137e-17  2.14335e-17  2.11776e-17  1.93174e-17  1.74514e-17
0.00682  4.82885e-17  2.58188e-17  2.38246e-17  2.21931e-17  2.19288e-17  2.00074e-17  1.80791e-17
0.00711  4.99539e-17  2.67872e-17  2.47246e-17  2.30365e-17   2.2763e-17  2.07738e-17  1.87766e-17
0.00741  5.16621e-17  2.77837e-17  2.56511e-17  2.39048e-17  2.36218e-17  2.15631e-17  1.94951e-17
0.00752  5.22848e-17  2.81478e-17  2.59897e-17  2.42222e-17  2.39357e-17  2.18517e-17  1.97578e-17
0.00856   5.8084e-17   3.1558e-17  2.91624e-17  2.71975e-17  2.68787e-17  2.45584e-17  2.22235e-17
0.0101   6.64097e-17  3.65121e-17  3.37763e-17   3.1528e-17  3.11628e-17  2.85027e-17  2.58203e-17
1.1      2.48875e-15  2.04296e-15  1.95843e-15  1.88269e-15  1.86993e-15  1.77182e-15  1.66398e-15
1.5      3.12506e-15  2.64565e-15  2.54314e-15  2.45035e-15  2.43467e-15   2.3132e-15  2.17844e-15
2        3.85474e-15   3.3597e-15  3.23787e-15  3.12642e-15  3.10754e-15  2.96005e-15  2.79492e-15
2.7      4.79153e-15  4.30689e-15   4.1621e-15  4.02797e-15  4.00519e-15  3.82543e-15  3.62206e-15
3.3      5.53744e-15  5.08236e-15  4.92062e-15  4.76939e-15  4.74364e-15  4.53906e-15  4.30584e-15
4.3      6.69525e-15  6.31867e-15  6.13279e-15  5.95652e-15  5.92643e-15  5.68472e-15  5.40622e-15
11.2      1.3177e-14   1.3798e-14  1.35168e-14  1.32295e-14  1.31799e-14  1.27581e-14  1.22478e-14
14       1.53947e-14  1.65275e-14  1.62269e-14  1.59113e-14  1.58567e-14  1.53828e-14  1.48011e-14
O-O      1.43551e-12  7.61002e-12  8.90555e-12  1.01614e-11  1.04032e-11  1.21749e-11  1.43656e-11

W1-> 

P\T              425          643          673          700          705          740          780
0.00343     0.314343      79.6379      125.964      183.275      196.013       301.42      467.429
0.00365     0.330866      84.1708      133.182      193.837      207.318      318.923      494.744
0.00383     0.344239      87.8546      139.052      202.426      216.512      333.159      516.981
0.00424     0.374251      96.1684      152.303      221.828      237.283      365.344      567.264
0.00428     0.377147      96.9743      153.588      223.711      239.298      368.464      572.137
0.00431     0.379316      97.5782       154.55      225.119      240.808      370.803      575.797
0.00627     0.515404      136.045      215.973      315.179      337.241      520.477      810.062
0.00651      0.53142      140.642      223.322      325.967      348.795      538.434      838.203
0.00656     0.534741      141.596      224.848      328.208      351.195      542.164      844.051
0.00682     0.551929      146.547      232.766      339.834      363.646      561.522      874.399
0.00711     0.570942      152.041      241.555       352.74      377.471       583.02       908.11
0.00741     0.590444      157.694      250.602      366.029      391.703      605.161      942.841
0.00752     0.597553      159.759      253.909      370.888      396.906      613.255      955.537
0.00856     0.663751      179.104      284.886      416.418      445.678       689.17      1074.71
0.0101      0.758781      207.205      329.934      482.683       516.67       799.79      1248.54
1.1          28.3492      11571.7      19093.4      28765.8      30937.4      49613.2      80277.8
1.5          35.5927      14983.9      24791.2      37434.9      40276.2      64764.7       105084
2            43.8986      19026.2      31560.7      47758.9      51401.8      82866.3       134806
2.7          54.5611        24388      40565.6      61524.7      66242.6       107081       174679
3.3          63.0504      28777.4      47955.5      72844.5      78450.6       127047       207639
4.3           76.227        35775      59764.2      90968.3      98002.8       159099       260675
11.2         149.983      78101.2       131686       201983       217884       356951       590349
14           175.216      93545.8       158079       242912       262117       430356       713361
O-O          16326.4  4.30205e+07  8.66377e+07  1.54893e+08  1.71686e+08  3.39992e+08  6.90853e+08

P0-> 

P\T              425          643          673          700          705          740          780
0.00343  2.74839e-17   1.4026e-17  1.28887e-17   1.1965e-17   1.1816e-17  1.07362e-17  9.66107e-18
0.00365  2.89303e-17  1.48248e-17  1.36277e-17  1.26548e-17  1.24979e-17  1.13599e-17   1.0226e-17
0.00383  3.01011e-17   1.5474e-17  1.42285e-17  1.32159e-17  1.30525e-17  1.18673e-17  1.06859e-17
0.00424  3.27286e-17  1.69392e-17  1.55853e-17  1.44833e-17  1.43054e-17  1.30143e-17  1.17258e-17
0.00428  3.29822e-17  1.70812e-17  1.57169e-17  1.46062e-17  1.44269e-17  1.31256e-17  1.18267e-17
0.00431  3.31721e-17  1.71876e-17  1.58154e-17  1.46983e-17   1.4518e-17   1.3209e-17  1.19024e-17
0.00627  4.50894e-17  2.39676e-17  2.21048e-17  2.05822e-17  2.03357e-17  1.85442e-17  1.67482e-17
0.00651  4.64921e-17  2.47778e-17  2.28574e-17   2.1287e-17  2.10328e-17  1.91843e-17  1.73303e-17
0.00656   4.6783e-17  2.49461e-17  2.30137e-17  2.14335e-17  2.11776e-17  1.93174e-17  1.74514e-17
0.00682  4.82885e-17  2.58188e-17  2.38246e-17  2.21931e-17  2.19289e-17  2.00074e-17  1.80791e-17
0.00711  4.99539e-17  2.67872e-17  2.47246e-17  2.30365e-17   2.2763e-17  2.07738e-17  1.87766e-17
0.00741  5.16621e-17  2.77837e-17  2.56511e-17  2.39048e-17  2.36218e-17  2.15631e-17  1.94951e-17
0.00752  5.22848e-17  2.81478e-17  2.59897e-17  2.42222e-17  2.39357e-17  2.18517e-17  1.97578e-17
0.00856   5.8084e-17   3.1558e-17  2.91624e-17  2.71975e-17  2.68787e-17  2.45584e-17  2.22235e-17
0.0101   6.64097e-17  3.65121e-17  3.37763e-17   3.1528e-17  3.11628e-17  2.85027e-17  2.58203e-17
1.1      2.48875e-15  2.04296e-15  1.95843e-15  1.88269e-15  1.86993e-15  1.77182e-15  1.66398e-15
1.5      3.12506e-15  2.64565e-15  2.54314e-15  2.45035e-15  2.43467e-15   2.3132e-15  2.17844e-15
2        3.85474e-15   3.3597e-15  3.23787e-15  3.12642e-15  3.10754e-15  2.96005e-15  2.79492e-15
2.7      4.79153e-15  4.30689e-15   4.1621e-15  4.02797e-15  4.00519e-15  3.82543e-15  3.62206e-15
3.3      5.53744e-15  5.08236e-15  4.92062e-15  4.76939e-15  4.74364e-15  4.53906e-15  4.30584e-15
4.3      6.69525e-15  6.31867e-15  6.13279e-15  5.95652e-15  5.92643e-15  5.68472e-15  5.40622e-15
11.2      1.3177e-14   1.3798e-14  1.35168e-14  1.32295e-14  1.31799e-14  1.27581e-14  1.22478e-14
14       1.53947e-14  1.65275e-14  1.62269e-14  1.59113e-14  1.58567e-14  1.53828e-14  1.48011e-14
O-O      1.43551e-12  7.61002e-12  8.90555e-12  1.01614e-11  1.04032e-11  1.21749e-11  1.43656e-11

