Wells (G - ground energy, D - dissociation limit, kcal/mol):
      Name        G        D
        W1    -14.6      3.5

Bimolecular Products (G - ground energy, kcal/mol):
      Name        G
        P0      0.0

Well-to-Bimolecular Barriers (H/G - barrier height/well depth, kcal/mol)
      Name        H     Well        G  Product
        B1      3.5       W1    -14.6       P0

________________________________________________________________________________________

Unimolecular Rate Units: 1/sec;  Bimolecular Rate Units: cm^3/sec

______________________________________________________________________________________

Species-Species Rate Tables:

Temperature = 298 K

High Pressure Rate Coefficients:

From\To            W1           P0
W1                ***     0.465209
P0        1.79233e-13          ***

Temperature = 298 K    Pressure = 0.00403 atm

From\To            W1           P0
W1         6.6351e-05   6.6351e-05
P0        2.54792e-17  2.54792e-17

Temperature = 298 K    Pressure = 0.00417 atm

From\To            W1           P0
W1        6.80624e-05  6.80624e-05
P0        2.61371e-17  2.61371e-17

Temperature = 298 K    Pressure = 0.00421 atm

From\To            W1           P0
W1        6.85485e-05  6.85485e-05
P0         2.6324e-17   2.6324e-17

Temperature = 298 K    Pressure = 0.00424 atm

From\To            W1           P0
W1        6.89122e-05  6.89122e-05
P0        2.64638e-17  2.64638e-17

Temperature = 298 K    Pressure = 0.00456 atm

From\To            W1           P0
W1        7.27501e-05  7.27501e-05
P0        2.79393e-17  2.79393e-17

Temperature = 298 K    Pressure = 0.00619 atm

From\To            W1           P0
W1        9.12851e-05  9.12851e-05
P0         3.5066e-17   3.5066e-17

Temperature = 298 K    Pressure = 0.00653 atm

From\To            W1           P0
W1         9.4972e-05   9.4972e-05
P0        3.64838e-17  3.64838e-17

Temperature = 298 K    Pressure = 0.00686 atm

From\To            W1           P0
W1        9.85002e-05  9.85002e-05
P0        3.78406e-17  3.78406e-17

Temperature = 298 K    Pressure = 0.00719 atm

From\To            W1           P0
W1        0.000101982  0.000101982
P0        3.91794e-17  3.91794e-17

Temperature = 298 K    Pressure = 0.0076 atm

From\To            W1           P0
W1        0.000106246  0.000106246
P0        4.08195e-17  4.08195e-17

Temperature = 298 K    Pressure = 0.06842 atm

From\To            W1           P0
W1        0.000522978  0.000522978
P0        2.01183e-16  2.01183e-16

Temperature = 298 K    Pressure = 0.13289 atm

From\To            W1           P0
W1        0.000836932  0.000836932
P0        3.22044e-16  3.22044e-16

Temperature = 298 K    Pressure = 0.26711 atm

From\To            W1           P0
W1          0.0013646    0.0013646
P0        5.25212e-16  5.25212e-16

Temperature = 298 K    Pressure = 0.3 atm

From\To            W1           P0
W1         0.00147937   0.00147937
P0        5.69405e-16  5.69405e-16

Temperature = 298 K    Pressure = 0.53158 atm

From\To            W1           P0
W1         0.00219695   0.00219695
P0        8.45738e-16  8.45738e-16

Temperature = 298 K    Pressure = 0.77763 atm

From\To            W1           P0
W1         0.00285139   0.00285139
P0        1.09777e-15  1.09777e-15

Temperature = 298 K    Pressure = 1 atm

From\To            W1           P0
W1         0.00338445   0.00338445
P0        1.30307e-15  1.30307e-15

Temperature = 425 K

High Pressure Rate Coefficients:

From\To            W1           P0
W1                ***      6267.86
P0         1.0931e-12          ***

Temperature = 425 K    Pressure = 0.00403 atm

From\To            W1           P0
W1           0.115375     0.115375
P0         2.0077e-17   2.0077e-17

Temperature = 425 K    Pressure = 0.00417 atm

From\To            W1           P0
W1           0.118685     0.118685
P0        2.06533e-17  2.06533e-17

Temperature = 425 K    Pressure = 0.00421 atm

From\To            W1           P0
W1           0.119627     0.119627
P0        2.08173e-17  2.08173e-17

Temperature = 425 K    Pressure = 0.00424 atm

From\To            W1           P0
W1           0.120333     0.120333
P0        2.09401e-17  2.09401e-17

Temperature = 425 K    Pressure = 0.00456 atm

From\To            W1           P0
W1           0.127802     0.127802
P0        2.22405e-17  2.22405e-17

Temperature = 425 K    Pressure = 0.00619 atm

From\To            W1           P0
W1           0.164506     0.164506
P0         2.8631e-17   2.8631e-17

Temperature = 425 K    Pressure = 0.00653 atm

From\To            W1           P0
W1           0.171922     0.171922
P0        2.99222e-17  2.99222e-17

Temperature = 425 K    Pressure = 0.00686 atm

From\To            W1           P0
W1           0.179051     0.179051
P0        3.11636e-17  3.11636e-17

Temperature = 425 K    Pressure = 0.00719 atm

From\To            W1           P0
W1           0.186117     0.186117
P0        3.23939e-17  3.23939e-17

Temperature = 425 K    Pressure = 0.0076 atm

From\To            W1           P0
W1           0.194812     0.194812
P0        3.39079e-17  3.39079e-17

Temperature = 425 K    Pressure = 0.06842 atm

From\To            W1           P0
W1            1.16511      1.16511
P0        2.02929e-16  2.02929e-16

Temperature = 425 K    Pressure = 0.13289 atm

From\To            W1           P0
W1            1.98427      1.98427
P0        3.45657e-16  3.45657e-16

Temperature = 425 K    Pressure = 0.26711 atm

From\To            W1           P0
W1            3.45995      3.45995
P0        6.02813e-16  6.02813e-16

Temperature = 425 K    Pressure = 0.3 atm

From\To            W1           P0
W1             3.7937       3.7937
P0        6.60976e-16  6.60976e-16

Temperature = 425 K    Pressure = 0.53158 atm

From\To            W1           P0
W1             5.9616       5.9616
P0         1.0388e-15   1.0388e-15

Temperature = 425 K    Pressure = 0.77763 atm

From\To            W1           P0
W1            8.03914      8.03914
P0        1.40091e-15  1.40091e-15

Temperature = 425 K    Pressure = 1 atm

From\To            W1           P0
W1            9.78928      9.78928
P0        1.70596e-15  1.70596e-15

Temperature = 637 K

High Pressure Rate Coefficients:

From\To            W1           P0
W1                ***  1.31534e+07
P0        5.23003e-12          ***

Temperature = 637 K    Pressure = 0.00403 atm

From\To            W1           P0
W1            29.4057      29.4057
P0         1.1661e-17   1.1661e-17

Temperature = 637 K    Pressure = 0.00417 atm

From\To            W1           P0
W1            30.3165      30.3165
P0        1.20223e-17  1.20223e-17

Temperature = 637 K    Pressure = 0.00421 atm

From\To            W1           P0
W1            30.5761      30.5761
P0        1.21253e-17  1.21253e-17

Temperature = 637 K    Pressure = 0.00424 atm

From\To            W1           P0
W1            30.7706      30.7706
P0        1.22024e-17  1.22024e-17

Temperature = 637 K    Pressure = 0.00456 atm

From\To            W1           P0
W1            32.8358      32.8358
P0        1.30217e-17  1.30217e-17

Temperature = 637 K    Pressure = 0.00619 atm

From\To            W1           P0
W1            43.1236      43.1236
P0         1.7103e-17   1.7103e-17

Temperature = 637 K    Pressure = 0.00653 atm

From\To            W1           P0
W1            45.2275      45.2276
P0        1.79377e-17  1.79377e-17

Temperature = 637 K    Pressure = 0.00686 atm

From\To            W1           P0
W1            47.2576      47.2576
P0        1.87431e-17  1.87431e-17

Temperature = 637 K    Pressure = 0.00719 atm

From\To            W1           P0
W1            49.2763      49.2763
P0         1.9544e-17   1.9544e-17

Temperature = 637 K    Pressure = 0.0076 atm

From\To            W1           P0
W1            51.7696      51.7696
P0        2.05332e-17  2.05332e-17

Temperature = 637 K    Pressure = 0.06842 atm

From\To            W1           P0
W1            361.222      361.222
P0        1.43352e-16  1.43352e-16

Temperature = 637 K    Pressure = 0.13289 atm

From\To            W1           P0
W1            646.367      646.367
P0        2.56553e-16  2.56553e-16

Temperature = 637 K    Pressure = 0.26711 atm

From\To            W1           P0
W1             1188.9       1188.9
P0        4.71965e-16  4.71965e-16

Temperature = 637 K    Pressure = 0.3 atm

From\To            W1           P0
W1             1315.4       1315.4
P0        5.22196e-16  5.22196e-16

Temperature = 637 K    Pressure = 0.53158 atm

From\To            W1           P0
W1            2162.34      2162.34
P0        8.58517e-16  8.58517e-16

Temperature = 637 K    Pressure = 0.77763 atm

From\To            W1           P0
W1             3006.2       3006.2
P0        1.19365e-15  1.19365e-15

Temperature = 637 K    Pressure = 1 atm

From\To            W1           P0
W1            3736.16      3736.16
P0        1.48356e-15  1.48356e-15

Temperature = 667 K

High Pressure Rate Coefficients:

From\To            W1           P0
W1                ***  2.65722e+07
P0         6.0874e-12          ***

Temperature = 667 K    Pressure = 0.00403 atm

From\To            W1           P0
W1            47.2385      47.2385
P0        1.07905e-17  1.07905e-17

Temperature = 667 K    Pressure = 0.00417 atm

From\To            W1           P0
W1            48.7114      48.7114
P0        1.11271e-17  1.11271e-17

Temperature = 667 K    Pressure = 0.00421 atm

From\To            W1           P0
W1            49.1313      49.1313
P0         1.1223e-17   1.1223e-17

Temperature = 667 K    Pressure = 0.00424 atm

From\To            W1           P0
W1            49.4459      49.4459
P0        1.12949e-17  1.12949e-17

Temperature = 667 K    Pressure = 0.00456 atm

From\To            W1           P0
W1            52.7874      52.7874
P0        1.20584e-17  1.20584e-17

Temperature = 667 K    Pressure = 0.00619 atm

From\To            W1           P0
W1             69.453       69.453
P0        1.58669e-17  1.58669e-17

Temperature = 667 K    Pressure = 0.00653 atm

From\To            W1           P0
W1            72.8649       72.865
P0        1.66466e-17  1.66466e-17

Temperature = 667 K    Pressure = 0.00686 atm

From\To            W1           P0
W1            76.1583      76.1581
P0        1.73992e-17  1.73992e-17

Temperature = 667 K    Pressure = 0.00719 atm

From\To            W1           P0
W1            79.4341      79.4341
P0        1.81479e-17  1.81479e-17

Temperature = 667 K    Pressure = 0.0076 atm

From\To            W1           P0
W1            83.4813      83.4814
P0        1.90728e-17  1.90728e-17

Temperature = 667 K    Pressure = 0.06842 atm

From\To            W1           P0
W1            590.729      590.729
P0        1.35042e-16  1.35042e-16

Temperature = 667 K    Pressure = 0.13289 atm

From\To            W1           P0
W1            1061.82      1061.82
P0        2.42775e-16  2.42775e-16

Temperature = 667 K    Pressure = 0.26711 atm

From\To            W1           P0
W1            1962.62      1962.62
P0        4.48805e-16  4.48805e-16

Temperature = 667 K    Pressure = 0.3 atm

From\To            W1           P0
W1            2173.23      2173.23
P0         4.9698e-16   4.9698e-16

Temperature = 667 K    Pressure = 0.53158 atm

From\To            W1           P0
W1            3587.21      3587.21
P0        8.20434e-16  8.20434e-16

Temperature = 667 K    Pressure = 0.77763 atm

From\To            W1           P0
W1            5001.05      5001.05
P0        1.14389e-15  1.14389e-15

Temperature = 667 K    Pressure = 1 atm

From\To            W1           P0
W1            6226.99      6226.99
P0        1.42437e-15  1.42437e-15

Temperature = 701 K

High Pressure Rate Coefficients:

From\To            W1           P0
W1                ***   5.4975e+07
P0        7.13555e-12          ***

Temperature = 701 K    Pressure = 0.00403 atm

From\To            W1           P0
W1            76.4151      76.4149
P0        9.88535e-18  9.88535e-18

Temperature = 701 K    Pressure = 0.00417 atm

From\To            W1           P0
W1            78.8137      78.8139
P0        1.01958e-17  1.01958e-17

Temperature = 701 K    Pressure = 0.00421 atm

From\To            W1           P0
W1            79.4977      79.4979
P0        1.02843e-17  1.02843e-17

Temperature = 701 K    Pressure = 0.00424 atm

From\To            W1           P0
W1            80.0102      80.0103
P0        1.03506e-17  1.03506e-17

Temperature = 701 K    Pressure = 0.00456 atm

From\To            W1           P0
W1            85.4551      85.4551
P0        1.10553e-17  1.10553e-17

Temperature = 701 K    Pressure = 0.00619 atm

From\To            W1           P0
W1            112.645      112.645
P0        1.45742e-17  1.45742e-17

Temperature = 701 K    Pressure = 0.00653 atm

From\To            W1           P0
W1            118.218      118.218
P0        1.52955e-17  1.52955e-17

Temperature = 701 K    Pressure = 0.00686 atm

From\To            W1           P0
W1            123.599      123.599
P0         1.5992e-17   1.5992e-17

Temperature = 701 K    Pressure = 0.00719 atm

From\To            W1           P0
W1            128.953      128.953
P0         1.6685e-17   1.6685e-17

Temperature = 701 K    Pressure = 0.0076 atm

From\To            W1           P0
W1             135.57       135.57
P0        1.75415e-17  1.75415e-17

Temperature = 701 K    Pressure = 0.06842 atm

From\To            W1           P0
W1             973.26       973.26
P0        1.26011e-16  1.26011e-16

Temperature = 701 K    Pressure = 0.13289 atm

From\To            W1           P0
W1             1757.5       1757.5
P0        2.27591e-16  2.27591e-16

Temperature = 701 K    Pressure = 0.26711 atm

From\To            W1           P0
W1            3264.69      3264.69
P0        4.22842e-16  4.22842e-16

Temperature = 701 K    Pressure = 0.3 atm

From\To            W1           P0
W1            3618.07      3618.07
P0        4.68626e-16  4.68626e-16

Temperature = 701 K    Pressure = 0.53158 atm

From\To            W1           P0
W1            5997.28      5997.28
P0        7.76898e-16  7.76898e-16

Temperature = 701 K    Pressure = 0.77763 atm

From\To            W1           P0
W1             8384.9       8384.9
P0        1.08629e-15  1.08629e-15

Temperature = 701 K    Pressure = 1 atm

From\To            W1           P0
W1            10460.3      10460.3
P0        1.35524e-15  1.35524e-15

Temperature = 737 K

High Pressure Rate Coefficients:

From\To            W1           P0
W1                ***  1.10649e+08
P0        8.33086e-12          ***

Temperature = 737 K    Pressure = 0.00403 atm

From\To            W1           P0
W1            120.281      120.281
P0        9.02237e-18  9.02237e-18

Temperature = 737 K    Pressure = 0.00417 atm

From\To            W1           P0
W1            124.082      124.082
P0        9.30759e-18  9.30759e-18

Temperature = 737 K    Pressure = 0.00421 atm

From\To            W1           P0
W1            125.166      125.165
P0        9.38891e-18  9.38891e-18

Temperature = 737 K    Pressure = 0.00424 atm

From\To            W1           P0
W1            125.977      125.978
P0        9.44986e-18  9.44986e-18

Temperature = 737 K    Pressure = 0.00456 atm

From\To            W1           P0
W1            134.608      134.608
P0        1.00975e-17  1.00975e-17

Temperature = 737 K    Pressure = 0.00619 atm

From\To            W1           P0
W1             177.76      177.759
P0        1.33358e-17  1.33358e-17

Temperature = 737 K    Pressure = 0.00653 atm

From\To            W1           P0
W1            186.613      186.614
P0        1.40003e-17  1.40003e-17

Temperature = 737 K    Pressure = 0.00686 atm

From\To            W1           P0
W1            195.165      195.165
P0        1.46421e-17  1.46421e-17

Temperature = 737 K    Pressure = 0.00719 atm

From\To            W1           P0
W1            203.677      203.677
P0        1.52809e-17  1.52809e-17

Temperature = 737 K    Pressure = 0.0076 atm

From\To            W1           P0
W1              214.2        214.2
P0        1.60707e-17  1.60707e-17

Temperature = 737 K    Pressure = 0.06842 atm

From\To            W1           P0
W1            1559.31      1559.31
P0         1.1707e-16   1.1707e-16

Temperature = 737 K    Pressure = 0.13289 atm

From\To            W1           P0
W1            2828.45      2828.45
P0        2.12395e-16  2.12395e-16

Temperature = 737 K    Pressure = 0.26711 atm

From\To            W1           P0
W1            5279.66      5279.66
P0        3.96539e-16  3.96539e-16

Temperature = 737 K    Pressure = 0.3 atm

From\To            W1           P0
W1            5855.97      5855.97
P0        4.39838e-16  4.39838e-16

Temperature = 737 K    Pressure = 0.53158 atm

From\To            W1           P0
W1            9746.72      9746.72
P0        7.32179e-16  7.32179e-16

Temperature = 737 K    Pressure = 0.77763 atm

From\To            W1           P0
W1              13665        13665
P0        1.02662e-15  1.02662e-15

Temperature = 737 K    Pressure = 1 atm

From\To            W1           P0
W1            17079.1      17079.1
P0        1.28319e-15  1.28319e-15

Temperature = 780 K

High Pressure Rate Coefficients:

From\To            W1           P0
W1                ***  2.35208e+08
P0        9.86897e-12          ***

Temperature = 780 K    Pressure = 0.00403 atm

From\To            W1           P0
W1            193.844      193.844
P0        8.09748e-18  8.09749e-18

Temperature = 780 K    Pressure = 0.00417 atm

From\To            W1           P0
W1            200.013      200.013
P0        8.35527e-18  8.35527e-18

Temperature = 780 K    Pressure = 0.00421 atm

From\To            W1           P0
W1            201.771      201.772
P0        8.42879e-18  8.42878e-18

Temperature = 780 K    Pressure = 0.00424 atm

From\To            W1           P0
W1            203.091       203.09
P0        8.48388e-18  8.48387e-18

Temperature = 780 K    Pressure = 0.00456 atm

From\To            W1           P0
W1            217.103      217.103
P0        9.06949e-18  9.06949e-18

Temperature = 780 K    Pressure = 0.00619 atm

From\To            W1           P0
W1            287.259      287.259
P0        1.20016e-17  1.20016e-17

Temperature = 780 K    Pressure = 0.00653 atm

From\To            W1           P0
W1            301.672       301.67
P0         1.2604e-17   1.2604e-17

Temperature = 780 K    Pressure = 0.00686 atm

From\To            W1           P0
W1            315.595      315.595
P0         1.3186e-17   1.3186e-17

Temperature = 780 K    Pressure = 0.00719 atm

From\To            W1           P0
W1            329.459      329.459
P0        1.37655e-17  1.37655e-17

Temperature = 780 K    Pressure = 0.0076 atm

From\To            W1           P0
W1            346.606      346.605
P0        1.44822e-17  1.44822e-17

Temperature = 780 K    Pressure = 0.06842 atm

From\To            W1           P0
W1            2561.43      2561.43
P0        1.07106e-16  1.07106e-16

Temperature = 780 K    Pressure = 0.13289 atm

From\To            W1           P0
W1            4668.69      4668.69
P0        1.95264e-16  1.95264e-16

Temperature = 780 K    Pressure = 0.26711 atm

From\To            W1           P0
W1             8760.2       8760.2
P0        3.66467e-16  3.66467e-16

Temperature = 780 K    Pressure = 0.3 atm

From\To            W1           P0
W1            9724.97      9724.97
P0        4.06842e-16  4.06842e-16

Temperature = 780 K    Pressure = 0.53158 atm

From\To            W1           P0
W1            16257.5      16257.5
P0        6.80243e-16  6.80243e-16

Temperature = 780 K    Pressure = 0.77763 atm

From\To            W1           P0
W1            22860.9      22860.9
P0        9.56649e-16  9.56649e-16

Temperature = 780 K    Pressure = 1 atm

From\To            W1           P0
W1            28629.3      28629.3
P0        1.19812e-15  1.19812e-15

Temperature = 835 K

High Pressure Rate Coefficients:

From\To            W1           P0
W1                ***  5.53382e+08
P0        1.20021e-11          ***

Temperature = 835 K    Pressure = 0.00403 atm

From\To            W1           P0
W1            327.454      327.452
P0        7.06313e-18  7.06314e-18

Temperature = 835 K    Pressure = 0.00417 atm

From\To            W1           P0
W1            337.955      337.955
P0        7.28978e-18  7.28978e-18

Temperature = 835 K    Pressure = 0.00421 atm

From\To            W1           P0
W1             340.95      340.951
P0        7.35443e-18  7.35443e-18

Temperature = 835 K    Pressure = 0.00424 atm

From\To            W1           P0
W1            343.195      343.196
P0        7.40288e-18  7.40288e-18

Temperature = 835 K    Pressure = 0.00456 atm

From\To            W1           P0
W1            367.067      367.067
P0        7.91804e-18  7.91804e-18

Temperature = 835 K    Pressure = 0.00619 atm

From\To            W1           P0
W1            486.759      486.758
P0        1.05012e-17  1.05012e-17

Temperature = 835 K    Pressure = 0.00653 atm

From\To            W1           P0
W1            511.378      511.378
P0        1.10326e-17  1.10326e-17

Temperature = 835 K    Pressure = 0.00686 atm

From\To            W1           P0
W1            535.174      535.174
P0        1.15463e-17  1.15463e-17

Temperature = 835 K    Pressure = 0.00719 atm

From\To            W1           P0
W1            558.876      558.877
P0        1.20579e-17  1.20579e-17

Temperature = 835 K    Pressure = 0.0076 atm

From\To            W1           P0
W1            588.202      588.202
P0        1.26909e-17  1.26909e-17

Temperature = 835 K    Pressure = 0.06842 atm

From\To            W1           P0
W1            4420.95      4420.95
P0        9.54696e-17  9.54696e-17

Temperature = 835 K    Pressure = 0.13289 atm

From\To            W1           P0
W1            8101.86      8101.86
P0        1.75002e-16  1.75002e-16

Temperature = 835 K    Pressure = 0.26711 atm

From\To            W1           P0
W1            15291.6      15291.6
P0        3.30388e-16  3.30388e-16

Temperature = 835 K    Pressure = 0.3 atm

From\To            W1           P0
W1            16992.6      16992.6
P0        3.67154e-16  3.67154e-16

Temperature = 835 K    Pressure = 0.53158 atm

From\To            W1           P0
W1            28548.2      28548.2
P0        6.16959e-16  6.16959e-16

Temperature = 835 K    Pressure = 0.77763 atm

From\To            W1           P0
W1            40279.3      40279.3
P0        8.70594e-16  8.70594e-16

Temperature = 835 K    Pressure = 1 atm

From\To            W1           P0
W1            50556.6      50556.6
P0        1.09282e-15  1.09282e-15

Temperature = 900 K

High Pressure Rate Coefficients:

From\To            W1           P0
W1                ***   1.3358e+09
P0        1.47468e-11          ***

Temperature = 900 K    Pressure = 0.00403 atm

From\To            W1           P0
W1            550.106      550.106
P0        6.02795e-18  6.02795e-18

Temperature = 900 K    Pressure = 0.00417 atm

From\To            W1           P0
W1            567.889      567.891
P0        6.22295e-18  6.22295e-18

Temperature = 900 K    Pressure = 0.00421 atm

From\To            W1           P0
W1            572.966      572.964
P0        6.27857e-18  6.27857e-18

Temperature = 900 K    Pressure = 0.00424 atm

From\To            W1           P0
W1            576.768      576.767
P0        6.32027e-18  6.32027e-18

Temperature = 900 K    Pressure = 0.00456 atm

From\To            W1           P0
W1            617.213      617.212
P0        6.76373e-18  6.76373e-18

Temperature = 900 K    Pressure = 0.00619 atm

From\To            W1           P0
W1            820.315      820.315
P0        8.99086e-18  8.99086e-18

Temperature = 900 K    Pressure = 0.00653 atm

From\To            W1           P0
W1            862.148      862.149
P0        9.44964e-18  9.44964e-18

Temperature = 900 K    Pressure = 0.00686 atm

From\To            W1           P0
W1            902.601        902.6
P0        9.89325e-18  9.89325e-18

Temperature = 900 K    Pressure = 0.00719 atm

From\To            W1           P0
W1            942.907      942.907
P0        1.03353e-17  1.03353e-17

Temperature = 900 K    Pressure = 0.0076 atm

From\To            W1           P0
W1            992.796      992.796
P0        1.08825e-17  1.08825e-17

Temperature = 900 K    Pressure = 0.06842 atm

From\To            W1           P0
W1            7592.68      7592.68
P0        8.33184e-17  8.33184e-17

Temperature = 900 K    Pressure = 0.13289 atm

From\To            W1           P0
W1            13992.4      13992.4
P0        1.53594e-16  1.53594e-16

Temperature = 900 K    Pressure = 0.26711 atm

From\To            W1           P0
W1            26569.5      26569.5
P0        2.91749e-16  2.91749e-16

Temperature = 900 K    Pressure = 0.3 atm

From\To            W1           P0
W1            29555.1      29555.1
P0         3.2455e-16   3.2455e-16

Temperature = 900 K    Pressure = 0.53158 atm

From\To            W1           P0
W1            49907.7      49907.7
P0        5.48187e-16  5.48187e-16

Temperature = 900 K    Pressure = 0.77763 atm

From\To            W1           P0
W1            70659.5      70659.5
P0        7.76256e-16  7.76256e-16

Temperature = 900 K    Pressure = 1 atm

From\To            W1           P0
W1            88893.9      88893.9
P0        9.76684e-16  9.76684e-16

Temperature = 1000 K

High Pressure Rate Coefficients:

From\To            W1           P0
W1                ***   4.1761e+09
P0         1.9398e-11          ***

Temperature = 1000 K    Pressure = 0.00403 atm

From\To            W1           P0
W1            1059.78      1059.78
P0        4.84317e-18  4.84317e-18

Temperature = 1000 K    Pressure = 0.00417 atm

From\To            W1           P0
W1            1094.36      1094.36
P0        5.00134e-18  5.00135e-18

Temperature = 1000 K    Pressure = 0.00421 atm

From\To            W1           P0
W1            1104.23      1104.22
P0        5.04648e-18  5.04648e-18

Temperature = 1000 K    Pressure = 0.00424 atm

From\To            W1           P0
W1            1111.62      1111.62
P0        5.08031e-18  5.08031e-18

Temperature = 1000 K    Pressure = 0.00456 atm

From\To            W1           P0
W1             1190.3       1190.3
P0        5.44028e-18  5.44028e-18

Temperature = 1000 K    Pressure = 0.00619 atm

From\To            W1           P0
W1            1586.09      1586.09
P0        7.25145e-18  7.25144e-18

Temperature = 1000 K    Pressure = 0.00653 atm

From\To            W1           P0
W1            1667.74      1667.75
P0        7.62515e-18  7.62515e-18

Temperature = 1000 K    Pressure = 0.00686 atm

From\To            W1           P0
W1            1746.73      1746.73
P0        7.98668e-18  7.98668e-18

Temperature = 1000 K    Pressure = 0.00719 atm

From\To            W1           P0
W1            1825.48      1825.48
P0         8.3471e-18   8.3471e-18

Temperature = 1000 K    Pressure = 0.0076 atm

From\To            W1           P0
W1            1922.99      1922.98
P0        8.79344e-18  8.79344e-18

Temperature = 1000 K    Pressure = 0.06842 atm

From\To            W1           P0
W1            15005.6      15005.6
P0         6.8763e-17   6.8763e-17

Temperature = 1000 K    Pressure = 0.13289 atm

From\To            W1           P0
W1            27834.1      27834.1
P0        1.27628e-16  1.27628e-16

Temperature = 1000 K    Pressure = 0.26711 atm

From\To            W1           P0
W1            53227.2      53227.2
P0         2.4422e-16   2.4422e-16

Temperature = 1000 K    Pressure = 0.3 atm

From\To            W1           P0
W1            59279.2      59279.2
P0        2.72016e-16  2.72016e-16

Temperature = 1000 K    Pressure = 0.53158 atm

From\To            W1           P0
W1             100701       100701
P0        4.62327e-16  4.62327e-16

Temperature = 1000 K    Pressure = 0.77763 atm

From\To            W1           P0
W1             143153       143153
P0        6.57448e-16  6.57448e-16

Temperature = 1000 K    Pressure = 1 atm

From\To            W1           P0
W1             180585       180585
P0        8.29547e-16  8.29547e-16

Temperature = 1100 K

High Pressure Rate Coefficients:

From\To            W1           P0
W1                ***  1.06859e+10
P0        2.45088e-11          ***

Temperature = 1100 K    Pressure = 0.00403 atm

From\To            W1           P0
W1            1782.24      1782.23
P0        3.96417e-18  3.96417e-18

Temperature = 1100 K    Pressure = 0.00417 atm

From\To            W1           P0
W1            1840.78      1840.78
P0        4.09462e-18  4.09462e-18

Temperature = 1100 K    Pressure = 0.00421 atm

From\To            W1           P0
W1            1857.49      1857.49
P0        4.13184e-18  4.13184e-18

Temperature = 1100 K    Pressure = 0.00424 atm

From\To            W1           P0
W1            1870.01      1870.01
P0        4.15975e-18  4.15975e-18

Temperature = 1100 K    Pressure = 0.00456 atm

From\To            W1           P0
W1             2003.3       2003.3
P0        4.45677e-18  4.45677e-18

Temperature = 1100 K    Pressure = 0.00619 atm

From\To            W1           P0
W1            2674.72      2674.72
P0        5.95341e-18  5.95341e-18

Temperature = 1100 K    Pressure = 0.00653 atm

From\To            W1           P0
W1            2813.39       2813.4
P0        6.26262e-18  6.26261e-18

Temperature = 1100 K    Pressure = 0.00686 atm

From\To            W1           P0
W1            2947.59      2947.59
P0        6.56186e-18  6.56186e-18

Temperature = 1100 K    Pressure = 0.00719 atm

From\To            W1           P0
W1            3081.42      3081.42
P0        6.86031e-18  6.86031e-18

Temperature = 1100 K    Pressure = 0.0076 atm

From\To            W1           P0
W1             3247.2       3247.2
P0        7.23003e-18  7.23003e-18

Temperature = 1100 K    Pressure = 0.06842 atm

From\To            W1           P0
W1            25730.4      25730.4
P0        5.74914e-17  5.74914e-17

Temperature = 1100 K    Pressure = 0.13289 atm

From\To            W1           P0
W1            47965.2      47965.2
P0        1.07284e-16  1.07284e-16

Temperature = 1100 K    Pressure = 0.26711 atm

From\To            W1           P0
W1            92220.2      92220.2
P0        2.06494e-16  2.06494e-16

Temperature = 1100 K    Pressure = 0.3 atm

From\To            W1           P0
W1             102800       102800
P0        2.30224e-16  2.30224e-16

Temperature = 1100 K    Pressure = 0.53158 atm

From\To            W1           P0
W1             175433       175433
P0        3.93233e-16  3.93233e-16

Temperature = 1100 K    Pressure = 0.77763 atm

From\To            W1           P0
W1             250167       250167
P0        5.61074e-16  5.61074e-16

Temperature = 1100 K    Pressure = 1 atm

From\To            W1           P0
W1             316244       316244
P0        7.09541e-16  7.09541e-16

Temperature = 1200 K

High Pressure Rate Coefficients:

From\To            W1           P0
W1                ***   2.3499e+10
P0        3.00193e-11          ***

Temperature = 1200 K    Pressure = 0.00403 atm

From\To            W1           P0
W1            2715.19      2715.19
P0        3.29487e-18  3.29487e-18

Temperature = 1200 K    Pressure = 0.00417 atm

From\To            W1           P0
W1            2804.86      2804.86
P0        3.40396e-18  3.40396e-18

Temperature = 1200 K    Pressure = 0.00421 atm

From\To            W1           P0
W1            2830.45      2830.45
P0        3.43509e-18  3.43509e-18

Temperature = 1200 K    Pressure = 0.00424 atm

From\To            W1           P0
W1            2849.63      2849.63
P0        3.45843e-18  3.45843e-18

Temperature = 1200 K    Pressure = 0.00456 atm

From\To            W1           P0
W1            3053.84      3053.85
P0        3.70692e-18  3.70692e-18

Temperature = 1200 K    Pressure = 0.00619 atm

From\To            W1           P0
W1            4083.58      4083.58
P0        4.96047e-18  4.96047e-18

Temperature = 1200 K    Pressure = 0.00653 atm

From\To            W1           P0
W1            4296.46      4296.46
P0        5.21972e-18  5.21972e-18

Temperature = 1200 K    Pressure = 0.00686 atm

From\To            W1           P0
W1            4502.52      4502.52
P0        5.47071e-18  5.47071e-18

Temperature = 1200 K    Pressure = 0.00719 atm

From\To            W1           P0
W1            4708.07      4708.07
P0        5.72109e-18  5.72109e-18

Temperature = 1200 K    Pressure = 0.0076 atm

From\To            W1           P0
W1            4962.75      4962.75
P0        6.03138e-18  6.03138e-18

Temperature = 1200 K    Pressure = 0.06842 atm

From\To            W1           P0
W1            39794.1      39794.1
P0        4.86168e-17  4.86168e-17

Temperature = 1200 K    Pressure = 0.13289 atm

From\To            W1           P0
W1              74470        74470
P0        9.11236e-17  9.11236e-17

Temperature = 1200 K    Pressure = 0.26711 atm

From\To            W1           P0
W1             143784       143784
P0        1.76227e-16  1.76227e-16

Temperature = 1200 K    Pressure = 0.3 atm

From\To            W1           P0
W1             160393       160393
P0        1.96637e-16  1.96637e-16

Temperature = 1200 K    Pressure = 0.53158 atm

From\To            W1           P0
W1             274699       274699
P0        3.37223e-16  3.37223e-16

Temperature = 1200 K    Pressure = 0.77763 atm

From\To            W1           P0
W1             392673       392673
P0        4.82474e-16  4.82474e-16

Temperature = 1200 K    Pressure = 1 atm

From\To            W1           P0
W1             497199       497199
P0        6.11261e-16  6.11261e-16

______________________________________________________________________________________

High Pressure Rate Coefficients (Temperature-Species Rate Tables):

   T(K)       W1->W1       W1->P0
    298          ***     0.465209
    425          ***      6267.86
    637          ***  1.31534e+07
    667          ***  2.65722e+07
    701          ***   5.4975e+07
    737          ***  1.10649e+08
    780          ***  2.35208e+08
    835          ***  5.53382e+08
    900          ***   1.3358e+09
   1000          ***   4.1761e+09
   1100          ***  1.06859e+10
   1200          ***   2.3499e+10

   T(K)       P0->W1       P0->P0
    298  1.79233e-13          ***
    425   1.0931e-12          ***
    637  5.23003e-12          ***
    667   6.0874e-12          ***
    701  7.13555e-12          ***
    737  8.33086e-12          ***
    780  9.86897e-12          ***
    835  1.20021e-11          ***
    900  1.47468e-11          ***
   1000   1.9398e-11          ***
   1100  2.45088e-11          ***
   1200  3.00193e-11          ***

Capture/Escape Rate Coefficients:

   T(K)           W1           P0
    298     0.465209  1.79233e-13
    425      6267.86   1.0931e-12
    637  1.31534e+07  5.23003e-12
    667  2.65722e+07   6.0874e-12
    701   5.4975e+07  7.13555e-12
    737  1.10649e+08  8.33086e-12
    780  2.35208e+08  9.86897e-12
    835  5.53382e+08  1.20021e-11
    900   1.3358e+09  1.47468e-11
   1000   4.1761e+09   1.9398e-11
   1100  1.06859e+10  2.45088e-11
   1200   2.3499e+10  3.00193e-11

______________________________________________________________________________________

Pressure-Species Rate Tables:

   Temperature = 298 K

   P(atm)       W1->P0         W1->
  0.00403   6.6351e-05   6.6351e-05
  0.00417  6.80624e-05  6.80624e-05
  0.00421  6.85485e-05  6.85485e-05
  0.00424  6.89122e-05  6.89122e-05
  0.00456  7.27501e-05  7.27501e-05
  0.00619  9.12851e-05  9.12851e-05
  0.00653   9.4972e-05   9.4972e-05
  0.00686  9.85002e-05  9.85002e-05
  0.00719  0.000101982  0.000101982
   0.0076  0.000106246  0.000106246
  0.06842  0.000522978  0.000522978
  0.13289  0.000836932  0.000836932
  0.26711    0.0013646    0.0013646
      0.3   0.00147937   0.00147937
  0.53158   0.00219695   0.00219695
  0.77763   0.00285139   0.00285139
        1   0.00338445   0.00338445
    O-O     0.465209     0.465209

   Temperature = 425 K

   P(atm)       W1->P0         W1->
  0.00403     0.115375     0.115375
  0.00417     0.118685     0.118685
  0.00421     0.119627     0.119627
  0.00424     0.120333     0.120333
  0.00456     0.127802     0.127802
  0.00619     0.164506     0.164506
  0.00653     0.171922     0.171922
  0.00686     0.179051     0.179051
  0.00719     0.186117     0.186117
   0.0076     0.194812     0.194812
  0.06842      1.16511      1.16511
  0.13289      1.98427      1.98427
  0.26711      3.45995      3.45995
      0.3       3.7937       3.7937
  0.53158       5.9616       5.9616
  0.77763      8.03914      8.03914
        1      9.78928      9.78928
    O-O      6267.86      6267.86

   Temperature = 637 K

   P(atm)       W1->P0         W1->
  0.00403      29.4057      29.4057
  0.00417      30.3165      30.3165
  0.00421      30.5761      30.5761
  0.00424      30.7706      30.7706
  0.00456      32.8358      32.8358
  0.00619      43.1236      43.1236
  0.00653      45.2276      45.2275
  0.00686      47.2576      47.2576
  0.00719      49.2763      49.2763
   0.0076      51.7696      51.7696
  0.06842      361.222      361.222
  0.13289      646.367      646.367
  0.26711       1188.9       1188.9
      0.3       1315.4       1315.4
  0.53158      2162.34      2162.34
  0.77763       3006.2       3006.2
        1      3736.16      3736.16
    O-O  1.31534e+07  1.31534e+07

   Temperature = 667 K

   P(atm)       W1->P0         W1->
  0.00403      47.2385      47.2385
  0.00417      48.7114      48.7114
  0.00421      49.1313      49.1313
  0.00424      49.4459      49.4459
  0.00456      52.7874      52.7874
  0.00619       69.453       69.453
  0.00653       72.865      72.8649
  0.00686      76.1581      76.1583
  0.00719      79.4341      79.4341
   0.0076      83.4814      83.4813
  0.06842      590.729      590.729
  0.13289      1061.82      1061.82
  0.26711      1962.62      1962.62
      0.3      2173.23      2173.23
  0.53158      3587.21      3587.21
  0.77763      5001.05      5001.05
        1      6226.99      6226.99
    O-O  2.65722e+07  2.65722e+07

   Temperature = 701 K

   P(atm)       W1->P0         W1->
  0.00403      76.4149      76.4151
  0.00417      78.8139      78.8137
  0.00421      79.4979      79.4977
  0.00424      80.0103      80.0102
  0.00456      85.4551      85.4551
  0.00619      112.645      112.645
  0.00653      118.218      118.218
  0.00686      123.599      123.599
  0.00719      128.953      128.953
   0.0076       135.57       135.57
  0.06842       973.26       973.26
  0.13289       1757.5       1757.5
  0.26711      3264.69      3264.69
      0.3      3618.07      3618.07
  0.53158      5997.28      5997.28
  0.77763       8384.9       8384.9
        1      10460.3      10460.3
    O-O   5.4975e+07   5.4975e+07

   Temperature = 737 K

   P(atm)       W1->P0         W1->
  0.00403      120.281      120.281
  0.00417      124.082      124.082
  0.00421      125.165      125.166
  0.00424      125.978      125.977
  0.00456      134.608      134.608
  0.00619      177.759       177.76
  0.00653      186.614      186.613
  0.00686      195.165      195.165
  0.00719      203.677      203.677
   0.0076        214.2        214.2
  0.06842      1559.31      1559.31
  0.13289      2828.45      2828.45
  0.26711      5279.66      5279.66
      0.3      5855.97      5855.97
  0.53158      9746.72      9746.72
  0.77763        13665        13665
        1      17079.1      17079.1
    O-O  1.10649e+08  1.10649e+08

   Temperature = 780 K

   P(atm)       W1->P0         W1->
  0.00403      193.844      193.844
  0.00417      200.013      200.013
  0.00421      201.772      201.771
  0.00424       203.09      203.091
  0.00456      217.103      217.103
  0.00619      287.259      287.259
  0.00653       301.67      301.672
  0.00686      315.595      315.595
  0.00719      329.459      329.459
   0.0076      346.605      346.606
  0.06842      2561.43      2561.43
  0.13289      4668.69      4668.69
  0.26711       8760.2       8760.2
      0.3      9724.97      9724.97
  0.53158      16257.5      16257.5
  0.77763      22860.9      22860.9
        1      28629.3      28629.3
    O-O  2.35208e+08  2.35208e+08

   Temperature = 835 K

   P(atm)       W1->P0         W1->
  0.00403      327.452      327.454
  0.00417      337.955      337.955
  0.00421      340.951       340.95
  0.00424      343.196      343.195
  0.00456      367.067      367.067
  0.00619      486.758      486.759
  0.00653      511.378      511.378
  0.00686      535.174      535.174
  0.00719      558.877      558.876
   0.0076      588.202      588.202
  0.06842      4420.95      4420.95
  0.13289      8101.86      8101.86
  0.26711      15291.6      15291.6
      0.3      16992.6      16992.6
  0.53158      28548.2      28548.2
  0.77763      40279.3      40279.3
        1      50556.6      50556.6
    O-O  5.53382e+08  5.53382e+08

   Temperature = 900 K

   P(atm)       W1->P0         W1->
  0.00403      550.106      550.106
  0.00417      567.891      567.889
  0.00421      572.964      572.966
  0.00424      576.767      576.768
  0.00456      617.212      617.213
  0.00619      820.315      820.315
  0.00653      862.149      862.148
  0.00686        902.6      902.601
  0.00719      942.907      942.907
   0.0076      992.796      992.796
  0.06842      7592.68      7592.68
  0.13289      13992.4      13992.4
  0.26711      26569.5      26569.5
      0.3      29555.1      29555.1
  0.53158      49907.7      49907.7
  0.77763      70659.5      70659.5
        1      88893.9      88893.9
    O-O   1.3358e+09   1.3358e+09

   Temperature = 1000 K

   P(atm)       W1->P0         W1->
  0.00403      1059.78      1059.78
  0.00417      1094.36      1094.36
  0.00421      1104.22      1104.23
  0.00424      1111.62      1111.62
  0.00456       1190.3       1190.3
  0.00619      1586.09      1586.09
  0.00653      1667.75      1667.74
  0.00686      1746.73      1746.73
  0.00719      1825.48      1825.48
   0.0076      1922.98      1922.99
  0.06842      15005.6      15005.6
  0.13289      27834.1      27834.1
  0.26711      53227.2      53227.2
      0.3      59279.2      59279.2
  0.53158       100701       100701
  0.77763       143153       143153
        1       180585       180585
    O-O   4.1761e+09   4.1761e+09

   Temperature = 1100 K

   P(atm)       W1->P0         W1->
  0.00403      1782.23      1782.24
  0.00417      1840.78      1840.78
  0.00421      1857.49      1857.49
  0.00424      1870.01      1870.01
  0.00456       2003.3       2003.3
  0.00619      2674.72      2674.72
  0.00653       2813.4      2813.39
  0.00686      2947.59      2947.59
  0.00719      3081.42      3081.42
   0.0076       3247.2       3247.2
  0.06842      25730.4      25730.4
  0.13289      47965.2      47965.2
  0.26711      92220.2      92220.2
      0.3       102800       102800
  0.53158       175433       175433
  0.77763       250167       250167
        1       316244       316244
    O-O  1.06859e+10  1.06859e+10

   Temperature = 1200 K

   P(atm)       W1->P0         W1->
  0.00403      2715.19      2715.19
  0.00417      2804.86      2804.86
  0.00421      2830.45      2830.45
  0.00424      2849.63      2849.63
  0.00456      3053.85      3053.84
  0.00619      4083.58      4083.58
  0.00653      4296.46      4296.46
  0.00686      4502.52      4502.52
  0.00719      4708.07      4708.07
   0.0076      4962.75      4962.75
  0.06842      39794.1      39794.1
  0.13289        74470        74470
  0.26711       143784       143784
      0.3       160393       160393
  0.53158       274699       274699
  0.77763       392673       392673
        1       497199       497199
    O-O   2.3499e+10   2.3499e+10

   Temperature = 298 K

   P(atm)       P0->W1         P0->
  0.00403  2.54792e-17  2.54792e-17
  0.00417  2.61371e-17  2.61371e-17
  0.00421   2.6324e-17   2.6324e-17
  0.00424  2.64638e-17  2.64638e-17
  0.00456  2.79393e-17  2.79393e-17
  0.00619   3.5066e-17   3.5066e-17
  0.00653  3.64838e-17  3.64838e-17
  0.00686  3.78406e-17  3.78406e-17
  0.00719  3.91794e-17  3.91794e-17
   0.0076  4.08195e-17  4.08195e-17
  0.06842  2.01183e-16  2.01183e-16
  0.13289  3.22044e-16  3.22044e-16
  0.26711  5.25212e-16  5.25212e-16
      0.3  5.69405e-16  5.69405e-16
  0.53158  8.45738e-16  8.45738e-16
  0.77763  1.09777e-15  1.09777e-15
        1  1.30307e-15  1.30307e-15
    O-O  1.79233e-13  1.79233e-13

   Temperature = 425 K

   P(atm)       P0->W1         P0->
  0.00403   2.0077e-17   2.0077e-17
  0.00417  2.06533e-17  2.06533e-17
  0.00421  2.08173e-17  2.08173e-17
  0.00424  2.09401e-17  2.09401e-17
  0.00456  2.22405e-17  2.22405e-17
  0.00619   2.8631e-17   2.8631e-17
  0.00653  2.99222e-17  2.99222e-17
  0.00686  3.11636e-17  3.11636e-17
  0.00719  3.23939e-17  3.23939e-17
   0.0076  3.39079e-17  3.39079e-17
  0.06842  2.02929e-16  2.02929e-16
  0.13289  3.45657e-16  3.45657e-16
  0.26711  6.02813e-16  6.02813e-16
      0.3  6.60976e-16  6.60976e-16
  0.53158   1.0388e-15   1.0388e-15
  0.77763  1.40091e-15  1.40091e-15
        1  1.70596e-15  1.70596e-15
    O-O   1.0931e-12   1.0931e-12

   Temperature = 637 K

   P(atm)       P0->W1         P0->
  0.00403   1.1661e-17   1.1661e-17
  0.00417  1.20223e-17  1.20223e-17
  0.00421  1.21253e-17  1.21253e-17
  0.00424  1.22024e-17  1.22024e-17
  0.00456  1.30217e-17  1.30217e-17
  0.00619   1.7103e-17   1.7103e-17
  0.00653  1.79377e-17  1.79377e-17
  0.00686  1.87431e-17  1.87431e-17
  0.00719   1.9544e-17   1.9544e-17
   0.0076  2.05332e-17  2.05332e-17
  0.06842  1.43352e-16  1.43352e-16
  0.13289  2.56553e-16  2.56553e-16
  0.26711  4.71965e-16  4.71965e-16
      0.3  5.22196e-16  5.22196e-16
  0.53158  8.58517e-16  8.58517e-16
  0.77763  1.19365e-15  1.19365e-15
        1  1.48356e-15  1.48356e-15
    O-O  5.23003e-12  5.23003e-12

   Temperature = 667 K

   P(atm)       P0->W1         P0->
  0.00403  1.07905e-17  1.07905e-17
  0.00417  1.11271e-17  1.11271e-17
  0.00421   1.1223e-17   1.1223e-17
  0.00424  1.12949e-17  1.12949e-17
  0.00456  1.20584e-17  1.20584e-17
  0.00619  1.58669e-17  1.58669e-17
  0.00653  1.66466e-17  1.66466e-17
  0.00686  1.73992e-17  1.73992e-17
  0.00719  1.81479e-17  1.81479e-17
   0.0076  1.90728e-17  1.90728e-17
  0.06842  1.35042e-16  1.35042e-16
  0.13289  2.42775e-16  2.42775e-16
  0.26711  4.48805e-16  4.48805e-16
      0.3   4.9698e-16   4.9698e-16
  0.53158  8.20434e-16  8.20434e-16
  0.77763  1.14389e-15  1.14389e-15
        1  1.42437e-15  1.42437e-15
    O-O   6.0874e-12   6.0874e-12

   Temperature = 701 K

   P(atm)       P0->W1         P0->
  0.00403  9.88535e-18  9.88535e-18
  0.00417  1.01958e-17  1.01958e-17
  0.00421  1.02843e-17  1.02843e-17
  0.00424  1.03506e-17  1.03506e-17
  0.00456  1.10553e-17  1.10553e-17
  0.00619  1.45742e-17  1.45742e-17
  0.00653  1.52955e-17  1.52955e-17
  0.00686   1.5992e-17   1.5992e-17
  0.00719   1.6685e-17   1.6685e-17
   0.0076  1.75415e-17  1.75415e-17
  0.06842  1.26011e-16  1.26011e-16
  0.13289  2.27591e-16  2.27591e-16
  0.26711  4.22842e-16  4.22842e-16
      0.3  4.68626e-16  4.68626e-16
  0.53158  7.76898e-16  7.76898e-16
  0.77763  1.08629e-15  1.08629e-15
        1  1.35524e-15  1.35524e-15
    O-O  7.13555e-12  7.13555e-12

   Temperature = 737 K

   P(atm)       P0->W1         P0->
  0.00403  9.02237e-18  9.02237e-18
  0.00417  9.30759e-18  9.30759e-18
  0.00421  9.38891e-18  9.38891e-18
  0.00424  9.44986e-18  9.44986e-18
  0.00456  1.00975e-17  1.00975e-17
  0.00619  1.33358e-17  1.33358e-17
  0.00653  1.40003e-17  1.40003e-17
  0.00686  1.46421e-17  1.46421e-17
  0.00719  1.52809e-17  1.52809e-17
   0.0076  1.60707e-17  1.60707e-17
  0.06842   1.1707e-16   1.1707e-16
  0.13289  2.12395e-16  2.12395e-16
  0.26711  3.96539e-16  3.96539e-16
      0.3  4.39838e-16  4.39838e-16
  0.53158  7.32179e-16  7.32179e-16
  0.77763  1.02662e-15  1.02662e-15
        1  1.28319e-15  1.28319e-15
    O-O  8.33086e-12  8.33086e-12

   Temperature = 780 K

   P(atm)       P0->W1         P0->
  0.00403  8.09748e-18  8.09749e-18
  0.00417  8.35527e-18  8.35527e-18
  0.00421  8.42879e-18  8.42878e-18
  0.00424  8.48388e-18  8.48387e-18
  0.00456  9.06949e-18  9.06949e-18
  0.00619  1.20016e-17  1.20016e-17
  0.00653   1.2604e-17   1.2604e-17
  0.00686   1.3186e-17   1.3186e-17
  0.00719  1.37655e-17  1.37655e-17
   0.0076  1.44822e-17  1.44822e-17
  0.06842  1.07106e-16  1.07106e-16
  0.13289  1.95264e-16  1.95264e-16
  0.26711  3.66467e-16  3.66467e-16
      0.3  4.06842e-16  4.06842e-16
  0.53158  6.80243e-16  6.80243e-16
  0.77763  9.56649e-16  9.56649e-16
        1  1.19812e-15  1.19812e-15
    O-O  9.86897e-12  9.86897e-12

   Temperature = 835 K

   P(atm)       P0->W1         P0->
  0.00403  7.06313e-18  7.06314e-18
  0.00417  7.28978e-18  7.28978e-18
  0.00421  7.35443e-18  7.35443e-18
  0.00424  7.40288e-18  7.40288e-18
  0.00456  7.91804e-18  7.91804e-18
  0.00619  1.05012e-17  1.05012e-17
  0.00653  1.10326e-17  1.10326e-17
  0.00686  1.15463e-17  1.15463e-17
  0.00719  1.20579e-17  1.20579e-17
   0.0076  1.26909e-17  1.26909e-17
  0.06842  9.54696e-17  9.54696e-17
  0.13289  1.75002e-16  1.75002e-16
  0.26711  3.30388e-16  3.30388e-16
      0.3  3.67154e-16  3.67154e-16
  0.53158  6.16959e-16  6.16959e-16
  0.77763  8.70594e-16  8.70594e-16
        1  1.09282e-15  1.09282e-15
    O-O  1.20021e-11  1.20021e-11

   Temperature = 900 K

   P(atm)       P0->W1         P0->
  0.00403  6.02795e-18  6.02795e-18
  0.00417  6.22295e-18  6.22295e-18
  0.00421  6.27857e-18  6.27857e-18
  0.00424  6.32027e-18  6.32027e-18
  0.00456  6.76373e-18  6.76373e-18
  0.00619  8.99086e-18  8.99086e-18
  0.00653  9.44964e-18  9.44964e-18
  0.00686  9.89325e-18  9.89325e-18
  0.00719  1.03353e-17  1.03353e-17
   0.0076  1.08825e-17  1.08825e-17
  0.06842  8.33184e-17  8.33184e-17
  0.13289  1.53594e-16  1.53594e-16
  0.26711  2.91749e-16  2.91749e-16
      0.3   3.2455e-16   3.2455e-16
  0.53158  5.48187e-16  5.48187e-16
  0.77763  7.76256e-16  7.76256e-16
        1  9.76684e-16  9.76684e-16
    O-O  1.47468e-11  1.47468e-11

   Temperature = 1000 K

   P(atm)       P0->W1         P0->
  0.00403  4.84317e-18  4.84317e-18
  0.00417  5.00134e-18  5.00135e-18
  0.00421  5.04648e-18  5.04648e-18
  0.00424  5.08031e-18  5.08031e-18
  0.00456  5.44028e-18  5.44028e-18
  0.00619  7.25145e-18  7.25144e-18
  0.00653  7.62515e-18  7.62515e-18
  0.00686  7.98668e-18  7.98668e-18
  0.00719   8.3471e-18   8.3471e-18
   0.0076  8.79344e-18  8.79344e-18
  0.06842   6.8763e-17   6.8763e-17
  0.13289  1.27628e-16  1.27628e-16
  0.26711   2.4422e-16   2.4422e-16
      0.3  2.72016e-16  2.72016e-16
  0.53158  4.62327e-16  4.62327e-16
  0.77763  6.57448e-16  6.57448e-16
        1  8.29547e-16  8.29547e-16
    O-O   1.9398e-11   1.9398e-11

   Temperature = 1100 K

   P(atm)       P0->W1         P0->
  0.00403  3.96417e-18  3.96417e-18
  0.00417  4.09462e-18  4.09462e-18
  0.00421  4.13184e-18  4.13184e-18
  0.00424  4.15975e-18  4.15975e-18
  0.00456  4.45677e-18  4.45677e-18
  0.00619  5.95341e-18  5.95341e-18
  0.00653  6.26262e-18  6.26261e-18
  0.00686  6.56186e-18  6.56186e-18
  0.00719  6.86031e-18  6.86031e-18
   0.0076  7.23003e-18  7.23003e-18
  0.06842  5.74914e-17  5.74914e-17
  0.13289  1.07284e-16  1.07284e-16
  0.26711  2.06494e-16  2.06494e-16
      0.3  2.30224e-16  2.30224e-16
  0.53158  3.93233e-16  3.93233e-16
  0.77763  5.61074e-16  5.61074e-16
        1  7.09541e-16  7.09541e-16
    O-O  2.45088e-11  2.45088e-11

   Temperature = 1200 K

   P(atm)       P0->W1         P0->
  0.00403  3.29487e-18  3.29487e-18
  0.00417  3.40396e-18  3.40396e-18
  0.00421  3.43509e-18  3.43509e-18
  0.00424  3.45843e-18  3.45843e-18
  0.00456  3.70692e-18  3.70692e-18
  0.00619  4.96047e-18  4.96047e-18
  0.00653  5.21972e-18  5.21972e-18
  0.00686  5.47071e-18  5.47071e-18
  0.00719  5.72109e-18  5.72109e-18
   0.0076  6.03138e-18  6.03138e-18
  0.06842  4.86168e-17  4.86168e-17
  0.13289  9.11236e-17  9.11236e-17
  0.26711  1.76227e-16  1.76227e-16
      0.3  1.96637e-16  1.96637e-16
  0.53158  3.37223e-16  3.37223e-16
  0.77763  4.82474e-16  4.82474e-16
        1  6.11261e-16  6.11261e-16
    O-O  3.00193e-11  3.00193e-11

______________________________________________________________________________________

Temperature-Species Rate Tables:

   Pressure = 0.00403 atm

   T(K)       W1->P0         W1->      Capture
    298   6.6351e-05   6.6351e-05     0.465209
    425     0.115375     0.115375      6267.86
    637      29.4057      29.4057  1.31534e+07
    667      47.2385      47.2385  2.65722e+07
    701      76.4149      76.4151   5.4975e+07
    737      120.281      120.281  1.10649e+08
    780      193.844      193.844  2.35208e+08
    835      327.452      327.454  5.53382e+08
    900      550.106      550.106   1.3358e+09
   1000      1059.78      1059.78   4.1761e+09
   1100      1782.23      1782.24  1.06859e+10
   1200      2715.19      2715.19   2.3499e+10

   Pressure = 0.00417 atm

   T(K)       W1->P0         W1->      Capture
    298  6.80624e-05  6.80624e-05     0.465209
    425     0.118685     0.118685      6267.86
    637      30.3165      30.3165  1.31534e+07
    667      48.7114      48.7114  2.65722e+07
    701      78.8139      78.8137   5.4975e+07
    737      124.082      124.082  1.10649e+08
    780      200.013      200.013  2.35208e+08
    835      337.955      337.955  5.53382e+08
    900      567.891      567.889   1.3358e+09
   1000      1094.36      1094.36   4.1761e+09
   1100      1840.78      1840.78  1.06859e+10
   1200      2804.86      2804.86   2.3499e+10

   Pressure = 0.00421 atm

   T(K)       W1->P0         W1->      Capture
    298  6.85485e-05  6.85485e-05     0.465209
    425     0.119627     0.119627      6267.86
    637      30.5761      30.5761  1.31534e+07
    667      49.1313      49.1313  2.65722e+07
    701      79.4979      79.4977   5.4975e+07
    737      125.165      125.166  1.10649e+08
    780      201.772      201.771  2.35208e+08
    835      340.951       340.95  5.53382e+08
    900      572.964      572.966   1.3358e+09
   1000      1104.22      1104.23   4.1761e+09
   1100      1857.49      1857.49  1.06859e+10
   1200      2830.45      2830.45   2.3499e+10

   Pressure = 0.00424 atm

   T(K)       W1->P0         W1->      Capture
    298  6.89122e-05  6.89122e-05     0.465209
    425     0.120333     0.120333      6267.86
    637      30.7706      30.7706  1.31534e+07
    667      49.4459      49.4459  2.65722e+07
    701      80.0103      80.0102   5.4975e+07
    737      125.978      125.977  1.10649e+08
    780       203.09      203.091  2.35208e+08
    835      343.196      343.195  5.53382e+08
    900      576.767      576.768   1.3358e+09
   1000      1111.62      1111.62   4.1761e+09
   1100      1870.01      1870.01  1.06859e+10
   1200      2849.63      2849.63   2.3499e+10

   Pressure = 0.00456 atm

   T(K)       W1->P0         W1->      Capture
    298  7.27501e-05  7.27501e-05     0.465209
    425     0.127802     0.127802      6267.86
    637      32.8358      32.8358  1.31534e+07
    667      52.7874      52.7874  2.65722e+07
    701      85.4551      85.4551   5.4975e+07
    737      134.608      134.608  1.10649e+08
    780      217.103      217.103  2.35208e+08
    835      367.067      367.067  5.53382e+08
    900      617.212      617.213   1.3358e+09
   1000       1190.3       1190.3   4.1761e+09
   1100       2003.3       2003.3  1.06859e+10
   1200      3053.85      3053.84   2.3499e+10

   Pressure = 0.00619 atm

   T(K)       W1->P0         W1->      Capture
    298  9.12851e-05  9.12851e-05     0.465209
    425     0.164506     0.164506      6267.86
    637      43.1236      43.1236  1.31534e+07
    667       69.453       69.453  2.65722e+07
    701      112.645      112.645   5.4975e+07
    737      177.759       177.76  1.10649e+08
    780      287.259      287.259  2.35208e+08
    835      486.758      486.759  5.53382e+08
    900      820.315      820.315   1.3358e+09
   1000      1586.09      1586.09   4.1761e+09
   1100      2674.72      2674.72  1.06859e+10
   1200      4083.58      4083.58   2.3499e+10

   Pressure = 0.00653 atm

   T(K)       W1->P0         W1->      Capture
    298   9.4972e-05   9.4972e-05     0.465209
    425     0.171922     0.171922      6267.86
    637      45.2276      45.2275  1.31534e+07
    667       72.865      72.8649  2.65722e+07
    701      118.218      118.218   5.4975e+07
    737      186.614      186.613  1.10649e+08
    780       301.67      301.672  2.35208e+08
    835      511.378      511.378  5.53382e+08
    900      862.149      862.148   1.3358e+09
   1000      1667.75      1667.74   4.1761e+09
   1100       2813.4      2813.39  1.06859e+10
   1200      4296.46      4296.46   2.3499e+10

   Pressure = 0.00686 atm

   T(K)       W1->P0         W1->      Capture
    298  9.85002e-05  9.85002e-05     0.465209
    425     0.179051     0.179051      6267.86
    637      47.2576      47.2576  1.31534e+07
    667      76.1581      76.1583  2.65722e+07
    701      123.599      123.599   5.4975e+07
    737      195.165      195.165  1.10649e+08
    780      315.595      315.595  2.35208e+08
    835      535.174      535.174  5.53382e+08
    900        902.6      902.601   1.3358e+09
   1000      1746.73      1746.73   4.1761e+09
   1100      2947.59      2947.59  1.06859e+10
   1200      4502.52      4502.52   2.3499e+10

   Pressure = 0.00719 atm

   T(K)       W1->P0         W1->      Capture
    298  0.000101982  0.000101982     0.465209
    425     0.186117     0.186117      6267.86
    637      49.2763      49.2763  1.31534e+07
    667      79.4341      79.4341  2.65722e+07
    701      128.953      128.953   5.4975e+07
    737      203.677      203.677  1.10649e+08
    780      329.459      329.459  2.35208e+08
    835      558.877      558.876  5.53382e+08
    900      942.907      942.907   1.3358e+09
   1000      1825.48      1825.48   4.1761e+09
   1100      3081.42      3081.42  1.06859e+10
   1200      4708.07      4708.07   2.3499e+10

   Pressure = 0.0076 atm

   T(K)       W1->P0         W1->      Capture
    298  0.000106246  0.000106246     0.465209
    425     0.194812     0.194812      6267.86
    637      51.7696      51.7696  1.31534e+07
    667      83.4814      83.4813  2.65722e+07
    701       135.57       135.57   5.4975e+07
    737        214.2        214.2  1.10649e+08
    780      346.605      346.606  2.35208e+08
    835      588.202      588.202  5.53382e+08
    900      992.796      992.796   1.3358e+09
   1000      1922.98      1922.99   4.1761e+09
   1100       3247.2       3247.2  1.06859e+10
   1200      4962.75      4962.75   2.3499e+10

   Pressure = 0.06842 atm

   T(K)       W1->P0         W1->      Capture
    298  0.000522978  0.000522978     0.465209
    425      1.16511      1.16511      6267.86
    637      361.222      361.222  1.31534e+07
    667      590.729      590.729  2.65722e+07
    701       973.26       973.26   5.4975e+07
    737      1559.31      1559.31  1.10649e+08
    780      2561.43      2561.43  2.35208e+08
    835      4420.95      4420.95  5.53382e+08
    900      7592.68      7592.68   1.3358e+09
   1000      15005.6      15005.6   4.1761e+09
   1100      25730.4      25730.4  1.06859e+10
   1200      39794.1      39794.1   2.3499e+10

   Pressure = 0.13289 atm

   T(K)       W1->P0         W1->      Capture
    298  0.000836932  0.000836932     0.465209
    425      1.98427      1.98427      6267.86
    637      646.367      646.367  1.31534e+07
    667      1061.82      1061.82  2.65722e+07
    701       1757.5       1757.5   5.4975e+07
    737      2828.45      2828.45  1.10649e+08
    780      4668.69      4668.69  2.35208e+08
    835      8101.86      8101.86  5.53382e+08
    900      13992.4      13992.4   1.3358e+09
   1000      27834.1      27834.1   4.1761e+09
   1100      47965.2      47965.2  1.06859e+10
   1200        74470        74470   2.3499e+10

   Pressure = 0.26711 atm

   T(K)       W1->P0         W1->      Capture
    298    0.0013646    0.0013646     0.465209
    425      3.45995      3.45995      6267.86
    637       1188.9       1188.9  1.31534e+07
    667      1962.62      1962.62  2.65722e+07
    701      3264.69      3264.69   5.4975e+07
    737      5279.66      5279.66  1.10649e+08
    780       8760.2       8760.2  2.35208e+08
    835      15291.6      15291.6  5.53382e+08
    900      26569.5      26569.5   1.3358e+09
   1000      53227.2      53227.2   4.1761e+09
   1100      92220.2      92220.2  1.06859e+10
   1200       143784       143784   2.3499e+10

   Pressure = 0.3 atm

   T(K)       W1->P0         W1->      Capture
    298   0.00147937   0.00147937     0.465209
    425       3.7937       3.7937      6267.86
    637       1315.4       1315.4  1.31534e+07
    667      2173.23      2173.23  2.65722e+07
    701      3618.07      3618.07   5.4975e+07
    737      5855.97      5855.97  1.10649e+08
    780      9724.97      9724.97  2.35208e+08
    835      16992.6      16992.6  5.53382e+08
    900      29555.1      29555.1   1.3358e+09
   1000      59279.2      59279.2   4.1761e+09
   1100       102800       102800  1.06859e+10
   1200       160393       160393   2.3499e+10

   Pressure = 0.53158 atm

   T(K)       W1->P0         W1->      Capture
    298   0.00219695   0.00219695     0.465209
    425       5.9616       5.9616      6267.86
    637      2162.34      2162.34  1.31534e+07
    667      3587.21      3587.21  2.65722e+07
    701      5997.28      5997.28   5.4975e+07
    737      9746.72      9746.72  1.10649e+08
    780      16257.5      16257.5  2.35208e+08
    835      28548.2      28548.2  5.53382e+08
    900      49907.7      49907.7   1.3358e+09
   1000       100701       100701   4.1761e+09
   1100       175433       175433  1.06859e+10
   1200       274699       274699   2.3499e+10

   Pressure = 0.77763 atm

   T(K)       W1->P0         W1->      Capture
    298   0.00285139   0.00285139     0.465209
    425      8.03914      8.03914      6267.86
    637       3006.2       3006.2  1.31534e+07
    667      5001.05      5001.05  2.65722e+07
    701       8384.9       8384.9   5.4975e+07
    737        13665        13665  1.10649e+08
    780      22860.9      22860.9  2.35208e+08
    835      40279.3      40279.3  5.53382e+08
    900      70659.5      70659.5   1.3358e+09
   1000       143153       143153   4.1761e+09
   1100       250167       250167  1.06859e+10
   1200       392673       392673   2.3499e+10

   Pressure = 1 atm

   T(K)       W1->P0         W1->      Capture
    298   0.00338445   0.00338445     0.465209
    425      9.78928      9.78928      6267.86
    637      3736.16      3736.16  1.31534e+07
    667      6226.99      6226.99  2.65722e+07
    701      10460.3      10460.3   5.4975e+07
    737      17079.1      17079.1  1.10649e+08
    780      28629.3      28629.3  2.35208e+08
    835      50556.6      50556.6  5.53382e+08
    900      88893.9      88893.9   1.3358e+09
   1000       180585       180585   4.1761e+09
   1100       316244       316244  1.06859e+10
   1200       497199       497199   2.3499e+10

   Pressure = 0.00403 atm

   T(K)       P0->W1         P0->      Capture
    298  2.54792e-17  2.54792e-17  1.79233e-13
    425   2.0077e-17   2.0077e-17   1.0931e-12
    637   1.1661e-17   1.1661e-17  5.23003e-12
    667  1.07905e-17  1.07905e-17   6.0874e-12
    701  9.88535e-18  9.88535e-18  7.13555e-12
    737  9.02237e-18  9.02237e-18  8.33086e-12
    780  8.09748e-18  8.09749e-18  9.86897e-12
    835  7.06313e-18  7.06314e-18  1.20021e-11
    900  6.02795e-18  6.02795e-18  1.47468e-11
   1000  4.84317e-18  4.84317e-18   1.9398e-11
   1100  3.96417e-18  3.96417e-18  2.45088e-11
   1200  3.29487e-18  3.29487e-18  3.00193e-11

   Pressure = 0.00417 atm

   T(K)       P0->W1         P0->      Capture
    298  2.61371e-17  2.61371e-17  1.79233e-13
    425  2.06533e-17  2.06533e-17   1.0931e-12
    637  1.20223e-17  1.20223e-17  5.23003e-12
    667  1.11271e-17  1.11271e-17   6.0874e-12
    701  1.01958e-17  1.01958e-17  7.13555e-12
    737  9.30759e-18  9.30759e-18  8.33086e-12
    780  8.35527e-18  8.35527e-18  9.86897e-12
    835  7.28978e-18  7.28978e-18  1.20021e-11
    900  6.22295e-18  6.22295e-18  1.47468e-11
   1000  5.00134e-18  5.00135e-18   1.9398e-11
   1100  4.09462e-18  4.09462e-18  2.45088e-11
   1200  3.40396e-18  3.40396e-18  3.00193e-11

   Pressure = 0.00421 atm

   T(K)       P0->W1         P0->      Capture
    298   2.6324e-17   2.6324e-17  1.79233e-13
    425  2.08173e-17  2.08173e-17   1.0931e-12
    637  1.21253e-17  1.21253e-17  5.23003e-12
    667   1.1223e-17   1.1223e-17   6.0874e-12
    701  1.02843e-17  1.02843e-17  7.13555e-12
    737  9.38891e-18  9.38891e-18  8.33086e-12
    780  8.42879e-18  8.42878e-18  9.86897e-12
    835  7.35443e-18  7.35443e-18  1.20021e-11
    900  6.27857e-18  6.27857e-18  1.47468e-11
   1000  5.04648e-18  5.04648e-18   1.9398e-11
   1100  4.13184e-18  4.13184e-18  2.45088e-11
   1200  3.43509e-18  3.43509e-18  3.00193e-11

   Pressure = 0.00424 atm

   T(K)       P0->W1         P0->      Capture
    298  2.64638e-17  2.64638e-17  1.79233e-13
    425  2.09401e-17  2.09401e-17   1.0931e-12
    637  1.22024e-17  1.22024e-17  5.23003e-12
    667  1.12949e-17  1.12949e-17   6.0874e-12
    701  1.03506e-17  1.03506e-17  7.13555e-12
    737  9.44986e-18  9.44986e-18  8.33086e-12
    780  8.48388e-18  8.48387e-18  9.86897e-12
    835  7.40288e-18  7.40288e-18  1.20021e-11
    900  6.32027e-18  6.32027e-18  1.47468e-11
   1000  5.08031e-18  5.08031e-18   1.9398e-11
   1100  4.15975e-18  4.15975e-18  2.45088e-11
   1200  3.45843e-18  3.45843e-18  3.00193e-11

   Pressure = 0.00456 atm

   T(K)       P0->W1         P0->      Capture
    298  2.79393e-17  2.79393e-17  1.79233e-13
    425  2.22405e-17  2.22405e-17   1.0931e-12
    637  1.30217e-17  1.30217e-17  5.23003e-12
    667  1.20584e-17  1.20584e-17   6.0874e-12
    701  1.10553e-17  1.10553e-17  7.13555e-12
    737  1.00975e-17  1.00975e-17  8.33086e-12
    780  9.06949e-18  9.06949e-18  9.86897e-12
    835  7.91804e-18  7.91804e-18  1.20021e-11
    900  6.76373e-18  6.76373e-18  1.47468e-11
   1000  5.44028e-18  5.44028e-18   1.9398e-11
   1100  4.45677e-18  4.45677e-18  2.45088e-11
   1200  3.70692e-18  3.70692e-18  3.00193e-11

   Pressure = 0.00619 atm

   T(K)       P0->W1         P0->      Capture
    298   3.5066e-17   3.5066e-17  1.79233e-13
    425   2.8631e-17   2.8631e-17   1.0931e-12
    637   1.7103e-17   1.7103e-17  5.23003e-12
    667  1.58669e-17  1.58669e-17   6.0874e-12
    701  1.45742e-17  1.45742e-17  7.13555e-12
    737  1.33358e-17  1.33358e-17  8.33086e-12
    780  1.20016e-17  1.20016e-17  9.86897e-12
    835  1.05012e-17  1.05012e-17  1.20021e-11
    900  8.99086e-18  8.99086e-18  1.47468e-11
   1000  7.25145e-18  7.25144e-18   1.9398e-11
   1100  5.95341e-18  5.95341e-18  2.45088e-11
   1200  4.96047e-18  4.96047e-18  3.00193e-11

   Pressure = 0.00653 atm

   T(K)       P0->W1         P0->      Capture
    298  3.64838e-17  3.64838e-17  1.79233e-13
    425  2.99222e-17  2.99222e-17   1.0931e-12
    637  1.79377e-17  1.79377e-17  5.23003e-12
    667  1.66466e-17  1.66466e-17   6.0874e-12
    701  1.52955e-17  1.52955e-17  7.13555e-12
    737  1.40003e-17  1.40003e-17  8.33086e-12
    780   1.2604e-17   1.2604e-17  9.86897e-12
    835  1.10326e-17  1.10326e-17  1.20021e-11
    900  9.44964e-18  9.44964e-18  1.47468e-11
   1000  7.62515e-18  7.62515e-18   1.9398e-11
   1100  6.26262e-18  6.26261e-18  2.45088e-11
   1200  5.21972e-18  5.21972e-18  3.00193e-11

   Pressure = 0.00686 atm

   T(K)       P0->W1         P0->      Capture
    298  3.78406e-17  3.78406e-17  1.79233e-13
    425  3.11636e-17  3.11636e-17   1.0931e-12
    637  1.87431e-17  1.87431e-17  5.23003e-12
    667  1.73992e-17  1.73992e-17   6.0874e-12
    701   1.5992e-17   1.5992e-17  7.13555e-12
    737  1.46421e-17  1.46421e-17  8.33086e-12
    780   1.3186e-17   1.3186e-17  9.86897e-12
    835  1.15463e-17  1.15463e-17  1.20021e-11
    900  9.89325e-18  9.89325e-18  1.47468e-11
   1000  7.98668e-18  7.98668e-18   1.9398e-11
   1100  6.56186e-18  6.56186e-18  2.45088e-11
   1200  5.47071e-18  5.47071e-18  3.00193e-11

   Pressure = 0.00719 atm

   T(K)       P0->W1         P0->      Capture
    298  3.91794e-17  3.91794e-17  1.79233e-13
    425  3.23939e-17  3.23939e-17   1.0931e-12
    637   1.9544e-17   1.9544e-17  5.23003e-12
    667  1.81479e-17  1.81479e-17   6.0874e-12
    701   1.6685e-17   1.6685e-17  7.13555e-12
    737  1.52809e-17  1.52809e-17  8.33086e-12
    780  1.37655e-17  1.37655e-17  9.86897e-12
    835  1.20579e-17  1.20579e-17  1.20021e-11
    900  1.03353e-17  1.03353e-17  1.47468e-11
   1000   8.3471e-18   8.3471e-18   1.9398e-11
   1100  6.86031e-18  6.86031e-18  2.45088e-11
   1200  5.72109e-18  5.72109e-18  3.00193e-11

   Pressure = 0.0076 atm

   T(K)       P0->W1         P0->      Capture
    298  4.08195e-17  4.08195e-17  1.79233e-13
    425  3.39079e-17  3.39079e-17   1.0931e-12
    637  2.05332e-17  2.05332e-17  5.23003e-12
    667  1.90728e-17  1.90728e-17   6.0874e-12
    701  1.75415e-17  1.75415e-17  7.13555e-12
    737  1.60707e-17  1.60707e-17  8.33086e-12
    780  1.44822e-17  1.44822e-17  9.86897e-12
    835  1.26909e-17  1.26909e-17  1.20021e-11
    900  1.08825e-17  1.08825e-17  1.47468e-11
   1000  8.79344e-18  8.79344e-18   1.9398e-11
   1100  7.23003e-18  7.23003e-18  2.45088e-11
   1200  6.03138e-18  6.03138e-18  3.00193e-11

   Pressure = 0.06842 atm

   T(K)       P0->W1         P0->      Capture
    298  2.01183e-16  2.01183e-16  1.79233e-13
    425  2.02929e-16  2.02929e-16   1.0931e-12
    637  1.43352e-16  1.43352e-16  5.23003e-12
    667  1.35042e-16  1.35042e-16   6.0874e-12
    701  1.26011e-16  1.26011e-16  7.13555e-12
    737   1.1707e-16   1.1707e-16  8.33086e-12
    780  1.07106e-16  1.07106e-16  9.86897e-12
    835  9.54696e-17  9.54696e-17  1.20021e-11
    900  8.33184e-17  8.33184e-17  1.47468e-11
   1000   6.8763e-17   6.8763e-17   1.9398e-11
   1100  5.74914e-17  5.74914e-17  2.45088e-11
   1200  4.86168e-17  4.86168e-17  3.00193e-11

   Pressure = 0.13289 atm

   T(K)       P0->W1         P0->      Capture
    298  3.22044e-16  3.22044e-16  1.79233e-13
    425  3.45657e-16  3.45657e-16   1.0931e-12
    637  2.56553e-16  2.56553e-16  5.23003e-12
    667  2.42775e-16  2.42775e-16   6.0874e-12
    701  2.27591e-16  2.27591e-16  7.13555e-12
    737  2.12395e-16  2.12395e-16  8.33086e-12
    780  1.95264e-16  1.95264e-16  9.86897e-12
    835  1.75002e-16  1.75002e-16  1.20021e-11
    900  1.53594e-16  1.53594e-16  1.47468e-11
   1000  1.27628e-16  1.27628e-16   1.9398e-11
   1100  1.07284e-16  1.07284e-16  2.45088e-11
   1200  9.11236e-17  9.11236e-17  3.00193e-11

   Pressure = 0.26711 atm

   T(K)       P0->W1         P0->      Capture
    298  5.25212e-16  5.25212e-16  1.79233e-13
    425  6.02813e-16  6.02813e-16   1.0931e-12
    637  4.71965e-16  4.71965e-16  5.23003e-12
    667  4.48805e-16  4.48805e-16   6.0874e-12
    701  4.22842e-16  4.22842e-16  7.13555e-12
    737  3.96539e-16  3.96539e-16  8.33086e-12
    780  3.66467e-16  3.66467e-16  9.86897e-12
    835  3.30388e-16  3.30388e-16  1.20021e-11
    900  2.91749e-16  2.91749e-16  1.47468e-11
   1000   2.4422e-16   2.4422e-16   1.9398e-11
   1100  2.06494e-16  2.06494e-16  2.45088e-11
   1200  1.76227e-16  1.76227e-16  3.00193e-11

   Pressure = 0.3 atm

   T(K)       P0->W1         P0->      Capture
    298  5.69405e-16  5.69405e-16  1.79233e-13
    425  6.60976e-16  6.60976e-16   1.0931e-12
    637  5.22196e-16  5.22196e-16  5.23003e-12
    667   4.9698e-16   4.9698e-16   6.0874e-12
    701  4.68626e-16  4.68626e-16  7.13555e-12
    737  4.39838e-16  4.39838e-16  8.33086e-12
    780  4.06842e-16  4.06842e-16  9.86897e-12
    835  3.67154e-16  3.67154e-16  1.20021e-11
    900   3.2455e-16   3.2455e-16  1.47468e-11
   1000  2.72016e-16  2.72016e-16   1.9398e-11
   1100  2.30224e-16  2.30224e-16  2.45088e-11
   1200  1.96637e-16  1.96637e-16  3.00193e-11

   Pressure = 0.53158 atm

   T(K)       P0->W1         P0->      Capture
    298  8.45738e-16  8.45738e-16  1.79233e-13
    425   1.0388e-15   1.0388e-15   1.0931e-12
    637  8.58517e-16  8.58517e-16  5.23003e-12
    667  8.20434e-16  8.20434e-16   6.0874e-12
    701  7.76898e-16  7.76898e-16  7.13555e-12
    737  7.32179e-16  7.32179e-16  8.33086e-12
    780  6.80243e-16  6.80243e-16  9.86897e-12
    835  6.16959e-16  6.16959e-16  1.20021e-11
    900  5.48187e-16  5.48187e-16  1.47468e-11
   1000  4.62327e-16  4.62327e-16   1.9398e-11
   1100  3.93233e-16  3.93233e-16  2.45088e-11
   1200  3.37223e-16  3.37223e-16  3.00193e-11

   Pressure = 0.77763 atm

   T(K)       P0->W1         P0->      Capture
    298  1.09777e-15  1.09777e-15  1.79233e-13
    425  1.40091e-15  1.40091e-15   1.0931e-12
    637  1.19365e-15  1.19365e-15  5.23003e-12
    667  1.14389e-15  1.14389e-15   6.0874e-12
    701  1.08629e-15  1.08629e-15  7.13555e-12
    737  1.02662e-15  1.02662e-15  8.33086e-12
    780  9.56649e-16  9.56649e-16  9.86897e-12
    835  8.70594e-16  8.70594e-16  1.20021e-11
    900  7.76256e-16  7.76256e-16  1.47468e-11
   1000  6.57448e-16  6.57448e-16   1.9398e-11
   1100  5.61074e-16  5.61074e-16  2.45088e-11
   1200  4.82474e-16  4.82474e-16  3.00193e-11

   Pressure = 1 atm

   T(K)       P0->W1         P0->      Capture
    298  1.30307e-15  1.30307e-15  1.79233e-13
    425  1.70596e-15  1.70596e-15   1.0931e-12
    637  1.48356e-15  1.48356e-15  5.23003e-12
    667  1.42437e-15  1.42437e-15   6.0874e-12
    701  1.35524e-15  1.35524e-15  7.13555e-12
    737  1.28319e-15  1.28319e-15  8.33086e-12
    780  1.19812e-15  1.19812e-15  9.86897e-12
    835  1.09282e-15  1.09282e-15  1.20021e-11
    900  9.76684e-16  9.76684e-16  1.47468e-11
   1000  8.29547e-16  8.29547e-16   1.9398e-11
   1100  7.09541e-16  7.09541e-16  2.45088e-11
   1200  6.11261e-16  6.11261e-16  3.00193e-11

______________________________________________________________________________________

Temperature-Pressure Rate Tables:

W1->P0

P\T              298          425          637          667          701          737          780          835          900         1000         1100         1200
0.00403   6.6351e-05     0.115375      29.4057      47.2385      76.4149      120.281      193.844      327.452      550.106      1059.78      1782.23      2715.19
0.00417  6.80624e-05     0.118685      30.3165      48.7114      78.8139      124.082      200.013      337.955      567.891      1094.36      1840.78      2804.86
0.00421  6.85485e-05     0.119627      30.5761      49.1313      79.4979      125.165      201.772      340.951      572.964      1104.22      1857.49      2830.45
0.00424  6.89122e-05     0.120333      30.7706      49.4459      80.0103      125.978       203.09      343.196      576.767      1111.62      1870.01      2849.63
0.00456  7.27501e-05     0.127802      32.8358      52.7874      85.4551      134.608      217.103      367.067      617.212       1190.3       2003.3      3053.85
0.00619  9.12851e-05     0.164506      43.1236       69.453      112.645      177.759      287.259      486.758      820.315      1586.09      2674.72      4083.58
0.00653   9.4972e-05     0.171922      45.2276       72.865      118.218      186.614       301.67      511.378      862.149      1667.75       2813.4      4296.46
0.00686  9.85002e-05     0.179051      47.2576      76.1581      123.599      195.165      315.595      535.174        902.6      1746.73      2947.59      4502.52
0.00719  0.000101982     0.186117      49.2763      79.4341      128.953      203.677      329.459      558.877      942.907      1825.48      3081.42      4708.07
0.0076   0.000106246     0.194812      51.7696      83.4814       135.57        214.2      346.605      588.202      992.796      1922.98       3247.2      4962.75
0.06842  0.000522978      1.16511      361.222      590.729       973.26      1559.31      2561.43      4420.95      7592.68      15005.6      25730.4      39794.1
0.13289  0.000836932      1.98427      646.367      1061.82       1757.5      2828.45      4668.69      8101.86      13992.4      27834.1      47965.2        74470
0.26711    0.0013646      3.45995       1188.9      1962.62      3264.69      5279.66       8760.2      15291.6      26569.5      53227.2      92220.2       143784
0.3       0.00147937       3.7937       1315.4      2173.23      3618.07      5855.97      9724.97      16992.6      29555.1      59279.2       102800       160393
0.53158   0.00219695       5.9616      2162.34      3587.21      5997.28      9746.72      16257.5      28548.2      49907.7       100701       175433       274699
0.77763   0.00285139      8.03914       3006.2      5001.05       8384.9        13665      22860.9      40279.3      70659.5       143153       250167       392673
1         0.00338445      9.78928      3736.16      6226.99      10460.3      17079.1      28629.3      50556.6      88893.9       180585       316244       497199
O-O         0.465209      6267.86  1.31534e+07  2.65722e+07   5.4975e+07  1.10649e+08  2.35208e+08  5.53382e+08   1.3358e+09   4.1761e+09  1.06859e+10   2.3499e+10

P0->W1

P\T              298          425          637          667          701          737          780          835          900         1000         1100         1200
0.00403  2.54792e-17   2.0077e-17   1.1661e-17  1.07905e-17  9.88535e-18  9.02237e-18  8.09748e-18  7.06313e-18  6.02795e-18  4.84317e-18  3.96417e-18  3.29487e-18
0.00417  2.61371e-17  2.06533e-17  1.20223e-17  1.11271e-17  1.01958e-17  9.30759e-18  8.35527e-18  7.28978e-18  6.22295e-18  5.00134e-18  4.09462e-18  3.40396e-18
0.00421   2.6324e-17  2.08173e-17  1.21253e-17   1.1223e-17  1.02843e-17  9.38891e-18  8.42879e-18  7.35443e-18  6.27857e-18  5.04648e-18  4.13184e-18  3.43509e-18
0.00424  2.64638e-17  2.09401e-17  1.22024e-17  1.12949e-17  1.03506e-17  9.44986e-18  8.48388e-18  7.40288e-18  6.32027e-18  5.08031e-18  4.15975e-18  3.45843e-18
0.00456  2.79393e-17  2.22405e-17  1.30217e-17  1.20584e-17  1.10553e-17  1.00975e-17  9.06949e-18  7.91804e-18  6.76373e-18  5.44028e-18  4.45677e-18  3.70692e-18
0.00619   3.5066e-17   2.8631e-17   1.7103e-17  1.58669e-17  1.45742e-17  1.33358e-17  1.20016e-17  1.05012e-17  8.99086e-18  7.25145e-18  5.95341e-18  4.96047e-18
0.00653  3.64838e-17  2.99222e-17  1.79377e-17  1.66466e-17  1.52955e-17  1.40003e-17   1.2604e-17  1.10326e-17  9.44964e-18  7.62515e-18  6.26262e-18  5.21972e-18
0.00686  3.78406e-17  3.11636e-17  1.87431e-17  1.73992e-17   1.5992e-17  1.46421e-17   1.3186e-17  1.15463e-17  9.89325e-18  7.98668e-18  6.56186e-18  5.47071e-18
0.00719  3.91794e-17  3.23939e-17   1.9544e-17  1.81479e-17   1.6685e-17  1.52809e-17  1.37655e-17  1.20579e-17  1.03353e-17   8.3471e-18  6.86031e-18  5.72109e-18
0.0076   4.08195e-17  3.39079e-17  2.05332e-17  1.90728e-17  1.75415e-17  1.60707e-17  1.44822e-17  1.26909e-17  1.08825e-17  8.79344e-18  7.23003e-18  6.03138e-18
0.06842  2.01183e-16  2.02929e-16  1.43352e-16  1.35042e-16  1.26011e-16   1.1707e-16  1.07106e-16  9.54696e-17  8.33184e-17   6.8763e-17  5.74914e-17  4.86168e-17
0.13289  3.22044e-16  3.45657e-16  2.56553e-16  2.42775e-16  2.27591e-16  2.12395e-16  1.95264e-16  1.75002e-16  1.53594e-16  1.27628e-16  1.07284e-16  9.11236e-17
0.26711  5.25212e-16  6.02813e-16  4.71965e-16  4.48805e-16  4.22842e-16  3.96539e-16  3.66467e-16  3.30388e-16  2.91749e-16   2.4422e-16  2.06494e-16  1.76227e-16
0.3      5.69405e-16  6.60976e-16  5.22196e-16   4.9698e-16  4.68626e-16  4.39838e-16  4.06842e-16  3.67154e-16   3.2455e-16  2.72016e-16  2.30224e-16  1.96637e-16
0.53158  8.45738e-16   1.0388e-15  8.58517e-16  8.20434e-16  7.76898e-16  7.32179e-16  6.80243e-16  6.16959e-16  5.48187e-16  4.62327e-16  3.93233e-16  3.37223e-16
0.77763  1.09777e-15  1.40091e-15  1.19365e-15  1.14389e-15  1.08629e-15  1.02662e-15  9.56649e-16  8.70594e-16  7.76256e-16  6.57448e-16  5.61074e-16  4.82474e-16
1        1.30307e-15  1.70596e-15  1.48356e-15  1.42437e-15  1.35524e-15  1.28319e-15  1.19812e-15  1.09282e-15  9.76684e-16  8.29547e-16  7.09541e-16  6.11261e-16
O-O      1.79233e-13   1.0931e-12  5.23003e-12   6.0874e-12  7.13555e-12  8.33086e-12  9.86897e-12  1.20021e-11  1.47468e-11   1.9398e-11  2.45088e-11  3.00193e-11

W1-> 

P\T              298          425          637          667          701          737          780          835          900         1000         1100         1200
0.00403   6.6351e-05     0.115375      29.4057      47.2385      76.4151      120.281      193.844      327.454      550.106      1059.78      1782.24      2715.19
0.00417  6.80624e-05     0.118685      30.3165      48.7114      78.8137      124.082      200.013      337.955      567.889      1094.36      1840.78      2804.86
0.00421  6.85485e-05     0.119627      30.5761      49.1313      79.4977      125.166      201.771       340.95      572.966      1104.23      1857.49      2830.45
0.00424  6.89122e-05     0.120333      30.7706      49.4459      80.0102      125.977      203.091      343.195      576.768      1111.62      1870.01      2849.63
0.00456  7.27501e-05     0.127802      32.8358      52.7874      85.4551      134.608      217.103      367.067      617.213       1190.3       2003.3      3053.84
0.00619  9.12851e-05     0.164506      43.1236       69.453      112.645       177.76      287.259      486.759      820.315      1586.09      2674.72      4083.58
0.00653   9.4972e-05     0.171922      45.2275      72.8649      118.218      186.613      301.672      511.378      862.148      1667.74      2813.39      4296.46
0.00686  9.85002e-05     0.179051      47.2576      76.1583      123.599      195.165      315.595      535.174      902.601      1746.73      2947.59      4502.52
0.00719  0.000101982     0.186117      49.2763      79.4341      128.953      203.677      329.459      558.876      942.907      1825.48      3081.42      4708.07
0.0076   0.000106246     0.194812      51.7696      83.4813       135.57        214.2      346.606      588.202      992.796      1922.99       3247.2      4962.75
0.06842  0.000522978      1.16511      361.222      590.729       973.26      1559.31      2561.43      4420.95      7592.68      15005.6      25730.4      39794.1
0.13289  0.000836932      1.98427      646.367      1061.82       1757.5      2828.45      4668.69      8101.86      13992.4      27834.1      47965.2        74470
0.26711    0.0013646      3.45995       1188.9      1962.62      3264.69      5279.66       8760.2      15291.6      26569.5      53227.2      92220.2       143784
0.3       0.00147937       3.7937       1315.4      2173.23      3618.07      5855.97      9724.97      16992.6      29555.1      59279.2       102800       160393
0.53158   0.00219695       5.9616      2162.34      3587.21      5997.28      9746.72      16257.5      28548.2      49907.7       100701       175433       274699
0.77763   0.00285139      8.03914       3006.2      5001.05       8384.9        13665      22860.9      40279.3      70659.5       143153       250167       392673
1         0.00338445      9.78928      3736.16      6226.99      10460.3      17079.1      28629.3      50556.6      88893.9       180585       316244       497199
O-O         0.465209      6267.86  1.31534e+07  2.65722e+07   5.4975e+07  1.10649e+08  2.35208e+08  5.53382e+08   1.3358e+09   4.1761e+09  1.06859e+10   2.3499e+10

P0-> 

P\T              298          425          637          667          701          737          780          835          900         1000         1100         1200
0.00403  2.54792e-17   2.0077e-17   1.1661e-17  1.07905e-17  9.88535e-18  9.02237e-18  8.09749e-18  7.06314e-18  6.02795e-18  4.84317e-18  3.96417e-18  3.29487e-18
0.00417  2.61371e-17  2.06533e-17  1.20223e-17  1.11271e-17  1.01958e-17  9.30759e-18  8.35527e-18  7.28978e-18  6.22295e-18  5.00135e-18  4.09462e-18  3.40396e-18
0.00421   2.6324e-17  2.08173e-17  1.21253e-17   1.1223e-17  1.02843e-17  9.38891e-18  8.42878e-18  7.35443e-18  6.27857e-18  5.04648e-18  4.13184e-18  3.43509e-18
0.00424  2.64638e-17  2.09401e-17  1.22024e-17  1.12949e-17  1.03506e-17  9.44986e-18  8.48387e-18  7.40288e-18  6.32027e-18  5.08031e-18  4.15975e-18  3.45843e-18
0.00456  2.79393e-17  2.22405e-17  1.30217e-17  1.20584e-17  1.10553e-17  1.00975e-17  9.06949e-18  7.91804e-18  6.76373e-18  5.44028e-18  4.45677e-18  3.70692e-18
0.00619   3.5066e-17   2.8631e-17   1.7103e-17  1.58669e-17  1.45742e-17  1.33358e-17  1.20016e-17  1.05012e-17  8.99086e-18  7.25144e-18  5.95341e-18  4.96047e-18
0.00653  3.64838e-17  2.99222e-17  1.79377e-17  1.66466e-17  1.52955e-17  1.40003e-17   1.2604e-17  1.10326e-17  9.44964e-18  7.62515e-18  6.26261e-18  5.21972e-18
0.00686  3.78406e-17  3.11636e-17  1.87431e-17  1.73992e-17   1.5992e-17  1.46421e-17   1.3186e-17  1.15463e-17  9.89325e-18  7.98668e-18  6.56186e-18  5.47071e-18
0.00719  3.91794e-17  3.23939e-17   1.9544e-17  1.81479e-17   1.6685e-17  1.52809e-17  1.37655e-17  1.20579e-17  1.03353e-17   8.3471e-18  6.86031e-18  5.72109e-18
0.0076   4.08195e-17  3.39079e-17  2.05332e-17  1.90728e-17  1.75415e-17  1.60707e-17  1.44822e-17  1.26909e-17  1.08825e-17  8.79344e-18  7.23003e-18  6.03138e-18
0.06842  2.01183e-16  2.02929e-16  1.43352e-16  1.35042e-16  1.26011e-16   1.1707e-16  1.07106e-16  9.54696e-17  8.33184e-17   6.8763e-17  5.74914e-17  4.86168e-17
0.13289  3.22044e-16  3.45657e-16  2.56553e-16  2.42775e-16  2.27591e-16  2.12395e-16  1.95264e-16  1.75002e-16  1.53594e-16  1.27628e-16  1.07284e-16  9.11236e-17
0.26711  5.25212e-16  6.02813e-16  4.71965e-16  4.48805e-16  4.22842e-16  3.96539e-16  3.66467e-16  3.30388e-16  2.91749e-16   2.4422e-16  2.06494e-16  1.76227e-16
0.3      5.69405e-16  6.60976e-16  5.22196e-16   4.9698e-16  4.68626e-16  4.39838e-16  4.06842e-16  3.67154e-16   3.2455e-16  2.72016e-16  2.30224e-16  1.96637e-16
0.53158  8.45738e-16   1.0388e-15  8.58517e-16  8.20434e-16  7.76898e-16  7.32179e-16  6.80243e-16  6.16959e-16  5.48187e-16  4.62327e-16  3.93233e-16  3.37223e-16
0.77763  1.09777e-15  1.40091e-15  1.19365e-15  1.14389e-15  1.08629e-15  1.02662e-15  9.56649e-16  8.70594e-16  7.76256e-16  6.57448e-16  5.61074e-16  4.82474e-16
1        1.30307e-15  1.70596e-15  1.48356e-15  1.42437e-15  1.35524e-15  1.28319e-15  1.19812e-15  1.09282e-15  9.76684e-16  8.29547e-16  7.09541e-16  6.11261e-16
O-O      1.79233e-13   1.0931e-12  5.23003e-12   6.0874e-12  7.13555e-12  8.33086e-12  9.86897e-12  1.20021e-11  1.47468e-11   1.9398e-11  2.45088e-11  3.00193e-11

