Wells (G - ground energy, D - dissociation limit, kcal/mol):
      Name        G        D
        W1    -14.6      4.0

Bimolecular Products (G - ground energy, kcal/mol):
      Name        G
        P0      0.0

Well-to-Bimolecular Barriers (H/G - barrier height/well depth, kcal/mol)
      Name        H     Well        G  Product
        B1      4.0       W1    -14.6       P0

________________________________________________________________________________________

Unimolecular Rate Units: 1/sec;  Bimolecular Rate Units: cm^3/sec

______________________________________________________________________________________

Species-Species Rate Tables:

Temperature = 425 K

High Pressure Rate Coefficients:

From\To            W1           P0
W1                ***      8260.43
P0        1.43551e-12          ***

Temperature = 425 K    Pressure = 0.00343 atm

From\To            W1           P0
W1           0.201451     0.201451
P0          3.482e-17    3.482e-17

Temperature = 425 K    Pressure = 0.00365 atm

From\To            W1           P0
W1           0.211964     0.211964
P0        3.66393e-17  3.66393e-17

Temperature = 425 K    Pressure = 0.00383 atm

From\To            W1           P0
W1           0.220471     0.220471
P0        3.81116e-17  3.81116e-17

Temperature = 425 K    Pressure = 0.00424 atm

From\To            W1           P0
W1           0.239553     0.239553
P0        4.14143e-17  4.14143e-17

Temperature = 425 K    Pressure = 0.00428 atm

From\To            W1           P0
W1           0.241395     0.241395
P0         4.1733e-17   4.1733e-17

Temperature = 425 K    Pressure = 0.00431 atm

From\To            W1           P0
W1           0.242773     0.242773
P0        4.19716e-17  4.19716e-17

Temperature = 425 K    Pressure = 0.00627 atm

From\To            W1           P0
W1            0.32918      0.32918
P0          5.693e-17    5.693e-17

Temperature = 425 K    Pressure = 0.00651 atm

From\To            W1           P0
W1           0.339338     0.339338
P0        5.86888e-17  5.86888e-17

Temperature = 425 K    Pressure = 0.00656 atm

From\To            W1           P0
W1           0.341444     0.341444
P0        5.90535e-17  5.90535e-17

Temperature = 425 K    Pressure = 0.00682 atm

From\To            W1           P0
W1           0.352343     0.352343
P0        6.09406e-17  6.09406e-17

Temperature = 425 K    Pressure = 0.00711 atm

From\To            W1           P0
W1           0.364397     0.364397
P0        6.30278e-17  6.30278e-17

Temperature = 425 K    Pressure = 0.00741 atm

From\To            W1           P0
W1           0.376757     0.376757
P0        6.51681e-17  6.51681e-17

Temperature = 425 K    Pressure = 0.00752 atm

From\To            W1           P0
W1           0.381262     0.381262
P0        6.59483e-17  6.59483e-17

Temperature = 425 K    Pressure = 0.00856 atm

From\To            W1           P0
W1           0.423198     0.423198
P0        7.32105e-17  7.32105e-17

Temperature = 425 K    Pressure = 0.0101 atm

From\To            W1           P0
W1            0.48335      0.48335
P0        8.36287e-17  8.36287e-17

Temperature = 425 K    Pressure = 1.1 atm

From\To            W1           P0
W1            17.6377      17.6377
P0        3.06068e-15  3.06068e-15

Temperature = 425 K    Pressure = 1.5 atm

From\To            W1           P0
W1            22.1123      22.1123
P0        3.83761e-15  3.83761e-15

Temperature = 425 K    Pressure = 2 atm

From\To            W1           P0
W1            27.2356      27.2356
P0        4.72727e-15  4.72727e-15

Temperature = 425 K    Pressure = 2.7 atm

From\To            W1           P0
W1            33.8031      33.8031
P0        5.86777e-15  5.86777e-15

Temperature = 425 K    Pressure = 3.3 atm

From\To            W1           P0
W1            39.0255      39.0255
P0        6.77474e-15  6.77474e-15

Temperature = 425 K    Pressure = 4.3 atm

From\To            W1           P0
W1            47.1213      47.1213
P0        8.18083e-15  8.18083e-15

Temperature = 425 K    Pressure = 11.2 atm

From\To            W1           P0
W1            92.2693      92.2693
P0        1.60231e-14  1.60231e-14

Temperature = 425 K    Pressure = 14 atm

From\To            W1           P0
W1            107.663      107.663
P0        1.86972e-14  1.86972e-14

Temperature = 643 K

High Pressure Rate Coefficients:

From\To            W1           P0
W1                ***  2.16793e+07
P0        7.61002e-12          ***

Temperature = 643 K    Pressure = 0.00343 atm

From\To            W1           P0
W1            46.0471       46.047
P0        1.60934e-17  1.60934e-17

Temperature = 643 K    Pressure = 0.00365 atm

From\To            W1           P0
W1            48.6596      48.6595
P0         1.7007e-17   1.7007e-17

Temperature = 643 K    Pressure = 0.00383 atm

From\To            W1           P0
W1            50.7827      50.7826
P0        1.77494e-17  1.77494e-17

Temperature = 643 K    Pressure = 0.00424 atm

From\To            W1           P0
W1            55.5731      55.5731
P0        1.94248e-17  1.94248e-17

Temperature = 643 K    Pressure = 0.00428 atm

From\To            W1           P0
W1            56.0373      56.0373
P0        1.95871e-17  1.95871e-17

Temperature = 643 K    Pressure = 0.00431 atm

From\To            W1           P0
W1            56.3851      56.3851
P0        1.97088e-17  1.97087e-17

Temperature = 643 K    Pressure = 0.00627 atm

From\To            W1           P0
W1            78.5346      78.5346
P0        2.74559e-17  2.74559e-17

Temperature = 643 K    Pressure = 0.00651 atm

From\To            W1           P0
W1              81.18        81.18
P0        2.83812e-17  2.83812e-17

Temperature = 643 K    Pressure = 0.00656 atm

From\To            W1           P0
W1            81.7295      81.7295
P0        2.85734e-17  2.85734e-17

Temperature = 643 K    Pressure = 0.00682 atm

From\To            W1           P0
W1            84.5784      84.5783
P0        2.95699e-17  2.95699e-17

Temperature = 643 K    Pressure = 0.00711 atm

From\To            W1           P0
W1            87.7393      87.7394
P0        3.06757e-17  3.06757e-17

Temperature = 643 K    Pressure = 0.00741 atm

From\To            W1           P0
W1            90.9917      90.9918
P0        3.18135e-17  3.18135e-17

Temperature = 643 K    Pressure = 0.00752 atm

From\To            W1           P0
W1            92.1799        92.18
P0        3.22291e-17  3.22291e-17

Temperature = 643 K    Pressure = 0.00856 atm

From\To            W1           P0
W1            103.307      103.307
P0        3.61217e-17  3.61217e-17

Temperature = 643 K    Pressure = 0.0101 atm

From\To            W1           P0
W1            119.464      119.464
P0        4.17745e-17  4.17745e-17

Temperature = 643 K    Pressure = 1.1 atm

From\To            W1           P0
W1            6602.38      6602.38
P0        2.31317e-15  2.31317e-15

Temperature = 643 K    Pressure = 1.5 atm

From\To            W1           P0
W1             8544.3       8544.3
P0        2.99383e-15  2.99383e-15

Temperature = 643 K    Pressure = 2 atm

From\To            W1           P0
W1            10843.5      10843.5
P0        3.79979e-15  3.79979e-15

Temperature = 643 K    Pressure = 2.7 atm

From\To            W1           P0
W1            13891.5      13891.5
P0         4.8683e-15   4.8683e-15

Temperature = 643 K    Pressure = 3.3 atm

From\To            W1           P0
W1            16385.5      16385.5
P0        5.74266e-15  5.74266e-15

Temperature = 643 K    Pressure = 4.3 atm

From\To            W1           P0
W1            20359.5      20359.5
P0        7.13598e-15  7.13598e-15

Temperature = 643 K    Pressure = 11.2 atm

From\To            W1           P0
W1            44361.5      44361.5
P0        1.55526e-14  1.55526e-14

Temperature = 643 K    Pressure = 14 atm

From\To            W1           P0
W1            53108.1      53108.1
P0        1.86202e-14  1.86202e-14

Temperature = 673 K

High Pressure Rate Coefficients:

From\To            W1           P0
W1                ***   4.3644e+07
P0        8.90555e-12          ***

Temperature = 673 K    Pressure = 0.00343 atm

From\To            W1           P0
W1            72.0002      72.0002
P0        1.46242e-17  1.46242e-17

Temperature = 673 K    Pressure = 0.00365 atm

From\To            W1           P0
W1             76.114      76.1142
P0        1.54603e-17  1.54603e-17

Temperature = 673 K    Pressure = 0.00383 atm

From\To            W1           P0
W1            79.4586      79.4585
P0          1.614e-17    1.614e-17

Temperature = 673 K    Pressure = 0.00424 atm

From\To            W1           P0
W1             87.009       87.009
P0        1.76745e-17  1.76745e-17

Temperature = 673 K    Pressure = 0.00428 atm

From\To            W1           P0
W1             87.741      87.7409
P0        1.78233e-17  1.78233e-17

Temperature = 673 K    Pressure = 0.00431 atm

From\To            W1           P0
W1            88.2893      88.2893
P0        1.79347e-17  1.79347e-17

Temperature = 673 K    Pressure = 0.00627 atm

From\To            W1           P0
W1            123.263      123.263
P0        2.50438e-17  2.50438e-17

Temperature = 673 K    Pressure = 0.00651 atm

From\To            W1           P0
W1            127.446      127.446
P0         2.5894e-17   2.5894e-17

Temperature = 673 K    Pressure = 0.00656 atm

From\To            W1           P0
W1            128.315      128.315
P0        2.60707e-17  2.60707e-17

Temperature = 673 K    Pressure = 0.00682 atm

From\To            W1           P0
W1            132.821      132.821
P0        2.69867e-17  2.69867e-17

Temperature = 673 K    Pressure = 0.00711 atm

From\To            W1           P0
W1            137.822      137.822
P0        2.80034e-17  2.80034e-17

Temperature = 673 K    Pressure = 0.00741 atm

From\To            W1           P0
W1            142.969      142.969
P0        2.90499e-17  2.90499e-17

Temperature = 673 K    Pressure = 0.00752 atm

From\To            W1           P0
W1             144.85       144.85
P0        2.94323e-17  2.94323e-17

Temperature = 673 K    Pressure = 0.00856 atm

From\To            W1           P0
W1            162.472      162.472
P0         3.3015e-17   3.3015e-17

Temperature = 673 K    Pressure = 0.0101 atm

From\To            W1           P0
W1            188.089      188.089
P0        3.82235e-17  3.82235e-17

Temperature = 673 K    Pressure = 1.1 atm

From\To            W1           P0
W1            10782.1      10782.1
P0        2.19544e-15  2.19544e-15

Temperature = 673 K    Pressure = 1.5 atm

From\To            W1           P0
W1            13992.5      13992.5
P0        2.84944e-15  2.84944e-15

Temperature = 673 K    Pressure = 2 atm

From\To            W1           P0
W1            17804.8      17804.8
P0        3.62611e-15  3.62611e-15

Temperature = 673 K    Pressure = 2.7 atm

From\To            W1           P0
W1            22873.3      22873.3
P0        4.65881e-15  4.65881e-15

Temperature = 673 K    Pressure = 3.3 atm

From\To            W1           P0
W1            27031.1      27031.1
P0          5.506e-15    5.506e-15

Temperature = 673 K    Pressure = 4.3 atm

From\To            W1           P0
W1            33672.1      33672.1
P0        6.85927e-15  6.85927e-15

Temperature = 673 K    Pressure = 11.2 atm

From\To            W1           P0
W1            74066.7      74066.7
P0         1.5092e-14   1.5092e-14

Temperature = 673 K    Pressure = 14 atm

From\To            W1           P0
W1            88872.6      88872.6
P0          1.811e-14    1.811e-14

Temperature = 700 K

High Pressure Rate Coefficients:

From\To            W1           P0
W1                ***  7.80055e+07
P0        1.01614e-11          ***

Temperature = 700 K    Pressure = 0.00343 atm

From\To            W1           P0
W1            103.712      103.712
P0        1.34441e-17  1.34441e-17

Temperature = 700 K    Pressure = 0.00365 atm

From\To            W1           P0
W1            109.672      109.672
P0        1.42171e-17  1.42171e-17

Temperature = 700 K    Pressure = 0.00383 atm

From\To            W1           P0
W1            114.519      114.518
P0        1.48458e-17  1.48458e-17

Temperature = 700 K    Pressure = 0.00424 atm

From\To            W1           P0
W1            125.465      125.465
P0        1.62657e-17  1.62657e-17

Temperature = 700 K    Pressure = 0.00428 atm

From\To            W1           P0
W1            126.527      126.527
P0        1.64034e-17  1.64034e-17

Temperature = 700 K    Pressure = 0.00431 atm

From\To            W1           P0
W1            127.322      127.322
P0        1.65065e-17  1.65065e-17

Temperature = 700 K    Pressure = 0.00627 atm

From\To            W1           P0
W1            178.104      178.104
P0        2.30944e-17  2.30944e-17

Temperature = 700 K    Pressure = 0.00651 atm

From\To            W1           P0
W1            184.184      184.184
P0        2.38832e-17  2.38832e-17

Temperature = 700 K    Pressure = 0.00656 atm

From\To            W1           P0
W1            185.447      185.447
P0        2.40472e-17  2.40472e-17

Temperature = 700 K    Pressure = 0.00682 atm

From\To            W1           P0
W1            191.999      191.999
P0        2.48972e-17  2.48972e-17

Temperature = 700 K    Pressure = 0.00711 atm

From\To            W1           P0
W1            199.272      199.273
P0        2.58409e-17  2.58409e-17

Temperature = 700 K    Pressure = 0.00741 atm

From\To            W1           P0
W1            206.761       206.76
P0        2.68125e-17  2.68125e-17

Temperature = 700 K    Pressure = 0.00752 atm

From\To            W1           P0
W1            209.497      209.497
P0        2.71676e-17  2.71675e-17

Temperature = 700 K    Pressure = 0.00856 atm

From\To            W1           P0
W1            235.148      235.148
P0        3.04958e-17  3.04958e-17

Temperature = 700 K    Pressure = 0.0101 atm

From\To            W1           P0
W1            272.468      272.468
P0        3.53387e-17  3.53387e-17

Temperature = 700 K    Pressure = 1.1 atm

From\To            W1           P0
W1            16097.4      16097.4
P0        2.09205e-15  2.09205e-15

Temperature = 700 K    Pressure = 1.5 atm

From\To            W1           P0
W1            20938.9      20938.9
P0        2.72156e-15  2.72156e-15

Temperature = 700 K    Pressure = 2 atm

From\To            W1           P0
W1            26701.9      26701.9
P0        3.47096e-15  3.47096e-15

Temperature = 700 K    Pressure = 2.7 atm

From\To            W1           P0
W1            34382.8      34382.8
P0        4.46984e-15  4.46984e-15

Temperature = 700 K    Pressure = 3.3 atm

From\To            W1           P0
W1            40696.4      40696.4
P0        5.29098e-15  5.29098e-15

Temperature = 700 K    Pressure = 4.3 atm

From\To            W1           P0
W1            50801.2      50801.2
P0        6.60527e-15  6.60527e-15

Temperature = 700 K    Pressure = 11.2 atm

From\To            W1           P0
W1             112623       112623
P0        1.46477e-14  1.46477e-14

Temperature = 700 K    Pressure = 14 atm

From\To            W1           P0
W1             135391       135391
P0        1.76101e-14  1.76101e-14

Temperature = 705 K

High Pressure Rate Coefficients:

From\To            W1           P0
W1                ***  8.64577e+07
P0        1.04032e-11          ***

Temperature = 705 K    Pressure = 0.00343 atm

From\To            W1           P0
W1            110.753      110.753
P0        1.32574e-17  1.32574e-17

Temperature = 705 K    Pressure = 0.00365 atm

From\To            W1           P0
W1            117.124      117.124
P0        1.40204e-17  1.40204e-17

Temperature = 705 K    Pressure = 0.00383 atm

From\To            W1           P0
W1            122.304      122.304
P0        1.46409e-17  1.46409e-17

Temperature = 705 K    Pressure = 0.00424 atm

From\To            W1           P0
W1            134.006      134.006
P0        1.60426e-17  1.60426e-17

Temperature = 705 K    Pressure = 0.00428 atm

From\To            W1           P0
W1             135.14      135.141
P0        1.61785e-17  1.61785e-17

Temperature = 705 K    Pressure = 0.00431 atm

From\To            W1           P0
W1            135.991      135.991
P0        1.62803e-17  1.62803e-17

Temperature = 705 K    Pressure = 0.00627 atm

From\To            W1           P0
W1            190.287      190.287
P0         2.2785e-17   2.2785e-17

Temperature = 705 K    Pressure = 0.00651 atm

From\To            W1           P0
W1             196.79      196.789
P0         2.3564e-17   2.3564e-17

Temperature = 705 K    Pressure = 0.00656 atm

From\To            W1           P0
W1            198.141      198.141
P0        2.37259e-17  2.37259e-17

Temperature = 705 K    Pressure = 0.00682 atm

From\To            W1           P0
W1            205.148      205.147
P0        2.45654e-17  2.45654e-17

Temperature = 705 K    Pressure = 0.00711 atm

From\To            W1           P0
W1            212.926      212.926
P0        2.54974e-17  2.54974e-17

Temperature = 705 K    Pressure = 0.00741 atm

From\To            W1           P0
W1            220.934      220.935
P0         2.6457e-17   2.6457e-17

Temperature = 705 K    Pressure = 0.00752 atm

From\To            W1           P0
W1            223.862      223.862
P0        2.68077e-17  2.68077e-17

Temperature = 705 K    Pressure = 0.00856 atm

From\To            W1           P0
W1            251.298      251.298
P0        3.00952e-17  3.00952e-17

Temperature = 705 K    Pressure = 0.0101 atm

From\To            W1           P0
W1            291.222      291.222
P0        3.48795e-17  3.48795e-17

Temperature = 705 K    Pressure = 1.1 atm

From\To            W1           P0
W1            17288.7      17288.7
P0         2.0751e-15   2.0751e-15

Temperature = 705 K    Pressure = 1.5 atm

From\To            W1           P0
W1              22497        22497
P0        2.70055e-15  2.70055e-15

Temperature = 705 K    Pressure = 2 atm

From\To            W1           P0
W1            28699.2      28699.2
P0        3.44543e-15  3.44543e-15

Temperature = 705 K    Pressure = 2.7 atm

From\To            W1           P0
W1            36968.7      36968.7
P0        4.43869e-15  4.43869e-15

Temperature = 705 K    Pressure = 3.3 atm

From\To            W1           P0
W1            43768.5      43768.5
P0         5.2555e-15   5.2555e-15

Temperature = 705 K    Pressure = 4.3 atm

From\To            W1           P0
W1            54655.1      54655.1
P0        6.56329e-15  6.56329e-15

Temperature = 705 K    Pressure = 11.2 atm

From\To            W1           P0
W1             121326       121326
P0         1.4574e-14   1.4574e-14

Temperature = 705 K    Pressure = 14 atm

From\To            W1           P0
W1             145901       145901
P0        1.75271e-14  1.75271e-14

Temperature = 740 K

High Pressure Rate Coefficients:

From\To            W1           P0
W1                ***  1.71156e+08
P0        1.21749e-11          ***

Temperature = 740 K    Pressure = 0.00343 atm

From\To            W1           P0
W1            168.259      168.259
P0        1.19045e-17  1.19045e-17

Temperature = 740 K    Pressure = 0.00365 atm

From\To            W1           P0
W1            178.005      178.004
P0        1.25943e-17  1.25943e-17

Temperature = 740 K    Pressure = 0.00383 atm

From\To            W1           P0
W1            185.932      185.932
P0        1.31556e-17  1.31556e-17

Temperature = 740 K    Pressure = 0.00424 atm

From\To            W1           P0
W1            203.848      203.848
P0         1.4424e-17   1.4424e-17

Temperature = 740 K    Pressure = 0.00428 atm

From\To            W1           P0
W1            205.586      205.586
P0        1.45471e-17  1.45471e-17

Temperature = 740 K    Pressure = 0.00431 atm

From\To            W1           P0
W1            206.889      206.888
P0        1.46393e-17  1.46393e-17

Temperature = 740 K    Pressure = 0.00627 atm

From\To            W1           P0
W1            290.172      290.172
P0        2.05363e-17  2.05363e-17

Temperature = 740 K    Pressure = 0.00651 atm

From\To            W1           P0
W1            300.159      300.159
P0        2.12435e-17  2.12435e-17

Temperature = 740 K    Pressure = 0.00656 atm

From\To            W1           P0
W1            302.234      302.234
P0        2.13904e-17  2.13904e-17

Temperature = 740 K    Pressure = 0.00682 atm

From\To            W1           P0
W1                313          313
P0        2.21528e-17  2.21528e-17

Temperature = 740 K    Pressure = 0.00711 atm

From\To            W1           P0
W1            324.954      324.955
P0        2.29994e-17  2.29994e-17

Temperature = 740 K    Pressure = 0.00741 atm

From\To            W1           P0
W1            337.268      337.267
P0        2.38713e-17  2.38713e-17

Temperature = 740 K    Pressure = 0.00752 atm

From\To            W1           P0
W1            341.767      341.767
P0          2.419e-17    2.419e-17

Temperature = 740 K    Pressure = 0.00856 atm

From\To            W1           P0
W1            383.977      383.976
P0        2.71793e-17  2.71793e-17

Temperature = 740 K    Pressure = 0.0101 atm

From\To            W1           P0
W1            445.462      445.462
P0        3.15342e-17  3.15342e-17

Temperature = 740 K    Pressure = 1.1 atm

From\To            W1           P0
W1            27420.7      27420.7
P0        1.94527e-15  1.94527e-15

Temperature = 740 K    Pressure = 1.5 atm

From\To            W1           P0
W1            35780.2      35780.2
P0        2.53861e-15  2.53861e-15

Temperature = 740 K    Pressure = 2 atm

From\To            W1           P0
W1            45763.6      45763.6
P0        3.24729e-15  3.24729e-15

Temperature = 740 K    Pressure = 2.7 atm

From\To            W1           P0
W1            59113.1      59113.1
P0          4.195e-15    4.195e-15

Temperature = 740 K    Pressure = 3.3 atm

From\To            W1           P0
W1            70117.1      70117.1
P0        4.97627e-15  4.97627e-15

Temperature = 740 K    Pressure = 4.3 atm

From\To            W1           P0
W1            87776.1      87776.1
P0        6.23012e-15  6.23012e-15

Temperature = 740 K    Pressure = 11.2 atm

From\To            W1           P0
W1             196672       196672
P0        1.39637e-14  1.39637e-14

Temperature = 740 K    Pressure = 14 atm

From\To            W1           P0
W1             237037       237037
P0        1.68308e-14  1.68308e-14

Temperature = 780 K

High Pressure Rate Coefficients:

From\To            W1           P0
W1                ***  3.47662e+08
P0        1.43656e-11          ***

Temperature = 780 K    Pressure = 0.00343 atm

From\To            W1           P0
W1            257.488      257.489
P0        1.05746e-17  1.05746e-17

Temperature = 780 K    Pressure = 0.00365 atm

From\To            W1           P0
W1            272.505      272.504
P0        1.11917e-17  1.11917e-17

Temperature = 780 K    Pressure = 0.00383 atm

From\To            W1           P0
W1            284.724      284.724
P0        1.16938e-17  1.16938e-17

Temperature = 780 K    Pressure = 0.00424 atm

From\To            W1           P0
W1            312.356      312.355
P0        1.28294e-17  1.28294e-17

Temperature = 780 K    Pressure = 0.00428 atm

From\To            W1           P0
W1            315.035      315.036
P0        1.29396e-17  1.29396e-17

Temperature = 780 K    Pressure = 0.00431 atm

From\To            W1           P0
W1            317.045      317.045
P0        1.30221e-17  1.30221e-17

Temperature = 780 K    Pressure = 0.00627 atm

From\To            W1           P0
W1            445.719      445.719
P0        1.83109e-17  1.83109e-17

Temperature = 780 K    Pressure = 0.00651 atm

From\To            W1           P0
W1             461.17       461.17
P0        1.89461e-17  1.89461e-17

Temperature = 780 K    Pressure = 0.00656 atm

From\To            W1           P0
W1            464.382      464.382
P0        1.90781e-17  1.90781e-17

Temperature = 780 K    Pressure = 0.00682 atm

From\To            W1           P0
W1            481.042      481.043
P0         1.9763e-17   1.9763e-17

Temperature = 780 K    Pressure = 0.00711 atm

From\To            W1           P0
W1             499.55       499.55
P0        2.05238e-17  2.05238e-17

Temperature = 780 K    Pressure = 0.00741 atm

From\To            W1           P0
W1            518.614      518.615
P0        2.13076e-17  2.13076e-17

Temperature = 780 K    Pressure = 0.00752 atm

From\To            W1           P0
W1            525.585      525.585
P0        2.15941e-17  2.15941e-17

Temperature = 780 K    Pressure = 0.00856 atm

From\To            W1           P0
W1            590.995      590.995
P0        2.42832e-17  2.42832e-17

Temperature = 780 K    Pressure = 0.0101 atm

From\To            W1           P0
W1            686.378      686.377
P0        2.82049e-17  2.82049e-17

Temperature = 780 K    Pressure = 1.1 atm

From\To            W1           P0
W1              43828        43828
P0        1.80521e-15  1.80521e-15

Temperature = 780 K    Pressure = 1.5 atm

From\To            W1           P0
W1            57350.9      57350.9
P0        2.36251e-15  2.36251e-15

Temperature = 780 K    Pressure = 2 atm

From\To            W1           P0
W1              73548        73548
P0         3.0301e-15   3.0301e-15

Temperature = 780 K    Pressure = 2.7 atm

From\To            W1           P0
W1            95270.4      95270.4
P0        3.92552e-15  3.92552e-15

Temperature = 780 K    Pressure = 3.3 atm

From\To            W1           P0
W1             113221       113221
P0        4.66554e-15  4.66554e-15

Temperature = 780 K    Pressure = 4.3 atm

From\To            W1           P0
W1             142098       142098
P0        5.85609e-15  5.85609e-15

Temperature = 780 K    Pressure = 11.2 atm

From\To            W1           P0
W1             321441       321441
P0        1.32519e-14  1.32519e-14

Temperature = 780 K    Pressure = 14 atm

From\To            W1           P0
W1             388308       388308
P0        1.60099e-14  1.60099e-14

______________________________________________________________________________________

High Pressure Rate Coefficients (Temperature-Species Rate Tables):

   T(K)       W1->W1       W1->P0
    425          ***      8260.43
    643          ***  2.16793e+07
    673          ***   4.3644e+07
    700          ***  7.80055e+07
    705          ***  8.64577e+07
    740          ***  1.71156e+08
    780          ***  3.47662e+08

   T(K)       P0->W1       P0->P0
    425  1.43551e-12          ***
    643  7.61002e-12          ***
    673  8.90555e-12          ***
    700  1.01614e-11          ***
    705  1.04032e-11          ***
    740  1.21749e-11          ***
    780  1.43656e-11          ***

Capture/Escape Rate Coefficients:

   T(K)           W1           P0
    425      8260.43  1.43551e-12
    643  2.16793e+07  7.61002e-12
    673   4.3644e+07  8.90555e-12
    700  7.80055e+07  1.01614e-11
    705  8.64577e+07  1.04032e-11
    740  1.71156e+08  1.21749e-11
    780  3.47662e+08  1.43656e-11

______________________________________________________________________________________

Pressure-Species Rate Tables:

   Temperature = 425 K

   P(atm)       W1->P0         W1->
  0.00343     0.201451     0.201451
  0.00365     0.211964     0.211964
  0.00383     0.220471     0.220471
  0.00424     0.239553     0.239553
  0.00428     0.241395     0.241395
  0.00431     0.242773     0.242773
  0.00627      0.32918      0.32918
  0.00651     0.339338     0.339338
  0.00656     0.341444     0.341444
  0.00682     0.352343     0.352343
  0.00711     0.364397     0.364397
  0.00741     0.376757     0.376757
  0.00752     0.381262     0.381262
  0.00856     0.423198     0.423198
   0.0101      0.48335      0.48335
      1.1      17.6377      17.6377
      1.5      22.1123      22.1123
        2      27.2356      27.2356
      2.7      33.8031      33.8031
      3.3      39.0255      39.0255
      4.3      47.1213      47.1213
     11.2      92.2693      92.2693
       14      107.663      107.663
    O-O      8260.43      8260.43

   Temperature = 643 K

   P(atm)       W1->P0         W1->
  0.00343       46.047      46.0471
  0.00365      48.6595      48.6596
  0.00383      50.7826      50.7827
  0.00424      55.5731      55.5731
  0.00428      56.0373      56.0373
  0.00431      56.3851      56.3851
  0.00627      78.5346      78.5346
  0.00651        81.18        81.18
  0.00656      81.7295      81.7295
  0.00682      84.5783      84.5784
  0.00711      87.7394      87.7393
  0.00741      90.9918      90.9917
  0.00752        92.18      92.1799
  0.00856      103.307      103.307
   0.0101      119.464      119.464
      1.1      6602.38      6602.38
      1.5       8544.3       8544.3
        2      10843.5      10843.5
      2.7      13891.5      13891.5
      3.3      16385.5      16385.5
      4.3      20359.5      20359.5
     11.2      44361.5      44361.5
       14      53108.1      53108.1
    O-O  2.16793e+07  2.16793e+07

   Temperature = 673 K

   P(atm)       W1->P0         W1->
  0.00343      72.0002      72.0002
  0.00365      76.1142       76.114
  0.00383      79.4585      79.4586
  0.00424       87.009       87.009
  0.00428      87.7409       87.741
  0.00431      88.2893      88.2893
  0.00627      123.263      123.263
  0.00651      127.446      127.446
  0.00656      128.315      128.315
  0.00682      132.821      132.821
  0.00711      137.822      137.822
  0.00741      142.969      142.969
  0.00752       144.85       144.85
  0.00856      162.472      162.472
   0.0101      188.089      188.089
      1.1      10782.1      10782.1
      1.5      13992.5      13992.5
        2      17804.8      17804.8
      2.7      22873.3      22873.3
      3.3      27031.1      27031.1
      4.3      33672.1      33672.1
     11.2      74066.7      74066.7
       14      88872.6      88872.6
    O-O   4.3644e+07   4.3644e+07

   Temperature = 700 K

   P(atm)       W1->P0         W1->
  0.00343      103.712      103.712
  0.00365      109.672      109.672
  0.00383      114.518      114.519
  0.00424      125.465      125.465
  0.00428      126.527      126.527
  0.00431      127.322      127.322
  0.00627      178.104      178.104
  0.00651      184.184      184.184
  0.00656      185.447      185.447
  0.00682      191.999      191.999
  0.00711      199.273      199.272
  0.00741       206.76      206.761
  0.00752      209.497      209.497
  0.00856      235.148      235.148
   0.0101      272.468      272.468
      1.1      16097.4      16097.4
      1.5      20938.9      20938.9
        2      26701.9      26701.9
      2.7      34382.8      34382.8
      3.3      40696.4      40696.4
      4.3      50801.2      50801.2
     11.2       112623       112623
       14       135391       135391
    O-O  7.80055e+07  7.80055e+07

   Temperature = 705 K

   P(atm)       W1->P0         W1->
  0.00343      110.753      110.753
  0.00365      117.124      117.124
  0.00383      122.304      122.304
  0.00424      134.006      134.006
  0.00428      135.141       135.14
  0.00431      135.991      135.991
  0.00627      190.287      190.287
  0.00651      196.789       196.79
  0.00656      198.141      198.141
  0.00682      205.147      205.148
  0.00711      212.926      212.926
  0.00741      220.935      220.934
  0.00752      223.862      223.862
  0.00856      251.298      251.298
   0.0101      291.222      291.222
      1.1      17288.7      17288.7
      1.5        22497        22497
        2      28699.2      28699.2
      2.7      36968.7      36968.7
      3.3      43768.5      43768.5
      4.3      54655.1      54655.1
     11.2       121326       121326
       14       145901       145901
    O-O  8.64577e+07  8.64577e+07

   Temperature = 740 K

   P(atm)       W1->P0         W1->
  0.00343      168.259      168.259
  0.00365      178.004      178.005
  0.00383      185.932      185.932
  0.00424      203.848      203.848
  0.00428      205.586      205.586
  0.00431      206.888      206.889
  0.00627      290.172      290.172
  0.00651      300.159      300.159
  0.00656      302.234      302.234
  0.00682          313          313
  0.00711      324.955      324.954
  0.00741      337.267      337.268
  0.00752      341.767      341.767
  0.00856      383.976      383.977
   0.0101      445.462      445.462
      1.1      27420.7      27420.7
      1.5      35780.2      35780.2
        2      45763.6      45763.6
      2.7      59113.1      59113.1
      3.3      70117.1      70117.1
      4.3      87776.1      87776.1
     11.2       196672       196672
       14       237037       237037
    O-O  1.71156e+08  1.71156e+08

   Temperature = 780 K

   P(atm)       W1->P0         W1->
  0.00343      257.489      257.488
  0.00365      272.504      272.505
  0.00383      284.724      284.724
  0.00424      312.355      312.356
  0.00428      315.036      315.035
  0.00431      317.045      317.045
  0.00627      445.719      445.719
  0.00651       461.17       461.17
  0.00656      464.382      464.382
  0.00682      481.043      481.042
  0.00711       499.55       499.55
  0.00741      518.615      518.614
  0.00752      525.585      525.585
  0.00856      590.995      590.995
   0.0101      686.377      686.378
      1.1        43828        43828
      1.5      57350.9      57350.9
        2        73548        73548
      2.7      95270.4      95270.4
      3.3       113221       113221
      4.3       142098       142098
     11.2       321441       321441
       14       388308       388308
    O-O  3.47662e+08  3.47662e+08

   Temperature = 425 K

   P(atm)       P0->W1         P0->
  0.00343    3.482e-17    3.482e-17
  0.00365  3.66393e-17  3.66393e-17
  0.00383  3.81116e-17  3.81116e-17
  0.00424  4.14143e-17  4.14143e-17
  0.00428   4.1733e-17   4.1733e-17
  0.00431  4.19716e-17  4.19716e-17
  0.00627    5.693e-17    5.693e-17
  0.00651  5.86888e-17  5.86888e-17
  0.00656  5.90535e-17  5.90535e-17
  0.00682  6.09406e-17  6.09406e-17
  0.00711  6.30278e-17  6.30278e-17
  0.00741  6.51681e-17  6.51681e-17
  0.00752  6.59483e-17  6.59483e-17
  0.00856  7.32105e-17  7.32105e-17
   0.0101  8.36287e-17  8.36287e-17
      1.1  3.06068e-15  3.06068e-15
      1.5  3.83761e-15  3.83761e-15
        2  4.72727e-15  4.72727e-15
      2.7  5.86777e-15  5.86777e-15
      3.3  6.77474e-15  6.77474e-15
      4.3  8.18083e-15  8.18083e-15
     11.2  1.60231e-14  1.60231e-14
       14  1.86972e-14  1.86972e-14
    O-O  1.43551e-12  1.43551e-12

   Temperature = 643 K

   P(atm)       P0->W1         P0->
  0.00343  1.60934e-17  1.60934e-17
  0.00365   1.7007e-17   1.7007e-17
  0.00383  1.77494e-17  1.77494e-17
  0.00424  1.94248e-17  1.94248e-17
  0.00428  1.95871e-17  1.95871e-17
  0.00431  1.97088e-17  1.97087e-17
  0.00627  2.74559e-17  2.74559e-17
  0.00651  2.83812e-17  2.83812e-17
  0.00656  2.85734e-17  2.85734e-17
  0.00682  2.95699e-17  2.95699e-17
  0.00711  3.06757e-17  3.06757e-17
  0.00741  3.18135e-17  3.18135e-17
  0.00752  3.22291e-17  3.22291e-17
  0.00856  3.61217e-17  3.61217e-17
   0.0101  4.17745e-17  4.17745e-17
      1.1  2.31317e-15  2.31317e-15
      1.5  2.99383e-15  2.99383e-15
        2  3.79979e-15  3.79979e-15
      2.7   4.8683e-15   4.8683e-15
      3.3  5.74266e-15  5.74266e-15
      4.3  7.13598e-15  7.13598e-15
     11.2  1.55526e-14  1.55526e-14
       14  1.86202e-14  1.86202e-14
    O-O  7.61002e-12  7.61002e-12

   Temperature = 673 K

   P(atm)       P0->W1         P0->
  0.00343  1.46242e-17  1.46242e-17
  0.00365  1.54603e-17  1.54603e-17
  0.00383    1.614e-17    1.614e-17
  0.00424  1.76745e-17  1.76745e-17
  0.00428  1.78233e-17  1.78233e-17
  0.00431  1.79347e-17  1.79347e-17
  0.00627  2.50438e-17  2.50438e-17
  0.00651   2.5894e-17   2.5894e-17
  0.00656  2.60707e-17  2.60707e-17
  0.00682  2.69867e-17  2.69867e-17
  0.00711  2.80034e-17  2.80034e-17
  0.00741  2.90499e-17  2.90499e-17
  0.00752  2.94323e-17  2.94323e-17
  0.00856   3.3015e-17   3.3015e-17
   0.0101  3.82235e-17  3.82235e-17
      1.1  2.19544e-15  2.19544e-15
      1.5  2.84944e-15  2.84944e-15
        2  3.62611e-15  3.62611e-15
      2.7  4.65881e-15  4.65881e-15
      3.3    5.506e-15    5.506e-15
      4.3  6.85927e-15  6.85927e-15
     11.2   1.5092e-14   1.5092e-14
       14    1.811e-14    1.811e-14
    O-O  8.90555e-12  8.90555e-12

   Temperature = 700 K

   P(atm)       P0->W1         P0->
  0.00343  1.34441e-17  1.34441e-17
  0.00365  1.42171e-17  1.42171e-17
  0.00383  1.48458e-17  1.48458e-17
  0.00424  1.62657e-17  1.62657e-17
  0.00428  1.64034e-17  1.64034e-17
  0.00431  1.65065e-17  1.65065e-17
  0.00627  2.30944e-17  2.30944e-17
  0.00651  2.38832e-17  2.38832e-17
  0.00656  2.40472e-17  2.40472e-17
  0.00682  2.48972e-17  2.48972e-17
  0.00711  2.58409e-17  2.58409e-17
  0.00741  2.68125e-17  2.68125e-17
  0.00752  2.71676e-17  2.71675e-17
  0.00856  3.04958e-17  3.04958e-17
   0.0101  3.53387e-17  3.53387e-17
      1.1  2.09205e-15  2.09205e-15
      1.5  2.72156e-15  2.72156e-15
        2  3.47096e-15  3.47096e-15
      2.7  4.46984e-15  4.46984e-15
      3.3  5.29098e-15  5.29098e-15
      4.3  6.60527e-15  6.60527e-15
     11.2  1.46477e-14  1.46477e-14
       14  1.76101e-14  1.76101e-14
    O-O  1.01614e-11  1.01614e-11

   Temperature = 705 K

   P(atm)       P0->W1         P0->
  0.00343  1.32574e-17  1.32574e-17
  0.00365  1.40204e-17  1.40204e-17
  0.00383  1.46409e-17  1.46409e-17
  0.00424  1.60426e-17  1.60426e-17
  0.00428  1.61785e-17  1.61785e-17
  0.00431  1.62803e-17  1.62803e-17
  0.00627   2.2785e-17   2.2785e-17
  0.00651   2.3564e-17   2.3564e-17
  0.00656  2.37259e-17  2.37259e-17
  0.00682  2.45654e-17  2.45654e-17
  0.00711  2.54974e-17  2.54974e-17
  0.00741   2.6457e-17   2.6457e-17
  0.00752  2.68077e-17  2.68077e-17
  0.00856  3.00952e-17  3.00952e-17
   0.0101  3.48795e-17  3.48795e-17
      1.1   2.0751e-15   2.0751e-15
      1.5  2.70055e-15  2.70055e-15
        2  3.44543e-15  3.44543e-15
      2.7  4.43869e-15  4.43869e-15
      3.3   5.2555e-15   5.2555e-15
      4.3  6.56329e-15  6.56329e-15
     11.2   1.4574e-14   1.4574e-14
       14  1.75271e-14  1.75271e-14
    O-O  1.04032e-11  1.04032e-11

   Temperature = 740 K

   P(atm)       P0->W1         P0->
  0.00343  1.19045e-17  1.19045e-17
  0.00365  1.25943e-17  1.25943e-17
  0.00383  1.31556e-17  1.31556e-17
  0.00424   1.4424e-17   1.4424e-17
  0.00428  1.45471e-17  1.45471e-17
  0.00431  1.46393e-17  1.46393e-17
  0.00627  2.05363e-17  2.05363e-17
  0.00651  2.12435e-17  2.12435e-17
  0.00656  2.13904e-17  2.13904e-17
  0.00682  2.21528e-17  2.21528e-17
  0.00711  2.29994e-17  2.29994e-17
  0.00741  2.38713e-17  2.38713e-17
  0.00752    2.419e-17    2.419e-17
  0.00856  2.71793e-17  2.71793e-17
   0.0101  3.15342e-17  3.15342e-17
      1.1  1.94527e-15  1.94527e-15
      1.5  2.53861e-15  2.53861e-15
        2  3.24729e-15  3.24729e-15
      2.7    4.195e-15    4.195e-15
      3.3  4.97627e-15  4.97627e-15
      4.3  6.23012e-15  6.23012e-15
     11.2  1.39637e-14  1.39637e-14
       14  1.68308e-14  1.68308e-14
    O-O  1.21749e-11  1.21749e-11

   Temperature = 780 K

   P(atm)       P0->W1         P0->
  0.00343  1.05746e-17  1.05746e-17
  0.00365  1.11917e-17  1.11917e-17
  0.00383  1.16938e-17  1.16938e-17
  0.00424  1.28294e-17  1.28294e-17
  0.00428  1.29396e-17  1.29396e-17
  0.00431  1.30221e-17  1.30221e-17
  0.00627  1.83109e-17  1.83109e-17
  0.00651  1.89461e-17  1.89461e-17
  0.00656  1.90781e-17  1.90781e-17
  0.00682   1.9763e-17   1.9763e-17
  0.00711  2.05238e-17  2.05238e-17
  0.00741  2.13076e-17  2.13076e-17
  0.00752  2.15941e-17  2.15941e-17
  0.00856  2.42832e-17  2.42832e-17
   0.0101  2.82049e-17  2.82049e-17
      1.1  1.80521e-15  1.80521e-15
      1.5  2.36251e-15  2.36251e-15
        2   3.0301e-15   3.0301e-15
      2.7  3.92552e-15  3.92552e-15
      3.3  4.66554e-15  4.66554e-15
      4.3  5.85609e-15  5.85609e-15
     11.2  1.32519e-14  1.32519e-14
       14  1.60099e-14  1.60099e-14
    O-O  1.43656e-11  1.43656e-11

______________________________________________________________________________________

Temperature-Species Rate Tables:

   Pressure = 0.00343 atm

   T(K)       W1->P0         W1->      Capture
    425     0.201451     0.201451      8260.43
    643       46.047      46.0471  2.16793e+07
    673      72.0002      72.0002   4.3644e+07
    700      103.712      103.712  7.80055e+07
    705      110.753      110.753  8.64577e+07
    740      168.259      168.259  1.71156e+08
    780      257.489      257.488  3.47662e+08

   Pressure = 0.00365 atm

   T(K)       W1->P0         W1->      Capture
    425     0.211964     0.211964      8260.43
    643      48.6595      48.6596  2.16793e+07
    673      76.1142       76.114   4.3644e+07
    700      109.672      109.672  7.80055e+07
    705      117.124      117.124  8.64577e+07
    740      178.004      178.005  1.71156e+08
    780      272.504      272.505  3.47662e+08

   Pressure = 0.00383 atm

   T(K)       W1->P0         W1->      Capture
    425     0.220471     0.220471      8260.43
    643      50.7826      50.7827  2.16793e+07
    673      79.4585      79.4586   4.3644e+07
    700      114.518      114.519  7.80055e+07
    705      122.304      122.304  8.64577e+07
    740      185.932      185.932  1.71156e+08
    780      284.724      284.724  3.47662e+08

   Pressure = 0.00424 atm

   T(K)       W1->P0         W1->      Capture
    425     0.239553     0.239553      8260.43
    643      55.5731      55.5731  2.16793e+07
    673       87.009       87.009   4.3644e+07
    700      125.465      125.465  7.80055e+07
    705      134.006      134.006  8.64577e+07
    740      203.848      203.848  1.71156e+08
    780      312.355      312.356  3.47662e+08

   Pressure = 0.00428 atm

   T(K)       W1->P0         W1->      Capture
    425     0.241395     0.241395      8260.43
    643      56.0373      56.0373  2.16793e+07
    673      87.7409       87.741   4.3644e+07
    700      126.527      126.527  7.80055e+07
    705      135.141       135.14  8.64577e+07
    740      205.586      205.586  1.71156e+08
    780      315.036      315.035  3.47662e+08

   Pressure = 0.00431 atm

   T(K)       W1->P0         W1->      Capture
    425     0.242773     0.242773      8260.43
    643      56.3851      56.3851  2.16793e+07
    673      88.2893      88.2893   4.3644e+07
    700      127.322      127.322  7.80055e+07
    705      135.991      135.991  8.64577e+07
    740      206.888      206.889  1.71156e+08
    780      317.045      317.045  3.47662e+08

   Pressure = 0.00627 atm

   T(K)       W1->P0         W1->      Capture
    425      0.32918      0.32918      8260.43
    643      78.5346      78.5346  2.16793e+07
    673      123.263      123.263   4.3644e+07
    700      178.104      178.104  7.80055e+07
    705      190.287      190.287  8.64577e+07
    740      290.172      290.172  1.71156e+08
    780      445.719      445.719  3.47662e+08

   Pressure = 0.00651 atm

   T(K)       W1->P0         W1->      Capture
    425     0.339338     0.339338      8260.43
    643        81.18        81.18  2.16793e+07
    673      127.446      127.446   4.3644e+07
    700      184.184      184.184  7.80055e+07
    705      196.789       196.79  8.64577e+07
    740      300.159      300.159  1.71156e+08
    780       461.17       461.17  3.47662e+08

   Pressure = 0.00656 atm

   T(K)       W1->P0         W1->      Capture
    425     0.341444     0.341444      8260.43
    643      81.7295      81.7295  2.16793e+07
    673      128.315      128.315   4.3644e+07
    700      185.447      185.447  7.80055e+07
    705      198.141      198.141  8.64577e+07
    740      302.234      302.234  1.71156e+08
    780      464.382      464.382  3.47662e+08

   Pressure = 0.00682 atm

   T(K)       W1->P0         W1->      Capture
    425     0.352343     0.352343      8260.43
    643      84.5783      84.5784  2.16793e+07
    673      132.821      132.821   4.3644e+07
    700      191.999      191.999  7.80055e+07
    705      205.147      205.148  8.64577e+07
    740          313          313  1.71156e+08
    780      481.043      481.042  3.47662e+08

   Pressure = 0.00711 atm

   T(K)       W1->P0         W1->      Capture
    425     0.364397     0.364397      8260.43
    643      87.7394      87.7393  2.16793e+07
    673      137.822      137.822   4.3644e+07
    700      199.273      199.272  7.80055e+07
    705      212.926      212.926  8.64577e+07
    740      324.955      324.954  1.71156e+08
    780       499.55       499.55  3.47662e+08

   Pressure = 0.00741 atm

   T(K)       W1->P0         W1->      Capture
    425     0.376757     0.376757      8260.43
    643      90.9918      90.9917  2.16793e+07
    673      142.969      142.969   4.3644e+07
    700       206.76      206.761  7.80055e+07
    705      220.935      220.934  8.64577e+07
    740      337.267      337.268  1.71156e+08
    780      518.615      518.614  3.47662e+08

   Pressure = 0.00752 atm

   T(K)       W1->P0         W1->      Capture
    425     0.381262     0.381262      8260.43
    643        92.18      92.1799  2.16793e+07
    673       144.85       144.85   4.3644e+07
    700      209.497      209.497  7.80055e+07
    705      223.862      223.862  8.64577e+07
    740      341.767      341.767  1.71156e+08
    780      525.585      525.585  3.47662e+08

   Pressure = 0.00856 atm

   T(K)       W1->P0         W1->      Capture
    425     0.423198     0.423198      8260.43
    643      103.307      103.307  2.16793e+07
    673      162.472      162.472   4.3644e+07
    700      235.148      235.148  7.80055e+07
    705      251.298      251.298  8.64577e+07
    740      383.976      383.977  1.71156e+08
    780      590.995      590.995  3.47662e+08

   Pressure = 0.0101 atm

   T(K)       W1->P0         W1->      Capture
    425      0.48335      0.48335      8260.43
    643      119.464      119.464  2.16793e+07
    673      188.089      188.089   4.3644e+07
    700      272.468      272.468  7.80055e+07
    705      291.222      291.222  8.64577e+07
    740      445.462      445.462  1.71156e+08
    780      686.377      686.378  3.47662e+08

   Pressure = 1.1 atm

   T(K)       W1->P0         W1->      Capture
    425      17.6377      17.6377      8260.43
    643      6602.38      6602.38  2.16793e+07
    673      10782.1      10782.1   4.3644e+07
    700      16097.4      16097.4  7.80055e+07
    705      17288.7      17288.7  8.64577e+07
    740      27420.7      27420.7  1.71156e+08
    780        43828        43828  3.47662e+08

   Pressure = 1.5 atm

   T(K)       W1->P0         W1->      Capture
    425      22.1123      22.1123      8260.43
    643       8544.3       8544.3  2.16793e+07
    673      13992.5      13992.5   4.3644e+07
    700      20938.9      20938.9  7.80055e+07
    705        22497        22497  8.64577e+07
    740      35780.2      35780.2  1.71156e+08
    780      57350.9      57350.9  3.47662e+08

   Pressure = 2 atm

   T(K)       W1->P0         W1->      Capture
    425      27.2356      27.2356      8260.43
    643      10843.5      10843.5  2.16793e+07
    673      17804.8      17804.8   4.3644e+07
    700      26701.9      26701.9  7.80055e+07
    705      28699.2      28699.2  8.64577e+07
    740      45763.6      45763.6  1.71156e+08
    780        73548        73548  3.47662e+08

   Pressure = 2.7 atm

   T(K)       W1->P0         W1->      Capture
    425      33.8031      33.8031      8260.43
    643      13891.5      13891.5  2.16793e+07
    673      22873.3      22873.3   4.3644e+07
    700      34382.8      34382.8  7.80055e+07
    705      36968.7      36968.7  8.64577e+07
    740      59113.1      59113.1  1.71156e+08
    780      95270.4      95270.4  3.47662e+08

   Pressure = 3.3 atm

   T(K)       W1->P0         W1->      Capture
    425      39.0255      39.0255      8260.43
    643      16385.5      16385.5  2.16793e+07
    673      27031.1      27031.1   4.3644e+07
    700      40696.4      40696.4  7.80055e+07
    705      43768.5      43768.5  8.64577e+07
    740      70117.1      70117.1  1.71156e+08
    780       113221       113221  3.47662e+08

   Pressure = 4.3 atm

   T(K)       W1->P0         W1->      Capture
    425      47.1213      47.1213      8260.43
    643      20359.5      20359.5  2.16793e+07
    673      33672.1      33672.1   4.3644e+07
    700      50801.2      50801.2  7.80055e+07
    705      54655.1      54655.1  8.64577e+07
    740      87776.1      87776.1  1.71156e+08
    780       142098       142098  3.47662e+08

   Pressure = 11.2 atm

   T(K)       W1->P0         W1->      Capture
    425      92.2693      92.2693      8260.43
    643      44361.5      44361.5  2.16793e+07
    673      74066.7      74066.7   4.3644e+07
    700       112623       112623  7.80055e+07
    705       121326       121326  8.64577e+07
    740       196672       196672  1.71156e+08
    780       321441       321441  3.47662e+08

   Pressure = 14 atm

   T(K)       W1->P0         W1->      Capture
    425      107.663      107.663      8260.43
    643      53108.1      53108.1  2.16793e+07
    673      88872.6      88872.6   4.3644e+07
    700       135391       135391  7.80055e+07
    705       145901       145901  8.64577e+07
    740       237037       237037  1.71156e+08
    780       388308       388308  3.47662e+08

   Pressure = 0.00343 atm

   T(K)       P0->W1         P0->      Capture
    425    3.482e-17    3.482e-17  1.43551e-12
    643  1.60934e-17  1.60934e-17  7.61002e-12
    673  1.46242e-17  1.46242e-17  8.90555e-12
    700  1.34441e-17  1.34441e-17  1.01614e-11
    705  1.32574e-17  1.32574e-17  1.04032e-11
    740  1.19045e-17  1.19045e-17  1.21749e-11
    780  1.05746e-17  1.05746e-17  1.43656e-11

   Pressure = 0.00365 atm

   T(K)       P0->W1         P0->      Capture
    425  3.66393e-17  3.66393e-17  1.43551e-12
    643   1.7007e-17   1.7007e-17  7.61002e-12
    673  1.54603e-17  1.54603e-17  8.90555e-12
    700  1.42171e-17  1.42171e-17  1.01614e-11
    705  1.40204e-17  1.40204e-17  1.04032e-11
    740  1.25943e-17  1.25943e-17  1.21749e-11
    780  1.11917e-17  1.11917e-17  1.43656e-11

   Pressure = 0.00383 atm

   T(K)       P0->W1         P0->      Capture
    425  3.81116e-17  3.81116e-17  1.43551e-12
    643  1.77494e-17  1.77494e-17  7.61002e-12
    673    1.614e-17    1.614e-17  8.90555e-12
    700  1.48458e-17  1.48458e-17  1.01614e-11
    705  1.46409e-17  1.46409e-17  1.04032e-11
    740  1.31556e-17  1.31556e-17  1.21749e-11
    780  1.16938e-17  1.16938e-17  1.43656e-11

   Pressure = 0.00424 atm

   T(K)       P0->W1         P0->      Capture
    425  4.14143e-17  4.14143e-17  1.43551e-12
    643  1.94248e-17  1.94248e-17  7.61002e-12
    673  1.76745e-17  1.76745e-17  8.90555e-12
    700  1.62657e-17  1.62657e-17  1.01614e-11
    705  1.60426e-17  1.60426e-17  1.04032e-11
    740   1.4424e-17   1.4424e-17  1.21749e-11
    780  1.28294e-17  1.28294e-17  1.43656e-11

   Pressure = 0.00428 atm

   T(K)       P0->W1         P0->      Capture
    425   4.1733e-17   4.1733e-17  1.43551e-12
    643  1.95871e-17  1.95871e-17  7.61002e-12
    673  1.78233e-17  1.78233e-17  8.90555e-12
    700  1.64034e-17  1.64034e-17  1.01614e-11
    705  1.61785e-17  1.61785e-17  1.04032e-11
    740  1.45471e-17  1.45471e-17  1.21749e-11
    780  1.29396e-17  1.29396e-17  1.43656e-11

   Pressure = 0.00431 atm

   T(K)       P0->W1         P0->      Capture
    425  4.19716e-17  4.19716e-17  1.43551e-12
    643  1.97088e-17  1.97087e-17  7.61002e-12
    673  1.79347e-17  1.79347e-17  8.90555e-12
    700  1.65065e-17  1.65065e-17  1.01614e-11
    705  1.62803e-17  1.62803e-17  1.04032e-11
    740  1.46393e-17  1.46393e-17  1.21749e-11
    780  1.30221e-17  1.30221e-17  1.43656e-11

   Pressure = 0.00627 atm

   T(K)       P0->W1         P0->      Capture
    425    5.693e-17    5.693e-17  1.43551e-12
    643  2.74559e-17  2.74559e-17  7.61002e-12
    673  2.50438e-17  2.50438e-17  8.90555e-12
    700  2.30944e-17  2.30944e-17  1.01614e-11
    705   2.2785e-17   2.2785e-17  1.04032e-11
    740  2.05363e-17  2.05363e-17  1.21749e-11
    780  1.83109e-17  1.83109e-17  1.43656e-11

   Pressure = 0.00651 atm

   T(K)       P0->W1         P0->      Capture
    425  5.86888e-17  5.86888e-17  1.43551e-12
    643  2.83812e-17  2.83812e-17  7.61002e-12
    673   2.5894e-17   2.5894e-17  8.90555e-12
    700  2.38832e-17  2.38832e-17  1.01614e-11
    705   2.3564e-17   2.3564e-17  1.04032e-11
    740  2.12435e-17  2.12435e-17  1.21749e-11
    780  1.89461e-17  1.89461e-17  1.43656e-11

   Pressure = 0.00656 atm

   T(K)       P0->W1         P0->      Capture
    425  5.90535e-17  5.90535e-17  1.43551e-12
    643  2.85734e-17  2.85734e-17  7.61002e-12
    673  2.60707e-17  2.60707e-17  8.90555e-12
    700  2.40472e-17  2.40472e-17  1.01614e-11
    705  2.37259e-17  2.37259e-17  1.04032e-11
    740  2.13904e-17  2.13904e-17  1.21749e-11
    780  1.90781e-17  1.90781e-17  1.43656e-11

   Pressure = 0.00682 atm

   T(K)       P0->W1         P0->      Capture
    425  6.09406e-17  6.09406e-17  1.43551e-12
    643  2.95699e-17  2.95699e-17  7.61002e-12
    673  2.69867e-17  2.69867e-17  8.90555e-12
    700  2.48972e-17  2.48972e-17  1.01614e-11
    705  2.45654e-17  2.45654e-17  1.04032e-11
    740  2.21528e-17  2.21528e-17  1.21749e-11
    780   1.9763e-17   1.9763e-17  1.43656e-11

   Pressure = 0.00711 atm

   T(K)       P0->W1         P0->      Capture
    425  6.30278e-17  6.30278e-17  1.43551e-12
    643  3.06757e-17  3.06757e-17  7.61002e-12
    673  2.80034e-17  2.80034e-17  8.90555e-12
    700  2.58409e-17  2.58409e-17  1.01614e-11
    705  2.54974e-17  2.54974e-17  1.04032e-11
    740  2.29994e-17  2.29994e-17  1.21749e-11
    780  2.05238e-17  2.05238e-17  1.43656e-11

   Pressure = 0.00741 atm

   T(K)       P0->W1         P0->      Capture
    425  6.51681e-17  6.51681e-17  1.43551e-12
    643  3.18135e-17  3.18135e-17  7.61002e-12
    673  2.90499e-17  2.90499e-17  8.90555e-12
    700  2.68125e-17  2.68125e-17  1.01614e-11
    705   2.6457e-17   2.6457e-17  1.04032e-11
    740  2.38713e-17  2.38713e-17  1.21749e-11
    780  2.13076e-17  2.13076e-17  1.43656e-11

   Pressure = 0.00752 atm

   T(K)       P0->W1         P0->      Capture
    425  6.59483e-17  6.59483e-17  1.43551e-12
    643  3.22291e-17  3.22291e-17  7.61002e-12
    673  2.94323e-17  2.94323e-17  8.90555e-12
    700  2.71676e-17  2.71675e-17  1.01614e-11
    705  2.68077e-17  2.68077e-17  1.04032e-11
    740    2.419e-17    2.419e-17  1.21749e-11
    780  2.15941e-17  2.15941e-17  1.43656e-11

   Pressure = 0.00856 atm

   T(K)       P0->W1         P0->      Capture
    425  7.32105e-17  7.32105e-17  1.43551e-12
    643  3.61217e-17  3.61217e-17  7.61002e-12
    673   3.3015e-17   3.3015e-17  8.90555e-12
    700  3.04958e-17  3.04958e-17  1.01614e-11
    705  3.00952e-17  3.00952e-17  1.04032e-11
    740  2.71793e-17  2.71793e-17  1.21749e-11
    780  2.42832e-17  2.42832e-17  1.43656e-11

   Pressure = 0.0101 atm

   T(K)       P0->W1         P0->      Capture
    425  8.36287e-17  8.36287e-17  1.43551e-12
    643  4.17745e-17  4.17745e-17  7.61002e-12
    673  3.82235e-17  3.82235e-17  8.90555e-12
    700  3.53387e-17  3.53387e-17  1.01614e-11
    705  3.48795e-17  3.48795e-17  1.04032e-11
    740  3.15342e-17  3.15342e-17  1.21749e-11
    780  2.82049e-17  2.82049e-17  1.43656e-11

   Pressure = 1.1 atm

   T(K)       P0->W1         P0->      Capture
    425  3.06068e-15  3.06068e-15  1.43551e-12
    643  2.31317e-15  2.31317e-15  7.61002e-12
    673  2.19544e-15  2.19544e-15  8.90555e-12
    700  2.09205e-15  2.09205e-15  1.01614e-11
    705   2.0751e-15   2.0751e-15  1.04032e-11
    740  1.94527e-15  1.94527e-15  1.21749e-11
    780  1.80521e-15  1.80521e-15  1.43656e-11

   Pressure = 1.5 atm

   T(K)       P0->W1         P0->      Capture
    425  3.83761e-15  3.83761e-15  1.43551e-12
    643  2.99383e-15  2.99383e-15  7.61002e-12
    673  2.84944e-15  2.84944e-15  8.90555e-12
    700  2.72156e-15  2.72156e-15  1.01614e-11
    705  2.70055e-15  2.70055e-15  1.04032e-11
    740  2.53861e-15  2.53861e-15  1.21749e-11
    780  2.36251e-15  2.36251e-15  1.43656e-11

   Pressure = 2 atm

   T(K)       P0->W1         P0->      Capture
    425  4.72727e-15  4.72727e-15  1.43551e-12
    643  3.79979e-15  3.79979e-15  7.61002e-12
    673  3.62611e-15  3.62611e-15  8.90555e-12
    700  3.47096e-15  3.47096e-15  1.01614e-11
    705  3.44543e-15  3.44543e-15  1.04032e-11
    740  3.24729e-15  3.24729e-15  1.21749e-11
    780   3.0301e-15   3.0301e-15  1.43656e-11

   Pressure = 2.7 atm

   T(K)       P0->W1         P0->      Capture
    425  5.86777e-15  5.86777e-15  1.43551e-12
    643   4.8683e-15   4.8683e-15  7.61002e-12
    673  4.65881e-15  4.65881e-15  8.90555e-12
    700  4.46984e-15  4.46984e-15  1.01614e-11
    705  4.43869e-15  4.43869e-15  1.04032e-11
    740    4.195e-15    4.195e-15  1.21749e-11
    780  3.92552e-15  3.92552e-15  1.43656e-11

   Pressure = 3.3 atm

   T(K)       P0->W1         P0->      Capture
    425  6.77474e-15  6.77474e-15  1.43551e-12
    643  5.74266e-15  5.74266e-15  7.61002e-12
    673    5.506e-15    5.506e-15  8.90555e-12
    700  5.29098e-15  5.29098e-15  1.01614e-11
    705   5.2555e-15   5.2555e-15  1.04032e-11
    740  4.97627e-15  4.97627e-15  1.21749e-11
    780  4.66554e-15  4.66554e-15  1.43656e-11

   Pressure = 4.3 atm

   T(K)       P0->W1         P0->      Capture
    425  8.18083e-15  8.18083e-15  1.43551e-12
    643  7.13598e-15  7.13598e-15  7.61002e-12
    673  6.85927e-15  6.85927e-15  8.90555e-12
    700  6.60527e-15  6.60527e-15  1.01614e-11
    705  6.56329e-15  6.56329e-15  1.04032e-11
    740  6.23012e-15  6.23012e-15  1.21749e-11
    780  5.85609e-15  5.85609e-15  1.43656e-11

   Pressure = 11.2 atm

   T(K)       P0->W1         P0->      Capture
    425  1.60231e-14  1.60231e-14  1.43551e-12
    643  1.55526e-14  1.55526e-14  7.61002e-12
    673   1.5092e-14   1.5092e-14  8.90555e-12
    700  1.46477e-14  1.46477e-14  1.01614e-11
    705   1.4574e-14   1.4574e-14  1.04032e-11
    740  1.39637e-14  1.39637e-14  1.21749e-11
    780  1.32519e-14  1.32519e-14  1.43656e-11

   Pressure = 14 atm

   T(K)       P0->W1         P0->      Capture
    425  1.86972e-14  1.86972e-14  1.43551e-12
    643  1.86202e-14  1.86202e-14  7.61002e-12
    673    1.811e-14    1.811e-14  8.90555e-12
    700  1.76101e-14  1.76101e-14  1.01614e-11
    705  1.75271e-14  1.75271e-14  1.04032e-11
    740  1.68308e-14  1.68308e-14  1.21749e-11
    780  1.60099e-14  1.60099e-14  1.43656e-11

______________________________________________________________________________________

Temperature-Pressure Rate Tables:

W1->P0

P\T              425          643          673          700          705          740          780
0.00343     0.201451       46.047      72.0002      103.712      110.753      168.259      257.489
0.00365     0.211964      48.6595      76.1142      109.672      117.124      178.004      272.504
0.00383     0.220471      50.7826      79.4585      114.518      122.304      185.932      284.724
0.00424     0.239553      55.5731       87.009      125.465      134.006      203.848      312.355
0.00428     0.241395      56.0373      87.7409      126.527      135.141      205.586      315.036
0.00431     0.242773      56.3851      88.2893      127.322      135.991      206.888      317.045
0.00627      0.32918      78.5346      123.263      178.104      190.287      290.172      445.719
0.00651     0.339338        81.18      127.446      184.184      196.789      300.159       461.17
0.00656     0.341444      81.7295      128.315      185.447      198.141      302.234      464.382
0.00682     0.352343      84.5783      132.821      191.999      205.147          313      481.043
0.00711     0.364397      87.7394      137.822      199.273      212.926      324.955       499.55
0.00741     0.376757      90.9918      142.969       206.76      220.935      337.267      518.615
0.00752     0.381262        92.18       144.85      209.497      223.862      341.767      525.585
0.00856     0.423198      103.307      162.472      235.148      251.298      383.976      590.995
0.0101       0.48335      119.464      188.089      272.468      291.222      445.462      686.377
1.1          17.6377      6602.38      10782.1      16097.4      17288.7      27420.7        43828
1.5          22.1123       8544.3      13992.5      20938.9        22497      35780.2      57350.9
2            27.2356      10843.5      17804.8      26701.9      28699.2      45763.6        73548
2.7          33.8031      13891.5      22873.3      34382.8      36968.7      59113.1      95270.4
3.3          39.0255      16385.5      27031.1      40696.4      43768.5      70117.1       113221
4.3          47.1213      20359.5      33672.1      50801.2      54655.1      87776.1       142098
11.2         92.2693      44361.5      74066.7       112623       121326       196672       321441
14           107.663      53108.1      88872.6       135391       145901       237037       388308
O-O          8260.43  2.16793e+07   4.3644e+07  7.80055e+07  8.64577e+07  1.71156e+08  3.47662e+08

P0->W1

P\T              425          643          673          700          705          740          780
0.00343    3.482e-17  1.60934e-17  1.46242e-17  1.34441e-17  1.32574e-17  1.19045e-17  1.05746e-17
0.00365  3.66393e-17   1.7007e-17  1.54603e-17  1.42171e-17  1.40204e-17  1.25943e-17  1.11917e-17
0.00383  3.81116e-17  1.77494e-17    1.614e-17  1.48458e-17  1.46409e-17  1.31556e-17  1.16938e-17
0.00424  4.14143e-17  1.94248e-17  1.76745e-17  1.62657e-17  1.60426e-17   1.4424e-17  1.28294e-17
0.00428   4.1733e-17  1.95871e-17  1.78233e-17  1.64034e-17  1.61785e-17  1.45471e-17  1.29396e-17
0.00431  4.19716e-17  1.97088e-17  1.79347e-17  1.65065e-17  1.62803e-17  1.46393e-17  1.30221e-17
0.00627    5.693e-17  2.74559e-17  2.50438e-17  2.30944e-17   2.2785e-17  2.05363e-17  1.83109e-17
0.00651  5.86888e-17  2.83812e-17   2.5894e-17  2.38832e-17   2.3564e-17  2.12435e-17  1.89461e-17
0.00656  5.90535e-17  2.85734e-17  2.60707e-17  2.40472e-17  2.37259e-17  2.13904e-17  1.90781e-17
0.00682  6.09406e-17  2.95699e-17  2.69867e-17  2.48972e-17  2.45654e-17  2.21528e-17   1.9763e-17
0.00711  6.30278e-17  3.06757e-17  2.80034e-17  2.58409e-17  2.54974e-17  2.29994e-17  2.05238e-17
0.00741  6.51681e-17  3.18135e-17  2.90499e-17  2.68125e-17   2.6457e-17  2.38713e-17  2.13076e-17
0.00752  6.59483e-17  3.22291e-17  2.94323e-17  2.71676e-17  2.68077e-17    2.419e-17  2.15941e-17
0.00856  7.32105e-17  3.61217e-17   3.3015e-17  3.04958e-17  3.00952e-17  2.71793e-17  2.42832e-17
0.0101   8.36287e-17  4.17745e-17  3.82235e-17  3.53387e-17  3.48795e-17  3.15342e-17  2.82049e-17
1.1      3.06068e-15  2.31317e-15  2.19544e-15  2.09205e-15   2.0751e-15  1.94527e-15  1.80521e-15
1.5      3.83761e-15  2.99383e-15  2.84944e-15  2.72156e-15  2.70055e-15  2.53861e-15  2.36251e-15
2        4.72727e-15  3.79979e-15  3.62611e-15  3.47096e-15  3.44543e-15  3.24729e-15   3.0301e-15
2.7      5.86777e-15   4.8683e-15  4.65881e-15  4.46984e-15  4.43869e-15    4.195e-15  3.92552e-15
3.3      6.77474e-15  5.74266e-15    5.506e-15  5.29098e-15   5.2555e-15  4.97627e-15  4.66554e-15
4.3      8.18083e-15  7.13598e-15  6.85927e-15  6.60527e-15  6.56329e-15  6.23012e-15  5.85609e-15
11.2     1.60231e-14  1.55526e-14   1.5092e-14  1.46477e-14   1.4574e-14  1.39637e-14  1.32519e-14
14       1.86972e-14  1.86202e-14    1.811e-14  1.76101e-14  1.75271e-14  1.68308e-14  1.60099e-14
O-O      1.43551e-12  7.61002e-12  8.90555e-12  1.01614e-11  1.04032e-11  1.21749e-11  1.43656e-11

W1-> 

P\T              425          643          673          700          705          740          780
0.00343     0.201451      46.0471      72.0002      103.712      110.753      168.259      257.488
0.00365     0.211964      48.6596       76.114      109.672      117.124      178.005      272.505
0.00383     0.220471      50.7827      79.4586      114.519      122.304      185.932      284.724
0.00424     0.239553      55.5731       87.009      125.465      134.006      203.848      312.356
0.00428     0.241395      56.0373       87.741      126.527       135.14      205.586      315.035
0.00431     0.242773      56.3851      88.2893      127.322      135.991      206.889      317.045
0.00627      0.32918      78.5346      123.263      178.104      190.287      290.172      445.719
0.00651     0.339338        81.18      127.446      184.184       196.79      300.159       461.17
0.00656     0.341444      81.7295      128.315      185.447      198.141      302.234      464.382
0.00682     0.352343      84.5784      132.821      191.999      205.148          313      481.042
0.00711     0.364397      87.7393      137.822      199.272      212.926      324.954       499.55
0.00741     0.376757      90.9917      142.969      206.761      220.934      337.268      518.614
0.00752     0.381262      92.1799       144.85      209.497      223.862      341.767      525.585
0.00856     0.423198      103.307      162.472      235.148      251.298      383.977      590.995
0.0101       0.48335      119.464      188.089      272.468      291.222      445.462      686.378
1.1          17.6377      6602.38      10782.1      16097.4      17288.7      27420.7        43828
1.5          22.1123       8544.3      13992.5      20938.9        22497      35780.2      57350.9
2            27.2356      10843.5      17804.8      26701.9      28699.2      45763.6        73548
2.7          33.8031      13891.5      22873.3      34382.8      36968.7      59113.1      95270.4
3.3          39.0255      16385.5      27031.1      40696.4      43768.5      70117.1       113221
4.3          47.1213      20359.5      33672.1      50801.2      54655.1      87776.1       142098
11.2         92.2693      44361.5      74066.7       112623       121326       196672       321441
14           107.663      53108.1      88872.6       135391       145901       237037       388308
O-O          8260.43  2.16793e+07   4.3644e+07  7.80055e+07  8.64577e+07  1.71156e+08  3.47662e+08

P0-> 

P\T              425          643          673          700          705          740          780
0.00343    3.482e-17  1.60934e-17  1.46242e-17  1.34441e-17  1.32574e-17  1.19045e-17  1.05746e-17
0.00365  3.66393e-17   1.7007e-17  1.54603e-17  1.42171e-17  1.40204e-17  1.25943e-17  1.11917e-17
0.00383  3.81116e-17  1.77494e-17    1.614e-17  1.48458e-17  1.46409e-17  1.31556e-17  1.16938e-17
0.00424  4.14143e-17  1.94248e-17  1.76745e-17  1.62657e-17  1.60426e-17   1.4424e-17  1.28294e-17
0.00428   4.1733e-17  1.95871e-17  1.78233e-17  1.64034e-17  1.61785e-17  1.45471e-17  1.29396e-17
0.00431  4.19716e-17  1.97087e-17  1.79347e-17  1.65065e-17  1.62803e-17  1.46393e-17  1.30221e-17
0.00627    5.693e-17  2.74559e-17  2.50438e-17  2.30944e-17   2.2785e-17  2.05363e-17  1.83109e-17
0.00651  5.86888e-17  2.83812e-17   2.5894e-17  2.38832e-17   2.3564e-17  2.12435e-17  1.89461e-17
0.00656  5.90535e-17  2.85734e-17  2.60707e-17  2.40472e-17  2.37259e-17  2.13904e-17  1.90781e-17
0.00682  6.09406e-17  2.95699e-17  2.69867e-17  2.48972e-17  2.45654e-17  2.21528e-17   1.9763e-17
0.00711  6.30278e-17  3.06757e-17  2.80034e-17  2.58409e-17  2.54974e-17  2.29994e-17  2.05238e-17
0.00741  6.51681e-17  3.18135e-17  2.90499e-17  2.68125e-17   2.6457e-17  2.38713e-17  2.13076e-17
0.00752  6.59483e-17  3.22291e-17  2.94323e-17  2.71675e-17  2.68077e-17    2.419e-17  2.15941e-17
0.00856  7.32105e-17  3.61217e-17   3.3015e-17  3.04958e-17  3.00952e-17  2.71793e-17  2.42832e-17
0.0101   8.36287e-17  4.17745e-17  3.82235e-17  3.53387e-17  3.48795e-17  3.15342e-17  2.82049e-17
1.1      3.06068e-15  2.31317e-15  2.19544e-15  2.09205e-15   2.0751e-15  1.94527e-15  1.80521e-15
1.5      3.83761e-15  2.99383e-15  2.84944e-15  2.72156e-15  2.70055e-15  2.53861e-15  2.36251e-15
2        4.72727e-15  3.79979e-15  3.62611e-15  3.47096e-15  3.44543e-15  3.24729e-15   3.0301e-15
2.7      5.86777e-15   4.8683e-15  4.65881e-15  4.46984e-15  4.43869e-15    4.195e-15  3.92552e-15
3.3      6.77474e-15  5.74266e-15    5.506e-15  5.29098e-15   5.2555e-15  4.97627e-15  4.66554e-15
4.3      8.18083e-15  7.13598e-15  6.85927e-15  6.60527e-15  6.56329e-15  6.23012e-15  5.85609e-15
11.2     1.60231e-14  1.55526e-14   1.5092e-14  1.46477e-14   1.4574e-14  1.39637e-14  1.32519e-14
14       1.86972e-14  1.86202e-14    1.811e-14  1.76101e-14  1.75271e-14  1.68308e-14  1.60099e-14
O-O      1.43551e-12  7.61002e-12  8.90555e-12  1.01614e-11  1.04032e-11  1.21749e-11  1.43656e-11

