Wells (G - ground energy, D - dissociation limit, kcal/mol):
      Name        G        D
        W1    -14.6      3.8

Bimolecular Products (G - ground energy, kcal/mol):
      Name        G
        P0      0.0

Well-to-Bimolecular Barriers (H/G - barrier height/well depth, kcal/mol)
      Name        H     Well        G  Product
        B1      3.8       W1    -14.6       P0

________________________________________________________________________________________

Unimolecular Rate Units: 1/sec;  Bimolecular Rate Units: cm^3/sec

______________________________________________________________________________________

Species-Species Rate Tables:

Temperature = 425 K

High Pressure Rate Coefficients:

From\To            W1           P0
W1                ***      8606.49
P0        1.50095e-12          ***

Temperature = 425 K    Pressure = 0.00343 atm

From\To            W1           P0
W1           0.142988     0.142988
P0        2.48658e-17  2.48658e-17

Temperature = 425 K    Pressure = 0.00365 atm

From\To            W1           P0
W1           0.150488     0.150488
P0        2.61709e-17  2.61709e-17

Temperature = 425 K    Pressure = 0.00383 atm

From\To            W1           P0
W1            0.15656      0.15656
P0        2.72276e-17  2.72276e-17

Temperature = 425 K    Pressure = 0.00424 atm

From\To            W1           P0
W1           0.170195     0.170195
P0        2.96004e-17  2.96004e-17

Temperature = 425 K    Pressure = 0.00428 atm

From\To            W1           P0
W1           0.171512     0.171512
P0        2.98295e-17  2.98295e-17

Temperature = 425 K    Pressure = 0.00431 atm

From\To            W1           P0
W1           0.172498     0.172497
P0         3.0001e-17   3.0001e-17

Temperature = 425 K    Pressure = 0.00627 atm

From\To            W1           P0
W1           0.234452     0.234452
P0        4.07835e-17  4.07835e-17

Temperature = 425 K    Pressure = 0.00651 atm

From\To            W1           P0
W1           0.241756     0.241756
P0        4.20548e-17  4.20548e-17

Temperature = 425 K    Pressure = 0.00656 atm

From\To            W1           P0
W1            0.24327     0.243271
P0        4.23185e-17  4.23185e-17

Temperature = 425 K    Pressure = 0.00682 atm

From\To            W1           P0
W1           0.251112     0.251112
P0        4.36834e-17  4.36834e-17

Temperature = 425 K    Pressure = 0.00711 atm

From\To            W1           P0
W1            0.25979      0.25979
P0        4.51939e-17  4.51939e-17

Temperature = 425 K    Pressure = 0.00741 atm

From\To            W1           P0
W1           0.268695     0.268695
P0        4.67439e-17  4.67439e-17

Temperature = 425 K    Pressure = 0.00752 atm

From\To            W1           P0
W1           0.271942     0.271942
P0        4.73091e-17  4.73091e-17

Temperature = 425 K    Pressure = 0.00856 atm

From\To            W1           P0
W1           0.302202     0.302202
P0        5.25764e-17  5.25764e-17

Temperature = 425 K    Pressure = 0.0101 atm

From\To            W1           P0
W1           0.345713     0.345713
P0        6.01508e-17  6.01508e-17

Temperature = 425 K    Pressure = 1.1 atm

From\To            W1           P0
W1            14.0731      14.0731
P0        2.45221e-15  2.45221e-15

Temperature = 425 K    Pressure = 1.5 atm

From\To            W1           P0
W1            17.8502      17.8502
P0        3.11055e-15  3.11055e-15

Temperature = 425 K    Pressure = 2 atm

From\To            W1           P0
W1             22.235       22.235
P0        3.87485e-15  3.87485e-15

Temperature = 425 K    Pressure = 2.7 atm

From\To            W1           P0
W1            27.9351      27.9351
P0        4.86845e-15  4.86845e-15

Temperature = 425 K    Pressure = 3.3 atm

From\To            W1           P0
W1            32.5227      32.5227
P0        5.66814e-15  5.66814e-15

Temperature = 425 K    Pressure = 4.3 atm

From\To            W1           P0
W1            39.7176      39.7176
P0        6.92239e-15  6.92239e-15

Temperature = 425 K    Pressure = 11.2 atm

From\To            W1           P0
W1            81.2092      81.2092
P0        1.41559e-14  1.41559e-14

Temperature = 425 K    Pressure = 14 atm

From\To            W1           P0
W1            95.7532      95.7532
P0        1.66916e-14  1.66916e-14

Temperature = 643 K

High Pressure Rate Coefficients:

From\To            W1           P0
W1                ***  2.24007e+07
P0        7.94438e-12          ***

Temperature = 643 K    Pressure = 0.00343 atm

From\To            W1           P0
W1            39.9173      39.9173
P0        1.41134e-17  1.41134e-17

Temperature = 643 K    Pressure = 0.00365 atm

From\To            W1           P0
W1            42.1902      42.1901
P0        1.49173e-17  1.49173e-17

Temperature = 643 K    Pressure = 0.00383 atm

From\To            W1           P0
W1            44.0379      44.0379
P0        1.55709e-17  1.55709e-17

Temperature = 643 K    Pressure = 0.00424 atm

From\To            W1           P0
W1            48.2098      48.2098
P0        1.70465e-17  1.70465e-17

Temperature = 643 K    Pressure = 0.00428 atm

From\To            W1           P0
W1            48.6142      48.6142
P0        1.71896e-17  1.71896e-17

Temperature = 643 K    Pressure = 0.00431 atm

From\To            W1           P0
W1            48.9172      48.9172
P0        1.72968e-17  1.72968e-17

Temperature = 643 K    Pressure = 0.00627 atm

From\To            W1           P0
W1            68.2485      68.2485
P0        2.41351e-17  2.41351e-17

Temperature = 643 K    Pressure = 0.00651 atm

From\To            W1           P0
W1            70.5611      70.5612
P0        2.49533e-17  2.49533e-17

Temperature = 643 K    Pressure = 0.00656 atm

From\To            W1           P0
W1            71.0419      71.0418
P0        2.51233e-17  2.51233e-17

Temperature = 643 K    Pressure = 0.00682 atm

From\To            W1           P0
W1            73.5335      73.5335
P0        2.60048e-17  2.60048e-17

Temperature = 643 K    Pressure = 0.00711 atm

From\To            W1           P0
W1            76.2994      76.2994
P0        2.69833e-17  2.69833e-17

Temperature = 643 K    Pressure = 0.00741 atm

From\To            W1           P0
W1            79.1464      79.1464
P0        2.79906e-17  2.79906e-17

Temperature = 643 K    Pressure = 0.00752 atm

From\To            W1           P0
W1            80.1869      80.1868
P0        2.83586e-17  2.83586e-17

Temperature = 643 K    Pressure = 0.00856 atm

From\To            W1           P0
W1            89.9364      89.9364
P0         3.1808e-17   3.1808e-17

Temperature = 643 K    Pressure = 0.0101 atm

From\To            W1           P0
W1            104.115      104.115
P0        3.68246e-17  3.68246e-17

Temperature = 643 K    Pressure = 1.1 atm

From\To            W1           P0
W1            6176.21      6176.21
P0         2.1872e-15   2.1872e-15

Temperature = 643 K    Pressure = 1.5 atm

From\To            W1           P0
W1            8052.75      8052.75
P0        2.85193e-15  2.85193e-15

Temperature = 643 K    Pressure = 2 atm

From\To            W1           P0
W1            10293.7      10293.7
P0        3.64578e-15  3.64578e-15

Temperature = 643 K    Pressure = 2.7 atm

From\To            W1           P0
W1            13290.4      13290.4
P0        4.70742e-15  4.70742e-15

Temperature = 643 K    Pressure = 3.3 atm

From\To            W1           P0
W1            15760.8      15760.8
P0        5.58265e-15  5.58265e-15

Temperature = 643 K    Pressure = 4.3 atm

From\To            W1           P0
W1            19725.7      19725.7
P0        6.98743e-15  6.98743e-15

Temperature = 643 K    Pressure = 11.2 atm

From\To            W1           P0
W1            44179.7      44179.7
P0        1.56524e-14  1.56524e-14

Temperature = 643 K    Pressure = 14 atm

From\To            W1           P0
W1            53241.4      53241.4
P0        1.88636e-14  1.88636e-14

Temperature = 673 K

High Pressure Rate Coefficients:

From\To            W1           P0
W1                ***  4.49541e+07
P0        9.27742e-12          ***

Temperature = 673 K    Pressure = 0.00343 atm

From\To            W1           P0
W1            63.4673      63.4672
P0        1.30546e-17  1.30546e-17

Temperature = 673 K    Pressure = 0.00365 atm

From\To            W1           P0
W1             67.106      67.1059
P0        1.38034e-17  1.38034e-17

Temperature = 673 K    Pressure = 0.00383 atm

From\To            W1           P0
W1            70.0651      70.0651
P0        1.44123e-17  1.44123e-17

Temperature = 673 K    Pressure = 0.00424 atm

From\To            W1           P0
W1            76.7495      76.7496
P0        1.57878e-17  1.57878e-17

Temperature = 673 K    Pressure = 0.00428 atm

From\To            W1           P0
W1            77.3978      77.3978
P0        1.59212e-17  1.59212e-17

Temperature = 673 K    Pressure = 0.00431 atm

From\To            W1           P0
W1            77.8833      77.8835
P0        1.60212e-17  1.60212e-17

Temperature = 673 K    Pressure = 0.00627 atm

From\To            W1           P0
W1            108.911      108.911
P0        2.24065e-17  2.24065e-17

Temperature = 673 K    Pressure = 0.00651 atm

From\To            W1           P0
W1            112.627      112.627
P0        2.31715e-17  2.31715e-17

Temperature = 673 K    Pressure = 0.00656 atm

From\To            W1           P0
W1              113.4        113.4
P0        2.33304e-17  2.33304e-17

Temperature = 673 K    Pressure = 0.00682 atm

From\To            W1           P0
W1            117.405      117.405
P0        2.41549e-17  2.41549e-17

Temperature = 673 K    Pressure = 0.00711 atm

From\To            W1           P0
W1            121.853      121.853
P0        2.50702e-17  2.50702e-17

Temperature = 673 K    Pressure = 0.00741 atm

From\To            W1           P0
W1            126.432      126.432
P0        2.60127e-17  2.60127e-17

Temperature = 673 K    Pressure = 0.00752 atm

From\To            W1           P0
W1            128.106      128.106
P0        2.63572e-17  2.63572e-17

Temperature = 673 K    Pressure = 0.00856 atm

From\To            W1           P0
W1            143.798      143.798
P0        2.95871e-17  2.95871e-17

Temperature = 673 K    Pressure = 0.0101 atm

From\To            W1           P0
W1            166.642      166.642
P0        3.42891e-17  3.42891e-17

Temperature = 673 K    Pressure = 1.1 atm

From\To            W1           P0
W1            10217.6      10217.6
P0        2.10519e-15  2.10519e-15

Temperature = 673 K    Pressure = 1.5 atm

From\To            W1           P0
W1            13354.4      13354.4
P0        2.75168e-15  2.75168e-15

Temperature = 673 K    Pressure = 2 atm

From\To            W1           P0
W1            17109.6      17109.6
P0        3.52567e-15  3.52567e-15

Temperature = 673 K    Pressure = 2.7 atm

From\To            W1           P0
W1            22143.8      22143.8
P0        4.56332e-15  4.56332e-15

Temperature = 673 K    Pressure = 3.3 atm

From\To            W1           P0
W1            26302.6      26302.6
P0        5.42057e-15  5.42057e-15

Temperature = 673 K    Pressure = 4.3 atm

From\To            W1           P0
W1            32990.8      32990.8
P0         6.7993e-15   6.7993e-15

Temperature = 673 K    Pressure = 11.2 atm

From\To            W1           P0
W1            74486.6      74486.6
P0        1.53543e-14  1.53543e-14

Temperature = 673 K    Pressure = 14 atm

From\To            W1           P0
W1            89938.1      89938.1
P0        1.85402e-14  1.85402e-14

Temperature = 700 K

High Pressure Rate Coefficients:

From\To            W1           P0
W1                ***  8.01042e+07
P0        1.05641e-11          ***

Temperature = 700 K    Pressure = 0.00343 atm

From\To            W1           P0
W1            92.6567      92.6564
P0        1.21755e-17  1.21755e-17

Temperature = 700 K    Pressure = 0.00365 atm

From\To            W1           P0
W1            97.9992      97.9987
P0        1.28778e-17  1.28778e-17

Temperature = 700 K    Pressure = 0.00383 atm

From\To            W1           P0
W1            102.345      102.345
P0        1.34491e-17  1.34491e-17

Temperature = 700 K    Pressure = 0.00424 atm

From\To            W1           P0
W1            112.166      112.166
P0        1.47402e-17  1.47402e-17

Temperature = 700 K    Pressure = 0.00428 atm

From\To            W1           P0
W1            113.118      113.118
P0        1.48655e-17  1.48655e-17

Temperature = 700 K    Pressure = 0.00431 atm

From\To            W1           P0
W1            113.832      113.832
P0        1.49593e-17  1.49593e-17

Temperature = 700 K    Pressure = 0.00627 atm

From\To            W1           P0
W1            159.482      159.482
P0        2.09612e-17  2.09612e-17

Temperature = 700 K    Pressure = 0.00651 atm

From\To            W1           P0
W1            164.956      164.956
P0         2.1681e-17   2.1681e-17

Temperature = 700 K    Pressure = 0.00656 atm

From\To            W1           P0
W1            166.094      166.094
P0        2.18306e-17  2.18306e-17

Temperature = 700 K    Pressure = 0.00682 atm

From\To            W1           P0
W1            171.995      171.995
P0        2.26065e-17  2.26065e-17

Temperature = 700 K    Pressure = 0.00711 atm

From\To            W1           P0
W1            178.549      178.549
P0        2.34682e-17  2.34682e-17

Temperature = 700 K    Pressure = 0.00741 atm

From\To            W1           P0
W1            185.298      185.298
P0        2.43557e-17  2.43557e-17

Temperature = 700 K    Pressure = 0.00752 atm

From\To            W1           P0
W1            187.765      187.765
P0        2.46801e-17  2.46801e-17

Temperature = 700 K    Pressure = 0.00856 atm

From\To            W1           P0
W1            210.906      210.906
P0         2.7723e-17   2.7723e-17

Temperature = 700 K    Pressure = 0.0101 atm

From\To            W1           P0
W1            244.621      244.622
P0        3.21566e-17  3.21566e-17

Temperature = 700 K    Pressure = 1.1 atm

From\To            W1           P0
W1            15414.8      15414.8
P0        2.02915e-15  2.02915e-15

Temperature = 700 K    Pressure = 1.5 atm

From\To            W1           P0
W1            20187.6      20187.6
P0        2.65762e-15  2.65762e-15

Temperature = 700 K    Pressure = 2 atm

From\To            W1           P0
W1            25913.1      25913.1
P0        3.41159e-15  3.41159e-15

Temperature = 700 K    Pressure = 2.7 atm

From\To            W1           P0
W1            33604.2      33604.2
P0        4.42447e-15  4.42447e-15

Temperature = 700 K    Pressure = 3.3 atm

From\To            W1           P0
W1              39969        39969
P0        5.26273e-15  5.26273e-15

Temperature = 700 K    Pressure = 4.3 atm

From\To            W1           P0
W1            50222.2      50222.2
P0        6.61316e-15  6.61316e-15

Temperature = 700 K    Pressure = 11.2 atm

From\To            W1           P0
W1             114149       114149
P0         1.5034e-14   1.5034e-14

Temperature = 700 K    Pressure = 14 atm

From\To            W1           P0
W1             138050       138050
P0        1.81826e-14  1.81826e-14

Temperature = 705 K

High Pressure Rate Coefficients:

From\To            W1           P0
W1                ***  8.87328e+07
P0        1.08113e-11          ***

Temperature = 705 K    Pressure = 0.00343 atm

From\To            W1           P0
W1            99.1369      99.1369
P0        1.20325e-17  1.20325e-17

Temperature = 705 K    Pressure = 0.00365 atm

From\To            W1           P0
W1            104.858      104.858
P0        1.27272e-17  1.27272e-17

Temperature = 705 K    Pressure = 0.00383 atm

From\To            W1           P0
W1            109.513      109.512
P0        1.32924e-17  1.32924e-17

Temperature = 705 K    Pressure = 0.00424 atm

From\To            W1           P0
W1            120.031      120.031
P0        1.45697e-17  1.45697e-17

Temperature = 705 K    Pressure = 0.00428 atm

From\To            W1           P0
W1            121.051      121.051
P0        1.46936e-17  1.46936e-17

Temperature = 705 K    Pressure = 0.00431 atm

From\To            W1           P0
W1            121.816      121.816
P0        1.47864e-17  1.47864e-17

Temperature = 705 K    Pressure = 0.00627 atm

From\To            W1           P0
W1             170.72       170.72
P0        2.07254e-17  2.07254e-17

Temperature = 705 K    Pressure = 0.00651 atm

From\To            W1           P0
W1            176.585      176.585
P0        2.14378e-17  2.14378e-17

Temperature = 705 K    Pressure = 0.00656 atm

From\To            W1           P0
W1            177.804      177.804
P0        2.15858e-17  2.15858e-17

Temperature = 705 K    Pressure = 0.00682 atm

From\To            W1           P0
W1            184.127      184.128
P0        2.23538e-17  2.23538e-17

Temperature = 705 K    Pressure = 0.00711 atm

From\To            W1           P0
W1             191.15       191.15
P0        2.32067e-17  2.32067e-17

Temperature = 705 K    Pressure = 0.00741 atm

From\To            W1           P0
W1            198.382      198.382
P0        2.40851e-17  2.40851e-17

Temperature = 705 K    Pressure = 0.00752 atm

From\To            W1           P0
W1            201.026      201.026
P0        2.44062e-17  2.44062e-17

Temperature = 705 K    Pressure = 0.00856 atm

From\To            W1           P0
W1            225.826      225.826
P0        2.74184e-17  2.74184e-17

Temperature = 705 K    Pressure = 0.0101 atm

From\To            W1           P0
W1            261.963      261.963
P0        3.18079e-17  3.18079e-17

Temperature = 705 K    Pressure = 1.1 atm

From\To            W1           P0
W1            16582.2      16582.2
P0        2.01638e-15  2.01638e-15

Temperature = 705 K    Pressure = 1.5 atm

From\To            W1           P0
W1            21723.7      21723.7
P0         2.6418e-15   2.6418e-15

Temperature = 705 K    Pressure = 2 atm

From\To            W1           P0
W1            27893.6      27893.6
P0        3.39237e-15  3.39237e-15

Temperature = 705 K    Pressure = 2.7 atm

From\To            W1           P0
W1            36184.7      36184.7
P0        4.40103e-15  4.40103e-15

Temperature = 705 K    Pressure = 3.3 atm

From\To            W1           P0
W1              43048        43048
P0        5.23605e-15  5.23605e-15

Temperature = 705 K    Pressure = 4.3 atm

From\To            W1           P0
W1            54107.5      54107.5
P0        6.58165e-15  6.58165e-15

Temperature = 705 K    Pressure = 11.2 atm

From\To            W1           P0
W1             123120       123120
P0        1.49796e-14  1.49796e-14

Temperature = 705 K    Pressure = 14 atm

From\To            W1           P0
W1             148939       148939
P0        1.81218e-14  1.81218e-14

Temperature = 740 K

High Pressure Rate Coefficients:

From\To            W1           P0
W1                ***  1.74931e+08
P0        1.26164e-11          ***

Temperature = 740 K    Pressure = 0.00343 atm

From\To            W1           P0
W1            153.098      153.098
P0        1.09967e-17  1.09967e-17

Temperature = 740 K    Pressure = 0.00365 atm

From\To            W1           P0
W1            161.993      161.993
P0        1.16359e-17  1.16359e-17

Temperature = 740 K    Pressure = 0.00383 atm

From\To            W1           P0
W1            169.232      169.232
P0         1.2156e-17   1.2156e-17

Temperature = 740 K    Pressure = 0.00424 atm

From\To            W1           P0
W1            185.598      185.598
P0        1.33322e-17  1.33322e-17

Temperature = 740 K    Pressure = 0.00428 atm

From\To            W1           P0
W1            187.187      187.186
P0        1.34463e-17  1.34463e-17

Temperature = 740 K    Pressure = 0.00431 atm

From\To            W1           P0
W1            188.377      188.377
P0        1.35318e-17  1.35318e-17

Temperature = 740 K    Pressure = 0.00627 atm

From\To            W1           P0
W1            264.597      264.597
P0        1.90097e-17  1.90097e-17

Temperature = 740 K    Pressure = 0.00651 atm

From\To            W1           P0
W1            273.751       273.75
P0        1.96676e-17  1.96676e-17

Temperature = 740 K    Pressure = 0.00656 atm

From\To            W1           P0
W1            275.653      275.653
P0        1.98044e-17  1.98044e-17

Temperature = 740 K    Pressure = 0.00682 atm

From\To            W1           P0
W1            285.523      285.524
P0        2.05138e-17  2.05138e-17

Temperature = 740 K    Pressure = 0.00711 atm

From\To            W1           P0
W1            296.488      296.489
P0        2.13019e-17  2.13019e-17

Temperature = 740 K    Pressure = 0.00741 atm

From\To            W1           P0
W1            307.784      307.784
P0        2.21138e-17  2.21138e-17

Temperature = 740 K    Pressure = 0.00752 atm

From\To            W1           P0
W1            311.914      311.914
P0        2.24107e-17  2.24107e-17

Temperature = 740 K    Pressure = 0.00856 atm

From\To            W1           P0
W1            350.673      350.673
P0        2.51967e-17  2.51967e-17

Temperature = 740 K    Pressure = 0.0101 atm

From\To            W1           P0
W1            407.204      407.204
P0        2.92603e-17  2.92603e-17

Temperature = 740 K    Pressure = 1.1 atm

From\To            W1           P0
W1            26626.9      26626.9
P0        1.91619e-15  1.91619e-15

Temperature = 740 K    Pressure = 1.5 atm

From\To            W1           P0
W1            34966.2      34966.2
P0        2.51654e-15  2.51654e-15

Temperature = 740 K    Pressure = 2 atm

From\To            W1           P0
W1              44998        44998
P0        3.23877e-15  3.23877e-15

Temperature = 740 K    Pressure = 2.7 atm

From\To            W1           P0
W1            58511.1      58511.1
P0        4.21172e-15  4.21172e-15

Temperature = 740 K    Pressure = 3.3 atm

From\To            W1           P0
W1            69720.4      69720.4
P0        5.01883e-15  5.01883e-15

Temperature = 740 K    Pressure = 4.3 atm

From\To            W1           P0
W1            87818.5      87818.5
P0        6.32205e-15  6.32205e-15

Temperature = 740 K    Pressure = 11.2 atm

From\To            W1           P0
W1             201412       201412
P0        1.45029e-14  1.45029e-14

Temperature = 740 K    Pressure = 14 atm

From\To            W1           P0
W1             244112       244112
P0        1.75785e-14  1.75785e-14

Temperature = 780 K

High Pressure Rate Coefficients:

From\To            W1           P0
W1                ***  3.53568e+08
P0        1.48352e-11          ***

Temperature = 780 K    Pressure = 0.00343 atm

From\To            W1           P0
W1            237.983      237.983
P0        9.93781e-18  9.93781e-18

Temperature = 780 K    Pressure = 0.00365 atm

From\To            W1           P0
W1            251.904      251.904
P0        1.05194e-17  1.05194e-17

Temperature = 780 K    Pressure = 0.00383 atm

From\To            W1           P0
W1            263.236      263.236
P0        1.09928e-17  1.09928e-17

Temperature = 780 K    Pressure = 0.00424 atm

From\To            W1           P0
W1            288.871      288.872
P0        1.20639e-17  1.20639e-17

Temperature = 780 K    Pressure = 0.00428 atm

From\To            W1           P0
W1            291.361       291.36
P0        1.21679e-17  1.21679e-17

Temperature = 780 K    Pressure = 0.00431 atm

From\To            W1           P0
W1            293.226      293.225
P0        1.22458e-17  1.22458e-17

Temperature = 780 K    Pressure = 0.00627 atm

From\To            W1           P0
W1            412.817      412.817
P0        1.72429e-17  1.72429e-17

Temperature = 780 K    Pressure = 0.00651 atm

From\To            W1           P0
W1            427.197      427.197
P0        1.78438e-17  1.78438e-17

Temperature = 780 K    Pressure = 0.00656 atm

From\To            W1           P0
W1            430.187      430.187
P0        1.79687e-17  1.79687e-17

Temperature = 780 K    Pressure = 0.00682 atm

From\To            W1           P0
W1            445.698      445.698
P0        1.86169e-17  1.86169e-17

Temperature = 780 K    Pressure = 0.00711 atm

From\To            W1           P0
W1            462.934      462.934
P0        1.93372e-17  1.93372e-17

Temperature = 780 K    Pressure = 0.00741 atm

From\To            W1           P0
W1            480.695      480.695
P0        2.00795e-17  2.00794e-17

Temperature = 780 K    Pressure = 0.00752 atm

From\To            W1           P0
W1             487.19       487.19
P0        2.03509e-17  2.03509e-17

Temperature = 780 K    Pressure = 0.00856 atm

From\To            W1           P0
W1            548.173      548.173
P0        2.28994e-17  2.28995e-17

Temperature = 780 K    Pressure = 0.0101 atm

From\To            W1           P0
W1            637.208      637.208
P0        2.66206e-17  2.66206e-17

Temperature = 780 K    Pressure = 1.1 atm

From\To            W1           P0
W1            43072.2      43072.2
P0        1.80245e-15  1.80245e-15

Temperature = 780 K    Pressure = 1.5 atm

From\To            W1           P0
W1            56700.5      56700.5
P0        2.37298e-15  2.37298e-15

Temperature = 780 K    Pressure = 2 atm

From\To            W1           P0
W1            73135.3      73135.3
P0        3.06105e-15  3.06105e-15

Temperature = 780 K    Pressure = 2.7 atm

From\To            W1           P0
W1            95328.9      95328.9
P0        3.99031e-15  3.99031e-15

Temperature = 780 K    Pressure = 3.3 atm

From\To            W1           P0
W1             113778       113778
P0        4.76282e-15  4.76282e-15

Temperature = 780 K    Pressure = 4.3 atm

From\To            W1           P0
W1             143625       143625
P0        6.01272e-15  6.01272e-15

Temperature = 780 K    Pressure = 11.2 atm

From\To            W1           P0
W1             332089       332089
P0        1.39062e-14  1.39062e-14

Temperature = 780 K    Pressure = 14 atm

From\To            W1           P0
W1             403279       403279
P0        1.68883e-14  1.68883e-14

______________________________________________________________________________________

High Pressure Rate Coefficients (Temperature-Species Rate Tables):

   T(K)       W1->W1       W1->P0
    425          ***      8606.49
    643          ***  2.24007e+07
    673          ***  4.49541e+07
    700          ***  8.01042e+07
    705          ***  8.87328e+07
    740          ***  1.74931e+08
    780          ***  3.53568e+08

   T(K)       P0->W1       P0->P0
    425  1.50095e-12          ***
    643  7.94438e-12          ***
    673  9.27742e-12          ***
    700  1.05641e-11          ***
    705  1.08113e-11          ***
    740  1.26164e-11          ***
    780  1.48352e-11          ***

Capture/Escape Rate Coefficients:

   T(K)           W1           P0
    425      8606.49  1.50095e-12
    643  2.24007e+07  7.94438e-12
    673  4.49541e+07  9.27742e-12
    700  8.01042e+07  1.05641e-11
    705  8.87328e+07  1.08113e-11
    740  1.74931e+08  1.26164e-11
    780  3.53568e+08  1.48352e-11

______________________________________________________________________________________

Pressure-Species Rate Tables:

   Temperature = 425 K

   P(atm)       W1->P0         W1->
  0.00343     0.142988     0.142988
  0.00365     0.150488     0.150488
  0.00383      0.15656      0.15656
  0.00424     0.170195     0.170195
  0.00428     0.171512     0.171512
  0.00431     0.172497     0.172498
  0.00627     0.234452     0.234452
  0.00651     0.241756     0.241756
  0.00656     0.243271      0.24327
  0.00682     0.251112     0.251112
  0.00711      0.25979      0.25979
  0.00741     0.268695     0.268695
  0.00752     0.271942     0.271942
  0.00856     0.302202     0.302202
   0.0101     0.345713     0.345713
      1.1      14.0731      14.0731
      1.5      17.8502      17.8502
        2       22.235       22.235
      2.7      27.9351      27.9351
      3.3      32.5227      32.5227
      4.3      39.7176      39.7176
     11.2      81.2092      81.2092
       14      95.7532      95.7532
    O-O      8606.49      8606.49

   Temperature = 643 K

   P(atm)       W1->P0         W1->
  0.00343      39.9173      39.9173
  0.00365      42.1901      42.1902
  0.00383      44.0379      44.0379
  0.00424      48.2098      48.2098
  0.00428      48.6142      48.6142
  0.00431      48.9172      48.9172
  0.00627      68.2485      68.2485
  0.00651      70.5612      70.5611
  0.00656      71.0418      71.0419
  0.00682      73.5335      73.5335
  0.00711      76.2994      76.2994
  0.00741      79.1464      79.1464
  0.00752      80.1868      80.1869
  0.00856      89.9364      89.9364
   0.0101      104.115      104.115
      1.1      6176.21      6176.21
      1.5      8052.75      8052.75
        2      10293.7      10293.7
      2.7      13290.4      13290.4
      3.3      15760.8      15760.8
      4.3      19725.7      19725.7
     11.2      44179.7      44179.7
       14      53241.4      53241.4
    O-O  2.24007e+07  2.24007e+07

   Temperature = 673 K

   P(atm)       W1->P0         W1->
  0.00343      63.4672      63.4673
  0.00365      67.1059       67.106
  0.00383      70.0651      70.0651
  0.00424      76.7496      76.7495
  0.00428      77.3978      77.3978
  0.00431      77.8835      77.8833
  0.00627      108.911      108.911
  0.00651      112.627      112.627
  0.00656        113.4        113.4
  0.00682      117.405      117.405
  0.00711      121.853      121.853
  0.00741      126.432      126.432
  0.00752      128.106      128.106
  0.00856      143.798      143.798
   0.0101      166.642      166.642
      1.1      10217.6      10217.6
      1.5      13354.4      13354.4
        2      17109.6      17109.6
      2.7      22143.8      22143.8
      3.3      26302.6      26302.6
      4.3      32990.8      32990.8
     11.2      74486.6      74486.6
       14      89938.1      89938.1
    O-O  4.49541e+07  4.49541e+07

   Temperature = 700 K

   P(atm)       W1->P0         W1->
  0.00343      92.6564      92.6567
  0.00365      97.9987      97.9992
  0.00383      102.345      102.345
  0.00424      112.166      112.166
  0.00428      113.118      113.118
  0.00431      113.832      113.832
  0.00627      159.482      159.482
  0.00651      164.956      164.956
  0.00656      166.094      166.094
  0.00682      171.995      171.995
  0.00711      178.549      178.549
  0.00741      185.298      185.298
  0.00752      187.765      187.765
  0.00856      210.906      210.906
   0.0101      244.622      244.621
      1.1      15414.8      15414.8
      1.5      20187.6      20187.6
        2      25913.1      25913.1
      2.7      33604.2      33604.2
      3.3        39969        39969
      4.3      50222.2      50222.2
     11.2       114149       114149
       14       138050       138050
    O-O  8.01042e+07  8.01042e+07

   Temperature = 705 K

   P(atm)       W1->P0         W1->
  0.00343      99.1369      99.1369
  0.00365      104.858      104.858
  0.00383      109.512      109.513
  0.00424      120.031      120.031
  0.00428      121.051      121.051
  0.00431      121.816      121.816
  0.00627       170.72       170.72
  0.00651      176.585      176.585
  0.00656      177.804      177.804
  0.00682      184.128      184.127
  0.00711       191.15       191.15
  0.00741      198.382      198.382
  0.00752      201.026      201.026
  0.00856      225.826      225.826
   0.0101      261.963      261.963
      1.1      16582.2      16582.2
      1.5      21723.7      21723.7
        2      27893.6      27893.6
      2.7      36184.7      36184.7
      3.3        43048        43048
      4.3      54107.5      54107.5
     11.2       123120       123120
       14       148939       148939
    O-O  8.87328e+07  8.87328e+07

   Temperature = 740 K

   P(atm)       W1->P0         W1->
  0.00343      153.098      153.098
  0.00365      161.993      161.993
  0.00383      169.232      169.232
  0.00424      185.598      185.598
  0.00428      187.186      187.187
  0.00431      188.377      188.377
  0.00627      264.597      264.597
  0.00651       273.75      273.751
  0.00656      275.653      275.653
  0.00682      285.524      285.523
  0.00711      296.489      296.488
  0.00741      307.784      307.784
  0.00752      311.914      311.914
  0.00856      350.673      350.673
   0.0101      407.204      407.204
      1.1      26626.9      26626.9
      1.5      34966.2      34966.2
        2        44998        44998
      2.7      58511.1      58511.1
      3.3      69720.4      69720.4
      4.3      87818.5      87818.5
     11.2       201412       201412
       14       244112       244112
    O-O  1.74931e+08  1.74931e+08

   Temperature = 780 K

   P(atm)       W1->P0         W1->
  0.00343      237.983      237.983
  0.00365      251.904      251.904
  0.00383      263.236      263.236
  0.00424      288.872      288.871
  0.00428       291.36      291.361
  0.00431      293.225      293.226
  0.00627      412.817      412.817
  0.00651      427.197      427.197
  0.00656      430.187      430.187
  0.00682      445.698      445.698
  0.00711      462.934      462.934
  0.00741      480.695      480.695
  0.00752       487.19       487.19
  0.00856      548.173      548.173
   0.0101      637.208      637.208
      1.1      43072.2      43072.2
      1.5      56700.5      56700.5
        2      73135.3      73135.3
      2.7      95328.9      95328.9
      3.3       113778       113778
      4.3       143625       143625
     11.2       332089       332089
       14       403279       403279
    O-O  3.53568e+08  3.53568e+08

   Temperature = 425 K

   P(atm)       P0->W1         P0->
  0.00343  2.48658e-17  2.48658e-17
  0.00365  2.61709e-17  2.61709e-17
  0.00383  2.72276e-17  2.72276e-17
  0.00424  2.96004e-17  2.96004e-17
  0.00428  2.98295e-17  2.98295e-17
  0.00431   3.0001e-17   3.0001e-17
  0.00627  4.07835e-17  4.07835e-17
  0.00651  4.20548e-17  4.20548e-17
  0.00656  4.23185e-17  4.23185e-17
  0.00682  4.36834e-17  4.36834e-17
  0.00711  4.51939e-17  4.51939e-17
  0.00741  4.67439e-17  4.67439e-17
  0.00752  4.73091e-17  4.73091e-17
  0.00856  5.25764e-17  5.25764e-17
   0.0101  6.01508e-17  6.01508e-17
      1.1  2.45221e-15  2.45221e-15
      1.5  3.11055e-15  3.11055e-15
        2  3.87485e-15  3.87485e-15
      2.7  4.86845e-15  4.86845e-15
      3.3  5.66814e-15  5.66814e-15
      4.3  6.92239e-15  6.92239e-15
     11.2  1.41559e-14  1.41559e-14
       14  1.66916e-14  1.66916e-14
    O-O  1.50095e-12  1.50095e-12

   Temperature = 643 K

   P(atm)       P0->W1         P0->
  0.00343  1.41134e-17  1.41134e-17
  0.00365  1.49173e-17  1.49173e-17
  0.00383  1.55709e-17  1.55709e-17
  0.00424  1.70465e-17  1.70465e-17
  0.00428  1.71896e-17  1.71896e-17
  0.00431  1.72968e-17  1.72968e-17
  0.00627  2.41351e-17  2.41351e-17
  0.00651  2.49533e-17  2.49533e-17
  0.00656  2.51233e-17  2.51233e-17
  0.00682  2.60048e-17  2.60048e-17
  0.00711  2.69833e-17  2.69833e-17
  0.00741  2.79906e-17  2.79906e-17
  0.00752  2.83586e-17  2.83586e-17
  0.00856   3.1808e-17   3.1808e-17
   0.0101  3.68246e-17  3.68246e-17
      1.1   2.1872e-15   2.1872e-15
      1.5  2.85193e-15  2.85193e-15
        2  3.64578e-15  3.64578e-15
      2.7  4.70742e-15  4.70742e-15
      3.3  5.58265e-15  5.58265e-15
      4.3  6.98743e-15  6.98743e-15
     11.2  1.56524e-14  1.56524e-14
       14  1.88636e-14  1.88636e-14
    O-O  7.94438e-12  7.94438e-12

   Temperature = 673 K

   P(atm)       P0->W1         P0->
  0.00343  1.30546e-17  1.30546e-17
  0.00365  1.38034e-17  1.38034e-17
  0.00383  1.44123e-17  1.44123e-17
  0.00424  1.57878e-17  1.57878e-17
  0.00428  1.59212e-17  1.59212e-17
  0.00431  1.60212e-17  1.60212e-17
  0.00627  2.24065e-17  2.24065e-17
  0.00651  2.31715e-17  2.31715e-17
  0.00656  2.33304e-17  2.33304e-17
  0.00682  2.41549e-17  2.41549e-17
  0.00711  2.50702e-17  2.50702e-17
  0.00741  2.60127e-17  2.60127e-17
  0.00752  2.63572e-17  2.63572e-17
  0.00856  2.95871e-17  2.95871e-17
   0.0101  3.42891e-17  3.42891e-17
      1.1  2.10519e-15  2.10519e-15
      1.5  2.75168e-15  2.75168e-15
        2  3.52567e-15  3.52567e-15
      2.7  4.56332e-15  4.56332e-15
      3.3  5.42057e-15  5.42057e-15
      4.3   6.7993e-15   6.7993e-15
     11.2  1.53543e-14  1.53543e-14
       14  1.85402e-14  1.85402e-14
    O-O  9.27742e-12  9.27742e-12

   Temperature = 700 K

   P(atm)       P0->W1         P0->
  0.00343  1.21755e-17  1.21755e-17
  0.00365  1.28778e-17  1.28778e-17
  0.00383  1.34491e-17  1.34491e-17
  0.00424  1.47402e-17  1.47402e-17
  0.00428  1.48655e-17  1.48655e-17
  0.00431  1.49593e-17  1.49593e-17
  0.00627  2.09612e-17  2.09612e-17
  0.00651   2.1681e-17   2.1681e-17
  0.00656  2.18306e-17  2.18306e-17
  0.00682  2.26065e-17  2.26065e-17
  0.00711  2.34682e-17  2.34682e-17
  0.00741  2.43557e-17  2.43557e-17
  0.00752  2.46801e-17  2.46801e-17
  0.00856   2.7723e-17   2.7723e-17
   0.0101  3.21566e-17  3.21566e-17
      1.1  2.02915e-15  2.02915e-15
      1.5  2.65762e-15  2.65762e-15
        2  3.41159e-15  3.41159e-15
      2.7  4.42447e-15  4.42447e-15
      3.3  5.26273e-15  5.26273e-15
      4.3  6.61316e-15  6.61316e-15
     11.2   1.5034e-14   1.5034e-14
       14  1.81826e-14  1.81826e-14
    O-O  1.05641e-11  1.05641e-11

   Temperature = 705 K

   P(atm)       P0->W1         P0->
  0.00343  1.20325e-17  1.20325e-17
  0.00365  1.27272e-17  1.27272e-17
  0.00383  1.32924e-17  1.32924e-17
  0.00424  1.45697e-17  1.45697e-17
  0.00428  1.46936e-17  1.46936e-17
  0.00431  1.47864e-17  1.47864e-17
  0.00627  2.07254e-17  2.07254e-17
  0.00651  2.14378e-17  2.14378e-17
  0.00656  2.15858e-17  2.15858e-17
  0.00682  2.23538e-17  2.23538e-17
  0.00711  2.32067e-17  2.32067e-17
  0.00741  2.40851e-17  2.40851e-17
  0.00752  2.44062e-17  2.44062e-17
  0.00856  2.74184e-17  2.74184e-17
   0.0101  3.18079e-17  3.18079e-17
      1.1  2.01638e-15  2.01638e-15
      1.5   2.6418e-15   2.6418e-15
        2  3.39237e-15  3.39237e-15
      2.7  4.40103e-15  4.40103e-15
      3.3  5.23605e-15  5.23605e-15
      4.3  6.58165e-15  6.58165e-15
     11.2  1.49796e-14  1.49796e-14
       14  1.81218e-14  1.81218e-14
    O-O  1.08113e-11  1.08113e-11

   Temperature = 740 K

   P(atm)       P0->W1         P0->
  0.00343  1.09967e-17  1.09967e-17
  0.00365  1.16359e-17  1.16359e-17
  0.00383   1.2156e-17   1.2156e-17
  0.00424  1.33322e-17  1.33322e-17
  0.00428  1.34463e-17  1.34463e-17
  0.00431  1.35318e-17  1.35318e-17
  0.00627  1.90097e-17  1.90097e-17
  0.00651  1.96676e-17  1.96676e-17
  0.00656  1.98044e-17  1.98044e-17
  0.00682  2.05138e-17  2.05138e-17
  0.00711  2.13019e-17  2.13019e-17
  0.00741  2.21138e-17  2.21138e-17
  0.00752  2.24107e-17  2.24107e-17
  0.00856  2.51967e-17  2.51967e-17
   0.0101  2.92603e-17  2.92603e-17
      1.1  1.91619e-15  1.91619e-15
      1.5  2.51654e-15  2.51654e-15
        2  3.23877e-15  3.23877e-15
      2.7  4.21172e-15  4.21172e-15
      3.3  5.01883e-15  5.01883e-15
      4.3  6.32205e-15  6.32205e-15
     11.2  1.45029e-14  1.45029e-14
       14  1.75785e-14  1.75785e-14
    O-O  1.26164e-11  1.26164e-11

   Temperature = 780 K

   P(atm)       P0->W1         P0->
  0.00343  9.93781e-18  9.93781e-18
  0.00365  1.05194e-17  1.05194e-17
  0.00383  1.09928e-17  1.09928e-17
  0.00424  1.20639e-17  1.20639e-17
  0.00428  1.21679e-17  1.21679e-17
  0.00431  1.22458e-17  1.22458e-17
  0.00627  1.72429e-17  1.72429e-17
  0.00651  1.78438e-17  1.78438e-17
  0.00656  1.79687e-17  1.79687e-17
  0.00682  1.86169e-17  1.86169e-17
  0.00711  1.93372e-17  1.93372e-17
  0.00741  2.00795e-17  2.00794e-17
  0.00752  2.03509e-17  2.03509e-17
  0.00856  2.28994e-17  2.28995e-17
   0.0101  2.66206e-17  2.66206e-17
      1.1  1.80245e-15  1.80245e-15
      1.5  2.37298e-15  2.37298e-15
        2  3.06105e-15  3.06105e-15
      2.7  3.99031e-15  3.99031e-15
      3.3  4.76282e-15  4.76282e-15
      4.3  6.01272e-15  6.01272e-15
     11.2  1.39062e-14  1.39062e-14
       14  1.68883e-14  1.68883e-14
    O-O  1.48352e-11  1.48352e-11

______________________________________________________________________________________

Temperature-Species Rate Tables:

   Pressure = 0.00343 atm

   T(K)       W1->P0         W1->      Capture
    425     0.142988     0.142988      8606.49
    643      39.9173      39.9173  2.24007e+07
    673      63.4672      63.4673  4.49541e+07
    700      92.6564      92.6567  8.01042e+07
    705      99.1369      99.1369  8.87328e+07
    740      153.098      153.098  1.74931e+08
    780      237.983      237.983  3.53568e+08

   Pressure = 0.00365 atm

   T(K)       W1->P0         W1->      Capture
    425     0.150488     0.150488      8606.49
    643      42.1901      42.1902  2.24007e+07
    673      67.1059       67.106  4.49541e+07
    700      97.9987      97.9992  8.01042e+07
    705      104.858      104.858  8.87328e+07
    740      161.993      161.993  1.74931e+08
    780      251.904      251.904  3.53568e+08

   Pressure = 0.00383 atm

   T(K)       W1->P0         W1->      Capture
    425      0.15656      0.15656      8606.49
    643      44.0379      44.0379  2.24007e+07
    673      70.0651      70.0651  4.49541e+07
    700      102.345      102.345  8.01042e+07
    705      109.512      109.513  8.87328e+07
    740      169.232      169.232  1.74931e+08
    780      263.236      263.236  3.53568e+08

   Pressure = 0.00424 atm

   T(K)       W1->P0         W1->      Capture
    425     0.170195     0.170195      8606.49
    643      48.2098      48.2098  2.24007e+07
    673      76.7496      76.7495  4.49541e+07
    700      112.166      112.166  8.01042e+07
    705      120.031      120.031  8.87328e+07
    740      185.598      185.598  1.74931e+08
    780      288.872      288.871  3.53568e+08

   Pressure = 0.00428 atm

   T(K)       W1->P0         W1->      Capture
    425     0.171512     0.171512      8606.49
    643      48.6142      48.6142  2.24007e+07
    673      77.3978      77.3978  4.49541e+07
    700      113.118      113.118  8.01042e+07
    705      121.051      121.051  8.87328e+07
    740      187.186      187.187  1.74931e+08
    780       291.36      291.361  3.53568e+08

   Pressure = 0.00431 atm

   T(K)       W1->P0         W1->      Capture
    425     0.172497     0.172498      8606.49
    643      48.9172      48.9172  2.24007e+07
    673      77.8835      77.8833  4.49541e+07
    700      113.832      113.832  8.01042e+07
    705      121.816      121.816  8.87328e+07
    740      188.377      188.377  1.74931e+08
    780      293.225      293.226  3.53568e+08

   Pressure = 0.00627 atm

   T(K)       W1->P0         W1->      Capture
    425     0.234452     0.234452      8606.49
    643      68.2485      68.2485  2.24007e+07
    673      108.911      108.911  4.49541e+07
    700      159.482      159.482  8.01042e+07
    705       170.72       170.72  8.87328e+07
    740      264.597      264.597  1.74931e+08
    780      412.817      412.817  3.53568e+08

   Pressure = 0.00651 atm

   T(K)       W1->P0         W1->      Capture
    425     0.241756     0.241756      8606.49
    643      70.5612      70.5611  2.24007e+07
    673      112.627      112.627  4.49541e+07
    700      164.956      164.956  8.01042e+07
    705      176.585      176.585  8.87328e+07
    740       273.75      273.751  1.74931e+08
    780      427.197      427.197  3.53568e+08

   Pressure = 0.00656 atm

   T(K)       W1->P0         W1->      Capture
    425     0.243271      0.24327      8606.49
    643      71.0418      71.0419  2.24007e+07
    673        113.4        113.4  4.49541e+07
    700      166.094      166.094  8.01042e+07
    705      177.804      177.804  8.87328e+07
    740      275.653      275.653  1.74931e+08
    780      430.187      430.187  3.53568e+08

   Pressure = 0.00682 atm

   T(K)       W1->P0         W1->      Capture
    425     0.251112     0.251112      8606.49
    643      73.5335      73.5335  2.24007e+07
    673      117.405      117.405  4.49541e+07
    700      171.995      171.995  8.01042e+07
    705      184.128      184.127  8.87328e+07
    740      285.524      285.523  1.74931e+08
    780      445.698      445.698  3.53568e+08

   Pressure = 0.00711 atm

   T(K)       W1->P0         W1->      Capture
    425      0.25979      0.25979      8606.49
    643      76.2994      76.2994  2.24007e+07
    673      121.853      121.853  4.49541e+07
    700      178.549      178.549  8.01042e+07
    705       191.15       191.15  8.87328e+07
    740      296.489      296.488  1.74931e+08
    780      462.934      462.934  3.53568e+08

   Pressure = 0.00741 atm

   T(K)       W1->P0         W1->      Capture
    425     0.268695     0.268695      8606.49
    643      79.1464      79.1464  2.24007e+07
    673      126.432      126.432  4.49541e+07
    700      185.298      185.298  8.01042e+07
    705      198.382      198.382  8.87328e+07
    740      307.784      307.784  1.74931e+08
    780      480.695      480.695  3.53568e+08

   Pressure = 0.00752 atm

   T(K)       W1->P0         W1->      Capture
    425     0.271942     0.271942      8606.49
    643      80.1868      80.1869  2.24007e+07
    673      128.106      128.106  4.49541e+07
    700      187.765      187.765  8.01042e+07
    705      201.026      201.026  8.87328e+07
    740      311.914      311.914  1.74931e+08
    780       487.19       487.19  3.53568e+08

   Pressure = 0.00856 atm

   T(K)       W1->P0         W1->      Capture
    425     0.302202     0.302202      8606.49
    643      89.9364      89.9364  2.24007e+07
    673      143.798      143.798  4.49541e+07
    700      210.906      210.906  8.01042e+07
    705      225.826      225.826  8.87328e+07
    740      350.673      350.673  1.74931e+08
    780      548.173      548.173  3.53568e+08

   Pressure = 0.0101 atm

   T(K)       W1->P0         W1->      Capture
    425     0.345713     0.345713      8606.49
    643      104.115      104.115  2.24007e+07
    673      166.642      166.642  4.49541e+07
    700      244.622      244.621  8.01042e+07
    705      261.963      261.963  8.87328e+07
    740      407.204      407.204  1.74931e+08
    780      637.208      637.208  3.53568e+08

   Pressure = 1.1 atm

   T(K)       W1->P0         W1->      Capture
    425      14.0731      14.0731      8606.49
    643      6176.21      6176.21  2.24007e+07
    673      10217.6      10217.6  4.49541e+07
    700      15414.8      15414.8  8.01042e+07
    705      16582.2      16582.2  8.87328e+07
    740      26626.9      26626.9  1.74931e+08
    780      43072.2      43072.2  3.53568e+08

   Pressure = 1.5 atm

   T(K)       W1->P0         W1->      Capture
    425      17.8502      17.8502      8606.49
    643      8052.75      8052.75  2.24007e+07
    673      13354.4      13354.4  4.49541e+07
    700      20187.6      20187.6  8.01042e+07
    705      21723.7      21723.7  8.87328e+07
    740      34966.2      34966.2  1.74931e+08
    780      56700.5      56700.5  3.53568e+08

   Pressure = 2 atm

   T(K)       W1->P0         W1->      Capture
    425       22.235       22.235      8606.49
    643      10293.7      10293.7  2.24007e+07
    673      17109.6      17109.6  4.49541e+07
    700      25913.1      25913.1  8.01042e+07
    705      27893.6      27893.6  8.87328e+07
    740        44998        44998  1.74931e+08
    780      73135.3      73135.3  3.53568e+08

   Pressure = 2.7 atm

   T(K)       W1->P0         W1->      Capture
    425      27.9351      27.9351      8606.49
    643      13290.4      13290.4  2.24007e+07
    673      22143.8      22143.8  4.49541e+07
    700      33604.2      33604.2  8.01042e+07
    705      36184.7      36184.7  8.87328e+07
    740      58511.1      58511.1  1.74931e+08
    780      95328.9      95328.9  3.53568e+08

   Pressure = 3.3 atm

   T(K)       W1->P0         W1->      Capture
    425      32.5227      32.5227      8606.49
    643      15760.8      15760.8  2.24007e+07
    673      26302.6      26302.6  4.49541e+07
    700        39969        39969  8.01042e+07
    705        43048        43048  8.87328e+07
    740      69720.4      69720.4  1.74931e+08
    780       113778       113778  3.53568e+08

   Pressure = 4.3 atm

   T(K)       W1->P0         W1->      Capture
    425      39.7176      39.7176      8606.49
    643      19725.7      19725.7  2.24007e+07
    673      32990.8      32990.8  4.49541e+07
    700      50222.2      50222.2  8.01042e+07
    705      54107.5      54107.5  8.87328e+07
    740      87818.5      87818.5  1.74931e+08
    780       143625       143625  3.53568e+08

   Pressure = 11.2 atm

   T(K)       W1->P0         W1->      Capture
    425      81.2092      81.2092      8606.49
    643      44179.7      44179.7  2.24007e+07
    673      74486.6      74486.6  4.49541e+07
    700       114149       114149  8.01042e+07
    705       123120       123120  8.87328e+07
    740       201412       201412  1.74931e+08
    780       332089       332089  3.53568e+08

   Pressure = 14 atm

   T(K)       W1->P0         W1->      Capture
    425      95.7532      95.7532      8606.49
    643      53241.4      53241.4  2.24007e+07
    673      89938.1      89938.1  4.49541e+07
    700       138050       138050  8.01042e+07
    705       148939       148939  8.87328e+07
    740       244112       244112  1.74931e+08
    780       403279       403279  3.53568e+08

   Pressure = 0.00343 atm

   T(K)       P0->W1         P0->      Capture
    425  2.48658e-17  2.48658e-17  1.50095e-12
    643  1.41134e-17  1.41134e-17  7.94438e-12
    673  1.30546e-17  1.30546e-17  9.27742e-12
    700  1.21755e-17  1.21755e-17  1.05641e-11
    705  1.20325e-17  1.20325e-17  1.08113e-11
    740  1.09967e-17  1.09967e-17  1.26164e-11
    780  9.93781e-18  9.93781e-18  1.48352e-11

   Pressure = 0.00365 atm

   T(K)       P0->W1         P0->      Capture
    425  2.61709e-17  2.61709e-17  1.50095e-12
    643  1.49173e-17  1.49173e-17  7.94438e-12
    673  1.38034e-17  1.38034e-17  9.27742e-12
    700  1.28778e-17  1.28778e-17  1.05641e-11
    705  1.27272e-17  1.27272e-17  1.08113e-11
    740  1.16359e-17  1.16359e-17  1.26164e-11
    780  1.05194e-17  1.05194e-17  1.48352e-11

   Pressure = 0.00383 atm

   T(K)       P0->W1         P0->      Capture
    425  2.72276e-17  2.72276e-17  1.50095e-12
    643  1.55709e-17  1.55709e-17  7.94438e-12
    673  1.44123e-17  1.44123e-17  9.27742e-12
    700  1.34491e-17  1.34491e-17  1.05641e-11
    705  1.32924e-17  1.32924e-17  1.08113e-11
    740   1.2156e-17   1.2156e-17  1.26164e-11
    780  1.09928e-17  1.09928e-17  1.48352e-11

   Pressure = 0.00424 atm

   T(K)       P0->W1         P0->      Capture
    425  2.96004e-17  2.96004e-17  1.50095e-12
    643  1.70465e-17  1.70465e-17  7.94438e-12
    673  1.57878e-17  1.57878e-17  9.27742e-12
    700  1.47402e-17  1.47402e-17  1.05641e-11
    705  1.45697e-17  1.45697e-17  1.08113e-11
    740  1.33322e-17  1.33322e-17  1.26164e-11
    780  1.20639e-17  1.20639e-17  1.48352e-11

   Pressure = 0.00428 atm

   T(K)       P0->W1         P0->      Capture
    425  2.98295e-17  2.98295e-17  1.50095e-12
    643  1.71896e-17  1.71896e-17  7.94438e-12
    673  1.59212e-17  1.59212e-17  9.27742e-12
    700  1.48655e-17  1.48655e-17  1.05641e-11
    705  1.46936e-17  1.46936e-17  1.08113e-11
    740  1.34463e-17  1.34463e-17  1.26164e-11
    780  1.21679e-17  1.21679e-17  1.48352e-11

   Pressure = 0.00431 atm

   T(K)       P0->W1         P0->      Capture
    425   3.0001e-17   3.0001e-17  1.50095e-12
    643  1.72968e-17  1.72968e-17  7.94438e-12
    673  1.60212e-17  1.60212e-17  9.27742e-12
    700  1.49593e-17  1.49593e-17  1.05641e-11
    705  1.47864e-17  1.47864e-17  1.08113e-11
    740  1.35318e-17  1.35318e-17  1.26164e-11
    780  1.22458e-17  1.22458e-17  1.48352e-11

   Pressure = 0.00627 atm

   T(K)       P0->W1         P0->      Capture
    425  4.07835e-17  4.07835e-17  1.50095e-12
    643  2.41351e-17  2.41351e-17  7.94438e-12
    673  2.24065e-17  2.24065e-17  9.27742e-12
    700  2.09612e-17  2.09612e-17  1.05641e-11
    705  2.07254e-17  2.07254e-17  1.08113e-11
    740  1.90097e-17  1.90097e-17  1.26164e-11
    780  1.72429e-17  1.72429e-17  1.48352e-11

   Pressure = 0.00651 atm

   T(K)       P0->W1         P0->      Capture
    425  4.20548e-17  4.20548e-17  1.50095e-12
    643  2.49533e-17  2.49533e-17  7.94438e-12
    673  2.31715e-17  2.31715e-17  9.27742e-12
    700   2.1681e-17   2.1681e-17  1.05641e-11
    705  2.14378e-17  2.14378e-17  1.08113e-11
    740  1.96676e-17  1.96676e-17  1.26164e-11
    780  1.78438e-17  1.78438e-17  1.48352e-11

   Pressure = 0.00656 atm

   T(K)       P0->W1         P0->      Capture
    425  4.23185e-17  4.23185e-17  1.50095e-12
    643  2.51233e-17  2.51233e-17  7.94438e-12
    673  2.33304e-17  2.33304e-17  9.27742e-12
    700  2.18306e-17  2.18306e-17  1.05641e-11
    705  2.15858e-17  2.15858e-17  1.08113e-11
    740  1.98044e-17  1.98044e-17  1.26164e-11
    780  1.79687e-17  1.79687e-17  1.48352e-11

   Pressure = 0.00682 atm

   T(K)       P0->W1         P0->      Capture
    425  4.36834e-17  4.36834e-17  1.50095e-12
    643  2.60048e-17  2.60048e-17  7.94438e-12
    673  2.41549e-17  2.41549e-17  9.27742e-12
    700  2.26065e-17  2.26065e-17  1.05641e-11
    705  2.23538e-17  2.23538e-17  1.08113e-11
    740  2.05138e-17  2.05138e-17  1.26164e-11
    780  1.86169e-17  1.86169e-17  1.48352e-11

   Pressure = 0.00711 atm

   T(K)       P0->W1         P0->      Capture
    425  4.51939e-17  4.51939e-17  1.50095e-12
    643  2.69833e-17  2.69833e-17  7.94438e-12
    673  2.50702e-17  2.50702e-17  9.27742e-12
    700  2.34682e-17  2.34682e-17  1.05641e-11
    705  2.32067e-17  2.32067e-17  1.08113e-11
    740  2.13019e-17  2.13019e-17  1.26164e-11
    780  1.93372e-17  1.93372e-17  1.48352e-11

   Pressure = 0.00741 atm

   T(K)       P0->W1         P0->      Capture
    425  4.67439e-17  4.67439e-17  1.50095e-12
    643  2.79906e-17  2.79906e-17  7.94438e-12
    673  2.60127e-17  2.60127e-17  9.27742e-12
    700  2.43557e-17  2.43557e-17  1.05641e-11
    705  2.40851e-17  2.40851e-17  1.08113e-11
    740  2.21138e-17  2.21138e-17  1.26164e-11
    780  2.00795e-17  2.00794e-17  1.48352e-11

   Pressure = 0.00752 atm

   T(K)       P0->W1         P0->      Capture
    425  4.73091e-17  4.73091e-17  1.50095e-12
    643  2.83586e-17  2.83586e-17  7.94438e-12
    673  2.63572e-17  2.63572e-17  9.27742e-12
    700  2.46801e-17  2.46801e-17  1.05641e-11
    705  2.44062e-17  2.44062e-17  1.08113e-11
    740  2.24107e-17  2.24107e-17  1.26164e-11
    780  2.03509e-17  2.03509e-17  1.48352e-11

   Pressure = 0.00856 atm

   T(K)       P0->W1         P0->      Capture
    425  5.25764e-17  5.25764e-17  1.50095e-12
    643   3.1808e-17   3.1808e-17  7.94438e-12
    673  2.95871e-17  2.95871e-17  9.27742e-12
    700   2.7723e-17   2.7723e-17  1.05641e-11
    705  2.74184e-17  2.74184e-17  1.08113e-11
    740  2.51967e-17  2.51967e-17  1.26164e-11
    780  2.28994e-17  2.28995e-17  1.48352e-11

   Pressure = 0.0101 atm

   T(K)       P0->W1         P0->      Capture
    425  6.01508e-17  6.01508e-17  1.50095e-12
    643  3.68246e-17  3.68246e-17  7.94438e-12
    673  3.42891e-17  3.42891e-17  9.27742e-12
    700  3.21566e-17  3.21566e-17  1.05641e-11
    705  3.18079e-17  3.18079e-17  1.08113e-11
    740  2.92603e-17  2.92603e-17  1.26164e-11
    780  2.66206e-17  2.66206e-17  1.48352e-11

   Pressure = 1.1 atm

   T(K)       P0->W1         P0->      Capture
    425  2.45221e-15  2.45221e-15  1.50095e-12
    643   2.1872e-15   2.1872e-15  7.94438e-12
    673  2.10519e-15  2.10519e-15  9.27742e-12
    700  2.02915e-15  2.02915e-15  1.05641e-11
    705  2.01638e-15  2.01638e-15  1.08113e-11
    740  1.91619e-15  1.91619e-15  1.26164e-11
    780  1.80245e-15  1.80245e-15  1.48352e-11

   Pressure = 1.5 atm

   T(K)       P0->W1         P0->      Capture
    425  3.11055e-15  3.11055e-15  1.50095e-12
    643  2.85193e-15  2.85193e-15  7.94438e-12
    673  2.75168e-15  2.75168e-15  9.27742e-12
    700  2.65762e-15  2.65762e-15  1.05641e-11
    705   2.6418e-15   2.6418e-15  1.08113e-11
    740  2.51654e-15  2.51654e-15  1.26164e-11
    780  2.37298e-15  2.37298e-15  1.48352e-11

   Pressure = 2 atm

   T(K)       P0->W1         P0->      Capture
    425  3.87485e-15  3.87485e-15  1.50095e-12
    643  3.64578e-15  3.64578e-15  7.94438e-12
    673  3.52567e-15  3.52567e-15  9.27742e-12
    700  3.41159e-15  3.41159e-15  1.05641e-11
    705  3.39237e-15  3.39237e-15  1.08113e-11
    740  3.23877e-15  3.23877e-15  1.26164e-11
    780  3.06105e-15  3.06105e-15  1.48352e-11

   Pressure = 2.7 atm

   T(K)       P0->W1         P0->      Capture
    425  4.86845e-15  4.86845e-15  1.50095e-12
    643  4.70742e-15  4.70742e-15  7.94438e-12
    673  4.56332e-15  4.56332e-15  9.27742e-12
    700  4.42447e-15  4.42447e-15  1.05641e-11
    705  4.40103e-15  4.40103e-15  1.08113e-11
    740  4.21172e-15  4.21172e-15  1.26164e-11
    780  3.99031e-15  3.99031e-15  1.48352e-11

   Pressure = 3.3 atm

   T(K)       P0->W1         P0->      Capture
    425  5.66814e-15  5.66814e-15  1.50095e-12
    643  5.58265e-15  5.58265e-15  7.94438e-12
    673  5.42057e-15  5.42057e-15  9.27742e-12
    700  5.26273e-15  5.26273e-15  1.05641e-11
    705  5.23605e-15  5.23605e-15  1.08113e-11
    740  5.01883e-15  5.01883e-15  1.26164e-11
    780  4.76282e-15  4.76282e-15  1.48352e-11

   Pressure = 4.3 atm

   T(K)       P0->W1         P0->      Capture
    425  6.92239e-15  6.92239e-15  1.50095e-12
    643  6.98743e-15  6.98743e-15  7.94438e-12
    673   6.7993e-15   6.7993e-15  9.27742e-12
    700  6.61316e-15  6.61316e-15  1.05641e-11
    705  6.58165e-15  6.58165e-15  1.08113e-11
    740  6.32205e-15  6.32205e-15  1.26164e-11
    780  6.01272e-15  6.01272e-15  1.48352e-11

   Pressure = 11.2 atm

   T(K)       P0->W1         P0->      Capture
    425  1.41559e-14  1.41559e-14  1.50095e-12
    643  1.56524e-14  1.56524e-14  7.94438e-12
    673  1.53543e-14  1.53543e-14  9.27742e-12
    700   1.5034e-14   1.5034e-14  1.05641e-11
    705  1.49796e-14  1.49796e-14  1.08113e-11
    740  1.45029e-14  1.45029e-14  1.26164e-11
    780  1.39062e-14  1.39062e-14  1.48352e-11

   Pressure = 14 atm

   T(K)       P0->W1         P0->      Capture
    425  1.66916e-14  1.66916e-14  1.50095e-12
    643  1.88636e-14  1.88636e-14  7.94438e-12
    673  1.85402e-14  1.85402e-14  9.27742e-12
    700  1.81826e-14  1.81826e-14  1.05641e-11
    705  1.81218e-14  1.81218e-14  1.08113e-11
    740  1.75785e-14  1.75785e-14  1.26164e-11
    780  1.68883e-14  1.68883e-14  1.48352e-11

______________________________________________________________________________________

Temperature-Pressure Rate Tables:

W1->P0

P\T              425          643          673          700          705          740          780
0.00343     0.142988      39.9173      63.4672      92.6564      99.1369      153.098      237.983
0.00365     0.150488      42.1901      67.1059      97.9987      104.858      161.993      251.904
0.00383      0.15656      44.0379      70.0651      102.345      109.512      169.232      263.236
0.00424     0.170195      48.2098      76.7496      112.166      120.031      185.598      288.872
0.00428     0.171512      48.6142      77.3978      113.118      121.051      187.186       291.36
0.00431     0.172497      48.9172      77.8835      113.832      121.816      188.377      293.225
0.00627     0.234452      68.2485      108.911      159.482       170.72      264.597      412.817
0.00651     0.241756      70.5612      112.627      164.956      176.585       273.75      427.197
0.00656     0.243271      71.0418        113.4      166.094      177.804      275.653      430.187
0.00682     0.251112      73.5335      117.405      171.995      184.128      285.524      445.698
0.00711      0.25979      76.2994      121.853      178.549       191.15      296.489      462.934
0.00741     0.268695      79.1464      126.432      185.298      198.382      307.784      480.695
0.00752     0.271942      80.1868      128.106      187.765      201.026      311.914       487.19
0.00856     0.302202      89.9364      143.798      210.906      225.826      350.673      548.173
0.0101      0.345713      104.115      166.642      244.622      261.963      407.204      637.208
1.1          14.0731      6176.21      10217.6      15414.8      16582.2      26626.9      43072.2
1.5          17.8502      8052.75      13354.4      20187.6      21723.7      34966.2      56700.5
2             22.235      10293.7      17109.6      25913.1      27893.6        44998      73135.3
2.7          27.9351      13290.4      22143.8      33604.2      36184.7      58511.1      95328.9
3.3          32.5227      15760.8      26302.6        39969        43048      69720.4       113778
4.3          39.7176      19725.7      32990.8      50222.2      54107.5      87818.5       143625
11.2         81.2092      44179.7      74486.6       114149       123120       201412       332089
14           95.7532      53241.4      89938.1       138050       148939       244112       403279
O-O          8606.49  2.24007e+07  4.49541e+07  8.01042e+07  8.87328e+07  1.74931e+08  3.53568e+08

P0->W1

P\T              425          643          673          700          705          740          780
0.00343  2.48658e-17  1.41134e-17  1.30546e-17  1.21755e-17  1.20325e-17  1.09967e-17  9.93781e-18
0.00365  2.61709e-17  1.49173e-17  1.38034e-17  1.28778e-17  1.27272e-17  1.16359e-17  1.05194e-17
0.00383  2.72276e-17  1.55709e-17  1.44123e-17  1.34491e-17  1.32924e-17   1.2156e-17  1.09928e-17
0.00424  2.96004e-17  1.70465e-17  1.57878e-17  1.47402e-17  1.45697e-17  1.33322e-17  1.20639e-17
0.00428  2.98295e-17  1.71896e-17  1.59212e-17  1.48655e-17  1.46936e-17  1.34463e-17  1.21679e-17
0.00431   3.0001e-17  1.72968e-17  1.60212e-17  1.49593e-17  1.47864e-17  1.35318e-17  1.22458e-17
0.00627  4.07835e-17  2.41351e-17  2.24065e-17  2.09612e-17  2.07254e-17  1.90097e-17  1.72429e-17
0.00651  4.20548e-17  2.49533e-17  2.31715e-17   2.1681e-17  2.14378e-17  1.96676e-17  1.78438e-17
0.00656  4.23185e-17  2.51233e-17  2.33304e-17  2.18306e-17  2.15858e-17  1.98044e-17  1.79687e-17
0.00682  4.36834e-17  2.60048e-17  2.41549e-17  2.26065e-17  2.23538e-17  2.05138e-17  1.86169e-17
0.00711  4.51939e-17  2.69833e-17  2.50702e-17  2.34682e-17  2.32067e-17  2.13019e-17  1.93372e-17
0.00741  4.67439e-17  2.79906e-17  2.60127e-17  2.43557e-17  2.40851e-17  2.21138e-17  2.00795e-17
0.00752  4.73091e-17  2.83586e-17  2.63572e-17  2.46801e-17  2.44062e-17  2.24107e-17  2.03509e-17
0.00856  5.25764e-17   3.1808e-17  2.95871e-17   2.7723e-17  2.74184e-17  2.51967e-17  2.28994e-17
0.0101   6.01508e-17  3.68246e-17  3.42891e-17  3.21566e-17  3.18079e-17  2.92603e-17  2.66206e-17
1.1      2.45221e-15   2.1872e-15  2.10519e-15  2.02915e-15  2.01638e-15  1.91619e-15  1.80245e-15
1.5      3.11055e-15  2.85193e-15  2.75168e-15  2.65762e-15   2.6418e-15  2.51654e-15  2.37298e-15
2        3.87485e-15  3.64578e-15  3.52567e-15  3.41159e-15  3.39237e-15  3.23877e-15  3.06105e-15
2.7      4.86845e-15  4.70742e-15  4.56332e-15  4.42447e-15  4.40103e-15  4.21172e-15  3.99031e-15
3.3      5.66814e-15  5.58265e-15  5.42057e-15  5.26273e-15  5.23605e-15  5.01883e-15  4.76282e-15
4.3      6.92239e-15  6.98743e-15   6.7993e-15  6.61316e-15  6.58165e-15  6.32205e-15  6.01272e-15
11.2     1.41559e-14  1.56524e-14  1.53543e-14   1.5034e-14  1.49796e-14  1.45029e-14  1.39062e-14
14       1.66916e-14  1.88636e-14  1.85402e-14  1.81826e-14  1.81218e-14  1.75785e-14  1.68883e-14
O-O      1.50095e-12  7.94438e-12  9.27742e-12  1.05641e-11  1.08113e-11  1.26164e-11  1.48352e-11

W1-> 

P\T              425          643          673          700          705          740          780
0.00343     0.142988      39.9173      63.4673      92.6567      99.1369      153.098      237.983
0.00365     0.150488      42.1902       67.106      97.9992      104.858      161.993      251.904
0.00383      0.15656      44.0379      70.0651      102.345      109.513      169.232      263.236
0.00424     0.170195      48.2098      76.7495      112.166      120.031      185.598      288.871
0.00428     0.171512      48.6142      77.3978      113.118      121.051      187.187      291.361
0.00431     0.172498      48.9172      77.8833      113.832      121.816      188.377      293.226
0.00627     0.234452      68.2485      108.911      159.482       170.72      264.597      412.817
0.00651     0.241756      70.5611      112.627      164.956      176.585      273.751      427.197
0.00656      0.24327      71.0419        113.4      166.094      177.804      275.653      430.187
0.00682     0.251112      73.5335      117.405      171.995      184.127      285.523      445.698
0.00711      0.25979      76.2994      121.853      178.549       191.15      296.488      462.934
0.00741     0.268695      79.1464      126.432      185.298      198.382      307.784      480.695
0.00752     0.271942      80.1869      128.106      187.765      201.026      311.914       487.19
0.00856     0.302202      89.9364      143.798      210.906      225.826      350.673      548.173
0.0101      0.345713      104.115      166.642      244.621      261.963      407.204      637.208
1.1          14.0731      6176.21      10217.6      15414.8      16582.2      26626.9      43072.2
1.5          17.8502      8052.75      13354.4      20187.6      21723.7      34966.2      56700.5
2             22.235      10293.7      17109.6      25913.1      27893.6        44998      73135.3
2.7          27.9351      13290.4      22143.8      33604.2      36184.7      58511.1      95328.9
3.3          32.5227      15760.8      26302.6        39969        43048      69720.4       113778
4.3          39.7176      19725.7      32990.8      50222.2      54107.5      87818.5       143625
11.2         81.2092      44179.7      74486.6       114149       123120       201412       332089
14           95.7532      53241.4      89938.1       138050       148939       244112       403279
O-O          8606.49  2.24007e+07  4.49541e+07  8.01042e+07  8.87328e+07  1.74931e+08  3.53568e+08

P0-> 

P\T              425          643          673          700          705          740          780
0.00343  2.48658e-17  1.41134e-17  1.30546e-17  1.21755e-17  1.20325e-17  1.09967e-17  9.93781e-18
0.00365  2.61709e-17  1.49173e-17  1.38034e-17  1.28778e-17  1.27272e-17  1.16359e-17  1.05194e-17
0.00383  2.72276e-17  1.55709e-17  1.44123e-17  1.34491e-17  1.32924e-17   1.2156e-17  1.09928e-17
0.00424  2.96004e-17  1.70465e-17  1.57878e-17  1.47402e-17  1.45697e-17  1.33322e-17  1.20639e-17
0.00428  2.98295e-17  1.71896e-17  1.59212e-17  1.48655e-17  1.46936e-17  1.34463e-17  1.21679e-17
0.00431   3.0001e-17  1.72968e-17  1.60212e-17  1.49593e-17  1.47864e-17  1.35318e-17  1.22458e-17
0.00627  4.07835e-17  2.41351e-17  2.24065e-17  2.09612e-17  2.07254e-17  1.90097e-17  1.72429e-17
0.00651  4.20548e-17  2.49533e-17  2.31715e-17   2.1681e-17  2.14378e-17  1.96676e-17  1.78438e-17
0.00656  4.23185e-17  2.51233e-17  2.33304e-17  2.18306e-17  2.15858e-17  1.98044e-17  1.79687e-17
0.00682  4.36834e-17  2.60048e-17  2.41549e-17  2.26065e-17  2.23538e-17  2.05138e-17  1.86169e-17
0.00711  4.51939e-17  2.69833e-17  2.50702e-17  2.34682e-17  2.32067e-17  2.13019e-17  1.93372e-17
0.00741  4.67439e-17  2.79906e-17  2.60127e-17  2.43557e-17  2.40851e-17  2.21138e-17  2.00794e-17
0.00752  4.73091e-17  2.83586e-17  2.63572e-17  2.46801e-17  2.44062e-17  2.24107e-17  2.03509e-17
0.00856  5.25764e-17   3.1808e-17  2.95871e-17   2.7723e-17  2.74184e-17  2.51967e-17  2.28995e-17
0.0101   6.01508e-17  3.68246e-17  3.42891e-17  3.21566e-17  3.18079e-17  2.92603e-17  2.66206e-17
1.1      2.45221e-15   2.1872e-15  2.10519e-15  2.02915e-15  2.01638e-15  1.91619e-15  1.80245e-15
1.5      3.11055e-15  2.85193e-15  2.75168e-15  2.65762e-15   2.6418e-15  2.51654e-15  2.37298e-15
2        3.87485e-15  3.64578e-15  3.52567e-15  3.41159e-15  3.39237e-15  3.23877e-15  3.06105e-15
2.7      4.86845e-15  4.70742e-15  4.56332e-15  4.42447e-15  4.40103e-15  4.21172e-15  3.99031e-15
3.3      5.66814e-15  5.58265e-15  5.42057e-15  5.26273e-15  5.23605e-15  5.01883e-15  4.76282e-15
4.3      6.92239e-15  6.98743e-15   6.7993e-15  6.61316e-15  6.58165e-15  6.32205e-15  6.01272e-15
11.2     1.41559e-14  1.56524e-14  1.53543e-14   1.5034e-14  1.49796e-14  1.45029e-14  1.39062e-14
14       1.66916e-14  1.88636e-14  1.85402e-14  1.81826e-14  1.81218e-14  1.75785e-14  1.68883e-14
O-O      1.50095e-12  7.94438e-12  9.27742e-12  1.05641e-11  1.08113e-11  1.26164e-11  1.48352e-11

