Wells (G - ground energy, D - dissociation limit, kcal/mol):
      Name        G        D
        W1    -14.6      4.0

Bimolecular Products (G - ground energy, kcal/mol):
      Name        G
        P0      0.0

Well-to-Bimolecular Barriers (H/G - barrier height/well depth, kcal/mol)
      Name        H     Well        G  Product
        B1      4.0       W1    -14.6       P0

________________________________________________________________________________________

Unimolecular Rate Units: 1/sec;  Bimolecular Rate Units: cm^3/sec

______________________________________________________________________________________

Species-Species Rate Tables:

Temperature = 798.639 K

High Pressure Rate Coefficients:

From\To            W1           P0
W1                ***  4.70531e+08
P0         1.5274e-11          ***

Temperature = 798.639 K    Pressure = 5 torr

From\To            W1           P0
W1            799.916      799.914
P0        2.58957e-17  2.58957e-17

Temperature = 793.049 K

High Pressure Rate Coefficients:

From\To            W1           P0
W1                ***   4.2975e+08
P0          1.495e-11          ***

Temperature = 793.049 K    Pressure = 5 torr

From\To            W1           P0
W1             756.21      756.207
P0        2.62407e-17  2.62407e-17

Temperature = 787.537 K

High Pressure Rate Coefficients:

From\To            W1           P0
W1                ***  3.92525e+08
P0        1.46338e-11          ***

Temperature = 787.537 K    Pressure = 5 torr

From\To            W1           P0
W1            714.753      714.755
P0        2.65843e-17  2.65843e-17

Temperature = 782.101 K

High Pressure Rate Coefficients:

From\To            W1           P0
W1                ***  3.58545e+08
P0         1.4325e-11          ***

Temperature = 782.101 K    Pressure = 5 torr

From\To            W1           P0
W1            675.912      675.913
P0        2.69447e-17  2.69447e-17

Temperature = 776.74 K

High Pressure Rate Coefficients:

From\To            W1           P0
W1                ***  3.27525e+08
P0        1.40235e-11          ***

Temperature = 776.74 K    Pressure = 5 torr

From\To            W1           P0
W1            638.599      638.596
P0        2.72856e-17  2.72856e-17

Temperature = 771.264 K

High Pressure Rate Coefficients:

From\To            W1           P0
W1                ***  2.98241e+08
P0        1.37187e-11          ***

Temperature = 771.264 K    Pressure = 5 torr

From\To            W1           P0
W1            602.074      602.073
P0        2.76408e-17  2.76408e-17

Temperature = 765.864 K

High Pressure Rate Coefficients:

From\To            W1           P0
W1                ***  2.71591e+08
P0        1.34213e-11          ***

Temperature = 765.864 K    Pressure = 5 torr

From\To            W1           P0
W1            567.846      567.846
P0        2.80108e-17  2.80108e-17

Temperature = 760.722 K

High Pressure Rate Coefficients:

From\To            W1           P0
W1                ***  2.48136e+08
P0         1.3141e-11          ***

Temperature = 760.722 K    Pressure = 5 torr

From\To            W1           P0
W1            536.367      536.364
P0        2.83572e-17  2.83572e-17

Temperature = 755.649 K

High Pressure Rate Coefficients:

From\To            W1           P0
W1                ***  2.26719e+08
P0        1.28672e-11          ***

Temperature = 755.649 K    Pressure = 5 torr

From\To            W1           P0
W1            506.568      506.569
P0        2.87043e-17  2.87043e-17

Temperature = 750.643 K

High Pressure Rate Coefficients:

From\To            W1           P0
W1                ***  2.07161e+08
P0        1.25997e-11          ***

Temperature = 750.643 K    Pressure = 5 torr

From\To            W1           P0
W1             478.59      478.592
P0        2.90653e-17  2.90653e-17

Temperature = 745.703 K

High Pressure Rate Coefficients:

From\To            W1           P0
W1                ***  1.89301e+08
P0        1.23384e-11          ***

Temperature = 745.703 K    Pressure = 5 torr

From\To            W1           P0
W1            451.912      451.913
P0        2.94144e-17  2.94143e-17

Temperature = 740.827 K

High Pressure Rate Coefficients:

From\To            W1           P0
W1                ***   1.7299e+08
P0        1.20832e-11          ***

Temperature = 740.827 K    Pressure = 5 torr

From\To            W1           P0
W1            426.985      426.985
P0        2.97856e-17  2.97856e-17

Temperature = 735.844 K

High Pressure Rate Coefficients:

From\To            W1           P0
W1                ***  1.57586e+08
P0         1.1825e-11          ***

Temperature = 735.844 K    Pressure = 5 torr

From\To            W1           P0
W1             402.26      402.263
P0        3.01486e-17  3.01486e-17

Temperature = 730.928 K

High Pressure Rate Coefficients:

From\To            W1           P0
W1                ***  1.43561e+08
P0         1.1573e-11          ***

Temperature = 730.928 K    Pressure = 5 torr

From\To            W1           P0
W1            378.926      378.926
P0         3.0512e-17   3.0512e-17

Temperature = 726.243 K

High Pressure Rate Coefficients:

From\To            W1           P0
W1                ***  1.31212e+08
P0        1.13353e-11          ***

Temperature = 726.243 K    Pressure = 5 torr

From\To            W1           P0
W1            357.707      357.706
P0        3.08693e-17  3.08693e-17

Temperature = 721.618 K

High Pressure Rate Coefficients:

From\To            W1           P0
W1                ***  1.19932e+08
P0         1.1103e-11          ***

Temperature = 721.618 K    Pressure = 5 torr

From\To            W1           P0
W1            337.579      337.579
P0        3.12214e-17  3.12214e-17

Temperature = 717.051 K

High Pressure Rate Coefficients:

From\To            W1           P0
W1                ***  1.09627e+08
P0         1.0876e-11          ***

Temperature = 717.051 K    Pressure = 5 torr

From\To            W1           P0
W1            318.539      318.538
P0        3.15726e-17  3.15726e-17

Temperature = 712.542 K

High Pressure Rate Coefficients:

From\To            W1           P0
W1                ***  1.00213e+08
P0        1.06541e-11          ***

Temperature = 712.542 K    Pressure = 5 torr

From\To            W1           P0
W1            300.595      300.596
P0        3.19301e-17  3.19301e-17

Temperature = 708.089 K

High Pressure Rate Coefficients:

From\To            W1           P0
W1                ***  9.16121e+07
P0        1.04373e-11          ***

Temperature = 708.089 K    Pressure = 5 torr

From\To            W1           P0
W1            283.753      283.755
P0        3.23018e-17  3.23018e-17

Temperature = 703.691 K

High Pressure Rate Coefficients:

From\To            W1           P0
W1                ***  8.37536e+07
P0        1.02253e-11          ***

Temperature = 703.691 K    Pressure = 5 torr

From\To            W1           P0
W1            267.662       267.66
P0        3.26533e-17  3.26533e-17

Temperature = 699.194 K

High Pressure Rate Coefficients:

From\To            W1           P0
W1                ***  7.63285e+07
P0        1.00108e-11          ***

Temperature = 699.194 K    Pressure = 5 torr

From\To            W1           P0
W1            251.934      251.932
P0        3.30186e-17  3.30186e-17

Temperature = 695.058 K

High Pressure Rate Coefficients:

From\To            W1           P0
W1                ***  7.00117e+07
P0        9.81555e-12          ***

Temperature = 695.058 K    Pressure = 5 torr

From\To            W1           P0
W1             238.25      238.251
P0        3.33802e-17  3.33802e-17

Temperature = 690.67 K

High Pressure Rate Coefficients:

From\To            W1           P0
W1                ***  6.38113e+07
P0        9.61051e-12          ***

Temperature = 690.67 K    Pressure = 5 torr

From\To            W1           P0
W1            224.221      224.221
P0        3.37484e-17  3.37484e-17

Temperature = 686.337 K

High Pressure Rate Coefficients:

From\To            W1           P0
W1                ***  5.81632e+07
P0         9.4102e-12          ***

Temperature = 686.337 K    Pressure = 5 torr

From\To            W1           P0
W1            210.982       210.98
P0        3.41149e-17  3.41148e-17

Temperature = 682.204 K

High Pressure Rate Coefficients:

From\To            W1           P0
W1                ***  5.31874e+07
P0        9.22117e-12          ***

Temperature = 682.204 K    Pressure = 5 torr

From\To            W1           P0
W1            199.037      199.039
P0        3.44891e-17  3.44891e-17

Temperature = 678.121 K

High Pressure Rate Coefficients:

From\To            W1           P0
W1                ***  4.86398e+07
P0        9.03634e-12          ***

Temperature = 678.121 K    Pressure = 5 torr

From\To            W1           P0
W1            187.675      187.673
P0        3.48485e-17  3.48485e-17

Temperature = 674.087 K

High Pressure Rate Coefficients:

From\To            W1           P0
W1                ***   4.4483e+07
P0        8.85557e-12          ***

Temperature = 674.087 K    Pressure = 5 torr

From\To            W1           P0
W1            176.951      176.952
P0        3.52105e-17  3.52104e-17

Temperature = 669.959 K

High Pressure Rate Coefficients:

From\To            W1           P0
W1                ***   4.0554e+07
P0        8.67255e-12          ***

Temperature = 669.959 K    Pressure = 5 torr

From\To            W1           P0
W1            166.521      166.435
P0        3.55768e-17  3.55768e-17

Temperature = 666.161 K

High Pressure Rate Coefficients:

From\To            W1           P0
W1                ***  3.72103e+07
P0         8.5059e-12          ***

Temperature = 666.161 K    Pressure = 5 torr

From\To            W1           P0
W1            157.275      157.275
P0        3.59366e-17  3.59366e-17

Temperature = 662.129 K

High Pressure Rate Coefficients:

From\To            W1           P0
W1                ***  3.39271e+07
P0        8.33084e-12          ***

Temperature = 662.129 K    Pressure = 5 torr

From\To            W1           P0
W1             147.91       147.91
P0        3.63054e-17  3.63054e-17

Temperature = 658.145 K

High Pressure Rate Coefficients:

From\To            W1           P0
W1                ***  3.09351e+07
P0        8.15972e-12          ***

Temperature = 658.145 K    Pressure = 5 torr

From\To            W1           P0
W1            139.098      139.099
P0        3.66769e-17  3.66769e-17

Temperature = 654.345 K

High Pressure Rate Coefficients:

From\To            W1           P0
W1                ***  2.82983e+07
P0        7.99817e-12          ***

Temperature = 654.345 K    Pressure = 5 torr

From\To            W1           P0
W1             131.16       131.16
P0        3.70585e-17  3.70585e-17

Temperature = 650.587 K

High Pressure Rate Coefficients:

From\To            W1           P0
W1                ***  2.58875e+07
P0        7.84014e-12          ***

Temperature = 650.587 K    Pressure = 5 torr

From\To            W1           P0
W1            123.573      123.572
P0        3.74127e-17  3.74127e-17

Temperature = 646.873 K

High Pressure Rate Coefficients:

From\To            W1           P0
W1                ***  2.36831e+07
P0        7.68553e-12          ***

Temperature = 646.873 K    Pressure = 5 torr

From\To            W1           P0
W1            116.422      116.422
P0        3.77695e-17  3.77695e-17

Temperature = 643.201 K

High Pressure Rate Coefficients:

From\To            W1           P0
W1                ***  2.16675e+07
P0        7.53429e-12          ***

Temperature = 643.201 K    Pressure = 5 torr

From\To            W1           P0
W1            109.694      109.694
P0        3.81324e-17  3.81324e-17

Temperature = 639.57 K

High Pressure Rate Coefficients:

From\To            W1           P0
W1                ***  1.98244e+07
P0        7.38629e-12          ***

Temperature = 639.57 K    Pressure = 5 torr

From\To            W1           P0
W1            103.376      103.375
P0        3.85063e-17  3.85063e-17

Temperature = 635.981 K

High Pressure Rate Coefficients:

From\To            W1           P0
W1                ***  1.81388e+07
P0        7.24148e-12          ***

Temperature = 635.981 K    Pressure = 5 torr

From\To            W1           P0
W1            97.3758      97.3753
P0        3.88654e-17  3.88654e-17

Temperature = 632.305 K

High Pressure Rate Coefficients:

From\To            W1           P0
W1                ***  1.65448e+07
P0        7.09478e-12          ***

Temperature = 632.305 K    Pressure = 5 torr

From\To            W1           P0
W1            91.5145      91.5139
P0        3.92344e-17  3.92344e-17

Temperature = 628.671 K

High Pressure Rate Coefficients:

From\To            W1           P0
W1                ***  1.50916e+07
P0        6.95135e-12          ***

Temperature = 628.671 K    Pressure = 5 torr

From\To            W1           P0
W1            86.0043      86.0048
P0        3.96065e-17  3.96065e-17

Temperature = 625.449 K

High Pressure Rate Coefficients:

From\To            W1           P0
W1                ***  1.38982e+07
P0        6.82544e-12          ***

Temperature = 625.449 K    Pressure = 5 torr

From\To            W1           P0
W1            81.3975      81.3967
P0        3.99664e-17  3.99664e-17

______________________________________________________________________________________

High Pressure Rate Coefficients (Temperature-Species Rate Tables):

   T(K)       W1->W1       W1->P0
798.639          ***  4.70531e+08
793.049          ***   4.2975e+08
787.537          ***  3.92525e+08
782.101          ***  3.58545e+08
 776.74          ***  3.27525e+08
771.264          ***  2.98241e+08
765.864          ***  2.71591e+08
760.722          ***  2.48136e+08
755.649          ***  2.26719e+08
750.643          ***  2.07161e+08
745.703          ***  1.89301e+08
740.827          ***   1.7299e+08
735.844          ***  1.57586e+08
730.928          ***  1.43561e+08
726.243          ***  1.31212e+08
721.618          ***  1.19932e+08
717.051          ***  1.09627e+08
712.542          ***  1.00213e+08
708.089          ***  9.16121e+07
703.691          ***  8.37536e+07
699.194          ***  7.63285e+07
695.058          ***  7.00117e+07
 690.67          ***  6.38113e+07
686.337          ***  5.81632e+07
682.204          ***  5.31874e+07
678.121          ***  4.86398e+07
674.087          ***   4.4483e+07
669.959          ***   4.0554e+07
666.161          ***  3.72103e+07
662.129          ***  3.39271e+07
658.145          ***  3.09351e+07
654.345          ***  2.82983e+07
650.587          ***  2.58875e+07
646.873          ***  2.36831e+07
643.201          ***  2.16675e+07
 639.57          ***  1.98244e+07
635.981          ***  1.81388e+07
632.305          ***  1.65448e+07
628.671          ***  1.50916e+07
625.449          ***  1.38982e+07

   T(K)       P0->W1       P0->P0
798.639   1.5274e-11          ***
793.049    1.495e-11          ***
787.537  1.46338e-11          ***
782.101   1.4325e-11          ***
 776.74  1.40235e-11          ***
771.264  1.37187e-11          ***
765.864  1.34213e-11          ***
760.722   1.3141e-11          ***
755.649  1.28672e-11          ***
750.643  1.25997e-11          ***
745.703  1.23384e-11          ***
740.827  1.20832e-11          ***
735.844   1.1825e-11          ***
730.928   1.1573e-11          ***
726.243  1.13353e-11          ***
721.618   1.1103e-11          ***
717.051   1.0876e-11          ***
712.542  1.06541e-11          ***
708.089  1.04373e-11          ***
703.691  1.02253e-11          ***
699.194  1.00108e-11          ***
695.058  9.81555e-12          ***
 690.67  9.61051e-12          ***
686.337   9.4102e-12          ***
682.204  9.22117e-12          ***
678.121  9.03634e-12          ***
674.087  8.85557e-12          ***
669.959  8.67255e-12          ***
666.161   8.5059e-12          ***
662.129  8.33084e-12          ***
658.145  8.15972e-12          ***
654.345  7.99817e-12          ***
650.587  7.84014e-12          ***
646.873  7.68553e-12          ***
643.201  7.53429e-12          ***
 639.57  7.38629e-12          ***
635.981  7.24148e-12          ***
632.305  7.09478e-12          ***
628.671  6.95135e-12          ***
625.449  6.82544e-12          ***

Capture/Escape Rate Coefficients:

   T(K)           W1           P0
798.639  4.70531e+08   1.5274e-11
793.049   4.2975e+08    1.495e-11
787.537  3.92525e+08  1.46338e-11
782.101  3.58545e+08   1.4325e-11
 776.74  3.27525e+08  1.40235e-11
771.264  2.98241e+08  1.37187e-11
765.864  2.71591e+08  1.34213e-11
760.722  2.48136e+08   1.3141e-11
755.649  2.26719e+08  1.28672e-11
750.643  2.07161e+08  1.25997e-11
745.703  1.89301e+08  1.23384e-11
740.827   1.7299e+08  1.20832e-11
735.844  1.57586e+08   1.1825e-11
730.928  1.43561e+08   1.1573e-11
726.243  1.31212e+08  1.13353e-11
721.618  1.19932e+08   1.1103e-11
717.051  1.09627e+08   1.0876e-11
712.542  1.00213e+08  1.06541e-11
708.089  9.16121e+07  1.04373e-11
703.691  8.37536e+07  1.02253e-11
699.194  7.63285e+07  1.00108e-11
695.058  7.00117e+07  9.81555e-12
 690.67  6.38113e+07  9.61051e-12
686.337  5.81632e+07   9.4102e-12
682.204  5.31874e+07  9.22117e-12
678.121  4.86398e+07  9.03634e-12
674.087   4.4483e+07  8.85557e-12
669.959   4.0554e+07  8.67255e-12
666.161  3.72103e+07   8.5059e-12
662.129  3.39271e+07  8.33084e-12
658.145  3.09351e+07  8.15972e-12
654.345  2.82983e+07  7.99817e-12
650.587  2.58875e+07  7.84014e-12
646.873  2.36831e+07  7.68553e-12
643.201  2.16675e+07  7.53429e-12
 639.57  1.98244e+07  7.38629e-12
635.981  1.81388e+07  7.24148e-12
632.305  1.65448e+07  7.09478e-12
628.671  1.50916e+07  6.95135e-12
625.449  1.38982e+07  6.82544e-12

______________________________________________________________________________________

Pressure-Species Rate Tables:

   Temperature = 798.639 K

  P(torr)       W1->P0         W1->
        5      799.914      799.916
    O-O  4.70531e+08  4.70531e+08

   Temperature = 793.049 K

  P(torr)       W1->P0         W1->
        5      756.207       756.21
    O-O   4.2975e+08   4.2975e+08

   Temperature = 787.537 K

  P(torr)       W1->P0         W1->
        5      714.755      714.753
    O-O  3.92525e+08  3.92525e+08

   Temperature = 782.101 K

  P(torr)       W1->P0         W1->
        5      675.913      675.912
    O-O  3.58545e+08  3.58545e+08

   Temperature = 776.74 K

  P(torr)       W1->P0         W1->
        5      638.596      638.599
    O-O  3.27525e+08  3.27525e+08

   Temperature = 771.264 K

  P(torr)       W1->P0         W1->
        5      602.073      602.074
    O-O  2.98241e+08  2.98241e+08

   Temperature = 765.864 K

  P(torr)       W1->P0         W1->
        5      567.846      567.846
    O-O  2.71591e+08  2.71591e+08

   Temperature = 760.722 K

  P(torr)       W1->P0         W1->
        5      536.364      536.367
    O-O  2.48136e+08  2.48136e+08

   Temperature = 755.649 K

  P(torr)       W1->P0         W1->
        5      506.569      506.568
    O-O  2.26719e+08  2.26719e+08

   Temperature = 750.643 K

  P(torr)       W1->P0         W1->
        5      478.592       478.59
    O-O  2.07161e+08  2.07161e+08

   Temperature = 745.703 K

  P(torr)       W1->P0         W1->
        5      451.913      451.912
    O-O  1.89301e+08  1.89301e+08

   Temperature = 740.827 K

  P(torr)       W1->P0         W1->
        5      426.985      426.985
    O-O   1.7299e+08   1.7299e+08

   Temperature = 735.844 K

  P(torr)       W1->P0         W1->
        5      402.263       402.26
    O-O  1.57586e+08  1.57586e+08

   Temperature = 730.928 K

  P(torr)       W1->P0         W1->
        5      378.926      378.926
    O-O  1.43561e+08  1.43561e+08

   Temperature = 726.243 K

  P(torr)       W1->P0         W1->
        5      357.706      357.707
    O-O  1.31212e+08  1.31212e+08

   Temperature = 721.618 K

  P(torr)       W1->P0         W1->
        5      337.579      337.579
    O-O  1.19932e+08  1.19932e+08

   Temperature = 717.051 K

  P(torr)       W1->P0         W1->
        5      318.538      318.539
    O-O  1.09627e+08  1.09627e+08

   Temperature = 712.542 K

  P(torr)       W1->P0         W1->
        5      300.596      300.595
    O-O  1.00213e+08  1.00213e+08

   Temperature = 708.089 K

  P(torr)       W1->P0         W1->
        5      283.755      283.753
    O-O  9.16121e+07  9.16121e+07

   Temperature = 703.691 K

  P(torr)       W1->P0         W1->
        5       267.66      267.662
    O-O  8.37536e+07  8.37536e+07

   Temperature = 699.194 K

  P(torr)       W1->P0         W1->
        5      251.932      251.934
    O-O  7.63285e+07  7.63285e+07

   Temperature = 695.058 K

  P(torr)       W1->P0         W1->
        5      238.251       238.25
    O-O  7.00117e+07  7.00117e+07

   Temperature = 690.67 K

  P(torr)       W1->P0         W1->
        5      224.221      224.221
    O-O  6.38113e+07  6.38113e+07

   Temperature = 686.337 K

  P(torr)       W1->P0         W1->
        5       210.98      210.982
    O-O  5.81632e+07  5.81632e+07

   Temperature = 682.204 K

  P(torr)       W1->P0         W1->
        5      199.039      199.037
    O-O  5.31874e+07  5.31874e+07

   Temperature = 678.121 K

  P(torr)       W1->P0         W1->
        5      187.673      187.675
    O-O  4.86398e+07  4.86398e+07

   Temperature = 674.087 K

  P(torr)       W1->P0         W1->
        5      176.952      176.951
    O-O   4.4483e+07   4.4483e+07

   Temperature = 669.959 K

  P(torr)       W1->P0         W1->
        5      166.435      166.521
    O-O   4.0554e+07   4.0554e+07

   Temperature = 666.161 K

  P(torr)       W1->P0         W1->
        5      157.275      157.275
    O-O  3.72103e+07  3.72103e+07

   Temperature = 662.129 K

  P(torr)       W1->P0         W1->
        5       147.91       147.91
    O-O  3.39271e+07  3.39271e+07

   Temperature = 658.145 K

  P(torr)       W1->P0         W1->
        5      139.099      139.098
    O-O  3.09351e+07  3.09351e+07

   Temperature = 654.345 K

  P(torr)       W1->P0         W1->
        5       131.16       131.16
    O-O  2.82983e+07  2.82983e+07

   Temperature = 650.587 K

  P(torr)       W1->P0         W1->
        5      123.572      123.573
    O-O  2.58875e+07  2.58875e+07

   Temperature = 646.873 K

  P(torr)       W1->P0         W1->
        5      116.422      116.422
    O-O  2.36831e+07  2.36831e+07

   Temperature = 643.201 K

  P(torr)       W1->P0         W1->
        5      109.694      109.694
    O-O  2.16675e+07  2.16675e+07

   Temperature = 639.57 K

  P(torr)       W1->P0         W1->
        5      103.375      103.376
    O-O  1.98244e+07  1.98244e+07

   Temperature = 635.981 K

  P(torr)       W1->P0         W1->
        5      97.3753      97.3758
    O-O  1.81388e+07  1.81388e+07

   Temperature = 632.305 K

  P(torr)       W1->P0         W1->
        5      91.5139      91.5145
    O-O  1.65448e+07  1.65448e+07

   Temperature = 628.671 K

  P(torr)       W1->P0         W1->
        5      86.0048      86.0043
    O-O  1.50916e+07  1.50916e+07

   Temperature = 625.449 K

  P(torr)       W1->P0         W1->
        5      81.3967      81.3975
    O-O  1.38982e+07  1.38982e+07

   Temperature = 798.639 K

  P(torr)       P0->W1         P0->
        5  2.58957e-17  2.58957e-17
    O-O   1.5274e-11   1.5274e-11

   Temperature = 793.049 K

  P(torr)       P0->W1         P0->
        5  2.62407e-17  2.62407e-17
    O-O    1.495e-11    1.495e-11

   Temperature = 787.537 K

  P(torr)       P0->W1         P0->
        5  2.65843e-17  2.65843e-17
    O-O  1.46338e-11  1.46338e-11

   Temperature = 782.101 K

  P(torr)       P0->W1         P0->
        5  2.69447e-17  2.69447e-17
    O-O   1.4325e-11   1.4325e-11

   Temperature = 776.74 K

  P(torr)       P0->W1         P0->
        5  2.72856e-17  2.72856e-17
    O-O  1.40235e-11  1.40235e-11

   Temperature = 771.264 K

  P(torr)       P0->W1         P0->
        5  2.76408e-17  2.76408e-17
    O-O  1.37187e-11  1.37187e-11

   Temperature = 765.864 K

  P(torr)       P0->W1         P0->
        5  2.80108e-17  2.80108e-17
    O-O  1.34213e-11  1.34213e-11

   Temperature = 760.722 K

  P(torr)       P0->W1         P0->
        5  2.83572e-17  2.83572e-17
    O-O   1.3141e-11   1.3141e-11

   Temperature = 755.649 K

  P(torr)       P0->W1         P0->
        5  2.87043e-17  2.87043e-17
    O-O  1.28672e-11  1.28672e-11

   Temperature = 750.643 K

  P(torr)       P0->W1         P0->
        5  2.90653e-17  2.90653e-17
    O-O  1.25997e-11  1.25997e-11

   Temperature = 745.703 K

  P(torr)       P0->W1         P0->
        5  2.94144e-17  2.94143e-17
    O-O  1.23384e-11  1.23384e-11

   Temperature = 740.827 K

  P(torr)       P0->W1         P0->
        5  2.97856e-17  2.97856e-17
    O-O  1.20832e-11  1.20832e-11

   Temperature = 735.844 K

  P(torr)       P0->W1         P0->
        5  3.01486e-17  3.01486e-17
    O-O   1.1825e-11   1.1825e-11

   Temperature = 730.928 K

  P(torr)       P0->W1         P0->
        5   3.0512e-17   3.0512e-17
    O-O   1.1573e-11   1.1573e-11

   Temperature = 726.243 K

  P(torr)       P0->W1         P0->
        5  3.08693e-17  3.08693e-17
    O-O  1.13353e-11  1.13353e-11

   Temperature = 721.618 K

  P(torr)       P0->W1         P0->
        5  3.12214e-17  3.12214e-17
    O-O   1.1103e-11   1.1103e-11

   Temperature = 717.051 K

  P(torr)       P0->W1         P0->
        5  3.15726e-17  3.15726e-17
    O-O   1.0876e-11   1.0876e-11

   Temperature = 712.542 K

  P(torr)       P0->W1         P0->
        5  3.19301e-17  3.19301e-17
    O-O  1.06541e-11  1.06541e-11

   Temperature = 708.089 K

  P(torr)       P0->W1         P0->
        5  3.23018e-17  3.23018e-17
    O-O  1.04373e-11  1.04373e-11

   Temperature = 703.691 K

  P(torr)       P0->W1         P0->
        5  3.26533e-17  3.26533e-17
    O-O  1.02253e-11  1.02253e-11

   Temperature = 699.194 K

  P(torr)       P0->W1         P0->
        5  3.30186e-17  3.30186e-17
    O-O  1.00108e-11  1.00108e-11

   Temperature = 695.058 K

  P(torr)       P0->W1         P0->
        5  3.33802e-17  3.33802e-17
    O-O  9.81555e-12  9.81555e-12

   Temperature = 690.67 K

  P(torr)       P0->W1         P0->
        5  3.37484e-17  3.37484e-17
    O-O  9.61051e-12  9.61051e-12

   Temperature = 686.337 K

  P(torr)       P0->W1         P0->
        5  3.41149e-17  3.41148e-17
    O-O   9.4102e-12   9.4102e-12

   Temperature = 682.204 K

  P(torr)       P0->W1         P0->
        5  3.44891e-17  3.44891e-17
    O-O  9.22117e-12  9.22117e-12

   Temperature = 678.121 K

  P(torr)       P0->W1         P0->
        5  3.48485e-17  3.48485e-17
    O-O  9.03634e-12  9.03634e-12

   Temperature = 674.087 K

  P(torr)       P0->W1         P0->
        5  3.52105e-17  3.52104e-17
    O-O  8.85557e-12  8.85557e-12

   Temperature = 669.959 K

  P(torr)       P0->W1         P0->
        5  3.55768e-17  3.55768e-17
    O-O  8.67255e-12  8.67255e-12

   Temperature = 666.161 K

  P(torr)       P0->W1         P0->
        5  3.59366e-17  3.59366e-17
    O-O   8.5059e-12   8.5059e-12

   Temperature = 662.129 K

  P(torr)       P0->W1         P0->
        5  3.63054e-17  3.63054e-17
    O-O  8.33084e-12  8.33084e-12

   Temperature = 658.145 K

  P(torr)       P0->W1         P0->
        5  3.66769e-17  3.66769e-17
    O-O  8.15972e-12  8.15972e-12

   Temperature = 654.345 K

  P(torr)       P0->W1         P0->
        5  3.70585e-17  3.70585e-17
    O-O  7.99817e-12  7.99817e-12

   Temperature = 650.587 K

  P(torr)       P0->W1         P0->
        5  3.74127e-17  3.74127e-17
    O-O  7.84014e-12  7.84014e-12

   Temperature = 646.873 K

  P(torr)       P0->W1         P0->
        5  3.77695e-17  3.77695e-17
    O-O  7.68553e-12  7.68553e-12

   Temperature = 643.201 K

  P(torr)       P0->W1         P0->
        5  3.81324e-17  3.81324e-17
    O-O  7.53429e-12  7.53429e-12

   Temperature = 639.57 K

  P(torr)       P0->W1         P0->
        5  3.85063e-17  3.85063e-17
    O-O  7.38629e-12  7.38629e-12

   Temperature = 635.981 K

  P(torr)       P0->W1         P0->
        5  3.88654e-17  3.88654e-17
    O-O  7.24148e-12  7.24148e-12

   Temperature = 632.305 K

  P(torr)       P0->W1         P0->
        5  3.92344e-17  3.92344e-17
    O-O  7.09478e-12  7.09478e-12

   Temperature = 628.671 K

  P(torr)       P0->W1         P0->
        5  3.96065e-17  3.96065e-17
    O-O  6.95135e-12  6.95135e-12

   Temperature = 625.449 K

  P(torr)       P0->W1         P0->
        5  3.99664e-17  3.99664e-17
    O-O  6.82544e-12  6.82544e-12

______________________________________________________________________________________

Temperature-Species Rate Tables:

   Pressure = 5 torr

   T(K)       W1->P0         W1->      Capture
798.639      799.914      799.916  4.70531e+08
793.049      756.207       756.21   4.2975e+08
787.537      714.755      714.753  3.92525e+08
782.101      675.913      675.912  3.58545e+08
 776.74      638.596      638.599  3.27525e+08
771.264      602.073      602.074  2.98241e+08
765.864      567.846      567.846  2.71591e+08
760.722      536.364      536.367  2.48136e+08
755.649      506.569      506.568  2.26719e+08
750.643      478.592       478.59  2.07161e+08
745.703      451.913      451.912  1.89301e+08
740.827      426.985      426.985   1.7299e+08
735.844      402.263       402.26  1.57586e+08
730.928      378.926      378.926  1.43561e+08
726.243      357.706      357.707  1.31212e+08
721.618      337.579      337.579  1.19932e+08
717.051      318.538      318.539  1.09627e+08
712.542      300.596      300.595  1.00213e+08
708.089      283.755      283.753  9.16121e+07
703.691       267.66      267.662  8.37536e+07
699.194      251.932      251.934  7.63285e+07
695.058      238.251       238.25  7.00117e+07
 690.67      224.221      224.221  6.38113e+07
686.337       210.98      210.982  5.81632e+07
682.204      199.039      199.037  5.31874e+07
678.121      187.673      187.675  4.86398e+07
674.087      176.952      176.951   4.4483e+07
669.959      166.435      166.521   4.0554e+07
666.161      157.275      157.275  3.72103e+07
662.129       147.91       147.91  3.39271e+07
658.145      139.099      139.098  3.09351e+07
654.345       131.16       131.16  2.82983e+07
650.587      123.572      123.573  2.58875e+07
646.873      116.422      116.422  2.36831e+07
643.201      109.694      109.694  2.16675e+07
 639.57      103.375      103.376  1.98244e+07
635.981      97.3753      97.3758  1.81388e+07
632.305      91.5139      91.5145  1.65448e+07
628.671      86.0048      86.0043  1.50916e+07
625.449      81.3967      81.3975  1.38982e+07

   Pressure = 5 torr

   T(K)       P0->W1         P0->      Capture
798.639  2.58957e-17  2.58957e-17   1.5274e-11
793.049  2.62407e-17  2.62407e-17    1.495e-11
787.537  2.65843e-17  2.65843e-17  1.46338e-11
782.101  2.69447e-17  2.69447e-17   1.4325e-11
 776.74  2.72856e-17  2.72856e-17  1.40235e-11
771.264  2.76408e-17  2.76408e-17  1.37187e-11
765.864  2.80108e-17  2.80108e-17  1.34213e-11
760.722  2.83572e-17  2.83572e-17   1.3141e-11
755.649  2.87043e-17  2.87043e-17  1.28672e-11
750.643  2.90653e-17  2.90653e-17  1.25997e-11
745.703  2.94144e-17  2.94143e-17  1.23384e-11
740.827  2.97856e-17  2.97856e-17  1.20832e-11
735.844  3.01486e-17  3.01486e-17   1.1825e-11
730.928   3.0512e-17   3.0512e-17   1.1573e-11
726.243  3.08693e-17  3.08693e-17  1.13353e-11
721.618  3.12214e-17  3.12214e-17   1.1103e-11
717.051  3.15726e-17  3.15726e-17   1.0876e-11
712.542  3.19301e-17  3.19301e-17  1.06541e-11
708.089  3.23018e-17  3.23018e-17  1.04373e-11
703.691  3.26533e-17  3.26533e-17  1.02253e-11
699.194  3.30186e-17  3.30186e-17  1.00108e-11
695.058  3.33802e-17  3.33802e-17  9.81555e-12
 690.67  3.37484e-17  3.37484e-17  9.61051e-12
686.337  3.41149e-17  3.41148e-17   9.4102e-12
682.204  3.44891e-17  3.44891e-17  9.22117e-12
678.121  3.48485e-17  3.48485e-17  9.03634e-12
674.087  3.52105e-17  3.52104e-17  8.85557e-12
669.959  3.55768e-17  3.55768e-17  8.67255e-12
666.161  3.59366e-17  3.59366e-17   8.5059e-12
662.129  3.63054e-17  3.63054e-17  8.33084e-12
658.145  3.66769e-17  3.66769e-17  8.15972e-12
654.345  3.70585e-17  3.70585e-17  7.99817e-12
650.587  3.74127e-17  3.74127e-17  7.84014e-12
646.873  3.77695e-17  3.77695e-17  7.68553e-12
643.201  3.81324e-17  3.81324e-17  7.53429e-12
 639.57  3.85063e-17  3.85063e-17  7.38629e-12
635.981  3.88654e-17  3.88654e-17  7.24148e-12
632.305  3.92344e-17  3.92344e-17  7.09478e-12
628.671  3.96065e-17  3.96065e-17  6.95135e-12
625.449  3.99664e-17  3.99664e-17  6.82544e-12

______________________________________________________________________________________

Temperature-Pressure Rate Tables:

W1->P0

P\T          798.639      793.049      787.537      782.101       776.74      771.264      765.864      760.722      755.649      750.643      745.703      740.827      735.844      730.928      726.243      721.618      717.051      712.542      708.089      703.691      699.194      695.058       690.67      686.337      682.204      678.121      674.087      669.959      666.161      662.129      658.145      654.345      650.587      646.873      643.201       639.57      635.981      632.305      628.671      625.449
5            799.914      756.207      714.755      675.913      638.596      602.073      567.846      536.364      506.569      478.592      451.913      426.985      402.263      378.926      357.706      337.579      318.538      300.596      283.755       267.66      251.932      238.251      224.221       210.98      199.039      187.673      176.952      166.435      157.275       147.91      139.099       131.16      123.572      116.422      109.694      103.375      97.3753      91.5139      86.0048      81.3967
O-O      4.70531e+08   4.2975e+08  3.92525e+08  3.58545e+08  3.27525e+08  2.98241e+08  2.71591e+08  2.48136e+08  2.26719e+08  2.07161e+08  1.89301e+08   1.7299e+08  1.57586e+08  1.43561e+08  1.31212e+08  1.19932e+08  1.09627e+08  1.00213e+08  9.16121e+07  8.37536e+07  7.63285e+07  7.00117e+07  6.38113e+07  5.81632e+07  5.31874e+07  4.86398e+07   4.4483e+07   4.0554e+07  3.72103e+07  3.39271e+07  3.09351e+07  2.82983e+07  2.58875e+07  2.36831e+07  2.16675e+07  1.98244e+07  1.81388e+07  1.65448e+07  1.50916e+07  1.38982e+07

P0->W1

P\T          798.639      793.049      787.537      782.101       776.74      771.264      765.864      760.722      755.649      750.643      745.703      740.827      735.844      730.928      726.243      721.618      717.051      712.542      708.089      703.691      699.194      695.058       690.67      686.337      682.204      678.121      674.087      669.959      666.161      662.129      658.145      654.345      650.587      646.873      643.201       639.57      635.981      632.305      628.671      625.449
5        2.58957e-17  2.62407e-17  2.65843e-17  2.69447e-17  2.72856e-17  2.76408e-17  2.80108e-17  2.83572e-17  2.87043e-17  2.90653e-17  2.94144e-17  2.97856e-17  3.01486e-17   3.0512e-17  3.08693e-17  3.12214e-17  3.15726e-17  3.19301e-17  3.23018e-17  3.26533e-17  3.30186e-17  3.33802e-17  3.37484e-17  3.41149e-17  3.44891e-17  3.48485e-17  3.52105e-17  3.55768e-17  3.59366e-17  3.63054e-17  3.66769e-17  3.70585e-17  3.74127e-17  3.77695e-17  3.81324e-17  3.85063e-17  3.88654e-17  3.92344e-17  3.96065e-17  3.99664e-17
O-O       1.5274e-11    1.495e-11  1.46338e-11   1.4325e-11  1.40235e-11  1.37187e-11  1.34213e-11   1.3141e-11  1.28672e-11  1.25997e-11  1.23384e-11  1.20832e-11   1.1825e-11   1.1573e-11  1.13353e-11   1.1103e-11   1.0876e-11  1.06541e-11  1.04373e-11  1.02253e-11  1.00108e-11  9.81555e-12  9.61051e-12   9.4102e-12  9.22117e-12  9.03634e-12  8.85557e-12  8.67255e-12   8.5059e-12  8.33084e-12  8.15972e-12  7.99817e-12  7.84014e-12  7.68553e-12  7.53429e-12  7.38629e-12  7.24148e-12  7.09478e-12  6.95135e-12  6.82544e-12

W1-> 

P\T          798.639      793.049      787.537      782.101       776.74      771.264      765.864      760.722      755.649      750.643      745.703      740.827      735.844      730.928      726.243      721.618      717.051      712.542      708.089      703.691      699.194      695.058       690.67      686.337      682.204      678.121      674.087      669.959      666.161      662.129      658.145      654.345      650.587      646.873      643.201       639.57      635.981      632.305      628.671      625.449
5            799.916       756.21      714.753      675.912      638.599      602.074      567.846      536.367      506.568       478.59      451.912      426.985       402.26      378.926      357.707      337.579      318.539      300.595      283.753      267.662      251.934       238.25      224.221      210.982      199.037      187.675      176.951      166.521      157.275       147.91      139.098       131.16      123.573      116.422      109.694      103.376      97.3758      91.5145      86.0043      81.3975
O-O      4.70531e+08   4.2975e+08  3.92525e+08  3.58545e+08  3.27525e+08  2.98241e+08  2.71591e+08  2.48136e+08  2.26719e+08  2.07161e+08  1.89301e+08   1.7299e+08  1.57586e+08  1.43561e+08  1.31212e+08  1.19932e+08  1.09627e+08  1.00213e+08  9.16121e+07  8.37536e+07  7.63285e+07  7.00117e+07  6.38113e+07  5.81632e+07  5.31874e+07  4.86398e+07   4.4483e+07   4.0554e+07  3.72103e+07  3.39271e+07  3.09351e+07  2.82983e+07  2.58875e+07  2.36831e+07  2.16675e+07  1.98244e+07  1.81388e+07  1.65448e+07  1.50916e+07  1.38982e+07

P0-> 

P\T          798.639      793.049      787.537      782.101       776.74      771.264      765.864      760.722      755.649      750.643      745.703      740.827      735.844      730.928      726.243      721.618      717.051      712.542      708.089      703.691      699.194      695.058       690.67      686.337      682.204      678.121      674.087      669.959      666.161      662.129      658.145      654.345      650.587      646.873      643.201       639.57      635.981      632.305      628.671      625.449
5        2.58957e-17  2.62407e-17  2.65843e-17  2.69447e-17  2.72856e-17  2.76408e-17  2.80108e-17  2.83572e-17  2.87043e-17  2.90653e-17  2.94143e-17  2.97856e-17  3.01486e-17   3.0512e-17  3.08693e-17  3.12214e-17  3.15726e-17  3.19301e-17  3.23018e-17  3.26533e-17  3.30186e-17  3.33802e-17  3.37484e-17  3.41148e-17  3.44891e-17  3.48485e-17  3.52104e-17  3.55768e-17  3.59366e-17  3.63054e-17  3.66769e-17  3.70585e-17  3.74127e-17  3.77695e-17  3.81324e-17  3.85063e-17  3.88654e-17  3.92344e-17  3.96065e-17  3.99664e-17
O-O       1.5274e-11    1.495e-11  1.46338e-11   1.4325e-11  1.40235e-11  1.37187e-11  1.34213e-11   1.3141e-11  1.28672e-11  1.25997e-11  1.23384e-11  1.20832e-11   1.1825e-11   1.1573e-11  1.13353e-11   1.1103e-11   1.0876e-11  1.06541e-11  1.04373e-11  1.02253e-11  1.00108e-11  9.81555e-12  9.61051e-12   9.4102e-12  9.22117e-12  9.03634e-12  8.85557e-12  8.67255e-12   8.5059e-12  8.33084e-12  8.15972e-12  7.99817e-12  7.84014e-12  7.68553e-12  7.53429e-12  7.38629e-12  7.24148e-12  7.09478e-12  6.95135e-12  6.82544e-12

