Wells (G - ground energy, D - dissociation limit, kcal/mol):
      Name        G        D
        W1    -88.3      0.0

Bimolecular Products (G - ground energy, kcal/mol):
      Name        G
        P1      0.0
        P2     11.2
        P3    -46.9

Well-to-Bimolecular Barriers (H/G - barrier height/well depth, kcal/mol)
      Name        H     Well        G  Product
        B1      0.0       W1    -88.3       P1
        B2     11.2       W1    -88.3       P2
        B3     33.3       W1    -88.3       P3

________________________________________________________________________________________

Unimolecular Rate Units: 1/sec;  Bimolecular Rate Units: cm^3/sec

______________________________________________________________________________________

Species-Species Rate Tables:

Temperature = 298 K

High Pressure Rate Coefficients:

From\To            W1           P1           P2           P3
W1                ***  6.43646e-50  1.72068e-58  1.53742e-62
P1        5.07766e-11          ***          ***          ***
P2        1.88996e-10          ***          ***          ***
P3        2.80427e-56          ***          ***          ***

Temperature = 298 K    Pressure = 0.5 atm

From\To            W1           P1           P2           P3
W1        6.38377e-50  6.38377e-50  3.55942e-59   1.8082e-65
P1         5.0361e-11   5.0361e-11  1.07603e-19  9.37524e-30
P2        3.90959e-11  1.49817e-10  1.88913e-10  2.30725e-25
P3        3.29816e-59  2.16766e-62  3.83149e-67  3.30032e-59

Temperature = 299 K

High Pressure Rate Coefficients:

From\To            W1           P1           P2           P3
W1                ***  1.06891e-49  3.03583e-58  2.17422e-62
P1        5.07321e-11          ***          ***          ***
P2        1.89117e-10          ***          ***          ***
P3        3.11814e-56          ***          ***          ***

Temperature = 299 K    Pressure = 0.5 atm

From\To            W1           P1           P2           P3
W1        1.05998e-49  1.05998e-49  6.23872e-59  2.90958e-65
P1        5.03084e-11  5.03084e-11  1.14415e-19  9.66997e-30
P2         3.8864e-11  1.50173e-10  1.89037e-10  2.35155e-25
P3        4.17274e-59  2.92196e-62  5.41368e-67  4.17566e-59

______________________________________________________________________________________

High Pressure Rate Coefficients (Temperature-Species Rate Tables):

   T(K)       W1->W1       W1->P1       W1->P2       W1->P3
    298          ***  6.43646e-50  1.72068e-58  1.53742e-62
    299          ***  1.06891e-49  3.03583e-58  2.17422e-62

   T(K)       P1->W1       P1->P1       P1->P2       P1->P3
    298  5.07766e-11          ***          ***          ***
    299  5.07321e-11          ***          ***          ***

   T(K)       P2->W1       P2->P1       P2->P2       P2->P3
    298  1.88996e-10          ***          ***          ***
    299  1.89117e-10          ***          ***          ***

   T(K)       P3->W1       P3->P1       P3->P2       P3->P3
    298  2.80427e-56          ***          ***          ***
    299  3.11814e-56          ***          ***          ***

Capture/Escape Rate Coefficients:

   T(K)           W1           P1           P2           P3
    298  6.43646e-50  5.07766e-11  1.88996e-10  2.80427e-56
    299  1.06891e-49  5.07321e-11  1.89117e-10  3.11814e-56

______________________________________________________________________________________

Pressure-Species Rate Tables:

   Temperature = 298 K

   P(atm)       W1->P1       W1->P2       W1->P3         W1->
      0.5  6.38377e-50  3.55942e-59   1.8082e-65  6.38377e-50
    O-O  6.43646e-50  1.72068e-58  1.53742e-62  6.43646e-50

   Temperature = 299 K

   P(atm)       W1->P1       W1->P2       W1->P3         W1->
      0.5  1.05998e-49  6.23872e-59  2.90958e-65  1.05998e-49
    O-O  1.06891e-49  3.03583e-58  2.17422e-62  1.06891e-49

   Temperature = 298 K

   P(atm)       P1->W1       P1->P2       P1->P3         P1->
      0.5   5.0361e-11  1.07603e-19  9.37524e-30   5.0361e-11
    O-O  5.07766e-11          ***          ***  5.07766e-11

   Temperature = 299 K

   P(atm)       P1->W1       P1->P2       P1->P3         P1->
      0.5  5.03084e-11  1.14415e-19  9.66997e-30  5.03084e-11
    O-O  5.07321e-11          ***          ***  5.07321e-11

   Temperature = 298 K

   P(atm)       P2->W1       P2->P1       P2->P3         P2->
      0.5  3.90959e-11  1.49817e-10  2.30725e-25  1.88913e-10
    O-O  1.88996e-10          ***          ***  1.88996e-10

   Temperature = 299 K

   P(atm)       P2->W1       P2->P1       P2->P3         P2->
      0.5   3.8864e-11  1.50173e-10  2.35155e-25  1.89037e-10
    O-O  1.89117e-10          ***          ***  1.89117e-10

   Temperature = 298 K

   P(atm)       P3->W1       P3->P1       P3->P2         P3->
      0.5  3.29816e-59  2.16766e-62  3.83149e-67  3.30032e-59
    O-O  2.80427e-56          ***          ***  2.80427e-56

   Temperature = 299 K

   P(atm)       P3->W1       P3->P1       P3->P2         P3->
      0.5  4.17274e-59  2.92196e-62  5.41368e-67  4.17566e-59
    O-O  3.11814e-56          ***          ***  3.11814e-56

______________________________________________________________________________________

Temperature-Species Rate Tables:

   Pressure = 0.5 atm

   T(K)       W1->P1       W1->P2       W1->P3         W1->      Capture
    298  6.38377e-50  3.55942e-59   1.8082e-65  6.38377e-50  6.43646e-50
    299  1.05998e-49  6.23872e-59  2.90958e-65  1.05998e-49  1.06891e-49

   Pressure = 0.5 atm

   T(K)       P1->W1       P1->P2       P1->P3         P1->      Capture
    298   5.0361e-11  1.07603e-19  9.37524e-30   5.0361e-11  5.07766e-11
    299  5.03084e-11  1.14415e-19  9.66997e-30  5.03084e-11  5.07321e-11

   Pressure = 0.5 atm

   T(K)       P2->W1       P2->P1       P2->P3         P2->      Capture
    298  3.90959e-11  1.49817e-10  2.30725e-25  1.88913e-10  1.88996e-10
    299   3.8864e-11  1.50173e-10  2.35155e-25  1.89037e-10  1.89117e-10

   Pressure = 0.5 atm

   T(K)       P3->W1       P3->P1       P3->P2         P3->      Capture
    298  3.29816e-59  2.16766e-62  3.83149e-67  3.30032e-59  2.80427e-56
    299  4.17274e-59  2.92196e-62  5.41368e-67  4.17566e-59  3.11814e-56

______________________________________________________________________________________

Temperature-Pressure Rate Tables:

W1->P1

P\T              298          299
0.5      6.38377e-50  1.05998e-49
O-O      6.43646e-50  1.06891e-49

W1->P2

P\T              298          299
0.5      3.55942e-59  6.23872e-59
O-O      1.72068e-58  3.03583e-58

W1->P3

P\T              298          299
0.5       1.8082e-65  2.90958e-65
O-O      1.53742e-62  2.17422e-62

P1->W1

P\T              298          299
0.5       5.0361e-11  5.03084e-11
O-O      5.07766e-11  5.07321e-11

P1->P2

P\T              298          299
0.5      1.07603e-19  1.14415e-19
O-O              ***          ***

P1->P3

P\T              298          299
0.5      9.37524e-30  9.66997e-30
O-O              ***          ***

P2->W1

P\T              298          299
0.5      3.90959e-11   3.8864e-11
O-O      1.88996e-10  1.89117e-10

P2->P1

P\T              298          299
0.5      1.49817e-10  1.50173e-10
O-O              ***          ***

P2->P3

P\T              298          299
0.5      2.30725e-25  2.35155e-25
O-O              ***          ***

P3->W1

P\T              298          299
0.5      3.29816e-59  4.17274e-59
O-O      2.80427e-56  3.11814e-56

P3->P1

P\T              298          299
0.5      2.16766e-62  2.92196e-62
O-O              ***          ***

P3->P2

P\T              298          299
0.5      3.83149e-67  5.41368e-67
O-O              ***          ***

W1-> 

P\T              298          299
0.5      6.38377e-50  1.05998e-49
O-O      6.43646e-50  1.06891e-49

P1-> 

P\T              298          299
0.5       5.0361e-11  5.03084e-11
O-O      5.07766e-11  5.07321e-11

P2-> 

P\T              298          299
0.5      1.88913e-10  1.89037e-10
O-O      1.88996e-10  1.89117e-10

P3-> 

P\T              298          299
0.5      3.30032e-59  4.17566e-59
O-O      2.80427e-56  3.11814e-56

