Wells (G - ground energy, D - dissociation limit, kcal/mol):
      Name        G        D
        W1    -88.3      0.0

Bimolecular Products (G - ground energy, kcal/mol):
      Name        G
        P1      0.0
        P2     11.2
        P3    -46.9

Well-to-Bimolecular Barriers (H/G - barrier height/well depth, kcal/mol)
      Name        H     Well        G  Product
        B1      0.0       W1    -88.3       P1
        B2     11.2       W1    -88.3       P2
        B3     33.3       W1    -88.3       P3

________________________________________________________________________________________

Unimolecular Rate Units: 1/sec;  Bimolecular Rate Units: cm^3/sec

______________________________________________________________________________________

Species-Species Rate Tables:

Temperature = 296 K

High Pressure Rate Coefficients:

From\To            W1           P1           P2           P3
W1                ***  2.31008e-50  5.46489e-59  7.65561e-63
P1         5.0866e-11          ***          ***          ***
P2        1.88753e-10          ***          ***          ***
P3        2.26968e-56          ***          ***          ***

Temperature = 296 K    Pressure = 0.4 atm

From\To            W1           P1           P2           P3
W1        2.28747e-50  2.28747e-50    8.694e-60  6.64688e-66
P1        5.03681e-11  5.03681e-11  1.01136e-19  1.05456e-29
P2        3.00284e-11  1.58642e-10   1.8867e-10  2.33013e-25
P3        1.97062e-59  1.41989e-62  2.00011e-67  1.97204e-59

Temperature = 296 K    Pressure = 1 atm

From\To            W1           P1           P2           P3
W1        2.30107e-50  2.30107e-50  2.17224e-59  6.64942e-66
P1        5.06674e-11  5.06674e-11  7.24515e-20  4.96376e-30
P2        7.50275e-11  1.13648e-10  1.88675e-10   1.8272e-25
P3        1.97137e-59  6.68339e-63  1.56841e-67  1.97204e-59

Temperature = 370 K

High Pressure Rate Coefficients:

From\To            W1           P1           P2           P3
W1                ***  4.43342e-37  4.02249e-44  6.98332e-53
P1        4.78749e-11          ***          ***          ***
P2        1.97281e-10          ***          ***          ***
P3        1.02891e-52          ***          ***          ***

Temperature = 370 K    Pressure = 0.4 atm

From\To            W1           P1           P2           P3
W1        4.28846e-37  4.28846e-37  4.05345e-45  2.23207e-53
P1        4.63096e-11  4.63096e-11  3.90339e-18   9.4215e-29
P2          1.988e-11  1.77282e-10  1.97162e-10  1.12794e-24
P3        3.28869e-53  1.28548e-54  3.38853e-58  3.41727e-53

Temperature = 370 K    Pressure = 1 atm

From\To            W1           P1           P2           P3
W1        4.36875e-37  4.36875e-37  1.15805e-44  2.26357e-53
P1        4.71766e-11  4.71766e-11  3.09075e-18  6.01998e-29
P2        5.67959e-11  1.40374e-10  1.97169e-10  1.03088e-24
P3        3.33511e-53  8.21373e-55  3.09694e-58  3.41727e-53

Temperature = 407 K

High Pressure Rate Coefficients:

From\To            W1           P1           P2           P3
W1                ***  3.08564e-32    1.058e-38   1.4256e-48
P1        4.66354e-11          ***          ***          ***
P2        2.01215e-10          ***          ***          ***
P3        1.04703e-50          ***          ***          ***

Temperature = 407 K    Pressure = 0.4 atm

From\To            W1           P1           P2           P3
W1        2.92181e-32  2.92181e-32   8.4671e-40  8.96114e-49
P1        4.41594e-11  4.41594e-11     1.47e-17  2.88923e-28
P2        1.61031e-11  1.84978e-10  2.01081e-10  3.06383e-24
P3        6.58148e-51  1.40401e-51  1.18318e-54  7.98668e-51

Temperature = 407 K    Pressure = 1 atm

From\To            W1           P1           P2           P3
W1        3.00824e-32  3.00824e-32  2.55938e-39  9.44224e-49
P1        4.54656e-11  4.54656e-11  1.21122e-17  2.16222e-28
P2        4.86752e-11  1.52415e-10   2.0109e-10  2.92535e-24
P3        6.93482e-51  1.05073e-51   1.1297e-54  7.98668e-51

Temperature = 474 K

High Pressure Rate Coefficients:

From\To            W1           P1           P2           P3
W1                ***  2.22333e-25  5.02529e-31  1.82823e-41
P1        4.47881e-11          ***          ***          ***
P2        2.07824e-10          ***          ***          ***
P3        7.28769e-47          ***          ***          ***

Temperature = 474 K    Pressure = 0.4 atm

From\To            W1           P1           P2           P3
W1        1.98323e-25  1.98323e-25  2.65806e-32  4.50197e-42
P1        3.99515e-11  3.99516e-11  9.57882e-17  2.74644e-27
P2        1.09925e-11  1.96647e-10  2.07639e-10  2.40032e-23
P3        1.79458e-47  5.43464e-47  2.31364e-49  7.25236e-47

Temperature = 474 K    Pressure = 1 atm

From\To            W1           P1           P2           P3
W1        2.09745e-25  2.09744e-25   8.7513e-32  5.61605e-42
P1        4.22522e-11  4.22523e-11  8.35188e-17  2.52216e-27
P2        3.61915e-11  1.71459e-10   2.0765e-10  2.37074e-23
P3        2.23867e-47  4.99083e-47  2.28513e-49  7.25236e-47

Temperature = 513 K

High Pressure Rate Coefficients:

From\To            W1           P1           P2           P3
W1                ***  3.30352e-22  1.79147e-27  9.77263e-38
P1        4.39137e-11          ***          ***          ***
P2        2.11392e-10          ***          ***          ***
P3        1.19635e-44          ***          ***          ***

Temperature = 513 K    Pressure = 0.4 atm

From\To            W1           P1           P2           P3
W1        2.80701e-22  2.80701e-22  7.45977e-29  6.76482e-39
P1        3.73136e-11  3.73139e-11  2.27983e-16  1.19979e-26
P2        8.80244e-12  2.02374e-10  2.11177e-10  8.07925e-23
P3        8.28135e-46  1.10491e-44  8.38182e-47  1.19611e-44

Temperature = 513 K    Pressure = 1 atm

From\To            W1           P1           P2           P3
W1        3.02753e-22  3.02752e-22  2.56008e-28  9.62945e-39
P1         4.0245e-11  4.02452e-11  2.03881e-16  1.16177e-26
P2        3.02086e-11   1.8098e-10  2.11188e-10   8.0289e-23
P3        1.17882e-45  1.06989e-44  8.32959e-47  1.19611e-44

Temperature = 539 K

High Pressure Rate Coefficients:

From\To            W1           P1           P2           P3
W1                ***  2.39877e-20  2.17697e-25   1.8868e-35
P1        4.33995e-11          ***          ***          ***
P2        2.13666e-10          ***          ***          ***
P3        2.98735e-43          ***          ***          ***

Temperature = 539 K    Pressure = 0.4 atm

From\To            W1           P1           P2           P3
W1        1.96175e-20  1.96175e-20  7.72675e-27   5.1446e-37
P1        3.54926e-11   3.5493e-11  3.79441e-16  3.28822e-26
P2         7.5837e-12  2.05841e-10  2.13425e-10   1.7594e-22
P3        8.14538e-45  2.87757e-43  2.83818e-45   2.9874e-43

Temperature = 539 K    Pressure = 1 atm

From\To            W1           P1           P2           P3
W1        2.14659e-20  2.14658e-20  2.71945e-26  8.00972e-37
P1        3.88368e-11  3.88371e-11   3.4424e-16  3.23652e-26
P2         2.6691e-11  1.86746e-10  2.13437e-10  1.75198e-22
P3        1.26817e-44  2.83232e-43  2.82621e-45   2.9874e-43

Temperature = 577 K

High Pressure Rate Coefficients:

From\To            W1           P1           P2           P3
W1                ***  6.30364e-18  1.11994e-22  2.10327e-32
P1        4.27328e-11          ***          ***          ***
P2        2.16851e-10          ***          ***          ***
P3        2.32618e-41          ***          ***          ***

Temperature = 577 K    Pressure = 0.4 atm

From\To            W1           P1           P2           P3
W1        4.83505e-18  4.83504e-18  3.15251e-24  1.47985e-34
P1        3.27771e-11  3.27778e-11  7.36794e-16  1.39782e-25
P2         6.1041e-12  2.10446e-10   2.1655e-10    5.157e-22
P3        1.63668e-43  2.28049e-41  2.94564e-43  2.32631e-41

Temperature = 577 K    Pressure = 1 atm

From\To            W1           P1           P2           P3
W1        5.41101e-18    5.411e-18   1.1469e-23  2.61645e-34
P1        3.66816e-11  3.66823e-11  6.80458e-16  1.39016e-25
P2        2.22071e-11  1.94355e-10  2.16562e-10  5.14348e-22
P3        2.89374e-43    2.268e-41  2.93791e-43  2.32631e-41

Temperature = 700 K

High Pressure Rate Coefficients:

From\To            W1           P1           P2           P3
W1                ***  6.83027e-12  6.60167e-16  1.40555e-24
P1        4.10994e-11          ***          ***          ***
P2        2.26165e-10          ***          ***          ***
P3        2.01399e-36          ***          ***          ***

Temperature = 700 K    Pressure = 0.4 atm

From\To            W1           P1           P2           P3
W1        4.00113e-12  4.00112e-12  8.85256e-18  2.13034e-28
P1        2.40757e-11  2.40796e-11  3.91001e-15  8.28418e-24
P2        3.03277e-12  2.22614e-10  2.25647e-10  9.84058e-21
P3        3.05254e-40  1.97272e-36  4.11587e-38  2.01418e-36

Temperature = 700 K    Pressure = 1 atm

From\To            W1           P1           P2           P3
W1        4.84565e-12  4.84561e-12  3.50369e-17  5.39848e-28
P1        2.91572e-11  2.91609e-11  3.75267e-15  8.28238e-24
P2        1.20032e-11  2.13655e-10  2.25659e-10  9.83129e-21
P3         7.7354e-40  1.97229e-36  4.11198e-38  2.01418e-36

Temperature = 810 K

High Pressure Rate Coefficients:

From\To            W1           P1           P2           P3
W1                ***  4.76692e-08  1.38775e-11  1.72707e-19
P1        4.00917e-11          ***          ***          ***
P2        2.33424e-10          ***          ***          ***
P3        3.55463e-33          ***          ***          ***

Temperature = 810 K    Pressure = 0.4 atm

From\To            W1           P1           P2           P3
W1        2.05244e-08  2.05243e-08  9.68427e-14  1.73041e-24
P1        1.72616e-11  1.72732e-11  1.15478e-14  1.41404e-22
P2        1.62892e-12   2.3095e-10  2.32579e-10  7.73158e-20
P3        3.56147e-38  3.46042e-33  9.46055e-35  3.55506e-33

Temperature = 810 K    Pressure = 1 atm

From\To            W1           P1           P2           P3
W1        2.66799e-08  2.66795e-08  4.04761e-13  5.68218e-24
P1        2.24384e-11  2.24497e-11  1.12894e-14  1.41402e-22
P2        6.80822e-12  2.25782e-10   2.3259e-10  7.72763e-20
P3        1.16949e-37  3.46039e-33   9.4557e-35  3.55506e-33

Temperature = 906 K

High Pressure Rate Coefficients:

From\To            W1           P1           P2           P3
W1                ***  1.84735e-05  1.15023e-08  5.03915e-16
P1        3.94261e-11          ***          ***          ***
P2        2.39096e-10          ***          ***          ***
P3        5.93908e-31          ***          ***          ***

Temperature = 906 K    Pressure = 0.4 atm

From\To            W1           P1           P2           P3
W1        5.84966e-06  5.84961e-06  4.58404e-11  7.08912e-22
P1         1.2484e-11  1.25084e-11  2.43221e-14  1.04092e-21
P2        9.52858e-13  2.36894e-10  2.37847e-10  3.37842e-19
P3        8.35503e-37  5.74837e-31  1.91553e-32  5.93994e-31

Temperature = 906 K    Pressure = 1 atm

From\To            W1           P1           P2           P3
W1         8.0576e-06   8.0574e-06  1.98665e-10   2.8133e-21
P1         1.7196e-11    1.722e-11   2.3997e-14  1.04093e-21
P2        4.12957e-12  2.33727e-10  2.37856e-10  3.37732e-19
P3         3.3157e-36  5.74841e-31  1.91491e-32  5.93994e-31

Temperature = 1050 K

High Pressure Rate Coefficients:

From\To            W1           P1           P2           P3
W1                ***    0.0179321  2.75822e-05  5.52698e-12
P1        3.86629e-11          ***          ***          ***
P2        2.46663e-10          ***          ***          ***
P3        2.39784e-28          ***          ***          ***

Temperature = 1050 K    Pressure = 0.4 atm

From\To            W1           P1           P2           P3
W1         0.00341273   0.00341268  4.82613e-08  6.76714e-19
P1        7.35761e-12  7.41647e-12  5.88604e-14  1.14234e-20
P2        4.31572e-13  2.44139e-10   2.4457e-10  2.05382e-18
P3        2.93573e-35  2.29861e-28  9.96365e-30  2.39825e-28

Temperature = 1050 K    Pressure = 1 atm

From\To            W1           P1           P2           P3
W1         0.00508189   0.00508167  2.17811e-07  3.40504e-18
P1        1.09561e-11  1.10146e-11  5.84967e-14  1.14235e-20
P2         1.9478e-12   2.4263e-10  2.44578e-10  2.05345e-18
P3        1.47721e-34  2.29863e-28  9.96187e-30  2.39825e-28

Temperature = 1200 K

High Pressure Rate Coefficients:

From\To            W1           P1           P2           P3
W1                ***      3.91199    0.0125741  8.76936e-09
P1        3.80621e-11          ***          ***          ***
P2        2.53582e-10          ***          ***          ***
P3        2.87174e-26          ***          ***          ***

Temperature = 1200 K    Pressure = 0.4 atm

From\To            W1           P1           P2           P3
W1           0.420429      0.42042  9.54597e-06  1.33451e-16
P1        4.08994e-12  4.21059e-12  1.20646e-13  8.08618e-20
P2        1.92486e-13  2.50069e-10  2.50261e-10  9.27876e-18
P3        4.36957e-34  2.72161e-26   1.5067e-27  2.87228e-26

Temperature = 1200 K    Pressure = 1 atm

From\To            W1           P1           P2           P3
W1           0.671291     0.671247  4.44001e-05  8.24113e-16
P1        6.53043e-12  6.65074e-12   1.2031e-13  8.08622e-20
P2        8.95343e-13  2.49372e-10  2.50267e-10  9.27782e-18
P3        2.69854e-33  2.72162e-26  1.50655e-27  2.87228e-26

Temperature = 1350 K

High Pressure Rate Coefficients:

From\To            W1           P1           P2           P3
W1                ***      252.013       1.4676  2.79895e-06
P1        3.75937e-11          ***          ***          ***
P2        2.59714e-10          ***          ***          ***
P3        1.24631e-24          ***          ***          ***

Temperature = 1350 K    Pressure = 0.4 atm

From\To            W1           P1           P2           P3
W1            14.9142      14.9137  0.000495461  7.41579e-15
P1         2.2239e-12  2.43859e-12  2.14696e-13  3.90627e-19
P2        8.76467e-14  2.54694e-10  2.54782e-10   3.2009e-17
P3        3.30085e-33  1.16601e-24  8.05406e-26  1.24655e-24

Temperature = 1350 K    Pressure = 1 atm

From\To            W1           P1           P2           P3
W1            25.2718      25.2695   0.00235351  5.44998e-14
P1        3.76865e-12  3.98307e-12  2.14422e-13  3.90628e-19
P2        4.16392e-13   2.5437e-10  2.54787e-10  3.20071e-17
P3        2.42618e-32  1.16601e-24  8.05359e-26  1.24655e-24

Temperature = 1525 K

High Pressure Rate Coefficients:

From\To            W1           P1           P2           P3
W1                ***      11247.9      115.409  0.000572796
P1        3.71668e-11          ***          ***          ***
P2        2.66071e-10          ***          ***          ***
P3        4.15582e-23          ***          ***          ***

Temperature = 1525 K    Pressure = 0.4 atm

From\To            W1           P1           P2           P3
W1            326.376       326.36    0.0156038  2.72989e-13
P1        1.07727e-12  1.44807e-12  3.70802e-13  1.74115e-18
P2        3.59364e-14  2.58714e-10   2.5875e-10  1.05973e-16
P3        1.97855e-32  3.82306e-23  3.33497e-24  4.15656e-23

Temperature = 1525 K    Pressure = 1 atm

From\To            W1           P1           P2           P3
W1            586.358      586.282    0.0753863  2.38426e-12
P1        1.93588e-12  2.30649e-12  3.70609e-13  1.74115e-18
P2        1.73677e-13   2.5858e-10  2.58753e-10  1.05969e-16
P3        1.72863e-31  3.82307e-23  3.33486e-24  4.15656e-23

Temperature = 1700 K

High Pressure Rate Coefficients:

From\To            W1           P1           P2           P3
W1                ***       224296      3672.36    0.0400172
P1        3.68358e-11          ***          ***          ***
P2        2.71731e-10          ***          ***          ***
P3        6.99143e-22          ***          ***          ***

Temperature = 1700 K    Pressure = 0.4 atm

From\To            W1           P1           P2           P3
W1            3168.77      3168.57     0.205327  4.52944e-12
P1        5.19038e-13  1.09935e-12  5.80304e-13  5.93397e-18
P2         1.5154e-14  2.61458e-10  2.61473e-10  2.87867e-16
P3        7.89317e-32  6.31272e-22  6.79701e-23  6.99242e-22

Temperature = 1700 K    Pressure = 1 atm

From\To            W1           P1           P2           P3
W1            5979.47      5978.46      1.00274  4.55923e-11
P1        9.80017e-13   1.5602e-12  5.80179e-13  5.93398e-18
P2        7.40594e-14  2.61401e-10  2.61476e-10  2.87862e-16
P3        7.95072e-31  6.31274e-22  6.79687e-23  6.99242e-22

Temperature = 1900 K

High Pressure Rate Coefficients:

From\To            W1           P1           P2           P3
W1                ***    3.408e+06      87106.2      2.00286
P1        3.65441e-11          ***          ***          ***
P2        2.77507e-10          ***          ***          ***
P3        9.65421e-21          ***          ***          ***

Temperature = 1900 K    Pressure = 0.4 atm

From\To            W1           P1           P2           P3
W1            21213.6      21211.8      1.84528  5.84087e-11
P1        2.25969e-13  1.11202e-12  8.86032e-13  1.89452e-17
P2        5.84034e-15  2.63242e-10  2.63249e-10  7.52623e-16
P3        2.79703e-31  8.51622e-21  1.13873e-21  9.65494e-21

Temperature = 1900 K    Pressure = 1 atm

From\To            W1           P1           P2           P3
W1            41944.8      41935.7      9.07438  6.60724e-10
P1        4.47427e-13  1.33341e-12   8.8596e-13  1.89452e-17
P2        2.87648e-14  2.63221e-10   2.6325e-10  7.52615e-16
P3        3.16889e-30  8.51623e-21  1.13872e-21  9.65494e-21

Temperature = 2000 K

High Pressure Rate Coefficients:

From\To            W1           P1           P2           P3
W1                ***  1.07378e+07       333531      10.6243
P1        3.64248e-11          ***          ***          ***
P2         2.8016e-10          ***          ***          ***
P3        2.98265e-20          ***          ***          ***

Temperature = 2000 K    Pressure = 0.4 atm

From\To            W1           P1           P2           P3
W1            44686.5      44682.1      4.43192  1.73733e-10
P1         1.4996e-13  1.21474e-12  1.06475e-12   3.1401e-17
P2        3.68319e-15  2.63655e-10   2.6366e-10  1.14894e-15
P3        4.82552e-31  2.59875e-20  3.83996e-21  2.98275e-20

Temperature = 2000 K    Pressure = 1 atm

From\To            W1           P1           P2           P3
W1            90117.4      90095.5      21.8186  2.04596e-09
P1        3.03071e-13   1.3678e-12  1.06469e-12  3.14011e-17
P2        1.81743e-14  2.63642e-10  2.63661e-10  1.14893e-15
P3        5.69585e-30  2.59875e-20  3.83993e-21  2.98275e-20

Temperature = 2200 K

High Pressure Rate Coefficients:

From\To            W1           P1           P2           P3
W1                ***  7.67918e+07  3.37142e+06      191.257
P1        3.62259e-11          ***          ***          ***
P2        2.85072e-10          ***          ***          ***
P3        2.13543e-19          ***          ***          ***

Temperature = 2200 K    Pressure = 0.4 atm

From\To            W1           P1           P2           P3
W1             145015       144996      18.2275  1.16512e-09
P1        6.67389e-14  1.53768e-12  1.47087e-12  7.65968e-17
P2        1.50378e-15   2.6364e-10  2.63644e-10  2.44126e-15
P3        1.26928e-30  1.81291e-19  3.22359e-20  2.13526e-19

Temperature = 2200 K    Pressure = 1 atm

From\To            W1           P1           P2           P3
W1             302628       302538      89.7052  1.42174e-08
P1        1.39875e-13  1.61079e-12  1.47084e-12  7.65969e-17
P2        7.43388e-15  2.63635e-10  2.63644e-10  2.44124e-15
P3        1.55577e-29  1.81291e-19  3.22358e-20  2.13526e-19

Temperature = 2900 K

High Pressure Rate Coefficients:

From\To            W1           P1           P2           P3
W1                ***   7.9649e+09  8.58106e+08       215497
P1        3.57643e-11          ***          ***          ***
P2        2.99144e-10          ***          ***          ***
P3        2.82677e-17          ***          ***          ***

Temperature = 2900 K    Pressure = 0.4 atm

From\To            W1           P1           P2           P3
W1                ***          ***          ***          ***
P1                ***  3.30879e-12  3.30805e-12  7.43092e-16
P2                ***  2.56827e-10  2.56844e-10  1.73796e-14
P3                ***  2.17081e-17  6.53959e-18  2.82477e-17

Temperature = 2900 K    Pressure = 1 atm

From\To            W1           P1           P2           P3
W1        3.05926e+06  3.05768e+06      1573.12  1.57089e-06
P1         1.1239e-14  3.32003e-12  3.30804e-12  7.43092e-16
P2        4.48915e-16  2.56827e-10  2.56845e-10  1.73796e-14
P3        1.68678e-28  2.17081e-17  6.53958e-18  2.82477e-17

______________________________________________________________________________________

High Pressure Rate Coefficients (Temperature-Species Rate Tables):

   T(K)       W1->W1       W1->P1       W1->P2       W1->P3
    296          ***  2.31008e-50  5.46489e-59  7.65561e-63
    370          ***  4.43342e-37  4.02249e-44  6.98332e-53
    407          ***  3.08564e-32    1.058e-38   1.4256e-48
    474          ***  2.22333e-25  5.02529e-31  1.82823e-41
    513          ***  3.30352e-22  1.79147e-27  9.77263e-38
    539          ***  2.39877e-20  2.17697e-25   1.8868e-35
    577          ***  6.30364e-18  1.11994e-22  2.10327e-32
    700          ***  6.83027e-12  6.60167e-16  1.40555e-24
    810          ***  4.76692e-08  1.38775e-11  1.72707e-19
    906          ***  1.84735e-05  1.15023e-08  5.03915e-16
   1050          ***    0.0179321  2.75822e-05  5.52698e-12
   1200          ***      3.91199    0.0125741  8.76936e-09
   1350          ***      252.013       1.4676  2.79895e-06
   1525          ***      11247.9      115.409  0.000572796
   1700          ***       224296      3672.36    0.0400172
   1900          ***    3.408e+06      87106.2      2.00286
   2000          ***  1.07378e+07       333531      10.6243
   2200          ***  7.67918e+07  3.37142e+06      191.257
   2900          ***   7.9649e+09  8.58106e+08       215497

   T(K)       P1->W1       P1->P1       P1->P2       P1->P3
    296   5.0866e-11          ***          ***          ***
    370  4.78749e-11          ***          ***          ***
    407  4.66354e-11          ***          ***          ***
    474  4.47881e-11          ***          ***          ***
    513  4.39137e-11          ***          ***          ***
    539  4.33995e-11          ***          ***          ***
    577  4.27328e-11          ***          ***          ***
    700  4.10994e-11          ***          ***          ***
    810  4.00917e-11          ***          ***          ***
    906  3.94261e-11          ***          ***          ***
   1050  3.86629e-11          ***          ***          ***
   1200  3.80621e-11          ***          ***          ***
   1350  3.75937e-11          ***          ***          ***
   1525  3.71668e-11          ***          ***          ***
   1700  3.68358e-11          ***          ***          ***
   1900  3.65441e-11          ***          ***          ***
   2000  3.64248e-11          ***          ***          ***
   2200  3.62259e-11          ***          ***          ***
   2900  3.57643e-11          ***          ***          ***

   T(K)       P2->W1       P2->P1       P2->P2       P2->P3
    296  1.88753e-10          ***          ***          ***
    370  1.97281e-10          ***          ***          ***
    407  2.01215e-10          ***          ***          ***
    474  2.07824e-10          ***          ***          ***
    513  2.11392e-10          ***          ***          ***
    539  2.13666e-10          ***          ***          ***
    577  2.16851e-10          ***          ***          ***
    700  2.26165e-10          ***          ***          ***
    810  2.33424e-10          ***          ***          ***
    906  2.39096e-10          ***          ***          ***
   1050  2.46663e-10          ***          ***          ***
   1200  2.53582e-10          ***          ***          ***
   1350  2.59714e-10          ***          ***          ***
   1525  2.66071e-10          ***          ***          ***
   1700  2.71731e-10          ***          ***          ***
   1900  2.77507e-10          ***          ***          ***
   2000   2.8016e-10          ***          ***          ***
   2200  2.85072e-10          ***          ***          ***
   2900  2.99144e-10          ***          ***          ***

   T(K)       P3->W1       P3->P1       P3->P2       P3->P3
    296  2.26968e-56          ***          ***          ***
    370  1.02891e-52          ***          ***          ***
    407  1.04703e-50          ***          ***          ***
    474  7.28769e-47          ***          ***          ***
    513  1.19635e-44          ***          ***          ***
    539  2.98735e-43          ***          ***          ***
    577  2.32618e-41          ***          ***          ***
    700  2.01399e-36          ***          ***          ***
    810  3.55463e-33          ***          ***          ***
    906  5.93908e-31          ***          ***          ***
   1050  2.39784e-28          ***          ***          ***
   1200  2.87174e-26          ***          ***          ***
   1350  1.24631e-24          ***          ***          ***
   1525  4.15582e-23          ***          ***          ***
   1700  6.99143e-22          ***          ***          ***
   1900  9.65421e-21          ***          ***          ***
   2000  2.98265e-20          ***          ***          ***
   2200  2.13543e-19          ***          ***          ***
   2900  2.82677e-17          ***          ***          ***

Capture/Escape Rate Coefficients:

   T(K)           W1           P1           P2           P3
    296  2.31008e-50   5.0866e-11  1.88753e-10  2.26968e-56
    370  4.43342e-37  4.78749e-11  1.97281e-10  1.02891e-52
    407  3.08564e-32  4.66354e-11  2.01215e-10  1.04703e-50
    474  2.22333e-25  4.47881e-11  2.07824e-10  7.28769e-47
    513  3.30353e-22  4.39137e-11  2.11392e-10  1.19635e-44
    539   2.3988e-20  4.33995e-11  2.13666e-10  2.98735e-43
    577  6.30375e-18  4.27328e-11  2.16851e-10  2.32618e-41
    700  6.83093e-12  4.10994e-11  2.26165e-10  2.01399e-36
    810  4.76831e-08  4.00917e-11  2.33424e-10  3.55463e-33
    906   1.8485e-05  3.94261e-11  2.39096e-10  5.93908e-31
   1050    0.0179597  3.86629e-11  2.46663e-10  2.39784e-28
   1200      3.92456  3.80621e-11  2.53582e-10  2.87174e-26
   1350      253.481  3.75937e-11  2.59714e-10  1.24631e-24
   1525      11363.4  3.71668e-11  2.66071e-10  4.15582e-23
   1700       227969  3.68358e-11  2.71731e-10  6.99143e-22
   1900   3.4951e+06  3.65441e-11  2.77507e-10  9.65421e-21
   2000  1.10714e+07  3.64248e-11   2.8016e-10  2.98265e-20
   2200  8.01635e+07  3.62259e-11  2.85072e-10  2.13543e-19
   2900  8.82322e+09  3.57643e-11  2.99144e-10  2.82677e-17

______________________________________________________________________________________

Pressure-Species Rate Tables:

   Temperature = 296 K

   P(atm)       W1->P1       W1->P2       W1->P3         W1->
      0.4  2.28747e-50    8.694e-60  6.64688e-66  2.28747e-50
        1  2.30107e-50  2.17224e-59  6.64942e-66  2.30107e-50
    O-O  2.31008e-50  5.46489e-59  7.65561e-63  2.31008e-50

   Temperature = 370 K

   P(atm)       W1->P1       W1->P2       W1->P3         W1->
      0.4  4.28846e-37  4.05345e-45  2.23207e-53  4.28846e-37
        1  4.36875e-37  1.15805e-44  2.26357e-53  4.36875e-37
    O-O  4.43342e-37  4.02249e-44  6.98332e-53  4.43342e-37

   Temperature = 407 K

   P(atm)       W1->P1       W1->P2       W1->P3         W1->
      0.4  2.92181e-32   8.4671e-40  8.96114e-49  2.92181e-32
        1  3.00824e-32  2.55938e-39  9.44224e-49  3.00824e-32
    O-O  3.08564e-32    1.058e-38   1.4256e-48  3.08564e-32

   Temperature = 474 K

   P(atm)       W1->P1       W1->P2       W1->P3         W1->
      0.4  1.98323e-25  2.65806e-32  4.50197e-42  1.98323e-25
        1  2.09744e-25   8.7513e-32  5.61605e-42  2.09745e-25
    O-O  2.22333e-25  5.02529e-31  1.82823e-41  2.22333e-25

   Temperature = 513 K

   P(atm)       W1->P1       W1->P2       W1->P3         W1->
      0.4  2.80701e-22  7.45977e-29  6.76482e-39  2.80701e-22
        1  3.02752e-22  2.56008e-28  9.62945e-39  3.02753e-22
    O-O  3.30352e-22  1.79147e-27  9.77263e-38  3.30353e-22

   Temperature = 539 K

   P(atm)       W1->P1       W1->P2       W1->P3         W1->
      0.4  1.96175e-20  7.72675e-27   5.1446e-37  1.96175e-20
        1  2.14658e-20  2.71945e-26  8.00972e-37  2.14659e-20
    O-O  2.39877e-20  2.17697e-25   1.8868e-35   2.3988e-20

   Temperature = 577 K

   P(atm)       W1->P1       W1->P2       W1->P3         W1->
      0.4  4.83504e-18  3.15251e-24  1.47985e-34  4.83505e-18
        1    5.411e-18   1.1469e-23  2.61645e-34  5.41101e-18
    O-O  6.30364e-18  1.11994e-22  2.10327e-32  6.30375e-18

   Temperature = 700 K

   P(atm)       W1->P1       W1->P2       W1->P3         W1->
      0.4  4.00112e-12  8.85256e-18  2.13034e-28  4.00113e-12
        1  4.84561e-12  3.50369e-17  5.39848e-28  4.84565e-12
    O-O  6.83027e-12  6.60167e-16  1.40555e-24  6.83093e-12

   Temperature = 810 K

   P(atm)       W1->P1       W1->P2       W1->P3         W1->
      0.4  2.05243e-08  9.68427e-14  1.73041e-24  2.05244e-08
        1  2.66795e-08  4.04761e-13  5.68218e-24  2.66799e-08
    O-O  4.76692e-08  1.38775e-11  1.72707e-19  4.76831e-08

   Temperature = 906 K

   P(atm)       W1->P1       W1->P2       W1->P3         W1->
      0.4  5.84961e-06  4.58404e-11  7.08912e-22  5.84966e-06
        1   8.0574e-06  1.98665e-10   2.8133e-21   8.0576e-06
    O-O  1.84735e-05  1.15023e-08  5.03915e-16   1.8485e-05

   Temperature = 1050 K

   P(atm)       W1->P1       W1->P2       W1->P3         W1->
      0.4   0.00341268  4.82613e-08  6.76714e-19   0.00341273
        1   0.00508167  2.17811e-07  3.40504e-18   0.00508189
    O-O    0.0179321  2.75822e-05  5.52698e-12    0.0179597

   Temperature = 1200 K

   P(atm)       W1->P1       W1->P2       W1->P3         W1->
      0.4      0.42042  9.54597e-06  1.33451e-16     0.420429
        1     0.671247  4.44001e-05  8.24113e-16     0.671291
    O-O      3.91199    0.0125741  8.76936e-09      3.92456

   Temperature = 1350 K

   P(atm)       W1->P1       W1->P2       W1->P3         W1->
      0.4      14.9137  0.000495461  7.41579e-15      14.9142
        1      25.2695   0.00235351  5.44998e-14      25.2718
    O-O      252.013       1.4676  2.79895e-06      253.481

   Temperature = 1525 K

   P(atm)       W1->P1       W1->P2       W1->P3         W1->
      0.4       326.36    0.0156038  2.72989e-13      326.376
        1      586.282    0.0753863  2.38426e-12      586.358
    O-O      11247.9      115.409  0.000572796      11363.4

   Temperature = 1700 K

   P(atm)       W1->P1       W1->P2       W1->P3         W1->
      0.4      3168.57     0.205327  4.52944e-12      3168.77
        1      5978.46      1.00274  4.55923e-11      5979.47
    O-O       224296      3672.36    0.0400172       227969

   Temperature = 1900 K

   P(atm)       W1->P1       W1->P2       W1->P3         W1->
      0.4      21211.8      1.84528  5.84087e-11      21213.6
        1      41935.7      9.07438  6.60724e-10      41944.8
    O-O    3.408e+06      87106.2      2.00286   3.4951e+06

   Temperature = 2000 K

   P(atm)       W1->P1       W1->P2       W1->P3         W1->
      0.4      44682.1      4.43192  1.73733e-10      44686.5
        1      90095.5      21.8186  2.04596e-09      90117.4
    O-O  1.07378e+07       333531      10.6243  1.10714e+07

   Temperature = 2200 K

   P(atm)       W1->P1       W1->P2       W1->P3         W1->
      0.4       144996      18.2275  1.16512e-09       145015
        1       302538      89.7052  1.42174e-08       302628
    O-O  7.67918e+07  3.37142e+06      191.257  8.01635e+07

   Temperature = 2900 K

   P(atm)       W1->P1       W1->P2       W1->P3         W1->
      0.4          ***          ***          ***          ***
        1  3.05768e+06      1573.12  1.57089e-06  3.05926e+06
    O-O   7.9649e+09  8.58106e+08       215497  8.82322e+09

   Temperature = 296 K

   P(atm)       P1->W1       P1->P2       P1->P3         P1->
      0.4  5.03681e-11  1.01136e-19  1.05456e-29  5.03681e-11
        1  5.06674e-11  7.24515e-20  4.96376e-30  5.06674e-11
    O-O   5.0866e-11          ***          ***   5.0866e-11

   Temperature = 370 K

   P(atm)       P1->W1       P1->P2       P1->P3         P1->
      0.4  4.63096e-11  3.90339e-18   9.4215e-29  4.63096e-11
        1  4.71766e-11  3.09075e-18  6.01998e-29  4.71766e-11
    O-O  4.78749e-11          ***          ***  4.78749e-11

   Temperature = 407 K

   P(atm)       P1->W1       P1->P2       P1->P3         P1->
      0.4  4.41594e-11     1.47e-17  2.88923e-28  4.41594e-11
        1  4.54656e-11  1.21122e-17  2.16222e-28  4.54656e-11
    O-O  4.66354e-11          ***          ***  4.66354e-11

   Temperature = 474 K

   P(atm)       P1->W1       P1->P2       P1->P3         P1->
      0.4  3.99515e-11  9.57882e-17  2.74644e-27  3.99516e-11
        1  4.22522e-11  8.35188e-17  2.52216e-27  4.22523e-11
    O-O  4.47881e-11          ***          ***  4.47881e-11

   Temperature = 513 K

   P(atm)       P1->W1       P1->P2       P1->P3         P1->
      0.4  3.73136e-11  2.27983e-16  1.19979e-26  3.73139e-11
        1   4.0245e-11  2.03881e-16  1.16177e-26  4.02452e-11
    O-O  4.39137e-11          ***          ***  4.39137e-11

   Temperature = 539 K

   P(atm)       P1->W1       P1->P2       P1->P3         P1->
      0.4  3.54926e-11  3.79441e-16  3.28822e-26   3.5493e-11
        1  3.88368e-11   3.4424e-16  3.23652e-26  3.88371e-11
    O-O  4.33995e-11          ***          ***  4.33995e-11

   Temperature = 577 K

   P(atm)       P1->W1       P1->P2       P1->P3         P1->
      0.4  3.27771e-11  7.36794e-16  1.39782e-25  3.27778e-11
        1  3.66816e-11  6.80458e-16  1.39016e-25  3.66823e-11
    O-O  4.27328e-11          ***          ***  4.27328e-11

   Temperature = 700 K

   P(atm)       P1->W1       P1->P2       P1->P3         P1->
      0.4  2.40757e-11  3.91001e-15  8.28418e-24  2.40796e-11
        1  2.91572e-11  3.75267e-15  8.28238e-24  2.91609e-11
    O-O  4.10994e-11          ***          ***  4.10994e-11

   Temperature = 810 K

   P(atm)       P1->W1       P1->P2       P1->P3         P1->
      0.4  1.72616e-11  1.15478e-14  1.41404e-22  1.72732e-11
        1  2.24384e-11  1.12894e-14  1.41402e-22  2.24497e-11
    O-O  4.00917e-11          ***          ***  4.00917e-11

   Temperature = 906 K

   P(atm)       P1->W1       P1->P2       P1->P3         P1->
      0.4   1.2484e-11  2.43221e-14  1.04092e-21  1.25084e-11
        1   1.7196e-11   2.3997e-14  1.04093e-21    1.722e-11
    O-O  3.94261e-11          ***          ***  3.94261e-11

   Temperature = 1050 K

   P(atm)       P1->W1       P1->P2       P1->P3         P1->
      0.4  7.35761e-12  5.88604e-14  1.14234e-20  7.41647e-12
        1  1.09561e-11  5.84967e-14  1.14235e-20  1.10146e-11
    O-O  3.86629e-11          ***          ***  3.86629e-11

   Temperature = 1200 K

   P(atm)       P1->W1       P1->P2       P1->P3         P1->
      0.4  4.08994e-12  1.20646e-13  8.08618e-20  4.21059e-12
        1  6.53043e-12   1.2031e-13  8.08622e-20  6.65074e-12
    O-O  3.80621e-11          ***          ***  3.80621e-11

   Temperature = 1350 K

   P(atm)       P1->W1       P1->P2       P1->P3         P1->
      0.4   2.2239e-12  2.14696e-13  3.90627e-19  2.43859e-12
        1  3.76865e-12  2.14422e-13  3.90628e-19  3.98307e-12
    O-O  3.75937e-11          ***          ***  3.75937e-11

   Temperature = 1525 K

   P(atm)       P1->W1       P1->P2       P1->P3         P1->
      0.4  1.07727e-12  3.70802e-13  1.74115e-18  1.44807e-12
        1  1.93588e-12  3.70609e-13  1.74115e-18  2.30649e-12
    O-O  3.71668e-11          ***          ***  3.71668e-11

   Temperature = 1700 K

   P(atm)       P1->W1       P1->P2       P1->P3         P1->
      0.4  5.19038e-13  5.80304e-13  5.93397e-18  1.09935e-12
        1  9.80017e-13  5.80179e-13  5.93398e-18   1.5602e-12
    O-O  3.68358e-11          ***          ***  3.68358e-11

   Temperature = 1900 K

   P(atm)       P1->W1       P1->P2       P1->P3         P1->
      0.4  2.25969e-13  8.86032e-13  1.89452e-17  1.11202e-12
        1  4.47427e-13   8.8596e-13  1.89452e-17  1.33341e-12
    O-O  3.65441e-11          ***          ***  3.65441e-11

   Temperature = 2000 K

   P(atm)       P1->W1       P1->P2       P1->P3         P1->
      0.4   1.4996e-13  1.06475e-12   3.1401e-17  1.21474e-12
        1  3.03071e-13  1.06469e-12  3.14011e-17   1.3678e-12
    O-O  3.64248e-11          ***          ***  3.64248e-11

   Temperature = 2200 K

   P(atm)       P1->W1       P1->P2       P1->P3         P1->
      0.4  6.67389e-14  1.47087e-12  7.65968e-17  1.53768e-12
        1  1.39875e-13  1.47084e-12  7.65969e-17  1.61079e-12
    O-O  3.62259e-11          ***          ***  3.62259e-11

   Temperature = 2900 K

   P(atm)       P1->W1       P1->P2       P1->P3         P1->
      0.4          ***  3.30805e-12  7.43092e-16  3.30879e-12
        1   1.1239e-14  3.30804e-12  7.43092e-16  3.32003e-12
    O-O  3.57643e-11          ***          ***  3.57643e-11

   Temperature = 296 K

   P(atm)       P2->W1       P2->P1       P2->P3         P2->
      0.4  3.00284e-11  1.58642e-10  2.33013e-25   1.8867e-10
        1  7.50275e-11  1.13648e-10   1.8272e-25  1.88675e-10
    O-O  1.88753e-10          ***          ***  1.88753e-10

   Temperature = 370 K

   P(atm)       P2->W1       P2->P1       P2->P3         P2->
      0.4    1.988e-11  1.77282e-10  1.12794e-24  1.97162e-10
        1  5.67959e-11  1.40374e-10  1.03088e-24  1.97169e-10
    O-O  1.97281e-10          ***          ***  1.97281e-10

   Temperature = 407 K

   P(atm)       P2->W1       P2->P1       P2->P3         P2->
      0.4  1.61031e-11  1.84978e-10  3.06383e-24  2.01081e-10
        1  4.86752e-11  1.52415e-10  2.92535e-24   2.0109e-10
    O-O  2.01215e-10          ***          ***  2.01215e-10

   Temperature = 474 K

   P(atm)       P2->W1       P2->P1       P2->P3         P2->
      0.4  1.09925e-11  1.96647e-10  2.40032e-23  2.07639e-10
        1  3.61915e-11  1.71459e-10  2.37074e-23   2.0765e-10
    O-O  2.07824e-10          ***          ***  2.07824e-10

   Temperature = 513 K

   P(atm)       P2->W1       P2->P1       P2->P3         P2->
      0.4  8.80244e-12  2.02374e-10  8.07925e-23  2.11177e-10
        1  3.02086e-11   1.8098e-10   8.0289e-23  2.11188e-10
    O-O  2.11392e-10          ***          ***  2.11392e-10

   Temperature = 539 K

   P(atm)       P2->W1       P2->P1       P2->P3         P2->
      0.4   7.5837e-12  2.05841e-10   1.7594e-22  2.13425e-10
        1   2.6691e-11  1.86746e-10  1.75198e-22  2.13437e-10
    O-O  2.13666e-10          ***          ***  2.13666e-10

   Temperature = 577 K

   P(atm)       P2->W1       P2->P1       P2->P3         P2->
      0.4   6.1041e-12  2.10446e-10    5.157e-22   2.1655e-10
        1  2.22071e-11  1.94355e-10  5.14348e-22  2.16562e-10
    O-O  2.16851e-10          ***          ***  2.16851e-10

   Temperature = 700 K

   P(atm)       P2->W1       P2->P1       P2->P3         P2->
      0.4  3.03277e-12  2.22614e-10  9.84058e-21  2.25647e-10
        1  1.20032e-11  2.13655e-10  9.83129e-21  2.25659e-10
    O-O  2.26165e-10          ***          ***  2.26165e-10

   Temperature = 810 K

   P(atm)       P2->W1       P2->P1       P2->P3         P2->
      0.4  1.62892e-12   2.3095e-10  7.73158e-20  2.32579e-10
        1  6.80822e-12  2.25782e-10  7.72763e-20   2.3259e-10
    O-O  2.33424e-10          ***          ***  2.33424e-10

   Temperature = 906 K

   P(atm)       P2->W1       P2->P1       P2->P3         P2->
      0.4  9.52858e-13  2.36894e-10  3.37842e-19  2.37847e-10
        1  4.12957e-12  2.33727e-10  3.37732e-19  2.37856e-10
    O-O  2.39096e-10          ***          ***  2.39096e-10

   Temperature = 1050 K

   P(atm)       P2->W1       P2->P1       P2->P3         P2->
      0.4  4.31572e-13  2.44139e-10  2.05382e-18   2.4457e-10
        1   1.9478e-12   2.4263e-10  2.05345e-18  2.44578e-10
    O-O  2.46663e-10          ***          ***  2.46663e-10

   Temperature = 1200 K

   P(atm)       P2->W1       P2->P1       P2->P3         P2->
      0.4  1.92486e-13  2.50069e-10  9.27876e-18  2.50261e-10
        1  8.95343e-13  2.49372e-10  9.27782e-18  2.50267e-10
    O-O  2.53582e-10          ***          ***  2.53582e-10

   Temperature = 1350 K

   P(atm)       P2->W1       P2->P1       P2->P3         P2->
      0.4  8.76467e-14  2.54694e-10   3.2009e-17  2.54782e-10
        1  4.16392e-13   2.5437e-10  3.20071e-17  2.54787e-10
    O-O  2.59714e-10          ***          ***  2.59714e-10

   Temperature = 1525 K

   P(atm)       P2->W1       P2->P1       P2->P3         P2->
      0.4  3.59364e-14  2.58714e-10  1.05973e-16   2.5875e-10
        1  1.73677e-13   2.5858e-10  1.05969e-16  2.58753e-10
    O-O  2.66071e-10          ***          ***  2.66071e-10

   Temperature = 1700 K

   P(atm)       P2->W1       P2->P1       P2->P3         P2->
      0.4   1.5154e-14  2.61458e-10  2.87867e-16  2.61473e-10
        1  7.40594e-14  2.61401e-10  2.87862e-16  2.61476e-10
    O-O  2.71731e-10          ***          ***  2.71731e-10

   Temperature = 1900 K

   P(atm)       P2->W1       P2->P1       P2->P3         P2->
      0.4  5.84034e-15  2.63242e-10  7.52623e-16  2.63249e-10
        1  2.87648e-14  2.63221e-10  7.52615e-16   2.6325e-10
    O-O  2.77507e-10          ***          ***  2.77507e-10

   Temperature = 2000 K

   P(atm)       P2->W1       P2->P1       P2->P3         P2->
      0.4  3.68319e-15  2.63655e-10  1.14894e-15   2.6366e-10
        1  1.81743e-14  2.63642e-10  1.14893e-15  2.63661e-10
    O-O   2.8016e-10          ***          ***   2.8016e-10

   Temperature = 2200 K

   P(atm)       P2->W1       P2->P1       P2->P3         P2->
      0.4  1.50378e-15   2.6364e-10  2.44126e-15  2.63644e-10
        1  7.43388e-15  2.63635e-10  2.44124e-15  2.63644e-10
    O-O  2.85072e-10          ***          ***  2.85072e-10

   Temperature = 2900 K

   P(atm)       P2->W1       P2->P1       P2->P3         P2->
      0.4          ***  2.56827e-10  1.73796e-14  2.56844e-10
        1  4.48915e-16  2.56827e-10  1.73796e-14  2.56845e-10
    O-O  2.99144e-10          ***          ***  2.99144e-10

   Temperature = 296 K

   P(atm)       P3->W1       P3->P1       P3->P2         P3->
      0.4  1.97062e-59  1.41989e-62  2.00011e-67  1.97204e-59
        1  1.97137e-59  6.68339e-63  1.56841e-67  1.97204e-59
    O-O  2.26968e-56          ***          ***  2.26968e-56

   Temperature = 370 K

   P(atm)       P3->W1       P3->P1       P3->P2         P3->
      0.4  3.28869e-53  1.28548e-54  3.38853e-58  3.41727e-53
        1  3.33511e-53  8.21373e-55  3.09694e-58  3.41727e-53
    O-O  1.02891e-52          ***          ***  1.02891e-52

   Temperature = 407 K

   P(atm)       P3->W1       P3->P1       P3->P2         P3->
      0.4  6.58148e-51  1.40401e-51  1.18318e-54  7.98668e-51
        1  6.93482e-51  1.05073e-51   1.1297e-54  7.98668e-51
    O-O  1.04703e-50          ***          ***  1.04703e-50

   Temperature = 474 K

   P(atm)       P3->W1       P3->P1       P3->P2         P3->
      0.4  1.79458e-47  5.43464e-47  2.31364e-49  7.25236e-47
        1  2.23867e-47  4.99083e-47  2.28513e-49  7.25236e-47
    O-O  7.28769e-47          ***          ***  7.28769e-47

   Temperature = 513 K

   P(atm)       P3->W1       P3->P1       P3->P2         P3->
      0.4  8.28135e-46  1.10491e-44  8.38182e-47  1.19611e-44
        1  1.17882e-45  1.06989e-44  8.32959e-47  1.19611e-44
    O-O  1.19635e-44          ***          ***  1.19635e-44

   Temperature = 539 K

   P(atm)       P3->W1       P3->P1       P3->P2         P3->
      0.4  8.14538e-45  2.87757e-43  2.83818e-45   2.9874e-43
        1  1.26817e-44  2.83232e-43  2.82621e-45   2.9874e-43
    O-O  2.98735e-43          ***          ***  2.98735e-43

   Temperature = 577 K

   P(atm)       P3->W1       P3->P1       P3->P2         P3->
      0.4  1.63668e-43  2.28049e-41  2.94564e-43  2.32631e-41
        1  2.89374e-43    2.268e-41  2.93791e-43  2.32631e-41
    O-O  2.32618e-41          ***          ***  2.32618e-41

   Temperature = 700 K

   P(atm)       P3->W1       P3->P1       P3->P2         P3->
      0.4  3.05254e-40  1.97272e-36  4.11587e-38  2.01418e-36
        1   7.7354e-40  1.97229e-36  4.11198e-38  2.01418e-36
    O-O  2.01399e-36          ***          ***  2.01399e-36

   Temperature = 810 K

   P(atm)       P3->W1       P3->P1       P3->P2         P3->
      0.4  3.56147e-38  3.46042e-33  9.46055e-35  3.55506e-33
        1  1.16949e-37  3.46039e-33   9.4557e-35  3.55506e-33
    O-O  3.55463e-33          ***          ***  3.55463e-33

   Temperature = 906 K

   P(atm)       P3->W1       P3->P1       P3->P2         P3->
      0.4  8.35503e-37  5.74837e-31  1.91553e-32  5.93994e-31
        1   3.3157e-36  5.74841e-31  1.91491e-32  5.93994e-31
    O-O  5.93908e-31          ***          ***  5.93908e-31

   Temperature = 1050 K

   P(atm)       P3->W1       P3->P1       P3->P2         P3->
      0.4  2.93573e-35  2.29861e-28  9.96365e-30  2.39825e-28
        1  1.47721e-34  2.29863e-28  9.96187e-30  2.39825e-28
    O-O  2.39784e-28          ***          ***  2.39784e-28

   Temperature = 1200 K

   P(atm)       P3->W1       P3->P1       P3->P2         P3->
      0.4  4.36957e-34  2.72161e-26   1.5067e-27  2.87228e-26
        1  2.69854e-33  2.72162e-26  1.50655e-27  2.87228e-26
    O-O  2.87174e-26          ***          ***  2.87174e-26

   Temperature = 1350 K

   P(atm)       P3->W1       P3->P1       P3->P2         P3->
      0.4  3.30085e-33  1.16601e-24  8.05406e-26  1.24655e-24
        1  2.42618e-32  1.16601e-24  8.05359e-26  1.24655e-24
    O-O  1.24631e-24          ***          ***  1.24631e-24

   Temperature = 1525 K

   P(atm)       P3->W1       P3->P1       P3->P2         P3->
      0.4  1.97855e-32  3.82306e-23  3.33497e-24  4.15656e-23
        1  1.72863e-31  3.82307e-23  3.33486e-24  4.15656e-23
    O-O  4.15582e-23          ***          ***  4.15582e-23

   Temperature = 1700 K

   P(atm)       P3->W1       P3->P1       P3->P2         P3->
      0.4  7.89317e-32  6.31272e-22  6.79701e-23  6.99242e-22
        1  7.95072e-31  6.31274e-22  6.79687e-23  6.99242e-22
    O-O  6.99143e-22          ***          ***  6.99143e-22

   Temperature = 1900 K

   P(atm)       P3->W1       P3->P1       P3->P2         P3->
      0.4  2.79703e-31  8.51622e-21  1.13873e-21  9.65494e-21
        1  3.16889e-30  8.51623e-21  1.13872e-21  9.65494e-21
    O-O  9.65421e-21          ***          ***  9.65421e-21

   Temperature = 2000 K

   P(atm)       P3->W1       P3->P1       P3->P2         P3->
      0.4  4.82552e-31  2.59875e-20  3.83996e-21  2.98275e-20
        1  5.69585e-30  2.59875e-20  3.83993e-21  2.98275e-20
    O-O  2.98265e-20          ***          ***  2.98265e-20

   Temperature = 2200 K

   P(atm)       P3->W1       P3->P1       P3->P2         P3->
      0.4  1.26928e-30  1.81291e-19  3.22359e-20  2.13526e-19
        1  1.55577e-29  1.81291e-19  3.22358e-20  2.13526e-19
    O-O  2.13543e-19          ***          ***  2.13543e-19

   Temperature = 2900 K

   P(atm)       P3->W1       P3->P1       P3->P2         P3->
      0.4          ***  2.17081e-17  6.53959e-18  2.82477e-17
        1  1.68678e-28  2.17081e-17  6.53958e-18  2.82477e-17
    O-O  2.82677e-17          ***          ***  2.82677e-17

______________________________________________________________________________________

Temperature-Species Rate Tables:

   Pressure = 0.4 atm

   T(K)       W1->P1       W1->P2       W1->P3         W1->      Capture
    296  2.28747e-50    8.694e-60  6.64688e-66  2.28747e-50  2.31008e-50
    370  4.28846e-37  4.05345e-45  2.23207e-53  4.28846e-37  4.43342e-37
    407  2.92181e-32   8.4671e-40  8.96114e-49  2.92181e-32  3.08564e-32
    474  1.98323e-25  2.65806e-32  4.50197e-42  1.98323e-25  2.22333e-25
    513  2.80701e-22  7.45977e-29  6.76482e-39  2.80701e-22  3.30353e-22
    539  1.96175e-20  7.72675e-27   5.1446e-37  1.96175e-20   2.3988e-20
    577  4.83504e-18  3.15251e-24  1.47985e-34  4.83505e-18  6.30375e-18
    700  4.00112e-12  8.85256e-18  2.13034e-28  4.00113e-12  6.83093e-12
    810  2.05243e-08  9.68427e-14  1.73041e-24  2.05244e-08  4.76831e-08
    906  5.84961e-06  4.58404e-11  7.08912e-22  5.84966e-06   1.8485e-05
   1050   0.00341268  4.82613e-08  6.76714e-19   0.00341273    0.0179597
   1200      0.42042  9.54597e-06  1.33451e-16     0.420429      3.92456
   1350      14.9137  0.000495461  7.41579e-15      14.9142      253.481
   1525       326.36    0.0156038  2.72989e-13      326.376      11363.4
   1700      3168.57     0.205327  4.52944e-12      3168.77       227969
   1900      21211.8      1.84528  5.84087e-11      21213.6   3.4951e+06
   2000      44682.1      4.43192  1.73733e-10      44686.5  1.10714e+07
   2200       144996      18.2275  1.16512e-09       145015  8.01635e+07
   2900          ***          ***          ***          ***  8.82322e+09

   Pressure = 1 atm

   T(K)       W1->P1       W1->P2       W1->P3         W1->      Capture
    296  2.30107e-50  2.17224e-59  6.64942e-66  2.30107e-50  2.31008e-50
    370  4.36875e-37  1.15805e-44  2.26357e-53  4.36875e-37  4.43342e-37
    407  3.00824e-32  2.55938e-39  9.44224e-49  3.00824e-32  3.08564e-32
    474  2.09744e-25   8.7513e-32  5.61605e-42  2.09745e-25  2.22333e-25
    513  3.02752e-22  2.56008e-28  9.62945e-39  3.02753e-22  3.30353e-22
    539  2.14658e-20  2.71945e-26  8.00972e-37  2.14659e-20   2.3988e-20
    577    5.411e-18   1.1469e-23  2.61645e-34  5.41101e-18  6.30375e-18
    700  4.84561e-12  3.50369e-17  5.39848e-28  4.84565e-12  6.83093e-12
    810  2.66795e-08  4.04761e-13  5.68218e-24  2.66799e-08  4.76831e-08
    906   8.0574e-06  1.98665e-10   2.8133e-21   8.0576e-06   1.8485e-05
   1050   0.00508167  2.17811e-07  3.40504e-18   0.00508189    0.0179597
   1200     0.671247  4.44001e-05  8.24113e-16     0.671291      3.92456
   1350      25.2695   0.00235351  5.44998e-14      25.2718      253.481
   1525      586.282    0.0753863  2.38426e-12      586.358      11363.4
   1700      5978.46      1.00274  4.55923e-11      5979.47       227969
   1900      41935.7      9.07438  6.60724e-10      41944.8   3.4951e+06
   2000      90095.5      21.8186  2.04596e-09      90117.4  1.10714e+07
   2200       302538      89.7052  1.42174e-08       302628  8.01635e+07
   2900  3.05768e+06      1573.12  1.57089e-06  3.05926e+06  8.82322e+09

   Pressure = 0.4 atm

   T(K)       P1->W1       P1->P2       P1->P3         P1->      Capture
    296  5.03681e-11  1.01136e-19  1.05456e-29  5.03681e-11   5.0866e-11
    370  4.63096e-11  3.90339e-18   9.4215e-29  4.63096e-11  4.78749e-11
    407  4.41594e-11     1.47e-17  2.88923e-28  4.41594e-11  4.66354e-11
    474  3.99515e-11  9.57882e-17  2.74644e-27  3.99516e-11  4.47881e-11
    513  3.73136e-11  2.27983e-16  1.19979e-26  3.73139e-11  4.39137e-11
    539  3.54926e-11  3.79441e-16  3.28822e-26   3.5493e-11  4.33995e-11
    577  3.27771e-11  7.36794e-16  1.39782e-25  3.27778e-11  4.27328e-11
    700  2.40757e-11  3.91001e-15  8.28418e-24  2.40796e-11  4.10994e-11
    810  1.72616e-11  1.15478e-14  1.41404e-22  1.72732e-11  4.00917e-11
    906   1.2484e-11  2.43221e-14  1.04092e-21  1.25084e-11  3.94261e-11
   1050  7.35761e-12  5.88604e-14  1.14234e-20  7.41647e-12  3.86629e-11
   1200  4.08994e-12  1.20646e-13  8.08618e-20  4.21059e-12  3.80621e-11
   1350   2.2239e-12  2.14696e-13  3.90627e-19  2.43859e-12  3.75937e-11
   1525  1.07727e-12  3.70802e-13  1.74115e-18  1.44807e-12  3.71668e-11
   1700  5.19038e-13  5.80304e-13  5.93397e-18  1.09935e-12  3.68358e-11
   1900  2.25969e-13  8.86032e-13  1.89452e-17  1.11202e-12  3.65441e-11
   2000   1.4996e-13  1.06475e-12   3.1401e-17  1.21474e-12  3.64248e-11
   2200  6.67389e-14  1.47087e-12  7.65968e-17  1.53768e-12  3.62259e-11
   2900          ***  3.30805e-12  7.43092e-16  3.30879e-12  3.57643e-11

   Pressure = 1 atm

   T(K)       P1->W1       P1->P2       P1->P3         P1->      Capture
    296  5.06674e-11  7.24515e-20  4.96376e-30  5.06674e-11   5.0866e-11
    370  4.71766e-11  3.09075e-18  6.01998e-29  4.71766e-11  4.78749e-11
    407  4.54656e-11  1.21122e-17  2.16222e-28  4.54656e-11  4.66354e-11
    474  4.22522e-11  8.35188e-17  2.52216e-27  4.22523e-11  4.47881e-11
    513   4.0245e-11  2.03881e-16  1.16177e-26  4.02452e-11  4.39137e-11
    539  3.88368e-11   3.4424e-16  3.23652e-26  3.88371e-11  4.33995e-11
    577  3.66816e-11  6.80458e-16  1.39016e-25  3.66823e-11  4.27328e-11
    700  2.91572e-11  3.75267e-15  8.28238e-24  2.91609e-11  4.10994e-11
    810  2.24384e-11  1.12894e-14  1.41402e-22  2.24497e-11  4.00917e-11
    906   1.7196e-11   2.3997e-14  1.04093e-21    1.722e-11  3.94261e-11
   1050  1.09561e-11  5.84967e-14  1.14235e-20  1.10146e-11  3.86629e-11
   1200  6.53043e-12   1.2031e-13  8.08622e-20  6.65074e-12  3.80621e-11
   1350  3.76865e-12  2.14422e-13  3.90628e-19  3.98307e-12  3.75937e-11
   1525  1.93588e-12  3.70609e-13  1.74115e-18  2.30649e-12  3.71668e-11
   1700  9.80017e-13  5.80179e-13  5.93398e-18   1.5602e-12  3.68358e-11
   1900  4.47427e-13   8.8596e-13  1.89452e-17  1.33341e-12  3.65441e-11
   2000  3.03071e-13  1.06469e-12  3.14011e-17   1.3678e-12  3.64248e-11
   2200  1.39875e-13  1.47084e-12  7.65969e-17  1.61079e-12  3.62259e-11
   2900   1.1239e-14  3.30804e-12  7.43092e-16  3.32003e-12  3.57643e-11

   Pressure = 0.4 atm

   T(K)       P2->W1       P2->P1       P2->P3         P2->      Capture
    296  3.00284e-11  1.58642e-10  2.33013e-25   1.8867e-10  1.88753e-10
    370    1.988e-11  1.77282e-10  1.12794e-24  1.97162e-10  1.97281e-10
    407  1.61031e-11  1.84978e-10  3.06383e-24  2.01081e-10  2.01215e-10
    474  1.09925e-11  1.96647e-10  2.40032e-23  2.07639e-10  2.07824e-10
    513  8.80244e-12  2.02374e-10  8.07925e-23  2.11177e-10  2.11392e-10
    539   7.5837e-12  2.05841e-10   1.7594e-22  2.13425e-10  2.13666e-10
    577   6.1041e-12  2.10446e-10    5.157e-22   2.1655e-10  2.16851e-10
    700  3.03277e-12  2.22614e-10  9.84058e-21  2.25647e-10  2.26165e-10
    810  1.62892e-12   2.3095e-10  7.73158e-20  2.32579e-10  2.33424e-10
    906  9.52858e-13  2.36894e-10  3.37842e-19  2.37847e-10  2.39096e-10
   1050  4.31572e-13  2.44139e-10  2.05382e-18   2.4457e-10  2.46663e-10
   1200  1.92486e-13  2.50069e-10  9.27876e-18  2.50261e-10  2.53582e-10
   1350  8.76467e-14  2.54694e-10   3.2009e-17  2.54782e-10  2.59714e-10
   1525  3.59364e-14  2.58714e-10  1.05973e-16   2.5875e-10  2.66071e-10
   1700   1.5154e-14  2.61458e-10  2.87867e-16  2.61473e-10  2.71731e-10
   1900  5.84034e-15  2.63242e-10  7.52623e-16  2.63249e-10  2.77507e-10
   2000  3.68319e-15  2.63655e-10  1.14894e-15   2.6366e-10   2.8016e-10
   2200  1.50378e-15   2.6364e-10  2.44126e-15  2.63644e-10  2.85072e-10
   2900          ***  2.56827e-10  1.73796e-14  2.56844e-10  2.99144e-10

   Pressure = 1 atm

   T(K)       P2->W1       P2->P1       P2->P3         P2->      Capture
    296  7.50275e-11  1.13648e-10   1.8272e-25  1.88675e-10  1.88753e-10
    370  5.67959e-11  1.40374e-10  1.03088e-24  1.97169e-10  1.97281e-10
    407  4.86752e-11  1.52415e-10  2.92535e-24   2.0109e-10  2.01215e-10
    474  3.61915e-11  1.71459e-10  2.37074e-23   2.0765e-10  2.07824e-10
    513  3.02086e-11   1.8098e-10   8.0289e-23  2.11188e-10  2.11392e-10
    539   2.6691e-11  1.86746e-10  1.75198e-22  2.13437e-10  2.13666e-10
    577  2.22071e-11  1.94355e-10  5.14348e-22  2.16562e-10  2.16851e-10
    700  1.20032e-11  2.13655e-10  9.83129e-21  2.25659e-10  2.26165e-10
    810  6.80822e-12  2.25782e-10  7.72763e-20   2.3259e-10  2.33424e-10
    906  4.12957e-12  2.33727e-10  3.37732e-19  2.37856e-10  2.39096e-10
   1050   1.9478e-12   2.4263e-10  2.05345e-18  2.44578e-10  2.46663e-10
   1200  8.95343e-13  2.49372e-10  9.27782e-18  2.50267e-10  2.53582e-10
   1350  4.16392e-13   2.5437e-10  3.20071e-17  2.54787e-10  2.59714e-10
   1525  1.73677e-13   2.5858e-10  1.05969e-16  2.58753e-10  2.66071e-10
   1700  7.40594e-14  2.61401e-10  2.87862e-16  2.61476e-10  2.71731e-10
   1900  2.87648e-14  2.63221e-10  7.52615e-16   2.6325e-10  2.77507e-10
   2000  1.81743e-14  2.63642e-10  1.14893e-15  2.63661e-10   2.8016e-10
   2200  7.43388e-15  2.63635e-10  2.44124e-15  2.63644e-10  2.85072e-10
   2900  4.48915e-16  2.56827e-10  1.73796e-14  2.56845e-10  2.99144e-10

   Pressure = 0.4 atm

   T(K)       P3->W1       P3->P1       P3->P2         P3->      Capture
    296  1.97062e-59  1.41989e-62  2.00011e-67  1.97204e-59  2.26968e-56
    370  3.28869e-53  1.28548e-54  3.38853e-58  3.41727e-53  1.02891e-52
    407  6.58148e-51  1.40401e-51  1.18318e-54  7.98668e-51  1.04703e-50
    474  1.79458e-47  5.43464e-47  2.31364e-49  7.25236e-47  7.28769e-47
    513  8.28135e-46  1.10491e-44  8.38182e-47  1.19611e-44  1.19635e-44
    539  8.14538e-45  2.87757e-43  2.83818e-45   2.9874e-43  2.98735e-43
    577  1.63668e-43  2.28049e-41  2.94564e-43  2.32631e-41  2.32618e-41
    700  3.05254e-40  1.97272e-36  4.11587e-38  2.01418e-36  2.01399e-36
    810  3.56147e-38  3.46042e-33  9.46055e-35  3.55506e-33  3.55463e-33
    906  8.35503e-37  5.74837e-31  1.91553e-32  5.93994e-31  5.93908e-31
   1050  2.93573e-35  2.29861e-28  9.96365e-30  2.39825e-28  2.39784e-28
   1200  4.36957e-34  2.72161e-26   1.5067e-27  2.87228e-26  2.87174e-26
   1350  3.30085e-33  1.16601e-24  8.05406e-26  1.24655e-24  1.24631e-24
   1525  1.97855e-32  3.82306e-23  3.33497e-24  4.15656e-23  4.15582e-23
   1700  7.89317e-32  6.31272e-22  6.79701e-23  6.99242e-22  6.99143e-22
   1900  2.79703e-31  8.51622e-21  1.13873e-21  9.65494e-21  9.65421e-21
   2000  4.82552e-31  2.59875e-20  3.83996e-21  2.98275e-20  2.98265e-20
   2200  1.26928e-30  1.81291e-19  3.22359e-20  2.13526e-19  2.13543e-19
   2900          ***  2.17081e-17  6.53959e-18  2.82477e-17  2.82677e-17

   Pressure = 1 atm

   T(K)       P3->W1       P3->P1       P3->P2         P3->      Capture
    296  1.97137e-59  6.68339e-63  1.56841e-67  1.97204e-59  2.26968e-56
    370  3.33511e-53  8.21373e-55  3.09694e-58  3.41727e-53  1.02891e-52
    407  6.93482e-51  1.05073e-51   1.1297e-54  7.98668e-51  1.04703e-50
    474  2.23867e-47  4.99083e-47  2.28513e-49  7.25236e-47  7.28769e-47
    513  1.17882e-45  1.06989e-44  8.32959e-47  1.19611e-44  1.19635e-44
    539  1.26817e-44  2.83232e-43  2.82621e-45   2.9874e-43  2.98735e-43
    577  2.89374e-43    2.268e-41  2.93791e-43  2.32631e-41  2.32618e-41
    700   7.7354e-40  1.97229e-36  4.11198e-38  2.01418e-36  2.01399e-36
    810  1.16949e-37  3.46039e-33   9.4557e-35  3.55506e-33  3.55463e-33
    906   3.3157e-36  5.74841e-31  1.91491e-32  5.93994e-31  5.93908e-31
   1050  1.47721e-34  2.29863e-28  9.96187e-30  2.39825e-28  2.39784e-28
   1200  2.69854e-33  2.72162e-26  1.50655e-27  2.87228e-26  2.87174e-26
   1350  2.42618e-32  1.16601e-24  8.05359e-26  1.24655e-24  1.24631e-24
   1525  1.72863e-31  3.82307e-23  3.33486e-24  4.15656e-23  4.15582e-23
   1700  7.95072e-31  6.31274e-22  6.79687e-23  6.99242e-22  6.99143e-22
   1900  3.16889e-30  8.51623e-21  1.13872e-21  9.65494e-21  9.65421e-21
   2000  5.69585e-30  2.59875e-20  3.83993e-21  2.98275e-20  2.98265e-20
   2200  1.55577e-29  1.81291e-19  3.22358e-20  2.13526e-19  2.13543e-19
   2900  1.68678e-28  2.17081e-17  6.53958e-18  2.82477e-17  2.82677e-17

______________________________________________________________________________________

Temperature-Pressure Rate Tables:

W1->P1

P\T              296          370          407          474          513          539          577          700          810          906         1050         1200         1350         1525         1700         1900         2000         2200         2900
0.4      2.28747e-50  4.28846e-37  2.92181e-32  1.98323e-25  2.80701e-22  1.96175e-20  4.83504e-18  4.00112e-12  2.05243e-08  5.84961e-06   0.00341268      0.42042      14.9137       326.36      3168.57      21211.8      44682.1       144996          ***
1        2.30107e-50  4.36875e-37  3.00824e-32  2.09744e-25  3.02752e-22  2.14658e-20    5.411e-18  4.84561e-12  2.66795e-08   8.0574e-06   0.00508167     0.671247      25.2695      586.282      5978.46      41935.7      90095.5       302538  3.05768e+06
O-O      2.31008e-50  4.43342e-37  3.08564e-32  2.22333e-25  3.30352e-22  2.39877e-20  6.30364e-18  6.83027e-12  4.76692e-08  1.84735e-05    0.0179321      3.91199      252.013      11247.9       224296    3.408e+06  1.07378e+07  7.67918e+07   7.9649e+09

W1->P2

P\T              296          370          407          474          513          539          577          700          810          906         1050         1200         1350         1525         1700         1900         2000         2200         2900
0.4        8.694e-60  4.05345e-45   8.4671e-40  2.65806e-32  7.45977e-29  7.72675e-27  3.15251e-24  8.85256e-18  9.68427e-14  4.58404e-11  4.82613e-08  9.54597e-06  0.000495461    0.0156038     0.205327      1.84528      4.43192      18.2275          ***
1        2.17224e-59  1.15805e-44  2.55938e-39   8.7513e-32  2.56008e-28  2.71945e-26   1.1469e-23  3.50369e-17  4.04761e-13  1.98665e-10  2.17811e-07  4.44001e-05   0.00235351    0.0753863      1.00274      9.07438      21.8186      89.7052      1573.12
O-O      5.46489e-59  4.02249e-44    1.058e-38  5.02529e-31  1.79147e-27  2.17697e-25  1.11994e-22  6.60167e-16  1.38775e-11  1.15023e-08  2.75822e-05    0.0125741       1.4676      115.409      3672.36      87106.2       333531  3.37142e+06  8.58106e+08

W1->P3

P\T              296          370          407          474          513          539          577          700          810          906         1050         1200         1350         1525         1700         1900         2000         2200         2900
0.4      6.64688e-66  2.23207e-53  8.96114e-49  4.50197e-42  6.76482e-39   5.1446e-37  1.47985e-34  2.13034e-28  1.73041e-24  7.08912e-22  6.76714e-19  1.33451e-16  7.41579e-15  2.72989e-13  4.52944e-12  5.84087e-11  1.73733e-10  1.16512e-09          ***
1        6.64942e-66  2.26357e-53  9.44224e-49  5.61605e-42  9.62945e-39  8.00972e-37  2.61645e-34  5.39848e-28  5.68218e-24   2.8133e-21  3.40504e-18  8.24113e-16  5.44998e-14  2.38426e-12  4.55923e-11  6.60724e-10  2.04596e-09  1.42174e-08  1.57089e-06
O-O      7.65561e-63  6.98332e-53   1.4256e-48  1.82823e-41  9.77263e-38   1.8868e-35  2.10327e-32  1.40555e-24  1.72707e-19  5.03915e-16  5.52698e-12  8.76936e-09  2.79895e-06  0.000572796    0.0400172      2.00286      10.6243      191.257       215497

P1->W1

P\T              296          370          407          474          513          539          577          700          810          906         1050         1200         1350         1525         1700         1900         2000         2200         2900
0.4      5.03681e-11  4.63096e-11  4.41594e-11  3.99515e-11  3.73136e-11  3.54926e-11  3.27771e-11  2.40757e-11  1.72616e-11   1.2484e-11  7.35761e-12  4.08994e-12   2.2239e-12  1.07727e-12  5.19038e-13  2.25969e-13   1.4996e-13  6.67389e-14          ***
1        5.06674e-11  4.71766e-11  4.54656e-11  4.22522e-11   4.0245e-11  3.88368e-11  3.66816e-11  2.91572e-11  2.24384e-11   1.7196e-11  1.09561e-11  6.53043e-12  3.76865e-12  1.93588e-12  9.80017e-13  4.47427e-13  3.03071e-13  1.39875e-13   1.1239e-14
O-O       5.0866e-11  4.78749e-11  4.66354e-11  4.47881e-11  4.39137e-11  4.33995e-11  4.27328e-11  4.10994e-11  4.00917e-11  3.94261e-11  3.86629e-11  3.80621e-11  3.75937e-11  3.71668e-11  3.68358e-11  3.65441e-11  3.64248e-11  3.62259e-11  3.57643e-11

P1->P2

P\T              296          370          407          474          513          539          577          700          810          906         1050         1200         1350         1525         1700         1900         2000         2200         2900
0.4      1.01136e-19  3.90339e-18     1.47e-17  9.57882e-17  2.27983e-16  3.79441e-16  7.36794e-16  3.91001e-15  1.15478e-14  2.43221e-14  5.88604e-14  1.20646e-13  2.14696e-13  3.70802e-13  5.80304e-13  8.86032e-13  1.06475e-12  1.47087e-12  3.30805e-12
1        7.24515e-20  3.09075e-18  1.21122e-17  8.35188e-17  2.03881e-16   3.4424e-16  6.80458e-16  3.75267e-15  1.12894e-14   2.3997e-14  5.84967e-14   1.2031e-13  2.14422e-13  3.70609e-13  5.80179e-13   8.8596e-13  1.06469e-12  1.47084e-12  3.30804e-12
O-O              ***          ***          ***          ***          ***          ***          ***          ***          ***          ***          ***          ***          ***          ***          ***          ***          ***          ***          ***

P1->P3

P\T              296          370          407          474          513          539          577          700          810          906         1050         1200         1350         1525         1700         1900         2000         2200         2900
0.4      1.05456e-29   9.4215e-29  2.88923e-28  2.74644e-27  1.19979e-26  3.28822e-26  1.39782e-25  8.28418e-24  1.41404e-22  1.04092e-21  1.14234e-20  8.08618e-20  3.90627e-19  1.74115e-18  5.93397e-18  1.89452e-17   3.1401e-17  7.65968e-17  7.43092e-16
1        4.96376e-30  6.01998e-29  2.16222e-28  2.52216e-27  1.16177e-26  3.23652e-26  1.39016e-25  8.28238e-24  1.41402e-22  1.04093e-21  1.14235e-20  8.08622e-20  3.90628e-19  1.74115e-18  5.93398e-18  1.89452e-17  3.14011e-17  7.65969e-17  7.43092e-16
O-O              ***          ***          ***          ***          ***          ***          ***          ***          ***          ***          ***          ***          ***          ***          ***          ***          ***          ***          ***

P2->W1

P\T              296          370          407          474          513          539          577          700          810          906         1050         1200         1350         1525         1700         1900         2000         2200         2900
0.4      3.00284e-11    1.988e-11  1.61031e-11  1.09925e-11  8.80244e-12   7.5837e-12   6.1041e-12  3.03277e-12  1.62892e-12  9.52858e-13  4.31572e-13  1.92486e-13  8.76467e-14  3.59364e-14   1.5154e-14  5.84034e-15  3.68319e-15  1.50378e-15          ***
1        7.50275e-11  5.67959e-11  4.86752e-11  3.61915e-11  3.02086e-11   2.6691e-11  2.22071e-11  1.20032e-11  6.80822e-12  4.12957e-12   1.9478e-12  8.95343e-13  4.16392e-13  1.73677e-13  7.40594e-14  2.87648e-14  1.81743e-14  7.43388e-15  4.48915e-16
O-O      1.88753e-10  1.97281e-10  2.01215e-10  2.07824e-10  2.11392e-10  2.13666e-10  2.16851e-10  2.26165e-10  2.33424e-10  2.39096e-10  2.46663e-10  2.53582e-10  2.59714e-10  2.66071e-10  2.71731e-10  2.77507e-10   2.8016e-10  2.85072e-10  2.99144e-10

P2->P1

P\T              296          370          407          474          513          539          577          700          810          906         1050         1200         1350         1525         1700         1900         2000         2200         2900
0.4      1.58642e-10  1.77282e-10  1.84978e-10  1.96647e-10  2.02374e-10  2.05841e-10  2.10446e-10  2.22614e-10   2.3095e-10  2.36894e-10  2.44139e-10  2.50069e-10  2.54694e-10  2.58714e-10  2.61458e-10  2.63242e-10  2.63655e-10   2.6364e-10  2.56827e-10
1        1.13648e-10  1.40374e-10  1.52415e-10  1.71459e-10   1.8098e-10  1.86746e-10  1.94355e-10  2.13655e-10  2.25782e-10  2.33727e-10   2.4263e-10  2.49372e-10   2.5437e-10   2.5858e-10  2.61401e-10  2.63221e-10  2.63642e-10  2.63635e-10  2.56827e-10
O-O              ***          ***          ***          ***          ***          ***          ***          ***          ***          ***          ***          ***          ***          ***          ***          ***          ***          ***          ***

P2->P3

P\T              296          370          407          474          513          539          577          700          810          906         1050         1200         1350         1525         1700         1900         2000         2200         2900
0.4      2.33013e-25  1.12794e-24  3.06383e-24  2.40032e-23  8.07925e-23   1.7594e-22    5.157e-22  9.84058e-21  7.73158e-20  3.37842e-19  2.05382e-18  9.27876e-18   3.2009e-17  1.05973e-16  2.87867e-16  7.52623e-16  1.14894e-15  2.44126e-15  1.73796e-14
1         1.8272e-25  1.03088e-24  2.92535e-24  2.37074e-23   8.0289e-23  1.75198e-22  5.14348e-22  9.83129e-21  7.72763e-20  3.37732e-19  2.05345e-18  9.27782e-18  3.20071e-17  1.05969e-16  2.87862e-16  7.52615e-16  1.14893e-15  2.44124e-15  1.73796e-14
O-O              ***          ***          ***          ***          ***          ***          ***          ***          ***          ***          ***          ***          ***          ***          ***          ***          ***          ***          ***

P3->W1

P\T              296          370          407          474          513          539          577          700          810          906         1050         1200         1350         1525         1700         1900         2000         2200         2900
0.4      1.97062e-59  3.28869e-53  6.58148e-51  1.79458e-47  8.28135e-46  8.14538e-45  1.63668e-43  3.05254e-40  3.56147e-38  8.35503e-37  2.93573e-35  4.36957e-34  3.30085e-33  1.97855e-32  7.89317e-32  2.79703e-31  4.82552e-31  1.26928e-30          ***
1        1.97137e-59  3.33511e-53  6.93482e-51  2.23867e-47  1.17882e-45  1.26817e-44  2.89374e-43   7.7354e-40  1.16949e-37   3.3157e-36  1.47721e-34  2.69854e-33  2.42618e-32  1.72863e-31  7.95072e-31  3.16889e-30  5.69585e-30  1.55577e-29  1.68678e-28
O-O      2.26968e-56  1.02891e-52  1.04703e-50  7.28769e-47  1.19635e-44  2.98735e-43  2.32618e-41  2.01399e-36  3.55463e-33  5.93908e-31  2.39784e-28  2.87174e-26  1.24631e-24  4.15582e-23  6.99143e-22  9.65421e-21  2.98265e-20  2.13543e-19  2.82677e-17

P3->P1

P\T              296          370          407          474          513          539          577          700          810          906         1050         1200         1350         1525         1700         1900         2000         2200         2900
0.4      1.41989e-62  1.28548e-54  1.40401e-51  5.43464e-47  1.10491e-44  2.87757e-43  2.28049e-41  1.97272e-36  3.46042e-33  5.74837e-31  2.29861e-28  2.72161e-26  1.16601e-24  3.82306e-23  6.31272e-22  8.51622e-21  2.59875e-20  1.81291e-19  2.17081e-17
1        6.68339e-63  8.21373e-55  1.05073e-51  4.99083e-47  1.06989e-44  2.83232e-43    2.268e-41  1.97229e-36  3.46039e-33  5.74841e-31  2.29863e-28  2.72162e-26  1.16601e-24  3.82307e-23  6.31274e-22  8.51623e-21  2.59875e-20  1.81291e-19  2.17081e-17
O-O              ***          ***          ***          ***          ***          ***          ***          ***          ***          ***          ***          ***          ***          ***          ***          ***          ***          ***          ***

P3->P2

P\T              296          370          407          474          513          539          577          700          810          906         1050         1200         1350         1525         1700         1900         2000         2200         2900
0.4      2.00011e-67  3.38853e-58  1.18318e-54  2.31364e-49  8.38182e-47  2.83818e-45  2.94564e-43  4.11587e-38  9.46055e-35  1.91553e-32  9.96365e-30   1.5067e-27  8.05406e-26  3.33497e-24  6.79701e-23  1.13873e-21  3.83996e-21  3.22359e-20  6.53959e-18
1        1.56841e-67  3.09694e-58   1.1297e-54  2.28513e-49  8.32959e-47  2.82621e-45  2.93791e-43  4.11198e-38   9.4557e-35  1.91491e-32  9.96187e-30  1.50655e-27  8.05359e-26  3.33486e-24  6.79687e-23  1.13872e-21  3.83993e-21  3.22358e-20  6.53958e-18
O-O              ***          ***          ***          ***          ***          ***          ***          ***          ***          ***          ***          ***          ***          ***          ***          ***          ***          ***          ***

W1-> 

P\T              296          370          407          474          513          539          577          700          810          906         1050         1200         1350         1525         1700         1900         2000         2200         2900
0.4      2.28747e-50  4.28846e-37  2.92181e-32  1.98323e-25  2.80701e-22  1.96175e-20  4.83505e-18  4.00113e-12  2.05244e-08  5.84966e-06   0.00341273     0.420429      14.9142      326.376      3168.77      21213.6      44686.5       145015          ***
1        2.30107e-50  4.36875e-37  3.00824e-32  2.09745e-25  3.02753e-22  2.14659e-20  5.41101e-18  4.84565e-12  2.66799e-08   8.0576e-06   0.00508189     0.671291      25.2718      586.358      5979.47      41944.8      90117.4       302628  3.05926e+06
O-O      2.31008e-50  4.43342e-37  3.08564e-32  2.22333e-25  3.30353e-22   2.3988e-20  6.30375e-18  6.83093e-12  4.76831e-08   1.8485e-05    0.0179597      3.92456      253.481      11363.4       227969   3.4951e+06  1.10714e+07  8.01635e+07  8.82322e+09

P1-> 

P\T              296          370          407          474          513          539          577          700          810          906         1050         1200         1350         1525         1700         1900         2000         2200         2900
0.4      5.03681e-11  4.63096e-11  4.41594e-11  3.99516e-11  3.73139e-11   3.5493e-11  3.27778e-11  2.40796e-11  1.72732e-11  1.25084e-11  7.41647e-12  4.21059e-12  2.43859e-12  1.44807e-12  1.09935e-12  1.11202e-12  1.21474e-12  1.53768e-12  3.30879e-12
1        5.06674e-11  4.71766e-11  4.54656e-11  4.22523e-11  4.02452e-11  3.88371e-11  3.66823e-11  2.91609e-11  2.24497e-11    1.722e-11  1.10146e-11  6.65074e-12  3.98307e-12  2.30649e-12   1.5602e-12  1.33341e-12   1.3678e-12  1.61079e-12  3.32003e-12
O-O       5.0866e-11  4.78749e-11  4.66354e-11  4.47881e-11  4.39137e-11  4.33995e-11  4.27328e-11  4.10994e-11  4.00917e-11  3.94261e-11  3.86629e-11  3.80621e-11  3.75937e-11  3.71668e-11  3.68358e-11  3.65441e-11  3.64248e-11  3.62259e-11  3.57643e-11

P2-> 

P\T              296          370          407          474          513          539          577          700          810          906         1050         1200         1350         1525         1700         1900         2000         2200         2900
0.4       1.8867e-10  1.97162e-10  2.01081e-10  2.07639e-10  2.11177e-10  2.13425e-10   2.1655e-10  2.25647e-10  2.32579e-10  2.37847e-10   2.4457e-10  2.50261e-10  2.54782e-10   2.5875e-10  2.61473e-10  2.63249e-10   2.6366e-10  2.63644e-10  2.56844e-10
1        1.88675e-10  1.97169e-10   2.0109e-10   2.0765e-10  2.11188e-10  2.13437e-10  2.16562e-10  2.25659e-10   2.3259e-10  2.37856e-10  2.44578e-10  2.50267e-10  2.54787e-10  2.58753e-10  2.61476e-10   2.6325e-10  2.63661e-10  2.63644e-10  2.56845e-10
O-O      1.88753e-10  1.97281e-10  2.01215e-10  2.07824e-10  2.11392e-10  2.13666e-10  2.16851e-10  2.26165e-10  2.33424e-10  2.39096e-10  2.46663e-10  2.53582e-10  2.59714e-10  2.66071e-10  2.71731e-10  2.77507e-10   2.8016e-10  2.85072e-10  2.99144e-10

P3-> 

P\T              296          370          407          474          513          539          577          700          810          906         1050         1200         1350         1525         1700         1900         2000         2200         2900
0.4      1.97204e-59  3.41727e-53  7.98668e-51  7.25236e-47  1.19611e-44   2.9874e-43  2.32631e-41  2.01418e-36  3.55506e-33  5.93994e-31  2.39825e-28  2.87228e-26  1.24655e-24  4.15656e-23  6.99242e-22  9.65494e-21  2.98275e-20  2.13526e-19  2.82477e-17
1        1.97204e-59  3.41727e-53  7.98668e-51  7.25236e-47  1.19611e-44   2.9874e-43  2.32631e-41  2.01418e-36  3.55506e-33  5.93994e-31  2.39825e-28  2.87228e-26  1.24655e-24  4.15656e-23  6.99242e-22  9.65494e-21  2.98275e-20  2.13526e-19  2.82477e-17
O-O      2.26968e-56  1.02891e-52  1.04703e-50  7.28769e-47  1.19635e-44  2.98735e-43  2.32618e-41  2.01399e-36  3.55463e-33  5.93908e-31  2.39784e-28  2.87174e-26  1.24631e-24  4.15582e-23  6.99143e-22  9.65421e-21  2.98265e-20  2.13543e-19  2.82677e-17

