Model::init:  starts
   Model::ExponentialKernel::ExponentialKernel:  ... done
   Model::LennardJonesCollision::LennardJonesCollision:  ... done
   WELL: W1
   Model::RRHO::RRHO:  starts
      Model::new_core:  starts
         Model::RigidRotor::RigidRotor:  starts
            molecular geometry will be used to estimate rotational constants
            rotational configuration: nonlinear
            rotational constants[1/cm]:         2.69023       0.666675       0.666675
         Model::RigidRotor::RigidRotor:  done, cpu time[sec] = 0.008972, elapsed time[sec] = 0
      Model::new_core:  done, cpu time[sec] = 0.011132, elapsed time[sec] = 0
      1-th ROTOR:
      Model::HinderedRotor::HinderedRotor:  starts
         Model::HinderedRotor::_read:  starts
         Model::HinderedRotor::_read:  done, cpu time[sec] = 0.002078, elapsed time[sec] = 0
         Model::HinderedRotor::_init: WARNING: potential second derivative at the minimum is negative, assuming zero
         effective rotational constant[1/cm]  = 10.7609
         analytic  frequency at minimum[1/cm] = 0
         numerical frequency at minimum[1/cm] = 0
         minimum energy[kcal/mol]             = 0
         maximum energy[kcal/mol]             = 0
         maximum frequency[1/cm]              = 0
         ground energy [kcal/mol]             = 0
         highest energy level [kcal/mol]      = 68948.2
         number of levels                     = 999
         10 lowest excited states [kcal/mol] relative to the ground: 0.277 0.277 1.11 1.11 2.49 2.49 4.43 4.43 6.92
         Statistical Weight (*** - deep tunneling regime):
          T, K        Quantum             PG             PI  ***
           100        1.50405        1.50153        1.50153
           200        2.12349        2.12348        2.12348
           300        2.60073        2.60073        2.60073
           400        3.00306        3.00306        3.00306
           500        3.35752        3.35752        3.35752
           600        3.67798        3.67798        3.67798
           700        3.97268        3.97268        3.97268
           800        4.24697        4.24697        4.24697
           900        4.50459        4.50459        4.50459
          1000        4.74826        4.74826        4.74826
      Model::HinderedRotor::HinderedRotor:  done, cpu time[sec] = 2.88988, elapsed time[sec] = 0
      ground state energy, kcal/mol:   -88.3378
      interpolating states number/density starts
         core state contribution ... done, cpu time[sec] = 0.571428, elapsed time[sec] = 0
         vibrational modes contribution ... done, cpu time[sec] = 0.170259, elapsed time[sec] = 0
         hindered rotors contribution starts
            Model::HinderedRotor::set:  starts
            Model::HinderedRotor::set:  done, cpu time[sec] = 0.000749, elapsed time[sec] = 0
         hindered rotors contribution done, cpu time[sec] = 0.39515, elapsed time[sec] = 0
         effective power exponent at 488.335 kcal/mol = 16.4146
      interpolating states number/density done, cpu time[sec] = 10.4274, elapsed time[sec] = 1
   Model::RRHO::RRHO:  done, cpu time[sec] = 13.3448, elapsed time[sec] = 1
   BIMOLECULAR: P1
   Model::Bimolecular::Bimolecular:  starts
      Model::RRHO::RRHO:  starts
         Model::new_core:  starts
            Model::RigidRotor::RigidRotor:  starts
               molecular geometry will be used to estimate rotational constants
               rotational configuration: nonlinear
               rotational constants[1/cm]:         9.58062        9.58062        4.79031
            Model::RigidRotor::RigidRotor:  done, cpu time[sec] = 2.1e-05, elapsed time[sec] = 0
         Model::new_core:  done, cpu time[sec] = 3.1e-05, elapsed time[sec] = 0
         ground state energy, kcal/mol:   0
      Model::RRHO::RRHO:  done, cpu time[sec] = 6e-05, elapsed time[sec] = 0
      Model::RRHO::RRHO:  starts
         Model::new_core:  starts
            Model::RigidRotor::RigidRotor:  starts
               molecular geometry will be used to estimate rotational constants
               rotational configuration: nonlinear
               rotational constants[1/cm]:         9.58062        9.58062        4.79031
            Model::RigidRotor::RigidRotor:  done, cpu time[sec] = 1.1e-05, elapsed time[sec] = 0
         Model::new_core:  done, cpu time[sec] = 3.9e-05, elapsed time[sec] = 0
         ground state energy, kcal/mol:   0
      Model::RRHO::RRHO:  done, cpu time[sec] = 6.3e-05, elapsed time[sec] = 0
   Model::Bimolecular::Bimolecular:  done, cpu time[sec] = 0.000197, elapsed time[sec] = 0
   BIMOLECULAR: P2
   Model::Bimolecular::Bimolecular:  starts
      Model::RRHO::RRHO:  starts
         Model::new_core:  starts
            Model::RigidRotor::RigidRotor:  starts
               molecular geometry will be used to estimate rotational constants
               rotational configuration: nonlinear
               rotational constants[1/cm]:         3.46217       0.756338        0.70146
            Model::RigidRotor::RigidRotor:  done, cpu time[sec] = 1.6e-05, elapsed time[sec] = 0
         Model::new_core:  done, cpu time[sec] = 2.4e-05, elapsed time[sec] = 0
         1-th ROTOR:
         Model::HinderedRotor::HinderedRotor:  starts
            Model::HinderedRotor::_read:  starts
            Model::HinderedRotor::_read:  done, cpu time[sec] = 1.1e-05, elapsed time[sec] = 0
            Model::HinderedRotor::_init: WARNING: potential second derivative at the minimum is negative, assuming zero
            effective rotational constant[1/cm]  = 15.0839
            analytic  frequency at minimum[1/cm] = 0
            numerical frequency at minimum[1/cm] = 0
            minimum energy[kcal/mol]             = 0
            maximum energy[kcal/mol]             = 0
            maximum frequency[1/cm]              = 0
            ground energy [kcal/mol]             = 0
            highest energy level [kcal/mol]      = 386587
            number of levels                     = 999
            10 lowest excited states [kcal/mol] relative to the ground: 1.55 1.55 6.21 6.21 14 14 24.8 24.8 38.8
            Statistical Weight (*** - deep tunneling regime):
             T, K        Quantum             PG             PI  ***
              100        1.00081        0.63412        0.63412
              200        1.04023       0.896781       0.896781
              300        1.14797        1.09833        1.09833
              400        1.28445        1.26824        1.26824
              500        1.42306        1.41794        1.41794
              600        1.55486        1.55327        1.55327
              700        1.67821        1.67772        1.67772
              800        1.79371        1.79356        1.79356
              900         1.9024        1.90236        1.90236
             1000        2.00528        2.00526        2.00526
         Model::HinderedRotor::HinderedRotor:  done, cpu time[sec] = 0.009993, elapsed time[sec] = 0
         ground state energy, kcal/mol:   0
      Model::RRHO::RRHO:  done, cpu time[sec] = 0.010111, elapsed time[sec] = 0
      Model::AtomicFragment::AtomicFragment:  ... done
   Model::Bimolecular::Bimolecular:  done, cpu time[sec] = 0.01017, elapsed time[sec] = 0
   BARRIER: B1
   Model::RRHO::RRHO:  starts
      Model::new_core:  starts
         Model::Rotd::Rotd :  starts
            WARNING: zero number of states energy is not initialized: will try to estimate it from the data
            grid size = 179
            effective power exponent at 2349.05 kcal/mol = 3.09349
            zero number of states energy = 0 1/cm
         Model::Rotd::Rotd :  done, cpu time[sec] = 0.000293, elapsed time[sec] = 0
      Model::new_core:  done, cpu time[sec] = 0.000302, elapsed time[sec] = 0
      ground state energy, kcal/mol:   0
      interpolating states number/density starts
         core state contribution ... done, cpu time[sec] = 0.008901, elapsed time[sec] = 0
         vibrational modes contribution ... done, cpu time[sec] = 0.000403, elapsed time[sec] = 0
         effective power exponent at 399.998 kcal/mol = 14.4033
      interpolating states number/density done, cpu time[sec] = 0.021166, elapsed time[sec] = 0
   Model::RRHO::RRHO:  done, cpu time[sec] = 0.021513, elapsed time[sec] = 0
   BARRIER: B2
   Model::RRHO::RRHO:  starts
      Model::new_core:  starts
         Model::Rotd::Rotd :  starts
            WARNING: zero number of states energy is not initialized: will try to estimate it from the data
            grid size = 181
            effective power exponent at 10359.5 kcal/mol = 1.16161
            zero number of states energy = 0 1/cm
         Model::Rotd::Rotd :  done, cpu time[sec] = 0.000246, elapsed time[sec] = 0
      Model::new_core:  done, cpu time[sec] = 0.000254, elapsed time[sec] = 0
      1-th ROTOR:
      Model::HinderedRotor::HinderedRotor:  starts
         Model::HinderedRotor::_read:  starts
         Model::HinderedRotor::_read:  done, cpu time[sec] = 1.1e-05, elapsed time[sec] = 0
         Model::HinderedRotor::_init: WARNING: potential second derivative at the minimum is negative, assuming zero
         effective rotational constant[1/cm]  = 15.0839
         analytic  frequency at minimum[1/cm] = 0
         numerical frequency at minimum[1/cm] = 0
         minimum energy[kcal/mol]             = 0
         maximum energy[kcal/mol]             = 0
         maximum frequency[1/cm]              = 0
         ground energy [kcal/mol]             = 0
         highest energy level [kcal/mol]      = 386587
         number of levels                     = 999
         10 lowest excited states [kcal/mol] relative to the ground: 1.55 1.55 6.21 6.21 14 14 24.8 24.8 38.8
         Statistical Weight (*** - deep tunneling regime):
          T, K        Quantum             PG             PI  ***
           100        1.00081        0.63412        0.63412
           200        1.04023       0.896781       0.896781
           300        1.14797        1.09833        1.09833
           400        1.28445        1.26824        1.26824
           500        1.42306        1.41794        1.41794
           600        1.55486        1.55327        1.55327
           700        1.67821        1.67772        1.67772
           800        1.79371        1.79356        1.79356
           900         1.9024        1.90236        1.90236
          1000        2.00528        2.00526        2.00526
      Model::HinderedRotor::HinderedRotor:  done, cpu time[sec] = 0.009589, elapsed time[sec] = 0
      ground state energy, kcal/mol:   11.1705
      interpolating states number/density starts
         core state contribution ... done, cpu time[sec] = 0.008676, elapsed time[sec] = 0
         vibrational modes contribution ... done, cpu time[sec] = 0.000464, elapsed time[sec] = 0
         hindered rotors contribution starts
            Model::HinderedRotor::set:  starts
            Model::HinderedRotor::set:  done, cpu time[sec] = 3e-06, elapsed time[sec] = 0
         hindered rotors contribution done, cpu time[sec] = 0.00052, elapsed time[sec] = 0
         effective power exponent at 388.827 kcal/mol = 15.2442
      interpolating states number/density done, cpu time[sec] = 0.021059, elapsed time[sec] = 0
   Model::RRHO::RRHO:  done, cpu time[sec] = 0.030971, elapsed time[sec] = 0
   BIMOLECULAR: P3
   Model::Bimolecular::Bimolecular:  starts
      Model::RRHO::RRHO:  starts
         Model::new_core:  starts
            Model::RigidRotor::RigidRotor:  starts
               molecular geometry will be used to estimate rotational constants
               rotational configuration: nonlinear
               rotational constants[1/cm]:         4.92179        1.01839       0.843798
            Model::RigidRotor::RigidRotor:  done, cpu time[sec] = 1.5e-05, elapsed time[sec] = 0
         Model::new_core:  done, cpu time[sec] = 2.3e-05, elapsed time[sec] = 0
         ground state energy, kcal/mol:   0
      Model::RRHO::RRHO:  done, cpu time[sec] = 5.1e-05, elapsed time[sec] = 0
      Model::RRHO::RRHO:  starts
         Model::new_core:  starts
            Model::RigidRotor::RigidRotor:  starts
               molecular geometry will be used to estimate rotational constants
               rotational configuration: linear
               rotational constant[1/cm]:         60.4412
            Model::RigidRotor::RigidRotor:  done, cpu time[sec] = 1e-05, elapsed time[sec] = 0
         Model::new_core:  done, cpu time[sec] = 2.6e-05, elapsed time[sec] = 0
         ground state energy, kcal/mol:   0
      Model::RRHO::RRHO:  done, cpu time[sec] = 4.7e-05, elapsed time[sec] = 0
   Model::Bimolecular::Bimolecular:  done, cpu time[sec] = 0.000155, elapsed time[sec] = 0
   BARRIER: B3
   Model::RRHO::RRHO:  starts
      Model::new_core:  starts
         Model::RigidRotor::RigidRotor:  starts
            molecular geometry will be used to estimate rotational constants
            rotational configuration: nonlinear
            rotational constants[1/cm]:         2.10061       0.823186        0.65441
         Model::RigidRotor::RigidRotor:  done, cpu time[sec] = 1.7e-05, elapsed time[sec] = 0
      Model::new_core:  done, cpu time[sec] = 2.5e-05, elapsed time[sec] = 0
      Model::EckartTunnel::EckartTunnel:  ... done
      ground state energy, kcal/mol:   33.32
      interpolating states number/density starts
         core state contribution ... done, cpu time[sec] = 0.001299, elapsed time[sec] = 0
         vibrational modes contribution ... done, cpu time[sec] = 0.000654, elapsed time[sec] = 0
         tunneling contribution ...