Model::init:  starts
   Model::ExponentialKernel::ExponentialKernel:  ... done
   Model::LennardJonesCollision::LennardJonesCollision:  ... done
   WELL: W1
   Model::RRHO::RRHO:  starts
      Model::new_core:  starts
         Model::RigidRotor::RigidRotor:  starts
         Model::RigidRotor::RigidRotor:  done, cpu time[sec] = 0.003114, elapsed time[sec] = 0
      Model::new_core:  done, cpu time[sec] = 0.00903, elapsed time[sec] = 0
      ground state energy, kcal/mol:   -54.8405
      interpolating states number/density starts
         core state contribution ... done, cpu time[sec] = 0.262033, elapsed time[sec] = 0
         electronic states contribution ... done, cpu time[sec] = 0.009215, elapsed time[sec] = 0
         vibrational modes contribution ... done, cpu time[sec] = 0.03542, elapsed time[sec] = 0
         effective power exponent at 554.838 kcal/mol = 5.34147
      interpolating states number/density done, cpu time[sec] = 1.89214, elapsed time[sec] = 0
   Model::RRHO::RRHO:  done, cpu time[sec] = 1.91028, elapsed time[sec] = 0
   BIMOLECULAR: P1
   Model::Bimolecular::Bimolecular:  starts
      Model::RRHO::RRHO:  starts
         Model::new_core:  starts
            Model::RigidRotor::RigidRotor:  starts
               molecular geometry will be used to estimate rotational constants
               rotational configuration: nonlinear
               rotational constants[1/cm]:         20.4757        1.10907        1.05209
            Model::RigidRotor::RigidRotor:  done, cpu time[sec] = 0.003399, elapsed time[sec] = 0
         Model::new_core:  done, cpu time[sec] = 0.004597, elapsed time[sec] = 0
         ground state energy, kcal/mol:   0
      Model::RRHO::RRHO:  done, cpu time[sec] = 0.006961, elapsed time[sec] = 0
      Model::AtomicFragment::AtomicFragment:  ... done
   Model::Bimolecular::Bimolecular:  done, cpu time[sec] = 0.01148, elapsed time[sec] = 0
   BARRIER: B1
   Model::RRHO::RRHO:  starts
      Model::new_core:  starts
         Model::Rotd::Rotd :  starts
            WARNING: zero number of states energy is not initialized: will try to estimate it from the data
         Model::Rotd::Rotd :  done, cpu time[sec] = 2.25553, elapsed time[sec] = 0
      Model::new_core:  done, cpu time[sec] = 2.2633, elapsed time[sec] = 0
   Model::RRHO::RRHO:  done, cpu time[sec] = 2.26695, elapsed time[sec] = 0
Model::init:  done, cpu time[sec] = 4.21212, elapsed time[sec] = 0
