Wells (G - ground energy, D - dissociation limit, kcal/mol):
      Name        G        D
        W1    -88.2      0.0

Bimolecular Products (G - ground energy, kcal/mol):
      Name        G
        P1      0.0
        P2     11.2
        P3    -46.9

Well-to-Bimolecular Barriers (H/G - barrier height/well depth, kcal/mol)
      Name        H     Well        G  Product
        B1      0.0       W1    -88.2       P1
        B2     11.2       W1    -88.2       P2
        B3     33.3       W1    -88.2       P3

________________________________________________________________________________________

Unimolecular Rate Units: 1/sec;  Bimolecular Rate Units: cm^3/sec

______________________________________________________________________________________

Species-Species Rate Tables:

Temperature = 290 K

High Pressure Rate Coefficients:

From\To            W1           P1           P2           P3
W1                ***  1.16785e-51  1.89521e-60  1.08661e-63
P1        5.11367e-11          ***          ***          ***
P2        1.88022e-10          ***          ***          ***
P3        1.21008e-56          ***          ***          ***

Temperature = 290 K    Pressure = 0.5 atm

From\To            W1           P1           P2           P3
W1        1.15953e-51  1.15953e-51  4.04043e-61  4.00418e-67
P1        5.07726e-11  5.07726e-11  6.52605e-20  7.44902e-30
P2        4.00847e-11  1.47862e-10  1.87947e-10  1.99559e-25
P3         4.4592e-60  1.89451e-63  2.24008e-68  4.46109e-60

Temperature = 290 K    Pressure = 1 atm

From\To            W1           P1           P2           P3
W1        1.16376e-51  1.16376e-51  7.64915e-61  4.00494e-67
P1        5.09574e-11  5.09574e-11  4.94606e-20  4.13157e-30
P2        7.58865e-11  1.12064e-10   1.8795e-10  1.62274e-25
P3        4.46004e-60  1.05078e-63  1.82154e-68  4.46109e-60

Temperature = 296 K

High Pressure Rate Coefficients:

From\To            W1           P1           P2           P3
W1                ***  2.73817e-50  6.47761e-59   9.0743e-63
P1         5.0866e-11          ***          ***          ***
P2        1.88753e-10          ***          ***          ***
P3        2.26968e-56          ***          ***          ***

Temperature = 296 K    Pressure = 0.5 atm

From\To            W1           P1           P2           P3
W1         2.7163e-50   2.7163e-50  1.33471e-59  7.87951e-66
P1        5.04597e-11  5.04597e-11  9.54853e-20  8.92303e-30
P2        3.88925e-11  1.49779e-10  1.88671e-10  2.22896e-25
P3        1.97084e-59  1.20143e-62  1.91327e-67  1.97204e-59

Temperature = 296 K    Pressure = 1 atm

From\To            W1           P1           P2           P3
W1        2.72733e-50  2.72733e-50  2.55051e-59  7.88161e-66
P1        5.06646e-11  5.06646e-11  7.29024e-20  5.02084e-30
P2        7.43201e-11  1.14355e-10  1.88675e-10  1.83502e-25
P3        1.97137e-59  6.76024e-63  1.57512e-67  1.97204e-59

Temperature = 370 K

High Pressure Rate Coefficients:

From\To            W1           P1           P2           P3
W1                ***  5.07931e-37  4.60852e-44  8.00071e-53
P1        4.78749e-11          ***          ***          ***
P2        1.97281e-10          ***          ***          ***
P3        1.02891e-52          ***          ***          ***

Temperature = 370 K    Pressure = 0.5 atm

From\To            W1           P1           P2           P3
W1        4.94026e-37  4.94026e-37  6.19584e-45  2.56646e-53
P1        4.65643e-11  4.65643e-11  3.75716e-18  8.55432e-29
P2        2.65231e-11   1.7064e-10  1.97163e-10  1.11045e-24
P3        3.30053e-53  1.16716e-54  3.33597e-58  3.41727e-53

Temperature = 370 K    Pressure = 1 atm

From\To            W1           P1           P2           P3
W1         5.0043e-37   5.0043e-37  1.31179e-44  2.59291e-53
P1        4.71679e-11  4.71679e-11  3.10486e-18  6.06182e-29
P2        5.61549e-11  1.41014e-10  1.97169e-10  1.03258e-24
P3        3.33454e-53  8.27082e-55  3.10205e-58  3.41727e-53

Temperature = 407 K

High Pressure Rate Coefficients:

From\To            W1           P1           P2           P3
W1                ***  3.49174e-32  1.19725e-38  1.61323e-48
P1        4.66354e-11          ***          ***          ***
P2        2.01215e-10          ***          ***          ***
P3        1.04703e-50          ***          ***          ***

Temperature = 407 K    Pressure = 0.5 atm

From\To            W1           P1           P2           P3
W1        3.33438e-32  3.33438e-32  1.29366e-39  1.02696e-48
P1        4.45337e-11  4.45338e-11   1.4252e-17  2.71684e-28
P2        2.17419e-11  1.79341e-10  2.01083e-10  3.03993e-24
P3        6.66526e-51  1.32024e-51  1.17395e-54  7.98668e-51

Temperature = 407 K    Pressure = 1 atm

From\To            W1           P1           P2           P3
W1        3.40313e-32  3.40313e-32  2.86115e-39  1.06776e-48
P1         4.5452e-11   4.5452e-11   1.2159e-17  2.17206e-28
P2        4.80859e-11  1.53004e-10   2.0109e-10  2.92788e-24
P3        6.93004e-51  1.05551e-51  1.13068e-54  7.98668e-51

Temperature = 474 K

High Pressure Rate Coefficients:

From\To            W1           P1           P2           P3
W1                ***  2.47235e-25  5.58815e-31    2.033e-41
P1        4.47881e-11          ***          ***          ***
P2        2.07824e-10          ***          ***          ***
P3        7.28769e-47          ***          ***          ***

Temperature = 474 K    Pressure = 0.5 atm

From\To            W1           P1           P2           P3
W1         2.2401e-25   2.2401e-25  4.06085e-32  5.26492e-42
P1        4.05808e-11  4.05809e-11  9.37872e-17   2.6996e-27
P2        1.51023e-11  1.92539e-10  2.07641e-10  2.39549e-23
P3        1.88732e-47  5.34195e-47  2.30898e-49  7.25236e-47

Temperature = 474 K    Pressure = 1 atm

From\To            W1           P1           P2           P3
W1        2.33095e-25  2.33095e-25   9.6011e-32  6.22547e-42
P1        4.22265e-11  4.22266e-11  8.37549e-17  2.52571e-27
P2        3.57066e-11  1.71943e-10   2.0765e-10  2.37131e-23
P3        2.23165e-47  4.99785e-47  2.28567e-49  7.25236e-47

Temperature = 513 K

High Pressure Rate Coefficients:

From\To            W1           P1           P2           P3
W1                ***    3.644e-22  1.97611e-27  1.07799e-37
P1        4.39137e-11          ***          ***          ***
P2        2.11392e-10          ***          ***          ***
P3        1.19635e-44          ***          ***          ***

Temperature = 513 K    Pressure = 0.5 atm

From\To            W1           P1           P2           P3
W1        3.16109e-22  3.16109e-22  1.13973e-28  8.07793e-39
P1        3.80942e-11  3.80944e-11  2.24166e-16  1.19238e-26
P2        1.21921e-11  1.98987e-10  2.11179e-10  8.07119e-23
P3        8.96486e-46  1.09808e-44  8.37346e-47  1.19611e-44

Temperature = 513 K    Pressure = 1 atm

From\To            W1           P1           P2           P3
W1        3.33674e-22  3.33674e-22  2.78426e-28  1.05679e-38
P1        4.02109e-11  4.02111e-11  2.04359e-16  1.16242e-26
P2        2.97842e-11  1.81404e-10  2.11188e-10  8.02986e-23
P3        1.17282e-45  1.07049e-44  8.33059e-47  1.19611e-44

Temperature = 539 K

High Pressure Rate Coefficients:

From\To            W1           P1           P2           P3
W1                ***  2.63352e-20     2.39e-25  2.07144e-35
P1        4.33995e-11          ***          ***          ***
P2        2.13666e-10          ***          ***          ***
P3        2.98735e-43          ***          ***          ***

Temperature = 539 K    Pressure = 0.5 atm

From\To            W1           P1           P2           P3
W1        2.20682e-20  2.20682e-20  1.18069e-26  6.23497e-37
P1        3.63677e-11  3.63681e-11  3.73966e-16  3.27857e-26
P2        1.05554e-11  2.02872e-10  2.13427e-10  1.75822e-22
P3        8.99182e-45  2.86912e-43  2.83628e-45   2.9874e-43

Temperature = 539 K    Pressure = 1 atm

From\To            W1           P1           P2           P3
W1        2.35424e-20  2.35423e-20  2.94243e-26  8.73717e-37
P1         3.8797e-11  3.87973e-11  3.44951e-16  3.23744e-26
P2        2.63053e-11  1.87131e-10  2.13436e-10  1.75212e-22
P3        1.26004e-44  2.83313e-43  2.82644e-45   2.9874e-43

Temperature = 577 K

High Pressure Rate Coefficients:

From\To            W1           P1           P2           P3
W1                ***  6.87809e-18    1.222e-22  2.29495e-32
P1        4.27328e-11          ***          ***          ***
P2        2.16851e-10          ***          ***          ***
P3        2.32618e-41          ***          ***          ***

Temperature = 577 K    Pressure = 0.5 atm

From\To            W1           P1           P2           P3
W1        5.43614e-18  5.43613e-18  4.81774e-24  1.83256e-34
P1        3.37741e-11  3.37748e-11   7.2824e-16  1.39647e-25
P2        8.54934e-12  2.08003e-10  2.16552e-10  5.15487e-22
P3         1.8575e-43  2.27829e-41  2.94442e-43  2.32631e-41

Temperature = 577 K    Pressure = 1 atm

From\To            W1           P1           P2           P3
W1        5.89638e-18  5.89637e-18  1.23266e-23  2.83123e-34
P1        3.66335e-11  3.66342e-11  6.81623e-16  1.39031e-25
P2        2.18743e-11  1.94688e-10  2.16562e-10  5.14374e-22
P3        2.86976e-43  2.26823e-41  2.93806e-43  2.32631e-41

Temperature = 700 K

High Pressure Rate Coefficients:

From\To            W1           P1           P2           P3
W1                ***  7.33938e-12  7.09373e-16  1.51031e-24
P1        4.10994e-11          ***          ***          ***
P2        2.26165e-10          ***          ***          ***
P3        2.01399e-36          ***          ***          ***

Temperature = 700 K    Pressure = 0.5 atm

From\To            W1           P1           P2           P3
W1        4.51524e-12  4.51522e-12  1.35268e-17  2.80943e-28
P1        2.52845e-11  2.52884e-11  3.88757e-15  8.28392e-24
P2        4.31264e-12  2.21336e-10  2.25649e-10  9.83912e-21
P3        3.74635e-40  1.97265e-36  4.11526e-38  2.01418e-36

Temperature = 700 K    Pressure = 1 atm

From\To            W1           P1           P2           P3
W1        5.19453e-12  5.19449e-12  3.70307e-17  5.72227e-28
P1        2.90883e-11  2.90921e-11  3.75612e-15  8.28242e-24
P2        1.18062e-11  2.13852e-10  2.25658e-10  9.83146e-21
P3        7.63061e-40   1.9723e-36  4.11205e-38  2.01418e-36

Temperature = 810 K

High Pressure Rate Coefficients:

From\To            W1           P1           P2           P3
W1                ***  5.07247e-08   1.4767e-11  1.83777e-19
P1        4.00917e-11          ***          ***          ***
P2        2.33424e-10          ***          ***          ***
P3        3.55463e-33          ***          ***          ***

Temperature = 810 K    Pressure = 0.5 atm

From\To            W1           P1           P2           P3
W1        2.33182e-08   2.3318e-08  1.47895e-13  2.39077e-24
P1        1.84299e-11  1.84415e-11  1.15124e-14  1.41404e-22
P2        2.33779e-12  2.30243e-10  2.32581e-10  7.73096e-20
P3        4.62422e-38  3.46042e-33  9.45978e-35  3.55506e-33

Temperature = 810 K    Pressure = 1 atm

From\To            W1           P1           P2           P3
W1        2.82949e-08  2.82945e-08  4.23223e-13  5.94188e-24
P1        2.23633e-11  2.23746e-11  1.12953e-14  1.41402e-22
P2        6.68996e-12    2.259e-10   2.3259e-10   7.7277e-20
P3        1.14928e-37  3.46039e-33  9.45579e-35  3.55506e-33

Temperature = 906 K

High Pressure Rate Coefficients:

From\To            W1           P1           P2           P3
W1                ***  1.95286e-05  1.21593e-08  5.32696e-16
P1        3.94261e-11          ***          ***          ***
P2        2.39096e-10          ***          ***          ***
P3        5.93908e-31          ***          ***          ***

Temperature = 906 K    Pressure = 0.5 atm

From\To            W1           P1           P2           P3
W1        6.69034e-06  6.69027e-06  6.99478e-11  1.01396e-21
P1        1.35067e-11   1.3531e-11  2.42789e-14  1.04092e-21
P2        1.37541e-12  2.36473e-10  2.37848e-10  3.37825e-19
P3        1.13046e-36  5.74838e-31  1.91543e-32  5.93994e-31

Temperature = 906 K    Pressure = 1 atm

From\To            W1           P1           P2           P3
W1        8.48221e-06  8.48201e-06  2.06223e-10  2.91456e-21
P1        1.71241e-11  1.71481e-11  2.40046e-14  1.04093e-21
P2        4.05508e-12  2.33801e-10  2.37856e-10  3.37734e-19
P3        3.24945e-36  5.74841e-31  1.91492e-32  5.93994e-31

Temperature = 1050 K

High Pressure Rate Coefficients:

From\To            W1           P1           P2           P3
W1                ***    0.0188125  2.89363e-05  5.79831e-12
P1        3.86629e-11          ***          ***          ***
P2        2.46663e-10          ***          ***          ***
P3        2.39784e-28          ***          ***          ***

Temperature = 1050 K    Pressure = 0.5 atm

From\To            W1           P1           P2           P3
W1         0.00394222   0.00394214  7.35189e-08  1.01157e-18
P1        8.10144e-12  8.16025e-12  5.88137e-14  1.14234e-20
P2        6.26675e-13  2.43945e-10  2.44571e-10  2.05376e-18
P3        4.18307e-35  2.29861e-28  9.96337e-30  2.39825e-28

Temperature = 1050 K    Pressure = 1 atm

From\To            W1           P1           P2           P3
W1         0.00530301   0.00530278  2.24202e-07  3.48892e-18
P1        1.08979e-11  1.09564e-11  5.85055e-14  1.14235e-20
P2        1.91113e-12  2.42667e-10  2.44578e-10  2.05346e-18
P3        1.44277e-34  2.29863e-28   9.9619e-30  2.39825e-28

Temperature = 1200 K

High Pressure Rate Coefficients:

From\To            W1           P1           P2           P3
W1                ***      4.07953    0.0131126  9.14492e-09
P1        3.80621e-11          ***          ***          ***
P2        2.53582e-10          ***          ***          ***
P3        2.87174e-26          ***          ***          ***

Temperature = 1200 K    Pressure = 0.5 atm

From\To            W1           P1           P2           P3
W1           0.490317     0.490303  1.45122e-05  2.07384e-16
P1        4.57396e-12  4.69457e-12  1.20604e-13  8.08619e-20
P2        2.80612e-13  2.49982e-10  2.50262e-10  9.27861e-18
P3        6.51157e-34  2.72161e-26  1.50667e-27  2.87228e-26

Temperature = 1200 K    Pressure = 1 atm

From\To            W1           P1           P2           P3
W1           0.695585     0.695539  4.54009e-05  8.36945e-16
P1        6.48887e-12  6.60919e-12  1.20318e-13  8.08622e-20
P2        8.77925e-13  2.49389e-10  2.50267e-10  9.27784e-18
P3        2.62801e-33  2.72162e-26  1.50655e-27  2.87228e-26

Temperature = 1350 K

High Pressure Rate Coefficients:

From\To            W1           P1           P2           P3
W1                ***      261.584      1.52334  2.90525e-06
P1        3.75937e-11          ***          ***          ***
P2        2.59714e-10          ***          ***          ***
P3        1.24631e-24          ***          ***          ***

Temperature = 1350 K    Pressure = 0.5 atm

From\To            W1           P1           P2           P3
W1            17.5414      17.5406  0.000751413  1.19186e-14
P1        2.52001e-12  2.73467e-12  2.14662e-13  3.90627e-19
P2        1.28065e-13  2.54655e-10  2.54783e-10  3.20087e-17
P3        5.11115e-33  1.16601e-24  8.05399e-26  1.24655e-24

Temperature = 1350 K    Pressure = 1 atm

From\To            W1           P1           P2           P3
W1            26.0409      26.0385    0.0023942  5.49589e-14
P1        3.74124e-12  3.95567e-12  2.14429e-13  3.90628e-19
P2         4.0809e-13  2.54378e-10  2.54786e-10  3.20071e-17
P3        2.35709e-32  1.16601e-24  8.05359e-26  1.24655e-24

Temperature = 1525 K

High Pressure Rate Coefficients:

From\To            W1           P1           P2           P3
W1                ***      11625.3       119.28  0.000592012
P1        3.71668e-11          ***          ***          ***
P2        2.66071e-10          ***          ***          ***
P3        4.15582e-23          ***          ***          ***

Temperature = 1525 K    Pressure = 0.5 atm

From\To            W1           P1           P2           P3
W1             387.17      387.147    0.0235949  4.54063e-13
P1        1.23653e-12  1.60731e-12  3.70779e-13  1.74115e-18
P2        5.25806e-14  2.58698e-10  2.58751e-10  1.05972e-16
P3        3.18435e-32  3.82306e-23  3.33495e-24  4.15656e-23

Temperature = 1525 K    Pressure = 1 atm

From\To            W1           P1           P2           P3
W1            601.069      600.993    0.0763281  2.38858e-12
P1        1.92002e-12  2.29064e-12  3.70614e-13  1.74115e-18
P2        1.70138e-13  2.58583e-10  2.58753e-10   1.0597e-16
P3        1.67553e-31  3.82307e-23  3.33486e-24  4.15656e-23

Temperature = 1700 K

High Pressure Rate Coefficients:

From\To            W1           P1           P2           P3
W1                ***       231035       3782.7    0.0412195
P1        3.68358e-11          ***          ***          ***
P2        2.71731e-10          ***          ***          ***
P3        6.99143e-22          ***          ***          ***

Temperature = 1700 K    Pressure = 0.5 atm

From\To            W1           P1           P2           P3
W1            3786.68      3786.37     0.309511  7.76026e-12
P1        6.02244e-13  1.18254e-12   5.8029e-13  5.93397e-18
P2        2.21805e-14  2.61451e-10  2.61474e-10  2.87866e-16
P3         1.3131e-31  6.31272e-22  6.79698e-23  6.99242e-22

Temperature = 1700 K    Pressure = 1 atm

From\To            W1           P1           P2           P3
W1            6103.91      6102.89      1.01149  4.54404e-11
P1        9.71215e-13   1.5514e-12  5.80182e-13  5.93398e-18
P2        7.25246e-14  2.61403e-10  2.61475e-10  2.87862e-16
P3        7.69296e-31  6.31274e-22  6.79688e-23  6.99242e-22

Temperature = 1900 K

High Pressure Rate Coefficients:

From\To            W1           P1           P2           P3
W1                ***  3.49946e+06        89444      2.05661
P1        3.65441e-11          ***          ***          ***
P2        2.77507e-10          ***          ***          ***
P3        9.65421e-21          ***          ***          ***

Temperature = 1900 K    Pressure = 0.5 atm

From\To            W1           P1           P2           P3
W1            25529.9      25527.1      2.77136  1.02552e-10
P1        2.64919e-13  1.15096e-12  8.86024e-13  1.89452e-17
P2        8.54496e-15   2.6324e-10  2.63249e-10  7.52622e-16
P3        4.78412e-31  8.51622e-21  1.13873e-21  9.65494e-21

Temperature = 1900 K    Pressure = 1 atm

From\To            W1           P1           P2           P3
W1            42652.5      42643.4       9.1225  6.55738e-10
P1        4.43063e-13  1.32904e-12  8.85962e-13  1.89452e-17
P2          2.816e-14  2.63221e-10   2.6325e-10  7.52615e-16
P3        3.06261e-30  8.51623e-21  1.13872e-21  9.65494e-21

Temperature = 2000 K

High Pressure Rate Coefficients:

From\To            W1           P1           P2           P3
W1                ***  1.10114e+07       342029       10.895
P1        3.64248e-11          ***          ***          ***
P2         2.8016e-10          ***          ***          ***
P3        2.98265e-20          ***          ***          ***

Temperature = 2000 K    Pressure = 0.5 atm

From\To            W1           P1           P2           P3
W1            53939.1      53932.4      6.64269   3.0844e-10
P1        1.76593e-13  1.24137e-12  1.06474e-12   3.1401e-17
P2        5.38589e-15  2.63654e-10   2.6366e-10  1.14894e-15
P3        8.35826e-31  2.59875e-20  3.83996e-21  2.98275e-20

Temperature = 2000 K    Pressure = 1 atm

From\To            W1           P1           P2           P3
W1            91489.2      91467.3      21.9036  2.02708e-09
P1        3.00015e-13  1.36474e-12   1.0647e-12  3.14011e-17
P2        1.77902e-14  2.63642e-10  2.63661e-10  1.14893e-15
P3         5.5026e-30  2.59875e-20  3.83993e-21  2.98275e-20

Temperature = 2200 K

High Pressure Rate Coefficients:

From\To            W1           P1           P2           P3
W1                ***  7.85686e+07  3.44943e+06      195.683
P1        3.62259e-11          ***          ***          ***
P2        2.85072e-10          ***          ***          ***
P3        2.13543e-19          ***          ***          ***

Temperature = 2200 K    Pressure = 0.5 atm

From\To            W1           P1           P2           P3
W1             175958       175931      27.2115  2.07927e-09
P1        7.92165e-14  1.55016e-12  1.47086e-12  7.65968e-17
P2        2.19616e-15  2.63639e-10  2.63644e-10  2.44125e-15
P3         2.2159e-30  1.81291e-19  3.22359e-20  2.13526e-19

Temperature = 2200 K    Pressure = 1 atm

From\To            W1           P1           P2           P3
W1             306389       306299      89.8442  1.40516e-08
P1        1.38385e-13   1.6093e-12  1.47084e-12  7.65969e-17
P2        7.27562e-15  2.63635e-10  2.63644e-10  2.44124e-15
P3        1.50256e-29  1.81291e-19  3.22358e-20  2.13526e-19

Temperature = 2900 K

High Pressure Rate Coefficients:

From\To            W1           P1           P2           P3
W1                ***  8.10432e+09  8.73127e+08       219269
P1        3.57643e-11          ***          ***          ***
P2        2.99144e-10          ***          ***          ***
P3        2.82677e-17          ***          ***          ***

Temperature = 2900 K    Pressure = 0.5 atm

From\To            W1           P1           P2           P3
W1        1.67436e+06  1.67388e+06      484.293  2.57733e-07
P1        5.93128e-15  3.31472e-12  3.30805e-12  7.43092e-16
P2         1.3323e-16  2.56827e-10  2.56844e-10  1.73796e-14
P3        2.66793e-29  2.17081e-17  6.53959e-18  2.82477e-17

Temperature = 2900 K    Pressure = 1 atm

From\To            W1           P1           P2           P3
W1        3.08084e+06  3.07927e+06      1569.18  1.54993e-06
P1         1.1108e-14   3.3199e-12  3.30804e-12  7.43092e-16
P2        4.39472e-16  2.56827e-10  2.56845e-10  1.73796e-14
P3        1.63336e-28  2.17081e-17  6.53958e-18  2.82477e-17

______________________________________________________________________________________

High Pressure Rate Coefficients (Temperature-Species Rate Tables):

   T(K)       W1->W1       W1->P1       W1->P2       W1->P3
    290          ***  1.16785e-51  1.89521e-60  1.08661e-63
    296          ***  2.73817e-50  6.47761e-59   9.0743e-63
    370          ***  5.07931e-37  4.60852e-44  8.00071e-53
    407          ***  3.49174e-32  1.19725e-38  1.61323e-48
    474          ***  2.47235e-25  5.58815e-31    2.033e-41
    513          ***    3.644e-22  1.97611e-27  1.07799e-37
    539          ***  2.63352e-20     2.39e-25  2.07144e-35
    577          ***  6.87809e-18    1.222e-22  2.29495e-32
    700          ***  7.33938e-12  7.09373e-16  1.51031e-24
    810          ***  5.07247e-08   1.4767e-11  1.83777e-19
    906          ***  1.95286e-05  1.21593e-08  5.32696e-16
   1050          ***    0.0188125  2.89363e-05  5.79831e-12
   1200          ***      4.07953    0.0131126  9.14492e-09
   1350          ***      261.584      1.52334  2.90525e-06
   1525          ***      11625.3       119.28  0.000592012
   1700          ***       231035       3782.7    0.0412195
   1900          ***  3.49946e+06        89444      2.05661
   2000          ***  1.10114e+07       342029       10.895
   2200          ***  7.85686e+07  3.44943e+06      195.683
   2900          ***  8.10432e+09  8.73127e+08       219269

   T(K)       P1->W1       P1->P1       P1->P2       P1->P3
    290  5.11367e-11          ***          ***          ***
    296   5.0866e-11          ***          ***          ***
    370  4.78749e-11          ***          ***          ***
    407  4.66354e-11          ***          ***          ***
    474  4.47881e-11          ***          ***          ***
    513  4.39137e-11          ***          ***          ***
    539  4.33995e-11          ***          ***          ***
    577  4.27328e-11          ***          ***          ***
    700  4.10994e-11          ***          ***          ***
    810  4.00917e-11          ***          ***          ***
    906  3.94261e-11          ***          ***          ***
   1050  3.86629e-11          ***          ***          ***
   1200  3.80621e-11          ***          ***          ***
   1350  3.75937e-11          ***          ***          ***
   1525  3.71668e-11          ***          ***          ***
   1700  3.68358e-11          ***          ***          ***
   1900  3.65441e-11          ***          ***          ***
   2000  3.64248e-11          ***          ***          ***
   2200  3.62259e-11          ***          ***          ***
   2900  3.57643e-11          ***          ***          ***

   T(K)       P2->W1       P2->P1       P2->P2       P2->P3
    290  1.88022e-10          ***          ***          ***
    296  1.88753e-10          ***          ***          ***
    370  1.97281e-10          ***          ***          ***
    407  2.01215e-10          ***          ***          ***
    474  2.07824e-10          ***          ***          ***
    513  2.11392e-10          ***          ***          ***
    539  2.13666e-10          ***          ***          ***
    577  2.16851e-10          ***          ***          ***
    700  2.26165e-10          ***          ***          ***
    810  2.33424e-10          ***          ***          ***
    906  2.39096e-10          ***          ***          ***
   1050  2.46663e-10          ***          ***          ***
   1200  2.53582e-10          ***          ***          ***
   1350  2.59714e-10          ***          ***          ***
   1525  2.66071e-10          ***          ***          ***
   1700  2.71731e-10          ***          ***          ***
   1900  2.77507e-10          ***          ***          ***
   2000   2.8016e-10          ***          ***          ***
   2200  2.85072e-10          ***          ***          ***
   2900  2.99144e-10          ***          ***          ***

   T(K)       P3->W1       P3->P1       P3->P2       P3->P3
    290  1.21008e-56          ***          ***          ***
    296  2.26968e-56          ***          ***          ***
    370  1.02891e-52          ***          ***          ***
    407  1.04703e-50          ***          ***          ***
    474  7.28769e-47          ***          ***          ***
    513  1.19635e-44          ***          ***          ***
    539  2.98735e-43          ***          ***          ***
    577  2.32618e-41          ***          ***          ***
    700  2.01399e-36          ***          ***          ***
    810  3.55463e-33          ***          ***          ***
    906  5.93908e-31          ***          ***          ***
   1050  2.39784e-28          ***          ***          ***
   1200  2.87174e-26          ***          ***          ***
   1350  1.24631e-24          ***          ***          ***
   1525  4.15582e-23          ***          ***          ***
   1700  6.99143e-22          ***          ***          ***
   1900  9.65421e-21          ***          ***          ***
   2000  2.98265e-20          ***          ***          ***
   2200  2.13543e-19          ***          ***          ***
   2900  2.82677e-17          ***          ***          ***

Capture/Escape Rate Coefficients:

   T(K)           W1           P1           P2           P3
    290  1.16785e-51  5.11367e-11  1.88022e-10  1.21008e-56
    296  2.73817e-50   5.0866e-11  1.88753e-10  2.26968e-56
    370  5.07931e-37  4.78749e-11  1.97281e-10  1.02891e-52
    407  3.49174e-32  4.66354e-11  2.01215e-10  1.04703e-50
    474  2.47236e-25  4.47881e-11  2.07824e-10  7.28769e-47
    513  3.64402e-22  4.39137e-11  2.11392e-10  1.19635e-44
    539  2.63354e-20  4.33995e-11  2.13666e-10  2.98735e-43
    577  6.87821e-18  4.27328e-11  2.16851e-10  2.32618e-41
    700  7.34008e-12  4.10994e-11  2.26165e-10  2.01399e-36
    810  5.07394e-08  4.00917e-11  2.33424e-10  3.55463e-33
    906  1.95408e-05  3.94261e-11  2.39096e-10  5.93908e-31
   1050    0.0188414  3.86629e-11  2.46663e-10  2.39784e-28
   1200      4.09264  3.80621e-11  2.53582e-10  2.87174e-26
   1350      263.107  3.75937e-11  2.59714e-10  1.24631e-24
   1525      11744.6  3.71668e-11  2.66071e-10  4.15582e-23
   1700       234818  3.68358e-11  2.71731e-10  6.99143e-22
   1900  3.58891e+06  3.65441e-11  2.77507e-10  9.65421e-21
   2000  1.13535e+07  3.64248e-11   2.8016e-10  2.98265e-20
   2200  8.20182e+07  3.62259e-11  2.85072e-10  2.13543e-19
   2900  8.97766e+09  3.57643e-11  2.99144e-10  2.82677e-17

______________________________________________________________________________________

Pressure-Species Rate Tables:

   Temperature = 290 K

   P(atm)       W1->P1       W1->P2       W1->P3         W1->
      0.5  1.15953e-51  4.04043e-61  4.00418e-67  1.15953e-51
        1  1.16376e-51  7.64915e-61  4.00494e-67  1.16376e-51
    O-O  1.16785e-51  1.89521e-60  1.08661e-63  1.16785e-51

   Temperature = 296 K

   P(atm)       W1->P1       W1->P2       W1->P3         W1->
      0.5   2.7163e-50  1.33471e-59  7.87951e-66   2.7163e-50
        1  2.72733e-50  2.55051e-59  7.88161e-66  2.72733e-50
    O-O  2.73817e-50  6.47761e-59   9.0743e-63  2.73817e-50

   Temperature = 370 K

   P(atm)       W1->P1       W1->P2       W1->P3         W1->
      0.5  4.94026e-37  6.19584e-45  2.56646e-53  4.94026e-37
        1   5.0043e-37  1.31179e-44  2.59291e-53   5.0043e-37
    O-O  5.07931e-37  4.60852e-44  8.00071e-53  5.07931e-37

   Temperature = 407 K

   P(atm)       W1->P1       W1->P2       W1->P3         W1->
      0.5  3.33438e-32  1.29366e-39  1.02696e-48  3.33438e-32
        1  3.40313e-32  2.86115e-39  1.06776e-48  3.40313e-32
    O-O  3.49174e-32  1.19725e-38  1.61323e-48  3.49174e-32

   Temperature = 474 K

   P(atm)       W1->P1       W1->P2       W1->P3         W1->
      0.5   2.2401e-25  4.06085e-32  5.26492e-42   2.2401e-25
        1  2.33095e-25   9.6011e-32  6.22547e-42  2.33095e-25
    O-O  2.47235e-25  5.58815e-31    2.033e-41  2.47236e-25

   Temperature = 513 K

   P(atm)       W1->P1       W1->P2       W1->P3         W1->
      0.5  3.16109e-22  1.13973e-28  8.07793e-39  3.16109e-22
        1  3.33674e-22  2.78426e-28  1.05679e-38  3.33674e-22
    O-O    3.644e-22  1.97611e-27  1.07799e-37  3.64402e-22

   Temperature = 539 K

   P(atm)       W1->P1       W1->P2       W1->P3         W1->
      0.5  2.20682e-20  1.18069e-26  6.23497e-37  2.20682e-20
        1  2.35423e-20  2.94243e-26  8.73717e-37  2.35424e-20
    O-O  2.63352e-20     2.39e-25  2.07144e-35  2.63354e-20

   Temperature = 577 K

   P(atm)       W1->P1       W1->P2       W1->P3         W1->
      0.5  5.43613e-18  4.81774e-24  1.83256e-34  5.43614e-18
        1  5.89637e-18  1.23266e-23  2.83123e-34  5.89638e-18
    O-O  6.87809e-18    1.222e-22  2.29495e-32  6.87821e-18

   Temperature = 700 K

   P(atm)       W1->P1       W1->P2       W1->P3         W1->
      0.5  4.51522e-12  1.35268e-17  2.80943e-28  4.51524e-12
        1  5.19449e-12  3.70307e-17  5.72227e-28  5.19453e-12
    O-O  7.33938e-12  7.09373e-16  1.51031e-24  7.34008e-12

   Temperature = 810 K

   P(atm)       W1->P1       W1->P2       W1->P3         W1->
      0.5   2.3318e-08  1.47895e-13  2.39077e-24  2.33182e-08
        1  2.82945e-08  4.23223e-13  5.94188e-24  2.82949e-08
    O-O  5.07247e-08   1.4767e-11  1.83777e-19  5.07394e-08

   Temperature = 906 K

   P(atm)       W1->P1       W1->P2       W1->P3         W1->
      0.5  6.69027e-06  6.99478e-11  1.01396e-21  6.69034e-06
        1  8.48201e-06  2.06223e-10  2.91456e-21  8.48221e-06
    O-O  1.95286e-05  1.21593e-08  5.32696e-16  1.95408e-05

   Temperature = 1050 K

   P(atm)       W1->P1       W1->P2       W1->P3         W1->
      0.5   0.00394214  7.35189e-08  1.01157e-18   0.00394222
        1   0.00530278  2.24202e-07  3.48892e-18   0.00530301
    O-O    0.0188125  2.89363e-05  5.79831e-12    0.0188414

   Temperature = 1200 K

   P(atm)       W1->P1       W1->P2       W1->P3         W1->
      0.5     0.490303  1.45122e-05  2.07384e-16     0.490317
        1     0.695539  4.54009e-05  8.36945e-16     0.695585
    O-O      4.07953    0.0131126  9.14492e-09      4.09264

   Temperature = 1350 K

   P(atm)       W1->P1       W1->P2       W1->P3         W1->
      0.5      17.5406  0.000751413  1.19186e-14      17.5414
        1      26.0385    0.0023942  5.49589e-14      26.0409
    O-O      261.584      1.52334  2.90525e-06      263.107

   Temperature = 1525 K

   P(atm)       W1->P1       W1->P2       W1->P3         W1->
      0.5      387.147    0.0235949  4.54063e-13       387.17
        1      600.993    0.0763281  2.38858e-12      601.069
    O-O      11625.3       119.28  0.000592012      11744.6

   Temperature = 1700 K

   P(atm)       W1->P1       W1->P2       W1->P3         W1->
      0.5      3786.37     0.309511  7.76026e-12      3786.68
        1      6102.89      1.01149  4.54404e-11      6103.91
    O-O       231035       3782.7    0.0412195       234818

   Temperature = 1900 K

   P(atm)       W1->P1       W1->P2       W1->P3         W1->
      0.5      25527.1      2.77136  1.02552e-10      25529.9
        1      42643.4       9.1225  6.55738e-10      42652.5
    O-O  3.49946e+06        89444      2.05661  3.58891e+06

   Temperature = 2000 K

   P(atm)       W1->P1       W1->P2       W1->P3         W1->
      0.5      53932.4      6.64269   3.0844e-10      53939.1
        1      91467.3      21.9036  2.02708e-09      91489.2
    O-O  1.10114e+07       342029       10.895  1.13535e+07

   Temperature = 2200 K

   P(atm)       W1->P1       W1->P2       W1->P3         W1->
      0.5       175931      27.2115  2.07927e-09       175958
        1       306299      89.8442  1.40516e-08       306389
    O-O  7.85686e+07  3.44943e+06      195.683  8.20182e+07

   Temperature = 2900 K

   P(atm)       W1->P1       W1->P2       W1->P3         W1->
      0.5  1.67388e+06      484.293  2.57733e-07  1.67436e+06
        1  3.07927e+06      1569.18  1.54993e-06  3.08084e+06
    O-O  8.10432e+09  8.73127e+08       219269  8.97766e+09

   Temperature = 290 K

   P(atm)       P1->W1       P1->P2       P1->P3         P1->
      0.5  5.07726e-11  6.52605e-20  7.44902e-30  5.07726e-11
        1  5.09574e-11  4.94606e-20  4.13157e-30  5.09574e-11
    O-O  5.11367e-11          ***          ***  5.11367e-11

   Temperature = 296 K

   P(atm)       P1->W1       P1->P2       P1->P3         P1->
      0.5  5.04597e-11  9.54853e-20  8.92303e-30  5.04597e-11
        1  5.06646e-11  7.29024e-20  5.02084e-30  5.06646e-11
    O-O   5.0866e-11          ***          ***   5.0866e-11

   Temperature = 370 K

   P(atm)       P1->W1       P1->P2       P1->P3         P1->
      0.5  4.65643e-11  3.75716e-18  8.55432e-29  4.65643e-11
        1  4.71679e-11  3.10486e-18  6.06182e-29  4.71679e-11
    O-O  4.78749e-11          ***          ***  4.78749e-11

   Temperature = 407 K

   P(atm)       P1->W1       P1->P2       P1->P3         P1->
      0.5  4.45337e-11   1.4252e-17  2.71684e-28  4.45338e-11
        1   4.5452e-11   1.2159e-17  2.17206e-28   4.5452e-11
    O-O  4.66354e-11          ***          ***  4.66354e-11

   Temperature = 474 K

   P(atm)       P1->W1       P1->P2       P1->P3         P1->
      0.5  4.05808e-11  9.37872e-17   2.6996e-27  4.05809e-11
        1  4.22265e-11  8.37549e-17  2.52571e-27  4.22266e-11
    O-O  4.47881e-11          ***          ***  4.47881e-11

   Temperature = 513 K

   P(atm)       P1->W1       P1->P2       P1->P3         P1->
      0.5  3.80942e-11  2.24166e-16  1.19238e-26  3.80944e-11
        1  4.02109e-11  2.04359e-16  1.16242e-26  4.02111e-11
    O-O  4.39137e-11          ***          ***  4.39137e-11

   Temperature = 539 K

   P(atm)       P1->W1       P1->P2       P1->P3         P1->
      0.5  3.63677e-11  3.73966e-16  3.27857e-26  3.63681e-11
        1   3.8797e-11  3.44951e-16  3.23744e-26  3.87973e-11
    O-O  4.33995e-11          ***          ***  4.33995e-11

   Temperature = 577 K

   P(atm)       P1->W1       P1->P2       P1->P3         P1->
      0.5  3.37741e-11   7.2824e-16  1.39647e-25  3.37748e-11
        1  3.66335e-11  6.81623e-16  1.39031e-25  3.66342e-11
    O-O  4.27328e-11          ***          ***  4.27328e-11

   Temperature = 700 K

   P(atm)       P1->W1       P1->P2       P1->P3         P1->
      0.5  2.52845e-11  3.88757e-15  8.28392e-24  2.52884e-11
        1  2.90883e-11  3.75612e-15  8.28242e-24  2.90921e-11
    O-O  4.10994e-11          ***          ***  4.10994e-11

   Temperature = 810 K

   P(atm)       P1->W1       P1->P2       P1->P3         P1->
      0.5  1.84299e-11  1.15124e-14  1.41404e-22  1.84415e-11
        1  2.23633e-11  1.12953e-14  1.41402e-22  2.23746e-11
    O-O  4.00917e-11          ***          ***  4.00917e-11

   Temperature = 906 K

   P(atm)       P1->W1       P1->P2       P1->P3         P1->
      0.5  1.35067e-11  2.42789e-14  1.04092e-21   1.3531e-11
        1  1.71241e-11  2.40046e-14  1.04093e-21  1.71481e-11
    O-O  3.94261e-11          ***          ***  3.94261e-11

   Temperature = 1050 K

   P(atm)       P1->W1       P1->P2       P1->P3         P1->
      0.5  8.10144e-12  5.88137e-14  1.14234e-20  8.16025e-12
        1  1.08979e-11  5.85055e-14  1.14235e-20  1.09564e-11
    O-O  3.86629e-11          ***          ***  3.86629e-11

   Temperature = 1200 K

   P(atm)       P1->W1       P1->P2       P1->P3         P1->
      0.5  4.57396e-12  1.20604e-13  8.08619e-20  4.69457e-12
        1  6.48887e-12  1.20318e-13  8.08622e-20  6.60919e-12
    O-O  3.80621e-11          ***          ***  3.80621e-11

   Temperature = 1350 K

   P(atm)       P1->W1       P1->P2       P1->P3         P1->
      0.5  2.52001e-12  2.14662e-13  3.90627e-19  2.73467e-12
        1  3.74124e-12  2.14429e-13  3.90628e-19  3.95567e-12
    O-O  3.75937e-11          ***          ***  3.75937e-11

   Temperature = 1525 K

   P(atm)       P1->W1       P1->P2       P1->P3         P1->
      0.5  1.23653e-12  3.70779e-13  1.74115e-18  1.60731e-12
        1  1.92002e-12  3.70614e-13  1.74115e-18  2.29064e-12
    O-O  3.71668e-11          ***          ***  3.71668e-11

   Temperature = 1700 K

   P(atm)       P1->W1       P1->P2       P1->P3         P1->
      0.5  6.02244e-13   5.8029e-13  5.93397e-18  1.18254e-12
        1  9.71215e-13  5.80182e-13  5.93398e-18   1.5514e-12
    O-O  3.68358e-11          ***          ***  3.68358e-11

   Temperature = 1900 K

   P(atm)       P1->W1       P1->P2       P1->P3         P1->
      0.5  2.64919e-13  8.86024e-13  1.89452e-17  1.15096e-12
        1  4.43063e-13  8.85962e-13  1.89452e-17  1.32904e-12
    O-O  3.65441e-11          ***          ***  3.65441e-11

   Temperature = 2000 K

   P(atm)       P1->W1       P1->P2       P1->P3         P1->
      0.5  1.76593e-13  1.06474e-12   3.1401e-17  1.24137e-12
        1  3.00015e-13   1.0647e-12  3.14011e-17  1.36474e-12
    O-O  3.64248e-11          ***          ***  3.64248e-11

   Temperature = 2200 K

   P(atm)       P1->W1       P1->P2       P1->P3         P1->
      0.5  7.92165e-14  1.47086e-12  7.65968e-17  1.55016e-12
        1  1.38385e-13  1.47084e-12  7.65969e-17   1.6093e-12
    O-O  3.62259e-11          ***          ***  3.62259e-11

   Temperature = 2900 K

   P(atm)       P1->W1       P1->P2       P1->P3         P1->
      0.5  5.93128e-15  3.30805e-12  7.43092e-16  3.31472e-12
        1   1.1108e-14  3.30804e-12  7.43092e-16   3.3199e-12
    O-O  3.57643e-11          ***          ***  3.57643e-11

   Temperature = 290 K

   P(atm)       P2->W1       P2->P1       P2->P3         P2->
      0.5  4.00847e-11  1.47862e-10  1.99559e-25  1.87947e-10
        1  7.58865e-11  1.12064e-10  1.62274e-25   1.8795e-10
    O-O  1.88022e-10          ***          ***  1.88022e-10

   Temperature = 296 K

   P(atm)       P2->W1       P2->P1       P2->P3         P2->
      0.5  3.88925e-11  1.49779e-10  2.22896e-25  1.88671e-10
        1  7.43201e-11  1.14355e-10  1.83502e-25  1.88675e-10
    O-O  1.88753e-10          ***          ***  1.88753e-10

   Temperature = 370 K

   P(atm)       P2->W1       P2->P1       P2->P3         P2->
      0.5  2.65231e-11   1.7064e-10  1.11045e-24  1.97163e-10
        1  5.61549e-11  1.41014e-10  1.03258e-24  1.97169e-10
    O-O  1.97281e-10          ***          ***  1.97281e-10

   Temperature = 407 K

   P(atm)       P2->W1       P2->P1       P2->P3         P2->
      0.5  2.17419e-11  1.79341e-10  3.03993e-24  2.01083e-10
        1  4.80859e-11  1.53004e-10  2.92788e-24   2.0109e-10
    O-O  2.01215e-10          ***          ***  2.01215e-10

   Temperature = 474 K

   P(atm)       P2->W1       P2->P1       P2->P3         P2->
      0.5  1.51023e-11  1.92539e-10  2.39549e-23  2.07641e-10
        1  3.57066e-11  1.71943e-10  2.37131e-23   2.0765e-10
    O-O  2.07824e-10          ***          ***  2.07824e-10

   Temperature = 513 K

   P(atm)       P2->W1       P2->P1       P2->P3         P2->
      0.5  1.21921e-11  1.98987e-10  8.07119e-23  2.11179e-10
        1  2.97842e-11  1.81404e-10  8.02986e-23  2.11188e-10
    O-O  2.11392e-10          ***          ***  2.11392e-10

   Temperature = 539 K

   P(atm)       P2->W1       P2->P1       P2->P3         P2->
      0.5  1.05554e-11  2.02872e-10  1.75822e-22  2.13427e-10
        1  2.63053e-11  1.87131e-10  1.75212e-22  2.13436e-10
    O-O  2.13666e-10          ***          ***  2.13666e-10

   Temperature = 577 K

   P(atm)       P2->W1       P2->P1       P2->P3         P2->
      0.5  8.54934e-12  2.08003e-10  5.15487e-22  2.16552e-10
        1  2.18743e-11  1.94688e-10  5.14374e-22  2.16562e-10
    O-O  2.16851e-10          ***          ***  2.16851e-10

   Temperature = 700 K

   P(atm)       P2->W1       P2->P1       P2->P3         P2->
      0.5  4.31264e-12  2.21336e-10  9.83912e-21  2.25649e-10
        1  1.18062e-11  2.13852e-10  9.83146e-21  2.25658e-10
    O-O  2.26165e-10          ***          ***  2.26165e-10

   Temperature = 810 K

   P(atm)       P2->W1       P2->P1       P2->P3         P2->
      0.5  2.33779e-12  2.30243e-10  7.73096e-20  2.32581e-10
        1  6.68996e-12    2.259e-10   7.7277e-20   2.3259e-10
    O-O  2.33424e-10          ***          ***  2.33424e-10

   Temperature = 906 K

   P(atm)       P2->W1       P2->P1       P2->P3         P2->
      0.5  1.37541e-12  2.36473e-10  3.37825e-19  2.37848e-10
        1  4.05508e-12  2.33801e-10  3.37734e-19  2.37856e-10
    O-O  2.39096e-10          ***          ***  2.39096e-10

   Temperature = 1050 K

   P(atm)       P2->W1       P2->P1       P2->P3         P2->
      0.5  6.26675e-13  2.43945e-10  2.05376e-18  2.44571e-10
        1  1.91113e-12  2.42667e-10  2.05346e-18  2.44578e-10
    O-O  2.46663e-10          ***          ***  2.46663e-10

   Temperature = 1200 K

   P(atm)       P2->W1       P2->P1       P2->P3         P2->
      0.5  2.80612e-13  2.49982e-10  9.27861e-18  2.50262e-10
        1  8.77925e-13  2.49389e-10  9.27784e-18  2.50267e-10
    O-O  2.53582e-10          ***          ***  2.53582e-10

   Temperature = 1350 K

   P(atm)       P2->W1       P2->P1       P2->P3         P2->
      0.5  1.28065e-13  2.54655e-10  3.20087e-17  2.54783e-10
        1   4.0809e-13  2.54378e-10  3.20071e-17  2.54786e-10
    O-O  2.59714e-10          ***          ***  2.59714e-10

   Temperature = 1525 K

   P(atm)       P2->W1       P2->P1       P2->P3         P2->
      0.5  5.25806e-14  2.58698e-10  1.05972e-16  2.58751e-10
        1  1.70138e-13  2.58583e-10   1.0597e-16  2.58753e-10
    O-O  2.66071e-10          ***          ***  2.66071e-10

   Temperature = 1700 K

   P(atm)       P2->W1       P2->P1       P2->P3         P2->
      0.5  2.21805e-14  2.61451e-10  2.87866e-16  2.61474e-10
        1  7.25246e-14  2.61403e-10  2.87862e-16  2.61475e-10
    O-O  2.71731e-10          ***          ***  2.71731e-10

   Temperature = 1900 K

   P(atm)       P2->W1       P2->P1       P2->P3         P2->
      0.5  8.54496e-15   2.6324e-10  7.52622e-16  2.63249e-10
        1    2.816e-14  2.63221e-10  7.52615e-16   2.6325e-10
    O-O  2.77507e-10          ***          ***  2.77507e-10

   Temperature = 2000 K

   P(atm)       P2->W1       P2->P1       P2->P3         P2->
      0.5  5.38589e-15  2.63654e-10  1.14894e-15   2.6366e-10
        1  1.77902e-14  2.63642e-10  1.14893e-15  2.63661e-10
    O-O   2.8016e-10          ***          ***   2.8016e-10

   Temperature = 2200 K

   P(atm)       P2->W1       P2->P1       P2->P3         P2->
      0.5  2.19616e-15  2.63639e-10  2.44125e-15  2.63644e-10
        1  7.27562e-15  2.63635e-10  2.44124e-15  2.63644e-10
    O-O  2.85072e-10          ***          ***  2.85072e-10

   Temperature = 2900 K

   P(atm)       P2->W1       P2->P1       P2->P3         P2->
      0.5   1.3323e-16  2.56827e-10  1.73796e-14  2.56844e-10
        1  4.39472e-16  2.56827e-10  1.73796e-14  2.56845e-10
    O-O  2.99144e-10          ***          ***  2.99144e-10

   Temperature = 290 K

   P(atm)       P3->W1       P3->P1       P3->P2         P3->
      0.5   4.4592e-60  1.89451e-63  2.24008e-68  4.46109e-60
        1  4.46004e-60  1.05078e-63  1.82154e-68  4.46109e-60
    O-O  1.21008e-56          ***          ***  1.21008e-56

   Temperature = 296 K

   P(atm)       P3->W1       P3->P1       P3->P2         P3->
      0.5  1.97084e-59  1.20143e-62  1.91327e-67  1.97204e-59
        1  1.97137e-59  6.76024e-63  1.57512e-67  1.97204e-59
    O-O  2.26968e-56          ***          ***  2.26968e-56

   Temperature = 370 K

   P(atm)       P3->W1       P3->P1       P3->P2         P3->
      0.5  3.30053e-53  1.16716e-54  3.33597e-58  3.41727e-53
        1  3.33454e-53  8.27082e-55  3.10205e-58  3.41727e-53
    O-O  1.02891e-52          ***          ***  1.02891e-52

   Temperature = 407 K

   P(atm)       P3->W1       P3->P1       P3->P2         P3->
      0.5  6.66526e-51  1.32024e-51  1.17395e-54  7.98668e-51
        1  6.93004e-51  1.05551e-51  1.13068e-54  7.98668e-51
    O-O  1.04703e-50          ***          ***  1.04703e-50

   Temperature = 474 K

   P(atm)       P3->W1       P3->P1       P3->P2         P3->
      0.5  1.88732e-47  5.34195e-47  2.30898e-49  7.25236e-47
        1  2.23165e-47  4.99785e-47  2.28567e-49  7.25236e-47
    O-O  7.28769e-47          ***          ***  7.28769e-47

   Temperature = 513 K

   P(atm)       P3->W1       P3->P1       P3->P2         P3->
      0.5  8.96486e-46  1.09808e-44  8.37346e-47  1.19611e-44
        1  1.17282e-45  1.07049e-44  8.33059e-47  1.19611e-44
    O-O  1.19635e-44          ***          ***  1.19635e-44

   Temperature = 539 K

   P(atm)       P3->W1       P3->P1       P3->P2         P3->
      0.5  8.99182e-45  2.86912e-43  2.83628e-45   2.9874e-43
        1  1.26004e-44  2.83313e-43  2.82644e-45   2.9874e-43
    O-O  2.98735e-43          ***          ***  2.98735e-43

   Temperature = 577 K

   P(atm)       P3->W1       P3->P1       P3->P2         P3->
      0.5   1.8575e-43  2.27829e-41  2.94442e-43  2.32631e-41
        1  2.86976e-43  2.26823e-41  2.93806e-43  2.32631e-41
    O-O  2.32618e-41          ***          ***  2.32618e-41

   Temperature = 700 K

   P(atm)       P3->W1       P3->P1       P3->P2         P3->
      0.5  3.74635e-40  1.97265e-36  4.11526e-38  2.01418e-36
        1  7.63061e-40   1.9723e-36  4.11205e-38  2.01418e-36
    O-O  2.01399e-36          ***          ***  2.01399e-36

   Temperature = 810 K

   P(atm)       P3->W1       P3->P1       P3->P2         P3->
      0.5  4.62422e-38  3.46042e-33  9.45978e-35  3.55506e-33
        1  1.14928e-37  3.46039e-33  9.45579e-35  3.55506e-33
    O-O  3.55463e-33          ***          ***  3.55463e-33

   Temperature = 906 K

   P(atm)       P3->W1       P3->P1       P3->P2         P3->
      0.5  1.13046e-36  5.74838e-31  1.91543e-32  5.93994e-31
        1  3.24945e-36  5.74841e-31  1.91492e-32  5.93994e-31
    O-O  5.93908e-31          ***          ***  5.93908e-31

   Temperature = 1050 K

   P(atm)       P3->W1       P3->P1       P3->P2         P3->
      0.5  4.18307e-35  2.29861e-28  9.96337e-30  2.39825e-28
        1  1.44277e-34  2.29863e-28   9.9619e-30  2.39825e-28
    O-O  2.39784e-28          ***          ***  2.39784e-28

   Temperature = 1200 K

   P(atm)       P3->W1       P3->P1       P3->P2         P3->
      0.5  6.51157e-34  2.72161e-26  1.50667e-27  2.87228e-26
        1  2.62801e-33  2.72162e-26  1.50655e-27  2.87228e-26
    O-O  2.87174e-26          ***          ***  2.87174e-26

   Temperature = 1350 K

   P(atm)       P3->W1       P3->P1       P3->P2         P3->
      0.5  5.11115e-33  1.16601e-24  8.05399e-26  1.24655e-24
        1  2.35709e-32  1.16601e-24  8.05359e-26  1.24655e-24
    O-O  1.24631e-24          ***          ***  1.24631e-24

   Temperature = 1525 K

   P(atm)       P3->W1       P3->P1       P3->P2         P3->
      0.5  3.18435e-32  3.82306e-23  3.33495e-24  4.15656e-23
        1  1.67553e-31  3.82307e-23  3.33486e-24  4.15656e-23
    O-O  4.15582e-23          ***          ***  4.15582e-23

   Temperature = 1700 K

   P(atm)       P3->W1       P3->P1       P3->P2         P3->
      0.5   1.3131e-31  6.31272e-22  6.79698e-23  6.99242e-22
        1  7.69296e-31  6.31274e-22  6.79688e-23  6.99242e-22
    O-O  6.99143e-22          ***          ***  6.99143e-22

   Temperature = 1900 K

   P(atm)       P3->W1       P3->P1       P3->P2         P3->
      0.5  4.78412e-31  8.51622e-21  1.13873e-21  9.65494e-21
        1  3.06261e-30  8.51623e-21  1.13872e-21  9.65494e-21
    O-O  9.65421e-21          ***          ***  9.65421e-21

   Temperature = 2000 K

   P(atm)       P3->W1       P3->P1       P3->P2         P3->
      0.5  8.35826e-31  2.59875e-20  3.83996e-21  2.98275e-20
        1   5.5026e-30  2.59875e-20  3.83993e-21  2.98275e-20
    O-O  2.98265e-20          ***          ***  2.98265e-20

   Temperature = 2200 K

   P(atm)       P3->W1       P3->P1       P3->P2         P3->
      0.5   2.2159e-30  1.81291e-19  3.22359e-20  2.13526e-19
        1  1.50256e-29  1.81291e-19  3.22358e-20  2.13526e-19
    O-O  2.13543e-19          ***          ***  2.13543e-19

   Temperature = 2900 K

   P(atm)       P3->W1       P3->P1       P3->P2         P3->
      0.5  2.66793e-29  2.17081e-17  6.53959e-18  2.82477e-17
        1  1.63336e-28  2.17081e-17  6.53958e-18  2.82477e-17
    O-O  2.82677e-17          ***          ***  2.82677e-17

______________________________________________________________________________________

Temperature-Species Rate Tables:

   Pressure = 0.5 atm

   T(K)       W1->P1       W1->P2       W1->P3         W1->      Capture
    290  1.15953e-51  4.04043e-61  4.00418e-67  1.15953e-51  1.16785e-51
    296   2.7163e-50  1.33471e-59  7.87951e-66   2.7163e-50  2.73817e-50
    370  4.94026e-37  6.19584e-45  2.56646e-53  4.94026e-37  5.07931e-37
    407  3.33438e-32  1.29366e-39  1.02696e-48  3.33438e-32  3.49174e-32
    474   2.2401e-25  4.06085e-32  5.26492e-42   2.2401e-25  2.47236e-25
    513  3.16109e-22  1.13973e-28  8.07793e-39  3.16109e-22  3.64402e-22
    539  2.20682e-20  1.18069e-26  6.23497e-37  2.20682e-20  2.63354e-20
    577  5.43613e-18  4.81774e-24  1.83256e-34  5.43614e-18  6.87821e-18
    700  4.51522e-12  1.35268e-17  2.80943e-28  4.51524e-12  7.34008e-12
    810   2.3318e-08  1.47895e-13  2.39077e-24  2.33182e-08  5.07394e-08
    906  6.69027e-06  6.99478e-11  1.01396e-21  6.69034e-06  1.95408e-05
   1050   0.00394214  7.35189e-08  1.01157e-18   0.00394222    0.0188414
   1200     0.490303  1.45122e-05  2.07384e-16     0.490317      4.09264
   1350      17.5406  0.000751413  1.19186e-14      17.5414      263.107
   1525      387.147    0.0235949  4.54063e-13       387.17      11744.6
   1700      3786.37     0.309511  7.76026e-12      3786.68       234818
   1900      25527.1      2.77136  1.02552e-10      25529.9  3.58891e+06
   2000      53932.4      6.64269   3.0844e-10      53939.1  1.13535e+07
   2200       175931      27.2115  2.07927e-09       175958  8.20182e+07
   2900  1.67388e+06      484.293  2.57733e-07  1.67436e+06  8.97766e+09

   Pressure = 1 atm

   T(K)       W1->P1       W1->P2       W1->P3         W1->      Capture
    290  1.16376e-51  7.64915e-61  4.00494e-67  1.16376e-51  1.16785e-51
    296  2.72733e-50  2.55051e-59  7.88161e-66  2.72733e-50  2.73817e-50
    370   5.0043e-37  1.31179e-44  2.59291e-53   5.0043e-37  5.07931e-37
    407  3.40313e-32  2.86115e-39  1.06776e-48  3.40313e-32  3.49174e-32
    474  2.33095e-25   9.6011e-32  6.22547e-42  2.33095e-25  2.47236e-25
    513  3.33674e-22  2.78426e-28  1.05679e-38  3.33674e-22  3.64402e-22
    539  2.35423e-20  2.94243e-26  8.73717e-37  2.35424e-20  2.63354e-20
    577  5.89637e-18  1.23266e-23  2.83123e-34  5.89638e-18  6.87821e-18
    700  5.19449e-12  3.70307e-17  5.72227e-28  5.19453e-12  7.34008e-12
    810  2.82945e-08  4.23223e-13  5.94188e-24  2.82949e-08  5.07394e-08
    906  8.48201e-06  2.06223e-10  2.91456e-21  8.48221e-06  1.95408e-05
   1050   0.00530278  2.24202e-07  3.48892e-18   0.00530301    0.0188414
   1200     0.695539  4.54009e-05  8.36945e-16     0.695585      4.09264
   1350      26.0385    0.0023942  5.49589e-14      26.0409      263.107
   1525      600.993    0.0763281  2.38858e-12      601.069      11744.6
   1700      6102.89      1.01149  4.54404e-11      6103.91       234818
   1900      42643.4       9.1225  6.55738e-10      42652.5  3.58891e+06
   2000      91467.3      21.9036  2.02708e-09      91489.2  1.13535e+07
   2200       306299      89.8442  1.40516e-08       306389  8.20182e+07
   2900  3.07927e+06      1569.18  1.54993e-06  3.08084e+06  8.97766e+09

   Pressure = 0.5 atm

   T(K)       P1->W1       P1->P2       P1->P3         P1->      Capture
    290  5.07726e-11  6.52605e-20  7.44902e-30  5.07726e-11  5.11367e-11
    296  5.04597e-11  9.54853e-20  8.92303e-30  5.04597e-11   5.0866e-11
    370  4.65643e-11  3.75716e-18  8.55432e-29  4.65643e-11  4.78749e-11
    407  4.45337e-11   1.4252e-17  2.71684e-28  4.45338e-11  4.66354e-11
    474  4.05808e-11  9.37872e-17   2.6996e-27  4.05809e-11  4.47881e-11
    513  3.80942e-11  2.24166e-16  1.19238e-26  3.80944e-11  4.39137e-11
    539  3.63677e-11  3.73966e-16  3.27857e-26  3.63681e-11  4.33995e-11
    577  3.37741e-11   7.2824e-16  1.39647e-25  3.37748e-11  4.27328e-11
    700  2.52845e-11  3.88757e-15  8.28392e-24  2.52884e-11  4.10994e-11
    810  1.84299e-11  1.15124e-14  1.41404e-22  1.84415e-11  4.00917e-11
    906  1.35067e-11  2.42789e-14  1.04092e-21   1.3531e-11  3.94261e-11
   1050  8.10144e-12  5.88137e-14  1.14234e-20  8.16025e-12  3.86629e-11
   1200  4.57396e-12  1.20604e-13  8.08619e-20  4.69457e-12  3.80621e-11
   1350  2.52001e-12  2.14662e-13  3.90627e-19  2.73467e-12  3.75937e-11
   1525  1.23653e-12  3.70779e-13  1.74115e-18  1.60731e-12  3.71668e-11
   1700  6.02244e-13   5.8029e-13  5.93397e-18  1.18254e-12  3.68358e-11
   1900  2.64919e-13  8.86024e-13  1.89452e-17  1.15096e-12  3.65441e-11
   2000  1.76593e-13  1.06474e-12   3.1401e-17  1.24137e-12  3.64248e-11
   2200  7.92165e-14  1.47086e-12  7.65968e-17  1.55016e-12  3.62259e-11
   2900  5.93128e-15  3.30805e-12  7.43092e-16  3.31472e-12  3.57643e-11

   Pressure = 1 atm

   T(K)       P1->W1       P1->P2       P1->P3         P1->      Capture
    290  5.09574e-11  4.94606e-20  4.13157e-30  5.09574e-11  5.11367e-11
    296  5.06646e-11  7.29024e-20  5.02084e-30  5.06646e-11   5.0866e-11
    370  4.71679e-11  3.10486e-18  6.06182e-29  4.71679e-11  4.78749e-11
    407   4.5452e-11   1.2159e-17  2.17206e-28   4.5452e-11  4.66354e-11
    474  4.22265e-11  8.37549e-17  2.52571e-27  4.22266e-11  4.47881e-11
    513  4.02109e-11  2.04359e-16  1.16242e-26  4.02111e-11  4.39137e-11
    539   3.8797e-11  3.44951e-16  3.23744e-26  3.87973e-11  4.33995e-11
    577  3.66335e-11  6.81623e-16  1.39031e-25  3.66342e-11  4.27328e-11
    700  2.90883e-11  3.75612e-15  8.28242e-24  2.90921e-11  4.10994e-11
    810  2.23633e-11  1.12953e-14  1.41402e-22  2.23746e-11  4.00917e-11
    906  1.71241e-11  2.40046e-14  1.04093e-21  1.71481e-11  3.94261e-11
   1050  1.08979e-11  5.85055e-14  1.14235e-20  1.09564e-11  3.86629e-11
   1200  6.48887e-12  1.20318e-13  8.08622e-20  6.60919e-12  3.80621e-11
   1350  3.74124e-12  2.14429e-13  3.90628e-19  3.95567e-12  3.75937e-11
   1525  1.92002e-12  3.70614e-13  1.74115e-18  2.29064e-12  3.71668e-11
   1700  9.71215e-13  5.80182e-13  5.93398e-18   1.5514e-12  3.68358e-11
   1900  4.43063e-13  8.85962e-13  1.89452e-17  1.32904e-12  3.65441e-11
   2000  3.00015e-13   1.0647e-12  3.14011e-17  1.36474e-12  3.64248e-11
   2200  1.38385e-13  1.47084e-12  7.65969e-17   1.6093e-12  3.62259e-11
   2900   1.1108e-14  3.30804e-12  7.43092e-16   3.3199e-12  3.57643e-11

   Pressure = 0.5 atm

   T(K)       P2->W1       P2->P1       P2->P3         P2->      Capture
    290  4.00847e-11  1.47862e-10  1.99559e-25  1.87947e-10  1.88022e-10
    296  3.88925e-11  1.49779e-10  2.22896e-25  1.88671e-10  1.88753e-10
    370  2.65231e-11   1.7064e-10  1.11045e-24  1.97163e-10  1.97281e-10
    407  2.17419e-11  1.79341e-10  3.03993e-24  2.01083e-10  2.01215e-10
    474  1.51023e-11  1.92539e-10  2.39549e-23  2.07641e-10  2.07824e-10
    513  1.21921e-11  1.98987e-10  8.07119e-23  2.11179e-10  2.11392e-10
    539  1.05554e-11  2.02872e-10  1.75822e-22  2.13427e-10  2.13666e-10
    577  8.54934e-12  2.08003e-10  5.15487e-22  2.16552e-10  2.16851e-10
    700  4.31264e-12  2.21336e-10  9.83912e-21  2.25649e-10  2.26165e-10
    810  2.33779e-12  2.30243e-10  7.73096e-20  2.32581e-10  2.33424e-10
    906  1.37541e-12  2.36473e-10  3.37825e-19  2.37848e-10  2.39096e-10
   1050  6.26675e-13  2.43945e-10  2.05376e-18  2.44571e-10  2.46663e-10
   1200  2.80612e-13  2.49982e-10  9.27861e-18  2.50262e-10  2.53582e-10
   1350  1.28065e-13  2.54655e-10  3.20087e-17  2.54783e-10  2.59714e-10
   1525  5.25806e-14  2.58698e-10  1.05972e-16  2.58751e-10  2.66071e-10
   1700  2.21805e-14  2.61451e-10  2.87866e-16  2.61474e-10  2.71731e-10
   1900  8.54496e-15   2.6324e-10  7.52622e-16  2.63249e-10  2.77507e-10
   2000  5.38589e-15  2.63654e-10  1.14894e-15   2.6366e-10   2.8016e-10
   2200  2.19616e-15  2.63639e-10  2.44125e-15  2.63644e-10  2.85072e-10
   2900   1.3323e-16  2.56827e-10  1.73796e-14  2.56844e-10  2.99144e-10

   Pressure = 1 atm

   T(K)       P2->W1       P2->P1       P2->P3         P2->      Capture
    290  7.58865e-11  1.12064e-10  1.62274e-25   1.8795e-10  1.88022e-10
    296  7.43201e-11  1.14355e-10  1.83502e-25  1.88675e-10  1.88753e-10
    370  5.61549e-11  1.41014e-10  1.03258e-24  1.97169e-10  1.97281e-10
    407  4.80859e-11  1.53004e-10  2.92788e-24   2.0109e-10  2.01215e-10
    474  3.57066e-11  1.71943e-10  2.37131e-23   2.0765e-10  2.07824e-10
    513  2.97842e-11  1.81404e-10  8.02986e-23  2.11188e-10  2.11392e-10
    539  2.63053e-11  1.87131e-10  1.75212e-22  2.13436e-10  2.13666e-10
    577  2.18743e-11  1.94688e-10  5.14374e-22  2.16562e-10  2.16851e-10
    700  1.18062e-11  2.13852e-10  9.83146e-21  2.25658e-10  2.26165e-10
    810  6.68996e-12    2.259e-10   7.7277e-20   2.3259e-10  2.33424e-10
    906  4.05508e-12  2.33801e-10  3.37734e-19  2.37856e-10  2.39096e-10
   1050  1.91113e-12  2.42667e-10  2.05346e-18  2.44578e-10  2.46663e-10
   1200  8.77925e-13  2.49389e-10  9.27784e-18  2.50267e-10  2.53582e-10
   1350   4.0809e-13  2.54378e-10  3.20071e-17  2.54786e-10  2.59714e-10
   1525  1.70138e-13  2.58583e-10   1.0597e-16  2.58753e-10  2.66071e-10
   1700  7.25246e-14  2.61403e-10  2.87862e-16  2.61475e-10  2.71731e-10
   1900    2.816e-14  2.63221e-10  7.52615e-16   2.6325e-10  2.77507e-10
   2000  1.77902e-14  2.63642e-10  1.14893e-15  2.63661e-10   2.8016e-10
   2200  7.27562e-15  2.63635e-10  2.44124e-15  2.63644e-10  2.85072e-10
   2900  4.39472e-16  2.56827e-10  1.73796e-14  2.56845e-10  2.99144e-10

   Pressure = 0.5 atm

   T(K)       P3->W1       P3->P1       P3->P2         P3->      Capture
    290   4.4592e-60  1.89451e-63  2.24008e-68  4.46109e-60  1.21008e-56
    296  1.97084e-59  1.20143e-62  1.91327e-67  1.97204e-59  2.26968e-56
    370  3.30053e-53  1.16716e-54  3.33597e-58  3.41727e-53  1.02891e-52
    407  6.66526e-51  1.32024e-51  1.17395e-54  7.98668e-51  1.04703e-50
    474  1.88732e-47  5.34195e-47  2.30898e-49  7.25236e-47  7.28769e-47
    513  8.96486e-46  1.09808e-44  8.37346e-47  1.19611e-44  1.19635e-44
    539  8.99182e-45  2.86912e-43  2.83628e-45   2.9874e-43  2.98735e-43
    577   1.8575e-43  2.27829e-41  2.94442e-43  2.32631e-41  2.32618e-41
    700  3.74635e-40  1.97265e-36  4.11526e-38  2.01418e-36  2.01399e-36
    810  4.62422e-38  3.46042e-33  9.45978e-35  3.55506e-33  3.55463e-33
    906  1.13046e-36  5.74838e-31  1.91543e-32  5.93994e-31  5.93908e-31
   1050  4.18307e-35  2.29861e-28  9.96337e-30  2.39825e-28  2.39784e-28
   1200  6.51157e-34  2.72161e-26  1.50667e-27  2.87228e-26  2.87174e-26
   1350  5.11115e-33  1.16601e-24  8.05399e-26  1.24655e-24  1.24631e-24
   1525  3.18435e-32  3.82306e-23  3.33495e-24  4.15656e-23  4.15582e-23
   1700   1.3131e-31  6.31272e-22  6.79698e-23  6.99242e-22  6.99143e-22
   1900  4.78412e-31  8.51622e-21  1.13873e-21  9.65494e-21  9.65421e-21
   2000  8.35826e-31  2.59875e-20  3.83996e-21  2.98275e-20  2.98265e-20
   2200   2.2159e-30  1.81291e-19  3.22359e-20  2.13526e-19  2.13543e-19
   2900  2.66793e-29  2.17081e-17  6.53959e-18  2.82477e-17  2.82677e-17

   Pressure = 1 atm

   T(K)       P3->W1       P3->P1       P3->P2         P3->      Capture
    290  4.46004e-60  1.05078e-63  1.82154e-68  4.46109e-60  1.21008e-56
    296  1.97137e-59  6.76024e-63  1.57512e-67  1.97204e-59  2.26968e-56
    370  3.33454e-53  8.27082e-55  3.10205e-58  3.41727e-53  1.02891e-52
    407  6.93004e-51  1.05551e-51  1.13068e-54  7.98668e-51  1.04703e-50
    474  2.23165e-47  4.99785e-47  2.28567e-49  7.25236e-47  7.28769e-47
    513  1.17282e-45  1.07049e-44  8.33059e-47  1.19611e-44  1.19635e-44
    539  1.26004e-44  2.83313e-43  2.82644e-45   2.9874e-43  2.98735e-43
    577  2.86976e-43  2.26823e-41  2.93806e-43  2.32631e-41  2.32618e-41
    700  7.63061e-40   1.9723e-36  4.11205e-38  2.01418e-36  2.01399e-36
    810  1.14928e-37  3.46039e-33  9.45579e-35  3.55506e-33  3.55463e-33
    906  3.24945e-36  5.74841e-31  1.91492e-32  5.93994e-31  5.93908e-31
   1050  1.44277e-34  2.29863e-28   9.9619e-30  2.39825e-28  2.39784e-28
   1200  2.62801e-33  2.72162e-26  1.50655e-27  2.87228e-26  2.87174e-26
   1350  2.35709e-32  1.16601e-24  8.05359e-26  1.24655e-24  1.24631e-24
   1525  1.67553e-31  3.82307e-23  3.33486e-24  4.15656e-23  4.15582e-23
   1700  7.69296e-31  6.31274e-22  6.79688e-23  6.99242e-22  6.99143e-22
   1900  3.06261e-30  8.51623e-21  1.13872e-21  9.65494e-21  9.65421e-21
   2000   5.5026e-30  2.59875e-20  3.83993e-21  2.98275e-20  2.98265e-20
   2200  1.50256e-29  1.81291e-19  3.22358e-20  2.13526e-19  2.13543e-19
   2900  1.63336e-28  2.17081e-17  6.53958e-18  2.82477e-17  2.82677e-17

______________________________________________________________________________________

Temperature-Pressure Rate Tables:

W1->P1

P\T              290          296          370          407          474          513          539          577          700          810          906         1050         1200         1350         1525         1700         1900         2000         2200         2900
0.5      1.15953e-51   2.7163e-50  4.94026e-37  3.33438e-32   2.2401e-25  3.16109e-22  2.20682e-20  5.43613e-18  4.51522e-12   2.3318e-08  6.69027e-06   0.00394214     0.490303      17.5406      387.147      3786.37      25527.1      53932.4       175931  1.67388e+06
1        1.16376e-51  2.72733e-50   5.0043e-37  3.40313e-32  2.33095e-25  3.33674e-22  2.35423e-20  5.89637e-18  5.19449e-12  2.82945e-08  8.48201e-06   0.00530278     0.695539      26.0385      600.993      6102.89      42643.4      91467.3       306299  3.07927e+06
O-O      1.16785e-51  2.73817e-50  5.07931e-37  3.49174e-32  2.47235e-25    3.644e-22  2.63352e-20  6.87809e-18  7.33938e-12  5.07247e-08  1.95286e-05    0.0188125      4.07953      261.584      11625.3       231035  3.49946e+06  1.10114e+07  7.85686e+07  8.10432e+09

W1->P2

P\T              290          296          370          407          474          513          539          577          700          810          906         1050         1200         1350         1525         1700         1900         2000         2200         2900
0.5      4.04043e-61  1.33471e-59  6.19584e-45  1.29366e-39  4.06085e-32  1.13973e-28  1.18069e-26  4.81774e-24  1.35268e-17  1.47895e-13  6.99478e-11  7.35189e-08  1.45122e-05  0.000751413    0.0235949     0.309511      2.77136      6.64269      27.2115      484.293
1        7.64915e-61  2.55051e-59  1.31179e-44  2.86115e-39   9.6011e-32  2.78426e-28  2.94243e-26  1.23266e-23  3.70307e-17  4.23223e-13  2.06223e-10  2.24202e-07  4.54009e-05    0.0023942    0.0763281      1.01149       9.1225      21.9036      89.8442      1569.18
O-O      1.89521e-60  6.47761e-59  4.60852e-44  1.19725e-38  5.58815e-31  1.97611e-27     2.39e-25    1.222e-22  7.09373e-16   1.4767e-11  1.21593e-08  2.89363e-05    0.0131126      1.52334       119.28       3782.7        89444       342029  3.44943e+06  8.73127e+08

W1->P3

P\T              290          296          370          407          474          513          539          577          700          810          906         1050         1200         1350         1525         1700         1900         2000         2200         2900
0.5      4.00418e-67  7.87951e-66  2.56646e-53  1.02696e-48  5.26492e-42  8.07793e-39  6.23497e-37  1.83256e-34  2.80943e-28  2.39077e-24  1.01396e-21  1.01157e-18  2.07384e-16  1.19186e-14  4.54063e-13  7.76026e-12  1.02552e-10   3.0844e-10  2.07927e-09  2.57733e-07
1        4.00494e-67  7.88161e-66  2.59291e-53  1.06776e-48  6.22547e-42  1.05679e-38  8.73717e-37  2.83123e-34  5.72227e-28  5.94188e-24  2.91456e-21  3.48892e-18  8.36945e-16  5.49589e-14  2.38858e-12  4.54404e-11  6.55738e-10  2.02708e-09  1.40516e-08  1.54993e-06
O-O      1.08661e-63   9.0743e-63  8.00071e-53  1.61323e-48    2.033e-41  1.07799e-37  2.07144e-35  2.29495e-32  1.51031e-24  1.83777e-19  5.32696e-16  5.79831e-12  9.14492e-09  2.90525e-06  0.000592012    0.0412195      2.05661       10.895      195.683       219269

P1->W1

P\T              290          296          370          407          474          513          539          577          700          810          906         1050         1200         1350         1525         1700         1900         2000         2200         2900
0.5      5.07726e-11  5.04597e-11  4.65643e-11  4.45337e-11  4.05808e-11  3.80942e-11  3.63677e-11  3.37741e-11  2.52845e-11  1.84299e-11  1.35067e-11  8.10144e-12  4.57396e-12  2.52001e-12  1.23653e-12  6.02244e-13  2.64919e-13  1.76593e-13  7.92165e-14  5.93128e-15
1        5.09574e-11  5.06646e-11  4.71679e-11   4.5452e-11  4.22265e-11  4.02109e-11   3.8797e-11  3.66335e-11  2.90883e-11  2.23633e-11  1.71241e-11  1.08979e-11  6.48887e-12  3.74124e-12  1.92002e-12  9.71215e-13  4.43063e-13  3.00015e-13  1.38385e-13   1.1108e-14
O-O      5.11367e-11   5.0866e-11  4.78749e-11  4.66354e-11  4.47881e-11  4.39137e-11  4.33995e-11  4.27328e-11  4.10994e-11  4.00917e-11  3.94261e-11  3.86629e-11  3.80621e-11  3.75937e-11  3.71668e-11  3.68358e-11  3.65441e-11  3.64248e-11  3.62259e-11  3.57643e-11

P1->P2

P\T              290          296          370          407          474          513          539          577          700          810          906         1050         1200         1350         1525         1700         1900         2000         2200         2900
0.5      6.52605e-20  9.54853e-20  3.75716e-18   1.4252e-17  9.37872e-17  2.24166e-16  3.73966e-16   7.2824e-16  3.88757e-15  1.15124e-14  2.42789e-14  5.88137e-14  1.20604e-13  2.14662e-13  3.70779e-13   5.8029e-13  8.86024e-13  1.06474e-12  1.47086e-12  3.30805e-12
1        4.94606e-20  7.29024e-20  3.10486e-18   1.2159e-17  8.37549e-17  2.04359e-16  3.44951e-16  6.81623e-16  3.75612e-15  1.12953e-14  2.40046e-14  5.85055e-14  1.20318e-13  2.14429e-13  3.70614e-13  5.80182e-13  8.85962e-13   1.0647e-12  1.47084e-12  3.30804e-12
O-O              ***          ***          ***          ***          ***          ***          ***          ***          ***          ***          ***          ***          ***          ***          ***          ***          ***          ***          ***          ***

P1->P3

P\T              290          296          370          407          474          513          539          577          700          810          906         1050         1200         1350         1525         1700         1900         2000         2200         2900
0.5      7.44902e-30  8.92303e-30  8.55432e-29  2.71684e-28   2.6996e-27  1.19238e-26  3.27857e-26  1.39647e-25  8.28392e-24  1.41404e-22  1.04092e-21  1.14234e-20  8.08619e-20  3.90627e-19  1.74115e-18  5.93397e-18  1.89452e-17   3.1401e-17  7.65968e-17  7.43092e-16
1        4.13157e-30  5.02084e-30  6.06182e-29  2.17206e-28  2.52571e-27  1.16242e-26  3.23744e-26  1.39031e-25  8.28242e-24  1.41402e-22  1.04093e-21  1.14235e-20  8.08622e-20  3.90628e-19  1.74115e-18  5.93398e-18  1.89452e-17  3.14011e-17  7.65969e-17  7.43092e-16
O-O              ***          ***          ***          ***          ***          ***          ***          ***          ***          ***          ***          ***          ***          ***          ***          ***          ***          ***          ***          ***

P2->W1

P\T              290          296          370          407          474          513          539          577          700          810          906         1050         1200         1350         1525         1700         1900         2000         2200         2900
0.5      4.00847e-11  3.88925e-11  2.65231e-11  2.17419e-11  1.51023e-11  1.21921e-11  1.05554e-11  8.54934e-12  4.31264e-12  2.33779e-12  1.37541e-12  6.26675e-13  2.80612e-13  1.28065e-13  5.25806e-14  2.21805e-14  8.54496e-15  5.38589e-15  2.19616e-15   1.3323e-16
1        7.58865e-11  7.43201e-11  5.61549e-11  4.80859e-11  3.57066e-11  2.97842e-11  2.63053e-11  2.18743e-11  1.18062e-11  6.68996e-12  4.05508e-12  1.91113e-12  8.77925e-13   4.0809e-13  1.70138e-13  7.25246e-14    2.816e-14  1.77902e-14  7.27562e-15  4.39472e-16
O-O      1.88022e-10  1.88753e-10  1.97281e-10  2.01215e-10  2.07824e-10  2.11392e-10  2.13666e-10  2.16851e-10  2.26165e-10  2.33424e-10  2.39096e-10  2.46663e-10  2.53582e-10  2.59714e-10  2.66071e-10  2.71731e-10  2.77507e-10   2.8016e-10  2.85072e-10  2.99144e-10

P2->P1

P\T              290          296          370          407          474          513          539          577          700          810          906         1050         1200         1350         1525         1700         1900         2000         2200         2900
0.5      1.47862e-10  1.49779e-10   1.7064e-10  1.79341e-10  1.92539e-10  1.98987e-10  2.02872e-10  2.08003e-10  2.21336e-10  2.30243e-10  2.36473e-10  2.43945e-10  2.49982e-10  2.54655e-10  2.58698e-10  2.61451e-10   2.6324e-10  2.63654e-10  2.63639e-10  2.56827e-10
1        1.12064e-10  1.14355e-10  1.41014e-10  1.53004e-10  1.71943e-10  1.81404e-10  1.87131e-10  1.94688e-10  2.13852e-10    2.259e-10  2.33801e-10  2.42667e-10  2.49389e-10  2.54378e-10  2.58583e-10  2.61403e-10  2.63221e-10  2.63642e-10  2.63635e-10  2.56827e-10
O-O              ***          ***          ***          ***          ***          ***          ***          ***          ***          ***          ***          ***          ***          ***          ***          ***          ***          ***          ***          ***

P2->P3

P\T              290          296          370          407          474          513          539          577          700          810          906         1050         1200         1350         1525         1700         1900         2000         2200         2900
0.5      1.99559e-25  2.22896e-25  1.11045e-24  3.03993e-24  2.39549e-23  8.07119e-23  1.75822e-22  5.15487e-22  9.83912e-21  7.73096e-20  3.37825e-19  2.05376e-18  9.27861e-18  3.20087e-17  1.05972e-16  2.87866e-16  7.52622e-16  1.14894e-15  2.44125e-15  1.73796e-14
1        1.62274e-25  1.83502e-25  1.03258e-24  2.92788e-24  2.37131e-23  8.02986e-23  1.75212e-22  5.14374e-22  9.83146e-21   7.7277e-20  3.37734e-19  2.05346e-18  9.27784e-18  3.20071e-17   1.0597e-16  2.87862e-16  7.52615e-16  1.14893e-15  2.44124e-15  1.73796e-14
O-O              ***          ***          ***          ***          ***          ***          ***          ***          ***          ***          ***          ***          ***          ***          ***          ***          ***          ***          ***          ***

P3->W1

P\T              290          296          370          407          474          513          539          577          700          810          906         1050         1200         1350         1525         1700         1900         2000         2200         2900
0.5       4.4592e-60  1.97084e-59  3.30053e-53  6.66526e-51  1.88732e-47  8.96486e-46  8.99182e-45   1.8575e-43  3.74635e-40  4.62422e-38  1.13046e-36  4.18307e-35  6.51157e-34  5.11115e-33  3.18435e-32   1.3131e-31  4.78412e-31  8.35826e-31   2.2159e-30  2.66793e-29
1        4.46004e-60  1.97137e-59  3.33454e-53  6.93004e-51  2.23165e-47  1.17282e-45  1.26004e-44  2.86976e-43  7.63061e-40  1.14928e-37  3.24945e-36  1.44277e-34  2.62801e-33  2.35709e-32  1.67553e-31  7.69296e-31  3.06261e-30   5.5026e-30  1.50256e-29  1.63336e-28
O-O      1.21008e-56  2.26968e-56  1.02891e-52  1.04703e-50  7.28769e-47  1.19635e-44  2.98735e-43  2.32618e-41  2.01399e-36  3.55463e-33  5.93908e-31  2.39784e-28  2.87174e-26  1.24631e-24  4.15582e-23  6.99143e-22  9.65421e-21  2.98265e-20  2.13543e-19  2.82677e-17

P3->P1

P\T              290          296          370          407          474          513          539          577          700          810          906         1050         1200         1350         1525         1700         1900         2000         2200         2900
0.5      1.89451e-63  1.20143e-62  1.16716e-54  1.32024e-51  5.34195e-47  1.09808e-44  2.86912e-43  2.27829e-41  1.97265e-36  3.46042e-33  5.74838e-31  2.29861e-28  2.72161e-26  1.16601e-24  3.82306e-23  6.31272e-22  8.51622e-21  2.59875e-20  1.81291e-19  2.17081e-17
1        1.05078e-63  6.76024e-63  8.27082e-55  1.05551e-51  4.99785e-47  1.07049e-44  2.83313e-43  2.26823e-41   1.9723e-36  3.46039e-33  5.74841e-31  2.29863e-28  2.72162e-26  1.16601e-24  3.82307e-23  6.31274e-22  8.51623e-21  2.59875e-20  1.81291e-19  2.17081e-17
O-O              ***          ***          ***          ***          ***          ***          ***          ***          ***          ***          ***          ***          ***          ***          ***          ***          ***          ***          ***          ***

P3->P2

P\T              290          296          370          407          474          513          539          577          700          810          906         1050         1200         1350         1525         1700         1900         2000         2200         2900
0.5      2.24008e-68  1.91327e-67  3.33597e-58  1.17395e-54  2.30898e-49  8.37346e-47  2.83628e-45  2.94442e-43  4.11526e-38  9.45978e-35  1.91543e-32  9.96337e-30  1.50667e-27  8.05399e-26  3.33495e-24  6.79698e-23  1.13873e-21  3.83996e-21  3.22359e-20  6.53959e-18
1        1.82154e-68  1.57512e-67  3.10205e-58  1.13068e-54  2.28567e-49  8.33059e-47  2.82644e-45  2.93806e-43  4.11205e-38  9.45579e-35  1.91492e-32   9.9619e-30  1.50655e-27  8.05359e-26  3.33486e-24  6.79688e-23  1.13872e-21  3.83993e-21  3.22358e-20  6.53958e-18
O-O              ***          ***          ***          ***          ***          ***          ***          ***          ***          ***          ***          ***          ***          ***          ***          ***          ***          ***          ***          ***

W1-> 

P\T              290          296          370          407          474          513          539          577          700          810          906         1050         1200         1350         1525         1700         1900         2000         2200         2900
0.5      1.15953e-51   2.7163e-50  4.94026e-37  3.33438e-32   2.2401e-25  3.16109e-22  2.20682e-20  5.43614e-18  4.51524e-12  2.33182e-08  6.69034e-06   0.00394222     0.490317      17.5414       387.17      3786.68      25529.9      53939.1       175958  1.67436e+06
1        1.16376e-51  2.72733e-50   5.0043e-37  3.40313e-32  2.33095e-25  3.33674e-22  2.35424e-20  5.89638e-18  5.19453e-12  2.82949e-08  8.48221e-06   0.00530301     0.695585      26.0409      601.069      6103.91      42652.5      91489.2       306389  3.08084e+06
O-O      1.16785e-51  2.73817e-50  5.07931e-37  3.49174e-32  2.47236e-25  3.64402e-22  2.63354e-20  6.87821e-18  7.34008e-12  5.07394e-08  1.95408e-05    0.0188414      4.09264      263.107      11744.6       234818  3.58891e+06  1.13535e+07  8.20182e+07  8.97766e+09

P1-> 

P\T              290          296          370          407          474          513          539          577          700          810          906         1050         1200         1350         1525         1700         1900         2000         2200         2900
0.5      5.07726e-11  5.04597e-11  4.65643e-11  4.45338e-11  4.05809e-11  3.80944e-11  3.63681e-11  3.37748e-11  2.52884e-11  1.84415e-11   1.3531e-11  8.16025e-12  4.69457e-12  2.73467e-12  1.60731e-12  1.18254e-12  1.15096e-12  1.24137e-12  1.55016e-12  3.31472e-12
1        5.09574e-11  5.06646e-11  4.71679e-11   4.5452e-11  4.22266e-11  4.02111e-11  3.87973e-11  3.66342e-11  2.90921e-11  2.23746e-11  1.71481e-11  1.09564e-11  6.60919e-12  3.95567e-12  2.29064e-12   1.5514e-12  1.32904e-12  1.36474e-12   1.6093e-12   3.3199e-12
O-O      5.11367e-11   5.0866e-11  4.78749e-11  4.66354e-11  4.47881e-11  4.39137e-11  4.33995e-11  4.27328e-11  4.10994e-11  4.00917e-11  3.94261e-11  3.86629e-11  3.80621e-11  3.75937e-11  3.71668e-11  3.68358e-11  3.65441e-11  3.64248e-11  3.62259e-11  3.57643e-11

P2-> 

P\T              290          296          370          407          474          513          539          577          700          810          906         1050         1200         1350         1525         1700         1900         2000         2200         2900
0.5      1.87947e-10  1.88671e-10  1.97163e-10  2.01083e-10  2.07641e-10  2.11179e-10  2.13427e-10  2.16552e-10  2.25649e-10  2.32581e-10  2.37848e-10  2.44571e-10  2.50262e-10  2.54783e-10  2.58751e-10  2.61474e-10  2.63249e-10   2.6366e-10  2.63644e-10  2.56844e-10
1         1.8795e-10  1.88675e-10  1.97169e-10   2.0109e-10   2.0765e-10  2.11188e-10  2.13436e-10  2.16562e-10  2.25658e-10   2.3259e-10  2.37856e-10  2.44578e-10  2.50267e-10  2.54786e-10  2.58753e-10  2.61475e-10   2.6325e-10  2.63661e-10  2.63644e-10  2.56845e-10
O-O      1.88022e-10  1.88753e-10  1.97281e-10  2.01215e-10  2.07824e-10  2.11392e-10  2.13666e-10  2.16851e-10  2.26165e-10  2.33424e-10  2.39096e-10  2.46663e-10  2.53582e-10  2.59714e-10  2.66071e-10  2.71731e-10  2.77507e-10   2.8016e-10  2.85072e-10  2.99144e-10

P3-> 

P\T              290          296          370          407          474          513          539          577          700          810          906         1050         1200         1350         1525         1700         1900         2000         2200         2900
0.5      4.46109e-60  1.97204e-59  3.41727e-53  7.98668e-51  7.25236e-47  1.19611e-44   2.9874e-43  2.32631e-41  2.01418e-36  3.55506e-33  5.93994e-31  2.39825e-28  2.87228e-26  1.24655e-24  4.15656e-23  6.99242e-22  9.65494e-21  2.98275e-20  2.13526e-19  2.82477e-17
1        4.46109e-60  1.97204e-59  3.41727e-53  7.98668e-51  7.25236e-47  1.19611e-44   2.9874e-43  2.32631e-41  2.01418e-36  3.55506e-33  5.93994e-31  2.39825e-28  2.87228e-26  1.24655e-24  4.15656e-23  6.99242e-22  9.65494e-21  2.98275e-20  2.13526e-19  2.82477e-17
O-O      1.21008e-56  2.26968e-56  1.02891e-52  1.04703e-50  7.28769e-47  1.19635e-44  2.98735e-43  2.32618e-41  2.01399e-36  3.55463e-33  5.93908e-31  2.39784e-28  2.87174e-26  1.24631e-24  4.15582e-23  6.99143e-22  9.65421e-21  2.98265e-20  2.13543e-19  2.82677e-17

