Model::init:  starts
   Model::ExponentialKernel::ExponentialKernel:  ... done
   Model::LennardJonesCollision::LennardJonesCollision:  ... done
   WELL: W0
   Model::RRHO::RRHO:  starts
      Model::new_core:  starts
         Model::RigidRotor::RigidRotor:  starts
            molecular geometry will be used to estimate rotational constants
            rotational configuration: nonlinear
            rotational constants[1/cm]:         23.7897       0.601083        0.58627
         Model::RigidRotor::RigidRotor:  done, cpu time[sec] = 0.0037, elapsed time[sec] = 0
      Model::new_core:  done, cpu time[sec] = 0.004501, elapsed time[sec] = 0
      ground state energy, kcal/mol:   0.15
      interpolating states number/density starts
         core state contribution ... done, cpu time[sec] = 0.133362, elapsed time[sec] = 0
         electronic states contribution ... done, cpu time[sec] = 0.012763, elapsed time[sec] = 0
         vibrational modes contribution ... done, cpu time[sec] = 0.027152, elapsed time[sec] = 0
         effective power exponent at 399.849 kcal/mol = 6.36045
      interpolating states number/density done, cpu time[sec] = 1.31787, elapsed time[sec] = 0
   Model::RRHO::RRHO:  done, cpu time[sec] = 1.33823, elapsed time[sec] = 0
   WELL: W1
   Model::RRHO::RRHO:  starts
      Model::new_core:  starts
         Model::RigidRotor::RigidRotor:  starts
            molecular geometry will be used to estimate rotational constants
            rotational configuration: nonlinear
            rotational constants[1/cm]:         2.27757        1.07738         0.7314
         Model::RigidRotor::RigidRotor:  done, cpu time[sec] = 0.012552, elapsed time[sec] = 0
      Model::new_core:  done, cpu time[sec] = 0.035369, elapsed time[sec] = 0
      ground state energy, kcal/mol:   0.19
      interpolating states number/density starts
         core state contribution ... done, cpu time[sec] = 0.122512, elapsed time[sec] = 0
         electronic states contribution ... done, cpu time[sec] = 0.014073, elapsed time[sec] = 0
         vibrational modes contribution ... done, cpu time[sec] = 0.029069, elapsed time[sec] = 0
         effective power exponent at 399.809 kcal/mol = 6.35945
      interpolating states number/density done, cpu time[sec] = 1.21774, elapsed time[sec] = 0
   Model::RRHO::RRHO:  done, cpu time[sec] = 1.2911, elapsed time[sec] = 0
   WELL: W2
   Model::RRHO::RRHO:  starts
      Model::new_core:  starts
         Model::RigidRotor::RigidRotor:  starts
            molecular geometry will be used to estimate rotational constants
            rotational configuration: nonlinear
            rotational constants[1/cm]:         23.7897       0.601083        0.58627
         Model::RigidRotor::RigidRotor:  done, cpu time[sec] = 0.012264, elapsed time[sec] = 0
      Model::new_core:  done, cpu time[sec] = 0.03538, elapsed time[sec] = 0
      ground state energy, kcal/mol:   0.15
      interpolating states number/density starts
         core state contribution ... done, cpu time[sec] = 0.110784, elapsed time[sec] = 0
         electronic states contribution ... done, cpu time[sec] = 0.494101, elapsed time[sec] = 0
         vibrational modes contribution ... done, cpu time[sec] = 0.019896, elapsed time[sec] = 0
         effective power exponent at 399.849 kcal/mol = 6.36045
      interpolating states number/density done, cpu time[sec] = 1.60181, elapsed time[sec] = 0
   Model::RRHO::RRHO:  done, cpu time[sec] = 1.66263, elapsed time[sec] = 0
   WELL: W3
   Model::RRHO::RRHO:  starts
      Model::new_core:  starts
         Model::RigidRotor::RigidRotor:  starts
            molecular geometry will be used to estimate rotational constants
            rotational configuration: nonlinear
            rotational constants[1/cm]:         1.78953        1.33461       0.764474
         Model::RigidRotor::RigidRotor:  done, cpu time[sec] = 0.00114, elapsed time[sec] = 0
      Model::new_core:  done, cpu time[sec] = 0.001799, elapsed time[sec] = 0
      ground state energy, kcal/mol:   0.21
      interpolating states number/density starts
         core state contribution ... done, cpu time[sec] = 0.0981, elapsed time[sec] = 0
         electronic states contribution ... done, cpu time[sec] = 0.00293, elapsed time[sec] = 0
         vibrational modes contribution ... done, cpu time[sec] = 0.017865, elapsed time[sec] = 0
         effective power exponent at 399.789 kcal/mol = 6.35813
      interpolating states number/density done, cpu time[sec] = 0.434586, elapsed time[sec] = 0
   Model::RRHO::RRHO:  done, cpu time[sec] = 0.438314, elapsed time[sec] = 0
   WELL: W4
   Model::RRHO::RRHO:  starts
      Model::new_core:  starts
         Model::RigidRotor::RigidRotor:  starts
            molecular geometry will be used to estimate rotational constants
            rotational configuration: nonlinear
            rotational constants[1/cm]:         9.52595        1.29538        1.14032
         Model::RigidRotor::RigidRotor:  done, cpu time[sec] = 1.2e-05, elapsed time[sec] = 0
      Model::new_core:  done, cpu time[sec] = 1.8e-05, elapsed time[sec] = 0
      ground state energy, kcal/mol:   -86.72
      interpolating states number/density starts
         core state contribution ... done, cpu time[sec] = 0.00134, elapsed time[sec] = 0
         vibrational modes contribution ... done, cpu time[sec] = 0.000217, elapsed time[sec] = 0
         effective power exponent at 486.717 kcal/mol = 6.27499
      interpolating states number/density done, cpu time[sec] = 0.015357, elapsed time[sec] = 0
   Model::RRHO::RRHO:  done, cpu time[sec] = 0.01542, elapsed time[sec] = 0
   WELL: W5t
   Model::RRHO::RRHO:  starts
      Model::new_core:  starts
         Model::RigidRotor::RigidRotor:  starts
            molecular geometry will be used to estimate rotational constants
            rotational configuration: nonlinear
            rotational constants[1/cm]:         9.65604        1.21662        1.08048
         Model::RigidRotor::RigidRotor:  done, cpu time[sec] = 1.5e-05, elapsed time[sec] = 0
      Model::new_core:  done, cpu time[sec] = 2.1e-05, elapsed time[sec] = 0
      ground state energy, kcal/mol:   -34.55
      interpolating states number/density starts
         core state contribution ... done, cpu time[sec] = 0.001041, elapsed time[sec] = 0
         vibrational modes contribution ... done, cpu time[sec] = 0.000194, elapsed time[sec] = 0
         effective power exponent at 434.55 kcal/mol = 6.24835
      interpolating states number/density done, cpu time[sec] = 0.012651, elapsed time[sec] = 0
   Model::RRHO::RRHO:  done, cpu time[sec] = 0.012714, elapsed time[sec] = 0
Model::init:  done, cpu time[sec] = 4.79808, elapsed time[sec] = 0
