Model::init:  starts
   Model::ExponentialKernel::ExponentialKernel:  ... done
   Model::LennardJonesCollision::LennardJonesCollision:  ... done
   WELL: W0
   Model::RRHO::RRHO:  starts
      Model::new_core:  starts
         Model::RigidRotor::RigidRotor:  starts
            molecular geometry will be used to estimate rotational constants
            rotational configuration: nonlinear
            rotational constants[1/cm]:         23.7897       0.601083        0.58627
         Model::RigidRotor::RigidRotor:  done, cpu time[sec] = 0.004136, elapsed time[sec] = 0
      Model::new_core:  done, cpu time[sec] = 0.004946, elapsed time[sec] = 0
      ground state energy, kcal/mol:   0.15
      interpolating states number/density starts
         core state contribution ... done, cpu time[sec] = 0.119551, elapsed time[sec] = 0
         electronic states contribution ... done, cpu time[sec] = 0.013258, elapsed time[sec] = 0
         vibrational modes contribution ... done, cpu time[sec] = 0.027547, elapsed time[sec] = 0
         effective power exponent at 399.849 kcal/mol = 6.36045
      interpolating states number/density done, cpu time[sec] = 1.28144, elapsed time[sec] = 0
   Model::RRHO::RRHO:  done, cpu time[sec] = 1.30203, elapsed time[sec] = 0
   WELL: W1
   Model::RRHO::RRHO:  starts
      Model::new_core:  starts
         Model::RigidRotor::RigidRotor:  starts
            molecular geometry will be used to estimate rotational constants
            rotational configuration: nonlinear
            rotational constants[1/cm]:         2.27757        1.07738         0.7314
         Model::RigidRotor::RigidRotor:  done, cpu time[sec] = 0.012407, elapsed time[sec] = 0
      Model::new_core:  done, cpu time[sec] = 0.035026, elapsed time[sec] = 0
      ground state energy, kcal/mol:   0.19
      interpolating states number/density starts
         core state contribution ... done, cpu time[sec] = 0.124327, elapsed time[sec] = 0
         electronic states contribution ... done, cpu time[sec] = 0.014219, elapsed time[sec] = 0
         vibrational modes contribution ... done, cpu time[sec] = 0.029098, elapsed time[sec] = 0
         effective power exponent at 399.809 kcal/mol = 6.35945
      interpolating states number/density done, cpu time[sec] = 1.22067, elapsed time[sec] = 0
   Model::RRHO::RRHO:  done, cpu time[sec] = 1.2932, elapsed time[sec] = 0
   WELL: W2
   Model::RRHO::RRHO:  starts
      Model::new_core:  starts
         Model::RigidRotor::RigidRotor:  starts
            molecular geometry will be used to estimate rotational constants
            rotational configuration: nonlinear
            rotational constants[1/cm]:         23.7897       0.601083        0.58627
         Model::RigidRotor::RigidRotor:  done, cpu time[sec] = 0.012689, elapsed time[sec] = 0
      Model::new_core:  done, cpu time[sec] = 0.035545, elapsed time[sec] = 0
      ground state energy, kcal/mol:   0.15
      interpolating states number/density starts
         core state contribution ... done, cpu time[sec] = 0.109191, elapsed time[sec] = 0
         electronic states contribution ... done, cpu time[sec] = 0.013768, elapsed time[sec] = 0
         vibrational modes contribution ... done, cpu time[sec] = 0.029492, elapsed time[sec] = 0
         effective power exponent at 399.849 kcal/mol = 6.36045
      interpolating states number/density done, cpu time[sec] = 1.14057, elapsed time[sec] = 0
   Model::RRHO::RRHO:  done, cpu time[sec] = 1.21323, elapsed time[sec] = 0
   WELL: W3
   Model::RRHO::RRHO:  starts
      Model::new_core:  starts
         Model::RigidRotor::RigidRotor:  starts
            molecular geometry will be used to estimate rotational constants
            rotational configuration: nonlinear
            rotational constants[1/cm]:         1.78953        1.33461       0.764474
         Model::RigidRotor::RigidRotor:  done, cpu time[sec] = 0.011996, elapsed time[sec] = 0
      Model::new_core:  done, cpu time[sec] = 0.034475, elapsed time[sec] = 0
      ground state energy, kcal/mol:   0.21
      interpolating states number/density starts
         core state contribution ... done, cpu time[sec] = 0.109452, elapsed time[sec] = 0
         electronic states contribution ... done, cpu time[sec] = 0.013755, elapsed time[sec] = 0
         vibrational modes contribution ... done, cpu time[sec] = 0.028774, elapsed time[sec] = 0
         effective power exponent at 399.789 kcal/mol = 6.35813
      interpolating states number/density done, cpu time[sec] = 0.843427, elapsed time[sec] = 0
   Model::RRHO::RRHO:  done, cpu time[sec] = 0.902361, elapsed time[sec] = 0
   WELL: W4
   Model::RRHO::RRHO:  starts
      Model::new_core:  starts
         Model::RigidRotor::RigidRotor:  starts
            molecular geometry will be used to estimate rotational constants
            rotational configuration: nonlinear
            rotational constants[1/cm]:         9.52595        1.29538        1.14032
         Model::RigidRotor::RigidRotor:  done, cpu time[sec] = 4e-05, elapsed time[sec] = 0
      Model::new_core:  done, cpu time[sec] = 6.1e-05, elapsed time[sec] = 0
      ground state energy, kcal/mol:   -86.72
      interpolating states number/density starts
         core state contribution ... done, cpu time[sec] = 0.002581, elapsed time[sec] = 0
         vibrational modes contribution ... done, cpu time[sec] = 0.000429, elapsed time[sec] = 0
         effective power exponent at 486.717 kcal/mol = 6.27499
      interpolating states number/density done, cpu time[sec] = 0.020216, elapsed time[sec] = 0
   Model::RRHO::RRHO:  done, cpu time[sec] = 0.02036, elapsed time[sec] = 0
   WELL: W5t
   Model::RRHO::RRHO:  starts
      Model::new_core:  starts
         Model::RigidRotor::RigidRotor:  starts
            molecular geometry will be used to estimate rotational constants
            rotational configuration: nonlinear
            rotational constants[1/cm]:         9.65604        1.21662        1.08048
         Model::RigidRotor::RigidRotor:  done, cpu time[sec] = 1.7e-05, elapsed time[sec] = 0
      Model::new_core:  done, cpu time[sec] = 2.3e-05, elapsed time[sec] = 0
      ground state energy, kcal/mol:   -34.55
      interpolating states number/density starts
         core state contribution ... done, cpu time[sec] = 0.001046, elapsed time[sec] = 0
         vibrational modes contribution ... done, cpu time[sec] = 0.000195, elapsed time[sec] = 0
         effective power exponent at 434.55 kcal/mol = 6.24835
      interpolating states number/density done, cpu time[sec] = 0.012451, elapsed time[sec] = 0
   Model::RRHO::RRHO:  done, cpu time[sec] = 0.012513, elapsed time[sec] = 0
Model::init:  done, cpu time[sec] = 4.7938, elapsed time[sec] = 0
