Model::init:  starts
   Model::ExponentialKernel::ExponentialKernel:  ... done
   Model::LennardJonesCollision::LennardJonesCollision:  ... done
   WELL: W0
   Model::RRHO::RRHO:  starts
      Model::new_core:  starts
         Model::RigidRotor::RigidRotor:  starts
            molecular geometry will be used to estimate rotational constants
            rotational configuration: nonlinear
            rotational constants[1/cm]:         23.7897       0.601083        0.58627
         Model::RigidRotor::RigidRotor:  done, cpu time[sec] = 0.004284, elapsed time[sec] = 0
      Model::new_core:  done, cpu time[sec] = 0.005325, elapsed time[sec] = 0
      ground state energy, kcal/mol:   0.15
      interpolating states number/density starts
         core state contribution ... done, cpu time[sec] = 0.095227, elapsed time[sec] = 0
         electronic states contribution ... done, cpu time[sec] = 0.003039, elapsed time[sec] = 0
         vibrational modes contribution ... done, cpu time[sec] = 0.017158, elapsed time[sec] = 0
         effective power exponent at 399.849 kcal/mol = 6.36045
      interpolating states number/density done, cpu time[sec] = 1.15609, elapsed time[sec] = 0
   Model::RRHO::RRHO:  done, cpu time[sec] = 1.17763, elapsed time[sec] = 0
   WELL: W1
   Model::RRHO::RRHO:  starts
      Model::new_core:  starts
         Model::RigidRotor::RigidRotor:  starts
            molecular geometry will be used to estimate rotational constants
            rotational configuration: nonlinear
            rotational constants[1/cm]:         2.27757        1.07738         0.7314
         Model::RigidRotor::RigidRotor:  done, cpu time[sec] = 0.011826, elapsed time[sec] = 0
      Model::new_core:  done, cpu time[sec] = 0.033612, elapsed time[sec] = 0
      ground state energy, kcal/mol:   0.19
      interpolating states number/density starts
         core state contribution ... done, cpu time[sec] = 0.122775, elapsed time[sec] = 0
         electronic states contribution ... done, cpu time[sec] = 0.013647, elapsed time[sec] = 0
         vibrational modes contribution ... done, cpu time[sec] = 0.029384, elapsed time[sec] = 0
         effective power exponent at 399.809 kcal/mol = 6.35945
      interpolating states number/density done, cpu time[sec] = 1.2039, elapsed time[sec] = 0
   Model::RRHO::RRHO:  done, cpu time[sec] = 1.2748, elapsed time[sec] = 0
   WELL: W2
   Model::RRHO::RRHO:  starts
      Model::new_core:  starts
         Model::RigidRotor::RigidRotor:  starts
            molecular geometry will be used to estimate rotational constants
            rotational configuration: nonlinear
            rotational constants[1/cm]:         23.7897       0.601083        0.58627
         Model::RigidRotor::RigidRotor:  done, cpu time[sec] = 0.012267, elapsed time[sec] = 0
      Model::new_core:  done, cpu time[sec] = 0.03459, elapsed time[sec] = 0
      ground state energy, kcal/mol:   0.15
      interpolating states number/density starts
         core state contribution ... done, cpu time[sec] = 0.117024, elapsed time[sec] = 0
         electronic states contribution ... done, cpu time[sec] = 0.014382, elapsed time[sec] = 0
         vibrational modes contribution ... done, cpu time[sec] = 0.029071, elapsed time[sec] = 0
         effective power exponent at 399.849 kcal/mol = 6.36045
      interpolating states number/density done, cpu time[sec] = 1.13612, elapsed time[sec] = 0
   Model::RRHO::RRHO:  done, cpu time[sec] = 1.20798, elapsed time[sec] = 0
   WELL: W3
   Model::RRHO::RRHO:  starts
      Model::new_core:  starts
         Model::RigidRotor::RigidRotor:  starts
            molecular geometry will be used to estimate rotational constants
            rotational configuration: nonlinear
            rotational constants[1/cm]:         1.78953        1.33461       0.764474
         Model::RigidRotor::RigidRotor:  done, cpu time[sec] = 0.012033, elapsed time[sec] = 0
      Model::new_core:  done, cpu time[sec] = 0.03428, elapsed time[sec] = 0
      ground state energy, kcal/mol:   0.21
      interpolating states number/density starts
         core state contribution ... done, cpu time[sec] = 0.110295, elapsed time[sec] = 0
         electronic states contribution ... done, cpu time[sec] = 0.013678, elapsed time[sec] = 0
         vibrational modes contribution ... done, cpu time[sec] = 0.029017, elapsed time[sec] = 0
         effective power exponent at 399.789 kcal/mol = 6.35813
      interpolating states number/density done, cpu time[sec] = 0.98698, elapsed time[sec] = 0
   Model::RRHO::RRHO:  done, cpu time[sec] = 1.0452, elapsed time[sec] = 0
   WELL: W4
   Model::RRHO::RRHO:  starts
      Model::new_core:  starts
         Model::RigidRotor::RigidRotor:  starts
            molecular geometry will be used to estimate rotational constants
            rotational configuration: nonlinear
            rotational constants[1/cm]:         9.52595        1.29538        1.14032
         Model::RigidRotor::RigidRotor:  done, cpu time[sec] = 0.000238, elapsed time[sec] = 0
      Model::new_core:  done, cpu time[sec] = 0.000357, elapsed time[sec] = 0
      ground state energy, kcal/mol:   -86.72
      interpolating states number/density starts
         core state contribution ... done, cpu time[sec] = 0.00518, elapsed time[sec] = 0
         vibrational modes contribution ... done, cpu time[sec] = 0.000436, elapsed time[sec] = 0
         effective power exponent at 486.717 kcal/mol = 6.27499
      interpolating states number/density done, cpu time[sec] = 0.023666, elapsed time[sec] = 0
   Model::RRHO::RRHO:  done, cpu time[sec] = 0.024414, elapsed time[sec] = 0
   WELL: W5t
   Model::RRHO::RRHO:  starts
      Model::new_core:  starts
         Model::RigidRotor::RigidRotor:  starts
            molecular geometry will be used to estimate rotational constants
            rotational configuration: nonlinear
            rotational constants[1/cm]:         9.65604        1.21662        1.08048
         Model::RigidRotor::RigidRotor:  done, cpu time[sec] = 1.7e-05, elapsed time[sec] = 0
      Model::new_core:  done, cpu time[sec] = 2.4e-05, elapsed time[sec] = 0
      ground state energy, kcal/mol:   -34.55
      interpolating states number/density starts
         core state contribution ... done, cpu time[sec] = 0.00104, elapsed time[sec] = 0
         vibrational modes contribution ... done, cpu time[sec] = 0.000198, elapsed time[sec] = 0
         effective power exponent at 434.55 kcal/mol = 6.24835
      interpolating states number/density done, cpu time[sec] = 0.013131, elapsed time[sec] = 0
   Model::RRHO::RRHO:  done, cpu time[sec] = 0.013195, elapsed time[sec] = 0
Model::init:  done, cpu time[sec] = 4.79562, elapsed time[sec] = 0
