Model::init:  starts
   Model::ExponentialKernel::ExponentialKernel:  ... done
   Model::LennardJonesCollision::LennardJonesCollision:  ... done
   WELL: W0
   Model::RRHO::RRHO:  starts
      Model::new_core:  starts
         Model::RigidRotor::RigidRotor:  starts
            molecular geometry will be used to estimate rotational constants
            rotational configuration: nonlinear
            rotational constants[1/cm]:         23.7897       0.601083        0.58627
         Model::RigidRotor::RigidRotor:  done, cpu time[sec] = 0.00349, elapsed time[sec] = 0
      Model::new_core:  done, cpu time[sec] = 0.004241, elapsed time[sec] = 0
      ground state energy, kcal/mol:   0.15
      interpolating states number/density starts
         core state contribution ... done, cpu time[sec] = 0.426813, elapsed time[sec] = 0
         electronic states contribution ... done, cpu time[sec] = 0.005153, elapsed time[sec] = 0
         vibrational modes contribution ... done, cpu time[sec] = 0.032151, elapsed time[sec] = 0
         effective power exponent at 399.849 kcal/mol = 6.36045
      interpolating states number/density done, cpu time[sec] = 1.61656, elapsed time[sec] = 0
   Model::RRHO::RRHO:  done, cpu time[sec] = 1.6358, elapsed time[sec] = 0
   WELL: W1
   Model::RRHO::RRHO:  starts
      Model::new_core:  starts
         Model::RigidRotor::RigidRotor:  starts
            molecular geometry will be used to estimate rotational constants
            rotational configuration: nonlinear
            rotational constants[1/cm]:         2.27757        1.07738         0.7314
         Model::RigidRotor::RigidRotor:  done, cpu time[sec] = 0.011948, elapsed time[sec] = 0
      Model::new_core:  done, cpu time[sec] = 0.033513, elapsed time[sec] = 0
      ground state energy, kcal/mol:   0.19
      interpolating states number/density starts
         core state contribution ... done, cpu time[sec] = 0.118984, elapsed time[sec] = 0
         electronic states contribution ... done, cpu time[sec] = 0.013287, elapsed time[sec] = 0
         vibrational modes contribution ... done, cpu time[sec] = 0.02758, elapsed time[sec] = 0
         effective power exponent at 399.809 kcal/mol = 6.35945
      interpolating states number/density done, cpu time[sec] = 1.17639, elapsed time[sec] = 0
   Model::RRHO::RRHO:  done, cpu time[sec] = 1.24546, elapsed time[sec] = 0
   WELL: W2
   Model::RRHO::RRHO:  starts
      Model::new_core:  starts
         Model::RigidRotor::RigidRotor:  starts
            molecular geometry will be used to estimate rotational constants
            rotational configuration: nonlinear
            rotational constants[1/cm]:         23.7897       0.601083        0.58627
         Model::RigidRotor::RigidRotor:  done, cpu time[sec] = 0.011688, elapsed time[sec] = 0
      Model::new_core:  done, cpu time[sec] = 0.033718, elapsed time[sec] = 0
      ground state energy, kcal/mol:   0.15
      interpolating states number/density starts
         core state contribution ... done, cpu time[sec] = 0.105686, elapsed time[sec] = 0
         electronic states contribution ... done, cpu time[sec] = 0.013791, elapsed time[sec] = 0
         vibrational modes contribution ... done, cpu time[sec] = 0.027638, elapsed time[sec] = 0
         effective power exponent at 399.849 kcal/mol = 6.36045
      interpolating states number/density done, cpu time[sec] = 1.09819, elapsed time[sec] = 0
   Model::RRHO::RRHO:  done, cpu time[sec] = 1.16731, elapsed time[sec] = 0
   WELL: W3
   Model::RRHO::RRHO:  starts
      Model::new_core:  starts
         Model::RigidRotor::RigidRotor:  starts
            molecular geometry will be used to estimate rotational constants
            rotational configuration: nonlinear
            rotational constants[1/cm]:         1.78953        1.33461       0.764474
         Model::RigidRotor::RigidRotor:  done, cpu time[sec] = 0.011607, elapsed time[sec] = 0
      Model::new_core:  done, cpu time[sec] = 0.033317, elapsed time[sec] = 0
      ground state energy, kcal/mol:   0.21
      interpolating states number/density starts
         core state contribution ... done, cpu time[sec] = 0.106338, elapsed time[sec] = 0
         electronic states contribution ... done, cpu time[sec] = 0.013435, elapsed time[sec] = 0
         vibrational modes contribution ... done, cpu time[sec] = 0.027782, elapsed time[sec] = 0
         effective power exponent at 399.789 kcal/mol = 6.35813
      interpolating states number/density done, cpu time[sec] = 0.467933, elapsed time[sec] = 1
   Model::RRHO::RRHO:  done, cpu time[sec] = 0.524125, elapsed time[sec] = 1
   WELL: W4
   Model::RRHO::RRHO:  starts
      Model::new_core:  starts
         Model::RigidRotor::RigidRotor:  starts
            molecular geometry will be used to estimate rotational constants
            rotational configuration: nonlinear
            rotational constants[1/cm]:         9.52595        1.29538        1.14032
         Model::RigidRotor::RigidRotor:  done, cpu time[sec] = 2.6e-05, elapsed time[sec] = 0
      Model::new_core:  done, cpu time[sec] = 4e-05, elapsed time[sec] = 0
      ground state energy, kcal/mol:   -86.72
      interpolating states number/density starts
         core state contribution ... done, cpu time[sec] = 0.001291, elapsed time[sec] = 0
         vibrational modes contribution ... done, cpu time[sec] = 0.000215, elapsed time[sec] = 0
         effective power exponent at 486.717 kcal/mol = 6.27499
      interpolating states number/density done, cpu time[sec] = 0.014912, elapsed time[sec] = 0
   Model::RRHO::RRHO:  done, cpu time[sec] = 0.015014, elapsed time[sec] = 0
   WELL: W5t
   Model::RRHO::RRHO:  starts
      Model::new_core:  starts
         Model::RigidRotor::RigidRotor:  starts
            molecular geometry will be used to estimate rotational constants
            rotational configuration: nonlinear
            rotational constants[1/cm]:         9.65604        1.21662        1.08048
         Model::RigidRotor::RigidRotor:  done, cpu time[sec] = 1.5e-05, elapsed time[sec] = 0
      Model::new_core:  done, cpu time[sec] = 2.1e-05, elapsed time[sec] = 0
      ground state energy, kcal/mol:   -34.55
      interpolating states number/density starts
         core state contribution ... done, cpu time[sec] = 0.001052, elapsed time[sec] = 0
         vibrational modes contribution ... done, cpu time[sec] = 0.000195, elapsed time[sec] = 0
         effective power exponent at 434.55 kcal/mol = 6.24835
      interpolating states number/density done, cpu time[sec] = 0.012619, elapsed time[sec] = 0
   Model::RRHO::RRHO:  done, cpu time[sec] = 0.012678, elapsed time[sec] = 0
Model::init:  done, cpu time[sec] = 4.64832, elapsed time[sec] = 1
