Model::init:  starts
   Model::ExponentialKernel::ExponentialKernel:  ... done
   Model::LennardJonesCollision::LennardJonesCollision:  ... done
   WELL: W0
   Model::RRHO::RRHO:  starts
      Model::new_core:  starts
         Model::RigidRotor::RigidRotor:  starts
            molecular geometry will be used to estimate rotational constants
            rotational configuration: nonlinear
            rotational constants[1/cm]:         23.7897       0.601083        0.58627
         Model::RigidRotor::RigidRotor:  done, cpu time[sec] = 0.001952, elapsed time[sec] = 0
      Model::new_core:  done, cpu time[sec] = 0.00238, elapsed time[sec] = 0
      ground state energy, kcal/mol:   0.15
      interpolating states number/density starts
         core state contribution ... done, cpu time[sec] = 0.063903, elapsed time[sec] = 0
         electronic states contribution ... done, cpu time[sec] = 0.003394, elapsed time[sec] = 0
         vibrational modes contribution ... done, cpu time[sec] = 0.020844, elapsed time[sec] = 0
         effective power exponent at 399.849 kcal/mol = 6.36045
      interpolating states number/density done, cpu time[sec] = 1.08166, elapsed time[sec] = 0
   Model::RRHO::RRHO:  done, cpu time[sec] = 1.08681, elapsed time[sec] = 0
   WELL: W1
   Model::RRHO::RRHO:  starts
      Model::new_core:  starts
         Model::RigidRotor::RigidRotor:  starts
            molecular geometry will be used to estimate rotational constants
            rotational configuration: nonlinear
            rotational constants[1/cm]:         2.27757        1.07738         0.7314
         Model::RigidRotor::RigidRotor:  done, cpu time[sec] = 0.001281, elapsed time[sec] = 0
      Model::new_core:  done, cpu time[sec] = 0.001895, elapsed time[sec] = 0
      ground state energy, kcal/mol:   0.19
      interpolating states number/density starts
         core state contribution ... done, cpu time[sec] = 0.115953, elapsed time[sec] = 0
         electronic states contribution ... done, cpu time[sec] = 0.013029, elapsed time[sec] = 0
         vibrational modes contribution ... done, cpu time[sec] = 0.027094, elapsed time[sec] = 0
         effective power exponent at 399.809 kcal/mol = 6.35945
      interpolating states number/density done, cpu time[sec] = 1.15209, elapsed time[sec] = 0
   Model::RRHO::RRHO:  done, cpu time[sec] = 1.1679, elapsed time[sec] = 0
   WELL: W2
   Model::RRHO::RRHO:  starts
      Model::new_core:  starts
         Model::RigidRotor::RigidRotor:  starts
            molecular geometry will be used to estimate rotational constants
            rotational configuration: nonlinear
            rotational constants[1/cm]:         23.7897       0.601083        0.58627
         Model::RigidRotor::RigidRotor:  done, cpu time[sec] = 0.011816, elapsed time[sec] = 0
      Model::new_core:  done, cpu time[sec] = 0.03384, elapsed time[sec] = 0
      ground state energy, kcal/mol:   0.15
      interpolating states number/density starts
         core state contribution ... done, cpu time[sec] = 0.107525, elapsed time[sec] = 0
         electronic states contribution ... done, cpu time[sec] = 0.013344, elapsed time[sec] = 0
         vibrational modes contribution ... done, cpu time[sec] = 0.028394, elapsed time[sec] = 0
         effective power exponent at 399.849 kcal/mol = 6.36045
      interpolating states number/density done, cpu time[sec] = 1.10352, elapsed time[sec] = 0
   Model::RRHO::RRHO:  done, cpu time[sec] = 1.17226, elapsed time[sec] = 0
   WELL: W3
   Model::RRHO::RRHO:  starts
      Model::new_core:  starts
         Model::RigidRotor::RigidRotor:  starts
            molecular geometry will be used to estimate rotational constants
            rotational configuration: nonlinear
            rotational constants[1/cm]:         1.78953        1.33461       0.764474
         Model::RigidRotor::RigidRotor:  done, cpu time[sec] = 0.011698, elapsed time[sec] = 0
      Model::new_core:  done, cpu time[sec] = 0.033368, elapsed time[sec] = 0
      ground state energy, kcal/mol:   0.21
      interpolating states number/density starts
         core state contribution ... done, cpu time[sec] = 0.105777, elapsed time[sec] = 0
         electronic states contribution ... done, cpu time[sec] = 0.013381, elapsed time[sec] = 0
         vibrational modes contribution ... done, cpu time[sec] = 0.027967, elapsed time[sec] = 0
         effective power exponent at 399.789 kcal/mol = 6.35813
      interpolating states number/density done, cpu time[sec] = 1.07357, elapsed time[sec] = 0
   Model::RRHO::RRHO:  done, cpu time[sec] = 1.13312, elapsed time[sec] = 0
   WELL: W4
   Model::RRHO::RRHO:  starts
      Model::new_core:  starts
         Model::RigidRotor::RigidRotor:  starts
            molecular geometry will be used to estimate rotational constants
            rotational configuration: nonlinear
            rotational constants[1/cm]:         9.52595        1.29538        1.14032
         Model::RigidRotor::RigidRotor:  done, cpu time[sec] = 0.000269, elapsed time[sec] = 0
      Model::new_core:  done, cpu time[sec] = 0.000394, elapsed time[sec] = 0
      ground state energy, kcal/mol:   -86.72
      interpolating states number/density starts
         core state contribution ... done, cpu time[sec] = 0.016025, elapsed time[sec] = 0
         vibrational modes contribution ... done, cpu time[sec] = 0.001526, elapsed time[sec] = 0
         effective power exponent at 486.717 kcal/mol = 6.27499
      interpolating states number/density done, cpu time[sec] = 0.051363, elapsed time[sec] = 0
   Model::RRHO::RRHO:  done, cpu time[sec] = 0.052237, elapsed time[sec] = 0
   WELL: W5t
   Model::RRHO::RRHO:  starts
      Model::new_core:  starts
         Model::RigidRotor::RigidRotor:  starts
            molecular geometry will be used to estimate rotational constants
            rotational configuration: nonlinear
            rotational constants[1/cm]:         9.65604        1.21662        1.08048
         Model::RigidRotor::RigidRotor:  done, cpu time[sec] = 1.7e-05, elapsed time[sec] = 0
      Model::new_core:  done, cpu time[sec] = 2.3e-05, elapsed time[sec] = 0
      ground state energy, kcal/mol:   -34.55
      interpolating states number/density starts
         core state contribution ... done, cpu time[sec] = 0.001046, elapsed time[sec] = 0
         vibrational modes contribution ... done, cpu time[sec] = 0.000195, elapsed time[sec] = 0
         effective power exponent at 434.55 kcal/mol = 6.24835
      interpolating states number/density done, cpu time[sec] = 0.012605, elapsed time[sec] = 0
   Model::RRHO::RRHO:  done, cpu time[sec] = 0.012667, elapsed time[sec] = 0
Model::init:  done, cpu time[sec] = 4.664, elapsed time[sec] = 0
