Model::init:  starts
   Model::ExponentialKernel::ExponentialKernel:  ... done
   Model::LennardJonesCollision::LennardJonesCollision:  ... done
   WELL: W0
   Model::RRHO::RRHO:  starts
      Model::new_core:  starts
         Model::RigidRotor::RigidRotor:  starts
            molecular geometry will be used to estimate rotational constants
            rotational configuration: nonlinear
            rotational constants[1/cm]:         23.7897       0.601083        0.58627
         Model::RigidRotor::RigidRotor:  done, cpu time[sec] = 0.004926, elapsed time[sec] = 0
      Model::new_core:  done, cpu time[sec] = 0.00584, elapsed time[sec] = 0
      ground state energy, kcal/mol:   0.15
      interpolating states number/density starts
         core state contribution ... done, cpu time[sec] = 0.071951, elapsed time[sec] = 0
         electronic states contribution ... done, cpu time[sec] = 0.001759, elapsed time[sec] = 0
         vibrational modes contribution ... done, cpu time[sec] = 0.010363, elapsed time[sec] = 0
         effective power exponent at 399.849 kcal/mol = 6.36045
      interpolating states number/density done, cpu time[sec] = 0.811616, elapsed time[sec] = 0
   Model::RRHO::RRHO:  done, cpu time[sec] = 0.821516, elapsed time[sec] = 0
   WELL: W1
   Model::RRHO::RRHO:  starts
      Model::new_core:  starts
         Model::RigidRotor::RigidRotor:  starts
            molecular geometry will be used to estimate rotational constants
            rotational configuration: nonlinear
            rotational constants[1/cm]:         2.27757        1.07738         0.7314
         Model::RigidRotor::RigidRotor:  done, cpu time[sec] = 0.00098, elapsed time[sec] = 0
      Model::new_core:  done, cpu time[sec] = 0.001384, elapsed time[sec] = 0
      ground state energy, kcal/mol:   0.19
      interpolating states number/density starts
         core state contribution ... done, cpu time[sec] = 0.066258, elapsed time[sec] = 0
         electronic states contribution ... done, cpu time[sec] = 0.002007, elapsed time[sec] = 0
         vibrational modes contribution ... done, cpu time[sec] = 0.013, elapsed time[sec] = 0
         effective power exponent at 399.809 kcal/mol = 6.35945
      interpolating states number/density done, cpu time[sec] = 0.717589, elapsed time[sec] = 0
   Model::RRHO::RRHO:  done, cpu time[sec] = 0.721233, elapsed time[sec] = 0
   WELL: W2
   Model::RRHO::RRHO:  starts
      Model::new_core:  starts
         Model::RigidRotor::RigidRotor:  starts
            molecular geometry will be used to estimate rotational constants
            rotational configuration: nonlinear
            rotational constants[1/cm]:         23.7897       0.601083        0.58627
         Model::RigidRotor::RigidRotor:  done, cpu time[sec] = 0.00078, elapsed time[sec] = 0
      Model::new_core:  done, cpu time[sec] = 0.001175, elapsed time[sec] = 0
      ground state energy, kcal/mol:   0.15
      interpolating states number/density starts
         core state contribution ... done, cpu time[sec] = 0.057201, elapsed time[sec] = 0
         electronic states contribution ... done, cpu time[sec] = 0.001872, elapsed time[sec] = 0
         vibrational modes contribution ... done, cpu time[sec] = 0.011171, elapsed time[sec] = 0
         effective power exponent at 399.849 kcal/mol = 6.36045
      interpolating states number/density done, cpu time[sec] = 0.668686, elapsed time[sec] = 0
   Model::RRHO::RRHO:  done, cpu time[sec] = 0.671956, elapsed time[sec] = 0
   WELL: W3
   Model::RRHO::RRHO:  starts
      Model::new_core:  starts
         Model::RigidRotor::RigidRotor:  starts
            molecular geometry will be used to estimate rotational constants
            rotational configuration: nonlinear
            rotational constants[1/cm]:         1.78953        1.33461       0.764474
         Model::RigidRotor::RigidRotor:  done, cpu time[sec] = 0.000751, elapsed time[sec] = 0
      Model::new_core:  done, cpu time[sec] = 0.001154, elapsed time[sec] = 0
      ground state energy, kcal/mol:   0.21
      interpolating states number/density starts
         core state contribution ... done, cpu time[sec] = 0.056804, elapsed time[sec] = 0
         electronic states contribution ... done, cpu time[sec] = 0.001851, elapsed time[sec] = 0
         vibrational modes contribution ... done, cpu time[sec] = 0.011791, elapsed time[sec] = 0
         effective power exponent at 399.789 kcal/mol = 6.35813
      interpolating states number/density done, cpu time[sec] = 0.667679, elapsed time[sec] = 0
   Model::RRHO::RRHO:  done, cpu time[sec] = 0.670916, elapsed time[sec] = 0
   WELL: W4
   Model::RRHO::RRHO:  starts
      Model::new_core:  starts
         Model::RigidRotor::RigidRotor:  starts
            molecular geometry will be used to estimate rotational constants
            rotational configuration: nonlinear
            rotational constants[1/cm]:         9.52595        1.29538        1.14032
         Model::RigidRotor::RigidRotor:  done, cpu time[sec] = 0.000747, elapsed time[sec] = 0
      Model::new_core:  done, cpu time[sec] = 0.001141, elapsed time[sec] = 0
      ground state energy, kcal/mol:   -86.72
      interpolating states number/density starts
         core state contribution ... done, cpu time[sec] = 0.075315, elapsed time[sec] = 0
         vibrational modes contribution ... done, cpu time[sec] = 0.014202, elapsed time[sec] = 0
         effective power exponent at 486.717 kcal/mol = 6.27499
      interpolating states number/density done, cpu time[sec] = 0.878573, elapsed time[sec] = 0
   Model::RRHO::RRHO:  done, cpu time[sec] = 0.88214, elapsed time[sec] = 0
   WELL: W5t
   Model::RRHO::RRHO:  starts
      Model::new_core:  starts
         Model::RigidRotor::RigidRotor:  starts
            molecular geometry will be used to estimate rotational constants
            rotational configuration: nonlinear
            rotational constants[1/cm]:         9.65604        1.21662        1.08048
         Model::RigidRotor::RigidRotor:  done, cpu time[sec] = 0.001007, elapsed time[sec] = 0
      Model::new_core:  done, cpu time[sec] = 0.001398, elapsed time[sec] = 0
      ground state energy, kcal/mol:   -34.55
      interpolating states number/density starts
         core state contribution ... done, cpu time[sec] = 0.061651, elapsed time[sec] = 0
         vibrational modes contribution ... done, cpu time[sec] = 0.013088, elapsed time[sec] = 0
         effective power exponent at 434.55 kcal/mol = 6.24835
      interpolating states number/density done, cpu time[sec] = 0.603696, elapsed time[sec] = 0
   Model::RRHO::RRHO:  done, cpu time[sec] = 0.606518, elapsed time[sec] = 0
Model::init:  done, cpu time[sec] = 4.39406, elapsed time[sec] = 0
