Model::init:  starts
   Model::ExponentialKernel::ExponentialKernel:  ... done
   Model::LennardJonesCollision::LennardJonesCollision:  ... done
   WELL: W0
   Model::RRHO::RRHO:  starts
      Model::new_core:  starts
         Model::RigidRotor::RigidRotor:  starts
            molecular geometry will be used to estimate rotational constants
            rotational configuration: nonlinear
            rotational constants[1/cm]:         23.7897       0.601083        0.58627
         Model::RigidRotor::RigidRotor:  done, cpu time[sec] = 0.013132, elapsed time[sec] = 0
      Model::new_core:  done, cpu time[sec] = 0.033233, elapsed time[sec] = 0
      ground state energy, kcal/mol:   0.15
      interpolating states number/density starts
         core state contribution ... done, cpu time[sec] = 0.11701, elapsed time[sec] = 0
         electronic states contribution ... done, cpu time[sec] = 0.013287, elapsed time[sec] = 0
         vibrational modes contribution ... done, cpu time[sec] = 0.026269, elapsed time[sec] = 0
         effective power exponent at 399.849 kcal/mol = 6.36045
      interpolating states number/density done, cpu time[sec] = 1.19521, elapsed time[sec] = 0
   Model::RRHO::RRHO:  done, cpu time[sec] = 1.26306, elapsed time[sec] = 0
   WELL: W1
   Model::RRHO::RRHO:  starts
      Model::new_core:  starts
         Model::RigidRotor::RigidRotor:  starts
            molecular geometry will be used to estimate rotational constants
            rotational configuration: nonlinear
            rotational constants[1/cm]:         2.27757        1.07738         0.7314
         Model::RigidRotor::RigidRotor:  done, cpu time[sec] = 0.011713, elapsed time[sec] = 0
      Model::new_core:  done, cpu time[sec] = 0.033158, elapsed time[sec] = 0
      ground state energy, kcal/mol:   0.19
      interpolating states number/density starts
         core state contribution ... done, cpu time[sec] = 0.116809, elapsed time[sec] = 0
         electronic states contribution ... done, cpu time[sec] = 0.013491, elapsed time[sec] = 0
         vibrational modes contribution ... done, cpu time[sec] = 0.026861, elapsed time[sec] = 0
         effective power exponent at 399.809 kcal/mol = 6.35945
      interpolating states number/density done, cpu time[sec] = 1.16258, elapsed time[sec] = 0
   Model::RRHO::RRHO:  done, cpu time[sec] = 1.23158, elapsed time[sec] = 0
   WELL: W2
   Model::RRHO::RRHO:  starts
      Model::new_core:  starts
         Model::RigidRotor::RigidRotor:  starts
            molecular geometry will be used to estimate rotational constants
            rotational configuration: nonlinear
            rotational constants[1/cm]:         23.7897       0.601083        0.58627
         Model::RigidRotor::RigidRotor:  done, cpu time[sec] = 0.012008, elapsed time[sec] = 0
      Model::new_core:  done, cpu time[sec] = 0.0333, elapsed time[sec] = 0
      ground state energy, kcal/mol:   0.15
      interpolating states number/density starts
         core state contribution ... done, cpu time[sec] = 0.103647, elapsed time[sec] = 0
         electronic states contribution ... done, cpu time[sec] = 0.014606, elapsed time[sec] = 0
         vibrational modes contribution ... done, cpu time[sec] = 0.027367, elapsed time[sec] = 0
         effective power exponent at 399.849 kcal/mol = 6.36045
      interpolating states number/density done, cpu time[sec] = 1.07522, elapsed time[sec] = 0
   Model::RRHO::RRHO:  done, cpu time[sec] = 1.14347, elapsed time[sec] = 0
   WELL: W3
   Model::RRHO::RRHO:  starts
      Model::new_core:  starts
         Model::RigidRotor::RigidRotor:  starts
            molecular geometry will be used to estimate rotational constants
            rotational configuration: nonlinear
            rotational constants[1/cm]:         1.78953        1.33461       0.764474
         Model::RigidRotor::RigidRotor:  done, cpu time[sec] = 0.011421, elapsed time[sec] = 0
      Model::new_core:  done, cpu time[sec] = 0.032836, elapsed time[sec] = 0
      ground state energy, kcal/mol:   0.21
      interpolating states number/density starts
         core state contribution ... done, cpu time[sec] = 0.103939, elapsed time[sec] = 0
         electronic states contribution ... done, cpu time[sec] = 0.013113, elapsed time[sec] = 0
         vibrational modes contribution ... done, cpu time[sec] = 0.028473, elapsed time[sec] = 0
         effective power exponent at 399.789 kcal/mol = 6.35813
      interpolating states number/density done, cpu time[sec] = 0.67934, elapsed time[sec] = 0
   Model::RRHO::RRHO:  done, cpu time[sec] = 0.735228, elapsed time[sec] = 0
   WELL: W4
   Model::RRHO::RRHO:  starts
      Model::new_core:  starts
         Model::RigidRotor::RigidRotor:  starts
            molecular geometry will be used to estimate rotational constants
            rotational configuration: nonlinear
            rotational constants[1/cm]:         9.52595        1.29538        1.14032
         Model::RigidRotor::RigidRotor:  done, cpu time[sec] = 2.7e-05, elapsed time[sec] = 0
      Model::new_core:  done, cpu time[sec] = 4e-05, elapsed time[sec] = 0
      ground state energy, kcal/mol:   -86.72
      interpolating states number/density starts
         core state contribution ... done, cpu time[sec] = 0.002544, elapsed time[sec] = 0
         vibrational modes contribution ... done, cpu time[sec] = 0.000426, elapsed time[sec] = 0
         effective power exponent at 486.717 kcal/mol = 6.27499
      interpolating states number/density done, cpu time[sec] = 0.017739, elapsed time[sec] = 0
   Model::RRHO::RRHO:  done, cpu time[sec] = 0.017843, elapsed time[sec] = 0
   WELL: W5t
   Model::RRHO::RRHO:  starts
      Model::new_core:  starts
         Model::RigidRotor::RigidRotor:  starts
            molecular geometry will be used to estimate rotational constants
            rotational configuration: nonlinear
            rotational constants[1/cm]:         9.65604        1.21662        1.08048
         Model::RigidRotor::RigidRotor:  done, cpu time[sec] = 1.6e-05, elapsed time[sec] = 0
      Model::new_core:  done, cpu time[sec] = 2.2e-05, elapsed time[sec] = 0
      ground state energy, kcal/mol:   -34.55
      interpolating states number/density starts
         core state contribution ... done, cpu time[sec] = 0.001044, elapsed time[sec] = 0
         vibrational modes contribution ... done, cpu time[sec] = 0.000194, elapsed time[sec] = 0
         effective power exponent at 434.55 kcal/mol = 6.24835
      interpolating states number/density done, cpu time[sec] = 0.012593, elapsed time[sec] = 0
   Model::RRHO::RRHO:  done, cpu time[sec] = 0.012656, elapsed time[sec] = 0
Model::init:  done, cpu time[sec] = 4.48516, elapsed time[sec] = 0
