Model::init:  starts
   Model::ExponentialKernel::ExponentialKernel:  ... done
   Model::LennardJonesCollision::LennardJonesCollision:  ... done
   WELL: W0
   Model::RRHO::RRHO:  starts
      Model::new_core:  starts
         Model::RigidRotor::RigidRotor:  starts
            molecular geometry will be used to estimate rotational constants
            rotational configuration: nonlinear
            rotational constants[1/cm]:         23.7897       0.601083        0.58627
         Model::RigidRotor::RigidRotor:  done, cpu time[sec] = 0.003358, elapsed time[sec] = 0
      Model::new_core:  done, cpu time[sec] = 0.004124, elapsed time[sec] = 0
      ground state energy, kcal/mol:   0.15
      interpolating states number/density starts
         core state contribution ... done, cpu time[sec] = 0.138513, elapsed time[sec] = 0
         electronic states contribution ... done, cpu time[sec] = 0.004878, elapsed time[sec] = 0
         vibrational modes contribution ... done, cpu time[sec] = 0.031706, elapsed time[sec] = 0
         effective power exponent at 399.849 kcal/mol = 6.36045
      interpolating states number/density done, cpu time[sec] = 1.02625, elapsed time[sec] = 0
   Model::RRHO::RRHO:  done, cpu time[sec] = 1.03395, elapsed time[sec] = 0
   WELL: W1
   Model::RRHO::RRHO:  starts
      Model::new_core:  starts
         Model::RigidRotor::RigidRotor:  starts
            molecular geometry will be used to estimate rotational constants
            rotational configuration: nonlinear
            rotational constants[1/cm]:         2.27757        1.07738         0.7314
         Model::RigidRotor::RigidRotor:  done, cpu time[sec] = 0.001362, elapsed time[sec] = 0
      Model::new_core:  done, cpu time[sec] = 0.002, elapsed time[sec] = 0
      ground state energy, kcal/mol:   0.19
      interpolating states number/density starts
         core state contribution ... done, cpu time[sec] = 0.135087, elapsed time[sec] = 0
         electronic states contribution ... done, cpu time[sec] = 0.013461, elapsed time[sec] = 0
         vibrational modes contribution ... done, cpu time[sec] = 0.028119, elapsed time[sec] = 0
         effective power exponent at 399.809 kcal/mol = 6.35945
      interpolating states number/density done, cpu time[sec] = 1.20508, elapsed time[sec] = 0
   Model::RRHO::RRHO:  done, cpu time[sec] = 1.22209, elapsed time[sec] = 0
   WELL: W2
   Model::RRHO::RRHO:  starts
      Model::new_core:  starts
         Model::RigidRotor::RigidRotor:  starts
            molecular geometry will be used to estimate rotational constants
            rotational configuration: nonlinear
            rotational constants[1/cm]:         23.7897       0.601083        0.58627
         Model::RigidRotor::RigidRotor:  done, cpu time[sec] = 0.012327, elapsed time[sec] = 0
      Model::new_core:  done, cpu time[sec] = 0.034659, elapsed time[sec] = 0
      ground state energy, kcal/mol:   0.15
      interpolating states number/density starts
         core state contribution ... done, cpu time[sec] = 0.107895, elapsed time[sec] = 0
         electronic states contribution ... done, cpu time[sec] = 0.014402, elapsed time[sec] = 0
         vibrational modes contribution ... done, cpu time[sec] = 0.028723, elapsed time[sec] = 0
         effective power exponent at 399.849 kcal/mol = 6.36045
      interpolating states number/density done, cpu time[sec] = 1.13011, elapsed time[sec] = 0
   Model::RRHO::RRHO:  done, cpu time[sec] = 1.20162, elapsed time[sec] = 0
   WELL: W3
   Model::RRHO::RRHO:  starts
      Model::new_core:  starts
         Model::RigidRotor::RigidRotor:  starts
            molecular geometry will be used to estimate rotational constants
            rotational configuration: nonlinear
            rotational constants[1/cm]:         1.78953        1.33461       0.764474
         Model::RigidRotor::RigidRotor:  done, cpu time[sec] = 0.012045, elapsed time[sec] = 0
      Model::new_core:  done, cpu time[sec] = 0.034384, elapsed time[sec] = 0
      ground state energy, kcal/mol:   0.21
      interpolating states number/density starts
         core state contribution ... done, cpu time[sec] = 0.107763, elapsed time[sec] = 0
         electronic states contribution ... done, cpu time[sec] = 0.013928, elapsed time[sec] = 0
         vibrational modes contribution ... done, cpu time[sec] = 0.028674, elapsed time[sec] = 0
         effective power exponent at 399.789 kcal/mol = 6.35813
      interpolating states number/density done, cpu time[sec] = 1.09432, elapsed time[sec] = 0
   Model::RRHO::RRHO:  done, cpu time[sec] = 1.15659, elapsed time[sec] = 0
   WELL: W4
   Model::RRHO::RRHO:  starts
      Model::new_core:  starts
         Model::RigidRotor::RigidRotor:  starts
            molecular geometry will be used to estimate rotational constants
            rotational configuration: nonlinear
            rotational constants[1/cm]:         9.52595        1.29538        1.14032
         Model::RigidRotor::RigidRotor:  done, cpu time[sec] = 0.002818, elapsed time[sec] = 0
      Model::new_core:  done, cpu time[sec] = 0.007846, elapsed time[sec] = 0
      ground state energy, kcal/mol:   -86.72
      interpolating states number/density starts
         core state contribution ... done, cpu time[sec] = 0.003333, elapsed time[sec] = 0
         vibrational modes contribution ... done, cpu time[sec] = 0.000426, elapsed time[sec] = 0
         effective power exponent at 486.717 kcal/mol = 6.27499
      interpolating states number/density done, cpu time[sec] = 0.02698, elapsed time[sec] = 0
   Model::RRHO::RRHO:  done, cpu time[sec] = 0.040212, elapsed time[sec] = 0
   WELL: W5t
   Model::RRHO::RRHO:  starts
      Model::new_core:  starts
         Model::RigidRotor::RigidRotor:  starts
            molecular geometry will be used to estimate rotational constants
            rotational configuration: nonlinear
            rotational constants[1/cm]:         9.65604        1.21662        1.08048
         Model::RigidRotor::RigidRotor:  done, cpu time[sec] = 1.8e-05, elapsed time[sec] = 0
      Model::new_core:  done, cpu time[sec] = 2.4e-05, elapsed time[sec] = 0
      ground state energy, kcal/mol:   -34.55
      interpolating states number/density starts
         core state contribution ... done, cpu time[sec] = 0.00105, elapsed time[sec] = 0
         vibrational modes contribution ... done, cpu time[sec] = 0.000194, elapsed time[sec] = 0
         effective power exponent at 434.55 kcal/mol = 6.24835
      interpolating states number/density done, cpu time[sec] = 0.012518, elapsed time[sec] = 0
   Model::RRHO::RRHO:  done, cpu time[sec] = 0.012583, elapsed time[sec] = 0
Model::init:  done, cpu time[sec] = 4.70987, elapsed time[sec] = 0
