Model::init:  starts
   Model::ExponentialKernel::ExponentialKernel:  ... done
   Model::LennardJonesCollision::LennardJonesCollision:  ... done
   WELL: W0
   Model::RRHO::RRHO:  starts
      Model::new_core:  starts
         Model::RigidRotor::RigidRotor:  starts
            molecular geometry will be used to estimate rotational constants
            rotational configuration: nonlinear
            rotational constants[1/cm]:         23.7897       0.601083        0.58627
         Model::RigidRotor::RigidRotor:  done, cpu time[sec] = 0.003323, elapsed time[sec] = 0
      Model::new_core:  done, cpu time[sec] = 0.004065, elapsed time[sec] = 0
      ground state energy, kcal/mol:   0.15
      interpolating states number/density starts
         core state contribution ... done, cpu time[sec] = 0.128687, elapsed time[sec] = 0
         electronic states contribution ... done, cpu time[sec] = 0.00319, elapsed time[sec] = 0
         vibrational modes contribution ... done, cpu time[sec] = 0.016296, elapsed time[sec] = 0
         effective power exponent at 399.849 kcal/mol = 6.36045
      interpolating states number/density done, cpu time[sec] = 1.21213, elapsed time[sec] = 0
   Model::RRHO::RRHO:  done, cpu time[sec] = 1.21995, elapsed time[sec] = 0
   WELL: W1
   Model::RRHO::RRHO:  starts
      Model::new_core:  starts
         Model::RigidRotor::RigidRotor:  starts
            molecular geometry will be used to estimate rotational constants
            rotational configuration: nonlinear
            rotational constants[1/cm]:         2.27757        1.07738         0.7314
         Model::RigidRotor::RigidRotor:  done, cpu time[sec] = 0.001362, elapsed time[sec] = 0
      Model::new_core:  done, cpu time[sec] = 0.001965, elapsed time[sec] = 0
      ground state energy, kcal/mol:   0.19
      interpolating states number/density starts
         core state contribution ... done, cpu time[sec] = 0.106656, elapsed time[sec] = 0
         electronic states contribution ... done, cpu time[sec] = 0.002775, elapsed time[sec] = 0
         vibrational modes contribution ... done, cpu time[sec] = 0.01703, elapsed time[sec] = 0
         effective power exponent at 399.809 kcal/mol = 6.35945
      interpolating states number/density done, cpu time[sec] = 1.08431, elapsed time[sec] = 0
   Model::RRHO::RRHO:  done, cpu time[sec] = 1.08939, elapsed time[sec] = 0
   WELL: W2
   Model::RRHO::RRHO:  starts
      Model::new_core:  starts
         Model::RigidRotor::RigidRotor:  starts
            molecular geometry will be used to estimate rotational constants
            rotational configuration: nonlinear
            rotational constants[1/cm]:         23.7897       0.601083        0.58627
         Model::RigidRotor::RigidRotor:  done, cpu time[sec] = 0.001153, elapsed time[sec] = 0
      Model::new_core:  done, cpu time[sec] = 0.001747, elapsed time[sec] = 0
      ground state energy, kcal/mol:   0.15
      interpolating states number/density starts
         core state contribution ... done, cpu time[sec] = 0.09399, elapsed time[sec] = 0
         electronic states contribution ... done, cpu time[sec] = 0.003071, elapsed time[sec] = 0
         vibrational modes contribution ... done, cpu time[sec] = 0.017371, elapsed time[sec] = 0
         effective power exponent at 399.849 kcal/mol = 6.36045
      interpolating states number/density done, cpu time[sec] = 1.00162, elapsed time[sec] = 0
   Model::RRHO::RRHO:  done, cpu time[sec] = 1.00615, elapsed time[sec] = 0
   WELL: W3
   Model::RRHO::RRHO:  starts
      Model::new_core:  starts
         Model::RigidRotor::RigidRotor:  starts
            molecular geometry will be used to estimate rotational constants
            rotational configuration: nonlinear
            rotational constants[1/cm]:         1.78953        1.33461       0.764474
         Model::RigidRotor::RigidRotor:  done, cpu time[sec] = 0.001082, elapsed time[sec] = 0
      Model::new_core:  done, cpu time[sec] = 0.001686, elapsed time[sec] = 0
      ground state energy, kcal/mol:   0.21
      interpolating states number/density starts
         core state contribution ... done, cpu time[sec] = 0.093422, elapsed time[sec] = 0
         electronic states contribution ... done, cpu time[sec] = 0.002753, elapsed time[sec] = 0
         vibrational modes contribution ... done, cpu time[sec] = 0.016913, elapsed time[sec] = 0
         effective power exponent at 399.789 kcal/mol = 6.35813
      interpolating states number/density done, cpu time[sec] = 1.00788, elapsed time[sec] = 0
   Model::RRHO::RRHO:  done, cpu time[sec] = 1.01241, elapsed time[sec] = 0
   WELL: W4
   Model::RRHO::RRHO:  starts
      Model::new_core:  starts
         Model::RigidRotor::RigidRotor:  starts
            molecular geometry will be used to estimate rotational constants
            rotational configuration: nonlinear
            rotational constants[1/cm]:         9.52595        1.29538        1.14032
         Model::RigidRotor::RigidRotor:  done, cpu time[sec] = 0.001016, elapsed time[sec] = 0
      Model::new_core:  done, cpu time[sec] = 0.001613, elapsed time[sec] = 0
      ground state energy, kcal/mol:   -86.72
      interpolating states number/density starts
         core state contribution ... done, cpu time[sec] = 0.088945, elapsed time[sec] = 0
         vibrational modes contribution ... done, cpu time[sec] = 0.01076, elapsed time[sec] = 0
         effective power exponent at 486.717 kcal/mol = 6.27499
      interpolating states number/density done, cpu time[sec] = 0.22727, elapsed time[sec] = 0
   Model::RRHO::RRHO:  done, cpu time[sec] = 0.230673, elapsed time[sec] = 0
   WELL: W5t
   Model::RRHO::RRHO:  starts
      Model::new_core:  starts
         Model::RigidRotor::RigidRotor:  starts
            molecular geometry will be used to estimate rotational constants
            rotational configuration: nonlinear
            rotational constants[1/cm]:         9.65604        1.21662        1.08048
         Model::RigidRotor::RigidRotor:  done, cpu time[sec] = 1.7e-05, elapsed time[sec] = 0
      Model::new_core:  done, cpu time[sec] = 2.3e-05, elapsed time[sec] = 0
      ground state energy, kcal/mol:   -34.55
      interpolating states number/density starts
         core state contribution ... done, cpu time[sec] = 0.001045, elapsed time[sec] = 0
         vibrational modes contribution ... done, cpu time[sec] = 0.000198, elapsed time[sec] = 0
         effective power exponent at 434.55 kcal/mol = 6.24835
      interpolating states number/density done, cpu time[sec] = 0.01257, elapsed time[sec] = 0
   Model::RRHO::RRHO:  done, cpu time[sec] = 0.012633, elapsed time[sec] = 0
Model::init:  done, cpu time[sec] = 4.59032, elapsed time[sec] = 0
