Model::init:  starts
   Model::ExponentialKernel::ExponentialKernel:  ... done
   Model::LennardJonesCollision::LennardJonesCollision:  ... done
   WELL: W0
   Model::RRHO::RRHO:  starts
      Model::new_core:  starts
         Model::RigidRotor::RigidRotor:  starts
            molecular geometry will be used to estimate rotational constants
            rotational configuration: nonlinear
            rotational constants[1/cm]:         23.7897       0.601083        0.58627
         Model::RigidRotor::RigidRotor:  done, cpu time[sec] = 0.00331, elapsed time[sec] = 0
      Model::new_core:  done, cpu time[sec] = 0.004046, elapsed time[sec] = 0
      ground state energy, kcal/mol:   0.15
      interpolating states number/density starts
         core state contribution ... done, cpu time[sec] = 0.131506, elapsed time[sec] = 0
         electronic states contribution ... done, cpu time[sec] = 0.003218, elapsed time[sec] = 0
         vibrational modes contribution ... done, cpu time[sec] = 0.016051, elapsed time[sec] = 0
         effective power exponent at 399.849 kcal/mol = 6.36045
      interpolating states number/density done, cpu time[sec] = 1.2271, elapsed time[sec] = 0
   Model::RRHO::RRHO:  done, cpu time[sec] = 1.2347, elapsed time[sec] = 0
   WELL: W1
   Model::RRHO::RRHO:  starts
      Model::new_core:  starts
         Model::RigidRotor::RigidRotor:  starts
            molecular geometry will be used to estimate rotational constants
            rotational configuration: nonlinear
            rotational constants[1/cm]:         2.27757        1.07738         0.7314
         Model::RigidRotor::RigidRotor:  done, cpu time[sec] = 0.001333, elapsed time[sec] = 0
      Model::new_core:  done, cpu time[sec] = 0.001967, elapsed time[sec] = 0
      ground state energy, kcal/mol:   0.19
      interpolating states number/density starts
         core state contribution ... done, cpu time[sec] = 0.111235, elapsed time[sec] = 0
         electronic states contribution ... done, cpu time[sec] = 0.002822, elapsed time[sec] = 0
         vibrational modes contribution ... done, cpu time[sec] = 0.017313, elapsed time[sec] = 0
         effective power exponent at 399.809 kcal/mol = 6.35945
      interpolating states number/density done, cpu time[sec] = 1.10513, elapsed time[sec] = 0
   Model::RRHO::RRHO:  done, cpu time[sec] = 1.1105, elapsed time[sec] = 0
   WELL: W2
   Model::RRHO::RRHO:  starts
      Model::new_core:  starts
         Model::RigidRotor::RigidRotor:  starts
            molecular geometry will be used to estimate rotational constants
            rotational configuration: nonlinear
            rotational constants[1/cm]:         23.7897       0.601083        0.58627
         Model::RigidRotor::RigidRotor:  done, cpu time[sec] = 0.001173, elapsed time[sec] = 0
      Model::new_core:  done, cpu time[sec] = 0.001807, elapsed time[sec] = 0
      ground state energy, kcal/mol:   0.15
      interpolating states number/density starts
         core state contribution ... done, cpu time[sec] = 0.09577, elapsed time[sec] = 0
         electronic states contribution ... done, cpu time[sec] = 0.002843, elapsed time[sec] = 0
         vibrational modes contribution ... done, cpu time[sec] = 0.017283, elapsed time[sec] = 0
         effective power exponent at 399.849 kcal/mol = 6.36045
      interpolating states number/density done, cpu time[sec] = 1.03102, elapsed time[sec] = 0
   Model::RRHO::RRHO:  done, cpu time[sec] = 1.03583, elapsed time[sec] = 0
   WELL: W3
   Model::RRHO::RRHO:  starts
      Model::new_core:  starts
         Model::RigidRotor::RigidRotor:  starts
            molecular geometry will be used to estimate rotational constants
            rotational configuration: nonlinear
            rotational constants[1/cm]:         1.78953        1.33461       0.764474
         Model::RigidRotor::RigidRotor:  done, cpu time[sec] = 0.001054, elapsed time[sec] = 0
      Model::new_core:  done, cpu time[sec] = 0.001667, elapsed time[sec] = 0
      ground state energy, kcal/mol:   0.21
      interpolating states number/density starts
         core state contribution ... done, cpu time[sec] = 0.095788, elapsed time[sec] = 0
         electronic states contribution ... done, cpu time[sec] = 0.002868, elapsed time[sec] = 0
         vibrational modes contribution ... done, cpu time[sec] = 0.017324, elapsed time[sec] = 0
         effective power exponent at 399.789 kcal/mol = 6.35813
      interpolating states number/density done, cpu time[sec] = 1.02802, elapsed time[sec] = 0
   Model::RRHO::RRHO:  done, cpu time[sec] = 1.0327, elapsed time[sec] = 0
   WELL: W4
   Model::RRHO::RRHO:  starts
      Model::new_core:  starts
         Model::RigidRotor::RigidRotor:  starts
            molecular geometry will be used to estimate rotational constants
            rotational configuration: nonlinear
            rotational constants[1/cm]:         9.52595        1.29538        1.14032
         Model::RigidRotor::RigidRotor:  done, cpu time[sec] = 0.001037, elapsed time[sec] = 0
      Model::new_core:  done, cpu time[sec] = 0.001667, elapsed time[sec] = 0
      ground state energy, kcal/mol:   -86.72
      interpolating states number/density starts
         core state contribution ... done, cpu time[sec] = 0.101244, elapsed time[sec] = 0
         vibrational modes contribution ... done, cpu time[sec] = 0.005464, elapsed time[sec] = 0
         effective power exponent at 486.717 kcal/mol = 6.27499
      interpolating states number/density done, cpu time[sec] = 0.19961, elapsed time[sec] = 0
   Model::RRHO::RRHO:  done, cpu time[sec] = 0.203184, elapsed time[sec] = 0
   WELL: W5t
   Model::RRHO::RRHO:  starts
      Model::new_core:  starts
         Model::RigidRotor::RigidRotor:  starts
            molecular geometry will be used to estimate rotational constants
            rotational configuration: nonlinear
            rotational constants[1/cm]:         9.65604        1.21662        1.08048
         Model::RigidRotor::RigidRotor:  done, cpu time[sec] = 1.7e-05, elapsed time[sec] = 0
      Model::new_core:  done, cpu time[sec] = 2.4e-05, elapsed time[sec] = 0
      ground state energy, kcal/mol:   -34.55
      interpolating states number/density starts
         core state contribution ... done, cpu time[sec] = 0.00105, elapsed time[sec] = 0
         vibrational modes contribution ... done, cpu time[sec] = 0.000195, elapsed time[sec] = 0
         effective power exponent at 434.55 kcal/mol = 6.24835
      interpolating states number/density done, cpu time[sec] = 0.012654, elapsed time[sec] = 0
   Model::RRHO::RRHO:  done, cpu time[sec] = 0.012718, elapsed time[sec] = 0
Model::init:  done, cpu time[sec] = 4.64884, elapsed time[sec] = 0
