Model::init:  starts
   Model::ExponentialKernel::ExponentialKernel:  ... done
   Model::LennardJonesCollision::LennardJonesCollision:  ... done
   WELL: W0
   Model::RRHO::RRHO:  starts
      Model::new_core:  starts
         Model::RigidRotor::RigidRotor:  starts
            molecular geometry will be used to estimate rotational constants
            rotational configuration: nonlinear
            rotational constants[1/cm]:         23.7897       0.601083        0.58627
         Model::RigidRotor::RigidRotor:  done, cpu time[sec] = 0.004206, elapsed time[sec] = 0
      Model::new_core:  done, cpu time[sec] = 0.005246, elapsed time[sec] = 0
      ground state energy, kcal/mol:   0.15
      interpolating states number/density starts
         core state contribution ... done, cpu time[sec] = 0.370892, elapsed time[sec] = 0
         electronic states contribution ... done, cpu time[sec] = 0.012809, elapsed time[sec] = 0
         vibrational modes contribution ... done, cpu time[sec] = 0.027223, elapsed time[sec] = 0
         effective power exponent at 399.849 kcal/mol = 6.36045
      interpolating states number/density done, cpu time[sec] = 1.83565, elapsed time[sec] = 0
   Model::RRHO::RRHO:  done, cpu time[sec] = 1.85822, elapsed time[sec] = 0
   WELL: W1
   Model::RRHO::RRHO:  starts
      Model::new_core:  starts
         Model::RigidRotor::RigidRotor:  starts
            molecular geometry will be used to estimate rotational constants
            rotational configuration: nonlinear
            rotational constants[1/cm]:         2.27757        1.07738         0.7314
         Model::RigidRotor::RigidRotor:  done, cpu time[sec] = 0.012902, elapsed time[sec] = 0
      Model::new_core:  done, cpu time[sec] = 0.035702, elapsed time[sec] = 0
      ground state energy, kcal/mol:   0.19
      interpolating states number/density starts
         core state contribution ... done, cpu time[sec] = 0.122298, elapsed time[sec] = 0
         electronic states contribution ... done, cpu time[sec] = 0.013931, elapsed time[sec] = 0
         vibrational modes contribution ... done, cpu time[sec] = 0.029082, elapsed time[sec] = 0
         effective power exponent at 399.809 kcal/mol = 6.35945
      interpolating states number/density done, cpu time[sec] = 1.20533, elapsed time[sec] = 0
   Model::RRHO::RRHO:  done, cpu time[sec] = 1.27922, elapsed time[sec] = 0
   WELL: W2
   Model::RRHO::RRHO:  starts
      Model::new_core:  starts
         Model::RigidRotor::RigidRotor:  starts
            molecular geometry will be used to estimate rotational constants
            rotational configuration: nonlinear
            rotational constants[1/cm]:         23.7897       0.601083        0.58627
         Model::RigidRotor::RigidRotor:  done, cpu time[sec] = 0.012603, elapsed time[sec] = 0
      Model::new_core:  done, cpu time[sec] = 0.035695, elapsed time[sec] = 0
      ground state energy, kcal/mol:   0.15
      interpolating states number/density starts
         core state contribution ... done, cpu time[sec] = 0.110194, elapsed time[sec] = 0
         electronic states contribution ... done, cpu time[sec] = 0.014064, elapsed time[sec] = 0
         vibrational modes contribution ... done, cpu time[sec] = 0.02969, elapsed time[sec] = 0
         effective power exponent at 399.849 kcal/mol = 6.36045
      interpolating states number/density done, cpu time[sec] = 1.13371, elapsed time[sec] = 0
   Model::RRHO::RRHO:  done, cpu time[sec] = 1.20692, elapsed time[sec] = 0
   WELL: W3
   Model::RRHO::RRHO:  starts
      Model::new_core:  starts
         Model::RigidRotor::RigidRotor:  starts
            molecular geometry will be used to estimate rotational constants
            rotational configuration: nonlinear
            rotational constants[1/cm]:         1.78953        1.33461       0.764474
         Model::RigidRotor::RigidRotor:  done, cpu time[sec] = 0.012499, elapsed time[sec] = 0
      Model::new_core:  done, cpu time[sec] = 0.035749, elapsed time[sec] = 0
      ground state energy, kcal/mol:   0.21
      interpolating states number/density starts
         core state contribution ... done, cpu time[sec] = 0.108537, elapsed time[sec] = 0
         electronic states contribution ... done, cpu time[sec] = 0.014791, elapsed time[sec] = 0
         vibrational modes contribution ... done, cpu time[sec] = 0.028917, elapsed time[sec] = 0
         effective power exponent at 399.789 kcal/mol = 6.35813
      interpolating states number/density done, cpu time[sec] = 0.312859, elapsed time[sec] = 0
   Model::RRHO::RRHO:  done, cpu time[sec] = 0.372973, elapsed time[sec] = 0
   WELL: W4
   Model::RRHO::RRHO:  starts
      Model::new_core:  starts
         Model::RigidRotor::RigidRotor:  starts
            molecular geometry will be used to estimate rotational constants
            rotational configuration: nonlinear
            rotational constants[1/cm]:         9.52595        1.29538        1.14032
         Model::RigidRotor::RigidRotor:  done, cpu time[sec] = 1.4e-05, elapsed time[sec] = 0
      Model::new_core:  done, cpu time[sec] = 2e-05, elapsed time[sec] = 0
      ground state energy, kcal/mol:   -86.72
      interpolating states number/density starts
         core state contribution ... done, cpu time[sec] = 0.001279, elapsed time[sec] = 0
         vibrational modes contribution ... done, cpu time[sec] = 0.000212, elapsed time[sec] = 0
         effective power exponent at 486.717 kcal/mol = 6.27499
      interpolating states number/density done, cpu time[sec] = 0.014591, elapsed time[sec] = 0
   Model::RRHO::RRHO:  done, cpu time[sec] = 0.014657, elapsed time[sec] = 0
   WELL: W5t
   Model::RRHO::RRHO:  starts
      Model::new_core:  starts
         Model::RigidRotor::RigidRotor:  starts
            molecular geometry will be used to estimate rotational constants
            rotational configuration: nonlinear
            rotational constants[1/cm]:         9.65604        1.21662        1.08048
         Model::RigidRotor::RigidRotor:  done, cpu time[sec] = 1.7e-05, elapsed time[sec] = 0
      Model::new_core:  done, cpu time[sec] = 2.3e-05, elapsed time[sec] = 0
      ground state energy, kcal/mol:   -34.55
      interpolating states number/density starts
         core state contribution ... done, cpu time[sec] = 0.001046, elapsed time[sec] = 0
         vibrational modes contribution ... done, cpu time[sec] = 0.000194, elapsed time[sec] = 0
         effective power exponent at 434.55 kcal/mol = 6.24835
      interpolating states number/density done, cpu time[sec] = 0.012461, elapsed time[sec] = 0
   Model::RRHO::RRHO:  done, cpu time[sec] = 0.012525, elapsed time[sec] = 0
Model::init:  done, cpu time[sec] = 4.79806, elapsed time[sec] = 0
