Model::init:  starts
   Model::ExponentialKernel::ExponentialKernel:  ... done
   Model::LennardJonesCollision::LennardJonesCollision:  ... done
   WELL: W0
   Model::RRHO::RRHO:  starts
      Model::new_core:  starts
         Model::RigidRotor::RigidRotor:  starts
            molecular geometry will be used to estimate rotational constants
            rotational configuration: nonlinear
            rotational constants[1/cm]:         23.7897       0.601083        0.58627
         Model::RigidRotor::RigidRotor:  done, cpu time[sec] = 0.002172, elapsed time[sec] = 0
      Model::new_core:  done, cpu time[sec] = 0.002574, elapsed time[sec] = 0
      ground state energy, kcal/mol:   0.15
      interpolating states number/density starts
         core state contribution ... done, cpu time[sec] = 0.389747, elapsed time[sec] = 0
         electronic states contribution ... done, cpu time[sec] = 0.00281, elapsed time[sec] = 0
         vibrational modes contribution ... done, cpu time[sec] = 0.019158, elapsed time[sec] = 0
         effective power exponent at 399.849 kcal/mol = 6.36045
      interpolating states number/density done, cpu time[sec] = 1.43663, elapsed time[sec] = 0
   Model::RRHO::RRHO:  done, cpu time[sec] = 1.44161, elapsed time[sec] = 0
   WELL: W1
   Model::RRHO::RRHO:  starts
      Model::new_core:  starts
         Model::RigidRotor::RigidRotor:  starts
            molecular geometry will be used to estimate rotational constants
            rotational configuration: nonlinear
            rotational constants[1/cm]:         2.27757        1.07738         0.7314
         Model::RigidRotor::RigidRotor:  done, cpu time[sec] = 0.001251, elapsed time[sec] = 0
      Model::new_core:  done, cpu time[sec] = 0.001878, elapsed time[sec] = 0
      ground state energy, kcal/mol:   0.19
      interpolating states number/density starts
         core state contribution ... done, cpu time[sec] = 0.074997, elapsed time[sec] = 0
         electronic states contribution ... done, cpu time[sec] = 0.003175, elapsed time[sec] = 0
         vibrational modes contribution ... done, cpu time[sec] = 0.018824, elapsed time[sec] = 0
         effective power exponent at 399.809 kcal/mol = 6.35945
      interpolating states number/density done, cpu time[sec] = 0.769118, elapsed time[sec] = 0
   Model::RRHO::RRHO:  done, cpu time[sec] = 0.773955, elapsed time[sec] = 0
   WELL: W2
   Model::RRHO::RRHO:  starts
      Model::new_core:  starts
         Model::RigidRotor::RigidRotor:  starts
            molecular geometry will be used to estimate rotational constants
            rotational configuration: nonlinear
            rotational constants[1/cm]:         23.7897       0.601083        0.58627
         Model::RigidRotor::RigidRotor:  done, cpu time[sec] = 0.001051, elapsed time[sec] = 0
      Model::new_core:  done, cpu time[sec] = 0.001675, elapsed time[sec] = 0
      ground state energy, kcal/mol:   0.15
      interpolating states number/density starts
         core state contribution ... done, cpu time[sec] = 0.064299, elapsed time[sec] = 0
         electronic states contribution ... done, cpu time[sec] = 0.003146, elapsed time[sec] = 0
         vibrational modes contribution ... done, cpu time[sec] = 0.017387, elapsed time[sec] = 0
         effective power exponent at 399.849 kcal/mol = 6.36045
      interpolating states number/density done, cpu time[sec] = 0.721991, elapsed time[sec] = 0
   Model::RRHO::RRHO:  done, cpu time[sec] = 0.726466, elapsed time[sec] = 0
   WELL: W3
   Model::RRHO::RRHO:  starts
      Model::new_core:  starts
         Model::RigidRotor::RigidRotor:  starts
            molecular geometry will be used to estimate rotational constants
            rotational configuration: nonlinear
            rotational constants[1/cm]:         1.78953        1.33461       0.764474
         Model::RigidRotor::RigidRotor:  done, cpu time[sec] = 0.001143, elapsed time[sec] = 0
      Model::new_core:  done, cpu time[sec] = 0.001816, elapsed time[sec] = 0
      ground state energy, kcal/mol:   0.21
      interpolating states number/density starts
         core state contribution ... done, cpu time[sec] = 0.063859, elapsed time[sec] = 0
         electronic states contribution ... done, cpu time[sec] = 0.003146, elapsed time[sec] = 0
         vibrational modes contribution ... done, cpu time[sec] = 0.016598, elapsed time[sec] = 0
         effective power exponent at 399.789 kcal/mol = 6.35813
      interpolating states number/density done, cpu time[sec] = 0.705237, elapsed time[sec] = 0
   Model::RRHO::RRHO:  done, cpu time[sec] = 0.709761, elapsed time[sec] = 0
   WELL: W4
   Model::RRHO::RRHO:  starts
      Model::new_core:  starts
         Model::RigidRotor::RigidRotor:  starts
            molecular geometry will be used to estimate rotational constants
            rotational configuration: nonlinear
            rotational constants[1/cm]:         9.52595        1.29538        1.14032
         Model::RigidRotor::RigidRotor:  done, cpu time[sec] = 0.001058, elapsed time[sec] = 0
      Model::new_core:  done, cpu time[sec] = 0.001663, elapsed time[sec] = 0
      ground state energy, kcal/mol:   -86.72
      interpolating states number/density starts
         core state contribution ... done, cpu time[sec] = 0.083072, elapsed time[sec] = 0
         vibrational modes contribution ... done, cpu time[sec] = 0.021129, elapsed time[sec] = 0
         effective power exponent at 486.717 kcal/mol = 6.27499
      interpolating states number/density done, cpu time[sec] = 0.851915, elapsed time[sec] = 0
   Model::RRHO::RRHO:  done, cpu time[sec] = 0.855686, elapsed time[sec] = 0
   WELL: W5t
   Model::RRHO::RRHO:  starts
      Model::new_core:  starts
         Model::RigidRotor::RigidRotor:  starts
            molecular geometry will be used to estimate rotational constants
            rotational configuration: nonlinear
            rotational constants[1/cm]:         9.65604        1.21662        1.08048
         Model::RigidRotor::RigidRotor:  done, cpu time[sec] = 0.000297, elapsed time[sec] = 0
      Model::new_core:  done, cpu time[sec] = 0.000422, elapsed time[sec] = 0
      ground state energy, kcal/mol:   -34.55
      interpolating states number/density starts
         core state contribution ... done, cpu time[sec] = 0.011935, elapsed time[sec] = 0
         vibrational modes contribution ... done, cpu time[sec] = 0.002735, elapsed time[sec] = 0
         effective power exponent at 434.55 kcal/mol = 6.24835
      interpolating states number/density done, cpu time[sec] = 0.070147, elapsed time[sec] = 0
   Model::RRHO::RRHO:  done, cpu time[sec] = 0.071114, elapsed time[sec] = 0
Model::init:  done, cpu time[sec] = 4.59481, elapsed time[sec] = 0
