Model::init:  starts
   Model::ExponentialKernel::ExponentialKernel:  ... done
   Model::LennardJonesCollision::LennardJonesCollision:  ... done
   WELL: W0
   Model::RRHO::RRHO:  starts
      Model::new_core:  starts
         Model::RigidRotor::RigidRotor:  starts
            molecular geometry will be used to estimate rotational constants
            rotational configuration: nonlinear
            rotational constants[1/cm]:         23.7897       0.601083        0.58627
         Model::RigidRotor::RigidRotor:  done, cpu time[sec] = 0.003259, elapsed time[sec] = 0
      Model::new_core:  done, cpu time[sec] = 0.004017, elapsed time[sec] = 0
      ground state energy, kcal/mol:   0.15
      interpolating states number/density starts
         core state contribution ... done, cpu time[sec] = 0.116131, elapsed time[sec] = 0
         electronic states contribution ... done, cpu time[sec] = 0.002714, elapsed time[sec] = 0
         vibrational modes contribution ... done, cpu time[sec] = 0.0166, elapsed time[sec] = 0
         effective power exponent at 399.849 kcal/mol = 6.36045
      interpolating states number/density done, cpu time[sec] = 1.23358, elapsed time[sec] = 0
   Model::RRHO::RRHO:  done, cpu time[sec] = 1.253, elapsed time[sec] = 0
   WELL: W1
   Model::RRHO::RRHO:  starts
      Model::new_core:  starts
         Model::RigidRotor::RigidRotor:  starts
            molecular geometry will be used to estimate rotational constants
            rotational configuration: nonlinear
            rotational constants[1/cm]:         2.27757        1.07738         0.7314
         Model::RigidRotor::RigidRotor:  done, cpu time[sec] = 0.01202, elapsed time[sec] = 0
      Model::new_core:  done, cpu time[sec] = 0.033854, elapsed time[sec] = 0
      ground state energy, kcal/mol:   0.19
      interpolating states number/density starts
         core state contribution ... done, cpu time[sec] = 0.123146, elapsed time[sec] = 0
         electronic states contribution ... done, cpu time[sec] = 0.014595, elapsed time[sec] = 0
         vibrational modes contribution ... done, cpu time[sec] = 0.028704, elapsed time[sec] = 0
         effective power exponent at 399.809 kcal/mol = 6.35945
      interpolating states number/density done, cpu time[sec] = 1.20674, elapsed time[sec] = 0
   Model::RRHO::RRHO:  done, cpu time[sec] = 1.27715, elapsed time[sec] = 0
   WELL: W2
   Model::RRHO::RRHO:  starts
      Model::new_core:  starts
         Model::RigidRotor::RigidRotor:  starts
            molecular geometry will be used to estimate rotational constants
            rotational configuration: nonlinear
            rotational constants[1/cm]:         23.7897       0.601083        0.58627
         Model::RigidRotor::RigidRotor:  done, cpu time[sec] = 0.011853, elapsed time[sec] = 0
      Model::new_core:  done, cpu time[sec] = 0.03366, elapsed time[sec] = 0
      ground state energy, kcal/mol:   0.15
      interpolating states number/density starts
         core state contribution ... done, cpu time[sec] = 0.109789, elapsed time[sec] = 0
         electronic states contribution ... done, cpu time[sec] = 0.014091, elapsed time[sec] = 0
         vibrational modes contribution ... done, cpu time[sec] = 0.02883, elapsed time[sec] = 0
         effective power exponent at 399.849 kcal/mol = 6.36045
      interpolating states number/density done, cpu time[sec] = 1.14051, elapsed time[sec] = 0
   Model::RRHO::RRHO:  done, cpu time[sec] = 1.21033, elapsed time[sec] = 0
   WELL: W3
   Model::RRHO::RRHO:  starts
      Model::new_core:  starts
         Model::RigidRotor::RigidRotor:  starts
            molecular geometry will be used to estimate rotational constants
            rotational configuration: nonlinear
            rotational constants[1/cm]:         1.78953        1.33461       0.764474
         Model::RigidRotor::RigidRotor:  done, cpu time[sec] = 0.012327, elapsed time[sec] = 0
      Model::new_core:  done, cpu time[sec] = 0.03466, elapsed time[sec] = 0
      ground state energy, kcal/mol:   0.21
      interpolating states number/density starts
         core state contribution ... done, cpu time[sec] = 0.11074, elapsed time[sec] = 0
         electronic states contribution ... done, cpu time[sec] = 0.014101, elapsed time[sec] = 0
         vibrational modes contribution ... done, cpu time[sec] = 0.028793, elapsed time[sec] = 0
         effective power exponent at 399.789 kcal/mol = 6.35813
      interpolating states number/density done, cpu time[sec] = 0.84743, elapsed time[sec] = 0
   Model::RRHO::RRHO:  done, cpu time[sec] = 0.905747, elapsed time[sec] = 0
   WELL: W4
   Model::RRHO::RRHO:  starts
      Model::new_core:  starts
         Model::RigidRotor::RigidRotor:  starts
            molecular geometry will be used to estimate rotational constants
            rotational configuration: nonlinear
            rotational constants[1/cm]:         9.52595        1.29538        1.14032
         Model::RigidRotor::RigidRotor:  done, cpu time[sec] = 7.2e-05, elapsed time[sec] = 0
      Model::new_core:  done, cpu time[sec] = 0.000105, elapsed time[sec] = 0
      ground state energy, kcal/mol:   -86.72
      interpolating states number/density starts
         core state contribution ... done, cpu time[sec] = 0.004408, elapsed time[sec] = 0
         vibrational modes contribution ... done, cpu time[sec] = 0.000429, elapsed time[sec] = 0
         effective power exponent at 486.717 kcal/mol = 6.27499
      interpolating states number/density done, cpu time[sec] = 0.023362, elapsed time[sec] = 0
   Model::RRHO::RRHO:  done, cpu time[sec] = 0.023604, elapsed time[sec] = 0
   WELL: W5t
   Model::RRHO::RRHO:  starts
      Model::new_core:  starts
         Model::RigidRotor::RigidRotor:  starts
            molecular geometry will be used to estimate rotational constants
            rotational configuration: nonlinear
            rotational constants[1/cm]:         9.65604        1.21662        1.08048
         Model::RigidRotor::RigidRotor:  done, cpu time[sec] = 1.5e-05, elapsed time[sec] = 0
      Model::new_core:  done, cpu time[sec] = 2.3e-05, elapsed time[sec] = 0
      ground state energy, kcal/mol:   -34.55
      interpolating states number/density starts
         core state contribution ... done, cpu time[sec] = 0.001055, elapsed time[sec] = 0
         vibrational modes contribution ... done, cpu time[sec] = 0.000197, elapsed time[sec] = 0
         effective power exponent at 434.55 kcal/mol = 6.24835
      interpolating states number/density done, cpu time[sec] = 0.012606, elapsed time[sec] = 0
   Model::RRHO::RRHO:  done, cpu time[sec] = 0.012667, elapsed time[sec] = 0
Model::init:  done, cpu time[sec] = 4.73181, elapsed time[sec] = 0
