Model::init:  starts
   Model::ExponentialKernel::ExponentialKernel:  ... done
   Model::LennardJonesCollision::LennardJonesCollision:  ... done
   WELL: W0
   Model::RRHO::RRHO:  starts
      Model::new_core:  starts
         Model::RigidRotor::RigidRotor:  starts
            molecular geometry will be used to estimate rotational constants
            rotational configuration: nonlinear
            rotational constants[1/cm]:         23.7897       0.601083        0.58627
         Model::RigidRotor::RigidRotor:  done, cpu time[sec] = 0.001934, elapsed time[sec] = 0
      Model::new_core:  done, cpu time[sec] = 0.002354, elapsed time[sec] = 0
      ground state energy, kcal/mol:   0.15
      interpolating states number/density starts
         core state contribution ... done, cpu time[sec] = 0.063454, elapsed time[sec] = 0
         electronic states contribution ... done, cpu time[sec] = 0.002517, elapsed time[sec] = 0
         vibrational modes contribution ... done, cpu time[sec] = 0.015461, elapsed time[sec] = 0
         effective power exponent at 399.849 kcal/mol = 6.36045
      interpolating states number/density done, cpu time[sec] = 1.03959, elapsed time[sec] = 0
   Model::RRHO::RRHO:  done, cpu time[sec] = 1.05602, elapsed time[sec] = 0
   WELL: W1
   Model::RRHO::RRHO:  starts
      Model::new_core:  starts
         Model::RigidRotor::RigidRotor:  starts
            molecular geometry will be used to estimate rotational constants
            rotational configuration: nonlinear
            rotational constants[1/cm]:         2.27757        1.07738         0.7314
         Model::RigidRotor::RigidRotor:  done, cpu time[sec] = 0.011288, elapsed time[sec] = 0
      Model::new_core:  done, cpu time[sec] = 0.031813, elapsed time[sec] = 0
      ground state energy, kcal/mol:   0.19
      interpolating states number/density starts
         core state contribution ... done, cpu time[sec] = 0.111985, elapsed time[sec] = 0
         electronic states contribution ... done, cpu time[sec] = 0.012846, elapsed time[sec] = 0
         vibrational modes contribution ... done, cpu time[sec] = 0.026587, elapsed time[sec] = 0
         effective power exponent at 399.809 kcal/mol = 6.35945
      interpolating states number/density done, cpu time[sec] = 1.10802, elapsed time[sec] = 0
   Model::RRHO::RRHO:  done, cpu time[sec] = 1.17446, elapsed time[sec] = 0
   WELL: W2
   Model::RRHO::RRHO:  starts
      Model::new_core:  starts
         Model::RigidRotor::RigidRotor:  starts
            molecular geometry will be used to estimate rotational constants
            rotational configuration: nonlinear
            rotational constants[1/cm]:         23.7897       0.601083        0.58627
         Model::RigidRotor::RigidRotor:  done, cpu time[sec] = 0.011503, elapsed time[sec] = 0
      Model::new_core:  done, cpu time[sec] = 0.032819, elapsed time[sec] = 0
      ground state energy, kcal/mol:   0.15
      interpolating states number/density starts
         core state contribution ... done, cpu time[sec] = 0.099863, elapsed time[sec] = 0
         electronic states contribution ... done, cpu time[sec] = 0.012875, elapsed time[sec] = 0
         vibrational modes contribution ... done, cpu time[sec] = 0.026994, elapsed time[sec] = 0
         effective power exponent at 399.849 kcal/mol = 6.36045
      interpolating states number/density done, cpu time[sec] = 1.05581, elapsed time[sec] = 0
   Model::RRHO::RRHO:  done, cpu time[sec] = 1.1238, elapsed time[sec] = 0
   WELL: W3
   Model::RRHO::RRHO:  starts
      Model::new_core:  starts
         Model::RigidRotor::RigidRotor:  starts
            molecular geometry will be used to estimate rotational constants
            rotational configuration: nonlinear
            rotational constants[1/cm]:         1.78953        1.33461       0.764474
         Model::RigidRotor::RigidRotor:  done, cpu time[sec] = 0.011671, elapsed time[sec] = 0
      Model::new_core:  done, cpu time[sec] = 0.033244, elapsed time[sec] = 0
      ground state energy, kcal/mol:   0.21
      interpolating states number/density starts
         core state contribution ... done, cpu time[sec] = 0.103543, elapsed time[sec] = 0
         electronic states contribution ... done, cpu time[sec] = 0.013054, elapsed time[sec] = 0
         vibrational modes contribution ... done, cpu time[sec] = 0.026789, elapsed time[sec] = 0
         effective power exponent at 399.789 kcal/mol = 6.35813
      interpolating states number/density done, cpu time[sec] = 0.968502, elapsed time[sec] = 0
   Model::RRHO::RRHO:  done, cpu time[sec] = 1.02496, elapsed time[sec] = 0
   WELL: W4
   Model::RRHO::RRHO:  starts
      Model::new_core:  starts
         Model::RigidRotor::RigidRotor:  starts
            molecular geometry will be used to estimate rotational constants
            rotational configuration: nonlinear
            rotational constants[1/cm]:         9.52595        1.29538        1.14032
         Model::RigidRotor::RigidRotor:  done, cpu time[sec] = 0.000182, elapsed time[sec] = 0
      Model::new_core:  done, cpu time[sec] = 0.000273, elapsed time[sec] = 0
      ground state energy, kcal/mol:   -86.72
      interpolating states number/density starts
         core state contribution ... done, cpu time[sec] = 0.015246, elapsed time[sec] = 0
         vibrational modes contribution ... done, cpu time[sec] = 0.001931, elapsed time[sec] = 0
         effective power exponent at 486.717 kcal/mol = 6.27499
      interpolating states number/density done, cpu time[sec] = 0.057164, elapsed time[sec] = 0
   Model::RRHO::RRHO:  done, cpu time[sec] = 0.057752, elapsed time[sec] = 0
   WELL: W5t
   Model::RRHO::RRHO:  starts
      Model::new_core:  starts
         Model::RigidRotor::RigidRotor:  starts
            molecular geometry will be used to estimate rotational constants
            rotational configuration: nonlinear
            rotational constants[1/cm]:         9.65604        1.21662        1.08048
         Model::RigidRotor::RigidRotor:  done, cpu time[sec] = 1.5e-05, elapsed time[sec] = 0
      Model::new_core:  done, cpu time[sec] = 2.1e-05, elapsed time[sec] = 0
      ground state energy, kcal/mol:   -34.55
      interpolating states number/density starts
         core state contribution ... done, cpu time[sec] = 0.001059, elapsed time[sec] = 0
         vibrational modes contribution ... done, cpu time[sec] = 0.000198, elapsed time[sec] = 0
         effective power exponent at 434.55 kcal/mol = 6.24835
      interpolating states number/density done, cpu time[sec] = 0.012648, elapsed time[sec] = 0
   Model::RRHO::RRHO:  done, cpu time[sec] = 0.01271, elapsed time[sec] = 0
Model::init:  done, cpu time[sec] = 4.49494, elapsed time[sec] = 0
