Model::init:  starts
   Model::ExponentialKernel::ExponentialKernel:  ... done
   Model::LennardJonesCollision::LennardJonesCollision:  ... done
   WELL: W0
   Model::RRHO::RRHO:  starts
      Model::new_core:  starts
         Model::RigidRotor::RigidRotor:  starts
            molecular geometry will be used to estimate rotational constants
            rotational configuration: nonlinear
            rotational constants[1/cm]:         23.7897       0.601083        0.58627
         Model::RigidRotor::RigidRotor:  done, cpu time[sec] = 0.004607, elapsed time[sec] = 0
      Model::new_core:  done, cpu time[sec] = 0.00555, elapsed time[sec] = 0
      ground state energy, kcal/mol:   0.15
      interpolating states number/density starts
         core state contribution ... done, cpu time[sec] = 0.08173, elapsed time[sec] = 0
         electronic states contribution ... done, cpu time[sec] = 0.003012, elapsed time[sec] = 0
         vibrational modes contribution ... done, cpu time[sec] = 0.017006, elapsed time[sec] = 0
         effective power exponent at 399.849 kcal/mol = 6.36045
      interpolating states number/density done, cpu time[sec] = 0.871884, elapsed time[sec] = 0
   Model::RRHO::RRHO:  done, cpu time[sec] = 0.881518, elapsed time[sec] = 0
   WELL: W1
   Model::RRHO::RRHO:  starts
      Model::new_core:  starts
         Model::RigidRotor::RigidRotor:  starts
            molecular geometry will be used to estimate rotational constants
            rotational configuration: nonlinear
            rotational constants[1/cm]:         2.27757        1.07738         0.7314
         Model::RigidRotor::RigidRotor:  done, cpu time[sec] = 0.001349, elapsed time[sec] = 0
      Model::new_core:  done, cpu time[sec] = 0.002027, elapsed time[sec] = 0
      ground state energy, kcal/mol:   0.19
      interpolating states number/density starts
         core state contribution ... done, cpu time[sec] = 0.077434, elapsed time[sec] = 0
         electronic states contribution ... done, cpu time[sec] = 0.00342, elapsed time[sec] = 0
         vibrational modes contribution ... done, cpu time[sec] = 0.017291, elapsed time[sec] = 0
         effective power exponent at 399.809 kcal/mol = 6.35945
      interpolating states number/density done, cpu time[sec] = 0.792051, elapsed time[sec] = 0
   Model::RRHO::RRHO:  done, cpu time[sec] = 0.79729, elapsed time[sec] = 0
   WELL: W2
   Model::RRHO::RRHO:  starts
      Model::new_core:  starts
         Model::RigidRotor::RigidRotor:  starts
            molecular geometry will be used to estimate rotational constants
            rotational configuration: nonlinear
            rotational constants[1/cm]:         23.7897       0.601083        0.58627
         Model::RigidRotor::RigidRotor:  done, cpu time[sec] = 0.001221, elapsed time[sec] = 0
      Model::new_core:  done, cpu time[sec] = 0.001839, elapsed time[sec] = 0
      ground state energy, kcal/mol:   0.15
      interpolating states number/density starts
         core state contribution ... done, cpu time[sec] = 0.065758, elapsed time[sec] = 0
         electronic states contribution ... done, cpu time[sec] = 0.003162, elapsed time[sec] = 0
         vibrational modes contribution ... done, cpu time[sec] = 0.018029, elapsed time[sec] = 0
         effective power exponent at 399.849 kcal/mol = 6.36045
      interpolating states number/density done, cpu time[sec] = 0.730696, elapsed time[sec] = 0
   Model::RRHO::RRHO:  done, cpu time[sec] = 0.735367, elapsed time[sec] = 0
   WELL: W3
   Model::RRHO::RRHO:  starts
      Model::new_core:  starts
         Model::RigidRotor::RigidRotor:  starts
            molecular geometry will be used to estimate rotational constants
            rotational configuration: nonlinear
            rotational constants[1/cm]:         1.78953        1.33461       0.764474
         Model::RigidRotor::RigidRotor:  done, cpu time[sec] = 0.001116, elapsed time[sec] = 0
      Model::new_core:  done, cpu time[sec] = 0.001759, elapsed time[sec] = 0
      ground state energy, kcal/mol:   0.21
      interpolating states number/density starts
         core state contribution ... done, cpu time[sec] = 0.065653, elapsed time[sec] = 0
         electronic states contribution ... done, cpu time[sec] = 0.003173, elapsed time[sec] = 0
         vibrational modes contribution ... done, cpu time[sec] = 0.017075, elapsed time[sec] = 0
         effective power exponent at 399.789 kcal/mol = 6.35813
      interpolating states number/density done, cpu time[sec] = 0.731298, elapsed time[sec] = 0
   Model::RRHO::RRHO:  done, cpu time[sec] = 0.735868, elapsed time[sec] = 0
   WELL: W4
   Model::RRHO::RRHO:  starts
      Model::new_core:  starts
         Model::RigidRotor::RigidRotor:  starts
            molecular geometry will be used to estimate rotational constants
            rotational configuration: nonlinear
            rotational constants[1/cm]:         9.52595        1.29538        1.14032
         Model::RigidRotor::RigidRotor:  done, cpu time[sec] = 0.001087, elapsed time[sec] = 0
      Model::new_core:  done, cpu time[sec] = 0.001726, elapsed time[sec] = 0
      ground state energy, kcal/mol:   -86.72
      interpolating states number/density starts
         core state contribution ... done, cpu time[sec] = 0.087792, elapsed time[sec] = 0
         vibrational modes contribution ... done, cpu time[sec] = 0.021791, elapsed time[sec] = 0
         effective power exponent at 486.717 kcal/mol = 6.27499
      interpolating states number/density done, cpu time[sec] = 0.968263, elapsed time[sec] = 0
   Model::RRHO::RRHO:  done, cpu time[sec] = 0.973384, elapsed time[sec] = 0
   WELL: W5t
   Model::RRHO::RRHO:  starts
      Model::new_core:  starts
         Model::RigidRotor::RigidRotor:  starts
            molecular geometry will be used to estimate rotational constants
            rotational configuration: nonlinear
            rotational constants[1/cm]:         9.65604        1.21662        1.08048
         Model::RigidRotor::RigidRotor:  done, cpu time[sec] = 0.001481, elapsed time[sec] = 0
      Model::new_core:  done, cpu time[sec] = 0.002127, elapsed time[sec] = 0
      ground state energy, kcal/mol:   -34.55
      interpolating states number/density starts
         core state contribution ... done, cpu time[sec] = 0.071944, elapsed time[sec] = 0
         vibrational modes contribution ... done, cpu time[sec] = 0.01938, elapsed time[sec] = 0
         effective power exponent at 434.55 kcal/mol = 6.24835
      interpolating states number/density done, cpu time[sec] = 0.53815, elapsed time[sec] = 0
   Model::RRHO::RRHO:  done, cpu time[sec] = 0.542279, elapsed time[sec] = 0
Model::init:  done, cpu time[sec] = 4.69085, elapsed time[sec] = 0
