Model::init:  starts
   Model::ExponentialKernel::ExponentialKernel:  ... done
   Model::LennardJonesCollision::LennardJonesCollision:  ... done
   WELL: W0
   Model::RRHO::RRHO:  starts
      Model::new_core:  starts
         Model::RigidRotor::RigidRotor:  starts
            molecular geometry will be used to estimate rotational constants
            rotational configuration: nonlinear
            rotational constants[1/cm]:         23.7897       0.601083        0.58627
         Model::RigidRotor::RigidRotor:  done, cpu time[sec] = 0.003337, elapsed time[sec] = 0
      Model::new_core:  done, cpu time[sec] = 0.004472, elapsed time[sec] = 0
      ground state energy, kcal/mol:   0.15
      interpolating states number/density starts
         core state contribution ... done, cpu time[sec] = 0.170614, elapsed time[sec] = 0
         electronic states contribution ... done, cpu time[sec] = 0.012202, elapsed time[sec] = 0
         vibrational modes contribution ... done, cpu time[sec] = 0.026333, elapsed time[sec] = 0
         effective power exponent at 399.849 kcal/mol = 6.36045
      interpolating states number/density done, cpu time[sec] = 1.42835, elapsed time[sec] = 0
   Model::RRHO::RRHO:  done, cpu time[sec] = 1.44856, elapsed time[sec] = 0
   WELL: W1
   Model::RRHO::RRHO:  starts
      Model::new_core:  starts
         Model::RigidRotor::RigidRotor:  starts
            molecular geometry will be used to estimate rotational constants
            rotational configuration: nonlinear
            rotational constants[1/cm]:         2.27757        1.07738         0.7314
         Model::RigidRotor::RigidRotor:  done, cpu time[sec] = 0.01188, elapsed time[sec] = 0
      Model::new_core:  done, cpu time[sec] = 0.032926, elapsed time[sec] = 0
      ground state energy, kcal/mol:   0.19
      interpolating states number/density starts
         core state contribution ... done, cpu time[sec] = 0.121726, elapsed time[sec] = 0
         electronic states contribution ... done, cpu time[sec] = 0.013018, elapsed time[sec] = 0
         vibrational modes contribution ... done, cpu time[sec] = 0.028396, elapsed time[sec] = 0
         effective power exponent at 399.809 kcal/mol = 6.35945
      interpolating states number/density done, cpu time[sec] = 1.24708, elapsed time[sec] = 0
   Model::RRHO::RRHO:  done, cpu time[sec] = 1.31536, elapsed time[sec] = 0
   WELL: W2
   Model::RRHO::RRHO:  starts
      Model::new_core:  starts
         Model::RigidRotor::RigidRotor:  starts
            molecular geometry will be used to estimate rotational constants
            rotational configuration: nonlinear
            rotational constants[1/cm]:         23.7897       0.601083        0.58627
         Model::RigidRotor::RigidRotor:  done, cpu time[sec] = 0.011467, elapsed time[sec] = 0
      Model::new_core:  done, cpu time[sec] = 0.032595, elapsed time[sec] = 0
      ground state energy, kcal/mol:   0.15
      interpolating states number/density starts
         core state contribution ... done, cpu time[sec] = 0.11018, elapsed time[sec] = 0
         electronic states contribution ... done, cpu time[sec] = 0.013144, elapsed time[sec] = 0
         vibrational modes contribution ... done, cpu time[sec] = 0.028911, elapsed time[sec] = 0
         effective power exponent at 399.849 kcal/mol = 6.36045
      interpolating states number/density done, cpu time[sec] = 1.18935, elapsed time[sec] = 0
   Model::RRHO::RRHO:  done, cpu time[sec] = 1.25734, elapsed time[sec] = 0
   WELL: W3
   Model::RRHO::RRHO:  starts
      Model::new_core:  starts
         Model::RigidRotor::RigidRotor:  starts
            molecular geometry will be used to estimate rotational constants
            rotational configuration: nonlinear
            rotational constants[1/cm]:         1.78953        1.33461       0.764474
         Model::RigidRotor::RigidRotor:  done, cpu time[sec] = 0.011426, elapsed time[sec] = 0
      Model::new_core:  done, cpu time[sec] = 0.032841, elapsed time[sec] = 0
      ground state energy, kcal/mol:   0.21
      interpolating states number/density starts
         core state contribution ... done, cpu time[sec] = 0.110807, elapsed time[sec] = 0
         electronic states contribution ... done, cpu time[sec] = 0.013163, elapsed time[sec] = 0
         vibrational modes contribution ... done, cpu time[sec] = 0.028359, elapsed time[sec] = 0
         effective power exponent at 399.789 kcal/mol = 6.35813
      interpolating states number/density done, cpu time[sec] = 0.70439, elapsed time[sec] = 0
   Model::RRHO::RRHO:  done, cpu time[sec] = 0.759741, elapsed time[sec] = 0
   WELL: W4
   Model::RRHO::RRHO:  starts
      Model::new_core:  starts
         Model::RigidRotor::RigidRotor:  starts
            molecular geometry will be used to estimate rotational constants
            rotational configuration: nonlinear
            rotational constants[1/cm]:         9.52595        1.29538        1.14032
         Model::RigidRotor::RigidRotor:  done, cpu time[sec] = 1.2e-05, elapsed time[sec] = 0
      Model::new_core:  done, cpu time[sec] = 1.9e-05, elapsed time[sec] = 0
      ground state energy, kcal/mol:   -86.72
      interpolating states number/density starts
         core state contribution ... done, cpu time[sec] = 0.001308, elapsed time[sec] = 0
         vibrational modes contribution ... done, cpu time[sec] = 0.000214, elapsed time[sec] = 0
         effective power exponent at 486.717 kcal/mol = 6.27499
      interpolating states number/density done, cpu time[sec] = 0.0151, elapsed time[sec] = 0
   Model::RRHO::RRHO:  done, cpu time[sec] = 0.015166, elapsed time[sec] = 0
   WELL: W5t
   Model::RRHO::RRHO:  starts
      Model::new_core:  starts
         Model::RigidRotor::RigidRotor:  starts
            molecular geometry will be used to estimate rotational constants
            rotational configuration: nonlinear
            rotational constants[1/cm]:         9.65604        1.21662        1.08048
         Model::RigidRotor::RigidRotor:  done, cpu time[sec] = 1.5e-05, elapsed time[sec] = 0
      Model::new_core:  done, cpu time[sec] = 2.1e-05, elapsed time[sec] = 0
      ground state energy, kcal/mol:   -34.55
      interpolating states number/density starts
         core state contribution ... done, cpu time[sec] = 0.001045, elapsed time[sec] = 0
         vibrational modes contribution ... done, cpu time[sec] = 0.000197, elapsed time[sec] = 0
         effective power exponent at 434.55 kcal/mol = 6.24835
      interpolating states number/density done, cpu time[sec] = 0.012649, elapsed time[sec] = 0
   Model::RRHO::RRHO:  done, cpu time[sec] = 0.01271, elapsed time[sec] = 0
Model::init:  done, cpu time[sec] = 4.85682, elapsed time[sec] = 0
