Model::init:  starts
   Model::ExponentialKernel::ExponentialKernel:  ... done
   Model::LennardJonesCollision::LennardJonesCollision:  ... done
   WELL: W0
   Model::RRHO::RRHO:  starts
      Model::new_core:  starts
         Model::RigidRotor::RigidRotor:  starts
            molecular geometry will be used to estimate rotational constants
            rotational configuration: nonlinear
            rotational constants[1/cm]:         23.7897       0.601083        0.58627
         Model::RigidRotor::RigidRotor:  done, cpu time[sec] = 0.002794, elapsed time[sec] = 0
      Model::new_core:  done, cpu time[sec] = 0.003503, elapsed time[sec] = 0
      ground state energy, kcal/mol:   0.15
      interpolating states number/density starts
         core state contribution ... done, cpu time[sec] = 0.105976, elapsed time[sec] = 0
         electronic states contribution ... done, cpu time[sec] = 0.011048, elapsed time[sec] = 0
         vibrational modes contribution ... done, cpu time[sec] = 0.024035, elapsed time[sec] = 0
         effective power exponent at 399.849 kcal/mol = 6.36045
      interpolating states number/density done, cpu time[sec] = 1.18517, elapsed time[sec] = 0
   Model::RRHO::RRHO:  done, cpu time[sec] = 1.20372, elapsed time[sec] = 0
   WELL: W1
   Model::RRHO::RRHO:  starts
      Model::new_core:  starts
         Model::RigidRotor::RigidRotor:  starts
            molecular geometry will be used to estimate rotational constants
            rotational configuration: nonlinear
            rotational constants[1/cm]:         2.27757        1.07738         0.7314
         Model::RigidRotor::RigidRotor:  done, cpu time[sec] = 0.011808, elapsed time[sec] = 0
      Model::new_core:  done, cpu time[sec] = 0.032439, elapsed time[sec] = 0
      ground state energy, kcal/mol:   0.19
      interpolating states number/density starts
         core state contribution ... done, cpu time[sec] = 0.11995, elapsed time[sec] = 0
         electronic states contribution ... done, cpu time[sec] = 0.013399, elapsed time[sec] = 0
         vibrational modes contribution ... done, cpu time[sec] = 0.029026, elapsed time[sec] = 0
         effective power exponent at 399.809 kcal/mol = 6.35945
      interpolating states number/density done, cpu time[sec] = 1.21187, elapsed time[sec] = 0
   Model::RRHO::RRHO:  done, cpu time[sec] = 1.27885, elapsed time[sec] = 0
   WELL: W2
   Model::RRHO::RRHO:  starts
      Model::new_core:  starts
         Model::RigidRotor::RigidRotor:  starts
            molecular geometry will be used to estimate rotational constants
            rotational configuration: nonlinear
            rotational constants[1/cm]:         23.7897       0.601083        0.58627
         Model::RigidRotor::RigidRotor:  done, cpu time[sec] = 0.011444, elapsed time[sec] = 0
      Model::new_core:  done, cpu time[sec] = 0.032621, elapsed time[sec] = 0
      ground state energy, kcal/mol:   0.15
      interpolating states number/density starts
         core state contribution ... done, cpu time[sec] = 0.107863, elapsed time[sec] = 0
         electronic states contribution ... done, cpu time[sec] = 0.013937, elapsed time[sec] = 0
         vibrational modes contribution ... done, cpu time[sec] = 0.028918, elapsed time[sec] = 0
         effective power exponent at 399.849 kcal/mol = 6.36045
      interpolating states number/density done, cpu time[sec] = 1.13392, elapsed time[sec] = 0
   Model::RRHO::RRHO:  done, cpu time[sec] = 1.20144, elapsed time[sec] = 0
   WELL: W3
   Model::RRHO::RRHO:  starts
      Model::new_core:  starts
         Model::RigidRotor::RigidRotor:  starts
            molecular geometry will be used to estimate rotational constants
            rotational configuration: nonlinear
            rotational constants[1/cm]:         1.78953        1.33461       0.764474
         Model::RigidRotor::RigidRotor:  done, cpu time[sec] = 0.011412, elapsed time[sec] = 0
      Model::new_core:  done, cpu time[sec] = 0.032746, elapsed time[sec] = 0
      ground state energy, kcal/mol:   0.21
      interpolating states number/density starts
         core state contribution ... done, cpu time[sec] = 0.108804, elapsed time[sec] = 0
         electronic states contribution ... done, cpu time[sec] = 0.013929, elapsed time[sec] = 0
         vibrational modes contribution ... done, cpu time[sec] = 0.028443, elapsed time[sec] = 0
         effective power exponent at 399.789 kcal/mol = 6.35813
      interpolating states number/density done, cpu time[sec] = 0.973905, elapsed time[sec] = 0
   Model::RRHO::RRHO:  done, cpu time[sec] = 1.02968, elapsed time[sec] = 0
   WELL: W4
   Model::RRHO::RRHO:  starts
      Model::new_core:  starts
         Model::RigidRotor::RigidRotor:  starts
            molecular geometry will be used to estimate rotational constants
            rotational configuration: nonlinear
            rotational constants[1/cm]:         9.52595        1.29538        1.14032
         Model::RigidRotor::RigidRotor:  done, cpu time[sec] = 0.000119, elapsed time[sec] = 0
      Model::new_core:  done, cpu time[sec] = 0.00018, elapsed time[sec] = 0
      ground state energy, kcal/mol:   -86.72
      interpolating states number/density starts
         core state contribution ... done, cpu time[sec] = 0.011561, elapsed time[sec] = 0
         vibrational modes contribution ... done, cpu time[sec] = 0.001912, elapsed time[sec] = 0
         effective power exponent at 486.717 kcal/mol = 6.27499
      interpolating states number/density done, cpu time[sec] = 0.036533, elapsed time[sec] = 0
   Model::RRHO::RRHO:  done, cpu time[sec] = 0.036925, elapsed time[sec] = 0
   WELL: W5t
   Model::RRHO::RRHO:  starts
      Model::new_core:  starts
         Model::RigidRotor::RigidRotor:  starts
            molecular geometry will be used to estimate rotational constants
            rotational configuration: nonlinear
            rotational constants[1/cm]:         9.65604        1.21662        1.08048
         Model::RigidRotor::RigidRotor:  done, cpu time[sec] = 1.6e-05, elapsed time[sec] = 0
      Model::new_core:  done, cpu time[sec] = 2.3e-05, elapsed time[sec] = 0
      ground state energy, kcal/mol:   -34.55
      interpolating states number/density starts
         core state contribution ... done, cpu time[sec] = 0.001041, elapsed time[sec] = 0
         vibrational modes contribution ... done, cpu time[sec] = 0.000194, elapsed time[sec] = 0
         effective power exponent at 434.55 kcal/mol = 6.24835
      interpolating states number/density done, cpu time[sec] = 0.01245, elapsed time[sec] = 0
   Model::RRHO::RRHO:  done, cpu time[sec] = 0.012513, elapsed time[sec] = 0
Model::init:  done, cpu time[sec] = 4.81016, elapsed time[sec] = 0
