Model::init:  starts
   Model::ExponentialKernel::ExponentialKernel:  ... done
   Model::LennardJonesCollision::LennardJonesCollision:  ... done
   WELL: W0
   Model::RRHO::RRHO:  starts
      Model::new_core:  starts
         Model::RigidRotor::RigidRotor:  starts
            molecular geometry will be used to estimate rotational constants
            rotational configuration: nonlinear
            rotational constants[1/cm]:         23.7897       0.601083        0.58627
         Model::RigidRotor::RigidRotor:  done, cpu time[sec] = 0.003411, elapsed time[sec] = 0
      Model::new_core:  done, cpu time[sec] = 0.004157, elapsed time[sec] = 0
      ground state energy, kcal/mol:   0.15
      interpolating states number/density starts
         core state contribution ... done, cpu time[sec] = 0.106868, elapsed time[sec] = 0
         electronic states contribution ... done, cpu time[sec] = 0.012096, elapsed time[sec] = 0
         vibrational modes contribution ... done, cpu time[sec] = 0.026132, elapsed time[sec] = 0
         effective power exponent at 399.849 kcal/mol = 6.36045
      interpolating states number/density done, cpu time[sec] = 1.22709, elapsed time[sec] = 0
   Model::RRHO::RRHO:  done, cpu time[sec] = 1.24921, elapsed time[sec] = 0
   WELL: W1
   Model::RRHO::RRHO:  starts
      Model::new_core:  starts
         Model::RigidRotor::RigidRotor:  starts
            molecular geometry will be used to estimate rotational constants
            rotational configuration: nonlinear
            rotational constants[1/cm]:         2.27757        1.07738         0.7314
         Model::RigidRotor::RigidRotor:  done, cpu time[sec] = 0.011752, elapsed time[sec] = 0
      Model::new_core:  done, cpu time[sec] = 0.033748, elapsed time[sec] = 0
      ground state energy, kcal/mol:   0.19
      interpolating states number/density starts
         core state contribution ... done, cpu time[sec] = 0.124999, elapsed time[sec] = 0
         electronic states contribution ... done, cpu time[sec] = 0.013848, elapsed time[sec] = 0
         vibrational modes contribution ... done, cpu time[sec] = 0.028794, elapsed time[sec] = 0
         effective power exponent at 399.809 kcal/mol = 6.35945
      interpolating states number/density done, cpu time[sec] = 1.22973, elapsed time[sec] = 0
   Model::RRHO::RRHO:  done, cpu time[sec] = 1.29917, elapsed time[sec] = 0
   WELL: W2
   Model::RRHO::RRHO:  starts
      Model::new_core:  starts
         Model::RigidRotor::RigidRotor:  starts
            molecular geometry will be used to estimate rotational constants
            rotational configuration: nonlinear
            rotational constants[1/cm]:         23.7897       0.601083        0.58627
         Model::RigidRotor::RigidRotor:  done, cpu time[sec] = 0.011646, elapsed time[sec] = 0
      Model::new_core:  done, cpu time[sec] = 0.032996, elapsed time[sec] = 0
      ground state energy, kcal/mol:   0.15
      interpolating states number/density starts
         core state contribution ... done, cpu time[sec] = 0.110413, elapsed time[sec] = 0
         electronic states contribution ... done, cpu time[sec] = 0.013647, elapsed time[sec] = 0
         vibrational modes contribution ... done, cpu time[sec] = 0.029185, elapsed time[sec] = 0
         effective power exponent at 399.849 kcal/mol = 6.36045
      interpolating states number/density done, cpu time[sec] = 1.14807, elapsed time[sec] = 0
   Model::RRHO::RRHO:  done, cpu time[sec] = 1.21663, elapsed time[sec] = 0
   WELL: W3
   Model::RRHO::RRHO:  starts
      Model::new_core:  starts
         Model::RigidRotor::RigidRotor:  starts
            molecular geometry will be used to estimate rotational constants
            rotational configuration: nonlinear
            rotational constants[1/cm]:         1.78953        1.33461       0.764474
         Model::RigidRotor::RigidRotor:  done, cpu time[sec] = 0.011963, elapsed time[sec] = 0
      Model::new_core:  done, cpu time[sec] = 0.033727, elapsed time[sec] = 0
      ground state energy, kcal/mol:   0.21
      interpolating states number/density starts
         core state contribution ... done, cpu time[sec] = 0.110268, elapsed time[sec] = 0
         electronic states contribution ... done, cpu time[sec] = 0.013552, elapsed time[sec] = 0
         vibrational modes contribution ... done, cpu time[sec] = 0.028637, elapsed time[sec] = 0
         effective power exponent at 399.789 kcal/mol = 6.35813
      interpolating states number/density done, cpu time[sec] = 0.965445, elapsed time[sec] = 0
   Model::RRHO::RRHO:  done, cpu time[sec] = 1.02199, elapsed time[sec] = 0
   WELL: W4
   Model::RRHO::RRHO:  starts
      Model::new_core:  starts
         Model::RigidRotor::RigidRotor:  starts
            molecular geometry will be used to estimate rotational constants
            rotational configuration: nonlinear
            rotational constants[1/cm]:         9.52595        1.29538        1.14032
         Model::RigidRotor::RigidRotor:  done, cpu time[sec] = 5.3e-05, elapsed time[sec] = 0
      Model::new_core:  done, cpu time[sec] = 7.8e-05, elapsed time[sec] = 0
      ground state energy, kcal/mol:   -86.72
      interpolating states number/density starts
         core state contribution ... done, cpu time[sec] = 0.005072, elapsed time[sec] = 0
         vibrational modes contribution ... done, cpu time[sec] = 0.00085, elapsed time[sec] = 0
         effective power exponent at 486.717 kcal/mol = 6.27499
      interpolating states number/density done, cpu time[sec] = 0.027137, elapsed time[sec] = 0
   Model::RRHO::RRHO:  done, cpu time[sec] = 0.027322, elapsed time[sec] = 0
   WELL: W5t
   Model::RRHO::RRHO:  starts
      Model::new_core:  starts
         Model::RigidRotor::RigidRotor:  starts
            molecular geometry will be used to estimate rotational constants
            rotational configuration: nonlinear
            rotational constants[1/cm]:         9.65604        1.21662        1.08048
         Model::RigidRotor::RigidRotor:  done, cpu time[sec] = 1.4e-05, elapsed time[sec] = 0
      Model::new_core:  done, cpu time[sec] = 2e-05, elapsed time[sec] = 0
      ground state energy, kcal/mol:   -34.55
      interpolating states number/density starts
         core state contribution ... done, cpu time[sec] = 0.001044, elapsed time[sec] = 0
         vibrational modes contribution ... done, cpu time[sec] = 0.000194, elapsed time[sec] = 0
         effective power exponent at 434.55 kcal/mol = 6.24835
      interpolating states number/density done, cpu time[sec] = 0.012573, elapsed time[sec] = 0
   Model::RRHO::RRHO:  done, cpu time[sec] = 0.012631, elapsed time[sec] = 0
Model::init:  done, cpu time[sec] = 4.87523, elapsed time[sec] = 0
