Model::init:  starts
   Model::ExponentialKernel::ExponentialKernel:  ... done
   Model::LennardJonesCollision::LennardJonesCollision:  ... done
   WELL: W0
   Model::RRHO::RRHO:  starts
      Model::new_core:  starts
         Model::RigidRotor::RigidRotor:  starts
            molecular geometry will be used to estimate rotational constants
            rotational configuration: nonlinear
            rotational constants[1/cm]:         23.7897       0.601083        0.58627
         Model::RigidRotor::RigidRotor:  done, cpu time[sec] = 0.004786, elapsed time[sec] = 0
      Model::new_core:  done, cpu time[sec] = 0.00606, elapsed time[sec] = 0
      ground state energy, kcal/mol:   0.15
      interpolating states number/density starts
         core state contribution ... done, cpu time[sec] = 0.157096, elapsed time[sec] = 0
         electronic states contribution ... done, cpu time[sec] = 0.01276, elapsed time[sec] = 0
         vibrational modes contribution ... done, cpu time[sec] = 0.027218, elapsed time[sec] = 0
         effective power exponent at 399.849 kcal/mol = 6.36045
      interpolating states number/density done, cpu time[sec] = 1.36114, elapsed time[sec] = 0
   Model::RRHO::RRHO:  done, cpu time[sec] = 1.38465, elapsed time[sec] = 0
   WELL: W1
   Model::RRHO::RRHO:  starts
      Model::new_core:  starts
         Model::RigidRotor::RigidRotor:  starts
            molecular geometry will be used to estimate rotational constants
            rotational configuration: nonlinear
            rotational constants[1/cm]:         2.27757        1.07738         0.7314
         Model::RigidRotor::RigidRotor:  done, cpu time[sec] = 0.012342, elapsed time[sec] = 0
      Model::new_core:  done, cpu time[sec] = 0.033619, elapsed time[sec] = 0
      ground state energy, kcal/mol:   0.19
      interpolating states number/density starts
         core state contribution ... done, cpu time[sec] = 0.125433, elapsed time[sec] = 0
         electronic states contribution ... done, cpu time[sec] = 0.013539, elapsed time[sec] = 0
         vibrational modes contribution ... done, cpu time[sec] = 0.028889, elapsed time[sec] = 0
         effective power exponent at 399.809 kcal/mol = 6.35945
      interpolating states number/density done, cpu time[sec] = 1.24041, elapsed time[sec] = 0
   Model::RRHO::RRHO:  done, cpu time[sec] = 1.30965, elapsed time[sec] = 0
   WELL: W2
   Model::RRHO::RRHO:  starts
      Model::new_core:  starts
         Model::RigidRotor::RigidRotor:  starts
            molecular geometry will be used to estimate rotational constants
            rotational configuration: nonlinear
            rotational constants[1/cm]:         23.7897       0.601083        0.58627
         Model::RigidRotor::RigidRotor:  done, cpu time[sec] = 0.011693, elapsed time[sec] = 0
      Model::new_core:  done, cpu time[sec] = 0.033112, elapsed time[sec] = 0
      ground state energy, kcal/mol:   0.15
      interpolating states number/density starts
         core state contribution ... done, cpu time[sec] = 0.11045, elapsed time[sec] = 0
         electronic states contribution ... done, cpu time[sec] = 0.013276, elapsed time[sec] = 0
         vibrational modes contribution ... done, cpu time[sec] = 0.028563, elapsed time[sec] = 0
         effective power exponent at 399.849 kcal/mol = 6.36045
      interpolating states number/density done, cpu time[sec] = 1.15899, elapsed time[sec] = 0
   Model::RRHO::RRHO:  done, cpu time[sec] = 1.22719, elapsed time[sec] = 0
   WELL: W3
   Model::RRHO::RRHO:  starts
      Model::new_core:  starts
         Model::RigidRotor::RigidRotor:  starts
            molecular geometry will be used to estimate rotational constants
            rotational configuration: nonlinear
            rotational constants[1/cm]:         1.78953        1.33461       0.764474
         Model::RigidRotor::RigidRotor:  done, cpu time[sec] = 0.011573, elapsed time[sec] = 0
      Model::new_core:  done, cpu time[sec] = 0.032949, elapsed time[sec] = 0
      ground state energy, kcal/mol:   0.31
      interpolating states number/density starts
         core state contribution ... done, cpu time[sec] = 0.110427, elapsed time[sec] = 0
         electronic states contribution ... done, cpu time[sec] = 0.014737, elapsed time[sec] = 0
         vibrational modes contribution ... done, cpu time[sec] = 0.028656, elapsed time[sec] = 0
         effective power exponent at 399.689 kcal/mol = 6.35809
      interpolating states number/density done, cpu time[sec] = 0.779774, elapsed time[sec] = 0
   Model::RRHO::RRHO:  done, cpu time[sec] = 0.835461, elapsed time[sec] = 0
   WELL: W4
   Model::RRHO::RRHO:  starts
      Model::new_core:  starts
         Model::RigidRotor::RigidRotor:  starts
            molecular geometry will be used to estimate rotational constants
            rotational configuration: nonlinear
            rotational constants[1/cm]:         9.52595        1.29538        1.14032
         Model::RigidRotor::RigidRotor:  done, cpu time[sec] = 1.3e-05, elapsed time[sec] = 0
      Model::new_core:  done, cpu time[sec] = 1.9e-05, elapsed time[sec] = 0
      ground state energy, kcal/mol:   -86.72
      interpolating states number/density starts
         core state contribution ... done, cpu time[sec] = 0.001281, elapsed time[sec] = 0
         vibrational modes contribution ... done, cpu time[sec] = 0.000212, elapsed time[sec] = 0
         effective power exponent at 486.717 kcal/mol = 6.27499
      interpolating states number/density done, cpu time[sec] = 0.01476, elapsed time[sec] = 0
   Model::RRHO::RRHO:  done, cpu time[sec] = 0.014821, elapsed time[sec] = 0
   WELL: W5t
   Model::RRHO::RRHO:  starts
      Model::new_core:  starts
         Model::RigidRotor::RigidRotor:  starts
            molecular geometry will be used to estimate rotational constants
            rotational configuration: nonlinear
            rotational constants[1/cm]:         9.65604        1.21662        1.08048
         Model::RigidRotor::RigidRotor:  done, cpu time[sec] = 1.5e-05, elapsed time[sec] = 0
      Model::new_core:  done, cpu time[sec] = 2.2e-05, elapsed time[sec] = 0
      ground state energy, kcal/mol:   -34.55
      interpolating states number/density starts
         core state contribution ... done, cpu time[sec] = 0.001039, elapsed time[sec] = 0
         vibrational modes contribution ... done, cpu time[sec] = 0.000198, elapsed time[sec] = 0
         effective power exponent at 434.55 kcal/mol = 6.24835
      interpolating states number/density done, cpu time[sec] = 0.012394, elapsed time[sec] = 0
   Model::RRHO::RRHO:  done, cpu time[sec] = 0.012452, elapsed time[sec] = 0
Model::init:  done, cpu time[sec] = 4.83693, elapsed time[sec] = 0
