Model::init:  starts
   Model::ExponentialKernel::ExponentialKernel:  ... done
   Model::LennardJonesCollision::LennardJonesCollision:  ... done
   WELL: W0
   Model::RRHO::RRHO:  starts
      Model::new_core:  starts
         Model::RigidRotor::RigidRotor:  starts
            molecular geometry will be used to estimate rotational constants
            rotational configuration: nonlinear
            rotational constants[1/cm]:         23.7897       0.601083        0.58627
         Model::RigidRotor::RigidRotor:  done, cpu time[sec] = 0.002267, elapsed time[sec] = 0
      Model::new_core:  done, cpu time[sec] = 0.002708, elapsed time[sec] = 0
      ground state energy, kcal/mol:   0.15
      interpolating states number/density starts
         core state contribution ... done, cpu time[sec] = 0.119967, elapsed time[sec] = 0
         electronic states contribution ... done, cpu time[sec] = 0.012155, elapsed time[sec] = 0
         vibrational modes contribution ... done, cpu time[sec] = 0.025876, elapsed time[sec] = 0
         effective power exponent at 399.849 kcal/mol = 6.36045
      interpolating states number/density done, cpu time[sec] = 1.26222, elapsed time[sec] = 0
   Model::RRHO::RRHO:  done, cpu time[sec] = 1.27969, elapsed time[sec] = 0
   WELL: W1
   Model::RRHO::RRHO:  starts
      Model::new_core:  starts
         Model::RigidRotor::RigidRotor:  starts
            molecular geometry will be used to estimate rotational constants
            rotational configuration: nonlinear
            rotational constants[1/cm]:         2.27757        1.07738         0.7314
         Model::RigidRotor::RigidRotor:  done, cpu time[sec] = 0.01183, elapsed time[sec] = 0
      Model::new_core:  done, cpu time[sec] = 0.033812, elapsed time[sec] = 0
      ground state energy, kcal/mol:   0.19
      interpolating states number/density starts
         core state contribution ... done, cpu time[sec] = 0.125344, elapsed time[sec] = 0
         electronic states contribution ... done, cpu time[sec] = 0.013365, elapsed time[sec] = 0
         vibrational modes contribution ... done, cpu time[sec] = 0.028412, elapsed time[sec] = 0
         effective power exponent at 399.809 kcal/mol = 6.35945
      interpolating states number/density done, cpu time[sec] = 1.23333, elapsed time[sec] = 0
   Model::RRHO::RRHO:  done, cpu time[sec] = 1.30333, elapsed time[sec] = 0
   WELL: W2
   Model::RRHO::RRHO:  starts
      Model::new_core:  starts
         Model::RigidRotor::RigidRotor:  starts
            molecular geometry will be used to estimate rotational constants
            rotational configuration: nonlinear
            rotational constants[1/cm]:         23.7897       0.601083        0.58627
         Model::RigidRotor::RigidRotor:  done, cpu time[sec] = 0.011787, elapsed time[sec] = 0
      Model::new_core:  done, cpu time[sec] = 0.033451, elapsed time[sec] = 0
      ground state energy, kcal/mol:   0.15
      interpolating states number/density starts
         core state contribution ... done, cpu time[sec] = 0.116196, elapsed time[sec] = 0
         electronic states contribution ... done, cpu time[sec] = 0.013717, elapsed time[sec] = 0
         vibrational modes contribution ... done, cpu time[sec] = 0.029005, elapsed time[sec] = 0
         effective power exponent at 399.849 kcal/mol = 6.36045
      interpolating states number/density done, cpu time[sec] = 1.16281, elapsed time[sec] = 0
   Model::RRHO::RRHO:  done, cpu time[sec] = 1.23199, elapsed time[sec] = 0
   WELL: W3
   Model::RRHO::RRHO:  starts
      Model::new_core:  starts
         Model::RigidRotor::RigidRotor:  starts
            molecular geometry will be used to estimate rotational constants
            rotational configuration: nonlinear
            rotational constants[1/cm]:         1.78953        1.33461       0.764474
         Model::RigidRotor::RigidRotor:  done, cpu time[sec] = 0.011596, elapsed time[sec] = 0
      Model::new_core:  done, cpu time[sec] = 0.033902, elapsed time[sec] = 0
      ground state energy, kcal/mol:   0.21
      interpolating states number/density starts
         core state contribution ... done, cpu time[sec] = 0.110378, elapsed time[sec] = 0
         electronic states contribution ... done, cpu time[sec] = 0.014316, elapsed time[sec] = 0
         vibrational modes contribution ... done, cpu time[sec] = 0.028317, elapsed time[sec] = 0
         effective power exponent at 399.789 kcal/mol = 6.35813
      interpolating states number/density done, cpu time[sec] = 0.930786, elapsed time[sec] = 0
   Model::RRHO::RRHO:  done, cpu time[sec] = 0.987967, elapsed time[sec] = 0
   WELL: W4
   Model::RRHO::RRHO:  starts
      Model::new_core:  starts
         Model::RigidRotor::RigidRotor:  starts
            molecular geometry will be used to estimate rotational constants
            rotational configuration: nonlinear
            rotational constants[1/cm]:         9.52595        1.29538        1.14032
         Model::RigidRotor::RigidRotor:  done, cpu time[sec] = 6.8e-05, elapsed time[sec] = 0
      Model::new_core:  done, cpu time[sec] = 0.000101, elapsed time[sec] = 0
      ground state energy, kcal/mol:   -86.72
      interpolating states number/density starts
         core state contribution ... done, cpu time[sec] = 0.006432, elapsed time[sec] = 0
         vibrational modes contribution ... done, cpu time[sec] = 0.001118, elapsed time[sec] = 0
         effective power exponent at 486.717 kcal/mol = 6.27499
      interpolating states number/density done, cpu time[sec] = 0.025452, elapsed time[sec] = 0
   Model::RRHO::RRHO:  done, cpu time[sec] = 0.025677, elapsed time[sec] = 0
   WELL: W5t
   Model::RRHO::RRHO:  starts
      Model::new_core:  starts
         Model::RigidRotor::RigidRotor:  starts
            molecular geometry will be used to estimate rotational constants
            rotational configuration: nonlinear
            rotational constants[1/cm]:         9.65604        1.21662        1.08048
         Model::RigidRotor::RigidRotor:  done, cpu time[sec] = 1.6e-05, elapsed time[sec] = 0
      Model::new_core:  done, cpu time[sec] = 2.2e-05, elapsed time[sec] = 0
      ground state energy, kcal/mol:   -34.55
      interpolating states number/density starts
         core state contribution ... done, cpu time[sec] = 0.001044, elapsed time[sec] = 0
         vibrational modes contribution ... done, cpu time[sec] = 0.000193, elapsed time[sec] = 0
         effective power exponent at 434.55 kcal/mol = 6.24835
      interpolating states number/density done, cpu time[sec] = 0.012577, elapsed time[sec] = 0
   Model::RRHO::RRHO:  done, cpu time[sec] = 0.012637, elapsed time[sec] = 0
Model::init:  done, cpu time[sec] = 4.887, elapsed time[sec] = 0
