Model::init:  starts
   Model::ExponentialKernel::ExponentialKernel:  ... done
   Model::LennardJonesCollision::LennardJonesCollision:  ... done
   WELL: W0
   Model::RRHO::RRHO:  starts
      Model::new_core:  starts
         Model::RigidRotor::RigidRotor:  starts
            molecular geometry will be used to estimate rotational constants
            rotational configuration: nonlinear
            rotational constants[1/cm]:         23.7897       0.601083        0.58627
         Model::RigidRotor::RigidRotor:  done, cpu time[sec] = 0.002354, elapsed time[sec] = 0
      Model::new_core:  done, cpu time[sec] = 0.002824, elapsed time[sec] = 0
      ground state energy, kcal/mol:   0.15
      interpolating states number/density starts
         core state contribution ... done, cpu time[sec] = 0.072424, elapsed time[sec] = 0
         electronic states contribution ... done, cpu time[sec] = 0.001766, elapsed time[sec] = 0
         vibrational modes contribution ... done, cpu time[sec] = 0.010389, elapsed time[sec] = 0
         effective power exponent at 399.849 kcal/mol = 6.36045
      interpolating states number/density done, cpu time[sec] = 1.12066, elapsed time[sec] = 0
   Model::RRHO::RRHO:  done, cpu time[sec] = 1.1393, elapsed time[sec] = 0
   WELL: W1
   Model::RRHO::RRHO:  starts
      Model::new_core:  starts
         Model::RigidRotor::RigidRotor:  starts
            molecular geometry will be used to estimate rotational constants
            rotational configuration: nonlinear
            rotational constants[1/cm]:         2.27757        1.07738         0.7314
         Model::RigidRotor::RigidRotor:  done, cpu time[sec] = 0.011078, elapsed time[sec] = 0
      Model::new_core:  done, cpu time[sec] = 0.03158, elapsed time[sec] = 0
      ground state energy, kcal/mol:   0.19
      interpolating states number/density starts
         core state contribution ... done, cpu time[sec] = 0.120316, elapsed time[sec] = 0
         electronic states contribution ... done, cpu time[sec] = 0.013176, elapsed time[sec] = 0
         vibrational modes contribution ... done, cpu time[sec] = 0.028167, elapsed time[sec] = 0
         effective power exponent at 399.809 kcal/mol = 6.35945
      interpolating states number/density done, cpu time[sec] = 1.18752, elapsed time[sec] = 0
   Model::RRHO::RRHO:  done, cpu time[sec] = 1.25349, elapsed time[sec] = 0
   WELL: W2
   Model::RRHO::RRHO:  starts
      Model::new_core:  starts
         Model::RigidRotor::RigidRotor:  starts
            molecular geometry will be used to estimate rotational constants
            rotational configuration: nonlinear
            rotational constants[1/cm]:         23.7897       0.601083        0.58627
         Model::RigidRotor::RigidRotor:  done, cpu time[sec] = 0.011394, elapsed time[sec] = 0
      Model::new_core:  done, cpu time[sec] = 0.03235, elapsed time[sec] = 0
      ground state energy, kcal/mol:   0.15
      interpolating states number/density starts
         core state contribution ... done, cpu time[sec] = 0.112752, elapsed time[sec] = 0
         electronic states contribution ... done, cpu time[sec] = 0.013115, elapsed time[sec] = 0
         vibrational modes contribution ... done, cpu time[sec] = 0.02853, elapsed time[sec] = 0
         effective power exponent at 399.849 kcal/mol = 6.36045
      interpolating states number/density done, cpu time[sec] = 1.1164, elapsed time[sec] = 0
   Model::RRHO::RRHO:  done, cpu time[sec] = 1.18337, elapsed time[sec] = 0
   WELL: W3
   Model::RRHO::RRHO:  starts
      Model::new_core:  starts
         Model::RigidRotor::RigidRotor:  starts
            molecular geometry will be used to estimate rotational constants
            rotational configuration: nonlinear
            rotational constants[1/cm]:         1.78953        1.33461       0.764474
         Model::RigidRotor::RigidRotor:  done, cpu time[sec] = 0.011305, elapsed time[sec] = 0
      Model::new_core:  done, cpu time[sec] = 0.032161, elapsed time[sec] = 0
      ground state energy, kcal/mol:   0.21
      interpolating states number/density starts
         core state contribution ... done, cpu time[sec] = 0.108828, elapsed time[sec] = 0
         electronic states contribution ... done, cpu time[sec] = 0.013348, elapsed time[sec] = 0
         vibrational modes contribution ... done, cpu time[sec] = 0.027434, elapsed time[sec] = 0
         effective power exponent at 399.789 kcal/mol = 6.35813
      interpolating states number/density done, cpu time[sec] = 1.02003, elapsed time[sec] = 0
   Model::RRHO::RRHO:  done, cpu time[sec] = 1.08291, elapsed time[sec] = 0
   WELL: W4
   Model::RRHO::RRHO:  starts
      Model::new_core:  starts
         Model::RigidRotor::RigidRotor:  starts
            molecular geometry will be used to estimate rotational constants
            rotational configuration: nonlinear
            rotational constants[1/cm]:         9.52595        1.29538        1.14032
         Model::RigidRotor::RigidRotor:  done, cpu time[sec] = 0.000169, elapsed time[sec] = 0
      Model::new_core:  done, cpu time[sec] = 0.000259, elapsed time[sec] = 0
      ground state energy, kcal/mol:   -86.72
      interpolating states number/density starts
         core state contribution ... done, cpu time[sec] = 0.008762, elapsed time[sec] = 0
         vibrational modes contribution ... done, cpu time[sec] = 0.000851, elapsed time[sec] = 0
         effective power exponent at 486.717 kcal/mol = 6.27499
      interpolating states number/density done, cpu time[sec] = 0.037006, elapsed time[sec] = 0
   Model::RRHO::RRHO:  done, cpu time[sec] = 0.037565, elapsed time[sec] = 0
   WELL: W5t
   Model::RRHO::RRHO:  starts
      Model::new_core:  starts
         Model::RigidRotor::RigidRotor:  starts
            molecular geometry will be used to estimate rotational constants
            rotational configuration: nonlinear
            rotational constants[1/cm]:         9.65604        1.21662        1.08048
         Model::RigidRotor::RigidRotor:  done, cpu time[sec] = 1.6e-05, elapsed time[sec] = 0
      Model::new_core:  done, cpu time[sec] = 2.2e-05, elapsed time[sec] = 0
      ground state energy, kcal/mol:   -34.55
      interpolating states number/density starts
         core state contribution ... done, cpu time[sec] = 0.001043, elapsed time[sec] = 0
         vibrational modes contribution ... done, cpu time[sec] = 0.000196, elapsed time[sec] = 0
         effective power exponent at 434.55 kcal/mol = 6.24835
      interpolating states number/density done, cpu time[sec] = 0.012585, elapsed time[sec] = 0
   Model::RRHO::RRHO:  done, cpu time[sec] = 0.012647, elapsed time[sec] = 0
Model::init:  done, cpu time[sec] = 4.75459, elapsed time[sec] = 0
