Model::init:  starts
   Model::ExponentialKernel::ExponentialKernel:  ... done
   Model::LennardJonesCollision::LennardJonesCollision:  ... done
   WELL: W0
   Model::RRHO::RRHO:  starts
      Model::new_core:  starts
         Model::RigidRotor::RigidRotor:  starts
            molecular geometry will be used to estimate rotational constants
            rotational configuration: nonlinear
            rotational constants[1/cm]:         23.7897       0.601083        0.58627
         Model::RigidRotor::RigidRotor:  done, cpu time[sec] = 0.019913, elapsed time[sec] = 0
      Model::new_core:  done, cpu time[sec] = 0.05284, elapsed time[sec] = 0
      ground state energy, kcal/mol:   0.15
      interpolating states number/density starts
         core state contribution ... done, cpu time[sec] = 0.122725, elapsed time[sec] = 0
         electronic states contribution ... done, cpu time[sec] = 0.012437, elapsed time[sec] = 0
         vibrational modes contribution ... done, cpu time[sec] = 0.026036, elapsed time[sec] = 0
         effective power exponent at 399.849 kcal/mol = 6.36045
      interpolating states number/density done, cpu time[sec] = 1.26763, elapsed time[sec] = 0
   Model::RRHO::RRHO:  done, cpu time[sec] = 1.36841, elapsed time[sec] = 0
   WELL: W1
   Model::RRHO::RRHO:  starts
      Model::new_core:  starts
         Model::RigidRotor::RigidRotor:  starts
            molecular geometry will be used to estimate rotational constants
            rotational configuration: nonlinear
            rotational constants[1/cm]:         2.27757        1.07738         0.7314
         Model::RigidRotor::RigidRotor:  done, cpu time[sec] = 0.011288, elapsed time[sec] = 0
      Model::new_core:  done, cpu time[sec] = 0.032118, elapsed time[sec] = 0
      ground state energy, kcal/mol:   0.19
      interpolating states number/density starts
         core state contribution ... done, cpu time[sec] = 0.121277, elapsed time[sec] = 0
         electronic states contribution ... done, cpu time[sec] = 0.01339, elapsed time[sec] = 0
         vibrational modes contribution ... done, cpu time[sec] = 0.027281, elapsed time[sec] = 0
         effective power exponent at 399.809 kcal/mol = 6.35945
      interpolating states number/density done, cpu time[sec] = 1.20023, elapsed time[sec] = 0
   Model::RRHO::RRHO:  done, cpu time[sec] = 1.26657, elapsed time[sec] = 0
   WELL: W2
   Model::RRHO::RRHO:  starts
      Model::new_core:  starts
         Model::RigidRotor::RigidRotor:  starts
            molecular geometry will be used to estimate rotational constants
            rotational configuration: nonlinear
            rotational constants[1/cm]:         23.7897       0.601083        0.58627
         Model::RigidRotor::RigidRotor:  done, cpu time[sec] = 0.011266, elapsed time[sec] = 0
      Model::new_core:  done, cpu time[sec] = 0.032555, elapsed time[sec] = 0
      ground state energy, kcal/mol:   0.15
      interpolating states number/density starts
         core state contribution ... done, cpu time[sec] = 0.11111, elapsed time[sec] = 0
         electronic states contribution ... done, cpu time[sec] = 0.013443, elapsed time[sec] = 0
         vibrational modes contribution ... done, cpu time[sec] = 0.027603, elapsed time[sec] = 0
         effective power exponent at 399.849 kcal/mol = 6.36045
      interpolating states number/density done, cpu time[sec] = 1.1354, elapsed time[sec] = 0
   Model::RRHO::RRHO:  done, cpu time[sec] = 1.20222, elapsed time[sec] = 0
   WELL: W3
   Model::RRHO::RRHO:  starts
      Model::new_core:  starts
         Model::RigidRotor::RigidRotor:  starts
            molecular geometry will be used to estimate rotational constants
            rotational configuration: nonlinear
            rotational constants[1/cm]:         1.78953        1.33461       0.764474
         Model::RigidRotor::RigidRotor:  done, cpu time[sec] = 0.011357, elapsed time[sec] = 0
      Model::new_core:  done, cpu time[sec] = 0.032354, elapsed time[sec] = 0
      ground state energy, kcal/mol:   0.21
      interpolating states number/density starts
         core state contribution ... done, cpu time[sec] = 0.107451, elapsed time[sec] = 0
         electronic states contribution ... done, cpu time[sec] = 0.012888, elapsed time[sec] = 0
         vibrational modes contribution ... done, cpu time[sec] = 0.027825, elapsed time[sec] = 0
         effective power exponent at 399.789 kcal/mol = 6.35813
      interpolating states number/density done, cpu time[sec] = 0.61489, elapsed time[sec] = 0
   Model::RRHO::RRHO:  done, cpu time[sec] = 0.669578, elapsed time[sec] = 0
   WELL: W4
   Model::RRHO::RRHO:  starts
      Model::new_core:  starts
         Model::RigidRotor::RigidRotor:  starts
            molecular geometry will be used to estimate rotational constants
            rotational configuration: nonlinear
            rotational constants[1/cm]:         9.52595        1.29538        1.14032
         Model::RigidRotor::RigidRotor:  done, cpu time[sec] = 5.3e-05, elapsed time[sec] = 0
      Model::new_core:  done, cpu time[sec] = 7.8e-05, elapsed time[sec] = 0
      ground state energy, kcal/mol:   -86.72
      interpolating states number/density starts
         core state contribution ... done, cpu time[sec] = 0.005286, elapsed time[sec] = 0
         vibrational modes contribution ... done, cpu time[sec] = 0.000396, elapsed time[sec] = 0
         effective power exponent at 486.717 kcal/mol = 6.27499
      interpolating states number/density done, cpu time[sec] = 0.020668, elapsed time[sec] = 0
   Model::RRHO::RRHO:  done, cpu time[sec] = 0.020853, elapsed time[sec] = 0
   WELL: W5t
   Model::RRHO::RRHO:  starts
      Model::new_core:  starts
         Model::RigidRotor::RigidRotor:  starts
            molecular geometry will be used to estimate rotational constants
            rotational configuration: nonlinear
            rotational constants[1/cm]:         9.65604        1.21662        1.08048
         Model::RigidRotor::RigidRotor:  done, cpu time[sec] = 1.6e-05, elapsed time[sec] = 0
      Model::new_core:  done, cpu time[sec] = 2.2e-05, elapsed time[sec] = 0
      ground state energy, kcal/mol:   -34.55
      interpolating states number/density starts
         core state contribution ... done, cpu time[sec] = 0.001039, elapsed time[sec] = 0
         vibrational modes contribution ... done, cpu time[sec] = 0.000193, elapsed time[sec] = 0
         effective power exponent at 434.55 kcal/mol = 6.24835
      interpolating states number/density done, cpu time[sec] = 0.012668, elapsed time[sec] = 0
   Model::RRHO::RRHO:  done, cpu time[sec] = 0.012729, elapsed time[sec] = 0
Model::init:  done, cpu time[sec] = 4.63633, elapsed time[sec] = 0
