Model::init:  starts
   Model::ExponentialKernel::ExponentialKernel:  ... done
   Model::LennardJonesCollision::LennardJonesCollision:  ... done
   WELL: W0
   Model::RRHO::RRHO:  starts
      Model::new_core:  starts
         Model::RigidRotor::RigidRotor:  starts
            molecular geometry will be used to estimate rotational constants
            rotational configuration: nonlinear
            rotational constants[1/cm]:         23.7897       0.601083        0.58627
         Model::RigidRotor::RigidRotor:  done, cpu time[sec] = 0.005623, elapsed time[sec] = 0
      Model::new_core:  done, cpu time[sec] = 0.006846, elapsed time[sec] = 0
      ground state energy, kcal/mol:   0.25
      interpolating states number/density starts
         core state contribution ... done, cpu time[sec] = 0.212571, elapsed time[sec] = 0
         electronic states contribution ... done, cpu time[sec] = 0.024909, elapsed time[sec] = 0
         vibrational modes contribution ... done, cpu time[sec] = 0.054414, elapsed time[sec] = 0
         effective power exponent at 399.749 kcal/mol = 6.36041
      interpolating states number/density done, cpu time[sec] = 1.5369, elapsed time[sec] = 0
   Model::RRHO::RRHO:  done, cpu time[sec] = 1.55951, elapsed time[sec] = 0
   WELL: W1
   Model::RRHO::RRHO:  starts
      Model::new_core:  starts
         Model::RigidRotor::RigidRotor:  starts
            molecular geometry will be used to estimate rotational constants
            rotational configuration: nonlinear
            rotational constants[1/cm]:         2.27757        1.07738         0.7314
         Model::RigidRotor::RigidRotor:  done, cpu time[sec] = 0.011558, elapsed time[sec] = 0
      Model::new_core:  done, cpu time[sec] = 0.032856, elapsed time[sec] = 0
      ground state energy, kcal/mol:   0.19
      interpolating states number/density starts
         core state contribution ... done, cpu time[sec] = 0.120368, elapsed time[sec] = 0
         electronic states contribution ... done, cpu time[sec] = 0.012935, elapsed time[sec] = 0
         vibrational modes contribution ... done, cpu time[sec] = 0.027571, elapsed time[sec] = 0
         effective power exponent at 399.809 kcal/mol = 6.35945
      interpolating states number/density done, cpu time[sec] = 1.18711, elapsed time[sec] = 0
   Model::RRHO::RRHO:  done, cpu time[sec] = 1.25439, elapsed time[sec] = 0
   WELL: W2
   Model::RRHO::RRHO:  starts
      Model::new_core:  starts
         Model::RigidRotor::RigidRotor:  starts
            molecular geometry will be used to estimate rotational constants
            rotational configuration: nonlinear
            rotational constants[1/cm]:         23.7897       0.601083        0.58627
         Model::RigidRotor::RigidRotor:  done, cpu time[sec] = 0.011381, elapsed time[sec] = 0
      Model::new_core:  done, cpu time[sec] = 0.03229, elapsed time[sec] = 0
      ground state energy, kcal/mol:   0.15
      interpolating states number/density starts
         core state contribution ... done, cpu time[sec] = 0.106574, elapsed time[sec] = 0
         electronic states contribution ... done, cpu time[sec] = 0.012956, elapsed time[sec] = 0
         vibrational modes contribution ... done, cpu time[sec] = 0.02845, elapsed time[sec] = 0
         effective power exponent at 399.849 kcal/mol = 6.36045
      interpolating states number/density done, cpu time[sec] = 1.1299, elapsed time[sec] = 0
   Model::RRHO::RRHO:  done, cpu time[sec] = 1.19648, elapsed time[sec] = 0
   WELL: W3
   Model::RRHO::RRHO:  starts
      Model::new_core:  starts
         Model::RigidRotor::RigidRotor:  starts
            molecular geometry will be used to estimate rotational constants
            rotational configuration: nonlinear
            rotational constants[1/cm]:         1.78953        1.33461       0.764474
         Model::RigidRotor::RigidRotor:  done, cpu time[sec] = 0.011382, elapsed time[sec] = 0
      Model::new_core:  done, cpu time[sec] = 0.032392, elapsed time[sec] = 0
      ground state energy, kcal/mol:   0.21
      interpolating states number/density starts
         core state contribution ... done, cpu time[sec] = 0.110549, elapsed time[sec] = 0
         electronic states contribution ... done, cpu time[sec] = 0.01306, elapsed time[sec] = 0
         vibrational modes contribution ... done, cpu time[sec] = 0.028459, elapsed time[sec] = 0
         effective power exponent at 399.789 kcal/mol = 6.35813
      interpolating states number/density done, cpu time[sec] = 0.631334, elapsed time[sec] = 0
   Model::RRHO::RRHO:  done, cpu time[sec] = 0.686031, elapsed time[sec] = 0
   WELL: W4
   Model::RRHO::RRHO:  starts
      Model::new_core:  starts
         Model::RigidRotor::RigidRotor:  starts
            molecular geometry will be used to estimate rotational constants
            rotational configuration: nonlinear
            rotational constants[1/cm]:         9.52595        1.29538        1.14032
         Model::RigidRotor::RigidRotor:  done, cpu time[sec] = 2.8e-05, elapsed time[sec] = 0
      Model::new_core:  done, cpu time[sec] = 4.1e-05, elapsed time[sec] = 0
      ground state energy, kcal/mol:   -86.72
      interpolating states number/density starts
         core state contribution ... done, cpu time[sec] = 0.002604, elapsed time[sec] = 0
         vibrational modes contribution ... done, cpu time[sec] = 0.000426, elapsed time[sec] = 0
         effective power exponent at 486.717 kcal/mol = 6.27499
      interpolating states number/density done, cpu time[sec] = 0.01785, elapsed time[sec] = 0
   Model::RRHO::RRHO:  done, cpu time[sec] = 0.017959, elapsed time[sec] = 0
   WELL: W5t
   Model::RRHO::RRHO:  starts
      Model::new_core:  starts
         Model::RigidRotor::RigidRotor:  starts
            molecular geometry will be used to estimate rotational constants
            rotational configuration: nonlinear
            rotational constants[1/cm]:         9.65604        1.21662        1.08048
         Model::RigidRotor::RigidRotor:  done, cpu time[sec] = 1.5e-05, elapsed time[sec] = 0
      Model::new_core:  done, cpu time[sec] = 2.1e-05, elapsed time[sec] = 0
      ground state energy, kcal/mol:   -34.55
      interpolating states number/density starts
         core state contribution ... done, cpu time[sec] = 0.001039, elapsed time[sec] = 0
         vibrational modes contribution ... done, cpu time[sec] = 0.000194, elapsed time[sec] = 0
         effective power exponent at 434.55 kcal/mol = 6.24835
      interpolating states number/density done, cpu time[sec] = 0.012571, elapsed time[sec] = 0
   Model::RRHO::RRHO:  done, cpu time[sec] = 0.012632, elapsed time[sec] = 0
Model::init:  done, cpu time[sec] = 4.77893, elapsed time[sec] = 0
