Model::init:  starts
   Model::ExponentialKernel::ExponentialKernel:  ... done
   Model::LennardJonesCollision::LennardJonesCollision:  ... done
   WELL: W0
   Model::RRHO::RRHO:  starts
      Model::new_core:  starts
         Model::RigidRotor::RigidRotor:  starts
            molecular geometry will be used to estimate rotational constants
            rotational configuration: nonlinear
            rotational constants[1/cm]:         23.7897       0.601083        0.58627
         Model::RigidRotor::RigidRotor:  done, cpu time[sec] = 0.004744, elapsed time[sec] = 0
      Model::new_core:  done, cpu time[sec] = 0.005902, elapsed time[sec] = 0
      ground state energy, kcal/mol:   0.15
      interpolating states number/density starts
         core state contribution ... done, cpu time[sec] = 0.164061, elapsed time[sec] = 0
         electronic states contribution ... done, cpu time[sec] = 0.013891, elapsed time[sec] = 0
         vibrational modes contribution ... done, cpu time[sec] = 0.027621, elapsed time[sec] = 0
         effective power exponent at 399.849 kcal/mol = 6.36045
      interpolating states number/density done, cpu time[sec] = 1.38043, elapsed time[sec] = 0
   Model::RRHO::RRHO:  done, cpu time[sec] = 1.40315, elapsed time[sec] = 0
   WELL: W1
   Model::RRHO::RRHO:  starts
      Model::new_core:  starts
         Model::RigidRotor::RigidRotor:  starts
            molecular geometry will be used to estimate rotational constants
            rotational configuration: nonlinear
            rotational constants[1/cm]:         2.27757        1.07738         0.7314
         Model::RigidRotor::RigidRotor:  done, cpu time[sec] = 0.012597, elapsed time[sec] = 0
      Model::new_core:  done, cpu time[sec] = 0.034362, elapsed time[sec] = 0
      ground state energy, kcal/mol:   0.19
      interpolating states number/density starts
         core state contribution ... done, cpu time[sec] = 0.125184, elapsed time[sec] = 0
         electronic states contribution ... done, cpu time[sec] = 0.0136, elapsed time[sec] = 0
         vibrational modes contribution ... done, cpu time[sec] = 0.028769, elapsed time[sec] = 0
         effective power exponent at 399.809 kcal/mol = 6.35945
      interpolating states number/density done, cpu time[sec] = 1.23931, elapsed time[sec] = 0
   Model::RRHO::RRHO:  done, cpu time[sec] = 1.31014, elapsed time[sec] = 0
   WELL: W2
   Model::RRHO::RRHO:  starts
      Model::new_core:  starts
         Model::RigidRotor::RigidRotor:  starts
            molecular geometry will be used to estimate rotational constants
            rotational configuration: nonlinear
            rotational constants[1/cm]:         23.7897       0.601083        0.58627
         Model::RigidRotor::RigidRotor:  done, cpu time[sec] = 0.011811, elapsed time[sec] = 0
      Model::new_core:  done, cpu time[sec] = 0.033585, elapsed time[sec] = 0
      ground state energy, kcal/mol:   0.15
      interpolating states number/density starts
         core state contribution ... done, cpu time[sec] = 0.110235, elapsed time[sec] = 1
         electronic states contribution ... done, cpu time[sec] = 0.014521, elapsed time[sec] = 0
         vibrational modes contribution ... done, cpu time[sec] = 0.028977, elapsed time[sec] = 0
         effective power exponent at 399.849 kcal/mol = 6.36045
      interpolating states number/density done, cpu time[sec] = 1.15641, elapsed time[sec] = 1
   Model::RRHO::RRHO:  done, cpu time[sec] = 1.22611, elapsed time[sec] = 1
   WELL: W3
   Model::RRHO::RRHO:  starts
      Model::new_core:  starts
         Model::RigidRotor::RigidRotor:  starts
            molecular geometry will be used to estimate rotational constants
            rotational configuration: nonlinear
            rotational constants[1/cm]:         1.78953        1.33461       0.764474
         Model::RigidRotor::RigidRotor:  done, cpu time[sec] = 0.011866, elapsed time[sec] = 0
      Model::new_core:  done, cpu time[sec] = 0.033972, elapsed time[sec] = 0
      ground state energy, kcal/mol:   0.21
      interpolating states number/density starts
         core state contribution ... done, cpu time[sec] = 0.110416, elapsed time[sec] = 0
         electronic states contribution ... done, cpu time[sec] = 0.013772, elapsed time[sec] = 0
         vibrational modes contribution ... done, cpu time[sec] = 0.028378, elapsed time[sec] = 0
         effective power exponent at 399.789 kcal/mol = 6.35813
      interpolating states number/density done, cpu time[sec] = 0.773912, elapsed time[sec] = 0
   Model::RRHO::RRHO:  done, cpu time[sec] = 0.831076, elapsed time[sec] = 0
   WELL: W4
   Model::RRHO::RRHO:  starts
      Model::new_core:  starts
         Model::RigidRotor::RigidRotor:  starts
            molecular geometry will be used to estimate rotational constants
            rotational configuration: nonlinear
            rotational constants[1/cm]:         9.52595        1.29538        1.14032
         Model::RigidRotor::RigidRotor:  done, cpu time[sec] = 1.2e-05, elapsed time[sec] = 0
      Model::new_core:  done, cpu time[sec] = 1.9e-05, elapsed time[sec] = 0
      ground state energy, kcal/mol:   -86.72
      interpolating states number/density starts
         core state contribution ... done, cpu time[sec] = 0.001272, elapsed time[sec] = 0
         vibrational modes contribution ... done, cpu time[sec] = 0.000212, elapsed time[sec] = 0
         effective power exponent at 486.717 kcal/mol = 6.27499
      interpolating states number/density done, cpu time[sec] = 0.014767, elapsed time[sec] = 0
   Model::RRHO::RRHO:  done, cpu time[sec] = 0.014826, elapsed time[sec] = 0
   WELL: W5t
   Model::RRHO::RRHO:  starts
      Model::new_core:  starts
         Model::RigidRotor::RigidRotor:  starts
            molecular geometry will be used to estimate rotational constants
            rotational configuration: nonlinear
            rotational constants[1/cm]:         9.65604        1.21662        1.08048
         Model::RigidRotor::RigidRotor:  done, cpu time[sec] = 1.5e-05, elapsed time[sec] = 0
      Model::new_core:  done, cpu time[sec] = 2.2e-05, elapsed time[sec] = 0
      ground state energy, kcal/mol:   -34.55
      interpolating states number/density starts
         core state contribution ... done, cpu time[sec] = 0.001039, elapsed time[sec] = 0
         vibrational modes contribution ... done, cpu time[sec] = 0.000193, elapsed time[sec] = 0
         effective power exponent at 434.55 kcal/mol = 6.24835
      interpolating states number/density done, cpu time[sec] = 0.012637, elapsed time[sec] = 0
   Model::RRHO::RRHO:  done, cpu time[sec] = 0.012698, elapsed time[sec] = 0
Model::init:  done, cpu time[sec] = 4.8511, elapsed time[sec] = 1
