Model::init:  starts
   Model::ExponentialKernel::ExponentialKernel:  ... done
   Model::LennardJonesCollision::LennardJonesCollision:  ... done
   WELL: W0
   Model::RRHO::RRHO:  starts
      Model::new_core:  starts
         Model::RigidRotor::RigidRotor:  starts
            molecular geometry will be used to estimate rotational constants
            rotational configuration: nonlinear
            rotational constants[1/cm]:         23.7897       0.601083        0.58627
         Model::RigidRotor::RigidRotor:  done, cpu time[sec] = 0.003282, elapsed time[sec] = 0
      Model::new_core:  done, cpu time[sec] = 0.004026, elapsed time[sec] = 0
      ground state energy, kcal/mol:   0.15
      interpolating states number/density starts
         core state contribution ... done, cpu time[sec] = 0.149135, elapsed time[sec] = 0
         electronic states contribution ... done, cpu time[sec] = 0.002666, elapsed time[sec] = 0
         vibrational modes contribution ... done, cpu time[sec] = 0.016278, elapsed time[sec] = 0
         effective power exponent at 399.849 kcal/mol = 6.36045
      interpolating states number/density done, cpu time[sec] = 1.24623, elapsed time[sec] = 0
   Model::RRHO::RRHO:  done, cpu time[sec] = 1.26647, elapsed time[sec] = 0
   WELL: W1
   Model::RRHO::RRHO:  starts
      Model::new_core:  starts
         Model::RigidRotor::RigidRotor:  starts
            molecular geometry will be used to estimate rotational constants
            rotational configuration: nonlinear
            rotational constants[1/cm]:         2.27757        1.07738         0.7314
         Model::RigidRotor::RigidRotor:  done, cpu time[sec] = 0.011449, elapsed time[sec] = 0
      Model::new_core:  done, cpu time[sec] = 0.032419, elapsed time[sec] = 0
      ground state energy, kcal/mol:   0.19
      interpolating states number/density starts
         core state contribution ... done, cpu time[sec] = 0.119065, elapsed time[sec] = 0
         electronic states contribution ... done, cpu time[sec] = 0.012846, elapsed time[sec] = 0
         vibrational modes contribution ... done, cpu time[sec] = 0.02802, elapsed time[sec] = 0
         effective power exponent at 399.809 kcal/mol = 6.35945
      interpolating states number/density done, cpu time[sec] = 1.19206, elapsed time[sec] = 0
   Model::RRHO::RRHO:  done, cpu time[sec] = 1.25839, elapsed time[sec] = 0
   WELL: W2
   Model::RRHO::RRHO:  starts
      Model::new_core:  starts
         Model::RigidRotor::RigidRotor:  starts
            molecular geometry will be used to estimate rotational constants
            rotational configuration: nonlinear
            rotational constants[1/cm]:         23.7897       0.601083        0.58627
         Model::RigidRotor::RigidRotor:  done, cpu time[sec] = 0.011222, elapsed time[sec] = 0
      Model::new_core:  done, cpu time[sec] = 0.032044, elapsed time[sec] = 0
      ground state energy, kcal/mol:   0.15
      interpolating states number/density starts
         core state contribution ... done, cpu time[sec] = 0.106794, elapsed time[sec] = 0
         electronic states contribution ... done, cpu time[sec] = 0.012943, elapsed time[sec] = 0
         vibrational modes contribution ... done, cpu time[sec] = 0.028156, elapsed time[sec] = 0
         effective power exponent at 399.849 kcal/mol = 6.36045
      interpolating states number/density done, cpu time[sec] = 1.13088, elapsed time[sec] = 0
   Model::RRHO::RRHO:  done, cpu time[sec] = 1.19727, elapsed time[sec] = 0
   WELL: W3
   Model::RRHO::RRHO:  starts
      Model::new_core:  starts
         Model::RigidRotor::RigidRotor:  starts
            molecular geometry will be used to estimate rotational constants
            rotational configuration: nonlinear
            rotational constants[1/cm]:         1.78953        1.33461       0.764474
         Model::RigidRotor::RigidRotor:  done, cpu time[sec] = 0.011822, elapsed time[sec] = 0
      Model::new_core:  done, cpu time[sec] = 0.033121, elapsed time[sec] = 0
      ground state energy, kcal/mol:   0.21
      interpolating states number/density starts
         core state contribution ... done, cpu time[sec] = 0.108463, elapsed time[sec] = 0
         electronic states contribution ... done, cpu time[sec] = 0.012932, elapsed time[sec] = 0
         vibrational modes contribution ... done, cpu time[sec] = 0.02785, elapsed time[sec] = 0
         effective power exponent at 399.789 kcal/mol = 6.35813
      interpolating states number/density done, cpu time[sec] = 0.898527, elapsed time[sec] = 0
   Model::RRHO::RRHO:  done, cpu time[sec] = 0.954527, elapsed time[sec] = 0
   WELL: W4
   Model::RRHO::RRHO:  starts
      Model::new_core:  starts
         Model::RigidRotor::RigidRotor:  starts
            molecular geometry will be used to estimate rotational constants
            rotational configuration: nonlinear
            rotational constants[1/cm]:         9.52595        1.29538        1.14032
         Model::RigidRotor::RigidRotor:  done, cpu time[sec] = 3.9e-05, elapsed time[sec] = 0
      Model::new_core:  done, cpu time[sec] = 5.8e-05, elapsed time[sec] = 0
      ground state energy, kcal/mol:   -86.62
      interpolating states number/density starts
         core state contribution ... done, cpu time[sec] = 0.003348, elapsed time[sec] = 0
         vibrational modes contribution ... done, cpu time[sec] = 0.000218, elapsed time[sec] = 0
         effective power exponent at 486.617 kcal/mol = 6.27495
      interpolating states number/density done, cpu time[sec] = 0.017898, elapsed time[sec] = 0
   Model::RRHO::RRHO:  done, cpu time[sec] = 0.018042, elapsed time[sec] = 0
   WELL: W5t
   Model::RRHO::RRHO:  starts
      Model::new_core:  starts
         Model::RigidRotor::RigidRotor:  starts
            molecular geometry will be used to estimate rotational constants
            rotational configuration: nonlinear
            rotational constants[1/cm]:         9.65604        1.21662        1.08048
         Model::RigidRotor::RigidRotor:  done, cpu time[sec] = 1.5e-05, elapsed time[sec] = 0
      Model::new_core:  done, cpu time[sec] = 2.2e-05, elapsed time[sec] = 0
      ground state energy, kcal/mol:   -34.55
      interpolating states number/density starts
         core state contribution ... done, cpu time[sec] = 0.001039, elapsed time[sec] = 0
         vibrational modes contribution ... done, cpu time[sec] = 0.000192, elapsed time[sec] = 0
         effective power exponent at 434.55 kcal/mol = 6.24835
      interpolating states number/density done, cpu time[sec] = 0.012609, elapsed time[sec] = 0
   Model::RRHO::RRHO:  done, cpu time[sec] = 0.012672, elapsed time[sec] = 0
Model::init:  done, cpu time[sec] = 4.75483, elapsed time[sec] = 0
