Model::init:  starts
   Model::ExponentialKernel::ExponentialKernel:  ... done
   Model::LennardJonesCollision::LennardJonesCollision:  ... done
   WELL: W0
   Model::RRHO::RRHO:  starts
      Model::new_core:  starts
         Model::RigidRotor::RigidRotor:  starts
            molecular geometry will be used to estimate rotational constants
            rotational configuration: nonlinear
            rotational constants[1/cm]:         23.7897       0.601083        0.58627
         Model::RigidRotor::RigidRotor:  done, cpu time[sec] = 0.003349, elapsed time[sec] = 0
      Model::new_core:  done, cpu time[sec] = 0.004167, elapsed time[sec] = 0
      ground state energy, kcal/mol:   0.15
      interpolating states number/density starts
         core state contribution ... done, cpu time[sec] = 0.120521, elapsed time[sec] = 0
         electronic states contribution ... done, cpu time[sec] = 0.013669, elapsed time[sec] = 0
         vibrational modes contribution ... done, cpu time[sec] = 0.027353, elapsed time[sec] = 0
         effective power exponent at 399.849 kcal/mol = 6.36045
      interpolating states number/density done, cpu time[sec] = 1.30174, elapsed time[sec] = 0
   Model::RRHO::RRHO:  done, cpu time[sec] = 1.32153, elapsed time[sec] = 0
   WELL: W1
   Model::RRHO::RRHO:  starts
      Model::new_core:  starts
         Model::RigidRotor::RigidRotor:  starts
            molecular geometry will be used to estimate rotational constants
            rotational configuration: nonlinear
            rotational constants[1/cm]:         2.27757        1.07738         0.7314
         Model::RigidRotor::RigidRotor:  done, cpu time[sec] = 0.011734, elapsed time[sec] = 0
      Model::new_core:  done, cpu time[sec] = 0.033042, elapsed time[sec] = 0
      ground state energy, kcal/mol:   0.19
      interpolating states number/density starts
         core state contribution ... done, cpu time[sec] = 0.124202, elapsed time[sec] = 0
         electronic states contribution ... done, cpu time[sec] = 0.01322, elapsed time[sec] = 0
         vibrational modes contribution ... done, cpu time[sec] = 0.028433, elapsed time[sec] = 0
         effective power exponent at 399.809 kcal/mol = 6.35945
      interpolating states number/density done, cpu time[sec] = 1.21902, elapsed time[sec] = 0
   Model::RRHO::RRHO:  done, cpu time[sec] = 1.28764, elapsed time[sec] = 0
   WELL: W2
   Model::RRHO::RRHO:  starts
      Model::new_core:  starts
         Model::RigidRotor::RigidRotor:  starts
            molecular geometry will be used to estimate rotational constants
            rotational configuration: nonlinear
            rotational constants[1/cm]:         23.7897       0.601083        0.58627
         Model::RigidRotor::RigidRotor:  done, cpu time[sec] = 0.011593, elapsed time[sec] = 0
      Model::new_core:  done, cpu time[sec] = 0.032717, elapsed time[sec] = 0
      ground state energy, kcal/mol:   0.15
      interpolating states number/density starts
         core state contribution ... done, cpu time[sec] = 0.110256, elapsed time[sec] = 0
         electronic states contribution ... done, cpu time[sec] = 0.014275, elapsed time[sec] = 0
         vibrational modes contribution ... done, cpu time[sec] = 0.028246, elapsed time[sec] = 0
         effective power exponent at 399.849 kcal/mol = 6.36045
      interpolating states number/density done, cpu time[sec] = 1.15267, elapsed time[sec] = 0
   Model::RRHO::RRHO:  done, cpu time[sec] = 1.22101, elapsed time[sec] = 0
   WELL: W3
   Model::RRHO::RRHO:  starts
      Model::new_core:  starts
         Model::RigidRotor::RigidRotor:  starts
            molecular geometry will be used to estimate rotational constants
            rotational configuration: nonlinear
            rotational constants[1/cm]:         1.78953        1.33461       0.764474
         Model::RigidRotor::RigidRotor:  done, cpu time[sec] = 0.011585, elapsed time[sec] = 0
      Model::new_core:  done, cpu time[sec] = 0.033104, elapsed time[sec] = 0
      ground state energy, kcal/mol:   0.21
      interpolating states number/density starts
         core state contribution ... done, cpu time[sec] = 0.10879, elapsed time[sec] = 0
         electronic states contribution ... done, cpu time[sec] = 0.013835, elapsed time[sec] = 0
         vibrational modes contribution ... done, cpu time[sec] = 0.028061, elapsed time[sec] = 0
         effective power exponent at 399.789 kcal/mol = 6.35813
      interpolating states number/density done, cpu time[sec] = 0.824372, elapsed time[sec] = 0
   Model::RRHO::RRHO:  done, cpu time[sec] = 0.880265, elapsed time[sec] = 0
   WELL: W4
   Model::RRHO::RRHO:  starts
      Model::new_core:  starts
         Model::RigidRotor::RigidRotor:  starts
            molecular geometry will be used to estimate rotational constants
            rotational configuration: nonlinear
            rotational constants[1/cm]:         9.52595        1.29538        1.14032
         Model::RigidRotor::RigidRotor:  done, cpu time[sec] = 1.4e-05, elapsed time[sec] = 0
      Model::new_core:  done, cpu time[sec] = 2e-05, elapsed time[sec] = 0
      ground state energy, kcal/mol:   -86.72
      interpolating states number/density starts
         core state contribution ... done, cpu time[sec] = 0.00129, elapsed time[sec] = 0
         vibrational modes contribution ... done, cpu time[sec] = 0.000213, elapsed time[sec] = 0
         effective power exponent at 486.717 kcal/mol = 6.27499
      interpolating states number/density done, cpu time[sec] = 0.014786, elapsed time[sec] = 0
   Model::RRHO::RRHO:  done, cpu time[sec] = 0.014849, elapsed time[sec] = 0
   WELL: W5t
   Model::RRHO::RRHO:  starts
      Model::new_core:  starts
         Model::RigidRotor::RigidRotor:  starts
            molecular geometry will be used to estimate rotational constants
            rotational configuration: nonlinear
            rotational constants[1/cm]:         9.65604        1.21662        1.08048
         Model::RigidRotor::RigidRotor:  done, cpu time[sec] = 1.6e-05, elapsed time[sec] = 0
      Model::new_core:  done, cpu time[sec] = 2.2e-05, elapsed time[sec] = 0
      ground state energy, kcal/mol:   -34.55
      interpolating states number/density starts
         core state contribution ... done, cpu time[sec] = 0.001045, elapsed time[sec] = 0
         vibrational modes contribution ... done, cpu time[sec] = 0.000193, elapsed time[sec] = 0
         effective power exponent at 434.55 kcal/mol = 6.24835
      interpolating states number/density done, cpu time[sec] = 0.012581, elapsed time[sec] = 0
   Model::RRHO::RRHO:  done, cpu time[sec] = 0.012642, elapsed time[sec] = 0
Model::init:  done, cpu time[sec] = 4.79019, elapsed time[sec] = 0
