Model::init:  starts
   Model::ExponentialKernel::ExponentialKernel:  ... done
   Model::LennardJonesCollision::LennardJonesCollision:  ... done
   WELL: W0
   Model::RRHO::RRHO:  starts
      Model::new_core:  starts
         Model::RigidRotor::RigidRotor:  starts
            molecular geometry will be used to estimate rotational constants
            rotational configuration: nonlinear
            rotational constants[1/cm]:         23.7897       0.601083        0.58627
         Model::RigidRotor::RigidRotor:  done, cpu time[sec] = 0.003151, elapsed time[sec] = 0
      Model::new_core:  done, cpu time[sec] = 0.003923, elapsed time[sec] = 0
      ground state energy, kcal/mol:   0.15
      interpolating states number/density starts
         core state contribution ... done, cpu time[sec] = 0.106933, elapsed time[sec] = 0
         electronic states contribution ... done, cpu time[sec] = 0.002662, elapsed time[sec] = 0
         vibrational modes contribution ... done, cpu time[sec] = 0.017007, elapsed time[sec] = 0
         effective power exponent at 399.849 kcal/mol = 6.36045
      interpolating states number/density done, cpu time[sec] = 1.15108, elapsed time[sec] = 0
   Model::RRHO::RRHO:  done, cpu time[sec] = 1.1709, elapsed time[sec] = 0
   WELL: W1
   Model::RRHO::RRHO:  starts
      Model::new_core:  starts
         Model::RigidRotor::RigidRotor:  starts
            molecular geometry will be used to estimate rotational constants
            rotational configuration: nonlinear
            rotational constants[1/cm]:         2.27757        1.07738         0.7314
         Model::RigidRotor::RigidRotor:  done, cpu time[sec] = 0.011568, elapsed time[sec] = 0
      Model::new_core:  done, cpu time[sec] = 0.032707, elapsed time[sec] = 0
      ground state energy, kcal/mol:   0.19
      interpolating states number/density starts
         core state contribution ... done, cpu time[sec] = 0.121172, elapsed time[sec] = 0
         electronic states contribution ... done, cpu time[sec] = 0.013296, elapsed time[sec] = 0
         vibrational modes contribution ... done, cpu time[sec] = 0.028303, elapsed time[sec] = 0
         effective power exponent at 399.809 kcal/mol = 6.35945
      interpolating states number/density done, cpu time[sec] = 1.19618, elapsed time[sec] = 0
   Model::RRHO::RRHO:  done, cpu time[sec] = 1.26514, elapsed time[sec] = 0
   WELL: W2
   Model::RRHO::RRHO:  starts
      Model::new_core:  starts
         Model::RigidRotor::RigidRotor:  starts
            molecular geometry will be used to estimate rotational constants
            rotational configuration: nonlinear
            rotational constants[1/cm]:         23.7897       0.601083        0.58627
         Model::RigidRotor::RigidRotor:  done, cpu time[sec] = 0.011724, elapsed time[sec] = 0
      Model::new_core:  done, cpu time[sec] = 0.033012, elapsed time[sec] = 0
      ground state energy, kcal/mol:   0.15
      interpolating states number/density starts
         core state contribution ... done, cpu time[sec] = 0.11562, elapsed time[sec] = 0
         electronic states contribution ... done, cpu time[sec] = 0.013307, elapsed time[sec] = 0
         vibrational modes contribution ... done, cpu time[sec] = 0.027934, elapsed time[sec] = 0
         effective power exponent at 399.849 kcal/mol = 6.36045
      interpolating states number/density done, cpu time[sec] = 1.13744, elapsed time[sec] = 0
   Model::RRHO::RRHO:  done, cpu time[sec] = 1.20498, elapsed time[sec] = 0
   WELL: W3
   Model::RRHO::RRHO:  starts
      Model::new_core:  starts
         Model::RigidRotor::RigidRotor:  starts
            molecular geometry will be used to estimate rotational constants
            rotational configuration: nonlinear
            rotational constants[1/cm]:         1.78953        1.33461       0.764474
         Model::RigidRotor::RigidRotor:  done, cpu time[sec] = 0.011566, elapsed time[sec] = 0
      Model::new_core:  done, cpu time[sec] = 0.033097, elapsed time[sec] = 0
      ground state energy, kcal/mol:   0.21
      interpolating states number/density starts
         core state contribution ... done, cpu time[sec] = 0.108885, elapsed time[sec] = 0
         electronic states contribution ... done, cpu time[sec] = 0.013025, elapsed time[sec] = 0
         vibrational modes contribution ... done, cpu time[sec] = 0.027782, elapsed time[sec] = 0
         effective power exponent at 399.789 kcal/mol = 6.35813
      interpolating states number/density done, cpu time[sec] = 1.00207, elapsed time[sec] = 0
   Model::RRHO::RRHO:  done, cpu time[sec] = 1.05774, elapsed time[sec] = 0
   WELL: W4
   Model::RRHO::RRHO:  starts
      Model::new_core:  starts
         Model::RigidRotor::RigidRotor:  starts
            molecular geometry will be used to estimate rotational constants
            rotational configuration: nonlinear
            rotational constants[1/cm]:         9.52595        1.29538        1.14032
         Model::RigidRotor::RigidRotor:  done, cpu time[sec] = 5.2e-05, elapsed time[sec] = 0
      Model::new_core:  done, cpu time[sec] = 7.8e-05, elapsed time[sec] = 0
      ground state energy, kcal/mol:   -86.72
      interpolating states number/density starts
         core state contribution ... done, cpu time[sec] = 0.004311, elapsed time[sec] = 0
         vibrational modes contribution ... done, cpu time[sec] = 0.000638, elapsed time[sec] = 0
         effective power exponent at 486.717 kcal/mol = 6.27499
      interpolating states number/density done, cpu time[sec] = 0.027727, elapsed time[sec] = 0
   Model::RRHO::RRHO:  done, cpu time[sec] = 0.027909, elapsed time[sec] = 0
   WELL: W5t
   Model::RRHO::RRHO:  starts
      Model::new_core:  starts
         Model::RigidRotor::RigidRotor:  starts
            molecular geometry will be used to estimate rotational constants
            rotational configuration: nonlinear
            rotational constants[1/cm]:         9.65604        1.21662        1.08048
         Model::RigidRotor::RigidRotor:  done, cpu time[sec] = 1.5e-05, elapsed time[sec] = 0
      Model::new_core:  done, cpu time[sec] = 2.1e-05, elapsed time[sec] = 0
      ground state energy, kcal/mol:   -34.55
      interpolating states number/density starts
         core state contribution ... done, cpu time[sec] = 0.001043, elapsed time[sec] = 0
         vibrational modes contribution ... done, cpu time[sec] = 0.000193, elapsed time[sec] = 0
         effective power exponent at 434.55 kcal/mol = 6.24835
      interpolating states number/density done, cpu time[sec] = 0.012434, elapsed time[sec] = 0
   Model::RRHO::RRHO:  done, cpu time[sec] = 0.012492, elapsed time[sec] = 0
Model::init:  done, cpu time[sec] = 4.78662, elapsed time[sec] = 0
