Model::init:  starts
   Model::ExponentialKernel::ExponentialKernel:  ... done
   Model::LennardJonesCollision::LennardJonesCollision:  ... done
   WELL: W0
   Model::RRHO::RRHO:  starts
      Model::new_core:  starts
         Model::RigidRotor::RigidRotor:  starts
            molecular geometry will be used to estimate rotational constants
            rotational configuration: nonlinear
            rotational constants[1/cm]:         23.7897       0.601083        0.58627
         Model::RigidRotor::RigidRotor:  done, cpu time[sec] = 0.005356, elapsed time[sec] = 0
      Model::new_core:  done, cpu time[sec] = 0.006616, elapsed time[sec] = 0
      ground state energy, kcal/mol:   0.15
      interpolating states number/density starts
         core state contribution ... done, cpu time[sec] = 0.219418, elapsed time[sec] = 0
         electronic states contribution ... done, cpu time[sec] = 0.024392, elapsed time[sec] = 0
         vibrational modes contribution ... done, cpu time[sec] = 0.04638, elapsed time[sec] = 0
         effective power exponent at 399.849 kcal/mol = 6.36045
      interpolating states number/density done, cpu time[sec] = 1.50326, elapsed time[sec] = 0
   Model::RRHO::RRHO:  done, cpu time[sec] = 1.52574, elapsed time[sec] = 0
   WELL: W1
   Model::RRHO::RRHO:  starts
      Model::new_core:  starts
         Model::RigidRotor::RigidRotor:  starts
            molecular geometry will be used to estimate rotational constants
            rotational configuration: nonlinear
            rotational constants[1/cm]:         2.27757        1.07738         0.7314
         Model::RigidRotor::RigidRotor:  done, cpu time[sec] = 0.012061, elapsed time[sec] = 0
      Model::new_core:  done, cpu time[sec] = 0.033433, elapsed time[sec] = 0
      ground state energy, kcal/mol:   0.19
      interpolating states number/density starts
         core state contribution ... done, cpu time[sec] = 0.125355, elapsed time[sec] = 0
         electronic states contribution ... done, cpu time[sec] = 0.014264, elapsed time[sec] = 0
         vibrational modes contribution ... done, cpu time[sec] = 0.029024, elapsed time[sec] = 0
         effective power exponent at 399.809 kcal/mol = 6.35945
      interpolating states number/density done, cpu time[sec] = 1.25213, elapsed time[sec] = 0
   Model::RRHO::RRHO:  done, cpu time[sec] = 1.32057, elapsed time[sec] = 0
   WELL: W2
   Model::RRHO::RRHO:  starts
      Model::new_core:  starts
         Model::RigidRotor::RigidRotor:  starts
            molecular geometry will be used to estimate rotational constants
            rotational configuration: nonlinear
            rotational constants[1/cm]:         23.7897       0.601083        0.58627
         Model::RigidRotor::RigidRotor:  done, cpu time[sec] = 0.01166, elapsed time[sec] = 0
      Model::new_core:  done, cpu time[sec] = 0.033631, elapsed time[sec] = 0
      ground state energy, kcal/mol:   0.15
      interpolating states number/density starts
         core state contribution ... done, cpu time[sec] = 0.111325, elapsed time[sec] = 0
         electronic states contribution ... done, cpu time[sec] = 0.01384, elapsed time[sec] = 0
         vibrational modes contribution ... done, cpu time[sec] = 0.028961, elapsed time[sec] = 0
         effective power exponent at 399.849 kcal/mol = 6.36045
      interpolating states number/density done, cpu time[sec] = 1.16191, elapsed time[sec] = 0
   Model::RRHO::RRHO:  done, cpu time[sec] = 1.23063, elapsed time[sec] = 0
   WELL: W3
   Model::RRHO::RRHO:  starts
      Model::new_core:  starts
         Model::RigidRotor::RigidRotor:  starts
            molecular geometry will be used to estimate rotational constants
            rotational configuration: nonlinear
            rotational constants[1/cm]:         1.78953        1.33461       0.764474
         Model::RigidRotor::RigidRotor:  done, cpu time[sec] = 0.011577, elapsed time[sec] = 0
      Model::new_core:  done, cpu time[sec] = 0.033045, elapsed time[sec] = 0
      ground state energy, kcal/mol:   0.21
      interpolating states number/density starts
         core state contribution ... done, cpu time[sec] = 0.11389, elapsed time[sec] = 0
         electronic states contribution ... done, cpu time[sec] = 0.013547, elapsed time[sec] = 0
         vibrational modes contribution ... done, cpu time[sec] = 0.028577, elapsed time[sec] = 0
         effective power exponent at 399.789 kcal/mol = 6.35813
      interpolating states number/density done, cpu time[sec] = 0.621557, elapsed time[sec] = 0
   Model::RRHO::RRHO:  done, cpu time[sec] = 0.677252, elapsed time[sec] = 0
   WELL: W4
   Model::RRHO::RRHO:  starts
      Model::new_core:  starts
         Model::RigidRotor::RigidRotor:  starts
            molecular geometry will be used to estimate rotational constants
            rotational configuration: nonlinear
            rotational constants[1/cm]:         9.52595        1.29538        1.14032
         Model::RigidRotor::RigidRotor:  done, cpu time[sec] = 2.7e-05, elapsed time[sec] = 0
      Model::new_core:  done, cpu time[sec] = 4e-05, elapsed time[sec] = 0
      ground state energy, kcal/mol:   -86.72
      interpolating states number/density starts
         core state contribution ... done, cpu time[sec] = 0.002582, elapsed time[sec] = 0
         vibrational modes contribution ... done, cpu time[sec] = 0.00043, elapsed time[sec] = 0
         effective power exponent at 486.717 kcal/mol = 6.27499
      interpolating states number/density done, cpu time[sec] = 0.018006, elapsed time[sec] = 0
   Model::RRHO::RRHO:  done, cpu time[sec] = 0.018111, elapsed time[sec] = 0
   WELL: W5t
   Model::RRHO::RRHO:  starts
      Model::new_core:  starts
         Model::RigidRotor::RigidRotor:  starts
            molecular geometry will be used to estimate rotational constants
            rotational configuration: nonlinear
            rotational constants[1/cm]:         9.65604        1.21662        1.08048
         Model::RigidRotor::RigidRotor:  done, cpu time[sec] = 1.5e-05, elapsed time[sec] = 0
      Model::new_core:  done, cpu time[sec] = 2.2e-05, elapsed time[sec] = 0
      ground state energy, kcal/mol:   -34.45
      interpolating states number/density starts
         core state contribution ... done, cpu time[sec] = 0.001051, elapsed time[sec] = 0
         vibrational modes contribution ... done, cpu time[sec] = 0.000194, elapsed time[sec] = 0
         effective power exponent at 434.45 kcal/mol = 6.24829
      interpolating states number/density done, cpu time[sec] = 0.012478, elapsed time[sec] = 0
   Model::RRHO::RRHO:  done, cpu time[sec] = 0.012537, elapsed time[sec] = 0
Model::init:  done, cpu time[sec] = 4.83776, elapsed time[sec] = 0
