Wells (G - ground energy, D - dissociation limit, kcal/mol):
      Name        G        D
        W1    -40.5    -36.4
        W2    -85.8    -37.6
        W3    -45.7    -37.6

Bimolecular Products (G - ground energy, kcal/mol):
      Name        G
         R      0.0
        P1    -37.6
        P2     -8.1

Well-to-Bimolecular Barriers (H/G - barrier height/well depth, kcal/mol)
      Name        H     Well        G  Product
        B1      0.0       W1    -40.5        R
        B2      0.0       W2    -85.8        R
        B3     -8.1       W1    -40.5       P2
        B4    -37.6       W3    -45.7       P1
        B5    -34.8       W3    -45.7       P3

Well-to-Well Barriers (H/G - barrier height/well depth, kcal/mol):
      Name        H     Well       G1     Well       G2
        B6    -36.4       W1    -40.5       W2    -85.8
        B7    -37.6       W2    -85.8       W3    -45.7

________________________________________________________________________________________

Unimolecular Rate Units: 1/sec;  Bimolecular Rate Units: cm^3/sec

______________________________________________________________________________________

Species-Species Rate Tables:

Temperature = 240 K

High Pressure Rate Coefficients:

From\To            W1           W2           W3            R           P1           P2           P3
W1                ***  1.82568e+09          ***  1.07935e-24          ***  5.77473e-16          ***
W2        1.18435e-32          ***  5.35966e-30  7.54744e-65          ***          ***          ***
W3                ***  1.50884e+07          ***          ***  1.98655e+08          ***      56683.1
R         6.96523e-12  7.50788e-11          ***          ***          ***          ***          ***
P1                ***          ***  7.53844e-10          ***          ***          ***          ***
P2        1.46395e-08          ***          ***          ***          ***          ***          ***
P3                ***          ***          ***          ***          ***          ***          ***

Temperature = 240 K    Pressure = 0.1 atm

From\To            W1           W2           W3            R           P1           P2           P3
W1                ***          ***          ***          ***          ***          ***          ***
W2                *** -1.54293e-11          ***  2.57332e-69  2.80788e-31  8.24101e-61  6.60033e-34
W3                ***          ***          ***          ***          ***          ***          ***
R                 ***  2.55983e-15          ***   8.1922e-11  7.69086e-11  4.80242e-13  4.53314e-12
P1                ***  2.99964e-12          ***  8.25938e-46  2.77666e-12  3.85967e-38  1.90174e-13
P2                ***  3.22046e-12          ***   1.8866e-18  1.41188e-08  1.45895e-08  4.70716e-10
P3                ***          ***          ***          ***          ***          ***          ***

Temperature = 240 K    Pressure = 1 atm

From\To            W1           W2           W3            R           P1           P2           P3
W1                ***          ***          ***          ***          ***          ***          ***
W2                ***  2.01025e-10          *** -3.35274e-68  6.77412e-31 -1.07372e-59  1.23682e-33
W3                ***          ***          ***          ***          ***          ***          ***
R                 *** -3.33517e-14          ***   8.1922e-11  7.69088e-11  4.80206e-13  4.53297e-12
P1                ***  7.23674e-12          ***  8.25941e-46  1.23391e-11  3.85968e-38  1.87398e-13
P2                *** -4.19592e-11          ***  1.88646e-18  1.41188e-08  1.45895e-08  4.70681e-10
P3                ***          ***          ***          ***          ***          ***          ***

Temperature = 250 K

High Pressure Rate Coefficients:

From\To            W1           W2           W3            R           P1           P2           P3
W1                ***  2.68273e+09          ***  3.40354e-23          ***  9.18321e-15          ***
W2         7.7295e-31          ***  3.22492e-28  1.06308e-61          ***          ***          ***
W3                ***  3.16261e+07          ***          ***  4.24359e+08          ***       119003
R         6.92741e-12  7.50985e-11          ***          ***          ***          ***          ***
P1                ***          ***  7.38229e-10          ***          ***          ***          ***
P2        1.45497e-08          ***          ***          ***          ***          ***          ***
P3                ***          ***          ***          ***          ***          ***          ***

Temperature = 250 K    Pressure = 0.1 atm

From\To            W1           W2           W3            R           P1           P2           P3
W1                ***          ***          ***          ***          ***          ***          ***
W2                ***  3.30502e-10          *** -7.07984e-66  9.69343e-30  -1.1373e-57  3.12005e-32
W3                ***          ***          ***          ***          ***          ***          ***
R                 *** -5.00137e-15          ***  8.19514e-11  7.69145e-11  4.84742e-13  4.55218e-12
P1                ***  1.65372e-12          ***  1.85749e-44  2.40357e-12  4.35246e-37  1.88076e-13
P2                ***   -6.254e-12          ***  3.77337e-18  1.40293e-08   1.4499e-08   4.6976e-10
P3                ***          ***          ***          ***          ***          ***          ***

Temperature = 250 K    Pressure = 1 atm

From\To            W1           W2           W3            R           P1           P2           P3
W1                ***          ***          ***          ***          ***          ***          ***
W2                *** -3.69684e-10          ***  1.31246e-65  6.81475e-29  2.10833e-57  6.93762e-32
W3                ***          ***          ***          ***          ***          ***          ***
R                 ***  9.27154e-15          ***  8.19514e-11  7.69147e-11  4.84707e-13  4.55201e-12
P1                ***  1.16261e-11          ***   1.8575e-44  1.08948e-11  4.35247e-37  1.85717e-13
P2                ***  1.15937e-11          ***   3.7731e-18  1.40293e-08   1.4499e-08  4.69726e-10
P3                ***          ***          ***          ***          ***          ***          ***

______________________________________________________________________________________

High Pressure Rate Coefficients (Temperature-Species Rate Tables):

   T(K)       W1->W1       W1->W2       W1->W3        W1->R       W1->P1       W1->P2       W1->P3
    240          ***  1.82568e+09          ***  1.07935e-24          ***  5.77473e-16          ***
    250          ***  2.68273e+09          ***  3.40354e-23          ***  9.18321e-15          ***

   T(K)       W2->W1       W2->W2       W2->W3        W2->R       W2->P1       W2->P2       W2->P3
    240  1.18435e-32          ***  5.35966e-30  7.54744e-65          ***          ***          ***
    250   7.7295e-31          ***  3.22492e-28  1.06308e-61          ***          ***          ***

   T(K)       W3->W1       W3->W2       W3->W3        W3->R       W3->P1       W3->P2       W3->P3
    240          ***  1.50884e+07          ***          ***  1.98655e+08          ***      56683.1
    250          ***  3.16261e+07          ***          ***  4.24359e+08          ***       119003

   T(K)        R->W1        R->W2        R->W3         R->R        R->P1        R->P2        R->P3
    240  6.96523e-12  7.50788e-11          ***          ***          ***          ***          ***
    250  6.92741e-12  7.50985e-11          ***          ***          ***          ***          ***

   T(K)       P1->W1       P1->W2       P1->W3        P1->R       P1->P1       P1->P2       P1->P3
    240          ***          ***  7.53844e-10          ***          ***          ***          ***
    250          ***          ***  7.38229e-10          ***          ***          ***          ***

   T(K)       P2->W1       P2->W2       P2->W3        P2->R       P2->P1       P2->P2       P2->P3
    240  1.46395e-08          ***          ***          ***          ***          ***          ***
    250  1.45497e-08          ***          ***          ***          ***          ***          ***

   T(K)       P3->W1       P3->W2       P3->W3        P3->R       P3->P1       P3->P2       P3->P3
    240          ***          ***          ***          ***          ***          ***          ***
    250          ***          ***          ***          ***          ***          ***          ***

Capture/Escape Rate Coefficients:

   T(K)           W1           W2           W3            R           P1           P2           P3
    240  1.82568e+09   5.3715e-30    2.138e+08  8.20441e-11  7.53844e-10  1.46395e-08          ***
    250  2.68273e+09  3.23265e-28  4.56105e+08  8.20259e-11  7.38229e-10  1.45497e-08          ***

______________________________________________________________________________________

Pressure-Species Rate Tables:

   Temperature = 240 K

   P(atm)       W1->W2       W1->W3        W1->R       W1->P1       W1->P2       W1->P3         W1->
      0.1          ***          ***          ***          ***          ***          ***          ***
        1          ***          ***          ***          ***          ***          ***          ***
    O-O  1.82568e+09          ***  1.07935e-24          ***  5.77473e-16          ***  1.82568e+09

   Temperature = 250 K

   P(atm)       W1->W2       W1->W3        W1->R       W1->P1       W1->P2       W1->P3         W1->
      0.1          ***          ***          ***          ***          ***          ***          ***
        1          ***          ***          ***          ***          ***          ***          ***
    O-O  2.68273e+09          ***  3.40354e-23          ***  9.18321e-15          ***  2.68273e+09

   Temperature = 240 K

   P(atm)       W2->W1       W2->W3        W2->R       W2->P1       W2->P2       W2->P3         W2->
      0.1          ***          ***  2.57332e-69  2.80788e-31  8.24101e-61  6.60033e-34 -1.54293e-11
        1          ***          *** -3.35274e-68  6.77412e-31 -1.07372e-59  1.23682e-33  2.01025e-10
    O-O  1.18435e-32  5.35966e-30  7.54744e-65          ***          ***          ***   5.3715e-30

   Temperature = 250 K

   P(atm)       W2->W1       W2->W3        W2->R       W2->P1       W2->P2       W2->P3         W2->
      0.1          ***          *** -7.07984e-66  9.69343e-30  -1.1373e-57  3.12005e-32  3.30502e-10
        1          ***          ***  1.31246e-65  6.81475e-29  2.10833e-57  6.93762e-32 -3.69684e-10
    O-O   7.7295e-31  3.22492e-28  1.06308e-61          ***          ***          ***  3.23265e-28

   Temperature = 240 K

   P(atm)       W3->W1       W3->W2        W3->R       W3->P1       W3->P2       W3->P3         W3->
      0.1          ***          ***          ***          ***          ***          ***          ***
        1          ***          ***          ***          ***          ***          ***          ***
    O-O          ***  1.50884e+07          ***  1.98655e+08          ***      56683.1    2.138e+08

   Temperature = 250 K

   P(atm)       W3->W1       W3->W2        W3->R       W3->P1       W3->P2       W3->P3         W3->
      0.1          ***          ***          ***          ***          ***          ***          ***
        1          ***          ***          ***          ***          ***          ***          ***
    O-O          ***  3.16261e+07          ***  4.24359e+08          ***       119003  4.56105e+08

   Temperature = 240 K

   P(atm)        R->W1        R->W2        R->W3        R->P1        R->P2        R->P3          R->
      0.1          ***  2.55983e-15          ***  7.69086e-11  4.80242e-13  4.53314e-12   8.1922e-11
        1          *** -3.33517e-14          ***  7.69088e-11  4.80206e-13  4.53297e-12   8.1922e-11
    O-O  6.96523e-12  7.50788e-11          ***          ***          ***          ***  8.20441e-11

   Temperature = 250 K

   P(atm)        R->W1        R->W2        R->W3        R->P1        R->P2        R->P3          R->
      0.1          *** -5.00137e-15          ***  7.69145e-11  4.84742e-13  4.55218e-12  8.19514e-11
        1          ***  9.27154e-15          ***  7.69147e-11  4.84707e-13  4.55201e-12  8.19514e-11
    O-O  6.92741e-12  7.50985e-11          ***          ***          ***          ***  8.20259e-11

   Temperature = 240 K

   P(atm)       P1->W1       P1->W2       P1->W3        P1->R       P1->P2       P1->P3         P1->
      0.1          ***  2.99964e-12          ***  8.25938e-46  3.85967e-38  1.90174e-13  2.77666e-12
        1          ***  7.23674e-12          ***  8.25941e-46  3.85968e-38  1.87398e-13  1.23391e-11
    O-O          ***          ***  7.53844e-10          ***          ***          ***  7.53844e-10

   Temperature = 250 K

   P(atm)       P1->W1       P1->W2       P1->W3        P1->R       P1->P2       P1->P3         P1->
      0.1          ***  1.65372e-12          ***  1.85749e-44  4.35246e-37  1.88076e-13  2.40357e-12
        1          ***  1.16261e-11          ***   1.8575e-44  4.35247e-37  1.85717e-13  1.08948e-11
    O-O          ***          ***  7.38229e-10          ***          ***          ***  7.38229e-10

   Temperature = 240 K

   P(atm)       P2->W1       P2->W2       P2->W3        P2->R       P2->P1       P2->P3         P2->
      0.1          ***  3.22046e-12          ***   1.8866e-18  1.41188e-08  4.70716e-10  1.45895e-08
        1          *** -4.19592e-11          ***  1.88646e-18  1.41188e-08  4.70681e-10  1.45895e-08
    O-O  1.46395e-08          ***          ***          ***          ***          ***  1.46395e-08

   Temperature = 250 K

   P(atm)       P2->W1       P2->W2       P2->W3        P2->R       P2->P1       P2->P3         P2->
      0.1          ***   -6.254e-12          ***  3.77337e-18  1.40293e-08   4.6976e-10   1.4499e-08
        1          ***  1.15937e-11          ***   3.7731e-18  1.40293e-08  4.69726e-10   1.4499e-08
    O-O  1.45497e-08          ***          ***          ***          ***          ***  1.45497e-08

   Temperature = 240 K

   P(atm)       P3->W1       P3->W2       P3->W3        P3->R       P3->P1       P3->P2         P3->
      0.1          ***          ***          ***          ***          ***          ***          ***
        1          ***          ***          ***          ***          ***          ***          ***
    O-O          ***          ***          ***          ***          ***          ***          ***

   Temperature = 250 K

   P(atm)       P3->W1       P3->W2       P3->W3        P3->R       P3->P1       P3->P2         P3->
      0.1          ***          ***          ***          ***          ***          ***          ***
        1          ***          ***          ***          ***          ***          ***          ***
    O-O          ***          ***          ***          ***          ***          ***          ***

______________________________________________________________________________________

Temperature-Species Rate Tables:

   Pressure = 0.1 atm

   T(K)       W1->W2       W1->W3        W1->R       W1->P1       W1->P2       W1->P3         W1->      Capture
    240          ***          ***          ***          ***          ***          ***          ***  1.82568e+09
    250          ***          ***          ***          ***          ***          ***          ***  2.68273e+09

   Pressure = 1 atm

   T(K)       W1->W2       W1->W3        W1->R       W1->P1       W1->P2       W1->P3         W1->      Capture
    240          ***          ***          ***          ***          ***          ***          ***  1.82568e+09
    250          ***          ***          ***          ***          ***          ***          ***  2.68273e+09

   Pressure = 0.1 atm

   T(K)       W2->W1       W2->W3        W2->R       W2->P1       W2->P2       W2->P3         W2->      Capture
    240          ***          ***  2.57332e-69  2.80788e-31  8.24101e-61  6.60033e-34 -1.54293e-11   5.3715e-30
    250          ***          *** -7.07984e-66  9.69343e-30  -1.1373e-57  3.12005e-32  3.30502e-10  3.23265e-28

   Pressure = 1 atm

   T(K)       W2->W1       W2->W3        W2->R       W2->P1       W2->P2       W2->P3         W2->      Capture
    240          ***          *** -3.35274e-68  6.77412e-31 -1.07372e-59  1.23682e-33  2.01025e-10   5.3715e-30
    250          ***          ***  1.31246e-65  6.81475e-29  2.10833e-57  6.93762e-32 -3.69684e-10  3.23265e-28

   Pressure = 0.1 atm

   T(K)       W3->W1       W3->W2        W3->R       W3->P1       W3->P2       W3->P3         W3->      Capture
    240          ***          ***          ***          ***          ***          ***          ***    2.138e+08
    250          ***          ***          ***          ***          ***          ***          ***  4.56105e+08

   Pressure = 1 atm

   T(K)       W3->W1       W3->W2        W3->R       W3->P1       W3->P2       W3->P3         W3->      Capture
    240          ***          ***          ***          ***          ***          ***          ***    2.138e+08
    250          ***          ***          ***          ***          ***          ***          ***  4.56105e+08

   Pressure = 0.1 atm

   T(K)        R->W1        R->W2        R->W3        R->P1        R->P2        R->P3          R->      Capture
    240          ***  2.55983e-15          ***  7.69086e-11  4.80242e-13  4.53314e-12   8.1922e-11  8.20441e-11
    250          *** -5.00137e-15          ***  7.69145e-11  4.84742e-13  4.55218e-12  8.19514e-11  8.20259e-11

   Pressure = 1 atm

   T(K)        R->W1        R->W2        R->W3        R->P1        R->P2        R->P3          R->      Capture
    240          *** -3.33517e-14          ***  7.69088e-11  4.80206e-13  4.53297e-12   8.1922e-11  8.20441e-11
    250          ***  9.27154e-15          ***  7.69147e-11  4.84707e-13  4.55201e-12  8.19514e-11  8.20259e-11

   Pressure = 0.1 atm

   T(K)       P1->W1       P1->W2       P1->W3        P1->R       P1->P2       P1->P3         P1->      Capture
    240          ***  2.99964e-12          ***  8.25938e-46  3.85967e-38  1.90174e-13  2.77666e-12  7.53844e-10
    250          ***  1.65372e-12          ***  1.85749e-44  4.35246e-37  1.88076e-13  2.40357e-12  7.38229e-10

   Pressure = 1 atm

   T(K)       P1->W1       P1->W2       P1->W3        P1->R       P1->P2       P1->P3         P1->      Capture
    240          ***  7.23674e-12          ***  8.25941e-46  3.85968e-38  1.87398e-13  1.23391e-11  7.53844e-10
    250          ***  1.16261e-11          ***   1.8575e-44  4.35247e-37  1.85717e-13  1.08948e-11  7.38229e-10

   Pressure = 0.1 atm

   T(K)       P2->W1       P2->W2       P2->W3        P2->R       P2->P1       P2->P3         P2->      Capture
    240          ***  3.22046e-12          ***   1.8866e-18  1.41188e-08  4.70716e-10  1.45895e-08  1.46395e-08
    250          ***   -6.254e-12          ***  3.77337e-18  1.40293e-08   4.6976e-10   1.4499e-08  1.45497e-08

   Pressure = 1 atm

   T(K)       P2->W1       P2->W2       P2->W3        P2->R       P2->P1       P2->P3         P2->      Capture
    240          *** -4.19592e-11          ***  1.88646e-18  1.41188e-08  4.70681e-10  1.45895e-08  1.46395e-08
    250          ***  1.15937e-11          ***   3.7731e-18  1.40293e-08  4.69726e-10   1.4499e-08  1.45497e-08

   Pressure = 0.1 atm

   T(K)       P3->W1       P3->W2       P3->W3        P3->R       P3->P1       P3->P2         P3->      Capture
    240          ***          ***          ***          ***          ***          ***          ***          ***
    250          ***          ***          ***          ***          ***          ***          ***          ***

   Pressure = 1 atm

   T(K)       P3->W1       P3->W2       P3->W3        P3->R       P3->P1       P3->P2         P3->      Capture
    240          ***          ***          ***          ***          ***          ***          ***          ***
    250          ***          ***          ***          ***          ***          ***          ***          ***

______________________________________________________________________________________

Temperature-Pressure Rate Tables:

W1->W2

P\T              240          250
0.1              ***          ***
1                ***          ***
O-O      1.82568e+09  2.68273e+09

W1->W3

P\T              240          250
0.1              ***          ***
1                ***          ***
O-O              ***          ***

W1->R

P\T              240          250
0.1              ***          ***
1                ***          ***
O-O      1.07935e-24  3.40354e-23

W1->P1

P\T              240          250
0.1              ***          ***
1                ***          ***
O-O              ***          ***

W1->P2

P\T              240          250
0.1              ***          ***
1                ***          ***
O-O      5.77473e-16  9.18321e-15

W1->P3

P\T              240          250
0.1              ***          ***
1                ***          ***
O-O              ***          ***

W2->W1

P\T              240          250
0.1              ***          ***
1                ***          ***
O-O      1.18435e-32   7.7295e-31

W2->W3

P\T              240          250
0.1              ***          ***
1                ***          ***
O-O      5.35966e-30  3.22492e-28

W2->R

P\T              240          250
0.1      2.57332e-69 -7.07984e-66
1       -3.35274e-68  1.31246e-65
O-O      7.54744e-65  1.06308e-61

W2->P1

P\T              240          250
0.1      2.80788e-31  9.69343e-30
1        6.77412e-31  6.81475e-29
O-O              ***          ***

W2->P2

P\T              240          250
0.1      8.24101e-61  -1.1373e-57
1       -1.07372e-59  2.10833e-57
O-O              ***          ***

W2->P3

P\T              240          250
0.1      6.60033e-34  3.12005e-32
1        1.23682e-33  6.93762e-32
O-O              ***          ***

W3->W1

P\T              240          250
0.1              ***          ***
1                ***          ***
O-O              ***          ***

W3->W2

P\T              240          250
0.1              ***          ***
1                ***          ***
O-O      1.50884e+07  3.16261e+07

W3->R

P\T              240          250
0.1              ***          ***
1                ***          ***
O-O              ***          ***

W3->P1

P\T              240          250
0.1              ***          ***
1                ***          ***
O-O      1.98655e+08  4.24359e+08

W3->P2

P\T              240          250
0.1              ***          ***
1                ***          ***
O-O              ***          ***

W3->P3

P\T              240          250
0.1              ***          ***
1                ***          ***
O-O          56683.1       119003

R->W1

P\T              240          250
0.1              ***          ***
1                ***          ***
O-O      6.96523e-12  6.92741e-12

R->W2

P\T              240          250
0.1      2.55983e-15 -5.00137e-15
1       -3.33517e-14  9.27154e-15
O-O      7.50788e-11  7.50985e-11

R->W3

P\T              240          250
0.1              ***          ***
1                ***          ***
O-O              ***          ***

R->P1

P\T              240          250
0.1      7.69086e-11  7.69145e-11
1        7.69088e-11  7.69147e-11
O-O              ***          ***

R->P2

P\T              240          250
0.1      4.80242e-13  4.84742e-13
1        4.80206e-13  4.84707e-13
O-O              ***          ***

R->P3

P\T              240          250
0.1      4.53314e-12  4.55218e-12
1        4.53297e-12  4.55201e-12
O-O              ***          ***

P1->W1

P\T              240          250
0.1              ***          ***
1                ***          ***
O-O              ***          ***

P1->W2

P\T              240          250
0.1      2.99964e-12  1.65372e-12
1        7.23674e-12  1.16261e-11
O-O              ***          ***

P1->W3

P\T              240          250
0.1              ***          ***
1                ***          ***
O-O      7.53844e-10  7.38229e-10

P1->R

P\T              240          250
0.1      8.25938e-46  1.85749e-44
1        8.25941e-46   1.8575e-44
O-O              ***          ***

P1->P2

P\T              240          250
0.1      3.85967e-38  4.35246e-37
1        3.85968e-38  4.35247e-37
O-O              ***          ***

P1->P3

P\T              240          250
0.1      1.90174e-13  1.88076e-13
1        1.87398e-13  1.85717e-13
O-O              ***          ***

P2->W1

P\T              240          250
0.1              ***          ***
1                ***          ***
O-O      1.46395e-08  1.45497e-08

P2->W2

P\T              240          250
0.1      3.22046e-12   -6.254e-12
1       -4.19592e-11  1.15937e-11
O-O              ***          ***

P2->W3

P\T              240          250
0.1              ***          ***
1                ***          ***
O-O              ***          ***

P2->R

P\T              240          250
0.1       1.8866e-18  3.77337e-18
1        1.88646e-18   3.7731e-18
O-O              ***          ***

P2->P1

P\T              240          250
0.1      1.41188e-08  1.40293e-08
1        1.41188e-08  1.40293e-08
O-O              ***          ***

P2->P3

P\T              240          250
0.1      4.70716e-10   4.6976e-10
1        4.70681e-10  4.69726e-10
O-O              ***          ***

P3->W1

P\T              240          250
0.1              ***          ***
1                ***          ***
O-O              ***          ***

P3->W2

P\T              240          250
0.1              ***          ***
1                ***          ***
O-O              ***          ***

P3->W3

P\T              240          250
0.1              ***          ***
1                ***          ***
O-O              ***          ***

P3->R

P\T              240          250
0.1              ***          ***
1                ***          ***
O-O              ***          ***

P3->P1

P\T              240          250
0.1              ***          ***
1                ***          ***
O-O              ***          ***

P3->P2

P\T              240          250
0.1              ***          ***
1                ***          ***
O-O              ***          ***

W1-> 

P\T              240          250
0.1              ***          ***
1                ***          ***
O-O      1.82568e+09  2.68273e+09

W2-> 

P\T              240          250
0.1     -1.54293e-11  3.30502e-10
1        2.01025e-10 -3.69684e-10
O-O       5.3715e-30  3.23265e-28

W3-> 

P\T              240          250
0.1              ***          ***
1                ***          ***
O-O        2.138e+08  4.56105e+08

R-> 

P\T              240          250
0.1       8.1922e-11  8.19514e-11
1         8.1922e-11  8.19514e-11
O-O      8.20441e-11  8.20259e-11

P1-> 

P\T              240          250
0.1      2.77666e-12  2.40357e-12
1        1.23391e-11  1.08948e-11
O-O      7.53844e-10  7.38229e-10

P2-> 

P\T              240          250
0.1      1.45895e-08   1.4499e-08
1        1.45895e-08   1.4499e-08
O-O      1.46395e-08  1.45497e-08

P3-> 

P\T              240          250
0.1              ***          ***
1                ***          ***
O-O              ***          ***

