Model::init:  starts
   Model::ExponentialKernel::ExponentialKernel:  ... done
   Model::LennardJonesCollision::LennardJonesCollision:  ... done
   WELL: W1
   Model::RRHO::RRHO:  starts
      Model::new_core:  starts
         Model::RigidRotor::RigidRotor:  starts
         Model::RigidRotor::RigidRotor:  done, cpu time[sec] = 0.001614, elapsed time[sec] = 0
      Model::new_core:  done, cpu time[sec] = 0.004085, elapsed time[sec] = 0
      ground state energy, kcal/mol:   -40.5421
      interpolating states number/density starts
         core state contribution ... done, cpu time[sec] = 0.126613, elapsed time[sec] = 0
         vibrational modes contribution ... done, cpu time[sec] = 0.019015, elapsed time[sec] = 0
         effective power exponent at 440.54 kcal/mol = 6.25672
      interpolating states number/density done, cpu time[sec] = 1.33676, elapsed time[sec] = 0
   Model::RRHO::RRHO:  done, cpu time[sec] = 1.34835, elapsed time[sec] = 0
   WELL: W2
   Model::RRHO::RRHO:  starts
      Model::new_core:  starts
         Model::RigidRotor::RigidRotor:  starts
         Model::RigidRotor::RigidRotor:  done, cpu time[sec] = 0.001635, elapsed time[sec] = 0
      Model::new_core:  done, cpu time[sec] = 0.003439, elapsed time[sec] = 0
      ground state energy, kcal/mol:   -85.7732
      interpolating states number/density starts
         core state contribution ... done, cpu time[sec] = 0.137798, elapsed time[sec] = 0
         vibrational modes contribution ... done, cpu time[sec] = 0.023228, elapsed time[sec] = 0
         effective power exponent at 485.771 kcal/mol = 6.27826
      interpolating states number/density done, cpu time[sec] = 1.42681, elapsed time[sec] = 0
   Model::RRHO::RRHO:  done, cpu time[sec] = 1.43722, elapsed time[sec] = 0
   WELL: W3
   Model::RRHO::RRHO:  starts
      Model::new_core:  starts
         Model::RigidRotor::RigidRotor:  starts
         Model::RigidRotor::RigidRotor:  done, cpu time[sec] = 0.001611, elapsed time[sec] = 0
      Model::new_core:  done, cpu time[sec] = 0.003408, elapsed time[sec] = 0
      ground state energy, kcal/mol:   -45.7457
      interpolating states number/density starts
         core state contribution ... done, cpu time[sec] = 0.110709, elapsed time[sec] = 0
         vibrational modes contribution ... done, cpu time[sec] = 0.020764, elapsed time[sec] = 0
         effective power exponent at 445.743 kcal/mol = 6.2594
      interpolating states number/density done, cpu time[sec] = 1.24777, elapsed time[sec] = 0
   Model::RRHO::RRHO:  done, cpu time[sec] = 1.25758, elapsed time[sec] = 0
   BIMOLECULAR: R
   Model::Bimolecular::Bimolecular:  starts
      Model::RRHO::RRHO:  starts
         Model::new_core:  starts
            Model::RigidRotor::RigidRotor:  starts
               molecular geometry will be used to estimate rotational constants
               rotational configuration: nonlinear
               rotational constants[1/cm]:         20.4757        1.10907        1.05209
            Model::RigidRotor::RigidRotor:  done, cpu time[sec] = 0.003908, elapsed time[sec] = 0
         Model::new_core:  done, cpu time[sec] = 0.00575, elapsed time[sec] = 0
         ground state energy, kcal/mol:   0
      Model::RRHO::RRHO:  done, cpu time[sec] = 0.008853, elapsed time[sec] = 0
      Model::AtomicFragment::AtomicFragment:  ... done
   Model::Bimolecular::Bimolecular:  done, cpu time[sec] = 0.014647, elapsed time[sec] = 0
   BIMOLECULAR: P1
   Model::Bimolecular::Bimolecular:  starts
      Model::RRHO::RRHO:  starts
         Model::new_core:  starts
            Model::RigidRotor::RigidRotor:  starts
               molecular geometry will be used to estimate rotational constants
               rotational configuration: linear
               rotational constant[1/cm]:         18.7626
            Model::RigidRotor::RigidRotor:  done, cpu time[sec] = 0.001426, elapsed time[sec] = 0
         Model::new_core:  done, cpu time[sec] = 0.00316, elapsed time[sec] = 0
         ground state energy, kcal/mol:   0
      Model::RRHO::RRHO:  done, cpu time[sec] = 0.005929, elapsed time[sec] = 0
      Model::RRHO::RRHO:  starts
         Model::new_core:  starts
            Model::RigidRotor::RigidRotor:  starts
               molecular geometry will be used to estimate rotational constants
               rotational configuration: linear
               rotational constant[1/cm]:         18.7626
            Model::RigidRotor::RigidRotor:  done, cpu time[sec] = 0.001416, elapsed time[sec] = 0
         Model::new_core:  done, cpu time[sec] = 0.003121, elapsed time[sec] = 0
         ground state energy, kcal/mol:   0
      Model::RRHO::RRHO:  done, cpu time[sec] = 0.006216, elapsed time[sec] = 0
   Model::Bimolecular::Bimolecular:  done, cpu time[sec] = 0.01761, elapsed time[sec] = 0
   BIMOLECULAR: P2
   Model::Bimolecular::Bimolecular:  starts
      Model::RRHO::RRHO:  starts
         Model::new_core:  starts
            Model::RigidRotor::RigidRotor:  starts
               molecular geometry will be used to estimate rotational constants
               rotational configuration: nonlinear
               rotational constants[1/cm]:          26.957        14.5288        9.44065
            Model::RigidRotor::RigidRotor:  done, cpu time[sec] = 0.0015, elapsed time[sec] = 0
         Model::new_core:  done, cpu time[sec] = 0.003195, elapsed time[sec] = 0
         ground state energy, kcal/mol:   0
      Model::RRHO::RRHO:  done, cpu time[sec] = 0.006005, elapsed time[sec] = 0
      Model::AtomicFragment::AtomicFragment:  ... done
   Model::Bimolecular::Bimolecular:  done, cpu time[sec] = 0.010553, elapsed time[sec] = 0
   BIMOLECULAR: P3
   Model::Bimolecular::Bimolecular:  starts
   Model::Bimolecular::Bimolecular:  done, cpu time[sec] = 0.000899, elapsed time[sec] = 0
   BARRIER: B1
   Model::RRHO::RRHO:  starts
      Model::new_core:  starts
         Model::Rotd::Rotd :  starts
            WARNING: zero number of states energy is not initialized: will try to estimate it from the data
            grid size = 600
            effective power exponent at 85.6303 kcal/mol = 5.44923
            zero number of states energy = 0 1/cm
         Model::Rotd::Rotd :  done, cpu time[sec] = 0.055829, elapsed time[sec] = 0
      Model::new_core:  done, cpu time[sec] = 0.057749, elapsed time[sec] = 0
      ground state energy, kcal/mol:   0
      interpolating states number/density starts
         core state contribution ... done, cpu time[sec] = 0.378378, elapsed time[sec] = 0
         effective power exponent at 399.998 kcal/mol = 5.44923
      interpolating states number/density done, cpu time[sec] = 0.621807, elapsed time[sec] = 0
   Model::RRHO::RRHO:  done, cpu time[sec] = 0.682209, elapsed time[sec] = 0
   BARRIER: B2
   Model::RRHO::RRHO:  starts
      Model::new_core:  starts
         Model::Rotd::Rotd :  starts
            WARNING: zero number of states energy is not initialized: will try to estimate it from the data
            grid size = 600
            effective power exponent at 85.6303 kcal/mol = 4.95348
            zero number of states energy = 0 1/cm
         Model::Rotd::Rotd :  done, cpu time[sec] = 0.001177, elapsed time[sec] = 0
      Model::new_core:  done, cpu time[sec] = 0.001193, elapsed time[sec] = 0
      ground state energy, kcal/mol:   0
      interpolating states number/density starts
         core state contribution ... done, cpu time[sec] = 0.003685, elapsed time[sec] = 0
         effective power exponent at 399.998 kcal/mol = 4.95348
      interpolating states number/density done, cpu time[sec] = 0.013399, elapsed time[sec] = 0
   Model::RRHO::RRHO:  done, cpu time[sec] = 0.014639, elapsed time[sec] = 0
   BARRIER: B3
   Model::RRHO::RRHO:  starts
      Model::new_core:  starts
         Model::Rotd::Rotd :  starts
            WARNING: zero number of states energy is not initialized: will try to estimate it from the data
            grid size = 600
            effective power exponent at 85.6303 kcal/mol = 4.28316
            zero number of states energy = 0 1/cm
         Model::Rotd::Rotd :  done, cpu time[sec] = 0.000571, elapsed time[sec] = 0
      Model::new_core:  done, cpu time[sec] = 0.000578, elapsed time[sec] = 0
      ground state energy, kcal/mol:   -8.14845
      interpolating states number/density starts
         core state contribution ... done, cpu time[sec] = 0.003733, elapsed time[sec] = 0
         effective power exponent at 408.146 kcal/mol = 4.28316
      interpolating states number/density done, cpu time[sec] = 0.013478, elapsed time[sec] = 0
   Model::RRHO::RRHO:  done, cpu time[sec] = 0.014095, elapsed time[sec] = 0
   BARRIER: B4
   Model::RRHO::RRHO:  starts
      Model::new_core:  starts
         Model::Rotd::Rotd :  starts
            WARNING: zero number of states energy is not initialized: will try to estimate it from the data
            grid size = 900
            effective power exponent at 128.517 kcal/mol = 3.75528
            zero number of states energy = 0 1/cm
         Model::Rotd::Rotd :  done, cpu time[sec] = 0.000826, elapsed time[sec] = 0
      Model::new_core:  done, cpu time[sec] = 0.000836, elapsed time[sec] = 0
      ground state energy, kcal/mol:   -37.5973
      interpolating states number/density starts
         core state contribution ... done, cpu time[sec] = 0.004422, elapsed time[sec] = 0
         effective power exponent at 437.595 kcal/mol = 3.75528
      interpolating states number/density done, cpu time[sec] = 0.015094, elapsed time[sec] = 0
   Model::RRHO::RRHO:  done, cpu time[sec] = 0.016022, elapsed time[sec] = 0
   BARRIER: B5
   Model::RRHO::RRHO:  starts
      Model::new_core:  starts
         Model::RigidRotor::RigidRotor:  starts
         Model::RigidRotor::RigidRotor:  done, cpu time[sec] = 1.1e-05, elapsed time[sec] = 0
      Model::new_core:  done, cpu time[sec] = 1.8e-05, elapsed time[sec] = 0
      Model::EckartTunnel::EckartTunnel:  ... done
      ground state energy, kcal/mol:   -34.7982
      interpolating states number/density starts
         core state contribution ... done, cpu time[sec] = 0.000981, elapsed time[sec] = 0
         electronic states contribution ... done, cpu time[sec] = 0.000415, elapsed time[sec] = 0
         vibrational modes contribution ... done, cpu time[sec] = 0.000149, elapsed time[sec] = 0
         tunneling contribution ... done, cpu time[sec] = 0.289497, elapsed time[sec] = 0
         effective power exponent at 438.678 kcal/mol = 6.4329
      interpolating states number/density done, cpu time[sec] = 0.301351, elapsed time[sec] = 0
   Model::RRHO::RRHO:  done, cpu time[sec] = 0.301419, elapsed time[sec] = 0
   BARRIER: B6
   Model::RRHO::RRHO:  starts
      Model::new_core:  starts
         Model::RigidRotor::RigidRotor:  starts
         Model::RigidRotor::RigidRotor:  done, cpu time[sec] = 1.1e-05, elapsed time[sec] = 0
      Model::new_core:  done, cpu time[sec] = 1.7e-05, elapsed time[sec] = 0
      ground state energy, kcal/mol:   -36.425
      interpolating states number/density starts
         core state contribution ... done, cpu time[sec] = 0.000953, elapsed time[sec] = 0
         vibrational modes contribution ... done, cpu time[sec] = 0.000159, elapsed time[sec] = 0
         effective power exponent at 436.423 kcal/mol = 6.29225
      interpolating states number/density done, cpu time[sec] = 0.011441, elapsed time[sec] = 0
   Model::RRHO::RRHO:  done, cpu time[sec] = 0.011491, elapsed time[sec] = 0
   BARRIER: B7
   Model::RRHO::RRHO:  starts
      Model::new_core:  starts
         Model::Rotd::Rotd :  starts
            WARNING: zero number of states energy is not initialized: will try to estimate it from the data
            grid size = 900
            effective power exponent at 128.517 kcal/mol = 3.84678
            zero number of states energy = 0 1/cm
         Model::Rotd::Rotd :  done, cpu time[sec] = 0.000808, elapsed time[sec] = 0
      Model::new_core:  done, cpu time[sec] = 0.000815, elapsed time[sec] = 0
      ground state energy, kcal/mol:   -37.5973
      interpolating states number/density starts
         core state contribution ... done, cpu time[sec] = 0.004304, elapsed time[sec] = 0
         effective power exponent at 437.595 kcal/mol = 3.84678
      interpolating states number/density done, cpu time[sec] = 0.014539, elapsed time[sec] = 0
   Model::RRHO::RRHO:  done, cpu time[sec] = 0.015394, elapsed time[sec] = 0
   checking input ... done
   setting connectivity ... done
   checking connectivity ... done
   setting dissociation limit ... done
   setting maximum barrier height ... done
   partition functions (relative to the ground level, units - 1/cm3):
     T\Q           W1           W2           W3          HO2            H           OH           OH          H2O        O(1D)           B6           B7           B1           B2           B3           B4           B5
     100  1.58858e+28  1.58858e+28  1.58858e+28  1.49698e+28  3.75861e+23  9.76161e+25  1.26089e+26   1.2131e+26   1.8793e+23  3.27075e+28  1.07607e+30  2.69619e+28  2.26895e+29  4.21652e+29   7.8285e+30  2.20604e+34
     200  1.28496e+29  1.28496e+29  1.28496e+29  1.19804e+29  1.06309e+24    5.522e+26  1.03566e+27  9.70484e+26  5.31547e+23  2.64147e+29  9.53418e+30  2.20955e+29  2.30532e+30  4.44684e+30  1.14506e+32  4.16238e+31
     300  4.59574e+29  4.59574e+29  4.59574e+29  4.06619e+29  1.95303e+24  1.52168e+27  3.49222e+27  3.27659e+27  9.76515e+23  9.32224e+29   3.9699e+31  8.70066e+29  9.60569e+30  1.73007e+31  5.76651e+32   1.8271e+31
     400  1.21691e+30  1.21691e+30  1.21691e+30  9.82026e+29  3.00689e+24  3.12372e+27  8.07547e+27   7.7848e+27  1.50344e+24  2.39968e+30  1.13976e+32  2.48378e+30  2.75457e+31  4.51369e+31  1.85512e+33  2.28754e+31
     500   2.7553e+30   2.7553e+30   2.7553e+30  1.98455e+30  4.20225e+24  5.45703e+27  1.52463e+28  1.52987e+28  2.10113e+24  5.22973e+30  2.62528e+32  5.90732e+30  6.44585e+31  9.52706e+31  4.64538e+33   3.7803e+31
     600  5.64308e+30  5.64308e+30  5.64308e+30  3.59571e+30    5.524e+24  8.60911e+27  2.53975e+28  2.67253e+28    2.762e+24   1.0257e+31  5.23506e+32  1.24687e+31  1.32706e+32  1.76706e+32  9.89371e+33  6.71625e+31
     700  1.07492e+31  1.07492e+31  1.07492e+31  6.04719e+30  6.96104e+24  1.26612e+28  3.88822e+28  4.31051e+28  3.48052e+24  1.86728e+31  9.43702e+32  2.41565e+31  2.49927e+32  3.00637e+32  1.88033e+34  1.20153e+32
     800  1.93576e+31  1.93576e+31  1.93576e+31  9.62795e+30  8.50476e+24  1.76926e+28  5.60353e+28  6.56374e+28  4.25238e+24  3.21325e+31  1.57965e+33  4.38362e+31  4.40486e+32  4.80909e+32  3.28403e+34  2.11114e+32
     900  3.33142e+31  3.33142e+31  3.33142e+31  1.46924e+31  1.01482e+25  2.37834e+28   7.7188e+28  9.57061e+28  5.07412e+24   5.2888e+31  2.49906e+33  7.55129e+31  7.37167e+32  7.34497e+32  5.37467e+34  3.62188e+32
    1000  5.52152e+31  5.52152e+31  5.52152e+31  2.16698e+31  1.18858e+25  3.10169e+28  1.02678e+29  1.34908e+29  5.94288e+24  8.39492e+31  3.78253e+33  1.24644e+32  1.18317e+33  1.08202e+33   8.3561e+34  6.04543e+32
    1100  8.86429e+31  8.86429e+31  8.86429e+31  3.10738e+31  1.37125e+25  3.94807e+28  1.32856e+29  1.85081e+29  6.85624e+24  1.29276e+32  5.52523e+33  1.98511e+32  1.83439e+33  1.54833e+33  1.24647e+35  9.83296e+32
    1200  1.38459e+32  1.38459e+32  1.38459e+32   4.3514e+31  1.56242e+25  4.92669e+28  1.68087e+29  2.48335e+29  7.81212e+24  1.94007e+32  7.83876e+33  3.06651e+32  2.76212e+33  2.16305e+33  1.79723e+35  1.56009e+33
    1300  2.11162e+32  2.11162e+32  2.11162e+32  5.97064e+31  1.76174e+25  6.04719e+28  2.08755e+29  3.27078e+29   8.8087e+24  2.84724e+32  1.08529e+34  4.61361e+32  4.05597e+33  2.96131e+33  2.51899e+35  2.41887e+33
    1400  3.15326e+32  3.15326e+32  3.15326e+32   8.0486e+31  1.96888e+25  7.31967e+28  2.55256e+29  4.24047e+29   9.8444e+24  4.09763e+32  1.47177e+34  6.78279e+32  5.82732e+33  3.98437e+33  3.44711e+35  3.67011e+33
    1500  4.62122e+32  4.62122e+32  4.62122e+32  1.06819e+32  2.18355e+25  8.75461e+28  3.08004e+29  5.42335e+29  1.09178e+25  5.79571e+32  1.96049e+34  9.77043e+32  8.21306e+33  5.28039e+33  4.62158e+35  5.46083e+33
    1600  6.65945e+32  6.65945e+32  6.65945e+32  1.39817e+32  2.40551e+25  1.03629e+29  3.67428e+29  6.85422e+29  1.20275e+25  8.07113e+32  2.57104e+34  1.38205e+33  1.13798e+34  6.90518e+33  6.08735e+35  7.97971e+33
    1700  9.45158e+32  9.45158e+32  9.45158e+32  1.80749e+32  2.63451e+25  1.21557e+29  4.33968e+29  8.57205e+29  1.31726e+25  1.10834e+33   3.3256e+34  1.92332e+33  1.55287e+34  8.92306e+33  7.89476e+35  1.14647e+34
    1800  1.32296e+33  1.32296e+33  1.32296e+33  2.31057e+32  2.87036e+25  1.41445e+29   5.0808e+29  1.06203e+30  1.43518e+25  1.50271e+33  4.24913e+34  2.63745e+33  2.09001e+34  1.14077e+34  1.00999e+36  1.62241e+34
    1900  1.82841e+33  1.82841e+33  1.82841e+33  2.92371e+32  3.11284e+25  1.63412e+29   5.9023e+29  1.30473e+30  1.55642e+25   2.0138e+33   5.3696e+34  3.56868e+33  2.77799e+34  1.44429e+34  1.27649e+36  2.26367e+34
    2000   2.4976e+33   2.4976e+33   2.4976e+33  3.66526e+32   3.3618e+25  1.87579e+29  6.80894e+29  1.59065e+30   1.6809e+25  2.66995e+33  6.71819e+34  4.77015e+33  3.65049e+34   1.8124e+34  1.59584e+36   3.1173e+34
   partition functions (relative to 0 kcal/mol, units - 1/cm3):
     T\Q           W1           W2           W3           B6           B7           B1           B2           B3           B4           B5
     100 6.37611e+116 4.52501e+215 1.50246e+128 1.31938e+108 1.58287e+112  2.69619e+28  2.26895e+29  2.71108e+47 1.15155e+113 2.47713e+110
     200  2.57433e+73 6.85798e+122  1.24965e+79  1.67767e+69  1.15634e+72  2.20955e+29  2.30532e+30   3.5657e+39  1.38877e+73  4.41072e+69
     300  1.57351e+59  1.40354e+92  9.71895e+62  3.19714e+56  9.72704e+58  8.70066e+29  9.60569e+30  1.49323e+37  1.41291e+60  4.09143e+56
     400  1.72245e+52  8.89022e+76  1.20007e+55  1.91242e+50  3.96929e+52  2.48378e+30  2.75457e+31  1.27814e+36  6.46059e+53  2.35479e+50
     500  1.44837e+48   8.5328e+67  2.72476e+50  4.36138e+46  7.12354e+48  5.90732e+30  6.44585e+31  3.47214e+35   1.2605e+50  6.13188e+46
     600  3.30197e+45  9.86168e+61  2.59506e+47   1.8995e+44  2.59133e+46  1.24687e+31  1.32706e+32  1.64166e+35  4.89734e+47  3.17821e+44
     700  4.88683e+43  6.46558e+57  2.05889e+45  4.40002e+42  5.16492e+44  2.41565e+31  2.49927e+32  1.05213e+35  1.02911e+46  8.79159e+42
     800    2.303e+42  5.23212e+54   6.0789e+43  2.86853e+41  2.94788e+43  4.38362e+31  4.40486e+32  8.09256e+34  6.12855e+44  6.77343e+41
     900   2.3306e+41  2.24346e+52  4.27612e+42  3.70201e+40  3.36908e+42  7.55129e+31  7.37167e+32  6.99323e+34  7.24578e+43  1.02087e+41
    1000  4.00325e+40  3.07269e+50  5.49082e+41  7.66636e+39  6.23079e+41  1.24644e+32  1.18317e+33  6.53215e+34  1.37646e+43  2.43478e+40
    1100   1.0058e+40  9.74927e+48  1.08731e+41   2.2305e+39  1.62979e+41  1.98511e+32  1.83439e+33  6.43856e+34  3.67673e+42   8.0603e+39
    1200  3.34926e+39  5.78813e+47  2.96918e+40  8.34886e+38  5.51502e+40  3.06651e+32  2.76212e+33  6.59298e+34  1.26445e+42  3.39374e+39
    1300  1.38125e+39  5.54883e+46  1.03529e+40  3.78391e+38  2.27055e+40  4.61361e+32  4.05597e+33  6.93975e+34  5.27001e+41  1.71253e+39
    1400  6.72333e+38  7.73347e+45  4.36403e+39   1.9891e+38  1.08881e+40  6.78279e+32  5.82732e+33  7.45372e+34  2.55018e+41  9.92764e+38
    1500  3.72957e+38  1.45121e+45  2.13702e+39  1.17532e+38  5.89121e+39  9.77043e+32  8.21306e+33  8.12603e+34  1.38877e+41  6.41624e+38
    1600  2.29699e+38  3.46219e+44  1.18012e+39  7.62592e+37  3.51224e+39  1.38205e+33  1.13798e+34   8.9575e+34  8.31579e+40  4.51994e+38
    1700  1.53985e+38  1.00518e+44  7.18511e+38   5.3378e+37  2.26599e+39  1.92332e+33  1.55287e+34  9.95529e+34  5.37932e+40  3.41125e+38
    1800  1.10654e+38  3.43314e+43  4.73977e+38  3.97572e+37  1.56015e+39  2.63745e+33  2.09001e+34  1.11312e+35  3.70837e+40  2.72382e+38
    1900  8.42204e+37  1.34309e+43  3.34161e+38  3.11739e+37  1.13384e+39  3.56868e+33  2.77799e+34  1.25005e+35  2.69542e+40  2.27752e+38
    2000  6.72512e+37  5.89187e+42  2.49065e+38  2.55146e+37  8.62249e+38  4.77015e+33  3.65049e+34   1.4082e+35  2.04819e+40  1.97832e+38
   tunneling partition function correction factors & high pressure effective energy shifts (D), kcal/mol:
     T\B           B6            D           B7            D           B1            D           B2            D           B3            D           B4            D           B5            D
     100            1           -0            1           -0            1           -0            1           -0            1           -0            1           -0       315219     -2.51599
     200            1           -0            1           -0            1           -0            1           -0            1           -0            1           -0      68.4556     -1.67965
     300            1           -0            1           -0            1           -0            1           -0            1           -0            1           -0      7.49993     -1.20119
     400            1           -0            1           -0            1           -0            1           -0            1           -0            1           -0      3.17674    -0.918763
     500            1           -0            1           -0            1           -0            1           -0            1           -0            1           -0      2.10489    -0.739499
     600            1           -0            1           -0            1           -0            1           -0            1           -0            1           -0      1.67813    -0.617236
     700            1           -0            1           -0            1           -0            1           -0            1           -0            1           -0      1.46318    -0.529447
     800            1           -0            1           -0            1           -0            1           -0            1           -0            1           -0      1.33664    -0.461285
     900            1           -0            1           -0            1           -0            1           -0            1           -0            1           -0      1.25678    -0.408766
    1000            1           -0            1           -0            1           -0            1           -0            1           -0            1           -0      1.20167    -0.365065
    1100            1           -0            1           -0            1           -0            1           -0            1           -0            1           -0      1.16276    -0.329619
    1200            1           -0            1           -0            1           -0            1           -0            1           -0            1           -0      1.13407    -0.300016
    1300            1           -0            1           -0            1           -0            1           -0            1           -0            1           -0      1.11243    -0.275248
    1400            1           -0            1           -0            1           -0            1           -0            1           -0            1           -0      1.09537    -0.253431
    1500            1           -0            1           -0            1           -0            1           -0            1           -0            1           -0      1.08198    -0.234859
    1600            1           -0            1           -0            1           -0            1           -0            1           -0            1           -0      1.07121    -0.218703
    1700            1           -0            1           -0            1           -0            1           -0            1           -0            1           -0      1.06211    -0.203551
    1800            1           -0            1           -0            1           -0            1           -0            1           -0            1           -0      1.05472     -0.19055
    1900            1           -0            1           -0            1           -0            1           -0            1           -0            1           -0      1.04853    -0.178917
    2000            1           -0            1           -0            1           -0            1           -0            1           -0            1           -0      1.04328    -0.168386
Model::init:  done, cpu time[sec] = 5.16542, elapsed time[sec] = 0
MasterEquation::set_default_partition:  starts
   default reduction scheme: W2
MasterEquation::set_default_partition:  done
rate calculation starts
   MasterEquation::set:  starts
      Temperature      = 240 K
      Energy reference = 5004 1/cm
      Energy step      = 50 1/cm
      setting wells, barriers, and bimolecular starts
         W1 Well: average energy = -39.7 kcal/mol
         W1 Well: density of states done, elapsed time[sec] = 6.4e-05
         W1 Well: collisional kernel bandwidth = 81
         W1 Well: collisional energy transfer kernel done, elapsed time[sec] = 0.003985
         W1 Well: relaxation modes basis done, elapsed time[sec] = 0.001969
         W1 Well: kernel in relaxation modes basis done, elapsed time[sec] = 0.130029
         W1 Well: relaxation eigenvalues done, elapsed time[sec] = 0.994757
         W1 Well: minimal relaxation eigenvalue = 0.159276
         W1 Well: maximal relaxation eigenvalue = 1.13146
         W1 Well:       grid size = 384
         W1 Well:      real depth = -14180 1/cm
         W1 Well: effective depth = -14196 1/cm
         W2 Well: average energy = -84.9 kcal/mol
         W2 Well: density of states done, elapsed time[sec] = 0.009203
         W2 Well: collisional kernel bandwidth = 81
         W2 Well: collisional energy transfer kernel done, elapsed time[sec] = 1.03806
         W2 Well: relaxation modes basis done, elapsed time[sec] = 0.673766
         W2 Well: kernel in relaxation modes basis done, elapsed time[sec] = 2.63879
         W2 Well: relaxation eigenvalues done, elapsed time[sec] = 4.85769
         W2 Well: minimal relaxation eigenvalue = 0.159727
         W2 Well: maximal relaxation eigenvalue = 1.77628
         W2 Well:       grid size = 701
         W2 Well:      real depth = -30000 1/cm
         W2 Well: effective depth = -30046 1/cm
         W3 Well: average energy = -44.9 kcal/mol
         W3 Well: density of states done, elapsed time[sec] = 0.002924
         W3 Well: collisional kernel bandwidth = 81
         W3 Well: collisional energy transfer kernel done, elapsed time[sec] = 0.198305
         W3 Well: relaxation modes basis done, elapsed time[sec] = 0.085964
         W3 Well: kernel in relaxation modes basis done, elapsed time[sec] = 0.182661
         W3 Well: relaxation eigenvalues done, elapsed time[sec] = 1.25099
         W3 Well: minimal relaxation eigenvalue = 0.159727
         W3 Well: maximal relaxation eigenvalue = 1.77628
         W3 Well:       grid size = 421
         W3 Well:      real depth = -15999 1/cm
         W3 Well: effective depth = -16046 1/cm
         B6 Barrier:        grid size = 355
         B6 Barrier:      real height = -12740 1/cm
         B6 Barrier: effective height = -12746 1/cm
         B7 Barrier:        grid size = 364
         B7 Barrier:      real height = -13150 1/cm
         B7 Barrier: effective height = -13196 1/cm
         B1 Barrier:        grid size = 101
         B1 Barrier:      real height = 0 1/cm
         B1 Barrier: effective height = -45 1/cm
         B2 Barrier:        grid size = 101
         B2 Barrier:      real height = 0 1/cm
         B2 Barrier: effective height = -45 1/cm
         B3 Barrier:        grid size = 158
         B3 Barrier:      real height = -2850 1/cm
         B3 Barrier: effective height = -2895 1/cm
         B4 Barrier:        grid size = 364
         B4 Barrier:      real height = -13150 1/cm
         B4 Barrier: effective height = -13196 1/cm
         B5 Barrier:        grid size = 371
         B5 Barrier:      real height = -13529 1/cm
         B5 Barrier: effective height = -13546 1/cm
      setting wells, barriers, and bimolecular done, cpu time[sec] = 12.1179, elapsed time[sec] = 0
      Bound Species (D1/D2 - density of states at dissociation energy (DE)/reference energy):
       Name  Depth     DE      *D1      *D2
              1/cm   1/cm       cm       cm
         W1 -14196 -12746      100 1.16e+06
         W2 -30046 -13196 5.93e+05 2.96e+07
         W3 -16046 -13546      369 1.85e+06
      Well-to-Well Barriers (N - number of states at the reference energy):
       Name Height       *N
              1/cm         
         B6 -12746 1.54e+09
         B7 -13196 1.04e+10
      Well-to-Bimolecular Barriers (N - number of states at the reference energy):
       Name Height       *N
              1/cm         
         B1    -45 8.71e+06
         B2    -45 7.04e+07
         B3  -2895 1.56e+08
         B4 -13196 2.13e+11
         B5 -13546  2.5e+10
      Effective equilibrium constants(bimolecular units - cm^3):
        Q/Q        W1        W2        W3         R        P1        P2
         W1         1  6.44e-42  1.81e-05  2.82e+16  3.03e-19  1.11e+11
         W2  1.55e+41         1  2.82e+36  4.39e+57  4.71e+22  1.72e+52
         W3  5.52e+04  3.55e-37         1  1.56e+21  1.67e-14  6.12e+15
          R  3.54e-17  2.28e-58  6.42e-22         1  1.07e-35  3.93e-06
         P1   3.3e+18  2.12e-23  5.98e+13  9.31e+34         1  3.66e+29
         P2  9.02e-12   5.8e-53  1.63e-16  2.55e+05  2.73e-30         1
      Real equilibrium constants(bimolecular units - cm^3):
        Q/Q        W1        W2        W3         R        P1        P2
         W1         1  6.49e-42  1.83e-05  6.45e+12  6.93e-23  2.54e+07
         W2  1.54e+41         1  2.82e+36  9.95e+53  1.07e+19  3.91e+48
         W3  5.48e+04  3.55e-37         1  3.53e+17  3.79e-18  1.39e+12
          R  1.55e-13  1.01e-54  2.83e-18         1  1.07e-35  3.93e-06
         P1  1.44e+22  9.36e-20  2.64e+17  9.31e+34         1  3.66e+29
         P2  3.94e-08  2.56e-49   7.2e-13  2.55e+05  2.73e-30         1
   MasterEquation::set:  done, cpu time[sec] = 12.1263, elapsed time[sec] = 0
   MasterEquation::low_eigenvalue_method:  starts
      Pressure = 0.1 atm	 Temperature = 240 K
      MasterEquation::low_eigenvalue_matrix:  starts
         setting up kinetic matrices ... done, cpu time[sec] = 3.9169, elapsed time[sec] = 1
         inverting kinetic matrices ... done, cpu time[sec] = 0.083512, elapsed time[sec] = 0
      MasterEquation::low_eigenvalue_matrix:  done, cpu time[sec] = 4.23722, elapsed time[sec] = 1
      minimal relaxation eigenvalue / collisional frequency = 0.159276
      eigenvector populations normalized:
          L        *R        *P        W1        W2        W3
          0 -7.93e-20  9.54e-37         0         1         0
          1  1.22e-05   6.1e-06         0   -0.0903         1
          2   0.00418   0.00265         0         1         0
         *R - eigenvalue over the relaxation limit
         *P - eigenvector projection squared on the relaxation subspace
      eigenvector projections:
          L        *Q        *P        W1        W2        W3
          0 -1.26e-20  9.54e-37  -1.9e-17        -1 -5.38e-20
          1  1.95e-06   6.1e-06 -4.59e-09  5.38e-20        -1
          2  0.000666   0.00265         1  -1.9e-17 -4.59e-09
         *Z       ---       ---  2.51e+28  9.89e+48   5.9e+30
         *Q - eigenvalue over the collision frequency
         *P - eigenvector projection squared on the relaxation subspace
         *Z - well partition function square root
      dimension of the chemical subspace = 1
      using default reduction scheme, projection error = 0
      species:
       #  assigned name     group
       0             W2     W2
   MasterEquation::low_eigenvalue_method:  done, cpu time[sec] = 4.23783, elapsed time[sec] = 1
   MasterEquation::low_eigenvalue_method:  starts
      Pressure = 1 atm	 Temperature = 240 K
      MasterEquation::low_eigenvalue_matrix:  starts
         setting up kinetic matrices ... done, cpu time[sec] = 0.292622, elapsed time[sec] = 0
         inverting kinetic matrices ... done, cpu time[sec] = 0.079273, elapsed time[sec] = 0
      MasterEquation::low_eigenvalue_matrix:  done, cpu time[sec] = 0.375246, elapsed time[sec] = 0
      minimal relaxation eigenvalue / collisional frequency = 0.159276
      eigenvector populations normalized:
          L        *R        *P        W1        W2        W3
          0  1.03e-19  1.64e-36         0         1         0
          1   7.1e-06  3.76e-06         0     -0.26         1
          2   0.00409   0.00257         0         1         0
         *R - eigenvalue over the relaxation limit
         *P - eigenvector projection squared on the relaxation subspace
      eigenvector projections:
          L        *Q        *P        W1        W2        W3
          0  1.65e-20  1.64e-36  2.53e-17        -1 -1.55e-19
          1  1.13e-06  3.76e-06 -9.41e-08  1.55e-19        -1
          2  0.000651   0.00257         1  2.53e-17 -9.41e-08
         *Z       ---       ---  2.51e+28  9.89e+48   5.9e+30
         *Q - eigenvalue over the collision frequency
         *P - eigenvector projection squared on the relaxation subspace
         *Z - well partition function square root
      dimension of the chemical subspace = 1
      using default reduction scheme, projection error = 0
      species:
       #  assigned name     group
       0             W2     W2
   MasterEquation::low_eigenvalue_method:  done, cpu time[sec] = 0.375324, elapsed time[sec] = 0
   MasterEquation::set:  starts
      Temperature      = 250 K
      Energy reference = 5213 1/cm
      Energy step      = 52 1/cm
      setting wells, barriers, and bimolecular starts
         W1 Well: average energy = -39.7 kcal/mol
         W1 Well: density of states done, elapsed time[sec] = 7e-05
         W1 Well: collisional kernel bandwidth = 79
         W1 Well: collisional energy transfer kernel done, elapsed time[sec] = 0.004415
         W1 Well: relaxation modes basis done, elapsed time[sec] = 0.001864
         W1 Well: kernel in relaxation modes basis done, elapsed time[sec] = 0.77858
         W1 Well: relaxation eigenvalues done, elapsed time[sec] = 0.938437
         W1 Well: minimal relaxation eigenvalue = 0.154745
         W1 Well: maximal relaxation eigenvalue = 1.09283
         W1 Well:       grid size = 373
         W1 Well:      real depth = -14180 1/cm
         W1 Well: effective depth = -14183 1/cm
         W2 Well: average energy = -84.9 kcal/mol
         W2 Well: density of states done, elapsed time[sec] = 0.007869
         W2 Well: collisional kernel bandwidth = 79
         W2 Well: collisional energy transfer kernel done, elapsed time[sec] = 1.05491
         W2 Well: relaxation modes basis done, elapsed time[sec] = 0.629468
         W2 Well: kernel in relaxation modes basis done, elapsed time[sec] = 2.25486
         W2 Well: relaxation eigenvalues done, elapsed time[sec] = 4.39507
         W2 Well: minimal relaxation eigenvalue = 0.155124
         W2 Well: maximal relaxation eigenvalue = 1.45231
         W2 Well:       grid size = 678
         W2 Well:      real depth = -30000 1/cm
         W2 Well: effective depth = -30043 1/cm
         W3 Well: average energy = -44.9 kcal/mol
         W3 Well: density of states done, elapsed time[sec] = 0.005192
         W3 Well: collisional kernel bandwidth = 79
         W3 Well: collisional energy transfer kernel done, elapsed time[sec] = 0.468779
         W3 Well: relaxation modes basis done, elapsed time[sec] = 0.083234
         W3 Well: kernel in relaxation modes basis done, elapsed time[sec] = 0.175487
         W3 Well: relaxation eigenvalues done, elapsed time[sec] = 1.16101
         W3 Well: minimal relaxation eigenvalue = 0.154745
         W3 Well: maximal relaxation eigenvalue = 1.09283
         W3 Well:       grid size = 408
         W3 Well:      real depth = -15999 1/cm
         W3 Well: effective depth = -16003 1/cm
         B6 Barrier:        grid size = 346
         B6 Barrier:      real height = -12740 1/cm
         B6 Barrier: effective height = -12779 1/cm
         B7 Barrier:        grid size = 354
         B7 Barrier:      real height = -13150 1/cm
         B7 Barrier: effective height = -13195 1/cm
         B1 Barrier:        grid size = 101
         B1 Barrier:      real height = 0 1/cm
         B1 Barrier: effective height = -39 1/cm
         B2 Barrier:        grid size = 101
         B2 Barrier:      real height = 0 1/cm
         B2 Barrier: effective height = -39 1/cm
         B3 Barrier:        grid size = 156
         B3 Barrier:      real height = -2850 1/cm
         B3 Barrier: effective height = -2899 1/cm
         B4 Barrier:        grid size = 354
         B4 Barrier:      real height = -13150 1/cm
         B4 Barrier: effective height = -13195 1/cm
         B5 Barrier:        grid size = 361
         B5 Barrier:      real height = -13529 1/cm
         B5 Barrier: effective height = -13559 1/cm
      setting wells, barriers, and bimolecular done, cpu time[sec] = 12.0057, elapsed time[sec] = 0
      Bound Species (D1/D2 - density of states at dissociation energy (DE)/reference energy):
       Name  Depth     DE      *D1      *D2
              1/cm   1/cm       cm       cm
         W1 -14183 -12779     96.4 1.22e+06
         W2 -30043 -13195 5.93e+05 3.06e+07
         W3 -16003 -13559      362 1.95e+06
      Well-to-Well Barriers (N - number of states at the reference energy):
       Name Height       *N
              1/cm         
         B6 -12779 1.63e+09
         B7 -13195 1.09e+10
      Well-to-Bimolecular Barriers (N - number of states at the reference energy):
       Name Height       *N
              1/cm         
         B1    -39 1.03e+07
         B2    -39  8.2e+07
         B3  -2899 1.71e+08
         B4 -13195 2.22e+11
         B5 -13559 2.68e+10
      Effective equilibrium constants(bimolecular units - cm^3):
        Q/Q        W1        W2        W3         R        P1        P2
         W1         1  2.76e-40  2.83e-05  8.34e+14  2.01e-19  6.49e+09
         W2  3.63e+39         1  1.02e+35  3.02e+54   7.3e+20  2.35e+49
         W3  3.54e+04  9.76e-36         1  2.95e+19  7.13e-15   2.3e+14
          R   1.2e-15  3.31e-55  3.39e-20         1  2.42e-34  7.78e-06
         P1  4.97e+18  1.37e-21   1.4e+14  4.14e+33         1  3.22e+28
         P2  1.54e-10  4.25e-50  4.35e-15  1.28e+05   3.1e-29         1
      Real equilibrium constants(bimolecular units - cm^3):
        Q/Q        W1        W2        W3         R        P1        P2
         W1         1  2.88e-40  2.83e-05  2.04e+11  4.92e-23  1.58e+06
         W2  3.47e+39         1  9.81e+34  7.06e+50  1.71e+17   5.5e+45
         W3  3.54e+04  1.02e-35         1   7.2e+15  1.74e-18  5.61e+10
          R  4.91e-12  1.42e-51  1.39e-16         1  2.42e-34  7.78e-06
         P1  2.03e+22  5.86e-18  5.75e+17  4.14e+33         1  3.22e+28
         P2  6.31e-07  1.82e-46  1.78e-11  1.28e+05   3.1e-29         1
   MasterEquation::set:  done, cpu time[sec] = 12.0143, elapsed time[sec] = 0
   MasterEquation::low_eigenvalue_method:  starts
      Pressure = 0.1 atm	 Temperature = 250 K
      MasterEquation::low_eigenvalue_matrix:  starts
         setting up kinetic matrices ... done, cpu time[sec] = 4.02344, elapsed time[sec] = 1
         inverting kinetic matrices ... done, cpu time[sec] = 0.075239, elapsed time[sec] = 0
      MasterEquation::low_eigenvalue_matrix:  done, cpu time[sec] = 4.27263, elapsed time[sec] = 1
      minimal relaxation eigenvalue / collisional frequency = 0.154745
      eigenvector populations normalized:
          L        *R        *P        W1        W2        W3
          0   1.8e-18  1.09e-34         0         1         0
          1  2.39e-05  1.21e-05         0    -0.081         1
          2   0.00688   0.00435         0         1         0
         *R - eigenvalue over the relaxation limit
         *P - eigenvector projection squared on the relaxation subspace
      eigenvector projections:
          L        *Q        *P        W1        W2        W3
          0  2.79e-19  1.09e-34  1.58e-16        -1 -2.53e-19
          1   3.7e-06  1.21e-05 -6.43e-09  2.53e-19        -1
          2   0.00106   0.00435         1 -6.37e-17 -6.43e-09
         *Z       ---       ---  4.59e+27  2.77e+47  8.64e+29
         *Q - eigenvalue over the collision frequency
         *P - eigenvector projection squared on the relaxation subspace
         *Z - well partition function square root
      dimension of the chemical subspace = 1
      using default reduction scheme, projection error = 2.22045e-16
      species:
       #  assigned name     group
       0             W2     W2
   MasterEquation::low_eigenvalue_method:  done, cpu time[sec] = 4.27323, elapsed time[sec] = 1
   MasterEquation::low_eigenvalue_method:  starts
      Pressure = 1 atm	 Temperature = 250 K
      MasterEquation::low_eigenvalue_matrix:  starts
         setting up kinetic matrices ... done, cpu time[sec] = 0.26783, elapsed time[sec] = 0
         inverting kinetic matrices ... done, cpu time[sec] = 0.071907, elapsed time[sec] = 0
      MasterEquation::low_eigenvalue_matrix:  done, cpu time[sec] = 0.340507, elapsed time[sec] = 0
      minimal relaxation eigenvalue / collisional frequency = 0.154745
      eigenvector populations normalized:
          L        *R        *P        W1        W2        W3
          0 -2.02e-19     4e-36         0         1         0
          1  1.42e-05  7.56e-06         0    -0.249         1
          2   0.00635   0.00395         0         1         0
         *R - eigenvalue over the relaxation limit
         *P - eigenvector projection squared on the relaxation subspace
      eigenvector projections:
          L        *Q        *P        W1        W2        W3
          0 -3.12e-20     4e-36 -3.18e-17        -1 -7.79e-19
          1  2.19e-06  7.56e-06 -1.18e-07  7.79e-19        -1
          2  0.000983   0.00395         1 -3.18e-17 -1.18e-07
         *Z       ---       ---  4.59e+27  2.77e+47  8.64e+29
         *Q - eigenvalue over the collision frequency
         *P - eigenvector projection squared on the relaxation subspace
         *Z - well partition function square root
      dimension of the chemical subspace = 1
      using default reduction scheme, projection error = 0
      species:
       #  assigned name     group
       0             W2     W2
   MasterEquation::low_eigenvalue_method:  done, cpu time[sec] = 0.340577, elapsed time[sec] = 0
rate calculation done, cpu time[sec] = 33.3724, elapsed time[sec] = 2
