Wells (G - ground energy, D - dissociation limit, kcal/mol):
      Name        G        D
        W1    -14.6      4.0

Bimolecular Products (G - ground energy, kcal/mol):
      Name        G
        P0      0.0

Well-to-Bimolecular Barriers (H/G - barrier height/well depth, kcal/mol)
      Name        H     Well        G  Product
        B1      4.0       W1    -14.6       P0

________________________________________________________________________________________

Unimolecular Rate Units: 1/sec;  Bimolecular Rate Units: cm^3/sec

______________________________________________________________________________________

Species-Species Rate Tables:

Temperature = 700 K

High Pressure Rate Coefficients:

From\To            W1           P0
W1                ***  2.60018e+07
P0        3.38714e-12          ***

Temperature = 700 K    Pressure = 0.647259 atm

From\To            W1           P0
W1            11872.1      11872.1
P0        1.54602e-15  1.54602e-15

Temperature = 700 K    Pressure = 0.775277 atm

From\To            W1           P0
W1            13819.1      13819.1
P0        1.79959e-15  1.79959e-15

Temperature = 700 K    Pressure = 0.982108 atm

From\To            W1           P0
W1            16853.7      16853.6
P0        2.19479e-15  2.19479e-15

Temperature = 700 K    Pressure = 1.35738 atm

From\To            W1           P0
W1            22094.1      22094.1
P0        2.87728e-15  2.87728e-15

Temperature = 700 K    Pressure = 1.70883 atm

From\To            W1           P0
W1            26770.5      26770.5
P0        3.48632e-15  3.48632e-15

Temperature = 700 K    Pressure = 2.36179 atm

From\To            W1           P0
W1            35028.2      35028.2
P0         4.5618e-15   4.5618e-15

Temperature = 700 K    Pressure = 3.06728 atm

From\To            W1           P0
W1            43486.3      43486.3
P0        5.66338e-15  5.66338e-15

Temperature = 700 K    Pressure = 3.98352 atm

From\To            W1           P0
W1            53942.9      53942.9
P0        7.02526e-15  7.02526e-15

Temperature = 700 K    Pressure = 5.07777 atm

From\To            W1           P0
W1              65841      65841.1
P0        8.57491e-15  8.57491e-15

Temperature = 700 K    Pressure = 6.19668 atm

From\To            W1           P0
W1              77494        77494
P0        1.00926e-14  1.00926e-14

Temperature = 700 K    Pressure = 7.37624 atm

From\To            W1           P0
W1            89329.2      89329.3
P0        1.16341e-14  1.16341e-14

Temperature = 700 K    Pressure = 8.83514 atm

From\To            W1           P0
W1             103447       103447
P0        1.34729e-14  1.34729e-14

Temperature = 700 K    Pressure = 10.6486 atm

From\To            W1           P0
W1             120338       120338
P0        1.56729e-14  1.56729e-14

Temperature = 700 K    Pressure = 12.597 atm

From\To            W1           P0
W1             137818       137818
P0        1.79496e-14  1.79496e-14

______________________________________________________________________________________

High Pressure Rate Coefficients (Temperature-Species Rate Tables):

   T(K)       W1->W1       W1->P0
    700          ***  2.60018e+07

   T(K)       P0->W1       P0->P0
    700  3.38714e-12          ***

Capture/Escape Rate Coefficients:

   T(K)           W1           P0
    700  2.60018e+07  3.38714e-12

______________________________________________________________________________________

Pressure-Species Rate Tables:

   Temperature = 700 K

   P(atm)       W1->P0         W1->
 0.647259      11872.1      11872.1
 0.775277      13819.1      13819.1
 0.982108      16853.6      16853.7
  1.35738      22094.1      22094.1
  1.70883      26770.5      26770.5
  2.36179      35028.2      35028.2
  3.06728      43486.3      43486.3
  3.98352      53942.9      53942.9
  5.07777      65841.1        65841
  6.19668        77494        77494
  7.37624      89329.3      89329.2
  8.83514       103447       103447
  10.6486       120338       120338
   12.597       137818       137818
    O-O  2.60018e+07  2.60018e+07

   Temperature = 700 K

   P(atm)       P0->W1         P0->
 0.647259  1.54602e-15  1.54602e-15
 0.775277  1.79959e-15  1.79959e-15
 0.982108  2.19479e-15  2.19479e-15
  1.35738  2.87728e-15  2.87728e-15
  1.70883  3.48632e-15  3.48632e-15
  2.36179   4.5618e-15   4.5618e-15
  3.06728  5.66338e-15  5.66338e-15
  3.98352  7.02526e-15  7.02526e-15
  5.07777  8.57491e-15  8.57491e-15
  6.19668  1.00926e-14  1.00926e-14
  7.37624  1.16341e-14  1.16341e-14
  8.83514  1.34729e-14  1.34729e-14
  10.6486  1.56729e-14  1.56729e-14
   12.597  1.79496e-14  1.79496e-14
    O-O  3.38714e-12  3.38714e-12

______________________________________________________________________________________

Temperature-Species Rate Tables:

   Pressure = 0.647259 atm

   T(K)       W1->P0         W1->      Capture
    700      11872.1      11872.1  2.60018e+07

   Pressure = 0.775277 atm

   T(K)       W1->P0         W1->      Capture
    700      13819.1      13819.1  2.60018e+07

   Pressure = 0.982108 atm

   T(K)       W1->P0         W1->      Capture
    700      16853.6      16853.7  2.60018e+07

   Pressure = 1.35738 atm

   T(K)       W1->P0         W1->      Capture
    700      22094.1      22094.1  2.60018e+07

   Pressure = 1.70883 atm

   T(K)       W1->P0         W1->      Capture
    700      26770.5      26770.5  2.60018e+07

   Pressure = 2.36179 atm

   T(K)       W1->P0         W1->      Capture
    700      35028.2      35028.2  2.60018e+07

   Pressure = 3.06728 atm

   T(K)       W1->P0         W1->      Capture
    700      43486.3      43486.3  2.60018e+07

   Pressure = 3.98352 atm

   T(K)       W1->P0         W1->      Capture
    700      53942.9      53942.9  2.60018e+07

   Pressure = 5.07777 atm

   T(K)       W1->P0         W1->      Capture
    700      65841.1        65841  2.60018e+07

   Pressure = 6.19668 atm

   T(K)       W1->P0         W1->      Capture
    700        77494        77494  2.60018e+07

   Pressure = 7.37624 atm

   T(K)       W1->P0         W1->      Capture
    700      89329.3      89329.2  2.60018e+07

   Pressure = 8.83514 atm

   T(K)       W1->P0         W1->      Capture
    700       103447       103447  2.60018e+07

   Pressure = 10.6486 atm

   T(K)       W1->P0         W1->      Capture
    700       120338       120338  2.60018e+07

   Pressure = 12.597 atm

   T(K)       W1->P0         W1->      Capture
    700       137818       137818  2.60018e+07

   Pressure = 0.647259 atm

   T(K)       P0->W1         P0->      Capture
    700  1.54602e-15  1.54602e-15  3.38714e-12

   Pressure = 0.775277 atm

   T(K)       P0->W1         P0->      Capture
    700  1.79959e-15  1.79959e-15  3.38714e-12

   Pressure = 0.982108 atm

   T(K)       P0->W1         P0->      Capture
    700  2.19479e-15  2.19479e-15  3.38714e-12

   Pressure = 1.35738 atm

   T(K)       P0->W1         P0->      Capture
    700  2.87728e-15  2.87728e-15  3.38714e-12

   Pressure = 1.70883 atm

   T(K)       P0->W1         P0->      Capture
    700  3.48632e-15  3.48632e-15  3.38714e-12

   Pressure = 2.36179 atm

   T(K)       P0->W1         P0->      Capture
    700   4.5618e-15   4.5618e-15  3.38714e-12

   Pressure = 3.06728 atm

   T(K)       P0->W1         P0->      Capture
    700  5.66338e-15  5.66338e-15  3.38714e-12

   Pressure = 3.98352 atm

   T(K)       P0->W1         P0->      Capture
    700  7.02526e-15  7.02526e-15  3.38714e-12

   Pressure = 5.07777 atm

   T(K)       P0->W1         P0->      Capture
    700  8.57491e-15  8.57491e-15  3.38714e-12

   Pressure = 6.19668 atm

   T(K)       P0->W1         P0->      Capture
    700  1.00926e-14  1.00926e-14  3.38714e-12

   Pressure = 7.37624 atm

   T(K)       P0->W1         P0->      Capture
    700  1.16341e-14  1.16341e-14  3.38714e-12

   Pressure = 8.83514 atm

   T(K)       P0->W1         P0->      Capture
    700  1.34729e-14  1.34729e-14  3.38714e-12

   Pressure = 10.6486 atm

   T(K)       P0->W1         P0->      Capture
    700  1.56729e-14  1.56729e-14  3.38714e-12

   Pressure = 12.597 atm

   T(K)       P0->W1         P0->      Capture
    700  1.79496e-14  1.79496e-14  3.38714e-12

______________________________________________________________________________________

Temperature-Pressure Rate Tables:

W1->P0

P\T              700
0.647259      11872.1
0.775277      13819.1
0.982108      16853.6
1.35738      22094.1
1.70883      26770.5
2.36179      35028.2
3.06728      43486.3
3.98352      53942.9
5.07777      65841.1
6.19668        77494
7.37624      89329.3
8.83514       103447
10.6486       120338
12.597        137818
O-O      2.60018e+07

P0->W1

P\T              700
0.647259  1.54602e-15
0.775277  1.79959e-15
0.982108  2.19479e-15
1.35738  2.87728e-15
1.70883  3.48632e-15
2.36179   4.5618e-15
3.06728  5.66338e-15
3.98352  7.02526e-15
5.07777  8.57491e-15
6.19668  1.00926e-14
7.37624  1.16341e-14
8.83514  1.34729e-14
10.6486  1.56729e-14
12.597   1.79496e-14
O-O      3.38714e-12

W1-> 

P\T              700
0.647259      11872.1
0.775277      13819.1
0.982108      16853.7
1.35738      22094.1
1.70883      26770.5
2.36179      35028.2
3.06728      43486.3
3.98352      53942.9
5.07777        65841
6.19668        77494
7.37624      89329.2
8.83514       103447
10.6486       120338
12.597        137818
O-O      2.60018e+07

P0-> 

P\T              700
0.647259  1.54602e-15
0.775277  1.79959e-15
0.982108  2.19479e-15
1.35738  2.87728e-15
1.70883  3.48632e-15
2.36179   4.5618e-15
3.06728  5.66338e-15
3.98352  7.02526e-15
5.07777  8.57491e-15
6.19668  1.00926e-14
7.37624  1.16341e-14
8.83514  1.34729e-14
10.6486  1.56729e-14
12.597   1.79496e-14
O-O      3.38714e-12

