Wells (G - ground energy, D - dissociation limit, kcal/mol):
      Name        G        D
        W1    -88.3      0.0

Bimolecular Products (G - ground energy, kcal/mol):
      Name        G
        P1      0.0
        P2     11.2
        P3    -46.9

Well-to-Bimolecular Barriers (H/G - barrier height/well depth, kcal/mol)
      Name        H     Well        G  Product
        B1      0.0       W1    -88.3       P1
        B2     11.2       W1    -88.3       P2
        B3     33.3       W1    -88.3       P3

________________________________________________________________________________________

Unimolecular Rate Units: 1/sec;  Bimolecular Rate Units: cm^3/sec

______________________________________________________________________________________

Species-Species Rate Tables:

Temperature = 290 K

High Pressure Rate Coefficients:

From\To            W1           P1           P2           P3
W1                ***  9.81806e-52   1.5933e-60  9.13507e-64
P1        5.11367e-11          ***          ***          ***
P2        1.88022e-10          ***          ***          ***
P3        1.21008e-56          ***          ***          ***

Temperature = 290 K    Pressure = 1 atm

From\To            W1           P1           P2           P3
W1        9.78415e-52  9.78415e-52  6.49075e-61  3.36695e-67
P1          5.096e-11    5.096e-11  4.91475e-20  4.08346e-30
P2        7.65962e-11  1.11354e-10  1.87951e-10  1.61541e-25
P3        4.46005e-60  1.03855e-63  1.81331e-68  4.46109e-60

Temperature = 299 K

High Pressure Rate Coefficients:

From\To            W1           P1           P2           P3
W1                ***  1.06891e-49  3.03583e-58  2.17422e-62
P1        5.07321e-11          ***          ***          ***
P2        1.89117e-10          ***          ***          ***
P3        3.11814e-56          ***          ***          ***

Temperature = 299 K    Pressure = 1 atm

From\To            W1           P1           P2           P3
W1        1.06447e-49  1.06447e-49  1.19146e-58  2.91047e-65
P1        5.05214e-11  5.05214e-11  8.74794e-20   5.4791e-30
P2        7.42219e-11   1.1482e-10  1.89042e-10  1.94515e-25
P3        4.17401e-59  1.65561e-62  4.47809e-67  4.17566e-59

Temperature = 300 K

High Pressure Rate Coefficients:

From\To            W1           P1           P2           P3
W1                ***   1.7692e-49  5.33609e-58  3.07063e-62
P1        5.06877e-11          ***          ***          ***
P2        1.89237e-10          ***          ***          ***
P3        3.46793e-56          ***          ***          ***

Temperature = 300 K    Pressure = 1 atm

From\To            W1           P1           P2           P3
W1        1.76171e-49  1.76171e-49  2.08572e-58   4.7629e-65
P1        5.04731e-11  5.04731e-11   9.3057e-20  5.66146e-30
P2        7.39672e-11  1.15188e-10  1.89155e-10  1.98615e-25
P3        5.37916e-59  2.23176e-62  6.32515e-67  5.38139e-59

______________________________________________________________________________________

High Pressure Rate Coefficients (Temperature-Species Rate Tables):

   T(K)       W1->W1       W1->P1       W1->P2       W1->P3
    290          ***  9.81806e-52   1.5933e-60  9.13507e-64
    299          ***  1.06891e-49  3.03583e-58  2.17422e-62
    300          ***   1.7692e-49  5.33609e-58  3.07063e-62

   T(K)       P1->W1       P1->P1       P1->P2       P1->P3
    290  5.11367e-11          ***          ***          ***
    299  5.07321e-11          ***          ***          ***
    300  5.06877e-11          ***          ***          ***

   T(K)       P2->W1       P2->P1       P2->P2       P2->P3
    290  1.88022e-10          ***          ***          ***
    299  1.89117e-10          ***          ***          ***
    300  1.89237e-10          ***          ***          ***

   T(K)       P3->W1       P3->P1       P3->P2       P3->P3
    290  1.21008e-56          ***          ***          ***
    299  3.11814e-56          ***          ***          ***
    300  3.46793e-56          ***          ***          ***

Capture/Escape Rate Coefficients:

   T(K)           W1           P1           P2           P3
    290  9.81806e-52  5.11367e-11  1.88022e-10  1.21008e-56
    299  1.06891e-49  5.07321e-11  1.89117e-10  3.11814e-56
    300   1.7692e-49  5.06877e-11  1.89237e-10  3.46793e-56

______________________________________________________________________________________

Pressure-Species Rate Tables:

   Temperature = 290 K

   P(atm)       W1->P1       W1->P2       W1->P3         W1->
        1  9.78415e-52  6.49075e-61  3.36695e-67  9.78415e-52
    O-O  9.81806e-52   1.5933e-60  9.13507e-64  9.81806e-52

   Temperature = 299 K

   P(atm)       W1->P1       W1->P2       W1->P3         W1->
        1  1.06447e-49  1.19146e-58  2.91047e-65  1.06447e-49
    O-O  1.06891e-49  3.03583e-58  2.17422e-62  1.06891e-49

   Temperature = 300 K

   P(atm)       W1->P1       W1->P2       W1->P3         W1->
        1  1.76171e-49  2.08572e-58   4.7629e-65  1.76171e-49
    O-O   1.7692e-49  5.33609e-58  3.07063e-62   1.7692e-49

   Temperature = 290 K

   P(atm)       P1->W1       P1->P2       P1->P3         P1->
        1    5.096e-11  4.91475e-20  4.08346e-30    5.096e-11
    O-O  5.11367e-11          ***          ***  5.11367e-11

   Temperature = 299 K

   P(atm)       P1->W1       P1->P2       P1->P3         P1->
        1  5.05214e-11  8.74794e-20   5.4791e-30  5.05214e-11
    O-O  5.07321e-11          ***          ***  5.07321e-11

   Temperature = 300 K

   P(atm)       P1->W1       P1->P2       P1->P3         P1->
        1  5.04731e-11   9.3057e-20  5.66146e-30  5.04731e-11
    O-O  5.06877e-11          ***          ***  5.06877e-11

   Temperature = 290 K

   P(atm)       P2->W1       P2->P1       P2->P3         P2->
        1  7.65962e-11  1.11354e-10  1.61541e-25  1.87951e-10
    O-O  1.88022e-10          ***          ***  1.88022e-10

   Temperature = 299 K

   P(atm)       P2->W1       P2->P1       P2->P3         P2->
        1  7.42219e-11   1.1482e-10  1.94515e-25  1.89042e-10
    O-O  1.89117e-10          ***          ***  1.89117e-10

   Temperature = 300 K

   P(atm)       P2->W1       P2->P1       P2->P3         P2->
        1  7.39672e-11  1.15188e-10  1.98615e-25  1.89155e-10
    O-O  1.89237e-10          ***          ***  1.89237e-10

   Temperature = 290 K

   P(atm)       P3->W1       P3->P1       P3->P2         P3->
        1  4.46005e-60  1.03855e-63  1.81331e-68  4.46109e-60
    O-O  1.21008e-56          ***          ***  1.21008e-56

   Temperature = 299 K

   P(atm)       P3->W1       P3->P1       P3->P2         P3->
        1  4.17401e-59  1.65561e-62  4.47809e-67  4.17566e-59
    O-O  3.11814e-56          ***          ***  3.11814e-56

   Temperature = 300 K

   P(atm)       P3->W1       P3->P1       P3->P2         P3->
        1  5.37916e-59  2.23176e-62  6.32515e-67  5.38139e-59
    O-O  3.46793e-56          ***          ***  3.46793e-56

______________________________________________________________________________________

Temperature-Species Rate Tables:

   Pressure = 1 atm

   T(K)       W1->P1       W1->P2       W1->P3         W1->      Capture
    290  9.78415e-52  6.49075e-61  3.36695e-67  9.78415e-52  9.81806e-52
    299  1.06447e-49  1.19146e-58  2.91047e-65  1.06447e-49  1.06891e-49
    300  1.76171e-49  2.08572e-58   4.7629e-65  1.76171e-49   1.7692e-49

   Pressure = 1 atm

   T(K)       P1->W1       P1->P2       P1->P3         P1->      Capture
    290    5.096e-11  4.91475e-20  4.08346e-30    5.096e-11  5.11367e-11
    299  5.05214e-11  8.74794e-20   5.4791e-30  5.05214e-11  5.07321e-11
    300  5.04731e-11   9.3057e-20  5.66146e-30  5.04731e-11  5.06877e-11

   Pressure = 1 atm

   T(K)       P2->W1       P2->P1       P2->P3         P2->      Capture
    290  7.65962e-11  1.11354e-10  1.61541e-25  1.87951e-10  1.88022e-10
    299  7.42219e-11   1.1482e-10  1.94515e-25  1.89042e-10  1.89117e-10
    300  7.39672e-11  1.15188e-10  1.98615e-25  1.89155e-10  1.89237e-10

   Pressure = 1 atm

   T(K)       P3->W1       P3->P1       P3->P2         P3->      Capture
    290  4.46005e-60  1.03855e-63  1.81331e-68  4.46109e-60  1.21008e-56
    299  4.17401e-59  1.65561e-62  4.47809e-67  4.17566e-59  3.11814e-56
    300  5.37916e-59  2.23176e-62  6.32515e-67  5.38139e-59  3.46793e-56

______________________________________________________________________________________

Temperature-Pressure Rate Tables:

W1->P1

P\T              290          299          300
1        9.78415e-52  1.06447e-49  1.76171e-49
O-O      9.81806e-52  1.06891e-49   1.7692e-49

W1->P2

P\T              290          299          300
1        6.49075e-61  1.19146e-58  2.08572e-58
O-O       1.5933e-60  3.03583e-58  5.33609e-58

W1->P3

P\T              290          299          300
1        3.36695e-67  2.91047e-65   4.7629e-65
O-O      9.13507e-64  2.17422e-62  3.07063e-62

P1->W1

P\T              290          299          300
1          5.096e-11  5.05214e-11  5.04731e-11
O-O      5.11367e-11  5.07321e-11  5.06877e-11

P1->P2

P\T              290          299          300
1        4.91475e-20  8.74794e-20   9.3057e-20
O-O              ***          ***          ***

P1->P3

P\T              290          299          300
1        4.08346e-30   5.4791e-30  5.66146e-30
O-O              ***          ***          ***

P2->W1

P\T              290          299          300
1        7.65962e-11  7.42219e-11  7.39672e-11
O-O      1.88022e-10  1.89117e-10  1.89237e-10

P2->P1

P\T              290          299          300
1        1.11354e-10   1.1482e-10  1.15188e-10
O-O              ***          ***          ***

P2->P3

P\T              290          299          300
1        1.61541e-25  1.94515e-25  1.98615e-25
O-O              ***          ***          ***

P3->W1

P\T              290          299          300
1        4.46005e-60  4.17401e-59  5.37916e-59
O-O      1.21008e-56  3.11814e-56  3.46793e-56

P3->P1

P\T              290          299          300
1        1.03855e-63  1.65561e-62  2.23176e-62
O-O              ***          ***          ***

P3->P2

P\T              290          299          300
1        1.81331e-68  4.47809e-67  6.32515e-67
O-O              ***          ***          ***

W1-> 

P\T              290          299          300
1        9.78415e-52  1.06447e-49  1.76171e-49
O-O      9.81806e-52  1.06891e-49   1.7692e-49

P1-> 

P\T              290          299          300
1          5.096e-11  5.05214e-11  5.04731e-11
O-O      5.11367e-11  5.07321e-11  5.06877e-11

P2-> 

P\T              290          299          300
1        1.87951e-10  1.89042e-10  1.89155e-10
O-O      1.88022e-10  1.89117e-10  1.89237e-10

P3-> 

P\T              290          299          300
1        4.46109e-60  4.17566e-59  5.38139e-59
O-O      1.21008e-56  3.11814e-56  3.46793e-56

