Model::init:  starts
   Model::ExponentialKernel::ExponentialKernel:  ... done
   Model::LennardJonesCollision::LennardJonesCollision:  ... done
   WELL: W1
   Model::RRHO::RRHO:  starts
      Model::new_core:  starts
         Model::RigidRotor::RigidRotor:  starts
            molecular geometry will be used to estimate rotational constants
            rotational configuration: nonlinear
            rotational constants[1/cm]:         3.12039       0.422886       0.372415
         Model::RigidRotor::RigidRotor:  done, cpu time[sec] = 0.002474, elapsed time[sec] = 0
      Model::new_core:  done, cpu time[sec] = 0.003791, elapsed time[sec] = 0
      1-th ROTOR:
      Model::HinderedRotor::HinderedRotor:  starts
         Model::HinderedRotor::_read:  starts
            first point frequency estimate = 362.109 1/cm
            Fourier Expansion Coefficients(kcal/mol):
              0          5.395
              1              0
              2          -0.21
              3    2.53992e-15
              4         -5.185
         Model::HinderedRotor::_read:  done, cpu time[sec] = 0.00361, elapsed time[sec] = 0
         effective rotational constant[1/cm]  = 21.8577
         analytic  frequency at minimum[1/cm] = 565.971
         numerical frequency at minimum[1/cm] = 565.967
         minimum energy[kcal/mol]             = -1.08854e-15
         maximum energy[kcal/mol]             = 10.581
         maximum frequency[1/cm]              = 565.971
         ground energy [kcal/mol]             = 0.793266
         highest energy level [kcal/mol]      = 15504.1
         number of levels                     = 997
         10 lowest excited states [kcal/mol] relative to the ground: 0.412 1.55 1.95 3.04 3.41 4.45 4.8 5.78 6.11
         Statistical Weight (*** - deep tunneling regime):
          T, K        Quantum             PG             PI  ***
           100        1.12649        1.04151        1.07744  ***
           200         1.3832        1.33406        1.36781
           300         1.6237        1.58771        1.61717
           400        1.86682        1.83696        1.86344
           500        2.11695        2.09036        2.11495
           600        2.37444        2.34973        2.37315
           700        2.63915        2.61554        2.63825
           800        2.91087        2.88791        2.91022
           900        3.18931        3.16673        3.18883
          1000        3.47406        3.45169        3.47368
      Model::HinderedRotor::HinderedRotor:  done, cpu time[sec] = 9.41705, elapsed time[sec] = 0
      ground state energy, kcal/mol:   -77.61
      interpolating states number/density starts
         core state contribution ... done, cpu time[sec] = 0.045926, elapsed time[sec] = 0
         vibrational modes contribution ... done, cpu time[sec] = 0.00733, elapsed time[sec] = 0
         hindered rotors contribution starts
            Model::HinderedRotor::set:  starts
            Model::HinderedRotor::set:  done, cpu time[sec] = 7.9e-05, elapsed time[sec] = 0
         hindered rotors contribution done, cpu time[sec] = 0.113728, elapsed time[sec] = 0
         effective power exponent at 477.608 kcal/mol = 5.90504
      interpolating states number/density done, cpu time[sec] = 0.635245, elapsed time[sec] = 0
   Model::RRHO::RRHO:  done, cpu time[sec] = 10.0611, elapsed time[sec] = 0
   WELL: W3
   Model::RRHO::RRHO:  starts
      Model::new_core:  starts
         Model::RigidRotor::RigidRotor:  starts
            molecular geometry will be used to estimate rotational constants
            rotational configuration: nonlinear
            rotational constants[1/cm]:         3.58588       0.439585       0.391582
         Model::RigidRotor::RigidRotor:  done, cpu time[sec] = 0.000523, elapsed time[sec] = 0
      Model::new_core:  done, cpu time[sec] = 0.000813, elapsed time[sec] = 0
      ground state energy, kcal/mol:   -68.83
      interpolating states number/density starts
         core state contribution ... done, cpu time[sec] = 0.034121, elapsed time[sec] = 0
         vibrational modes contribution ... done, cpu time[sec] = 0.008545, elapsed time[sec] = 0
         effective power exponent at 468.828 kcal/mol = 6.30647
      interpolating states number/density done, cpu time[sec] = 0.440867, elapsed time[sec] = 0
   Model::RRHO::RRHO:  done, cpu time[sec] = 0.443037, elapsed time[sec] = 0
   BIMOLECULAR: R1
   Model::Bimolecular::Bimolecular:  starts
      Model::RRHO::RRHO:  starts
         Model::new_core:  starts
            Model::RigidRotor::RigidRotor:  starts
               molecular geometry will be used to estimate rotational constants
               rotational configuration: nonlinear
               rotational constants[1/cm]:         7.98142       0.434507       0.412074
            Model::RigidRotor::RigidRotor:  done, cpu time[sec] = 0.000426, elapsed time[sec] = 0
         Model::new_core:  done, cpu time[sec] = 0.000676, elapsed time[sec] = 0
         ground state energy, kcal/mol:   0
      Model::RRHO::RRHO:  done, cpu time[sec] = 0.001376, elapsed time[sec] = 0
      Model::AtomicFragment::AtomicFragment:  ... done
   Model::Bimolecular::Bimolecular:  done, cpu time[sec] = 0.002939, elapsed time[sec] = 0
   BIMOLECULAR: P1
   Model::Bimolecular::Bimolecular:  starts
      Model::RRHO::RRHO:  starts
         Model::new_core:  starts
            Model::RigidRotor::RigidRotor:  starts
               molecular geometry will be used to estimate rotational constants
               rotational configuration: linear
               rotational constant[1/cm]:         18.9117
            Model::RigidRotor::RigidRotor:  done, cpu time[sec] = 0.000301, elapsed time[sec] = 0
         Model::new_core:  done, cpu time[sec] = 0.000543, elapsed time[sec] = 0
         ground state energy, kcal/mol:   0
      Model::RRHO::RRHO:  done, cpu time[sec] = 0.001154, elapsed time[sec] = 0
      Model::RRHO::RRHO:  starts
         Model::new_core:  starts
            Model::RigidRotor::RigidRotor:  starts
               molecular geometry will be used to estimate rotational constants
               rotational configuration: linear
               rotational constant[1/cm]:         1.69887
            Model::RigidRotor::RigidRotor:  done, cpu time[sec] = 0.000241, elapsed time[sec] = 0
         Model::new_core:  done, cpu time[sec] = 0.000525, elapsed time[sec] = 0
         ground state energy, kcal/mol:   0
      Model::RRHO::RRHO:  done, cpu time[sec] = 0.001135, elapsed time[sec] = 0
   Model::Bimolecular::Bimolecular:  done, cpu time[sec] = 0.003333, elapsed time[sec] = 0
   BARRIER: B1
   Model::RRHO::RRHO:  starts
      Model::new_core:  starts
         Model::RigidRotor::RigidRotor:  starts
            molecular geometry will be used to estimate rotational constants
            rotational configuration: nonlinear
            rotational constants[1/cm]:         3.64971       0.421798         0.3781
         Model::RigidRotor::RigidRotor:  done, cpu time[sec] = 0.00032, elapsed time[sec] = 0
      Model::new_core:  done, cpu time[sec] = 0.000569, elapsed time[sec] = 0
      Model::EckartTunnel::EckartTunnel:  ... done
      ground state energy, kcal/mol:   -23.04
      interpolating states number/density starts
         core state contribution ... done, cpu time[sec] = 0.032091, elapsed time[sec] = 0
         vibrational modes contribution ... done, cpu time[sec] = 0.005553, elapsed time[sec] = 0
         tunneling contribution ... done, cpu time[sec] = 4.13102, elapsed time[sec] = 4
         effective power exponent at 469.42 kcal/mol = 7.09208
      interpolating states number/density done, cpu time[sec] = 4.19285, elapsed time[sec] = 4
   Model::RRHO::RRHO:  done, cpu time[sec] = 4.19437, elapsed time[sec] = 4
   BARRIER: B2
   Model::RRHO::RRHO:  starts
      Model::new_core:  starts
         Model::Rotd::Rotd :  starts
            WARNING: zero number of states energy is not initialized: will try to estimate it from the data
            grid size = 171
            effective power exponent at 3179.61 kcal/mol = 1.54185
            zero number of states energy = 0 1/cm
         Model::Rotd::Rotd :  done, cpu time[sec] = 0.00021, elapsed time[sec] = 0
      Model::new_core:  done, cpu time[sec] = 0.000226, elapsed time[sec] = 0
      ground state energy, kcal/mol:   0
      interpolating states number/density starts
         core state contribution ... done, cpu time[sec] = 0.007171, elapsed time[sec] = 0
         vibrational modes contribution ... done, cpu time[sec] = 8.5e-05, elapsed time[sec] = 0
         effective power exponent at 399.998 kcal/mol = 5.41545
      interpolating states number/density done, cpu time[sec] = 0.016504, elapsed time[sec] = 0
   Model::RRHO::RRHO:  done, cpu time[sec] = 0.016759, elapsed time[sec] = 0
   BARRIER: B3
   Model::RRHO::RRHO:  starts
      Model::new_core:  starts
         Model::Rotd::Rotd :  starts
            WARNING: zero number of states energy is not initialized: will try to estimate it from the data
            grid size = 171
            effective power exponent at 3179.61 kcal/mol = 1.53561
            zero number of states energy = 0 1/cm
         Model::Rotd::Rotd :  done, cpu time[sec] = 0.000179, elapsed time[sec] = 0
      Model::new_core:  done, cpu time[sec] = 0.000187, elapsed time[sec] = 0
      ground state energy, kcal/mol:   0
      interpolating states number/density starts
         core state contribution ... done, cpu time[sec] = 0.007075, elapsed time[sec] = 0
         vibrational modes contribution ... done, cpu time[sec] = 8.4e-05, elapsed time[sec] = 0
         effective power exponent at 399.998 kcal/mol = 5.40773
      interpolating states number/density done, cpu time[sec] = 0.01648, elapsed time[sec] = 0
   Model::RRHO::RRHO:  done, cpu time[sec] = 0.016696, elapsed time[sec] = 0
   BARRIER: B4
   Model::RRHO::RRHO:  starts
      Model::new_core:  starts
         Model::Rotd::Rotd :  starts
            WARNING: zero number of states energy is not initialized: will try to estimate it from the data
            grid size = 171
            effective power exponent at 3179.61 kcal/mol = 1.61352
            zero number of states energy = 0 1/cm
         Model::Rotd::Rotd :  done, cpu time[sec] = 0.000175, elapsed time[sec] = 0
      Model::new_core:  done, cpu time[sec] = 0.000183, elapsed time[sec] = 0
      ground state energy, kcal/mol:   -29.88
      interpolating states number/density starts
         core state contribution ... done, cpu time[sec] = 0.00764, elapsed time[sec] = 0
         vibrational modes contribution ... done, cpu time[sec] = 5.6e-05, elapsed time[sec] = 0
         effective power exponent at 429.878 kcal/mol = 4.34794
      interpolating states number/density done, cpu time[sec] = 0.017936, elapsed time[sec] = 0
   Model::RRHO::RRHO:  done, cpu time[sec] = 0.018149, elapsed time[sec] = 0
   checking input ... done
   setting connectivity ... done
   checking connectivity ... done
   setting dissociation limit ... done
   setting maximum barrier height ... done
   partition functions (relative to the ground level, units - 1/cm3):
     T\Q           W1           W3          NO2            H           OH           NO           B1           B2           B3           B4
     100  9.99518e+28   3.9581e+28   5.0362e+28  3.75861e+23  1.09768e+26  3.03076e+27  6.87964e+96  1.19684e+29  5.75377e+29  7.03695e+30
     200   9.9461e+29  3.17931e+29  4.04589e+29  1.06309e+24  7.47956e+26  2.06771e+28   7.2315e+49  3.83204e+30  6.64384e+30  1.35171e+32
     300  4.16825e+30  1.10349e+30  1.39822e+30  1.95303e+24  2.28111e+27  6.24068e+28  1.25066e+37  2.43656e+31   2.7373e+31  7.68959e+32
     400  1.25507e+31  2.79334e+30  3.47896e+30  3.00689e+24   4.9721e+27  1.35025e+29  1.22345e+33  8.72432e+31  7.67233e+31   2.6083e+33
     500  3.16745e+31  6.04359e+30  7.28584e+30  4.20225e+24  9.03278e+27  2.44557e+29  1.61206e+32   2.3592e+32  1.76603e+32  6.61698e+33
     600  7.13438e+31  1.19132e+31  1.37175e+31    5.524e+24  1.46466e+28  3.97166e+29  1.33132e+32   5.4079e+32  3.60572e+32  1.39792e+34
     700  1.48056e+32  2.20459e+31  2.39986e+31  6.96104e+24  2.19812e+28  5.99523e+29  1.67764e+32  1.11057e+33  6.78209e+32  2.61101e+34
     800  2.88414e+32  3.89143e+31  3.97501e+31  8.50476e+24  3.11969e+28  8.58869e+29  2.40279e+32  2.10619e+33  1.20033e+33  4.47004e+34
     900  5.33813e+32  6.61423e+31  6.30655e+31  1.01482e+25  4.24542e+28  1.18296e+30  3.59039e+32  3.75756e+33   2.0252e+33  7.17738e+34
    1000  9.46711e+32  1.08926e+32  9.65946e+31  1.18858e+25  5.59181e+28  1.58003e+30  5.42122e+32  6.38352e+33   3.2859e+33  1.09752e+35
    1100  1.61886e+33  1.74569e+32  1.43634e+32  1.37125e+25  7.17606e+28  2.05871e+30   8.1597e+32  1.04153e+34  5.15891e+33  1.61519e+35
    1200  2.68191e+33  2.73162e+32  2.08225e+32  1.56242e+25  9.01619e+28  2.62799e+30  1.21678e+33  1.64236e+34  7.87399e+33    2.305e+35
    1300   4.3208e+33  4.18427e+32  2.95259e+32  1.76174e+25  1.11311e+29  3.29723e+30  1.79277e+33    2.515e+34  1.17255e+34  3.20726e+35
    1400  6.79052e+33   6.2875e+32  4.10588e+32  1.96888e+25  1.35404e+29  4.07611e+30  2.60713e+33  3.75425e+34  1.70853e+34  4.36925e+35
    1500  1.04367e+34  9.28453e+32  5.61144e+32  2.18355e+25  1.62646e+29  4.97459e+30  3.74139e+33  5.47957e+34  2.44172e+34    5.846e+35
    1600  1.57209e+34  1.34932e+33  7.55066e+32  2.40551e+25  1.93249e+29  6.00296e+30  5.29959e+33  7.83961e+34   3.4293e+34  7.70123e+35
    1700  2.32505e+34  1.93243e+33  1.00183e+33  2.63451e+25  2.27432e+29  7.17176e+30  7.41296e+33  1.10172e+35  4.74105e+34  1.00083e+36
    1800  3.38155e+34  2.73032e+33   1.3124e+33  2.87036e+25   2.6542e+29  8.49185e+30  1.02454e+34  1.52351e+35  6.46137e+34  1.28513e+36
    1900  4.84309e+34  3.80959e+33  1.69935e+33  3.11284e+25  3.07443e+29  9.97432e+30  1.39998e+34  2.07618e+35  8.69142e+34   1.6326e+36
    2000   6.8387e+34  5.25385e+33  2.17705e+33   3.3618e+25  3.53738e+29  1.16305e+31  1.89249e+34  2.79186e+35  1.15515e+35  2.05412e+36
   partition functions (relative to 0 kcal/mol, units - 1/cm3):
     T\Q           W1           W3           B1           B2           B3           B4
     100  4.1112e+198 1.05501e+179  1.5515e+147  1.19684e+29  5.75377e+29  1.40984e+96
     200 6.37884e+114  5.1906e+104  1.08598e+75  3.83204e+30  6.64384e+30   6.0503e+64
     300  1.43884e+87     1.53e+80  7.61264e+53  2.43656e+31   2.7373e+31  4.49951e+54
     400  3.17844e+73  1.12867e+68  4.74115e+45  8.72432e+31  7.67233e+31  5.51828e+49
     500  2.65183e+65  7.35274e+60  1.89679e+42   2.3592e+32  1.76603e+32  7.60356e+46
     600  1.32552e+60  1.40278e+56  3.28458e+40   5.4079e+32  3.60572e+32  1.06933e+45
     700  2.51781e+56  6.80336e+52  2.61825e+39  1.11057e+33  6.78209e+32  5.56718e+43
     800  4.58975e+53   2.4736e+50  4.73004e+38  2.10619e+33  1.20033e+33  6.50181e+42
     900  3.74463e+51  3.42337e+48  1.41234e+38  3.75756e+33   2.0252e+33  1.29336e+42
    1000  8.66234e+49  1.20145e+47  5.88052e+37  6.38352e+33   3.2859e+33   3.7204e+41
    1100  4.25286e+48  8.26107e+45  3.08487e+37  1.04153e+34  5.15891e+33  1.39557e+41
    1200  3.65561e+47  9.37349e+44  1.91121e+37  1.64236e+34  7.87399e+33  6.37508e+40
    1300  4.81736e+46  1.55895e+44  1.33921e+37    2.515e+34  1.17255e+34  3.38336e+40
    1400  8.85526e+45  3.49282e+43  1.02995e+37  3.75425e+34  1.70853e+34  2.01753e+40
    1500  2.11922e+45  9.91162e+42  8.50966e+36  5.47957e+34  2.44172e+34   1.3192e+40
    1600  6.27138e+44  3.40193e+42  7.43561e+36  7.83961e+34   3.4293e+34  9.28799e+39
    1700  2.20667e+44  1.36357e+42  6.79116e+36  1.10172e+35  4.74105e+34  6.94452e+39
    1800  8.95625e+43  6.21157e+41  6.42582e+36  1.52351e+35  6.46137e+34  5.45536e+39
    1900  4.09434e+43  3.14792e+41  6.25587e+36  2.07618e+35  8.69142e+34  4.46494e+39
    2000  2.06863e+43  1.74488e+41  6.23294e+36  2.79186e+35  1.15515e+35  3.78194e+39
   tunneling partition function correction factors & high pressure effective energy shifts (D), kcal/mol:
     T\B           B1            D           B2            D           B3            D           B4            D
     100  8.42948e+67     -31.0807            1           -0            1           -0            1           -0
     200  1.06416e+20     -18.3274            1           -0            1           -0            1           -0
     300  4.89129e+06      -9.1826            1           -0            1           -0            1           -0
     400      172.995     -4.09621            1           -0            1           -0            1           -0
     500      9.74824      -2.2625            1           -0            1           -0            1           -0
     600      3.83733      -1.6034            1           -0            1           -0            1           -0
     700      2.49058     -1.26934            1           -0            1           -0            1           -0
     800      1.94932     -1.06113            1           -0            1           -0            1           -0
     900      1.66899     -0.91609            1           -0            1           -0            1           -0
    1000      1.50173    -0.808029            1           -0            1           -0            1           -0
    1100      1.39254    -0.723822            1           -0            1           -0            1           -0
    1200      1.31669    -0.656056            1           -0            1           -0            1           -0
    1300      1.26153     -0.60018            1           -0            1           -0            1           -0
    1400         1.22    -0.553221            1           -0            1           -0            1           -0
    1500      1.18786    -0.513142            1           -0            1           -0            1           -0
    1600      1.16241    -0.478497            1           -0            1           -0            1           -0
    1700      1.14189    -0.448226            1           -0            1           -0            1           -0
    1800      1.12507    -0.421534            1           -0            1           -0            1           -0
    1900      1.11111    -0.397808            1           -0            1           -0            1           -0
    2000      1.09938    -0.376573            1           -0            1           -0            1           -0
Model::init:  done, cpu time[sec] = 14.7843, elapsed time[sec] = 4
rate calculation starts
   MasterEquation::set:  starts
      Temperature      = 200 K
      Energy reference = 2780 1/cm
      Energy step      = 28 1/cm
      setting wells, barriers, and bimolecular starts
         W1 Well: average energy = -76.8 kcal/mol
         W1 Well: density of states done, elapsed time[sec] = 3.8e-05
         W1 Well: collisional kernel bandwidth = 114
         W1 Well: collisional energy transfer kernel done, elapsed time[sec] = 0.007729
         W1 Well: relaxation modes basis done, elapsed time[sec] = 0.003676
         W1 Well: kernel in relaxation modes basis done, elapsed time[sec] = 1.77812
         W1 Well: relaxation eigenvalues done, elapsed time[sec] = 2.1516
         W1 Well: minimal relaxation eigenvalue = 0.179993
         W1 Well: maximal relaxation eigenvalue = 1.08245
         W1 Well:       grid size = 523
         W1 Well:      real depth = -27144 1/cm
         W1 Well: effective depth = -11864 1/cm
         W3 Well: average energy = -68.2 kcal/mol
         W3 Well: density of states done, elapsed time[sec] = 0.004212
         W3 Well: collisional kernel bandwidth = 114
         W3 Well: collisional energy transfer kernel done, elapsed time[sec] = 0.796492
         W3 Well: relaxation modes basis done, elapsed time[sec] = 0.251871
         W3 Well: kernel in relaxation modes basis done, elapsed time[sec] = 1.07914
         W3 Well: relaxation eigenvalues done, elapsed time[sec] = 1.30599
         W3 Well: minimal relaxation eigenvalue = 0.179821
         W3 Well: maximal relaxation eigenvalue = 1.08263
         W3 Well:       grid size = 437
         W3 Well:      real depth = -24073 1/cm
         W3 Well: effective depth = -9456 1/cm
         B1 Barrier:        grid size = 967
         B1 Barrier:      real height = -24280 1/cm
         B1 Barrier: effective height = -24296 1/cm
         B2 Barrier:        grid size = 100
         B2 Barrier:      real height = 0 1/cm
         B2 Barrier: effective height = -20 1/cm
         B3 Barrier:        grid size = 100
         B3 Barrier:      real height = 0 1/cm
         B3 Barrier: effective height = -20 1/cm
         B4 Barrier:        grid size = 473
         B4 Barrier:      real height = -10450 1/cm
         B4 Barrier: effective height = -10464 1/cm
      setting wells, barriers, and bimolecular done, cpu time[sec] = 7.47793, elapsed time[sec] = 0
      B1 barrier top is lower than the bottom of one of the wells it connects => truncating
      MasterEquation::Barrier::truncate: grid size = 437
      MasterEquation::Barrier::truncate: real weight = 3.07269e+57
      MasterEquation::Barrier::truncate: effective weight = 0
      Bound Species (D1/D2 - density of states at dissociation energy (DE)/reference energy):
       Name  Depth     DE      *D1      *D2
              1/cm   1/cm       cm       cm
         W1 -11864 -10464 1.46e+07 3.38e+08
         W3  -9456  -9456 4.54e+05 1.13e+07
      Well-to-Well Barriers (N - number of states at the reference energy):
       Name Height       *N
              1/cm         
         B1  -9456 6.79e+08
      Well-to-Bimolecular Barriers (N - number of states at the reference energy):
       Name Height       *N
              1/cm         
         B2    -20 3.23e+07
         B3    -20 1.58e+07
         B4 -10464 7.45e+10
      Effective equilibrium constants(bimolecular units - cm^3):
        Q/Q        W1        W3        R1        P1
         W1         1  6.85e+08  4.44e+22  2.76e-12
         W3  1.46e-09         1  6.48e+13  4.03e-21
         R1  2.25e-23  1.54e-14         1  6.21e-35
         P1  3.62e+11  2.48e+20  1.61e+34         1
      Real equilibrium constants(bimolecular units - cm^3):
        Q/Q        W1        W3        R1        P1
         W1         1  1.23e+10  1.48e+61  9.21e+26
         W3  8.14e-11         1  1.21e+51   7.5e+16
         R1  6.74e-62  8.29e-52         1  6.21e-35
         P1  1.09e-27  1.33e-17  1.61e+34         1
   MasterEquation::set:  done, cpu time[sec] = 7.48352, elapsed time[sec] = 0
   MasterEquation::direct_diagonalization_method:  starts
      Pressure = 0.1 atm	 Temperature = 200 K
            Well    Collision, 1/sec
              W1         1.78819e+09
              W3         1.78819e+09
      global relaxation matrix dimension = 960
      setting global matrices ... done, cpu time[sec] = 0.876036, elapsed time[sec] = 0
      diagonalizing global relaxation matrix ... done, cpu time[sec] = 15.0295, elapsed time[sec] = 1
      microscopic rate coefficients (at reference energy) over collision frequency:
            W1<->W3
            1009.52
             W1->R1       W3->R1       W1->P1
            1.60158       23.488      3690.82
      eigenvector populations normalized:
          L        *R        *P        W1        W3
          0  2.99e-05  1.63e-05         1         0
          1    0.0867   0.00211         0         1
      *R - eigenvalue over the relaxation limit
      *P - eigenvector projection squared on the relaxation subspace (= 1 -F_ne)
      eigenvector projections:
          L        *Q        *P        W1        W3
          0  6.38e-06  1.63e-05         1  7.82e-09
          1    0.0185   0.00211  5.56e-09     0.999
         *Z       ---       ---  2.33e+29  8.88e+24
      *Q - eigenvalue over the collision frequency in first well
      *P - eigenvector projection squared on the relaxation subspace (= 1 - F_ne)
      *Z - well partition function square root
      isomers-to-bimolecular equilibrium coefficients (kappa matrix):
        W\P       R1       P1
         W1        0        0
         W3        0        0
      projection error = 0.00212467
      Wa->Wb/Wb->Wa rate constants ratios:
      Wb\Wa        W1        W3
         W1         1     -0.71
         W3      -1.4         1
      W->P/P->W rate constants ratios:
        P\W        W1        W3
         R1         1         1
         P1         1         1
      hot energies # = 0
      prompt isomerization/dissociation:
        W\W,P           W1           W3  Total Diss.           R1           P1
           W1            1  1.95278e-55 -1.95278e-55  7.16807e-81  6.21687e-48
           W3  2.39981e-45            1            0  6.53456e-74  1.20567e-44

   MasterEquation::direct_diagonalization_method:  done, cpu time[sec] = 20.8864, elapsed time[sec] = 1
   MasterEquation::direct_diagonalization_method:  starts
      Pressure = 0.2154 atm	 Temperature = 200 K
            Well    Collision, 1/sec
              W1         3.85177e+09
              W3         3.85177e+09
      global relaxation matrix dimension = 960
      setting global matrices ... done, cpu time[sec] = 0.017257, elapsed time[sec] = 0
      diagonalizing global relaxation matrix ... done, cpu time[sec] = 14.2846, elapsed time[sec] = 0
      microscopic rate coefficients (at reference energy) over collision frequency:
            W1<->W3
            468.674
             W1->R1       W3->R1       W1->P1
            0.74354      10.9043      1713.47
      eigenvector populations normalized:
          L        *R        *P        W1        W3
          0  2.22e-05  1.11e-05         1         0
          1    0.0412  0.000634         0         1
      *R - eigenvalue over the relaxation limit
      *P - eigenvector projection squared on the relaxation subspace (= 1 -F_ne)
      eigenvector projections:
          L        *Q        *P        W1        W3
          0  4.71e-06  1.11e-05        -1 -2.41e-08
          1   0.00873  0.000634  1.05e-08        -1
         *Z       ---       ---  2.33e+29  8.88e+24
      *Q - eigenvalue over the collision frequency in first well
      *P - eigenvector projection squared on the relaxation subspace (= 1 - F_ne)
      *Z - well partition function square root
      isomers-to-bimolecular equilibrium coefficients (kappa matrix):
        W\P       R1       P1
         W1        0        0
         W3        0        0
      projection error = 0.000644621
      Wa->Wb/Wb->Wa rate constants ratios:
      Wb\Wa        W1        W3
         W1         1      0.43
         W3       2.3         1
      W->P/P->W rate constants ratios:
        P\W        W1        W3
         R1         1         1
         P1         1         1
      hot energies # = 0
      prompt isomerization/dissociation:
        W\W,P           W1           W3  Total Diss.           R1           P1
           W1            1  1.99387e-55 -1.99387e-55 -7.69568e-81  4.22958e-48
           W3  2.45031e-45            1            0  6.49162e-74  1.89375e-45

   MasterEquation::direct_diagonalization_method:  done, cpu time[sec] = 19.0842, elapsed time[sec] = 1
   MasterEquation::direct_diagonalization_method:  starts
      Pressure = 0.4641 atm	 Temperature = 200 K
            Well    Collision, 1/sec
              W1           8.299e+09
              W3           8.299e+09
      global relaxation matrix dimension = 960
      setting global matrices ... done, cpu time[sec] = 0.017247, elapsed time[sec] = 0
      diagonalizing global relaxation matrix ... done, cpu time[sec] = 14.3975, elapsed time[sec] = 0
      microscopic rate coefficients (at reference energy) over collision frequency:
            W1<->W3
            217.523
             W1->R1       W3->R1       W1->P1
           0.345095      5.06097      795.264
      eigenvector populations normalized:
          L        *R        *P        W1        W3
          0  1.57e-05  6.95e-06         1         0
          1    0.0195  0.000173         0         1
      *R - eigenvalue over the relaxation limit
      *P - eigenvector projection squared on the relaxation subspace (= 1 -F_ne)
      eigenvector projections:
          L        *Q        *P        W1        W3
          0   3.3e-06  6.95e-06         1  8.05e-08
          1   0.00409  0.000173  6.65e-08        -1
         *Z       ---       ---  2.33e+29  8.88e+24
      *Q - eigenvalue over the collision frequency in first well
      *P - eigenvector projection squared on the relaxation subspace (= 1 - F_ne)
      *Z - well partition function square root
      isomers-to-bimolecular equilibrium coefficients (kappa matrix):
        W\P       R1       P1
         W1        0        0
         W3        0        0
      projection error = 0.000180299
      Wa->Wb/Wb->Wa rate constants ratios:
      Wb\Wa        W1        W3
         W1         1      0.83
         W3       1.2         1
      W->P/P->W rate constants ratios:
        P\W        W1        W3
         R1         1         1
         P1         1         1
      hot energies # = 0
      prompt isomerization/dissociation:
        W\W,P           W1           W3  Total Diss.           R1           P1
           W1            1   2.0458e-55  -2.0458e-55  1.75616e-81  2.65872e-48
           W3  2.51413e-45            1            0  5.95085e-74 -1.32557e-45

   MasterEquation::direct_diagonalization_method:  done, cpu time[sec] = 19.2284, elapsed time[sec] = 0
   MasterEquation::direct_diagonalization_method:  starts
      Pressure = 1 atm	 Temperature = 200 K
            Well    Collision, 1/sec
              W1         1.78819e+10
              W3         1.78819e+10
      global relaxation matrix dimension = 960
      setting global matrices ... done, cpu time[sec] = 0.017347, elapsed time[sec] = 0
      diagonalizing global relaxation matrix ... done, cpu time[sec] = 14.3699, elapsed time[sec] = 1
      microscopic rate coefficients (at reference energy) over collision frequency:
            W1<->W3
            100.952
             W1->R1       W3->R1       W1->P1
           0.160158       2.3488      369.082
      eigenvector populations normalized:
          L        *R        *P        W1        W3
          0  1.05e-05  3.99e-06         1         0
          1   0.00918  4.39e-05         0         1
      *R - eigenvalue over the relaxation limit
      *P - eigenvector projection squared on the relaxation subspace (= 1 -F_ne)
      eigenvector projections:
          L        *Q        *P        W1        W3
          0  2.18e-06  3.99e-06        -1 -2.82e-07
          1   0.00191  4.39e-05 -2.67e-07         1
         *Z       ---       ---  2.33e+29  8.88e+24
      *Q - eigenvalue over the collision frequency in first well
      *P - eigenvector projection squared on the relaxation subspace (= 1 - F_ne)
      *Z - well partition function square root
      isomers-to-bimolecular equilibrium coefficients (kappa matrix):
        W\P       R1       P1
         W1        0        0
         W3        0        0
      projection error = 4.78684e-05
      Wa->Wb/Wb->Wa rate constants ratios:
      Wb\Wa        W1        W3
         W1         1      0.95
         W3       1.1         1
      W->P/P->W rate constants ratios:
        P\W        W1        W3
         R1         1         1
         P1         1         1
      hot energies # = 0
      prompt isomerization/dissociation:
        W\W,P           W1           W3  Total Diss.           R1           P1
           W1            1  2.09609e-55 -2.09609e-55  1.15207e-81  1.52439e-48
           W3  2.57593e-45            1            0  6.07591e-74 -2.27505e-45

   MasterEquation::direct_diagonalization_method:  done, cpu time[sec] = 19.1973, elapsed time[sec] = 1
   MasterEquation::direct_diagonalization_method:  starts
      Pressure = 2.154 atm	 Temperature = 200 K
            Well    Collision, 1/sec
              W1         3.85177e+10
              W3         3.85177e+10
      global relaxation matrix dimension = 960
      setting global matrices ... done, cpu time[sec] = 0.017311, elapsed time[sec] = 0
      diagonalizing global relaxation matrix ... done, cpu time[sec] = 14.4327, elapsed time[sec] = 1
      microscopic rate coefficients (at reference energy) over collision frequency:
            W1<->W3
            46.8674
             W1->R1       W3->R1       W1->P1
           0.074354      1.09043      171.347
      eigenvector populations normalized:
          L        *R        *P        W1        W3
          0  6.61e-06  2.06e-06         1         0
          1   0.00432  1.05e-05   -0.0249         1
      *R - eigenvalue over the relaxation limit
      *P - eigenvector projection squared on the relaxation subspace (= 1 -F_ne)
      eigenvector projections:
          L        *Q        *P        W1        W3
          0  1.36e-06  2.06e-06         1  9.64e-07
          1  0.000887  1.05e-05   9.5e-07        -1
         *Z       ---       ---  2.33e+29  8.88e+24
      *Q - eigenvalue over the collision frequency in first well
      *P - eigenvector projection squared on the relaxation subspace (= 1 - F_ne)
      *Z - well partition function square root
      isomers-to-bimolecular equilibrium coefficients (kappa matrix):
        W\P       R1       P1
         W1        0        0
         W3        0        0
      projection error = 1.25274e-05
      Wa->Wb/Wb->Wa rate constants ratios:
      Wb\Wa        W1        W3
         W1         1      0.99
         W3         1         1
      W->P/P->W rate constants ratios:
        P\W        W1        W3
         R1         1         1
         P1         1         1
      hot energies # = 0
      prompt isomerization/dissociation:
        W\W,P           W1           W3  Total Diss.           R1           P1
           W1            1  2.07538e-55 -2.07538e-55 -3.37808e-82  7.86631e-49
           W3  2.55048e-45            1            0  6.10908e-74 -2.47869e-45

   MasterEquation::direct_diagonalization_method:  done, cpu time[sec] = 19.2506, elapsed time[sec] = 1
   MasterEquation::direct_diagonalization_method:  starts
      Pressure = 4.641 atm	 Temperature = 200 K
            Well    Collision, 1/sec
              W1           8.299e+10
              W3           8.299e+10
      global relaxation matrix dimension = 960
      setting global matrices ... done, cpu time[sec] = 0.017436, elapsed time[sec] = 0
      diagonalizing global relaxation matrix ... done, cpu time[sec] = 15.9123, elapsed time[sec] = 1
      microscopic rate coefficients (at reference energy) over collision frequency:
            W1<->W3
            21.7523
             W1->R1       W3->R1       W1->P1
          0.0345095     0.506097      79.5264
      eigenvector populations normalized:
          L        *R        *P        W1        W3
          0  3.94e-06  9.42e-07         1         0
          1   0.00205  2.39e-06   -0.0764         1
      *R - eigenvalue over the relaxation limit
      *P - eigenvector projection squared on the relaxation subspace (= 1 -F_ne)
      eigenvector projections:
          L        *Q        *P        W1        W3
          0  7.93e-07  9.42e-07        -1 -2.93e-06
          1  0.000412  2.39e-06 -2.92e-06         1
         *Z       ---       ---  2.33e+29  8.88e+24
      *Q - eigenvalue over the collision frequency in first well
      *P - eigenvector projection squared on the relaxation subspace (= 1 - F_ne)
      *Z - well partition function square root
      isomers-to-bimolecular equilibrium coefficients (kappa matrix):
        W\P       R1       P1
         W1        0        0
         W3        0        0
      projection error = 3.337e-06
      Wa->Wb/Wb->Wa rate constants ratios:
      Wb\Wa        W1        W3
         W1         1         1
         W3         1         1
      W->P/P->W rate constants ratios:
        P\W        W1        W3
         R1         1         1
         P1         1         1
      hot energies # = 0
      prompt isomerization/dissociation:
        W\W,P           W1           W3  Total Diss.           R1           P1
           W1            1  1.84485e-55 -1.84485e-55 -5.35154e-82    3.604e-49
           W3  2.26717e-45            1            0  6.12185e-74 -2.25076e-45

   MasterEquation::direct_diagonalization_method:  done, cpu time[sec] = 20.9722, elapsed time[sec] = 1
   MasterEquation::direct_diagonalization_method:  starts
      Pressure = 10 atm	 Temperature = 200 K
            Well    Collision, 1/sec
              W1         1.78819e+11
              W3         1.78819e+11
      global relaxation matrix dimension = 960
      setting global matrices ... done, cpu time[sec] = 0.017426, elapsed time[sec] = 0
      diagonalizing global relaxation matrix ... done, cpu time[sec] = 14.9943, elapsed time[sec] = 0
      microscopic rate coefficients (at reference energy) over collision frequency:
            W1<->W3
            10.0952
             W1->R1       W3->R1       W1->P1
          0.0160158      0.23488      36.9082
      eigenvector populations normalized:
          L        *R        *P        W1        W3
          0  2.23e-06  3.79e-07         1         0
          1   0.00098  5.34e-07    -0.189         1
      *R - eigenvalue over the relaxation limit
      *P - eigenvector projection squared on the relaxation subspace (= 1 -F_ne)
      eigenvector projections:
          L        *Q        *P        W1        W3
          0  4.36e-07  3.79e-07         1  7.24e-06
          1  0.000192  5.34e-07 -7.23e-06         1
         *Z       ---       ---  2.33e+29  8.88e+24
      *Q - eigenvalue over the collision frequency in first well
      *P - eigenvector projection squared on the relaxation subspace (= 1 - F_ne)
      *Z - well partition function square root
      isomers-to-bimolecular equilibrium coefficients (kappa matrix):
        W\P       R1       P1
         W1        0        0
         W3        0        0
      projection error = 9.1294e-07
      Wa->Wb/Wb->Wa rate constants ratios:
      Wb\Wa        W1        W3
         W1         1         1
         W3         1         1
      W->P/P->W rate constants ratios:
        P\W        W1        W3
         R1         1         1
         P1         1         1
      hot energies # = 0
      prompt isomerization/dissociation:
        W\W,P           W1           W3  Total Diss.           R1           P1
           W1            1  1.34431e-55 -1.34431e-55  3.37206e-82  1.45089e-49
           W3  1.65206e-45            1            0  6.14116e-74  -1.6484e-45

   MasterEquation::direct_diagonalization_method:  done, cpu time[sec] = 19.7446, elapsed time[sec] = 0
   MasterEquation::direct_diagonalization_method:  starts
      Pressure = 21.54 atm	 Temperature = 200 K
            Well    Collision, 1/sec
              W1         3.85177e+11
              W3         3.85177e+11
      global relaxation matrix dimension = 960
      setting global matrices ... done, cpu time[sec] = 0.017315, elapsed time[sec] = 0
      diagonalizing global relaxation matrix ... done, cpu time[sec] = 14.9524, elapsed time[sec] = 1
      microscopic rate coefficients (at reference energy) over collision frequency:
            W1<->W3
            4.68674
             W1->R1       W3->R1       W1->P1
          0.0074354     0.109043      17.1347
      eigenvector populations normalized:
          L        *R        *P        W1        W3
          0  1.19e-06  1.34e-07         1         0
          1  0.000465  1.17e-07    -0.366         1
      *R - eigenvalue over the relaxation limit
      *P - eigenvector projection squared on the relaxation subspace (= 1 -F_ne)
      eigenvector projections:
          L        *Q        *P        W1        W3
          0  2.28e-07  1.34e-07         1   1.4e-05
          1  8.89e-05  1.17e-07  -1.4e-05         1
         *Z       ---       ---  2.33e+29  8.88e+24
      *Q - eigenvalue over the collision frequency in first well
      *P - eigenvector projection squared on the relaxation subspace (= 1 - F_ne)
      *Z - well partition function square root
      isomers-to-bimolecular equilibrium coefficients (kappa matrix):
        W\P       R1       P1
         W1        0        0
         W3        0        0
      projection error = 2.5096e-07
      Wa->Wb/Wb->Wa rate constants ratios:
      Wb\Wa        W1        W3
         W1         1         1
         W3         1         1
      W->P/P->W rate constants ratios:
        P\W        W1        W3
         R1         1         1
         P1         1         1
      hot energies # = 0
      prompt isomerization/dissociation:
        W\W,P           W1           W3  Total Diss.           R1           P1
           W1            1  7.59081e-56 -7.59081e-56  6.25009e-83  5.10825e-50
           W3  9.32851e-46            1            0  6.17234e-74 -9.32047e-46

   MasterEquation::direct_diagonalization_method:  done, cpu time[sec] = 19.7867, elapsed time[sec] = 1
   MasterEquation::direct_diagonalization_method:  starts
      Pressure = 46.41 atm	 Temperature = 200 K
            Well    Collision, 1/sec
              W1           8.299e+11
              W3           8.299e+11
      global relaxation matrix dimension = 960
      setting global matrices ... done, cpu time[sec] = 0.017303, elapsed time[sec] = 0
      diagonalizing global relaxation matrix ... done, cpu time[sec] = 14.1124, elapsed time[sec] = 1
      microscopic rate coefficients (at reference energy) over collision frequency:
            W1<->W3
            2.17523
             W1->R1       W3->R1       W1->P1
         0.00345095    0.0506097      7.95264
      eigenvector populations normalized:
          L        *R        *P        W1        W3
          0  6.05e-07  4.12e-08         1         0
          1  0.000219  2.57e-08    -0.568         1
      *R - eigenvalue over the relaxation limit
      *P - eigenvector projection squared on the relaxation subspace (= 1 -F_ne)
      eigenvector projections:
          L        *Q        *P        W1        W3
          0  1.14e-07  4.12e-08         1  2.17e-05
          1  4.13e-05  2.57e-08  2.17e-05        -1
         *Z       ---       ---  2.33e+29  8.88e+24
      *Q - eigenvalue over the collision frequency in first well
      *P - eigenvector projection squared on the relaxation subspace (= 1 - F_ne)
      *Z - well partition function square root
      isomers-to-bimolecular equilibrium coefficients (kappa matrix):
        W\P       R1       P1
         W1        0        0
         W3        0        0
      projection error = 6.69066e-08
      Wa->Wb/Wb->Wa rate constants ratios:
      Wb\Wa        W1        W3
         W1         1         1
         W3         1         1
      W->P/P->W rate constants ratios:
        P\W        W1        W3
         R1         1         1
         P1         1         1
      hot energies # = 0
      prompt isomerization/dissociation:
        W\W,P           W1           W3  Total Diss.           R1           P1
           W1            1  3.30671e-56 -3.30671e-56 -2.47593e-81  1.57627e-50
           W3  4.06369e-46            1            0  6.35198e-74 -4.06193e-46

   MasterEquation::direct_diagonalization_method:  done, cpu time[sec] = 19.0168, elapsed time[sec] = 1
   MasterEquation::direct_diagonalization_method:  starts
      Pressure = 100 atm	 Temperature = 200 K
            Well    Collision, 1/sec
              W1         1.78819e+12
              W3         1.78819e+12
      global relaxation matrix dimension = 960
      setting global matrices ... done, cpu time[sec] = 0.017328, elapsed time[sec] = 0
      diagonalizing global relaxation matrix ... done, cpu time[sec] = 14.3463, elapsed time[sec] = 1
      microscopic rate coefficients (at reference energy) over collision frequency:
            W1<->W3
            1.00952
             W1->R1       W3->R1       W1->P1
         0.00160158     0.023488      3.69082
      eigenvector populations normalized:
          L        *R        *P        W1        W3
          0  2.97e-07  1.13e-08         1         0
          1  0.000103  5.62e-09    -0.741         1
      *R - eigenvalue over the relaxation limit
      *P - eigenvector projection squared on the relaxation subspace (= 1 -F_ne)
      eigenvector projections:
          L        *Q        *P        W1        W3
          0  5.52e-08  1.13e-08         1  2.83e-05
          1  1.92e-05  5.62e-09 -2.83e-05         1
         *Z       ---       ---  2.33e+29  8.88e+24
      *Q - eigenvalue over the collision frequency in first well
      *P - eigenvector projection squared on the relaxation subspace (= 1 - F_ne)
      *Z - well partition function square root
      isomers-to-bimolecular equilibrium coefficients (kappa matrix):
        W\P       R1       P1
         W1        0        0
         W3        0        0
      projection error = 1.69151e-08
      Wa->Wb/Wb->Wa rate constants ratios:
      Wb\Wa        W1        W3
         W1         1         1
         W3         1         1
      W->P/P->W rate constants ratios:
        P\W        W1        W3
         R1         1         1
         P1         1         1
      hot energies # = 0
      prompt isomerization/dissociation:
        W\W,P           W1           W3  Total Diss.           R1           P1
           W1            1  1.14538e-56 -1.14538e-56  2.35331e-81  4.32133e-51
           W3  1.40759e-46            1            0  6.79211e-74  -1.4072e-46

   MasterEquation::direct_diagonalization_method:  done, cpu time[sec] = 17.9217, elapsed time[sec] = 1
   MasterEquation::set:  starts
      Temperature      = 210 K
      Energy reference = 2919 1/cm
      Energy step      = 29 1/cm
      setting wells, barriers, and bimolecular starts
         W1 Well: average energy = -76.8 kcal/mol
         W1 Well: density of states done, elapsed time[sec] = 0.000121
         W1 Well: collisional kernel bandwidth = 115
         W1 Well: collisional energy transfer kernel done, elapsed time[sec] = 0.016147
         W1 Well: relaxation modes basis done, elapsed time[sec] = 0.007431
         W1 Well: kernel in relaxation modes basis done, elapsed time[sec] = 2.3103
         W1 Well: relaxation eigenvalues done, elapsed time[sec] = 1.43138
         W1 Well: minimal relaxation eigenvalue = 0.178165
         W1 Well: maximal relaxation eigenvalue = 1.08635
         W1 Well:       grid size = 512
         W1 Well:      real depth = -27144 1/cm
         W1 Well: effective depth = -11929 1/cm
         W3 Well: average energy = -68.1 kcal/mol
         W3 Well: density of states done, elapsed time[sec] = 0.00283
         W3 Well: collisional kernel bandwidth = 115
         W3 Well: collisional energy transfer kernel done, elapsed time[sec] = 0.464819
         W3 Well: relaxation modes basis done, elapsed time[sec] = 0.305645
         W3 Well: kernel in relaxation modes basis done, elapsed time[sec] = 0.175532
         W3 Well: relaxation eigenvalues done, elapsed time[sec] = 1.78131
         W3 Well: minimal relaxation eigenvalue = 0.177985
         W3 Well: maximal relaxation eigenvalue = 1.08654
         W3 Well:       grid size = 429
         W3 Well:      real depth = -24073 1/cm
         W3 Well: effective depth = -9522 1/cm
         B1 Barrier:        grid size = 938
         B1 Barrier:      real height = -24280 1/cm
         B1 Barrier: effective height = -24283 1/cm
         B2 Barrier:        grid size = 101
         B2 Barrier:      real height = 0 1/cm
         B2 Barrier: effective height = -10 1/cm
         B3 Barrier:        grid size = 101
         B3 Barrier:      real height = 0 1/cm
         B3 Barrier: effective height = -10 1/cm
         B4 Barrier:        grid size = 462
         B4 Barrier:      real height = -10450 1/cm
         B4 Barrier: effective height = -10479 1/cm
      setting wells, barriers, and bimolecular done, cpu time[sec] = 6.96781, elapsed time[sec] = 0
      B1 barrier top is lower than the bottom of one of the wells it connects => truncating
      MasterEquation::Barrier::truncate: grid size = 429
      MasterEquation::Barrier::truncate: real weight = 1.72299e+54
      MasterEquation::Barrier::truncate: effective weight = 5.84515e+35
      Bound Species (D1/D2 - density of states at dissociation energy (DE)/reference energy):
       Name  Depth     DE      *D1      *D2
              1/cm   1/cm       cm       cm
         W1 -11929 -10479 1.45e+07 3.47e+08
         W3  -9522  -9522 4.44e+05 1.16e+07
      Well-to-Well Barriers (N - number of states at the reference energy):
       Name Height       *N
              1/cm         
         B1  -9522 7.24e+08
      Well-to-Bimolecular Barriers (N - number of states at the reference energy):
       Name Height       *N
              1/cm         
         B2    -10 3.85e+07
         B3    -10 1.86e+07
         B4 -10479 7.76e+10
      Effective equilibrium constants(bimolecular units - cm^3):
        Q/Q        W1        W3        R1        P1
         W1         1  2.99e+08  1.02e+21  2.18e-12
         W3  3.35e-09         1  3.43e+12  7.29e-21
         R1  9.77e-22  2.92e-13         1  2.12e-33
         P1   4.6e+11  1.37e+20  4.71e+32         1
      Real equilibrium constants(bimolecular units - cm^3):
        Q/Q        W1        W3        R1        P1
         W1         1  4.38e+09  1.29e+57  2.73e+24
         W3  2.28e-10         1  2.94e+47  6.24e+14
         R1  7.77e-58   3.4e-48         1  2.12e-33
         P1  3.66e-25   1.6e-15  4.71e+32         1
   MasterEquation::set:  done, cpu time[sec] = 7.03591, elapsed time[sec] = 0
   MasterEquation::direct_diagonalization_method:  starts
      Pressure = 0.1 atm	 Temperature = 210 K
            Well    Collision, 1/sec
              W1         1.70043e+09
              W3         1.70043e+09
      global relaxation matrix dimension = 941
      setting global matrices ... done, cpu time[sec] = 1.10607, elapsed time[sec] = 0
      diagonalizing global relaxation matrix ...