Wells (G - ground energy, D - dissociation limit, kcal/mol):
      Name        G        D
        W1    -77.6    -29.9
        W3    -68.8    -23.0

Bimolecular Products (G - ground energy, kcal/mol):
      Name        G
        R1      0.0
        P1    -29.9

Well-to-Bimolecular Barriers (H/G - barrier height/well depth, kcal/mol)
      Name        H     Well        G  Product
        B2      0.0       W1    -77.6       R1
        B3      0.0       W3    -68.8       R1
        B4    -29.9       W1    -77.6       P1

Well-to-Well Barriers (H/G - barrier height/well depth, kcal/mol):
      Name        H     Well       G1     Well       G2
        B1    -23.0       W1    -77.6       W3    -68.8

________________________________________________________________________________________

Unimolecular Rate Units: 1/sec;  Bimolecular Rate Units: cm^3/sec

______________________________________________________________________________________

Species-Species Rate Tables:

Temperature = 200 K

High Pressure Rate Coefficients:

From\To            W1           W3           R1           P1
W1                ***  7.09478e-28  2.50355e-72  3.95278e-38
W3        8.71894e-18          ***  5.33421e-62          ***
R1        3.71197e-11  6.43566e-11          ***          ***
P1        3.64239e-11          ***          ***          ***

Temperature = 200 K    Pressure = 0.1 atm

From\To            W1           W3           R1           P1
W1        4.36085e-39  3.78011e-48 -1.98397e-69  4.36085e-39
W3       -3.30691e-38  2.27086e-34  1.70652e-66  2.27119e-34
R1       -2.94155e-08  2.05454e-15  1.01415e-10  1.01416e-10
P1        4.01835e-12   1.6994e-17   6.3029e-45  4.01837e-12

Temperature = 200 K    Pressure = 0.2154 atm

From\To            W1           W3           R1           P1
W1        6.94222e-39  1.18439e-47    2.384e-69  6.94223e-39
W3        6.32492e-38  2.30537e-34  4.17267e-66  2.30474e-34
R1        3.53468e-08   5.0311e-15  1.01415e-10  1.01415e-10
P1        6.39702e-12  1.72705e-17  6.30284e-45  6.39703e-12

Temperature = 200 K    Pressure = 0.4641 atm

From\To            W1           W3           R1           P1
W1        1.04808e-38  3.98618e-47 -2.23171e-69  1.04808e-38
W3        4.04711e-37  2.32617e-34  -2.0865e-66  2.32212e-34
R1        -3.3089e-08 -2.51693e-15  1.01415e-10  1.01416e-10
P1        9.65775e-12  1.74088e-17  6.30294e-45  9.65777e-12

Temperature = 200 K    Pressure = 1 atm

From\To            W1           W3           R1           P1
W1        1.49311e-38  1.40068e-46 -1.45335e-69  1.49311e-38
W3        1.63367e-36  2.33776e-34  1.79386e-67  2.32142e-34
R1       -2.15484e-08  2.16406e-16  1.01415e-10  1.01416e-10
P1        1.37585e-11  1.74058e-17  6.30291e-45  1.37586e-11

Temperature = 200 K    Pressure = 2.154 atm

From\To            W1           W3           R1           P1
W1              2e-38  4.80674e-46  4.96212e-72        2e-38
W3        5.82011e-36  2.34382e-34  1.08795e-67  2.28562e-34
R1        7.35723e-11  1.31259e-16  1.01416e-10  1.01415e-10
P1        1.84295e-11   1.7138e-17  6.30289e-45  1.84295e-11

Temperature = 200 K    Pressure = 4.641 atm

From\To            W1           W3           R1           P1
W1        2.51714e-38  1.46265e-45  9.18616e-70  2.51714e-38
W3        1.78975e-35  2.34686e-34  1.70411e-69  2.16788e-34
R1        1.36201e-08  2.06255e-18  1.01416e-10  1.01416e-10
P1        2.31948e-11  1.62553e-17  6.30295e-45  2.31948e-11

Temperature = 200 K    Pressure = 10 atm

From\To            W1           W3           R1           P1
W1        2.98414e-38  3.61157e-45 -1.54647e-70  2.98414e-38
W3        4.43269e-35  2.34832e-34  2.87177e-70  1.90505e-34
R1       -2.29293e-09   3.4567e-19  1.01418e-10  1.01418e-10
P1        2.74981e-11  1.42846e-17  6.30307e-45  2.74981e-11

Temperature = 200 K    Pressure = 21.54 atm

From\To            W1           W3           R1           P1
W1        3.35482e-38  6.98659e-45 -1.09201e-69  3.35482e-38
W3        8.58278e-35  2.34902e-34 -8.53167e-65  1.49074e-34
R1        -1.6191e-08 -1.02934e-13  1.01421e-10  1.01422e-10
P1        3.09139e-11   1.1178e-17   6.3033e-45  3.09139e-11

Temperature = 200 K    Pressure = 46.41 atm

From\To            W1           W3           R1           P1
W1        3.61368e-38  1.08267e-44 -2.18677e-69  3.61368e-38
W3        1.33038e-34  2.34935e-34  1.95075e-63  1.01897e-34
R1       -3.24228e-08  2.35356e-12  1.01426e-10  1.01426e-10
P1        3.32992e-11  7.64049e-18  6.30354e-45  3.32992e-11

Temperature = 200 K    Pressure = 100 atm

From\To            W1           W3           R1           P1
W1        3.77386e-38  1.41331e-44  4.55133e-69  3.77386e-38
W3         1.7368e-34  2.34951e-34  6.63898e-64  6.12703e-35
R1        6.74817e-08  8.00986e-13  1.01434e-10  1.01304e-10
P1        3.47752e-11  4.59419e-18  6.29595e-45  3.47752e-11

Temperature = 210 K

High Pressure Rate Coefficients:

From\To            W1           W3           R1           P1
W1                ***  4.15418e-27  3.05275e-68  1.31824e-35
W3        1.81808e-17          ***  2.18488e-58          ***
R1        3.92666e-11  6.42141e-11          ***          ***
P1        3.60283e-11          ***          ***          ***

Temperature = 210 K    Pressure = 0.1 atm

From\To            W1           W3           R1           P1
W1        1.28323e-36  3.29933e-45   8.0706e-66  1.28323e-36
W3       -6.11911e-37  4.39847e-32 -1.47394e-63  4.39853e-32
R1        1.03808e-08 -4.32274e-16  1.03407e-10  1.03407e-10
P1        3.50708e-12  2.74104e-17  2.19717e-43  3.50711e-12

Temperature = 210 K    Pressure = 0.2154 atm

From\To            W1           W3           R1           P1
W1        2.06935e-36  1.00438e-44  1.28244e-66  2.06935e-36
W3        2.83316e-35  4.47146e-32  -3.7245e-63  4.46862e-32
R1        1.64954e-09 -1.09394e-15  1.03407e-10  1.03407e-10
P1        5.65556e-12  2.78879e-17  2.19718e-43  5.65559e-12

Temperature = 210 K    Pressure = 0.4641 atm

From\To            W1           W3           R1           P1
W1        3.16893e-36  3.24853e-44 -4.38605e-66  3.16893e-36
W3        1.25988e-34  4.51613e-32  5.10799e-64  4.50353e-32
R1        -5.6416e-09  1.50092e-16  1.03407e-10  1.03407e-10
P1        8.66078e-12  2.81187e-17  2.19718e-43  8.66081e-12

Temperature = 210 K    Pressure = 1 atm

From\To            W1           W3           R1           P1
W1        4.58411e-36  1.08155e-43  1.51321e-66  4.58411e-36
W3        4.56775e-34  4.54142e-32 -1.90624e-64  4.49574e-32
R1        1.94639e-09 -5.60201e-17  1.03407e-10  1.03407e-10
P1        1.25286e-11  2.80738e-17  2.19718e-43  1.25286e-11

Temperature = 210 K    Pressure = 2.154 atm

From\To            W1           W3           R1           P1
W1        6.23863e-36  3.46526e-43 -3.24364e-66  6.23863e-36
W3        1.50045e-33  4.55483e-32 -1.72035e-64  4.40478e-32
R1       -4.17219e-09 -5.05661e-17  1.03407e-10  1.03408e-10
P1        1.70505e-11  2.75068e-17  2.19719e-43  1.70505e-11

Temperature = 210 K    Pressure = 4.641 atm

From\To            W1           W3           R1           P1
W1        7.97598e-36  9.76217e-43 -2.25738e-66  7.97598e-36
W3        4.25856e-33   4.5616e-32 -1.10931e-66  4.13575e-32
R1       -2.90359e-09 -3.28994e-19  1.03408e-10  1.03408e-10
P1        2.17987e-11  2.58269e-17   2.1972e-43  2.17988e-11

Temperature = 210 K    Pressure = 10 atm

From\To            W1           W3           R1           P1
W1        9.59423e-36  2.24244e-42  2.06536e-67  9.59423e-36
W3        9.80436e-33  4.56491e-32   5.6672e-67  3.58447e-32
R1        2.65661e-10   1.6675e-19  1.03409e-10  1.03409e-10
P1        2.62215e-11  2.23844e-17  2.19723e-43  2.62216e-11

Temperature = 210 K    Pressure = 21.54 atm

From\To            W1           W3           R1           P1
W1        1.09203e-35  4.10311e-42 -9.13358e-67  1.09203e-35
W3         1.7952e-32  4.56648e-32 -1.85408e-61  2.77128e-32
R1       -1.17483e-09  -5.4492e-14  1.03412e-10  1.03412e-10
P1        2.98457e-11  1.73062e-17  2.19729e-43  2.98457e-11

Temperature = 210 K    Pressure = 46.41 atm

From\To            W1           W3           R1           P1
W1        1.18752e-35  6.13432e-42  1.37755e-65  1.18752e-35
W3        2.68447e-32