Wells (G - ground energy, D - dissociation limit, kcal/mol):
      Name        G        D
        W1    -14.6      4.0

Bimolecular Products (G - ground energy, kcal/mol):
      Name        G
        P0      0.0

Well-to-Bimolecular Barriers (H/G - barrier height/well depth, kcal/mol)
      Name        H     Well        G  Product
        B1      4.0       W1    -14.6       P0

________________________________________________________________________________________

Unimolecular Rate Units: 1/sec;  Bimolecular Rate Units: cm^3/sec

______________________________________________________________________________________

Species-Species Rate Tables:

Temperature = 1500 K

High Pressure Rate Coefficients:

From\To            W1           P0
W1                ***  2.22945e+11
P0         7.5869e-11          ***

Temperature = 1500 K    Pressure = 1 atm

From\To            W1           P0           W1
W1        1.26087e+07  2.61892e+06  9.98974e+06
P0        7.94039e-16  1.15173e-15  3.57687e-16

______________________________________________________________________________________

High Pressure Rate Coefficients (Temperature-Species Rate Tables):

   T(K)       W1->W1       W1->P0
   1500          ***  2.22945e+11

   T(K)       P0->W1       P0->P0
   1500   7.5869e-11          ***

Capture/Escape Rate Coefficients:

   T(K)           W1           P0
   1500  2.22945e+11   7.5869e-11

______________________________________________________________________________________

Pressure-Species Rate Tables:

   Temperature = 1500 K

   P(atm)       W1->P0         W1->           W1
        1  2.61892e+06  1.26087e+07  9.98974e+06
    O-O  2.22945e+11  2.22945e+11

   Temperature = 1500 K

   P(atm)       P0->W1         P0->           W1
        1  7.94039e-16  1.15173e-15  3.57687e-16
    O-O   7.5869e-11   7.5869e-11

______________________________________________________________________________________

Temperature-Species Rate Tables:

   Pressure = 1 atm

   T(K)       W1->P0         W1->      Capture           W1
   1500  2.61892e+06  1.26087e+07  2.22945e+11  9.98974e+06

   Pressure = 1 atm

   T(K)       P0->W1         P0->      Capture           W1
   1500  7.94039e-16  1.15173e-15   7.5869e-11  3.57687e-16

______________________________________________________________________________________

Temperature-Pressure Rate Tables:

W1->P0

P\T             1500
1        2.61892e+06
O-O      2.22945e+11

P0->W1

P\T             1500
1        7.94039e-16
O-O       7.5869e-11

W1-> 

P\T             1500
1        1.26087e+07
O-O      2.22945e+11

P0-> 

P\T             1500
1        1.15173e-15
O-O       7.5869e-11

