Model::init:  starts
   Model::ExponentialKernel::ExponentialKernel:  ... done
   Model::LennardJonesCollision::LennardJonesCollision:  ... done
   WELL: W0
   Model::RRHO::RRHO:  starts
      Model::new_core:  starts
         Model::RigidRotor::RigidRotor:  starts
            molecular geometry will be used to estimate rotational constants
            rotational configuration: nonlinear
            rotational constants[1/cm]:         23.7897       0.601083        0.58627
         Model::RigidRotor::RigidRotor:  done, cpu time[sec] = 0.003364, elapsed time[sec] = 0
      Model::new_core:  done, cpu time[sec] = 0.004081, elapsed time[sec] = 0
      ground state energy, kcal/mol:   0.15
      interpolating states number/density starts
         core state contribution ... done, cpu time[sec] = 0.182307, elapsed time[sec] = 0
         electronic states contribution ... done, cpu time[sec] = 0.002496, elapsed time[sec] = 0
         vibrational modes contribution ... done, cpu time[sec] = 0.015716, elapsed time[sec] = 0
         effective power exponent at 399.849 kcal/mol = 6.36045
      interpolating states number/density done, cpu time[sec] = 1.28822, elapsed time[sec] = 0
   Model::RRHO::RRHO:  done, cpu time[sec] = 1.29569, elapsed time[sec] = 0
   WELL: W1
   Model::RRHO::RRHO:  starts
      Model::new_core:  starts
         Model::RigidRotor::RigidRotor:  starts
            molecular geometry will be used to estimate rotational constants
            rotational configuration: nonlinear
            rotational constants[1/cm]:         2.27757        1.07738         0.7314
         Model::RigidRotor::RigidRotor:  done, cpu time[sec] = 0.001201, elapsed time[sec] = 0
      Model::new_core:  done, cpu time[sec] = 0.00177, elapsed time[sec] = 0
      ground state energy, kcal/mol:   0.19
      interpolating states number/density starts
         core state contribution ... done, cpu time[sec] = 0.108431, elapsed time[sec] = 0
         electronic states contribution ... done, cpu time[sec] = 0.002877, elapsed time[sec] = 0
         vibrational modes contribution ... done, cpu time[sec] = 0.016995, elapsed time[sec] = 0
         effective power exponent at 399.809 kcal/mol = 6.35945
      interpolating states number/density done, cpu time[sec] = 1.10346, elapsed time[sec] = 0
   Model::RRHO::RRHO:  done, cpu time[sec] = 1.10811, elapsed time[sec] = 0
   WELL: W2
   Model::RRHO::RRHO:  starts
      Model::new_core:  starts
         Model::RigidRotor::RigidRotor:  starts
            molecular geometry will be used to estimate rotational constants
            rotational configuration: nonlinear
            rotational constants[1/cm]:         23.7897       0.601083        0.58627
         Model::RigidRotor::RigidRotor:  done, cpu time[sec] = 0.001029, elapsed time[sec] = 0
      Model::new_core:  done, cpu time[sec] = 0.00159, elapsed time[sec] = 0
      ground state energy, kcal/mol:   0.15
      interpolating states number/density starts
         core state contribution ... done, cpu time[sec] = 0.097037, elapsed time[sec] = 0
         electronic states contribution ... done, cpu time[sec] = 0.003329, elapsed time[sec] = 0
         vibrational modes contribution ... done, cpu time[sec] = 0.01778, elapsed time[sec] = 0
         effective power exponent at 399.849 kcal/mol = 6.36045
      interpolating states number/density done, cpu time[sec] = 1.03498, elapsed time[sec] = 0
   Model::RRHO::RRHO:  done, cpu time[sec] = 1.03919, elapsed time[sec] = 0
   WELL: W3
   Model::RRHO::RRHO:  starts
      Model::new_core:  starts
         Model::RigidRotor::RigidRotor:  starts
            molecular geometry will be used to estimate rotational constants
            rotational configuration: nonlinear
            rotational constants[1/cm]:         1.78953        1.33461       0.764474
         Model::RigidRotor::RigidRotor:  done, cpu time[sec] = 0.001, elapsed time[sec] = 0
      Model::new_core:  done, cpu time[sec] = 0.001564, elapsed time[sec] = 0
      ground state energy, kcal/mol:   0.21
      interpolating states number/density starts
         core state contribution ... done, cpu time[sec] = 0.095395, elapsed time[sec] = 0
         electronic states contribution ... done, cpu time[sec] = 0.002771, elapsed time[sec] = 0
         vibrational modes contribution ... done, cpu time[sec] = 0.017378, elapsed time[sec] = 0
         effective power exponent at 399.789 kcal/mol = 6.35813
      interpolating states number/density done, cpu time[sec] = 1.0306, elapsed time[sec] = 0
   Model::RRHO::RRHO:  done, cpu time[sec] = 1.03468, elapsed time[sec] = 0
   WELL: W4
   Model::RRHO::RRHO:  starts
      Model::new_core:  starts
         Model::RigidRotor::RigidRotor:  starts
            molecular geometry will be used to estimate rotational constants
            rotational configuration: nonlinear
            rotational constants[1/cm]:         9.52595        1.29538        1.14032
         Model::RigidRotor::RigidRotor:  done, cpu time[sec] = 0.000975, elapsed time[sec] = 0
      Model::new_core:  done, cpu time[sec] = 0.00155, elapsed time[sec] = 0
      ground state energy, kcal/mol:   -86.72
      interpolating states number/density starts
         core state contribution ... done, cpu time[sec] = 0.059106, elapsed time[sec] = 0
         vibrational modes contribution ... done, cpu time[sec] = 0.004137, elapsed time[sec] = 0
         effective power exponent at 486.717 kcal/mol = 6.27499
      interpolating states number/density done, cpu time[sec] = 0.147213, elapsed time[sec] = 0
   Model::RRHO::RRHO:  done, cpu time[sec] = 0.150568, elapsed time[sec] = 0
   WELL: W5t
   Model::RRHO::RRHO:  starts
      Model::new_core:  starts
         Model::RigidRotor::RigidRotor:  starts
            molecular geometry will be used to estimate rotational constants
            rotational configuration: nonlinear
            rotational constants[1/cm]:         9.65604        1.21662        1.08048
         Model::RigidRotor::RigidRotor:  done, cpu time[sec] = 1.5e-05, elapsed time[sec] = 0
      Model::new_core:  done, cpu time[sec] = 2.1e-05, elapsed time[sec] = 0
      ground state energy, kcal/mol:   -34.55
      interpolating states number/density starts
         core state contribution ... done, cpu time[sec] = 0.001037, elapsed time[sec] = 0
         vibrational modes contribution ... done, cpu time[sec] = 0.000193, elapsed time[sec] = 0
         effective power exponent at 434.55 kcal/mol = 6.24835
      interpolating states number/density done, cpu time[sec] = 0.012651, elapsed time[sec] = 0
   Model::RRHO::RRHO:  done, cpu time[sec] = 0.012706, elapsed time[sec] = 0
Model::init:  done, cpu time[sec] = 4.65991, elapsed time[sec] = 0
