Model::init:  starts
   Model::ExponentialKernel::ExponentialKernel:  ... done
   Model::LennardJonesCollision::LennardJonesCollision:  ... done
   WELL: W0
   Model::RRHO::RRHO:  starts
      Model::new_core:  starts
         Model::RigidRotor::RigidRotor:  starts
            molecular geometry will be used to estimate rotational constants
            rotational configuration: nonlinear
            rotational constants[1/cm]:         23.7897       0.601083        0.58627
         Model::RigidRotor::RigidRotor:  done, cpu time[sec] = 0.001835, elapsed time[sec] = 0
      Model::new_core:  done, cpu time[sec] = 0.002204, elapsed time[sec] = 0
      ground state energy, kcal/mol:   0.15
      interpolating states number/density starts
         core state contribution ... done, cpu time[sec] = 0.056428, elapsed time[sec] = 0
         electronic states contribution ... done, cpu time[sec] = 0.001456, elapsed time[sec] = 0
         vibrational modes contribution ... done, cpu time[sec] = 0.00874, elapsed time[sec] = 0
         effective power exponent at 399.849 kcal/mol = 6.36045
      interpolating states number/density done, cpu time[sec] = 0.988143, elapsed time[sec] = 0
   Model::RRHO::RRHO:  done, cpu time[sec] = 0.992579, elapsed time[sec] = 0
   WELL: W1
   Model::RRHO::RRHO:  starts
      Model::new_core:  starts
         Model::RigidRotor::RigidRotor:  starts
            molecular geometry will be used to estimate rotational constants
            rotational configuration: nonlinear
            rotational constants[1/cm]:         2.27757        1.07738         0.7314
         Model::RigidRotor::RigidRotor:  done, cpu time[sec] = 0.001184, elapsed time[sec] = 0
      Model::new_core:  done, cpu time[sec] = 0.001755, elapsed time[sec] = 0
      ground state energy, kcal/mol:   0.19
      interpolating states number/density starts
         core state contribution ... done, cpu time[sec] = 0.098415, elapsed time[sec] = 0
         electronic states contribution ... done, cpu time[sec] = 0.002628, elapsed time[sec] = 0
         vibrational modes contribution ... done, cpu time[sec] = 0.016345, elapsed time[sec] = 0
         effective power exponent at 399.809 kcal/mol = 6.35945
      interpolating states number/density done, cpu time[sec] = 1.04851, elapsed time[sec] = 0
   Model::RRHO::RRHO:  done, cpu time[sec] = 1.05296, elapsed time[sec] = 0
   WELL: W2
   Model::RRHO::RRHO:  starts
      Model::new_core:  starts
         Model::RigidRotor::RigidRotor:  starts
            molecular geometry will be used to estimate rotational constants
            rotational configuration: nonlinear
            rotational constants[1/cm]:         23.7897       0.601083        0.58627
         Model::RigidRotor::RigidRotor:  done, cpu time[sec] = 0.001036, elapsed time[sec] = 0
      Model::new_core:  done, cpu time[sec] = 0.001613, elapsed time[sec] = 0
      ground state energy, kcal/mol:   0.15
      interpolating states number/density starts
         core state contribution ... done, cpu time[sec] = 0.089801, elapsed time[sec] = 0
         electronic states contribution ... done, cpu time[sec] = 0.002729, elapsed time[sec] = 0
         vibrational modes contribution ... done, cpu time[sec] = 0.016332, elapsed time[sec] = 0
         effective power exponent at 399.849 kcal/mol = 6.36045
      interpolating states number/density done, cpu time[sec] = 0.982515, elapsed time[sec] = 0
   Model::RRHO::RRHO:  done, cpu time[sec] = 0.986794, elapsed time[sec] = 0
   WELL: W3
   Model::RRHO::RRHO:  starts
      Model::new_core:  starts
         Model::RigidRotor::RigidRotor:  starts
            molecular geometry will be used to estimate rotational constants
            rotational configuration: nonlinear
            rotational constants[1/cm]:         1.78953        1.33461       0.764474
         Model::RigidRotor::RigidRotor:  done, cpu time[sec] = 0.000965, elapsed time[sec] = 0
      Model::new_core:  done, cpu time[sec] = 0.001534, elapsed time[sec] = 0
      ground state energy, kcal/mol:   0.21
      interpolating states number/density starts
         core state contribution ... done, cpu time[sec] = 0.087711, elapsed time[sec] = 0
         electronic states contribution ... done, cpu time[sec] = 0.003573, elapsed time[sec] = 0
         vibrational modes contribution ... done, cpu time[sec] = 0.016155, elapsed time[sec] = 0
         effective power exponent at 399.789 kcal/mol = 6.35813
      interpolating states number/density done, cpu time[sec] = 0.972465, elapsed time[sec] = 0
   Model::RRHO::RRHO:  done, cpu time[sec] = 0.976488, elapsed time[sec] = 0
   WELL: W4
   Model::RRHO::RRHO:  starts
      Model::new_core:  starts
         Model::RigidRotor::RigidRotor:  starts
            molecular geometry will be used to estimate rotational constants
            rotational configuration: nonlinear
            rotational constants[1/cm]:         9.52595        1.29538        1.14032
         Model::RigidRotor::RigidRotor:  done, cpu time[sec] = 0.000991, elapsed time[sec] = 0
      Model::new_core:  done, cpu time[sec] = 0.001557, elapsed time[sec] = 0
      ground state energy, kcal/mol:   -86.72
      interpolating states number/density starts
         core state contribution ... done, cpu time[sec] = 0.11483, elapsed time[sec] = 0
         vibrational modes contribution ... done, cpu time[sec] = 0.019978, elapsed time[sec] = 0
         effective power exponent at 486.717 kcal/mol = 6.27499
      interpolating states number/density done, cpu time[sec] = 0.705896, elapsed time[sec] = 0
   Model::RRHO::RRHO:  done, cpu time[sec] = 0.709192, elapsed time[sec] = 0
   WELL: W5t
   Model::RRHO::RRHO:  starts
      Model::new_core:  starts
         Model::RigidRotor::RigidRotor:  starts
            molecular geometry will be used to estimate rotational constants
            rotational configuration: nonlinear
            rotational constants[1/cm]:         9.65604        1.21662        1.08048
         Model::RigidRotor::RigidRotor:  done, cpu time[sec] = 1.6e-05, elapsed time[sec] = 0
      Model::new_core:  done, cpu time[sec] = 2.2e-05, elapsed time[sec] = 0
      ground state energy, kcal/mol:   -34.55
      interpolating states number/density starts
         core state contribution ... done, cpu time[sec] = 0.001048, elapsed time[sec] = 0
         vibrational modes contribution ... done, cpu time[sec] = 0.000194, elapsed time[sec] = 0
         effective power exponent at 434.55 kcal/mol = 6.24835
      interpolating states number/density done, cpu time[sec] = 0.012423, elapsed time[sec] = 0
   Model::RRHO::RRHO:  done, cpu time[sec] = 0.012477, elapsed time[sec] = 0
Model::init:  done, cpu time[sec] = 4.74543, elapsed time[sec] = 0
