Model::init:  starts
   Model::ExponentialKernel::ExponentialKernel:  ... done
   Model::LennardJonesCollision::LennardJonesCollision:  ... done
   WELL: W0
   Model::RRHO::RRHO:  starts
      Model::new_core:  starts
         Model::RigidRotor::RigidRotor:  starts
            molecular geometry will be used to estimate rotational constants
            rotational configuration: nonlinear
            rotational constants[1/cm]:         23.7897       0.601083        0.58627
         Model::RigidRotor::RigidRotor:  done, cpu time[sec] = 0.00353, elapsed time[sec] = 0
      Model::new_core:  done, cpu time[sec] = 0.004221, elapsed time[sec] = 0
      ground state energy, kcal/mol:   0.15
      interpolating states number/density starts
         core state contribution ... done, cpu time[sec] = 0.093467, elapsed time[sec] = 0
         electronic states contribution ... done, cpu time[sec] = 0.001757, elapsed time[sec] = 0
         vibrational modes contribution ... done, cpu time[sec] = 0.010912, elapsed time[sec] = 0
         effective power exponent at 399.849 kcal/mol = 6.36045
      interpolating states number/density done, cpu time[sec] = 1.11391, elapsed time[sec] = 0
   Model::RRHO::RRHO:  done, cpu time[sec] = 1.12145, elapsed time[sec] = 0
   WELL: W1
   Model::RRHO::RRHO:  starts
      Model::new_core:  starts
         Model::RigidRotor::RigidRotor:  starts
            molecular geometry will be used to estimate rotational constants
            rotational configuration: nonlinear
            rotational constants[1/cm]:         2.27757        1.07738         0.7314
         Model::RigidRotor::RigidRotor:  done, cpu time[sec] = 0.001196, elapsed time[sec] = 0
      Model::new_core:  done, cpu time[sec] = 0.001779, elapsed time[sec] = 0
      ground state energy, kcal/mol:   0.19
      interpolating states number/density starts
         core state contribution ... done, cpu time[sec] = 0.109778, elapsed time[sec] = 0
         electronic states contribution ... done, cpu time[sec] = 0.003005, elapsed time[sec] = 0
         vibrational modes contribution ... done, cpu time[sec] = 0.01727, elapsed time[sec] = 0
         effective power exponent at 399.809 kcal/mol = 6.35945
      interpolating states number/density done, cpu time[sec] = 1.12418, elapsed time[sec] = 0
   Model::RRHO::RRHO:  done, cpu time[sec] = 1.12886, elapsed time[sec] = 0
   WELL: W2
   Model::RRHO::RRHO:  starts
      Model::new_core:  starts
         Model::RigidRotor::RigidRotor:  starts
            molecular geometry will be used to estimate rotational constants
            rotational configuration: nonlinear
            rotational constants[1/cm]:         23.7897       0.601083        0.58627
         Model::RigidRotor::RigidRotor:  done, cpu time[sec] = 0.001041, elapsed time[sec] = 0
      Model::new_core:  done, cpu time[sec] = 0.001628, elapsed time[sec] = 0
      ground state energy, kcal/mol:   0.15
      interpolating states number/density starts
         core state contribution ... done, cpu time[sec] = 0.096262, elapsed time[sec] = 0
         electronic states contribution ... done, cpu time[sec] = 0.002848, elapsed time[sec] = 0
         vibrational modes contribution ... done, cpu time[sec] = 0.017811, elapsed time[sec] = 0
         effective power exponent at 399.849 kcal/mol = 6.36045
      interpolating states number/density done, cpu time[sec] = 1.04015, elapsed time[sec] = 0
   Model::RRHO::RRHO:  done, cpu time[sec] = 1.04435, elapsed time[sec] = 0
   WELL: W3
   Model::RRHO::RRHO:  starts
      Model::new_core:  starts
         Model::RigidRotor::RigidRotor:  starts
            molecular geometry will be used to estimate rotational constants
            rotational configuration: nonlinear
            rotational constants[1/cm]:         1.78953        1.33461       0.764474
         Model::RigidRotor::RigidRotor:  done, cpu time[sec] = 0.001065, elapsed time[sec] = 0
      Model::new_core:  done, cpu time[sec] = 0.001655, elapsed time[sec] = 0
      ground state energy, kcal/mol:   0.21
      interpolating states number/density starts
         core state contribution ... done, cpu time[sec] = 0.096063, elapsed time[sec] = 0
         electronic states contribution ... done, cpu time[sec] = 0.003261, elapsed time[sec] = 0
         vibrational modes contribution ... done, cpu time[sec] = 0.017274, elapsed time[sec] = 0
         effective power exponent at 399.789 kcal/mol = 6.35813
      interpolating states number/density done, cpu time[sec] = 1.047, elapsed time[sec] = 0
   Model::RRHO::RRHO:  done, cpu time[sec] = 1.05132, elapsed time[sec] = 0
   WELL: W4
   Model::RRHO::RRHO:  starts
      Model::new_core:  starts
         Model::RigidRotor::RigidRotor:  starts
            molecular geometry will be used to estimate rotational constants
            rotational configuration: nonlinear
            rotational constants[1/cm]:         9.52595        1.29538        1.14032
         Model::RigidRotor::RigidRotor:  done, cpu time[sec] = 0.001032, elapsed time[sec] = 0
      Model::new_core:  done, cpu time[sec] = 0.001603, elapsed time[sec] = 0
      ground state energy, kcal/mol:   -86.72
      interpolating states number/density starts
         core state contribution ... done, cpu time[sec] = 0.127126, elapsed time[sec] = 0
         vibrational modes contribution ... done, cpu time[sec] = 0.021829, elapsed time[sec] = 0
         effective power exponent at 486.717 kcal/mol = 6.27499
      interpolating states number/density done, cpu time[sec] = 0.342522, elapsed time[sec] = 0
   Model::RRHO::RRHO:  done, cpu time[sec] = 0.345977, elapsed time[sec] = 0
   WELL: W5t
   Model::RRHO::RRHO:  starts
      Model::new_core:  starts
         Model::RigidRotor::RigidRotor:  starts
            molecular geometry will be used to estimate rotational constants
            rotational configuration: nonlinear
            rotational constants[1/cm]:         9.65604        1.21662        1.08048
         Model::RigidRotor::RigidRotor:  done, cpu time[sec] = 1.8e-05, elapsed time[sec] = 0
      Model::new_core:  done, cpu time[sec] = 2.4e-05, elapsed time[sec] = 0
      ground state energy, kcal/mol:   -34.55
      interpolating states number/density starts
         core state contribution ... done, cpu time[sec] = 0.001036, elapsed time[sec] = 0
         vibrational modes contribution ... done, cpu time[sec] = 0.000197, elapsed time[sec] = 0
         effective power exponent at 434.55 kcal/mol = 6.24835
      interpolating states number/density done, cpu time[sec] = 0.012556, elapsed time[sec] = 0
   Model::RRHO::RRHO:  done, cpu time[sec] = 0.012617, elapsed time[sec] = 0
Model::init:  done, cpu time[sec] = 4.72343, elapsed time[sec] = 0
