Model::init:  starts
   Model::ExponentialKernel::ExponentialKernel:  ... done
   Model::LennardJonesCollision::LennardJonesCollision:  ... done
   WELL: W0
   Model::RRHO::RRHO:  starts
      Model::new_core:  starts
         Model::RigidRotor::RigidRotor:  starts
            molecular geometry will be used to estimate rotational constants
            rotational configuration: nonlinear
            rotational constants[1/cm]:         23.7897       0.601083        0.58627
         Model::RigidRotor::RigidRotor:  done, cpu time[sec] = 0.003535, elapsed time[sec] = 0
      Model::new_core:  done, cpu time[sec] = 0.004247, elapsed time[sec] = 0
      ground state energy, kcal/mol:   0.15
      interpolating states number/density starts
         core state contribution ... done, cpu time[sec] = 0.107411, elapsed time[sec] = 0
         electronic states contribution ... done, cpu time[sec] = 0.001772, elapsed time[sec] = 0
         vibrational modes contribution ... done, cpu time[sec] = 0.010808, elapsed time[sec] = 0
         effective power exponent at 399.849 kcal/mol = 6.36045
      interpolating states number/density done, cpu time[sec] = 1.09973, elapsed time[sec] = 0
   Model::RRHO::RRHO:  done, cpu time[sec] = 1.10815, elapsed time[sec] = 0
   WELL: W1
   Model::RRHO::RRHO:  starts
      Model::new_core:  starts
         Model::RigidRotor::RigidRotor:  starts
            molecular geometry will be used to estimate rotational constants
            rotational configuration: nonlinear
            rotational constants[1/cm]:         2.27757        1.07738         0.7314
         Model::RigidRotor::RigidRotor:  done, cpu time[sec] = 0.001501, elapsed time[sec] = 0
      Model::new_core:  done, cpu time[sec] = 0.002078, elapsed time[sec] = 0
      ground state energy, kcal/mol:   0.19
      interpolating states number/density starts
         core state contribution ... done, cpu time[sec] = 0.113438, elapsed time[sec] = 0
         electronic states contribution ... done, cpu time[sec] = 0.002795, elapsed time[sec] = 0
         vibrational modes contribution ... done, cpu time[sec] = 0.016601, elapsed time[sec] = 0
         effective power exponent at 399.809 kcal/mol = 6.35945
      interpolating states number/density done, cpu time[sec] = 1.15161, elapsed time[sec] = 0
   Model::RRHO::RRHO:  done, cpu time[sec] = 1.15754, elapsed time[sec] = 0
   WELL: W2
   Model::RRHO::RRHO:  starts
      Model::new_core:  starts
         Model::RigidRotor::RigidRotor:  starts
            molecular geometry will be used to estimate rotational constants
            rotational configuration: nonlinear
            rotational constants[1/cm]:         23.7897       0.601083        0.58627
         Model::RigidRotor::RigidRotor:  done, cpu time[sec] = 0.001472, elapsed time[sec] = 0
      Model::new_core:  done, cpu time[sec] = 0.002089, elapsed time[sec] = 0
      ground state energy, kcal/mol:   0.15
      interpolating states number/density starts
         core state contribution ... done, cpu time[sec] = 0.095365, elapsed time[sec] = 0
         electronic states contribution ... done, cpu time[sec] = 0.003022, elapsed time[sec] = 0
         vibrational modes contribution ... done, cpu time[sec] = 0.016719, elapsed time[sec] = 0
         effective power exponent at 399.849 kcal/mol = 6.36045
      interpolating states number/density done, cpu time[sec] = 1.04125, elapsed time[sec] = 0
   Model::RRHO::RRHO:  done, cpu time[sec] = 1.04683, elapsed time[sec] = 0
   WELL: W3
   Model::RRHO::RRHO:  starts
      Model::new_core:  starts
         Model::RigidRotor::RigidRotor:  starts
            molecular geometry will be used to estimate rotational constants
            rotational configuration: nonlinear
            rotational constants[1/cm]:         1.78953        1.33461       0.764474
         Model::RigidRotor::RigidRotor:  done, cpu time[sec] = 0.001427, elapsed time[sec] = 0
      Model::new_core:  done, cpu time[sec] = 0.002007, elapsed time[sec] = 0
      ground state energy, kcal/mol:   0.21
      interpolating states number/density starts
         core state contribution ... done, cpu time[sec] = 0.096068, elapsed time[sec] = 0
         electronic states contribution ... done, cpu time[sec] = 0.002737, elapsed time[sec] = 0
         vibrational modes contribution ... done, cpu time[sec] = 0.017127, elapsed time[sec] = 0
         effective power exponent at 399.789 kcal/mol = 6.35813
      interpolating states number/density done, cpu time[sec] = 1.14024, elapsed time[sec] = 0
   Model::RRHO::RRHO:  done, cpu time[sec] = 1.14443, elapsed time[sec] = 0
   WELL: W4
   Model::RRHO::RRHO:  starts
      Model::new_core:  starts
         Model::RigidRotor::RigidRotor:  starts
            molecular geometry will be used to estimate rotational constants
            rotational configuration: nonlinear
            rotational constants[1/cm]:         9.52595        1.29538        1.14032
         Model::RigidRotor::RigidRotor:  done, cpu time[sec] = 0.000254, elapsed time[sec] = 0
      Model::new_core:  done, cpu time[sec] = 0.000351, elapsed time[sec] = 0
      ground state energy, kcal/mol:   -86.72
      interpolating states number/density starts
         core state contribution ... done, cpu time[sec] = 0.006291, elapsed time[sec] = 0
         vibrational modes contribution ... done, cpu time[sec] = 0.000985, elapsed time[sec] = 0
         effective power exponent at 486.717 kcal/mol = 6.27499
      interpolating states number/density done, cpu time[sec] = 0.029958, elapsed time[sec] = 0
   Model::RRHO::RRHO:  done, cpu time[sec] = 0.030659, elapsed time[sec] = 0
   WELL: W5t
   Model::RRHO::RRHO:  starts
      Model::new_core:  starts
         Model::RigidRotor::RigidRotor:  starts
            molecular geometry will be used to estimate rotational constants
            rotational configuration: nonlinear
            rotational constants[1/cm]:         9.65604        1.21662        1.08048
         Model::RigidRotor::RigidRotor:  done, cpu time[sec] = 1.7e-05, elapsed time[sec] = 0
      Model::new_core:  done, cpu time[sec] = 2.3e-05, elapsed time[sec] = 0
      ground state energy, kcal/mol:   -34.55
      interpolating states number/density starts
         core state contribution ... done, cpu time[sec] = 0.001281, elapsed time[sec] = 0
         vibrational modes contribution ... done, cpu time[sec] = 0.000197, elapsed time[sec] = 0
         effective power exponent at 434.55 kcal/mol = 6.24835
      interpolating states number/density done, cpu time[sec] = 0.012829, elapsed time[sec] = 0
   Model::RRHO::RRHO:  done, cpu time[sec] = 0.012888, elapsed time[sec] = 0
Model::init:  done, cpu time[sec] = 4.51925, elapsed time[sec] = 0
