Model::init:  starts
   Model::ExponentialKernel::ExponentialKernel:  ... done
   Model::LennardJonesCollision::LennardJonesCollision:  ... done
   WELL: W0
   Model::RRHO::RRHO:  starts
      Model::new_core:  starts
         Model::RigidRotor::RigidRotor:  starts
            molecular geometry will be used to estimate rotational constants
            rotational configuration: nonlinear
            rotational constants[1/cm]:         23.7897       0.601083        0.58627
         Model::RigidRotor::RigidRotor:  done, cpu time[sec] = 0.002086, elapsed time[sec] = 0
      Model::new_core:  done, cpu time[sec] = 0.002492, elapsed time[sec] = 0
      ground state energy, kcal/mol:   0.15
      interpolating states number/density starts
         core state contribution ... done, cpu time[sec] = 0.066233, elapsed time[sec] = 0
         electronic states contribution ... done, cpu time[sec] = 0.001719, elapsed time[sec] = 0
         vibrational modes contribution ... done, cpu time[sec] = 0.010299, elapsed time[sec] = 0
         effective power exponent at 399.849 kcal/mol = 6.36045
      interpolating states number/density done, cpu time[sec] = 0.960798, elapsed time[sec] = 0
   Model::RRHO::RRHO:  done, cpu time[sec] = 0.965681, elapsed time[sec] = 0
   WELL: W1
   Model::RRHO::RRHO:  starts
      Model::new_core:  starts
         Model::RigidRotor::RigidRotor:  starts
            molecular geometry will be used to estimate rotational constants
            rotational configuration: nonlinear
            rotational constants[1/cm]:         2.27757        1.07738         0.7314
         Model::RigidRotor::RigidRotor:  done, cpu time[sec] = 0.001283, elapsed time[sec] = 0
      Model::new_core:  done, cpu time[sec] = 0.001847, elapsed time[sec] = 0
      ground state energy, kcal/mol:   0.19
      interpolating states number/density starts
         core state contribution ... done, cpu time[sec] = 0.104349, elapsed time[sec] = 0
         electronic states contribution ... done, cpu time[sec] = 0.002838, elapsed time[sec] = 0
         vibrational modes contribution ... done, cpu time[sec] = 0.017299, elapsed time[sec] = 0
         effective power exponent at 399.809 kcal/mol = 6.35945
      interpolating states number/density done, cpu time[sec] = 1.08395, elapsed time[sec] = 0
   Model::RRHO::RRHO:  done, cpu time[sec] = 1.0886, elapsed time[sec] = 0
   WELL: W2
   Model::RRHO::RRHO:  starts
      Model::new_core:  starts
         Model::RigidRotor::RigidRotor:  starts
            molecular geometry will be used to estimate rotational constants
            rotational configuration: nonlinear
            rotational constants[1/cm]:         23.7897       0.601083        0.58627
         Model::RigidRotor::RigidRotor:  done, cpu time[sec] = 0.001106, elapsed time[sec] = 0
      Model::new_core:  done, cpu time[sec] = 0.00168, elapsed time[sec] = 0
      ground state energy, kcal/mol:   0.15
      interpolating states number/density starts
         core state contribution ... done, cpu time[sec] = 0.094137, elapsed time[sec] = 0
         electronic states contribution ... done, cpu time[sec] = 0.002844, elapsed time[sec] = 0
         vibrational modes contribution ... done, cpu time[sec] = 0.017037, elapsed time[sec] = 0
         effective power exponent at 399.849 kcal/mol = 6.36045
      interpolating states number/density done, cpu time[sec] = 1.01508, elapsed time[sec] = 0
   Model::RRHO::RRHO:  done, cpu time[sec] = 1.0194, elapsed time[sec] = 0
   WELL: W3
   Model::RRHO::RRHO:  starts
      Model::new_core:  starts
         Model::RigidRotor::RigidRotor:  starts
            molecular geometry will be used to estimate rotational constants
            rotational configuration: nonlinear
            rotational constants[1/cm]:         1.78953        1.33461       0.764474
         Model::RigidRotor::RigidRotor:  done, cpu time[sec] = 0.000989, elapsed time[sec] = 0
      Model::new_core:  done, cpu time[sec] = 0.001568, elapsed time[sec] = 0
      ground state energy, kcal/mol:   0.21
      interpolating states number/density starts
         core state contribution ... done, cpu time[sec] = 0.094263, elapsed time[sec] = 0
         electronic states contribution ... done, cpu time[sec] = 0.002767, elapsed time[sec] = 0
         vibrational modes contribution ... done, cpu time[sec] = 0.017335, elapsed time[sec] = 1
         effective power exponent at 399.789 kcal/mol = 6.35813
      interpolating states number/density done, cpu time[sec] = 1.0393, elapsed time[sec] = 1
   Model::RRHO::RRHO:  done, cpu time[sec] = 1.04346, elapsed time[sec] = 1
   WELL: W4
   Model::RRHO::RRHO:  starts
      Model::new_core:  starts
         Model::RigidRotor::RigidRotor:  starts
            molecular geometry will be used to estimate rotational constants
            rotational configuration: nonlinear
            rotational constants[1/cm]:         9.52595        1.29538        1.14032
         Model::RigidRotor::RigidRotor:  done, cpu time[sec] = 0.001016, elapsed time[sec] = 0
      Model::new_core:  done, cpu time[sec] = 0.001576, elapsed time[sec] = 0
      ground state energy, kcal/mol:   -86.72
      interpolating states number/density starts
         core state contribution ... done, cpu time[sec] = 0.13477, elapsed time[sec] = 0
         vibrational modes contribution ... done, cpu time[sec] = 0.020985, elapsed time[sec] = 0
         effective power exponent at 486.717 kcal/mol = 6.27499
      interpolating states number/density done, cpu time[sec] = 0.545271, elapsed time[sec] = 0
   Model::RRHO::RRHO:  done, cpu time[sec] = 0.548615, elapsed time[sec] = 0
   WELL: W5t
   Model::RRHO::RRHO:  starts
      Model::new_core:  starts
         Model::RigidRotor::RigidRotor:  starts
            molecular geometry will be used to estimate rotational constants
            rotational configuration: nonlinear
            rotational constants[1/cm]:         9.65604        1.21662        1.08048
         Model::RigidRotor::RigidRotor:  done, cpu time[sec] = 1.6e-05, elapsed time[sec] = 0
      Model::new_core:  done, cpu time[sec] = 2.2e-05, elapsed time[sec] = 0
      ground state energy, kcal/mol:   -34.55
      interpolating states number/density starts
         core state contribution ... done, cpu time[sec] = 0.001038, elapsed time[sec] = 0
         vibrational modes contribution ... done, cpu time[sec] = 0.000198, elapsed time[sec] = 0
         effective power exponent at 434.55 kcal/mol = 6.24835
      interpolating states number/density done, cpu time[sec] = 0.012575, elapsed time[sec] = 0
   Model::RRHO::RRHO:  done, cpu time[sec] = 0.012631, elapsed time[sec] = 0
Model::init:  done, cpu time[sec] = 4.69378, elapsed time[sec] = 1
