Model::init:  starts
   Model::ExponentialKernel::ExponentialKernel:  ... done
   Model::LennardJonesCollision::LennardJonesCollision:  ... done
   WELL: W0
   Model::RRHO::RRHO:  starts
      Model::new_core:  starts
         Model::RigidRotor::RigidRotor:  starts
            molecular geometry will be used to estimate rotational constants
            rotational configuration: nonlinear
            rotational constants[1/cm]:         23.7897       0.601083        0.58627
         Model::RigidRotor::RigidRotor:  done, cpu time[sec] = 0.003361, elapsed time[sec] = 0
      Model::new_core:  done, cpu time[sec] = 0.004056, elapsed time[sec] = 0
      ground state energy, kcal/mol:   0.15
      interpolating states number/density starts
         core state contribution ... done, cpu time[sec] = 0.114592, elapsed time[sec] = 0
         electronic states contribution ... done, cpu time[sec] = 0.00387, elapsed time[sec] = 0
         vibrational modes contribution ... done, cpu time[sec] = 0.016204, elapsed time[sec] = 0
         effective power exponent at 399.849 kcal/mol = 6.36045
      interpolating states number/density done, cpu time[sec] = 1.20044, elapsed time[sec] = 0
   Model::RRHO::RRHO:  done, cpu time[sec] = 1.20764, elapsed time[sec] = 0
   WELL: W1
   Model::RRHO::RRHO:  starts
      Model::new_core:  starts
         Model::RigidRotor::RigidRotor:  starts
            molecular geometry will be used to estimate rotational constants
            rotational configuration: nonlinear
            rotational constants[1/cm]:         2.27757        1.07738         0.7314
         Model::RigidRotor::RigidRotor:  done, cpu time[sec] = 0.001263, elapsed time[sec] = 0
      Model::new_core:  done, cpu time[sec] = 0.001823, elapsed time[sec] = 0
      ground state energy, kcal/mol:   0.19
      interpolating states number/density starts
         core state contribution ... done, cpu time[sec] = 0.10574, elapsed time[sec] = 0
         electronic states contribution ... done, cpu time[sec] = 0.002729, elapsed time[sec] = 0
         vibrational modes contribution ... done, cpu time[sec] = 0.017025, elapsed time[sec] = 0
         effective power exponent at 399.809 kcal/mol = 6.35945
      interpolating states number/density done, cpu time[sec] = 1.08757, elapsed time[sec] = 0
   Model::RRHO::RRHO:  done, cpu time[sec] = 1.09224, elapsed time[sec] = 0
   WELL: W2
   Model::RRHO::RRHO:  starts
      Model::new_core:  starts
         Model::RigidRotor::RigidRotor:  starts
            molecular geometry will be used to estimate rotational constants
            rotational configuration: nonlinear
            rotational constants[1/cm]:         23.7897       0.601083        0.58627
         Model::RigidRotor::RigidRotor:  done, cpu time[sec] = 0.001073, elapsed time[sec] = 0
      Model::new_core:  done, cpu time[sec] = 0.001647, elapsed time[sec] = 0
      ground state energy, kcal/mol:   0.15
      interpolating states number/density starts
         core state contribution ... done, cpu time[sec] = 0.097909, elapsed time[sec] = 0
         electronic states contribution ... done, cpu time[sec] = 0.003085, elapsed time[sec] = 0
         vibrational modes contribution ... done, cpu time[sec] = 0.017034, elapsed time[sec] = 0
         effective power exponent at 399.849 kcal/mol = 6.36045
      interpolating states number/density done, cpu time[sec] = 1.02542, elapsed time[sec] = 0
   Model::RRHO::RRHO:  done, cpu time[sec] = 1.02963, elapsed time[sec] = 0
   WELL: W3
   Model::RRHO::RRHO:  starts
      Model::new_core:  starts
         Model::RigidRotor::RigidRotor:  starts
            molecular geometry will be used to estimate rotational constants
            rotational configuration: nonlinear
            rotational constants[1/cm]:         1.78953        1.33461       0.764474
         Model::RigidRotor::RigidRotor:  done, cpu time[sec] = 0.000947, elapsed time[sec] = 0
      Model::new_core:  done, cpu time[sec] = 0.00153, elapsed time[sec] = 0
      ground state energy, kcal/mol:   0.21
      interpolating states number/density starts
         core state contribution ... done, cpu time[sec] = 0.094915, elapsed time[sec] = 0
         electronic states contribution ... done, cpu time[sec] = 0.002791, elapsed time[sec] = 0
         vibrational modes contribution ... done, cpu time[sec] = 0.017532, elapsed time[sec] = 0
         effective power exponent at 399.789 kcal/mol = 6.35813
      interpolating states number/density done, cpu time[sec] = 1.03961, elapsed time[sec] = 0
   Model::RRHO::RRHO:  done, cpu time[sec] = 1.04374, elapsed time[sec] = 0
   WELL: W4
   Model::RRHO::RRHO:  starts
      Model::new_core:  starts
         Model::RigidRotor::RigidRotor:  starts
            molecular geometry will be used to estimate rotational constants
            rotational configuration: nonlinear
            rotational constants[1/cm]:         9.52595        1.29538        1.14032
         Model::RigidRotor::RigidRotor:  done, cpu time[sec] = 0.000994, elapsed time[sec] = 0
      Model::new_core:  done, cpu time[sec] = 0.001571, elapsed time[sec] = 0
      ground state energy, kcal/mol:   -86.72
      interpolating states number/density starts
         core state contribution ... done, cpu time[sec] = 0.126977, elapsed time[sec] = 0
         vibrational modes contribution ... done, cpu time[sec] = 0.021495, elapsed time[sec] = 0
         effective power exponent at 486.717 kcal/mol = 6.27499
      interpolating states number/density done, cpu time[sec] = 0.271527, elapsed time[sec] = 0
   Model::RRHO::RRHO:  done, cpu time[sec] = 0.274978, elapsed time[sec] = 0
   WELL: W5t
   Model::RRHO::RRHO:  starts
      Model::new_core:  starts
         Model::RigidRotor::RigidRotor:  starts
            molecular geometry will be used to estimate rotational constants
            rotational configuration: nonlinear
            rotational constants[1/cm]:         9.65604        1.21662        1.08048
         Model::RigidRotor::RigidRotor:  done, cpu time[sec] = 1.6e-05, elapsed time[sec] = 0
      Model::new_core:  done, cpu time[sec] = 2.2e-05, elapsed time[sec] = 0
      ground state energy, kcal/mol:   -34.55
      interpolating states number/density starts
         core state contribution ... done, cpu time[sec] = 0.001043, elapsed time[sec] = 0
         vibrational modes contribution ... done, cpu time[sec] = 0.000194, elapsed time[sec] = 0
         effective power exponent at 434.55 kcal/mol = 6.24835
      interpolating states number/density done, cpu time[sec] = 0.012577, elapsed time[sec] = 0
   Model::RRHO::RRHO:  done, cpu time[sec] = 0.012633, elapsed time[sec] = 0
Model::init:  done, cpu time[sec] = 4.67946, elapsed time[sec] = 0
