Model::init:  starts
   Model::ExponentialKernel::ExponentialKernel:  ... done
   Model::LennardJonesCollision::LennardJonesCollision:  ... done
   WELL: W0
   Model::RRHO::RRHO:  starts
      Model::new_core:  starts
         Model::RigidRotor::RigidRotor:  starts
            molecular geometry will be used to estimate rotational constants
            rotational configuration: nonlinear
            rotational constants[1/cm]:         23.7897       0.601083        0.58627
         Model::RigidRotor::RigidRotor:  done, cpu time[sec] = 0.003217, elapsed time[sec] = 0
      Model::new_core:  done, cpu time[sec] = 0.003921, elapsed time[sec] = 0
      ground state energy, kcal/mol:   0.15
      interpolating states number/density starts
         core state contribution ... done, cpu time[sec] = 0.117235, elapsed time[sec] = 0
         electronic states contribution ... done, cpu time[sec] = 0.002738, elapsed time[sec] = 0
         vibrational modes contribution ... done, cpu time[sec] = 0.016476, elapsed time[sec] = 0
         effective power exponent at 399.849 kcal/mol = 6.36045
      interpolating states number/density done, cpu time[sec] = 1.18625, elapsed time[sec] = 0
   Model::RRHO::RRHO:  done, cpu time[sec] = 1.19328, elapsed time[sec] = 0
   WELL: W1
   Model::RRHO::RRHO:  starts
      Model::new_core:  starts
         Model::RigidRotor::RigidRotor:  starts
            molecular geometry will be used to estimate rotational constants
            rotational configuration: nonlinear
            rotational constants[1/cm]:         2.27757        1.07738         0.7314
         Model::RigidRotor::RigidRotor:  done, cpu time[sec] = 0.001381, elapsed time[sec] = 0
      Model::new_core:  done, cpu time[sec] = 0.001979, elapsed time[sec] = 0
      ground state energy, kcal/mol:   0.19
      interpolating states number/density starts
         core state contribution ... done, cpu time[sec] = 0.103878, elapsed time[sec] = 0
         electronic states contribution ... done, cpu time[sec] = 0.00279, elapsed time[sec] = 0
         vibrational modes contribution ... done, cpu time[sec] = 0.017229, elapsed time[sec] = 0
         effective power exponent at 399.809 kcal/mol = 6.35945
      interpolating states number/density done, cpu time[sec] = 1.08389, elapsed time[sec] = 0
   Model::RRHO::RRHO:  done, cpu time[sec] = 1.08872, elapsed time[sec] = 0
   WELL: W2
   Model::RRHO::RRHO:  starts
      Model::new_core:  starts
         Model::RigidRotor::RigidRotor:  starts
            molecular geometry will be used to estimate rotational constants
            rotational configuration: nonlinear
            rotational constants[1/cm]:         23.7897       0.601083        0.58627
         Model::RigidRotor::RigidRotor:  done, cpu time[sec] = 0.001232, elapsed time[sec] = 0
      Model::new_core:  done, cpu time[sec] = 0.001823, elapsed time[sec] = 0
      ground state energy, kcal/mol:   0.15
      interpolating states number/density starts
         core state contribution ... done, cpu time[sec] = 0.08999, elapsed time[sec] = 0
         electronic states contribution ... done, cpu time[sec] = 0.002775, elapsed time[sec] = 0
         vibrational modes contribution ... done, cpu time[sec] = 0.017112, elapsed time[sec] = 0
         effective power exponent at 399.849 kcal/mol = 6.36045
      interpolating states number/density done, cpu time[sec] = 1.01057, elapsed time[sec] = 0
   Model::RRHO::RRHO:  done, cpu time[sec] = 1.01497, elapsed time[sec] = 0
   WELL: W3
   Model::RRHO::RRHO:  starts
      Model::new_core:  starts
         Model::RigidRotor::RigidRotor:  starts
            molecular geometry will be used to estimate rotational constants
            rotational configuration: nonlinear
            rotational constants[1/cm]:         1.78953        1.33461       0.764474
         Model::RigidRotor::RigidRotor:  done, cpu time[sec] = 0.001063, elapsed time[sec] = 0
      Model::new_core:  done, cpu time[sec] = 0.001628, elapsed time[sec] = 0
      ground state energy, kcal/mol:   0.21
      interpolating states number/density starts
         core state contribution ... done, cpu time[sec] = 0.090229, elapsed time[sec] = 0
         electronic states contribution ... done, cpu time[sec] = 0.002802, elapsed time[sec] = 0
         vibrational modes contribution ... done, cpu time[sec] = 0.016451, elapsed time[sec] = 0
         effective power exponent at 399.789 kcal/mol = 6.35813
      interpolating states number/density done, cpu time[sec] = 1.01832, elapsed time[sec] = 0
   Model::RRHO::RRHO:  done, cpu time[sec] = 1.02253, elapsed time[sec] = 0
   WELL: W4
   Model::RRHO::RRHO:  starts
      Model::new_core:  starts
         Model::RigidRotor::RigidRotor:  starts
            molecular geometry will be used to estimate rotational constants
            rotational configuration: nonlinear
            rotational constants[1/cm]:         9.52595        1.29538        1.14032
         Model::RigidRotor::RigidRotor:  done, cpu time[sec] = 0.001002, elapsed time[sec] = 0
      Model::new_core:  done, cpu time[sec] = 0.001576, elapsed time[sec] = 0
      ground state energy, kcal/mol:   -86.72
      interpolating states number/density starts
         core state contribution ... done, cpu time[sec] = 0.120088, elapsed time[sec] = 1
         vibrational modes contribution ... done, cpu time[sec] = 0.020149, elapsed time[sec] = 0
         effective power exponent at 486.717 kcal/mol = 6.27499
      interpolating states number/density done, cpu time[sec] = 0.451647, elapsed time[sec] = 1
   Model::RRHO::RRHO:  done, cpu time[sec] = 0.455015, elapsed time[sec] = 1
   WELL: W5t
   Model::RRHO::RRHO:  starts
      Model::new_core:  starts
         Model::RigidRotor::RigidRotor:  starts
            molecular geometry will be used to estimate rotational constants
            rotational configuration: nonlinear
            rotational constants[1/cm]:         9.65604        1.21662        1.08048
         Model::RigidRotor::RigidRotor:  done, cpu time[sec] = 1.5e-05, elapsed time[sec] = 0
      Model::new_core:  done, cpu time[sec] = 2.1e-05, elapsed time[sec] = 0
      ground state energy, kcal/mol:   -34.55
      interpolating states number/density starts
         core state contribution ... done, cpu time[sec] = 0.001044, elapsed time[sec] = 0
         vibrational modes contribution ... done, cpu time[sec] = 0.000193, elapsed time[sec] = 0
         effective power exponent at 434.55 kcal/mol = 6.24835
      interpolating states number/density done, cpu time[sec] = 0.012858, elapsed time[sec] = 0
   Model::RRHO::RRHO:  done, cpu time[sec] = 0.012914, elapsed time[sec] = 0
Model::init:  done, cpu time[sec] = 4.80625, elapsed time[sec] = 1
