Model::init:  starts
   Model::ExponentialKernel::ExponentialKernel:  ... done
   Model::LennardJonesCollision::LennardJonesCollision:  ... done
   WELL: W0
   Model::RRHO::RRHO:  starts
      Model::new_core:  starts
         Model::RigidRotor::RigidRotor:  starts
            molecular geometry will be used to estimate rotational constants
            rotational configuration: nonlinear
            rotational constants[1/cm]:         23.7897       0.601083        0.58627
         Model::RigidRotor::RigidRotor:  done, cpu time[sec] = 0.005519, elapsed time[sec] = 0
      Model::new_core:  done, cpu time[sec] = 0.006695, elapsed time[sec] = 0
      ground state energy, kcal/mol:   0.15
      interpolating states number/density starts
         core state contribution ... done, cpu time[sec] = 0.117429, elapsed time[sec] = 0
         electronic states contribution ... done, cpu time[sec] = 0.002752, elapsed time[sec] = 0
         vibrational modes contribution ... done, cpu time[sec] = 0.016063, elapsed time[sec] = 0
         effective power exponent at 399.849 kcal/mol = 6.36045
      interpolating states number/density done, cpu time[sec] = 1.15702, elapsed time[sec] = 0
   Model::RRHO::RRHO:  done, cpu time[sec] = 1.16852, elapsed time[sec] = 0
   WELL: W1
   Model::RRHO::RRHO:  starts
      Model::new_core:  starts
         Model::RigidRotor::RigidRotor:  starts
            molecular geometry will be used to estimate rotational constants
            rotational configuration: nonlinear
            rotational constants[1/cm]:         2.27757        1.07738         0.7314
         Model::RigidRotor::RigidRotor:  done, cpu time[sec] = 0.001261, elapsed time[sec] = 0
      Model::new_core:  done, cpu time[sec] = 0.00183, elapsed time[sec] = 0
      ground state energy, kcal/mol:   0.19
      interpolating states number/density starts
         core state contribution ... done, cpu time[sec] = 0.1014, elapsed time[sec] = 0
         electronic states contribution ... done, cpu time[sec] = 0.003443, elapsed time[sec] = 0
         vibrational modes contribution ... done, cpu time[sec] = 0.016587, elapsed time[sec] = 0
         effective power exponent at 399.809 kcal/mol = 6.35945
      interpolating states number/density done, cpu time[sec] = 1.05134, elapsed time[sec] = 0
   Model::RRHO::RRHO:  done, cpu time[sec] = 1.05603, elapsed time[sec] = 0
   WELL: W2
   Model::RRHO::RRHO:  starts
      Model::new_core:  starts
         Model::RigidRotor::RigidRotor:  starts
            molecular geometry will be used to estimate rotational constants
            rotational configuration: nonlinear
            rotational constants[1/cm]:         23.7897       0.601083        0.58627
         Model::RigidRotor::RigidRotor:  done, cpu time[sec] = 0.001116, elapsed time[sec] = 0
      Model::new_core:  done, cpu time[sec] = 0.001687, elapsed time[sec] = 0
      ground state energy, kcal/mol:   0.15
      interpolating states number/density starts
         core state contribution ... done, cpu time[sec] = 0.086593, elapsed time[sec] = 0
         electronic states contribution ... done, cpu time[sec] = 0.002651, elapsed time[sec] = 0
         vibrational modes contribution ... done, cpu time[sec] = 0.016251, elapsed time[sec] = 0
         effective power exponent at 399.849 kcal/mol = 6.36045
      interpolating states number/density done, cpu time[sec] = 0.976558, elapsed time[sec] = 0
   Model::RRHO::RRHO:  done, cpu time[sec] = 0.980897, elapsed time[sec] = 0
   WELL: W3
   Model::RRHO::RRHO:  starts
      Model::new_core:  starts
         Model::RigidRotor::RigidRotor:  starts
            molecular geometry will be used to estimate rotational constants
            rotational configuration: nonlinear
            rotational constants[1/cm]:         1.78953        1.33461       0.764474
         Model::RigidRotor::RigidRotor:  done, cpu time[sec] = 0.001018, elapsed time[sec] = 0
      Model::new_core:  done, cpu time[sec] = 0.001586, elapsed time[sec] = 0
      ground state energy, kcal/mol:   0.21
      interpolating states number/density starts
         core state contribution ... done, cpu time[sec] = 0.087158, elapsed time[sec] = 0
         electronic states contribution ... done, cpu time[sec] = 0.002887, elapsed time[sec] = 0
         vibrational modes contribution ... done, cpu time[sec] = 0.016099, elapsed time[sec] = 0
         effective power exponent at 399.789 kcal/mol = 6.35813
      interpolating states number/density done, cpu time[sec] = 0.997655, elapsed time[sec] = 0
   Model::RRHO::RRHO:  done, cpu time[sec] = 1.00192, elapsed time[sec] = 0
   WELL: W4
   Model::RRHO::RRHO:  starts
      Model::new_core:  starts
         Model::RigidRotor::RigidRotor:  starts
            molecular geometry will be used to estimate rotational constants
            rotational configuration: nonlinear
            rotational constants[1/cm]:         9.52595        1.29538        1.14032
         Model::RigidRotor::RigidRotor:  done, cpu time[sec] = 0.000963, elapsed time[sec] = 0
      Model::new_core:  done, cpu time[sec] = 0.001558, elapsed time[sec] = 0
      ground state energy, kcal/mol:   -86.72
      interpolating states number/density starts
         core state contribution ... done, cpu time[sec] = 0.128063, elapsed time[sec] = 0
         vibrational modes contribution ... done, cpu time[sec] = 0.02173, elapsed time[sec] = 0
         effective power exponent at 486.717 kcal/mol = 6.27499
      interpolating states number/density done, cpu time[sec] = 0.417478, elapsed time[sec] = 0
   Model::RRHO::RRHO:  done, cpu time[sec] = 0.420811, elapsed time[sec] = 0
   WELL: W5t
   Model::RRHO::RRHO:  starts
      Model::new_core:  starts
         Model::RigidRotor::RigidRotor:  starts
            molecular geometry will be used to estimate rotational constants
            rotational configuration: nonlinear
            rotational constants[1/cm]:         9.65604        1.21662        1.08048
         Model::RigidRotor::RigidRotor:  done, cpu time[sec] = 1.6e-05, elapsed time[sec] = 0
      Model::new_core:  done, cpu time[sec] = 2.2e-05, elapsed time[sec] = 0
      ground state energy, kcal/mol:   -34.55
      interpolating states number/density starts
         core state contribution ... done, cpu time[sec] = 0.001047, elapsed time[sec] = 0
         vibrational modes contribution ... done, cpu time[sec] = 0.000193, elapsed time[sec] = 0
         effective power exponent at 434.55 kcal/mol = 6.24835
      interpolating states number/density done, cpu time[sec] = 0.01261, elapsed time[sec] = 0
   Model::RRHO::RRHO:  done, cpu time[sec] = 0.012666, elapsed time[sec] = 0
Model::init:  done, cpu time[sec] = 4.66392, elapsed time[sec] = 0
