    E, kcal/mol    D, mol/kcal         W1->P0
            -50              0            ***
          -49.5              0            ***
            -49              0            ***
          -48.5              0            ***
            -48              0            ***
          -47.5              0            ***
            -47              0            ***
          -46.5              0            ***
            -46              0            ***
          -45.5              0            ***
            -45              0            ***
          -44.5              0            ***
            -44              0            ***
          -43.5              0            ***
            -43              0            ***
          -42.5              0            ***
            -42              0            ***
          -41.5              0            ***
            -41              0            ***
          -40.5              0            ***
            -40              0            ***
          -39.5              0            ***
            -39              0            ***
          -38.5              0            ***
            -38              0            ***
          -37.5              0            ***
            -37              0            ***
          -36.5              0            ***
            -36              0            ***
          -35.5              0            ***
            -35              0            ***
          -34.5              0            ***
            -34              0            ***
          -33.5              0            ***
            -33              0            ***
          -32.5              0            ***
            -32              0            ***
          -31.5              0            ***
            -31              0            ***
          -30.5              0            ***
            -30              0            ***
          -29.5              0            ***
            -29              0            ***
          -28.5              0            ***
            -28              0            ***
          -27.5              0            ***
            -27              0            ***
          -26.5              0            ***
            -26              0            ***
          -25.5              0            ***
            -25              0            ***
          -24.5              0            ***
            -24              0            ***
          -23.5              0            ***
            -23              0            ***
          -22.5              0            ***
            -22              0            ***
          -21.5              0            ***
            -21              0            ***
          -20.5              0            ***
            -20              0            ***
          -19.5              0            ***
            -19              0            ***
          -18.5              0            ***
            -18              0            ***
          -17.5              0            ***
            -17              0            ***
          -16.5              0            ***
            -16              0            ***
          -15.5              0            ***
            -15              0            ***
          -14.5        1164.23              0
            -14        2851.78              0
          -13.5        3861.33              0
            -13        4656.94              0
          -12.5        5335.19              0
            -12        5936.45              0
          -11.5        6482.18              0
            -11        9315.79              0
          -10.5        10948.7              0
            -10        12253.4              0
           -9.5          13390              0
             -9        15999.6              0
           -8.5          18410              0
             -8        21906.9              0
           -7.5        24943.3              0
             -7        27349.9              0
           -6.5        31733.7              0
             -6        34839.7              0
           -5.5        40058.4              0
             -5        43678.6              0
           -4.5        49199.4              0
             -4        53052.9              0
           -3.5        59939.1              0
             -3        65853.7              0
           -2.5        72621.4              0
             -2        78190.8              0
           -1.5        85057.5              0
             -1        93261.8              0
           -0.5         100367              0
   -3.52416e-14         110190              0
            0.5         118437        20430.3
              1         128014         494600
            1.5         137595    5.42892e+06
              2         150629    4.04744e+07
            2.5         160832    2.46248e+08
              3         173859    1.24841e+09
            3.5         184407    5.45552e+09
              4         196821    1.88508e+10
            4.5         210966    4.85553e+10
              5         226754    9.76557e+10
            5.5         241248    1.68951e+11
              6         255993    2.62205e+11
            6.5         272130    3.75532e+11
              7         287399    5.10792e+11
            7.5         307631    6.55651e+11
              8         325336    8.22625e+11
            8.5         345672    9.98729e+11
              9         364492    1.19426e+12
            9.5         387394    1.39078e+12
             10         407848    1.61225e+12
           10.5         432092    1.83756e+12
             11         454292    2.09177e+12
           11.5         478908    2.35577e+12
             12         504151    2.63682e+12
           12.5         529911    2.93476e+12
             13         558981    3.23254e+12
           13.5         585305    3.56372e+12
             14         615273    3.88954e+12
           14.5         644566    4.23515e+12
             15         677354    4.57239e+12
           15.5         708054    4.93802e+12
             16         743635     5.2845e+12
           16.5         776783    5.66442e+12
             17         812527    6.04258e+12
           17.5         849536    6.42845e+12
             18         887748    6.82207e+12
           18.5         927880    7.21733e+12
             19         967724    7.63074e+12
           19.5    1.00889e+06    8.04924e+12
             20    1.05114e+06    8.47395e+12
           20.5    1.09691e+06    8.88443e+12
             21     1.1414e+06    9.31902e+12
           21.5    1.18934e+06    9.73885e+12
             22    1.23577e+06    1.01848e+13
           22.5    1.28452e+06    1.06263e+13
             23     1.3353e+06    1.10659e+13
           23.5    1.38883e+06     1.1498e+13
             24    1.44212e+06    1.19472e+13
           24.5    1.49902e+06    1.23814e+13
             25     1.5552e+06    1.28362e+13
           25.5    1.61382e+06    1.32851e+13
             26    1.67383e+06    1.37363e+13
           26.5     1.7337e+06    1.42022e+13
             27    1.79705e+06    1.46528e+13
           27.5    1.86172e+06    1.51057e+13
             28     1.9278e+06    1.55602e+13
           28.5    1.99524e+06    1.60175e+13
             29     2.0655e+06    1.64662e+13
           29.5    2.13579e+06    1.69287e+13
             30    2.20975e+06    1.73763e+13
           30.5    2.28409e+06    1.78351e+13
             31    2.36037e+06    1.82924e+13
           31.5    2.43872e+06    1.87473e+13
             32    2.51906e+06    1.92002e+13
           32.5    2.60091e+06    1.96547e+13
             33    2.68511e+06    2.01045e+13
           33.5    2.77037e+06    2.05591e+13
             34    2.85812e+06     2.1008e+13
           34.5    2.94881e+06    2.14485e+13
             35    3.04001e+06    2.18987e+13
           35.5    3.13416e+06    2.23413e+13
             36    3.22947e+06    2.27891e+13
           36.5    3.32641e+06    2.32387e+13
             37      3.427e+06     2.3676e+13
           37.5    3.52907e+06    2.41164e+13
             38    3.63176e+06    2.45654e+13
           38.5    3.73897e+06    2.49966e+13
             39    3.84656e+06    2.54379e+13
           39.5    3.95693e+06    2.58733e+13
             40    4.07171e+06    2.62924e+13
           40.5    4.18742e+06    2.67185e+13
             41    4.30432e+06    2.71499e+13
           41.5    4.42528e+06    2.75687e+13
             42    4.54611e+06    2.80013e+13
           42.5    4.66959e+06    2.84303e+13
             43    4.79838e+06    2.88398e+13
           43.5    4.92793e+06    2.92576e+13
             44    5.05987e+06    2.96738e+13
           44.5    5.19337e+06    3.00932e+13
             45    5.33001e+06    3.05066e+13
           45.5    5.47023e+06    3.09117e+13
             46     5.6131e+06    3.13142e+13
           46.5    5.75735e+06    3.17213e+13
             47    5.90518e+06    3.21211e+13
           47.5    6.05486e+06    3.25233e+13
             48    6.20758e+06    3.29217e+13
           48.5    6.36455e+06      3.331e+13
             49    6.52183e+06     3.3709e+13
           49.5    6.68242e+06    3.41031e+13
             50    6.84665e+06    3.44907e+13
           50.5    7.01335e+06     3.4878e+13
             51    7.18359e+06    3.52596e+13
           51.5    7.35689e+06     3.5638e+13
             52    7.53041e+06    3.60271e+13
           52.5    7.70864e+06    3.64054e+13
             53    7.89123e+06    3.67751e+13
           53.5    8.07419e+06     3.7155e+13
             54    8.26284e+06    3.75208e+13
           54.5     8.4533e+06    3.78902e+13
             55    8.64552e+06    3.82634e+13
           55.5    8.84308e+06    3.86248e+13
             56     9.0443e+06     3.8982e+13
           56.5    9.24708e+06    3.93439e+13
             57    9.45483e+06    3.96963e+13
           57.5    9.66365e+06    4.00556e+13
             58    9.87463e+06     4.0417e+13
           58.5    1.00925e+07    4.07615e+13
             59    1.03119e+07    4.11115e+13
           59.5     1.0536e+07    4.14544e+13
             60    1.07619e+07    4.18011e+13
           60.5    1.09907e+07    4.21483e+13
             61    1.12235e+07    4.24913e+13
           61.5    1.14624e+07    4.28223e+13
             62    1.17022e+07    4.31614e+13
           62.5    1.19473e+07    4.34918e+13
             63    1.21949e+07     4.3824e+13
           63.5    1.24448e+07    4.41589e+13
             64    1.27018e+07    4.44797e+13
           64.5      1.296e+07     4.4807e+13
             65    1.32217e+07     4.5133e+13
           65.5    1.34879e+07    4.54545e+13
             66    1.37585e+07    4.57723e+13
           66.5    1.40309e+07    4.60946e+13
             67    1.43118e+07    4.63999e+13
           67.5    1.45911e+07    4.67213e+13
             68    1.48765e+07    4.70334e+13
           68.5    1.51661e+07     4.7343e+13
             69    1.54596e+07    4.76508e+13
           69.5    1.57575e+07    4.79556e+13
             70    1.60597e+07    4.82576e+13
           70.5    1.63649e+07    4.85607e+13
             71    1.66746e+07    4.88612e+13
           71.5    1.69892e+07    4.91575e+13
             72    1.73055e+07    4.94591e+13
           72.5    1.76315e+07    4.97434e+13
             73    1.79557e+07    5.00432e+13
           73.5    1.82872e+07    5.03325e+13
             74    1.86221e+07    5.06226e+13
           74.5    1.89632e+07    5.09061e+13
             75    1.93057e+07    5.11957e+13
           75.5    1.96562e+07    5.14738e+13
             76     2.0008e+07    5.17586e+13
           76.5    2.03642e+07    5.20417e+13
             77    2.07274e+07    5.23169e+13
           77.5    2.10927e+07    5.25965e+13
             78    2.14657e+07    5.28667e+13
           78.5    2.18415e+07    5.31399e+13
             79    2.22231e+07    5.34087e+13
           79.5    2.26071e+07    5.36815e+13
             80    2.29991e+07    5.39447e+13
           80.5    2.33914e+07    5.42169e+13
             81    2.37922e+07    5.44789e+13
           81.5    2.41961e+07     5.4743e+13
             82    2.46054e+07    5.50043e+13
           82.5    2.50201e+07    5.52629e+13
             83    2.54387e+07    5.55224e+13
           83.5    2.58628e+07    5.57791e+13
             84     2.6292e+07     5.6034e+13
           84.5    2.67264e+07    5.62872e+13
             85    2.71653e+07      5.654e+13
           85.5    2.76114e+07    5.67872e+13
             86     2.8059e+07    5.70404e+13
           86.5    2.85158e+07    5.72838e+13
             87     2.8975e+07    5.75315e+13
           87.5    2.94397e+07    5.77771e+13
             88    2.99105e+07    5.80197e+13
           88.5    3.03878e+07    5.82586e+13
             89    3.08675e+07    5.85016e+13
           89.5    3.13566e+07    5.87358e+13
             90    3.18483e+07     5.8974e+13
           90.5    3.23447e+07    5.92123e+13
             91    3.28493e+07    5.94441e+13
           91.5    3.33573e+07    5.96786e+13
             92    3.38717e+07    5.99103e+13
           92.5     3.4392e+07      6.014e+13
             93    3.49174e+07    6.03695e+13
           93.5    3.54477e+07    6.05989e+13
             94     3.5988e+07    6.08197e+13
           94.5    3.65301e+07    6.10459e+13
             95    3.70807e+07    6.12663e+13
           95.5    3.76348e+07    6.14893e+13
             96    3.81941e+07    6.17122e+13
           96.5    3.87607e+07    6.19315e+13
             97    3.93336e+07    6.21492e+13
           97.5    3.99116e+07    6.23669e+13
             98    4.04979e+07      6.258e+13
           98.5    4.10871e+07    6.27967e+13
             99    4.16824e+07    6.30122e+13
           99.5    4.22879e+07    6.32202e+13
            100    4.28958e+07    6.34328e+13
          100.5    4.35112e+07    6.36421e+13
            101    4.41341e+07    6.38486e+13
          101.5    4.47612e+07    6.40569e+13
            102     4.5395e+07    6.42635e+13
          102.5    4.60384e+07    6.44645e+13
            103    4.66832e+07    6.46714e+13
          103.5     4.7338e+07    6.48722e+13
            104    4.79974e+07    6.50744e+13
          104.5     4.8663e+07     6.5276e+13
            105    4.93382e+07    6.54724e+13
          105.5    5.00187e+07    6.56694e+13
            106    5.07032e+07    6.58689e+13
          106.5    5.13972e+07    6.60635e+13
            107    5.20974e+07    6.62576e+13
          107.5    5.28025e+07    6.64532e+13
            108    5.35192e+07    6.66416e+13
          108.5    5.42382e+07    6.68347e+13
            109    5.49653e+07    6.70252e+13
          109.5    5.57002e+07    6.72137e+13
            110    5.64416e+07    6.74017e+13
          110.5    5.71904e+07    6.75882e+13
            111    5.79479e+07    6.77717e+13
          111.5    5.87077e+07    6.79598e+13
            112    5.94771e+07     6.8144e+13
          112.5    6.02552e+07    6.83255e+13
            113    6.10377e+07     6.8509e+13
          113.5     6.1831e+07    6.86877e+13
            114    6.26291e+07    6.88681e+13
          114.5    6.34333e+07    6.90489e+13
            115    6.42469e+07    6.92266e+13
          115.5    6.50685e+07    6.94027e+13
            116    6.58951e+07    6.95804e+13
          116.5    6.67327e+07    6.97536e+13
            117    6.75756e+07    6.99281e+13
          117.5    6.84258e+07     7.0102e+13
            118    6.92857e+07    7.02728e+13
          118.5    7.01508e+07    7.04451e+13
            119    7.10244e+07    7.06157e+13
          119.5    7.19062e+07     7.0785e+13
            120    7.27944e+07    7.09547e+13
          120.5    7.36914e+07    7.11226e+13
            121    7.45984e+07    7.12876e+13
          121.5    7.55094e+07    7.14555e+13
            122    7.64309e+07    7.16199e+13
          122.5    7.73597e+07    7.17843e+13
            123    7.82951e+07    7.19491e+13
          123.5     7.9242e+07    7.21098e+13
            124    8.01954e+07    7.22712e+13
          124.5    8.11557e+07     7.2433e+13
            125    8.21262e+07     7.2592e+13
          125.5    8.31033e+07    7.27517e+13
            126    8.40877e+07    7.29113e+13
          126.5    8.50854e+07    7.30659e+13
            127    8.60866e+07    7.32239e+13
          127.5    8.70968e+07    7.33806e+13
            128    8.81175e+07    7.35347e+13
          128.5    8.91444e+07      7.369e+13
            129    9.01809e+07    7.38436e+13
          129.5    9.12269e+07    7.39956e+13
            130    9.22797e+07    7.41483e+13
          130.5    9.33417e+07    7.42998e+13
            131    9.44137e+07    7.44495e+13
          131.5    9.54912e+07     7.4601e+13
            132     9.6582e+07    7.47483e+13
          132.5    9.76791e+07    7.48968e+13
            133    9.87859e+07    7.50438e+13
          133.5    9.99018e+07      7.519e+13
            134    1.01025e+08    7.53365e+13
          134.5    1.02158e+08    7.54824e+13
            135    1.03301e+08    7.56264e+13
          135.5    1.04451e+08    7.57707e+13
            136    1.05612e+08     7.5914e+13
          136.5    1.06783e+08    7.60554e+13
            137    1.07958e+08    7.61995e+13
          137.5    1.09149e+08    7.63386e+13
            138    1.10346e+08    7.64794e+13
          138.5    1.11552e+08    7.66193e+13
            139    1.12769e+08    7.67579e+13
          139.5    1.13996e+08    7.68953e+13
            140    1.15229e+08    7.70339e+13
          140.5    1.16476e+08    7.71694e+13
            141     1.1773e+08     7.7306e+13
          141.5    1.18992e+08    7.74429e+13
            142    1.20267e+08    7.75765e+13
          142.5    1.21549e+08     7.7712e+13
            143    1.22842e+08    7.78449e+13
          143.5    1.24146e+08    7.79777e+13
            144    1.25459e+08    7.81097e+13
          144.5    1.26779e+08    7.82425e+13
            145    1.28113e+08    7.83727e+13
          145.5    1.29454e+08    7.85043e+13
            146    1.30807e+08    7.86334e+13
          146.5     1.3217e+08    7.87625e+13
            147    1.33541e+08    7.88921e+13
          147.5    1.34924e+08      7.902e+13
            148    1.36317e+08    7.91472e+13
          148.5     1.3772e+08    7.92739e+13
            149    1.39135e+08    7.93991e+13
          149.5    1.40559e+08    7.95248e+13
            150    1.41991e+08    7.96512e+13
          150.5    1.43437e+08    7.97747e+13
            151     1.4489e+08    7.98996e+13
          151.5    1.46357e+08    8.00224e+13
            152    1.47833e+08    8.01448e+13
          152.5    1.49318e+08     8.0268e+13
            153    1.50814e+08    8.03901e+13
          153.5    1.52325e+08    8.05098e+13
            154    1.53842e+08    8.06311e+13
          154.5    1.55372e+08    8.07505e+13
            155    1.56913e+08    8.08696e+13
          155.5    1.58463e+08    8.09892e+13
            156    1.60027e+08    8.11065e+13
          156.5      1.616e+08    8.12243e+13
            157    1.63183e+08    8.13421e+13
          157.5    1.64779e+08    8.14586e+13
            158    1.66384e+08    8.15751e+13
          158.5       1.68e+08    8.16916e+13
            159    1.69632e+08    8.18049e+13
          159.5    1.71271e+08    8.19201e+13
            160    1.72922e+08    8.20343e+13
          160.5    1.74585e+08    8.21477e+13
            161    1.76257e+08    8.22617e+13
          161.5    1.77942e+08    8.23742e+13
            162    1.79641e+08    8.24854e+13
          162.5    1.81347e+08    8.25977e+13
            163    1.83067e+08    8.27086e+13
          163.5    1.84799e+08     8.2819e+13
            164     1.8654e+08    8.29301e+13
          164.5    1.88298e+08    8.30386e+13
            165    1.90065e+08    8.31475e+13
          165.5    1.91842e+08    8.32569e+13
            166    1.93631e+08    8.33653e+13
          166.5    1.95434e+08    8.34728e+13
            167    1.97247e+08    8.35806e+13
          167.5    1.99076e+08    8.36863e+13
            168    2.00912e+08    8.37935e+13
          168.5    2.02761e+08    8.38995e+13
            169    2.04624e+08    8.40048e+13
          169.5    2.06498e+08      8.411e+13
            170    2.08385e+08    8.42143e+13
          170.5    2.10285e+08     8.4318e+13
            171    2.12195e+08    8.44221e+13
          171.5     2.1412e+08     8.4525e+13
            172    2.16058e+08    8.46269e+13
          172.5    2.18004e+08    8.47303e+13
            173    2.19967e+08    8.48312e+13
          173.5    2.21939e+08    8.49332e+13
            174    2.23924e+08    8.50347e+13
          174.5    2.25925e+08    8.51347e+13
            175    2.27937e+08    8.52346e+13
          175.5     2.2996e+08     8.5335e+13
            176    2.31999e+08    8.54337e+13
          176.5    2.34048e+08     8.5533e+13
            177    2.36109e+08    8.56321e+13
          177.5    2.38188e+08    8.57292e+13
            178    2.40276e+08    8.58273e+13
          178.5    2.42378e+08    8.59244e+13
            179    2.44494e+08    8.60209e+13
          179.5    2.46621e+08    8.61179e+13
            180    2.48761e+08    8.62143e+13
          180.5    2.50918e+08    8.63091e+13
            181    2.53085e+08    8.64049e+13
          181.5    2.55267e+08    8.64996e+13
            182    2.57462e+08     8.6594e+13
          182.5    2.59669e+08    8.66884e+13
            183    2.61891e+08    8.67818e+13
          183.5    2.64126e+08    8.68754e+13
            184    2.66374e+08    8.69686e+13
          184.5    2.68637e+08     8.7061e+13
            185    2.70912e+08    8.71533e+13
          185.5    2.73201e+08    8.72455e+13
            186    2.75507e+08    8.73362e+13
          186.5    2.77823e+08    8.74277e+13
            187    2.80156e+08    8.75181e+13
          187.5    2.82502e+08     8.7608e+13
            188    2.84861e+08    8.76983e+13
          188.5    2.87234e+08    8.77879e+13
            189    2.89622e+08    8.78771e+13
          189.5    2.92022e+08    8.79664e+13
            190    2.94438e+08    8.80549e+13
          190.5    2.96869e+08    8.81427e+13
            191    2.99311e+08    8.82314e+13
          191.5    3.01772e+08    8.83183e+13
            192    3.04244e+08    8.84055e+13
          192.5    3.06731e+08    8.84925e+13
            193    3.09234e+08    8.85788e+13
          193.5     3.1175e+08     8.8665e+13
            194    3.14281e+08    8.87508e+13
          194.5    3.16828e+08    8.88359e+13
            195    3.19388e+08    8.89212e+13
          195.5    3.21962e+08    8.90064e+13
            196    3.24553e+08    8.90905e+13
          196.5    3.27155e+08    8.91754e+13
            197    3.29777e+08    8.92586e+13
          197.5    3.32412e+08     8.9342e+13
            198    3.35061e+08    8.94252e+13
          198.5    3.37726e+08    8.95081e+13
            199    3.40405e+08    8.95907e+13
          199.5    3.43099e+08    8.96733e+13
            200     3.4581e+08    8.97549e+13
          200.5    3.48535e+08    8.98365e+13
            201    3.51275e+08    8.99181e+13
          201.5    3.54032e+08    8.99987e+13
            202    3.56802e+08    9.00798e+13
          202.5    3.59591e+08    9.01596e+13
            203    3.62394e+08    9.02394e+13
          203.5    3.65212e+08    9.03191e+13
            204    3.68045e+08    9.03988e+13
          204.5    3.70895e+08    9.04777e+13
            205    3.73758e+08     9.0557e+13
          205.5     3.7664e+08    9.06352e+13
            206    3.79537e+08    9.07133e+13
          206.5    3.82447e+08    9.07919e+13
            207    3.85377e+08    9.08693e+13
          207.5     3.8832e+08    9.09468e+13
            208    3.91281e+08    9.10238e+13
          208.5    3.94258e+08    9.11004e+13
            209    3.97251e+08    9.11769e+13
          209.5    4.00259e+08    9.12534e+13
            210    4.03286e+08    9.13288e+13
          210.5    4.06326e+08    9.14048e+13
            211    4.09384e+08    9.14801e+13
          211.5    4.12459e+08    9.15551e+13
            212    4.15547e+08    9.16305e+13
          212.5    4.18653e+08    9.17051e+13
            213    4.21779e+08    9.17789e+13
          213.5    4.24919e+08    9.18531e+13
            214    4.28076e+08    9.19267e+13
          214.5     4.3125e+08    9.20001e+13
            215    4.34437e+08     9.2074e+13
          215.5    4.37646e+08    9.21466e+13
            216    4.40869e+08    9.22193e+13
          216.5     4.4411e+08    9.22918e+13
            217    4.47368e+08    9.23639e+13
          217.5    4.50644e+08    9.24356e+13
            218    4.53934e+08    9.25076e+13
          218.5    4.57247e+08    9.25783e+13
            219    4.60572e+08    9.26496e+13
          219.5    4.63916e+08    9.27205e+13
            220    4.67277e+08     9.2791e+13
          220.5    4.70654e+08    9.28617e+13
            221     4.7405e+08    9.29317e+13
          221.5    4.77464e+08    9.30014e+13
            222    4.80893e+08    9.30714e+13
          222.5    4.84341e+08    9.31407e+13
            223    4.87808e+08    9.32096e+13
          223.5    4.91289e+08     9.3279e+13
            224    4.94793e+08     9.3347e+13
          224.5    4.98312e+08    9.34155e+13
            225    5.01848e+08    9.34838e+13
          225.5    5.05404e+08    9.35515e+13
            226    5.08977e+08    9.36191e+13
          226.5    5.12566e+08    9.36868e+13
            227    5.16177e+08    9.37536e+13
          227.5    5.19802e+08    9.38209e+13
            228    5.23446e+08    9.38879e+13
          228.5    5.27111e+08    9.39542e+13
            229    5.30791e+08    9.40206e+13
          229.5    5.34492e+08    9.40865e+13
            230    5.38211e+08    9.41522e+13
          230.5    5.41946e+08     9.4218e+13
            231      5.457e+08    9.42837e+13
          231.5    5.49475e+08    9.43484e+13
            232    5.53266e+08    9.44137e+13
          232.5    5.57079e+08     9.4478e+13
            233    5.60908e+08    9.45425e+13
          233.5    5.64757e+08    9.46068e+13
            234    5.68624e+08    9.46709e+13
          234.5     5.7251e+08    9.47346e+13
            235    5.76415e+08    9.47983e+13
          235.5     5.8034e+08    9.48615e+13
            236    5.84283e+08    9.49247e+13
          236.5    5.88244e+08    9.49878e+13
            237    5.92227e+08    9.50502e+13
          237.5    5.96225e+08    9.51133e+13
            238    6.00246e+08    9.51753e+13
          238.5    6.04286e+08    9.52374e+13
            239    6.08344e+08    9.52994e+13
          239.5    6.12421e+08    9.53612e+13
            240     6.1652e+08    9.54225e+13
          240.5    6.20636e+08    9.54838e+13
            241    6.24774e+08    9.55448e+13
          241.5     6.2893e+08    9.56055e+13
            242    6.33105e+08    9.56664e+13
          242.5    6.37302e+08    9.57267e+13
            243    6.41517e+08    9.57871e+13
          243.5    6.45752e+08    9.58472e+13
            244    6.50007e+08    9.59071e+13
          244.5    6.54282e+08    9.59669e+13
            245    6.58576e+08    9.60265e+13
          245.5    6.62893e+08    9.60855e+13
            246    6.67228e+08    9.61448e+13
          246.5    6.71584e+08    9.62036e+13
            247     6.7596e+08    9.62623e+13
          247.5    6.80356e+08    9.63209e+13
            248    6.84773e+08    9.63792e+13
          248.5    6.89211e+08    9.64372e+13
            249    6.93668e+08    9.64952e+13
          249.5    6.98147e+08    9.65529e+13
            250    7.02646e+08    9.66104e+13
          250.5    7.07163e+08    9.66682e+13
            251    7.11706e+08    9.67251e+13
          251.5    7.16268e+08     9.6782e+13
            252     7.2085e+08    9.68388e+13
          252.5    7.25453e+08    9.68954e+13
            253    7.30075e+08    9.69521e+13
          253.5    7.34719e+08    9.70085e+13
            254    7.39386e+08    9.70644e+13
          254.5    7.44073e+08    9.71203e+13
            255    7.48781e+08    9.71761e+13
          255.5    7.53511e+08    9.72316e+13
            256     7.5826e+08    9.72872e+13
          256.5    7.63034e+08    9.73422e+13
            257    7.67828e+08    9.73972e+13
          257.5    7.72643e+08    9.74521e+13
            258    7.77479e+08    9.75068e+13
          258.5    7.82337e+08    9.75614e+13
            259    7.87216e+08    9.76158e+13
          259.5    7.92118e+08    9.76699e+13
            260    7.97041e+08    9.77239e+13
          260.5    8.01984e+08     9.7778e+13
            261    8.06952e+08    9.78315e+13
          261.5    8.11939e+08    9.78852e+13
            262    8.16951e+08    9.79384e+13
          262.5    8.21985e+08    9.79914e+13
            263    8.27038e+08    9.80446e+13
          263.5    8.32115e+08    9.80975e+13
            264    8.37216e+08    9.81499e+13
          264.5    8.42337e+08    9.82026e+13
            265    8.47481e+08    9.82549e+13
          265.5    8.52649e+08    9.83069e+13
            266    8.57835e+08    9.83592e+13
          266.5    8.63046e+08     9.8411e+13
            267    8.68281e+08    9.84627e+13
          267.5    8.73539e+08    9.85141e+13
            268    8.78818e+08    9.85654e+13
          268.5    8.84119e+08    9.86167e+13
            269    8.89442e+08     9.8668e+13
          269.5    8.94791e+08    9.87188e+13
            270    9.00161e+08    9.87696e+13
          270.5    9.05555e+08    9.88202e+13
            271    9.10972e+08    9.88706e+13
          271.5     9.1641e+08     9.8921e+13
            272    9.21874e+08    9.89711e+13
          272.5    9.27361e+08     9.9021e+13
            273     9.3287e+08    9.90708e+13
          273.5    9.38402e+08    9.91206e+13
            274    9.43959e+08    9.91701e+13
          274.5    9.49537e+08    9.92197e+13
            275    9.55141e+08    9.92687e+13
          275.5    9.60767e+08    9.93179e+13
            276    9.66416e+08     9.9367e+13
          276.5     9.7209e+08    9.94158e+13
            277    9.77787e+08    9.94645e+13
          277.5    9.83508e+08     9.9513e+13
            278    9.89255e+08    9.95613e+13
          278.5    9.95024e+08    9.96095e+13
            279    1.00082e+09    9.96577e+13
          279.5    1.00663e+09    9.97055e+13
            280    1.01248e+09    9.97534e+13
          280.5    1.01834e+09     9.9801e+13
            281    1.02423e+09    9.98485e+13
          281.5    1.03015e+09    9.98959e+13
            282    1.03608e+09    9.99433e+13
          282.5    1.04205e+09    9.99903e+13
            283    1.04803e+09    1.00037e+14
          283.5    1.05405e+09    1.00084e+14
            284    1.06008e+09    1.00131e+14
          284.5    1.06614e+09    1.00177e+14
            285    1.07223e+09    1.00224e+14
          285.5    1.07834e+09     1.0027e+14
            286    1.08447e+09    1.00316e+14
          286.5    1.09064e+09    1.00362e+14
            287    1.09682e+09    1.00408e+14
          287.5    1.10303e+09    1.00454e+14
            288    1.10927e+09    1.00499e+14
          288.5    1.11553e+09    1.00545e+14
            289    1.12181e+09     1.0059e+14
          289.5    1.12812e+09    1.00635e+14
            290    1.13446e+09    1.00681e+14
          290.5    1.14082e+09    1.00726e+14
            291    1.14721e+09     1.0077e+14
          291.5    1.15362e+09    1.00815e+14
            292    1.16006e+09     1.0086e+14
          292.5    1.16652e+09    1.00904e+14
            293    1.17301e+09    1.00949e+14
          293.5    1.17953e+09    1.00993e+14
            294    1.18607e+09    1.01037e+14
          294.5    1.19263e+09    1.01081e+14
            295    1.19923e+09    1.01125e+14
          295.5    1.20585e+09    1.01168e+14
            296    1.21249e+09    1.01212e+14
          296.5    1.21916e+09    1.01255e+14
            297    1.22586e+09    1.01299e+14
          297.5    1.23258e+09    1.01342e+14
            298    1.23933e+09    1.01385e+14
          298.5    1.24611e+09    1.01428e+14
            299    1.25291e+09    1.01471e+14
          299.5    1.25974e+09    1.01513e+14
            300    1.26659e+09    1.01556e+14
          300.5    1.27348e+09    1.01599e+14
            301    1.28038e+09    1.01641e+14
          301.5    1.28732e+09    1.01683e+14
            302    1.29428e+09    1.01725e+14
          302.5    1.30127e+09    1.01767e+14
            303    1.30829e+09    1.01809e+14
          303.5    1.31533e+09    1.01851e+14
            304     1.3224e+09    1.01892e+14
          304.5     1.3295e+09    1.01934e+14
            305    1.33662e+09    1.01976e+14
          305.5    1.34377e+09    1.02017e+14
            306    1.35095e+09    1.02058e+14
          306.5    1.35816e+09    1.02099e+14
            307    1.36539e+09     1.0214e+14
          307.5    1.37265e+09    1.02181e+14
            308    1.37994e+09    1.02222e+14
          308.5    1.38726e+09    1.02262e+14
            309     1.3946e+09    1.02303e+14
          309.5    1.40197e+09    1.02343e+14
            310    1.40937e+09    1.02384e+14
          310.5     1.4168e+09    1.02424e+14
            311    1.42425e+09    1.02464e+14
          311.5    1.43174e+09    1.02504e+14
            312    1.43925e+09    1.02544e+14
          312.5    1.44679e+09    1.02584e+14
            313    1.45435e+09    1.02623e+14
          313.5    1.46195e+09    1.02663e+14
            314    1.46957e+09    1.02702e+14
          314.5    1.47722e+09    1.02742e+14
            315    1.48491e+09    1.02781e+14
          315.5    1.49261e+09     1.0282e+14
            316    1.50035e+09    1.02859e+14
          316.5    1.50812e+09    1.02898e+14
            317    1.51591e+09    1.02937e+14
          317.5    1.52374e+09    1.02976e+14
            318    1.53159e+09    1.03014e+14
          318.5    1.53947e+09    1.03053e+14
            319    1.54738e+09    1.03091e+14
          319.5    1.55532e+09    1.03129e+14
            320    1.56329e+09    1.03168e+14
          320.5    1.57129e+09    1.03206e+14
            321    1.57931e+09    1.03244e+14
          321.5    1.58737e+09    1.03282e+14
            322    1.59545e+09    1.03319e+14
          322.5    1.60357e+09    1.03357e+14
            323    1.61171e+09    1.03395e+14
          323.5    1.61988e+09    1.03432e+14
            324    1.62809e+09     1.0347e+14
          324.5    1.63632e+09    1.03507e+14
            325    1.64458e+09    1.03544e+14
          325.5    1.65287e+09    1.03581e+14
            326     1.6612e+09    1.03618e+14
          326.5    1.66955e+09    1.03655e+14
            327    1.67793e+09    1.03692e+14
          327.5    1.68634e+09    1.03729e+14
            328    1.69478e+09    1.03765e+14
          328.5    1.70325e+09    1.03802e+14
            329    1.71176e+09    1.03838e+14
          329.5    1.72029e+09    1.03875e+14
            330    1.72885e+09    1.03911e+14
          330.5    1.73745e+09    1.03947e+14
            331    1.74607e+09    1.03983e+14
          331.5    1.75472e+09    1.04019e+14
            332    1.76341e+09    1.04055e+14
          332.5    1.77212e+09    1.04091e+14
            333    1.78087e+09    1.04127e+14
          333.5    1.78965e+09    1.04162e+14
            334    1.79845e+09    1.04198e+14
          334.5    1.80729e+09    1.04233e+14
            335    1.81616e+09    1.04268e+14
          335.5    1.82506e+09    1.04304e+14
            336    1.83399e+09    1.04339e+14
          336.5    1.84296e+09    1.04374e+14
            337    1.85195e+09    1.04409e+14
          337.5    1.86098e+09    1.04444e+14
            338    1.87003e+09    1.04479e+14
          338.5    1.87912e+09    1.04513e+14
            339    1.88824e+09    1.04548e+14
          339.5    1.89739e+09    1.04582e+14
            340    1.90657e+09    1.04617e+14
          340.5    1.91579e+09    1.04651e+14
            341    1.92504e+09    1.04685e+14
          341.5    1.93432e+09     1.0472e+14
            342    1.94363e+09    1.04754e+14
          342.5    1.95297e+09    1.04788e+14
            343    1.96234e+09    1.04822e+14
          343.5    1.97175e+09    1.04856e+14
            344    1.98119e+09    1.04889e+14
          344.5    1.99066e+09    1.04923e+14
            345    2.00016e+09    1.04957e+14
          345.5    2.00969e+09     1.0499e+14
            346    2.01926e+09    1.05024e+14
          346.5    2.02886e+09    1.05057e+14
            347     2.0385e+09     1.0509e+14
          347.5    2.04816e+09    1.05123e+14
            348    2.05786e+09    1.05157e+14
          348.5    2.06759e+09    1.05189e+14
            349    2.07735e+09    1.05222e+14
          349.5    2.08715e+09    1.05255e+14
            350    2.09698e+09    1.05288e+14
          350.5    2.10684e+09    1.05321e+14
            351    2.11674e+09    1.05353e+14
          351.5    2.12667e+09    1.05386e+14
            352    2.13663e+09    1.05418e+14
          352.5    2.14662e+09    1.05451e+14
            353    2.15665e+09    1.05483e+14
          353.5    2.16671e+09    1.05515e+14
            354    2.17681e+09    1.05547e+14
          354.5    2.18694e+09     1.0558e+14
            355     2.1971e+09    1.05611e+14
          355.5     2.2073e+09    1.05643e+14
            356    2.21753e+09    1.05675e+14
          356.5    2.22779e+09    1.05707e+14
            357    2.23809e+09    1.05739e+14
          357.5    2.24842e+09     1.0577e+14
            358    2.25879e+09    1.05802e+14
          358.5    2.26919e+09    1.05833e+14
            359    2.27962e+09    1.05865e+14
          359.5    2.29009e+09    1.05896e+14
            360    2.30059e+09    1.05927e+14
          360.5    2.31113e+09    1.05958e+14
            361     2.3217e+09    1.05989e+14
          361.5    2.33231e+09     1.0602e+14
            362    2.34295e+09    1.06051e+14
          362.5    2.35362e+09    1.06082e+14
            363    2.36433e+09    1.06113e+14
          363.5    2.37508e+09    1.06144e+14
            364    2.38585e+09    1.06174e+14
          364.5    2.39667e+09    1.06205e+14
            365    2.40752e+09    1.06235e+14
          365.5     2.4184e+09    1.06266e+14
            366    2.42932e+09    1.06296e+14
          366.5    2.44028e+09    1.06326e+14
            367    2.45127e+09    1.06356e+14
          367.5    2.46229e+09    1.06387e+14
            368    2.47335e+09    1.06416e+14
          368.5    2.48445e+09    1.06447e+14
            369    2.49558e+09    1.06476e+14
          369.5    2.50674e+09    1.06506e+14
            370    2.51795e+09    1.06536e+14
          370.5    2.52919e+09    1.06566e+14
            371    2.54046e+09    1.06595e+14
          371.5    2.55177e+09    1.06625e+14
            372    2.56312e+09    1.06655e+14
          372.5     2.5745e+09    1.06684e+14
            373    2.58592e+09    1.06713e+14
          373.5    2.59737e+09    1.06742e+14
            374    2.60886e+09    1.06772e+14
          374.5    2.62039e+09    1.06801e+14
            375    2.63195e+09     1.0683e+14
          375.5    2.64355e+09    1.06859e+14
            376    2.65518e+09    1.06888e+14
          376.5    2.66686e+09    1.06917e+14
            377    2.67856e+09    1.06946e+14
          377.5    2.69031e+09    1.06974e+14
            378    2.70209e+09    1.07003e+14
          378.5    2.71391e+09    1.07032e+14
            379    2.72577e+09     1.0706e+14
          379.5    2.73766e+09    1.07089e+14
            380    2.74959e+09    1.07117e+14
          380.5    2.76156e+09    1.07146e+14
            381    2.77356e+09    1.07174e+14
          381.5     2.7856e+09    1.07202e+14
            382    2.79768e+09     1.0723e+14
          382.5     2.8098e+09    1.07258e+14
            383    2.82195e+09    1.07286e+14
          383.5    2.83414e+09    1.07314e+14
            384    2.84637e+09    1.07342e+14
          384.5    2.85864e+09     1.0737e+14
            385    2.87094e+09    1.07398e+14
          385.5    2.88328e+09    1.07426e+14
            386    2.89566e+09    1.07453e+14
          386.5    2.90808e+09    1.07481e+14
            387    2.92053e+09    1.07508e+14
          387.5    2.93303e+09    1.07536e+14
            388    2.94556e+09    1.07563e+14
          388.5    2.95813e+09    1.07591e+14
            389    2.97074e+09    1.07618e+14
          389.5    2.98338e+09    1.07645e+14
            390    2.99606e+09    1.07672e+14
          390.5    3.00879e+09    1.07699e+14
            391    3.02155e+09    1.07726e+14
          391.5    3.03435e+09    1.07753e+14
            392    3.04719e+09     1.0778e+14
          392.5    3.06007e+09    1.07807e+14
            393    3.07298e+09    1.07834e+14
          393.5    3.08594e+09    1.07861e+14
            394    3.09893e+09    1.07887e+14
          394.5    3.11197e+09    1.07914e+14
            395    3.12504e+09    1.07941e+14
          395.5    3.13815e+09    1.07967e+14
            396     3.1513e+09    1.07994e+14
          396.5    3.16449e+09     1.0802e+14
            397    3.17772e+09    1.08046e+14
          397.5    3.19099e+09    1.08072e+14
            398     3.2043e+09    1.08099e+14
          398.5    3.21765e+09    1.08125e+14
            399    3.23104e+09    1.08151e+14
          399.5    3.24447e+09    1.08177e+14
            400    3.25793e+09    1.08203e+14
          400.5    3.27143e+09    1.08229e+14
            401    3.28496e+09    1.08256e+14
          401.5    3.29853e+09    1.08282e+14
            402    3.31214e+09    1.08308e+14
          402.5    3.32579e+09    1.08335e+14
            403    3.33949e+09    1.08361e+14
          403.5    3.35322e+09    1.08387e+14
            404    3.36699e+09    1.08413e+14
          404.5     3.3808e+09    1.08439e+14
            405    3.39465e+09    1.08465e+14
          405.5    3.40854e+09    1.08491e+14
            406    3.42248e+09    1.08517e+14
          406.5    3.43645e+09    1.08543e+14
            407    3.45046e+09    1.08569e+14
          407.5    3.46451e+09    1.08595e+14
            408    3.47861e+09     1.0862e+14
          408.5    3.49274e+09    1.08646e+14
            409    3.50691e+09    1.08672e+14
          409.5    3.52113e+09    1.08697e+14
            410    3.53539e+09    1.08723e+14
          410.5    3.54968e+09    1.08748e+14
            411    3.56402e+09    1.08774e+14
          411.5     3.5784e+09    1.08799e+14
            412    3.59282e+09    1.08825e+14
          412.5    3.60728e+09     1.0885e+14
            413    3.62178e+09    1.08875e+14
          413.5    3.63633e+09    1.08901e+14
            414    3.65091e+09    1.08926e+14
          414.5    3.66554e+09    1.08951e+14
            415     3.6802e+09    1.08976e+14
          415.5    3.69491e+09    1.09001e+14
            416    3.70966e+09    1.09026e+14
          416.5    3.72446e+09    1.09051e+14
            417    3.73929e+09    1.09076e+14
          417.5    3.75417e+09    1.09101e+14
            418    3.76908e+09    1.09126e+14
          418.5    3.78404e+09    1.09151e+14
            419    3.79905e+09    1.09176e+14
          419.5    3.81409e+09    1.09201e+14
            420    3.82918e+09    1.09225e+14
          420.5     3.8443e+09     1.0925e+14
            421    3.85947e+09    1.09275e+14
          421.5    3.87469e+09    1.09299e+14
            422    3.88994e+09    1.09324e+14
          422.5    3.90524e+09    1.09348e+14
            423    3.92058e+09    1.09373e+14
          423.5    3.93596e+09    1.09397e+14
            424    3.95139e+09    1.09422e+14
          424.5    3.96686e+09    1.09446e+14
            425    3.98237e+09     1.0947e+14
          425.5    3.99792e+09    1.09495e+14
            426    4.01352e+09    1.09519e+14
          426.5    4.02916e+09    1.09543e+14
            427    4.04484e+09    1.09567e+14
          427.5    4.06057e+09    1.09591e+14
            428    4.07634e+09    1.09615e+14
          428.5    4.09215e+09     1.0964e+14
            429    4.10801e+09    1.09664e+14
          429.5    4.12391e+09    1.09687e+14
            430    4.13985e+09    1.09711e+14
          430.5    4.15584e+09    1.09735e+14
            431    4.17187e+09    1.09759e+14
          431.5    4.18795e+09    1.09783e+14
            432    4.20407e+09    1.09807e+14
          432.5    4.22023e+09     1.0983e+14
            433    4.23643e+09    1.09854e+14
          433.5    4.25269e+09    1.09878e+14
            434    4.26898e+09    1.09901e+14
          434.5    4.28532e+09    1.09925e+14
            435     4.3017e+09    1.09949e+14
          435.5    4.31813e+09    1.09972e+14
            436     4.3346e+09    1.09996e+14
          436.5    4.35112e+09    1.10019e+14
            437    4.36768e+09    1.10042e+14
          437.5    4.38428e+09    1.10066e+14
            438    4.40093e+09    1.10089e+14
          438.5    4.41763e+09    1.10112e+14
            439    4.43437e+09    1.10136e+14
          439.5    4.45115e+09    1.10159e+14
            440    4.46798e+09    1.10182e+14
          440.5    4.48485e+09    1.10205e+14
            441    4.50177e+09    1.10228e+14
          441.5    4.51874e+09    1.10251e+14
            442    4.53575e+09    1.10274e+14
          442.5     4.5528e+09    1.10297e+14
            443     4.5699e+09     1.1032e+14
          443.5    4.58705e+09    1.10343e+14
            444    4.60424e+09    1.10366e+14
          444.5    4.62148e+09    1.10389e+14
            445    4.63876e+09    1.10412e+14
          445.5    4.65609e+09    1.10434e+14
            446    4.67346e+09    1.10457e+14
          446.5    4.69088e+09     1.1048e+14
            447    4.70835e+09    1.10503e+14
          447.5    4.72586e+09    1.10525e+14
            448    4.74342e+09    1.10548e+14
          448.5    4.76102e+09     1.1057e+14
            449    4.77868e+09    1.10593e+14
          449.5    4.79637e+09    1.10615e+14
            450    4.81412e+09    1.10638e+14
