Wells (G - ground energy, D - dissociation limit, kcal/mol):
      Name        G        D
        W0      0.1     -0.1
        W1      0.2      0.0
        W2      0.1     -0.1
        W3      0.2     -0.1
        W4    -86.7     -5.7
       W5t    -34.5     -7.5
       W5c    -29.7     -7.5

Bimolecular Products (G - ground energy, kcal/mol):
      Name        G
        P1      0.0
        P2    -88.7

Well-to-Bimolecular Barriers (H/G - barrier height/well depth, kcal/mol)
      Name        H     Well        G  Product
        B0      0.0       W0      0.1       P1
        B1      0.0       W1      0.2       P1
        B2      0.0       W2      0.1       P1
        B3      0.0       W3      0.2       P1
        B5     -0.1       W2      0.1       P2
       B12     -5.7       W4    -86.7       P2
       B13     17.1      W5t    -34.5       P2

Well-to-Well Barriers (H/G - barrier height/well depth, kcal/mol):
      Name        H     Well       G1     Well       G2
        B4     -0.1       W0      0.1       W4    -86.7
       B6t      7.4       W1      0.2      W5t    -34.5
       B6c     -0.1       W3      0.2      W5c    -29.7
        B7     -0.0       W0      0.1       W2      0.1
        B8      0.0       W0      0.1       W1      0.2
        B9      0.0       W2      0.1       W3      0.2
       B10      0.1       W0      0.1       W3      0.2
       B11      0.0       W1      0.2       W3      0.2
       B14     -4.5       W4    -86.7      W5t    -34.5
       B15     -7.5      W5t    -34.5      W5c    -29.7

________________________________________________________________________________________

Unimolecular Rate Units: 1/sec;  Bimolecular Rate Units: cm^3/sec

______________________________________________________________________________________

Species-Species Rate Tables:

Temperature = 250 K

High Pressure Rate Coefficients:

From\To            W0           W1           W2           W3           W4          W5t          W5c           P1           P2
W0                ***  5.62694e+12   7.7328e+12  2.99627e+12  4.16072e+11          ***          ***  1.85605e+12          ***
W1        1.37088e+13          ***          ***   6.6503e+12          ***       235885          ***  2.34457e+12          ***
W2         7.7328e+12          ***          ***  2.65443e+12          ***          ***          ***  1.87033e+12  3.53891e+11
W3           1.33e+13  1.21167e+13  1.17826e+13          ***          ***          ***  7.21758e+10  3.54635e+12          ***
W4        6.02256e-62          ***          ***          ***          ***  8.75252e-51          ***          ***  2.57955e-45
W5t               ***  2.68448e-23          ***          ***  1.67652e-05          ***  1.57431e-08          ***   1.3189e-15
W5c               ***          ***          ***  7.19108e-14          ***  0.000251116          ***          ***          ***
P1        5.81339e-10  3.01422e-10  5.85813e-10  2.50237e-10          ***          ***          ***          ***          ***
P2                ***          ***  2.08376e-87          ***  1.04933e-70  2.80094e-86          ***          ***          ***

Temperature = 250 K    Pressure = 0.1 atm

From\To            W0           W1           W2           W3           W4          W5t          W5c           P1           P2
W0                ***          ***          ***          ***          ***          ***          ***          ***          ***
W1                ***          ***          ***          ***          ***          ***          ***          ***          ***
W2                ***          ***          ***          ***          ***          ***          ***          ***          ***
W3                ***          ***          ***          ***          ***          ***          ***          ***          ***
W4                ***          ***          ***          ***  3.12857e-56          ***          ***  2.21804e-65  3.12857e-56
W5t               ***          ***          ***          ***          ***          ***          ***          ***          ***
W5c               ***          ***          ***          ***          ***          ***          ***          ***          ***
P1                ***          ***          ***          ***  3.90714e-14          ***          ***  1.63069e-10   1.6303e-10
P2                ***          ***          ***          ***  1.03604e-81          ***          ***  3.06483e-87  1.03604e-81

Temperature = 250 K    Pressure = 0.5 atm

From\To            W0           W1           W2           W3           W4          W5t          W5c           P1           P2
W0                ***          ***          ***          ***          ***          ***          ***          ***          ***
W1                ***          ***          ***          ***          ***          ***          ***          ***          ***
W2                ***          ***          ***          ***          ***          ***          ***          ***          ***
W3                ***          ***          ***          ***          ***          ***          ***          ***          ***
W4                ***          ***          ***          ***  3.69619e-56          ***          ***  1.89625e-64  3.69619e-56
W5t               ***          ***          ***          ***          ***          ***          ***          ***          ***
W5c               ***          ***          ***          ***          ***          ***          ***          ***          ***
P1                ***          ***          ***          ***  3.66148e-13          ***          ***  1.64391e-10  1.64025e-10
P2                ***          ***          ***          ***  1.34169e-81          ***          ***  3.08354e-87   1.3417e-81

Temperature = 250 K    Pressure = 1 atm

From\To            W0           W1           W2           W3           W4          W5t          W5c           P1           P2
W0                ***          ***          ***          ***          ***          ***          ***          ***          ***
W1                ***          ***          ***          ***          ***          ***          ***          ***          ***
W2                ***          ***          ***          ***          ***          ***          ***          ***          ***
W3                ***          ***          ***          ***          ***          ***          ***          ***          ***
W4                ***          ***          ***          ***  3.81266e-56          ***          ***  4.95671e-64  3.81266e-56
W5t               ***          ***          ***          ***          ***          ***          ***          ***          ***
W5c               ***          ***          ***          ***          ***          ***          ***          ***          ***
P1                ***          ***          ***          ***  9.72025e-13          ***          ***  1.65841e-10  1.64869e-10
P2                ***          ***          ***          ***  1.40557e-81          ***          ***  3.09941e-87  1.40557e-81

Temperature = 250 K    Pressure = 2 atm

From\To            W0           W1           W2           W3           W4          W5t          W5c           P1           P2
W0                ***          ***          ***          ***          ***          ***          ***          ***          ***
W1                ***          ***          ***          ***          ***          ***          ***          ***          ***
W2                ***          ***          ***          ***          ***          ***          ***          ***          ***
W3                ***          ***          ***          ***          ***          ***          ***          ***          ***
W4                ***          ***          ***          ***  3.88471e-56          ***          ***  1.40954e-63  3.88471e-56
W5t               ***          ***          ***          ***          ***          ***          ***          ***          ***
W5c               ***          ***          ***          ***          ***          ***          ***          ***          ***
P1                ***          ***          ***          ***  2.78941e-12          ***          ***   1.6832e-10