Wells (G - ground energy, D - dissociation limit, kcal/mol):
      Name        G        D
        W1    -88.2      0.0

Bimolecular Products (G - ground energy, kcal/mol):
      Name        G
        P1      0.0
        P2     11.2
        P3    -46.9

Well-to-Bimolecular Barriers (H/G - barrier height/well depth, kcal/mol)
      Name        H     Well        G  Product
        B1      0.0       W1    -88.2       P1
        B2     11.2       W1    -88.2       P2
        B3     33.3       W1    -88.2       P3

________________________________________________________________________________________

Unimolecular Rate Units: 1/sec;  Bimolecular Rate Units: cm^3/sec

______________________________________________________________________________________

Species-Species Rate Tables:

Temperature = 290 K

High Pressure Rate Coefficients:

From\To            W1           P1           P2           P3
W1                ***  1.16785e-51  1.89521e-60  1.08661e-63
P1        5.11367e-11          ***          ***          ***
P2        1.88022e-10          ***          ***          ***
P3        1.21008e-56          ***          ***          ***

Temperature = 290 K    Pressure = 1 atm

From\To            W1           P1           P2           P3
W1        1.16376e-51  1.16376e-51  7.64915e-61  4.00494e-67
P1        5.09574e-11  5.09574e-11  4.94606e-20  4.13157e-30
P2        7.58865e-11  1.12064e-10   1.8795e-10  1.62274e-25
P3        4.46004e-60  1.05078e-63  1.82154e-68  4.46109e-60

Temperature = 350 K

High Pressure Rate Coefficients:

From\To            W1           P1           P2           P3
W1                ***   4.6649e-40   1.8374e-47  2.65422e-55
P1        4.86162e-11          ***          ***          ***
P2        1.95065e-10          ***          ***          ***
P3        9.41934e-54          ***          ***          ***

Temperature = 350 K    Pressure = 1 atm

From\To            W1           P1           P2           P3
W1        4.61491e-40  4.61491e-40  5.72646e-48  3.50837e-56
P1        4.80952e-11  4.80952e-11   1.3171e-18  3.06771e-29
P2        6.07943e-11  1.34171e-10  1.94965e-10  6.19191e-25
P3        1.24506e-54  1.04463e-56  2.06982e-60   1.2555e-54

Temperature = 375 K

High Pressure Rate Coefficients:

From\To            W1           P1           P2           P3
W1                ***  2.59908e-36  2.86541e-43  3.19576e-52
P1        4.76975e-11          ***          ***          ***
P2        1.97825e-10          ***          ***          ***
P3        1.89368e-52          ***          ***          ***

Temperature = 375 K    Pressure = 1 atm

From\To            W1           P1           P2           P3
W1        2.55758e-36  2.55758e-36   7.9675e-44  1.20908e-52
P1         4.6936e-11   4.6936e-11  3.79325e-18  7.19306e-29
P2        5.50069e-11  1.42702e-10  1.97709e-10   1.1803e-24
P3        7.16453e-53  2.32257e-54  1.01305e-57  7.39689e-53

Temperature = 400 K

High Pressure Rate Coefficients:

From\To            W1           P1           P2           P3
W1                ***  4.96595e-33  1.34899e-39   2.6146e-49
P1        4.68571e-11          ***          ***          ***
P2        2.00487e-10          ***          ***          ***
P3        4.28631e-51          ***          ***          ***

Temperature = 400 K    Pressure = 1 atm

From\To            W1           P1           P2           P3
W1        4.85153e-33  4.85153e-33  3.33318e-40  1.63477e-49
P1        4.57775e-11  4.57775e-11  9.57526e-18  1.70196e-28
P2        4.95377e-11  1.50819e-10  2.00356e-10  2.38258e-24
P3        2.68001e-51  2.95703e-52  2.62814e-55  2.97598e-51

Temperature = 500 K

High Pressure Rate Coefficients:

From\To            W1           P1           P2           P3
W1                ***  3.63088e-23  1.49271e-28  6.75399e-39
P1        4.41907e-11          ***          ***          ***
P2        2.10224e-10          ***          ***          ***
P3        2.24929e-45          ***          ***          ***

Temperature = 500 K    Pressure = 1 atm

From\To            W1           P1           P2           P3
W1        3.36015e-23  3.36015e-23  2.24677e-29  9.93436e-40
P1        4.08956e-11  4.08957e-11   1.5416e-16  6.95933e-27
P2        3.16422e-11  1.78386e-10  2.10028e-10  5.37559e-23
P3        3.30845e-46  1.90429e-45  1.27117e-47  2.24785e-45

Temperature = 600 K

High Pressure Rate Coefficients:

From\To            W1           P1           P2           P3
W1                ***  1.41961e-16  3.63977e-21  1.10487e-30
P1        4.23722e-11          ***          ***          ***
P2        2.18703e-10          ***          ***          ***
P3        2.63923e-40          ***          ***          ***

Temperature = 600 K    Pressure = 1 atm

From\To            W1           P1           P2           P3
W1         1.1818e-16  1.18179e-16  3.25134e-22  6.66192e-33
P1         3.5274e-11   3.5275e-11  9.87777e-16  3.23098e-25
P2        1.95364e-11  1.98851e-10  2.18387e-10   9.4929e-22
P3        1.59134e-42  2.58575e-40  3.77383e-42   2.6394e-40

Temperature = 800 K

High Pressure Rate Coefficients:

From\To            W1           P1           P2           P3
W1                ***  2.51166e-08  6.69153e-12  7.20338e-20
P1        4.01708e-11          ***          ***          ***
P2          2.328e-10          ***          ***          ***
P3        1.95118e-33          ***          ***          ***

Temperature = 800 K    Pressure = 1 atm

From\To            W1           P1           P2           P3
W1         1.4351e-08  1.43508e-08   2.0262e-13  2.85395e-24
P1        2.29522e-11  2.29626e-11  1.03414e-14  1.12219e-22
P2        7.04919e-12  2.24951e-10  2.32001e-10  6.52409e-20
P3        7.73048e-38  1.90054e-33  5.07952e-35  1.95141e-33

Temperature = 900 K

High Pressure Rate Coefficients:

From\To            W1           P1           P2           P3
W1                ***  1.39756e-05  8.33365e-09  3.39683e-16
P1        3.94633e-11          ***          ***          ***
P2        2.38757e-10          ***          ***          ***
P3        4.44609e-31          ***          ***          ***

Temperature = 900 K    Pressure = 1 atm

From\To            W1           P1           P2           P3
W1        6.17223e-06  6.17208e-06  1.46065e-10  2.06008e-21
P1        1.74282e-11  1.74512e-11  2.30003e-14  9.28728e-22
P2        4.18471e-12  2.33362e-10  2.37547e-10  3.10235e-19
P3        2.69642e-36  4.30497e-31  1.41734e-32  4.44673e-31

Temperature = 1000 K

High Pressure Rate Coefficients:

From\To            W1           P1           P2           P3
W1                ***   0.00217303  2.50621e-06  3.08947e-13
P1        3.89028e-11          ***          ***          ***
P2         2.4415e-10          ***          ***          ***
P3        3.59637e-29          ***          ***          ***

Temperature = 1000 K    Pressure = 1 atm

From\To            W1           P1           P2           P3
W1        0.000716483  0.000716458  2.54686e-08  3.79892e-19
P1        1.28262e-11  1.28703e-11  4.40887e-14  5.32059e-21
P2        2.48106e-12  2.39912e-10  2.42393e-10  1.14935e-18
P3        4.42215e-35  3.45961e-29  1.37339e-30  3.59695e-29

Temperature = 1100 K

High Pressure Rate Coefficients:

From\To            W1           P1           P2           P3
W1                ***     0.133446  0.000267528  8.39018e-11
P1        3.84448e-11          ***          ***          ***
P2        2.49068e-10          ***          ***          ***
P3        1.35642e-27          ***          ***          ***

Temperature = 1100 K    Pressure = 1 atm

From\To            W1           P1           P2           P3
W1          0.0319692    0.0319676  1.58232e-06  2.58863e-17
P1        9.20927e-12  9.28513e-12  7.58574e-14  2.30869e-20
P2        1.47308e-12  2.45141e-10  2.46614e-10   3.5184e-18
P3        4.18482e-34  1.29556e-27  6.10968e-29  1.35666e-27

______________________________________________________________________________________

High Pressure Rate Coefficients (Temperature-Species Rate Tables):

   T(K)       W1->W1       W1->P1       W1->P2       W1->P3
    290          ***  1.16785e-51  1.89521e-60  1.08661e-63
    350          ***   4.6649e-40   1.8374e-47  2.65422e-55
    375          ***  2.59908e-36  2.86541e-43  3.19576e-52
    400          ***  4.96595e-33  1.34899e-39   2.6146e-49
    500          ***  3.63088e-23  1.49271e-28  6.75399e-39
    600          ***  1.41961e-16  3.63977e-21  1.10487e-30
    800          ***  2.51166e-08  6.69153e-12  7.20338e-20
    900          ***  1.39756e-05  8.33365e-09  3.39683e-16
   1000          ***   0.00217303  2.50621e-06  3.08947e-13
   1100          ***     0.133446  0.000267528  8.39018e-11

   T(K)       P1->W1       P1->P1       P1->P2       P1->P3
    290  5.11367e-11          ***          ***          ***
    350  4.86162e-11          ***          ***          ***
    375  4.76975e-11          ***          ***          ***
    400  4.68571e-11          ***          ***          ***
    500  4.41907e-11          ***          ***          ***
    600  4.23722e-11          ***          ***          ***
    800  4.01708e-11          ***          ***          ***
    900  3.94633e-11          ***          ***          ***
   1000  3.89028e-11          ***          ***          ***
   1100  3.84448e-11          ***          ***          ***

   T(K)       P2->W1       P2->P1       P2->P2       P2->P3
    290  1.88022e-10          ***          ***          ***
    350  1.95065e-10          ***          ***          ***
    375  1.97825e-10          ***          ***          ***
    400  2.00487e-10          ***          ***          ***
    500  2.10224e-10          ***          ***          ***
    600  2.18703e-10          ***          ***          ***
    800    2.328e-10          ***          ***          ***
    900  2.38757e-10          ***          ***          ***
   1000   2.4415e-10          ***          ***          ***
   1100  2.49068e-10          ***          ***          ***

   T(K)       P3->W1       P3->P1       P3->P2       P3->P3
    290  1.21008e-56          ***          ***          ***
    350  9.41934e-54          ***          ***          ***
    375  1.89368e-52          ***          ***          ***
    400  4.28631e-51          ***          ***          ***
    500  2.24929e-45          ***          ***          ***
    600  2.63923e-40          ***          ***          ***
    800  1.95118e-33          ***          ***          ***
    900  4.44609e-31          ***          ***          ***
   1000  3.59637e-29          ***          ***          ***
   1100  1.35642e-27          ***          ***          ***

Capture/Escape Rate Coefficients:

   T(K)           W1           P1           P2           P3
    290  1.16785e-51  5.11367e-11  1.88022e-10  1.21008e-56
    350   4.6649e-40  4.86162e-11  1.95065e-10  9.41934e-54
    375  2.59908e-36  4.76975e-11  1.97825e-10  1.89368e-52
    400  4.96595e-33  4.68571e-11  2.00487e-10  4.28631e-51
    500   3.6309e-23  4.41907e-11  2.10224e-10  2.24929e-45
    600  1.41964e-16  4.23722e-11  2.18703e-10  2.63923e-40
    800  2.51233e-08  4.01708e-11    2.328e-10  1.95118e-33
    900  1.39839e-05  3.94633e-11  2.38757e-10  4.44609e-31
   1000   0.00217554  3.89028e-11   2.4415e-10  3.59637e-29
   1100     0.133714  3.84448e-11  2.49068e-10  1.35642e-27

______________________________________________________________________________________

Pressure-Species Rate Tables:

   Temperature = 290 K

   P(atm)       W1->P1       W1->P2       W1->P3         W1->
        1  1.16376e-51  7.64915e-61  4.00494e-67  1.16376e-51
    O-O  1.16785e-51  1.89521e-60  1.08661e-63  1.16785e-51

   Temperature = 350 K

   P(atm)       W1->P1       W1->P2       W1->P3         W1->
        1  4.61491e-40  5.72646e-48  3.50837e-56  4.61491e-40
    O-O   4.6649e-40   1.8374e-47  2.65422e-55   4.6649e-40

   Temperature = 375 K

   P(atm)       W1->P1       W1->P2       W1->P3         W1->
        1  2.55758e-36   7.9675e-44  1.20908e-52  2.55758e-36
    O-O  2.59908e-36  2.86541e-43  3.19576e-52  2.59908e-36

   Temperature = 400 K

   P(atm)       W1->P1       W1->P2       W1->P3         W1->
        1  4.85153e-33  3.33318e-40  1.63477e-49  4.85153e-33
    O-O  4.96595e-33  1.34899e-39   2.6146e-49  4.96595e-33

   Temperature = 500 K

   P(atm)       W1->P1       W1->P2       W1->P3         W1->
        1  3.36015e-23  2.24677e-29  9.93436e-40  3.36015e-23
    O-O  3.63088e-23  1.49271e-28  6.75399e-39   3.6309e-23

   Temperature = 600 K

   P(atm)       W1->P1       W1->P2       W1->P3         W1->
        1  1.18179e-16  3.25134e-22  6.66192e-33   1.1818e-16
    O-O  1.41961e-16  3.63977e-21  1.10487e-30  1.41964e-16

   Temperature = 800 K

   P(atm)       W1->P1       W1->P2       W1->P3         W1->
        1  1.43508e-08   2.0262e-13  2.85395e-24   1.4351e-08
    O-O  2.51166e-08  6.69153e-12  7.20338e-20  2.51233e-08

   Temperature = 900 K

   P(atm)       W1->P1       W1->P2       W1->P3         W1->
        1  6.17208e-06  1.46065e-10  2.06008e-21  6.17223e-06
    O-O  1.39756e-05  8.33365e-09  3.39683e-16  1.39839e-05

   Temperature = 1000 K

   P(atm)       W1->P1       W1->P2       W1->P3         W1->
        1  0.000716458  2.54686e-08  3.79892e-19  0.000716483
    O-O   0.00217303  2.50621e-06  3.08947e-13   0.00217554

   Temperature = 1100 K

   P(atm)       W1->P1       W1->P2       W1->P3         W1->
        1    0.0319676  1.58232e-06  2.58863e-17    0.0319692
    O-O     0.133446  0.000267528  8.39018e-11     0.133714

   Temperature = 290 K

   P(atm)       P1->W1       P1->P2       P1->P3         P1->
        1  5.09574e-11  4.94606e-20  4.13157e-30  5.09574e-11
    O-O  5.11367e-11          ***          ***  5.11367e-11

   Temperature = 350 K

   P(atm)       P1->W1       P1->P2       P1->P3         P1->
        1  4.80952e-11   1.3171e-18  3.06771e-29  4.80952e-11
    O-O  4.86162e-11          ***          ***  4.86162e-11

   Temperature = 375 K

   P(atm)       P1->W1       P1->P2       P1->P3         P1->
        1   4.6936e-11  3.79325e-18  7.19306e-29   4.6936e-11
    O-O  4.76975e-11          ***          ***  4.76975e-11

   Temperature = 400 K

   P(atm)       P1->W1       P1->P2       P1->P3         P1->
        1  4.57775e-11  9.57526e-18  1.70196e-28  4.57775e-11
    O-O  4.68571e-11          ***          ***  4.68571e-11

   Temperature = 500 K

   P(atm)       P1->W1       P1->P2       P1->P3         P1->
        1  4.08956e-11   1.5416e-16  6.95933e-27  4.08957e-11
    O-O  4.41907e-11          ***          ***  4.41907e-11

   Temperature = 600 K

   P(atm)       P1->W1       P1->P2       P1->P3         P1->
        1   3.5274e-11  9.87777e-16  3.23098e-25   3.5275e-11
    O-O  4.23722e-11          ***          ***  4.23722e-11

   Temperature = 800 K

   P(atm)       P1->W1       P1->P2       P1->P3         P1->
        1  2.29522e-11  1.03414e-14  1.12219e-22  2.29626e-11
    O-O  4.01708e-11          ***          ***  4.01708e-11

   Temperature = 900 K

   P(atm)       P1->W1       P1->P2       P1->P3         P1->
        1  1.74282e-11  2.30003e-14  9.28728e-22  1.74512e-11
    O-O  3.94633e-11          ***          ***  3.94633e-11

   Temperature = 1000 K

   P(atm)       P1->W1       P1->P2       P1->P3         P1->
        1  1.28262e-11  4.40887e-14  5.32059e-21  1.28703e-11
    O-O  3.89028e-11          ***          ***  3.89028e-11

   Temperature = 1100 K

   P(atm)       P1->W1       P1->P2       P1->P3         P1->
        1  9.20927e-12  7.58574e-14  2.30869e-20  9.28513e-12
    O-O  3.84448e-11          ***          ***  3.84448e-11

   Temperature = 290 K

   P(atm)       P2->W1       P2->P1       P2->P3         P2->
        1  7.58865e-11  1.12064e-10  1.62274e-25   1.8795e-10
    O-O  1.88022e-10          ***          ***  1.88022e-10

   Temperature = 350 K

   P(atm)       P2->W1       P2->P1       P2->P3         P2->
        1  6.07943e-11  1.34171e-10  6.19191e-25  1.94965e-10
    O-O  1.95065e-10          ***          ***  1.95065e-10

   Temperature = 375 K

   P(atm)       P2->W1       P2->P1       P2->P3         P2->
        1  5.50069e-11  1.42702e-10   1.1803e-24  1.97709e-10
    O-O  1.97825e-10          ***          ***  1.97825e-10

   Temperature = 400 K

   P(atm)       P2->W1       P2->P1       P2->P3         P2->
        1  4.95377e-11  1.50819e-10  2.38258e-24  2.00356e-10
    O-O  2.00487e-10          ***          ***  2.00487e-10

   Temperature = 500 K

   P(atm)       P2->W1       P2->P1       P2->P3         P2->
        1  3.16422e-11  1.78386e-10  5.37559e-23  2.10028e-10
    O-O  2.10224e-10          ***          ***  2.10224e-10

   Temperature = 600 K

   P(atm)       P2->W1       P2->P1       P2->P3         P2->
        1  1.95364e-11  1.98851e-10   9.4929e-22  2.18387e-10
    O-O  2.18703e-10          ***          ***  2.18703e-10

   Temperature = 800 K

   P(atm)       P2->W1       P2->P1       P2->P3         P2->
        1  7.04919e-12  2.24951e-10  6.52409e-20  2.32001e-10
    O-O    2.328e-10          ***          ***    2.328e-10

   Temperature = 900 K

   P(atm)       P2->W1       P2->P1       P2->P3         P2->
        1  4.18471e-12  2.33362e-10  3.10235e-19  2.37547e-10
    O-O  2.38757e-10          ***          ***  2.38757e-10

   Temperature = 1000 K

   P(atm)       P2->W1       P2->P1       P2->P3         P2->
        1  2.48106e-12  2.39912e-10  1.14935e-18  2.42393e-10
    O-O   2.4415e-10          ***          ***   2.4415e-10

   Temperature = 1100 K

   P(atm)       P2->W1       P2->P1       P2->P3         P2->
        1  1.47308e-12  2.45141e-10   3.5184e-18  2.46614e-10
    O-O  2.49068e-10          ***          ***  2.49068e-10

   Temperature = 290 K

   P(atm)       P3->W1       P3->P1       P3->P2         P3->
        1  4.46004e-60  1.05078e-63  1.82154e-68  4.46109e-60
    O-O  1.21008e-56          ***          ***  1.21008e-56

   Temperature = 350 K

   P(atm)       P3->W1       P3->P1       P3->P2         P3->
        1  1.24506e-54  1.04463e-56  2.06982e-60   1.2555e-54
    O-O  9.41934e-54          ***          ***  9.41934e-54

   Temperature = 375 K

   P(atm)       P3->W1       P3->P1       P3->P2         P3->
        1  7.16453e-53  2.32257e-54  1.01305e-57  7.39689e-53
    O-O  1.89368e-52          ***          ***  1.89368e-52

   Temperature = 400 K

   P(atm)       P3->W1       P3->P1       P3->P2         P3->
        1  2.68001e-51  2.95703e-52  2.62814e-55  2.97598e-51
    O-O  4.28631e-51          ***          ***  4.28631e-51

   Temperature = 500 K

   P(atm)       P3->W1       P3->P1       P3->P2         P3->
        1  3.30845e-46  1.90429e-45  1.27117e-47  2.24785e-45
    O-O  2.24929e-45          ***          ***  2.24929e-45

   Temperature = 600 K

   P(atm)       P3->W1       P3->P1       P3->P2         P3->
        1  1.59134e-42  2.58575e-40  3.77383e-42   2.6394e-40
    O-O  2.63923e-40          ***          ***  2.63923e-40

   Temperature = 800 K

   P(atm)       P3->W1       P3->P1       P3->P2         P3->
        1  7.73048e-38  1.90054e-33  5.07952e-35  1.95141e-33
    O-O  1.95118e-33          ***          ***  1.95118e-33

   Temperature = 900 K

   P(atm)       P3->W1       P3->P1       P3->P2         P3->
        1  2.69642e-36  4.30497e-31  1.41734e-32  4.44673e-31
    O-O  4.44609e-31          ***          ***  4.44609e-31

   Temperature = 1000 K

   P(atm)       P3->W1       P3->P1       P3->P2         P3->
        1  4.42215e-35  3.45961e-29  1.37339e-30  3.59695e-29
    O-O  3.59637e-29          ***          ***  3.59637e-29

   Temperature = 1100 K

   P(atm)       P3->W1       P3->P1       P3->P2         P3->
        1  4.18482e-34  1.29556e-27  6.10968e-29  1.35666e-27
    O-O  1.35642e-27          ***          ***  1.35642e-27

______________________________________________________________________________________

Temperature-Species Rate Tables:

   Pressure = 1 atm

   T(K)       W1->P1       W1->P2       W1->P3         W1->      Capture
    290  1.16376e-51  7.64915e-61  4.00494e-67  1.16376e-51  1.16785e-51
    350  4.61491e-40  5.72646e-48  3.50837e-56  4.61491e-40   4.6649e-40
    375  2.55758e-36   7.9675e-44  1.20908e-52  2.55758e-36  2.59908e-36
    400  4.85153e-33  3.33318e-40  1.63477e-49  4.85153e-33  4.96595e-33
    500  3.36015e-23  2.24677e-29  9.93436e-40  3.36015e-23   3.6309e-23
    600  1.18179e-16  3.25134e-22  6.66192e-33   1.1818e-16  1.41964e-16
    800  1.43508e-08   2.0262e-13  2.85395e-24   1.4351e-08  2.51233e-08
    900  6.17208e-06  1.46065e-10  2.06008e-21  6.17223e-06  1.39839e-05
   1000  0.000716458  2.54686e-08  3.79892e-19  0.000716483   0.00217554
   1100    0.0319676  1.58232e-06  2.58863e-17    0.0319692     0.133714

   Pressure = 1 atm

   T(K)       P1->W1       P1->P2       P1->P3         P1->      Capture
    290  5.09574e-11  4.94606e-20  4.13157e-30  5.09574e-11  5.11367e-11
    350  4.80952e-11   1.3171e-18  3.06771e-29  4.80952e-11  4.86162e-11
    375   4.6936e-11  3.79325e-18  7.19306e-29   4.6936e-11  4.76975e-11
    400  4.57775e-11  9.57526e-18  1.70196e-28  4.57775e-11  4.68571e-11
    500  4.08956e-11   1.5416e-16  6.95933e-27  4.08957e-11  4.41907e-11
    600   3.5274e-11  9.87777e-16  3.23098e-25   3.5275e-11  4.23722e-11
    800  2.29522e-11  1.03414e-14  1.12219e-22  2.29626e-11  4.01708e-11
    900  1.74282e-11  2.30003e-14  9.28728e-22  1.74512e-11  3.94633e-11
   1000  1.28262e-11  4.40887e-14  5.32059e-21  1.28703e-11  3.89028e-11
   1100  9.20927e-12  7.58574e-14  2.30869e-20  9.28513e-12  3.84448e-11

   Pressure = 1 atm

   T(K)       P2->W1       P2->P1       P2->P3         P2->      Capture
    290  7.58865e-11  1.12064e-10  1.62274e-25   1.8795e-10  1.88022e-10
    350  6.07943e-11  1.34171e-10  6.19191e-25  1.94965e-10  1.95065e-10
    375  5.50069e-11  1.42702e-10   1.1803e-24  1.97709e-10  1.97825e-10
    400  4.95377e-11  1.50819e-10  2.38258e-24  2.00356e-10  2.00487e-10
    500  3.16422e-11  1.78386e-10  5.37559e-23  2.10028e-10  2.10224e-10
    600  1.95364e-11  1.98851e-10   9.4929e-22  2.18387e-10  2.18703e-10
    800  7.04919e-12  2.24951e-10  6.52409e-20  2.32001e-10    2.328e-10
    900  4.18471e-12  2.33362e-10  3.10235e-19  2.37547e-10  2.38757e-10
   1000  2.48106e-12  2.39912e-10  1.14935e-18  2.42393e-10   2.4415e-10
   1100  1.47308e-12  2.45141e-10   3.5184e-18  2.46614e-10  2.49068e-10

   Pressure = 1 atm

   T(K)       P3->W1       P3->P1       P3->P2         P3->      Capture
    290  4.46004e-60  1.05078e-63  1.82154e-68  4.46109e-60  1.21008e-56
    350  1.24506e-54  1.04463e-56  2.06982e-60   1.2555e-54  9.41934e-54
    375  7.16453e-53  2.32257e-54  1.01305e-57  7.39689e-53  1.89368e-52
    400  2.68001e-51  2.95703e-52  2.62814e-55  2.97598e-51  4.28631e-51
    500  3.30845e-46  1.90429e-45  1.27117e-47  2.24785e-45  2.24929e-45
    600  1.59134e-42  2.58575e-40  3.77383e-42   2.6394e-40  2.63923e-40
    800  7.73048e-38  1.90054e-33  5.07952e-35  1.95141e-33  1.95118e-33
    900  2.69642e-36  4.30497e-31  1.41734e-32  4.44673e-31  4.44609e-31
   1000  4.42215e-35  3.45961e-29  1.37339e-30  3.59695e-29  3.59637e-29
   1100  4.18482e-34  1.29556e-27  6.10968e-29  1.35666e-27  1.35642e-27

______________________________________________________________________________________

Temperature-Pressure Rate Tables:

W1->P1

P\T              290          350          375          400          500          600          800          900         1000         1100
1        1.16376e-51  4.61491e-40  2.55758e-36  4.85153e-33  3.36015e-23  1.18179e-16  1.43508e-08  6.17208e-06  0.000716458    0.0319676
O-O      1.16785e-51   4.6649e-40  2.59908e-36  4.96595e-33  3.63088e-23  1.41961e-16  2.51166e-08  1.39756e-05   0.00217303     0.133446

W1->P2

P\T              290          350          375          400          500          600          800          900         1000         1100
1        7.64915e-61  5.72646e-48   7.9675e-44  3.33318e-40  2.24677e-29  3.25134e-22   2.0262e-13  1.46065e-10  2.54686e-08  1.58232e-06
O-O      1.89521e-60   1.8374e-47  2.86541e-43  1.34899e-39  1.49271e-28  3.63977e-21  6.69153e-12  8.33365e-09  2.50621e-06  0.000267528

W1->P3

P\T              290          350          375          400          500          600          800          900         1000         1100
1        4.00494e-67  3.50837e-56  1.20908e-52  1.63477e-49  9.93436e-40  6.66192e-33  2.85395e-24  2.06008e-21  3.79892e-19  2.58863e-17
O-O      1.08661e-63  2.65422e-55  3.19576e-52   2.6146e-49  6.75399e-39  1.10487e-30  7.20338e-20  3.39683e-16  3.08947e-13  8.39018e-11

P1->W1

P\T              290          350          375          400          500          600          800          900         1000         1100
1        5.09574e-11  4.80952e-11   4.6936e-11  4.57775e-11  4.08956e-11   3.5274e-11  2.29522e-11  1.74282e-11  1.28262e-11  9.20927e-12
O-O      5.11367e-11  4.86162e-11  4.76975e-11  4.68571e-11  4.41907e-11  4.23722e-11  4.01708e-11  3.94633e-11  3.89028e-11  3.84448e-11

P1->P2

P\T              290          350          375          400          500          600          800          900         1000         1100
1        4.94606e-20   1.3171e-18  3.79325e-18  9.57526e-18   1.5416e-16  9.87777e-16  1.03414e-14  2.30003e-14  4.40887e-14  7.58574e-14
O-O              ***          ***          ***          ***          ***          ***          ***          ***          ***          ***

P1->P3

P\T              290          350          375          400          500          600          800          900         1000         1100
1        4.13157e-30  3.06771e-29  7.19306e-29  1.70196e-28  6.95933e-27  3.23098e-25  1.12219e-22  9.28728e-22  5.32059e-21  2.30869e-20
O-O              ***          ***          ***          ***          ***          ***          ***          ***          ***          ***

P2->W1

P\T              290          350          375          400          500          600          800          900         1000         1100
1        7.58865e-11  6.07943e-11  5.50069e-11  4.95377e-11  3.16422e-11  1.95364e-11  7.04919e-12  4.18471e-12  2.48106e-12  1.47308e-12
O-O      1.88022e-10  1.95065e-10  1.97825e-10  2.00487e-10  2.10224e-10  2.18703e-10    2.328e-10  2.38757e-10   2.4415e-10  2.49068e-10

P2->P1

P\T              290          350          375          400          500          600          800          900         1000         1100
1        1.12064e-10  1.34171e-10  1.42702e-10  1.50819e-10  1.78386e-10  1.98851e-10  2.24951e-10  2.33362e-10  2.39912e-10  2.45141e-10
O-O              ***          ***          ***          ***          ***          ***          ***          ***          ***          ***

P2->P3

P\T              290          350          375          400          500          600          800          900         1000         1100
1        1.62274e-25  6.19191e-25   1.1803e-24  2.38258e-24  5.37559e-23   9.4929e-22  6.52409e-20  3.10235e-19  1.14935e-18   3.5184e-18
O-O              ***          ***          ***          ***          ***          ***          ***          ***          ***          ***

P3->W1

P\T              290          350          375          400          500          600          800          900         1000         1100
1        4.46004e-60  1.24506e-54  7.16453e-53  2.68001e-51  3.30845e-46  1.59134e-42  7.73048e-38  2.69642e-36  4.42215e-35  4.18482e-34
O-O      1.21008e-56  9.41934e-54  1.89368e-52  4.28631e-51  2.24929e-45  2.63923e-40  1.95118e-33  4.44609e-31  3.59637e-29  1.35642e-27

P3->P1

P\T              290          350          375          400          500          600          800          900         1000         1100
1        1.05078e-63  1.04463e-56  2.32257e-54  2.95703e-52  1.90429e-45  2.58575e-40  1.90054e-33  4.30497e-31  3.45961e-29  1.29556e-27
O-O              ***          ***          ***          ***          ***          ***          ***          ***          ***          ***

P3->P2

P\T              290          350          375          400          500          600          800          900         1000         1100
1        1.82154e-68  2.06982e-60  1.01305e-57  2.62814e-55  1.27117e-47  3.77383e-42  5.07952e-35  1.41734e-32  1.37339e-30  6.10968e-29
O-O              ***          ***          ***          ***          ***          ***          ***          ***          ***          ***

W1-> 

P\T              290          350          375          400          500          600          800          900         1000         1100
1        1.16376e-51  4.61491e-40  2.55758e-36  4.85153e-33  3.36015e-23   1.1818e-16   1.4351e-08  6.17223e-06  0.000716483    0.0319692
O-O      1.16785e-51   4.6649e-40  2.59908e-36  4.96595e-33   3.6309e-23  1.41964e-16  2.51233e-08  1.39839e-05   0.00217554     0.133714

P1-> 

P\T              290          350          375          400          500          600          800          900         1000         1100
1        5.09574e-11  4.80952e-11   4.6936e-11  4.57775e-11  4.08957e-11   3.5275e-11  2.29626e-11  1.74512e-11  1.28703e-11  9.28513e-12
O-O      5.11367e-11  4.86162e-11  4.76975e-11  4.68571e-11  4.41907e-11  4.23722e-11  4.01708e-11  3.94633e-11  3.89028e-11  3.84448e-11

P2-> 

P\T              290          350          375          400          500          600          800          900         1000         1100
1         1.8795e-10  1.94965e-10  1.97709e-10  2.00356e-10  2.10028e-10  2.18387e-10  2.32001e-10  2.37547e-10  2.42393e-10  2.46614e-10
O-O      1.88022e-10  1.95065e-10  1.97825e-10  2.00487e-10  2.10224e-10  2.18703e-10    2.328e-10  2.38757e-10   2.4415e-10  2.49068e-10

P3-> 

P\T              290          350          375          400          500          600          800          900         1000         1100
1        4.46109e-60   1.2555e-54  7.39689e-53  2.97598e-51  2.24785e-45   2.6394e-40  1.95141e-33  4.44673e-31  3.59695e-29  1.35666e-27
O-O      1.21008e-56  9.41934e-54  1.89368e-52  4.28631e-51  2.24929e-45  2.63923e-40  1.95118e-33  4.44609e-31  3.59637e-29  1.35642e-27

