Model::init:  starts
   Model::ExponentialKernel::ExponentialKernel:  ... done
   Model::LennardJonesCollision::LennardJonesCollision:  ... done
   WELL: W0
   Model::RRHO::RRHO:  starts
      Model::new_core:  starts
         Model::RigidRotor::RigidRotor:  starts
            molecular geometry will be used to estimate rotational constants
            rotational configuration: nonlinear
            rotational constants[1/cm]:         23.7897       0.601083        0.58627
         Model::RigidRotor::RigidRotor:  done, cpu time[sec] = 0.007409, elapsed time[sec] = 0
      Model::new_core:  done, cpu time[sec] = 0.009292, elapsed time[sec] = 0
      ground state energy, kcal/mol:   0.15
      interpolating states number/density starts
         core state contribution ... done, cpu time[sec] = 0.263355, elapsed time[sec] = 0
         electronic states contribution ... done, cpu time[sec] = 0.006683, elapsed time[sec] = 0
         vibrational modes contribution ... done, cpu time[sec] = 0.04547, elapsed time[sec] = 0
         effective power exponent at 399.849 kcal/mol = 6.36045
      interpolating states number/density done, cpu time[sec] = 2.83047, elapsed time[sec] = 0
   Model::RRHO::RRHO:  done, cpu time[sec] = 2.84707, elapsed time[sec] = 0
   WELL: W1
   Model::RRHO::RRHO:  starts
      Model::new_core:  starts
         Model::RigidRotor::RigidRotor:  starts
            molecular geometry will be used to estimate rotational constants
            rotational configuration: nonlinear
            rotational constants[1/cm]:         2.27757        1.07738         0.7314
         Model::RigidRotor::RigidRotor:  done, cpu time[sec] = 0.002943, elapsed time[sec] = 0
      Model::new_core:  done, cpu time[sec] = 0.004737, elapsed time[sec] = 0
      ground state energy, kcal/mol:   0.19
      interpolating states number/density starts
         core state contribution ... done, cpu time[sec] = 0.27458, elapsed time[sec] = 0
         electronic states contribution ... done, cpu time[sec] = 0.00939, elapsed time[sec] = 0
         vibrational modes contribution ... done, cpu time[sec] = 0.047861, elapsed time[sec] = 0
         effective power exponent at 399.809 kcal/mol = 6.35945
      interpolating states number/density done, cpu time[sec] = 2.7584, elapsed time[sec] = 0
   Model::RRHO::RRHO:  done, cpu time[sec] = 2.77045, elapsed time[sec] = 0
   WELL: W2
   Model::RRHO::RRHO:  starts
      Model::new_core:  starts
         Model::RigidRotor::RigidRotor:  starts
            molecular geometry will be used to estimate rotational constants
            rotational configuration: nonlinear
            rotational constants[1/cm]:         23.7897       0.601083        0.58627
         Model::RigidRotor::RigidRotor:  done, cpu time[sec] = 0.002595, elapsed time[sec] = 0
      Model::new_core:  done, cpu time[sec] = 0.004367, elapsed time[sec] = 0
      ground state energy, kcal/mol:   0.15
      interpolating states number/density starts
         core state contribution ... done, cpu time[sec] = 0.245218, elapsed time[sec] = 0
         electronic states contribution ... done, cpu time[sec] = 0.00751, elapsed time[sec] = 0
         vibrational modes contribution ... done, cpu time[sec] = 0.046552, elapsed time[sec] = 0
         effective power exponent at 399.849 kcal/mol = 6.36045
      interpolating states number/density done, cpu time[sec] = 2.58427, elapsed time[sec] = 0
   Model::RRHO::RRHO:  done, cpu time[sec] = 2.5956, elapsed time[sec] = 0
   WELL: W3
   Model::RRHO::RRHO:  starts
      Model::new_core:  starts
         Model::RigidRotor::RigidRotor:  starts
            molecular geometry will be used to estimate rotational constants
            rotational configuration: nonlinear
            rotational constants[1/cm]:         1.78953        1.33461       0.764474
         Model::RigidRotor::RigidRotor:  done, cpu time[sec] = 0.002431, elapsed time[sec] = 0
      Model::new_core:  done, cpu time[sec] = 0.004209, elapsed time[sec] = 0
      ground state energy, kcal/mol:   0.21
      interpolating states number/density starts
         core state contribution ... done, cpu time[sec] = 0.252258, elapsed time[sec] = 0
         electronic states contribution ... done, cpu time[sec] = 0.008517, elapsed time[sec] = 0
         vibrational modes contribution ... done, cpu time[sec] = 0.04691, elapsed time[sec] = 0
         effective power exponent at 399.789 kcal/mol = 6.35813
      interpolating states number/density done, cpu time[sec] = 2.60815, elapsed time[sec] = 0
   Model::RRHO::RRHO:  done, cpu time[sec] = 2.61936, elapsed time[sec] = 0
   WELL: W4
   Model::RRHO::RRHO:  starts
      Model::new_core:  starts
         Model::RigidRotor::RigidRotor:  starts
            molecular geometry will be used to estimate rotational constants
            rotational configuration: nonlinear
            rotational constants[1/cm]:         9.52595        1.29538        1.14032
         Model::RigidRotor::RigidRotor:  done, cpu time[sec] = 0.002505, elapsed time[sec] = 0
      Model::new_core:  done, cpu time[sec] = 0.004256, elapsed time[sec] = 0
      ground state energy, kcal/mol:   -86.72
      interpolating states number/density starts
         core state contribution ... done, cpu time[sec] = 0.312211, elapsed time[sec] = 0
         vibrational modes contribution ... done, cpu time[sec] = 0.054936, elapsed time[sec] = 0
         effective power exponent at 486.717 kcal/mol = 6.27499
      interpolating states number/density done, cpu time[sec] = 1.40469, elapsed time[sec] = 0
   Model::RRHO::RRHO:  done, cpu time[sec] = 1.41358, elapsed time[sec] = 0
   WELL: W5t
   Model::RRHO::RRHO:  starts
      Model::new_core:  starts
         Model::RigidRotor::RigidRotor:  starts
            molecular geometry will be used to estimate rotational constants
            rotational configuration: nonlinear
            rotational constants[1/cm]:         9.65604        1.21662        1.08048
         Model::RigidRotor::RigidRotor:  done, cpu time[sec] = 7.8e-05, elapsed time[sec] = 0
      Model::new_core:  done, cpu time[sec] = 0.000116, elapsed time[sec] = 0
      ground state energy, kcal/mol:   -34.55
      interpolating states number/density starts
         core state contribution ... done, cpu time[sec] = 0.004112, elapsed time[sec] = 0
         vibrational modes contribution ... done, cpu time[sec] = 0.000337, elapsed time[sec] = 0
         effective power exponent at 434.55 kcal/mol = 6.24835
      interpolating states number/density done, cpu time[sec] = 0.02017, elapsed time[sec] = 0
   Model::RRHO::RRHO:  done, cpu time[sec] = 0.02042, elapsed time[sec] = 0
   WELL: W5c
   Model::RRHO::RRHO:  starts
      Model::new_core:  starts
         Model::RigidRotor::RigidRotor:  starts
            molecular geometry will be used to estimate rotational constants
            rotational configuration: nonlinear
            rotational constants[1/cm]:         9.30924        1.21211        1.07247
         Model::RigidRotor::RigidRotor:  done, cpu time[sec] = 1.8e-05, elapsed time[sec] = 0
      Model::new_core:  done, cpu time[sec] = 2.6e-05, elapsed time[sec] = 0
      ground state energy, kcal/mol:   -29.73
      interpolating states number/density starts
         core state contribution ... done, cpu time[sec] = 0.001366, elapsed time[sec] = 0
         vibrational modes contribution ... done, cpu time[sec] = 0.000344, elapsed time[sec] = 0
         effective power exponent at 429.729 kcal/mol = 6.25169
      interpolating states number/density done, cpu time[sec] = 0.014766, elapsed time[sec] = 0
   Model::RRHO::RRHO:  done, cpu time[sec] = 0.014836, elapsed time[sec] = 0
   BIMOLECULAR: P1
   Model::Bimolecular::Bimolecular:  starts
      Model::RRHO::RRHO:  starts
         Model::new_core:  starts
            Model::RigidRotor::RigidRotor:  starts
               molecular geometry will be used to estimate rotational constants
               rotational configuration: nonlinear
               rotational constants[1/cm]:         24.1554        1.48992        1.40336
            Model::RigidRotor::RigidRotor:  done, cpu time[sec] = 1.6e-05, elapsed time[sec] = 0
         Model::new_core:  done, cpu time[sec] = 2.5e-05, elapsed time[sec] = 0
         ground state energy, kcal/mol:   0
      Model::RRHO::RRHO:  done, cpu time[sec] = 6e-05, elapsed time[sec] = 0
      Model::AtomicFragment::AtomicFragment:  ... done
   Model::Bimolecular::Bimolecular:  done, cpu time[sec] = 0.000107, elapsed time[sec] = 0
   BIMOLECULAR: P2
   Model::Bimolecular::Bimolecular:  starts
      Model::RRHO::RRHO:  starts
         Model::new_core:  starts
            Model::RigidRotor::RigidRotor:  starts
               molecular geometry will be used to estimate rotational constants
               rotational configuration: linear
               rotational constant[1/cm]:         1.92073
            Model::RigidRotor::RigidRotor:  done, cpu time[sec] = 1.1e-05, elapsed time[sec] = 0
         Model::new_core:  done, cpu time[sec] = 2e-05, elapsed time[sec] = 0
         ground state energy, kcal/mol:   0
      Model::RRHO::RRHO:  done, cpu time[sec] = 4.2e-05, elapsed time[sec] = 0
      Model::RRHO::RRHO:  starts
         Model::new_core:  starts
            Model::RigidRotor::RigidRotor:  starts
               molecular geometry will be used to estimate rotational constants
               rotational configuration: linear
               rotational constant[1/cm]:         60.7807
            Model::RigidRotor::RigidRotor:  done, cpu time[sec] = 1e-05, elapsed time[sec] = 0
         Model::new_core:  done, cpu time[sec] = 1.9e-05, elapsed time[sec] = 0
         ground state energy, kcal/mol:   0
      Model::RRHO::RRHO:  done, cpu time[sec] = 4e-05, elapsed time[sec] = 0
   Model::Bimolecular::Bimolecular:  done, cpu time[sec] = 0.000122, elapsed time[sec] = 0
   BARRIER: B0
   Model::RRHO::RRHO:  starts
      Model::new_core:  starts
         Model::Rotd::Rotd :  starts
            WARNING: zero number of states energy is not initialized: will try to estimate it from the data
            grid size = 180
            effective power exponent at 9866.06 kcal/mol = 2.50705
            zero number of states energy = 0 1/cm
         Model::Rotd::Rotd :  done, cpu time[sec] = 0.000318, elapsed time[sec] = 0
      Model::new_core:  done, cpu time[sec] = 0.000327, elapsed time[sec] = 0
      ground state energy, kcal/mol:   0
      interpolating states number/density starts
         core state contribution ... done, cpu time[sec] = 0.00924, elapsed time[sec] = 0
         electronic states contribution ... done, cpu time[sec] = 4.1e-05, elapsed time[sec] = 0
         vibrational modes contribution ... done, cpu time[sec] = 0.00014, elapsed time[sec] = 0
         effective power exponent at 399.998 kcal/mol = 5.38438
      interpolating states number/density done, cpu time[sec] = 0.021625, elapsed time[sec] = 0
   Model::RRHO::RRHO:  done, cpu time[sec] = 0.021987, elapsed time[sec] = 0
   BARRIER: B1
   Model::RRHO::RRHO:  starts
      Model::new_core:  starts
         Model::Rotd::Rotd :  starts
            WARNING: zero number of states energy is not initialized: will try to estimate it from the data
            grid size = 180
            effective power exponent at 9866.06 kcal/mol = 2.51036
            zero number of states energy = 0 1/cm
         Model::Rotd::Rotd :  done, cpu time[sec] = 0.00027, elapsed time[sec] = 0
      Model::new_core:  done, cpu time[sec] = 0.000279, elapsed time[sec] = 0
      ground state energy, kcal/mol:   0
      interpolating states number/density starts
         core state contribution ... done, cpu time[sec] = 0.009333, elapsed time[sec] = 0
         electronic states contribution ... done, cpu time[sec] = 4e-05, elapsed time[sec] = 0
         vibrational modes contribution ... done, cpu time[sec] = 0.000123, elapsed time[sec] = 0
         effective power exponent at 399.998 kcal/mol = 5.38477
      interpolating states number/density done, cpu time[sec] = 0.021792, elapsed time[sec] = 0
   Model::RRHO::RRHO:  done, cpu time[sec] = 0.022108, elapsed time[sec] = 0
   BARRIER: B2
   Model::RRHO::RRHO:  starts
      Model::new_core:  starts
         Model::Rotd::Rotd :  starts
            WARNING: zero number of states energy is not initialized: will try to estimate it from the data
            grid size = 180
            effective power exponent at 9866.06 kcal/mol = 2.50783
            zero number of states energy = 0 1/cm
         Model::Rotd::Rotd :  done, cpu time[sec] = 0.000266, elapsed time[sec] = 0
      Model::new_core:  done, cpu time[sec] = 0.000286, elapsed time[sec] = 0
      ground state energy, kcal/mol:   0
      interpolating states number/density starts
         core state contribution ... done, cpu time[sec] = 0.009418, elapsed time[sec] = 0
         electronic states contribution ... done, cpu time[sec] = 3.9e-05, elapsed time[sec] = 0
         vibrational modes contribution ... done, cpu time[sec] = 0.000119, elapsed time[sec] = 0
         effective power exponent at 399.998 kcal/mol = 5.38436
      interpolating states number/density done, cpu time[sec] = 0.021861, elapsed time[sec] = 0
   Model::RRHO::RRHO:  done, cpu time[sec] = 0.022183, elapsed time[sec] = 0
   BARRIER: B3
   Model::RRHO::RRHO:  starts
      Model::new_core:  starts
         Model::Rotd::Rotd :  starts
            WARNING: zero number of states energy is not initialized: will try to estimate it from the data
            grid size = 180
            effective power exponent at 9866.06 kcal/mol = 2.50891
            zero number of states energy = 0 1/cm
         Model::Rotd::Rotd :  done, cpu time[sec] = 0.000267, elapsed time[sec] = 0
      Model::new_core:  done, cpu time[sec] = 0.000276, elapsed time[sec] = 0
      ground state energy, kcal/mol:   0
      interpolating states number/density starts
         core state contribution ... done, cpu time[sec] = 0.009412, elapsed time[sec] = 0
         electronic states contribution ... done, cpu time[sec] = 4e-05, elapsed time[sec] = 0
         vibrational modes contribution ... done, cpu time[sec] = 0.000119, elapsed time[sec] = 0
         effective power exponent at 399.998 kcal/mol = 5.38472
      interpolating states number/density done, cpu time[sec] = 0.021846, elapsed time[sec] = 0
   Model::RRHO::RRHO:  done, cpu time[sec] = 0.022158, elapsed time[sec] = 0
   BARRIER: B4
   Model::RRHO::RRHO:  starts
      Model::new_core:  starts
         Model::Rotd::Rotd :  starts
            WARNING: zero number of states energy is not initialized: will try to estimate it from the data
            grid size = 180
            effective power exponent at 4933.03 kcal/mol = 2.49839
            zero number of states energy = -34 1/cm
         Model::Rotd::Rotd :  done, cpu time[sec] = 0.000271, elapsed time[sec] = 0
      Model::new_core:  done, cpu time[sec] = 0.00028, elapsed time[sec] = 0
      ground state energy, kcal/mol:   -0.0994547
      interpolating states number/density starts
         core state contribution ... done, cpu time[sec] = 0.009425, elapsed time[sec] = 0
         vibrational modes contribution ... done, cpu time[sec] = 0.000118, elapsed time[sec] = 0
         effective power exponent at 400.098 kcal/mol = 5.28289
      interpolating states number/density done, cpu time[sec] = 0.021964, elapsed time[sec] = 0
   Model::RRHO::RRHO:  done, cpu time[sec] = 0.02228, elapsed time[sec] = 0
   BARRIER: B5
   Model::RRHO::RRHO:  starts
      Model::new_core:  starts
         Model::Rotd::Rotd :  starts
            WARNING: zero number of states energy is not initialized: will try to estimate it from the data
            grid size = 179
            effective power exponent at 4932.99 kcal/mol = 2.50236
            zero number of states energy = -20 1/cm
         Model::Rotd::Rotd :  done, cpu time[sec] = 0.000276, elapsed time[sec] = 0
      Model::new_core:  done, cpu time[sec] = 0.000286, elapsed time[sec] = 0
      ground state energy, kcal/mol:   -0.0597109
      interpolating states number/density starts
         core state contribution ... done, cpu time[sec] = 0.00949, elapsed time[sec] = 0
         vibrational modes contribution ... done, cpu time[sec] = 0.000118, elapsed time[sec] = 0
         effective power exponent at 400.058 kcal/mol = 5.36095
      interpolating states number/density done, cpu time[sec] = 0.022031, elapsed time[sec] = 0
   Model::RRHO::RRHO:  done, cpu time[sec] = 0.022364, elapsed time[sec] = 0
   BARRIER: B6t
   Model::RRHO::RRHO:  starts
      Model::new_core:  starts
         Model::RigidRotor::RigidRotor:  starts
            molecular geometry will be used to estimate rotational constants
            rotational configuration: nonlinear
            rotational constants[1/cm]:          7.8722        1.23321        1.06618
         Model::RigidRotor::RigidRotor:  done, cpu time[sec] = 2.2e-05, elapsed time[sec] = 0
      Model::new_core:  done, cpu time[sec] = 3.2e-05, elapsed time[sec] = 0
      Model::EckartTunnel::EckartTunnel:  ... done
      ground state energy, kcal/mol:   7.38
      interpolating states number/density starts
         core state contribution ... done, cpu time[sec] = 0.001238, elapsed time[sec] = 0
         vibrational modes contribution ... done, cpu time[sec] = 0.000194, elapsed time[sec] = 0
         tunneling contribution ... done, cpu time[sec] = 0.638232, elapsed time[sec] = 1
         effective power exponent at 399.789 kcal/mol = 6.45059
      interpolating states number/density done, cpu time[sec] = 0.651749, elapsed time[sec] = 1
   Model::RRHO::RRHO:  done, cpu time[sec] = 0.651831, elapsed time[sec] = 1
   BARRIER: B6c
   Model::RRHO::RRHO:  starts
      Model::new_core:  starts
         Model::Rotd::Rotd :  starts
            WARNING: zero number of states energy is not initialized: will try to estimate it from the data
            grid size = 179
            effective power exponent at 4932.99 kcal/mol = 2.50358
            zero number of states energy = -20 1/cm
         Model::Rotd::Rotd :  done, cpu time[sec] = 0.00028, elapsed time[sec] = 0
      Model::new_core:  done, cpu time[sec] = 0.00029, elapsed time[sec] = 0
      ground state energy, kcal/mol:   -0.0597109
      interpolating states number/density starts
         core state contribution ... done, cpu time[sec] = 0.009323, elapsed time[sec] = 0
         vibrational modes contribution ... done, cpu time[sec] = 0.00012, elapsed time[sec] = 0
         effective power exponent at 400.058 kcal/mol = 5.48174
      interpolating states number/density done, cpu time[sec] = 0.022214, elapsed time[sec] = 0
   Model::RRHO::RRHO:  done, cpu time[sec] = 0.022542, elapsed time[sec] = 0
   BARRIER: B7
   Model::RRHO::RRHO:  starts
      Model::new_core:  starts
         Model::RigidRotor::RigidRotor:  starts
            molecular geometry will be used to estimate rotational constants
            rotational configuration: nonlinear
            rotational constants[1/cm]:         24.4024       0.526528       0.515407
         Model::RigidRotor::RigidRotor:  done, cpu time[sec] = 2.1e-05, elapsed time[sec] = 0
      Model::new_core:  done, cpu time[sec] = 3e-05, elapsed time[sec] = 0
      ground state energy, kcal/mol:   -0.014
      interpolating states number/density starts
         core state contribution ... done, cpu time[sec] = 0.001511, elapsed time[sec] = 0
         electronic states contribution ... done, cpu time[sec] = 5.3e-05, elapsed time[sec] = 0
         vibrational modes contribution ... done, cpu time[sec] = 0.000317, elapsed time[sec] = 0
         effective power exponent at 400.012 kcal/mol = 6.3611
      interpolating states number/density done, cpu time[sec] = 0.014125, elapsed time[sec] = 0
   Model::RRHO::RRHO:  done, cpu time[sec] = 0.014192, elapsed time[sec] = 0
   BARRIER: B8
   Model::RRHO::RRHO:  starts
      Model::new_core:  starts
         Model::RigidRotor::RigidRotor:  starts
            molecular geometry will be used to estimate rotational constants
            rotational configuration: nonlinear
            rotational constants[1/cm]:         1.99039       0.921487       0.629875
         Model::RigidRotor::RigidRotor:  done, cpu time[sec] = 1.4e-05, elapsed time[sec] = 0
      Model::new_core:  done, cpu time[sec] = 2.3e-05, elapsed time[sec] = 0
      ground state energy, kcal/mol:   0.03
      interpolating states number/density starts
         core state contribution ... done, cpu time[sec] = 0.001217, elapsed time[sec] = 0
         electronic states contribution ... done, cpu time[sec] = 3.9e-05, elapsed time[sec] = 0
         vibrational modes contribution ... done, cpu time[sec] = 0.00023, elapsed time[sec] = 0
         effective power exponent at 399.969 kcal/mol = 6.36032
      interpolating states number/density done, cpu time[sec] = 0.013788, elapsed time[sec] = 0
   Model::RRHO::RRHO:  done, cpu time[sec] = 0.013851, elapsed time[sec] = 0
   BARRIER: B9
   Model::RRHO::RRHO:  starts
      Model::new_core:  starts
         Model::RigidRotor::RigidRotor:  starts
            molecular geometry will be used to estimate rotational constants
            rotational configuration: nonlinear
            rotational constants[1/cm]:         1.62657        1.13315       0.667875
         Model::RigidRotor::RigidRotor:  done, cpu time[sec] = 1.6e-05, elapsed time[sec] = 0
      Model::new_core:  done, cpu time[sec] = 2.4e-05, elapsed time[sec] = 0
      ground state energy, kcal/mol:   0.049
      interpolating states number/density starts
         core state contribution ... done, cpu time[sec] = 0.001212, elapsed time[sec] = 0
         electronic states contribution ... done, cpu time[sec] = 4e-05, elapsed time[sec] = 0
         vibrational modes contribution ... done, cpu time[sec] = 0.000198, elapsed time[sec] = 0
         effective power exponent at 399.949 kcal/mol = 6.35965
      interpolating states number/density done, cpu time[sec] = 0.013707, elapsed time[sec] = 0
   Model::RRHO::RRHO:  done, cpu time[sec] = 0.013769, elapsed time[sec] = 0
   BARRIER: B10
   Model::RRHO::RRHO:  starts
      Model::new_core:  starts
         Model::RigidRotor::RigidRotor:  starts
            molecular geometry will be used to estimate rotational constants
            rotational configuration: nonlinear
            rotational constants[1/cm]:         1.63723        1.17007        0.72085
         Model::RigidRotor::RigidRotor:  done, cpu time[sec] = 4.5e-05, elapsed time[sec] = 0
      Model::new_core:  done, cpu time[sec] = 5.3e-05, elapsed time[sec] = 0
      ground state energy, kcal/mol:   0.054
      interpolating states number/density starts
         core state contribution ... done, cpu time[sec] = 0.001207, elapsed time[sec] = 0
         electronic states contribution ... done, cpu time[sec] = 3.9e-05, elapsed time[sec] = 0
         vibrational modes contribution ... done, cpu time[sec] = 0.000189, elapsed time[sec] = 0
         effective power exponent at 399.943 kcal/mol = 6.35921
      interpolating states number/density done, cpu time[sec] = 0.013697, elapsed time[sec] = 0
   Model::RRHO::RRHO:  done, cpu time[sec] = 0.013787, elapsed time[sec] = 0
   BARRIER: B11
   Model::RRHO::RRHO:  starts
      Model::new_core:  starts
         Model::RigidRotor::RigidRotor:  starts
            molecular geometry will be used to estimate rotational constants
            rotational configuration: nonlinear
            rotational constants[1/cm]:         23.0162       0.641482       0.624088
         Model::RigidRotor::RigidRotor:  done, cpu time[sec] = 1.4e-05, elapsed time[sec] = 0
      Model::new_core:  done, cpu time[sec] = 2.3e-05, elapsed time[sec] = 0
      ground state energy, kcal/mol:   0.037
      interpolating states number/density starts
         core state contribution ... done, cpu time[sec] = 0.001213, elapsed time[sec] = 0
         electronic states contribution ... done, cpu time[sec] = 3.9e-05, elapsed time[sec] = 0
         vibrational modes contribution ... done, cpu time[sec] = 0.000195, elapsed time[sec] = 0
         effective power exponent at 399.96 kcal/mol = 6.36015
      interpolating states number/density done, cpu time[sec] = 0.013714, elapsed time[sec] = 0
   Model::RRHO::RRHO:  done, cpu time[sec] = 0.013774, elapsed time[sec] = 0
   BARRIER: B12
   Model::RRHO::RRHO:  starts
      Model::new_core:  starts
         Model::RigidRotor::RigidRotor:  starts
            molecular geometry will be used to estimate rotational constants
            rotational configuration: nonlinear
            rotational constants[1/cm]:         8.59057        1.19284        1.04741
         Model::RigidRotor::RigidRotor:  done, cpu time[sec] = 1.4e-05, elapsed time[sec] = 0
      Model::new_core:  done, cpu time[sec] = 3.2e-05, elapsed time[sec] = 0
      Model::EckartTunnel::EckartTunnel:  ... done
      ground state energy, kcal/mol:   -5.65
      interpolating states number/density starts
         core state contribution ... done, cpu time[sec] = 0.00148, elapsed time[sec] = 0
         vibrational modes contribution ... done, cpu time[sec] = 0.00021, elapsed time[sec] = 0
         tunneling contribution ... done, cpu time[sec] = 7.43921, elapsed time[sec] = 7
         effective power exponent at 486.549 kcal/mol = 7.65602
      interpolating states number/density done, cpu time[sec] = 7.45687, elapsed time[sec] = 7
   Model::RRHO::RRHO:  done, cpu time[sec] = 7.45697, elapsed time[sec] = 7
   BARRIER: B13
   Model::RRHO::RRHO:  starts
      Model::new_core:  starts
         Model::RigidRotor::RigidRotor:  starts
            molecular geometry will be used to estimate rotational constants
            rotational configuration: nonlinear
            rotational constants[1/cm]:         6.31571        1.36567        1.12287
         Model::RigidRotor::RigidRotor:  done, cpu time[sec] = 2.4e-05, elapsed time[sec] = 0
      Model::new_core:  done, cpu time[sec] = 3.3e-05, elapsed time[sec] = 0
      Model::EckartTunnel::EckartTunnel:  ... done
      ground state energy, kcal/mol:   17.05
      interpolating states number/density starts
         core state contribution ... done, cpu time[sec] = 0.001317, elapsed time[sec] = 0
         vibrational modes contribution ... done, cpu time[sec] = 0.000213, elapsed time[sec] = 0
         tunneling contribution ... done, cpu time[sec] = 4.45972, elapsed time[sec] = 5
         effective power exponent at 434.55 kcal/mol = 7.21404
      interpolating states number/density done, cpu time[sec] = 4.48346, elapsed time[sec] = 5
   Model::RRHO::RRHO:  done, cpu time[sec] = 4.48362, elapsed time[sec] = 5
   BARRIER: B14
   Model::RRHO::RRHO:  starts
      Model::new_core:  starts
         Model::RigidRotor::RigidRotor:  starts
            molecular geometry will be used to estimate rotational constants
            rotational configuration: nonlinear
            rotational constants[1/cm]:         8.67605        1.27099        1.10859
         Model::RigidRotor::RigidRotor:  done, cpu time[sec] = 7e-05, elapsed time[sec] = 0
      Model::new_core:  done, cpu time[sec] = 8.2e-05, elapsed time[sec] = 0
      Model::EckartTunnel::EckartTunnel:  ... done
      ground state energy, kcal/mol:   -4.5
      interpolating states number/density starts
         core state contribution ... done, cpu time[sec] = 0.001354, elapsed time[sec] = 0
         vibrational modes contribution ... done, cpu time[sec] = 0.000235, elapsed time[sec] = 0
         tunneling contribution ... done, cpu time[sec] = 2.72704, elapsed time[sec] = 2
         effective power exponent at 434.539 kcal/mol = 6.78619
      interpolating states number/density done, cpu time[sec] = 2.75053, elapsed time[sec] = 2
   Model::RRHO::RRHO:  done, cpu time[sec] = 2.75074, elapsed time[sec] = 2
   BARRIER: B15
   Model::RRHO::RRHO:  starts
      Model::new_core:  starts
         Model::RigidRotor::RigidRotor:  starts
            molecular geometry will be used to estimate rotational constants
            rotational configuration: nonlinear
            rotational constants[1/cm]:         9.81391        1.08531         1.0586
         Model::RigidRotor::RigidRotor:  done, cpu time[sec] = 7.6e-05, elapsed time[sec] = 0
      Model::new_core:  done, cpu time[sec] = 8.7e-05, elapsed time[sec] = 0
      Model::EckartTunnel::EckartTunnel:  ... done
      ground state energy, kcal/mol:   -7.52
      interpolating states number/density starts
         core state contribution ... done, cpu time[sec] = 0.001301, elapsed time[sec] = 0
         vibrational modes contribution ... done, cpu time[sec] = 0.000273, elapsed time[sec] = 0
         tunneling contribution ... done, cpu time[sec] = 2.03176, elapsed time[sec] = 2
         effective power exponent at 429.729 kcal/mol = 6.63431
      interpolating states number/density done, cpu time[sec] = 2.05415, elapsed time[sec] = 2
   Model::RRHO::RRHO:  done, cpu time[sec] = 2.05438, elapsed time[sec] = 2
   checking input ... done
   setting connectivity ... done
   checking connectivity ... done
   setting dissociation limit ... done
   setting maximum barrier height ... done
   partition functions (relative to the ground level, units - 1/cm3):
     T\Q           W0           W1           W2           W3           W4          W5t          W5c          CHO            H           CO           H2           B4          B6t          B6c           B7           B8           B9          B10          B11          B14          B15           B0           B1           B2           B3           B5          B12          B13
     100  6.68802e+29  3.50355e+29  6.68802e+29  2.38575e+29  4.22962e+27  8.90661e+27  9.12171e+27    8.484e+27  3.75861e+23   1.0073e+27  3.07492e+23  1.04299e+29  5.59872e+36  9.82345e+27  1.11592e+30  9.72568e+29  5.30642e+29  6.49279e+29  4.87589e+29  4.04807e+73  1.14776e+55  6.51015e+29  3.19552e+29  6.55805e+29  2.66318e+29  1.19468e+29 3.77327e+120 1.47634e+110
     200  2.46284e+31  1.12683e+31  2.46284e+31  6.65357e+30  3.38477e+28  7.12984e+28  7.30404e+28  6.78942e+28  1.06309e+24  5.69815e+27  1.73944e+24   1.6744e+30  1.33417e+31  8.33686e+28  3.02111e+31  2.44075e+31  1.21944e+31   1.4075e+31  1.20542e+31  1.98892e+43  8.16294e+34     9.26e+30  4.74423e+30  9.33265e+30  3.94308e+30  1.62458e+30  3.00986e+54  3.76419e+56
     300  2.31162e+32  1.00915e+32  2.31162e+32  5.63682e+31  1.14936e+29  2.43068e+29  2.49512e+29  2.30184e+29  1.95303e+24  1.57027e+28  4.79332e+24  8.27847e+30  2.01613e+30  3.13746e+29  2.17687e+32  1.71204e+32  8.28213e+31  9.36531e+31  8.40041e+31  5.77358e+34  1.60012e+31  4.49536e+31  2.35089e+31  4.52926e+31  1.94995e+31  7.33765e+30  6.50514e+35  3.52743e+40
     400  1.19041e+33  5.07455e+32  1.19041e+33  2.75253e+32  2.78957e+29  5.96541e+29  6.14807e+29  5.53592e+29  3.00689e+24  3.22467e+28  9.83974e+24  2.56773e+31  2.06856e+30  8.53247e+29  9.05036e+32  7.01993e+32  3.33979e+32  3.73673e+32  3.43218e+32  7.44401e+31  5.74423e+30  1.40677e+32  7.44047e+31  1.41702e+32  6.16389e+31  2.15942e+31  2.24059e+31  1.60564e+34
     500   4.3832e+33   1.8418e+33   4.3832e+33  9.81066e+32  5.71482e+29  1.24322e+30  1.28767e+30  1.11019e+30  4.20225e+24  5.64191e+28  1.71894e+25  6.22795e+31  3.13645e+30  1.93949e+30  2.78945e+33  2.14533e+33  1.01032e+33    1.123e+33  1.04652e+33  1.32352e+31  6.59591e+30  3.47427e+32  1.85054e+32   3.4989e+32   1.5318e+32  5.06979e+31  7.21964e+30  8.54818e+31
     600  1.30369e+34  5.42548e+33  1.30369e+34  2.85459e+33  1.06069e+30   2.3544e+30  2.45136e+30  1.99196e+30    5.524e+24  8.93152e+28  2.71158e+25  1.29977e+32  5.20214e+30  3.93096e+30  7.12719e+33  5.44983e+33  2.54902e+33  2.82062e+33  2.65437e+33  1.01795e+31  9.50862e+30  7.40571e+32  3.96348e+32  7.45718e+32  3.27894e+32  1.03564e+32  7.76587e+30   2.3309e+31
     700  3.34482e+34  1.38241e+34  3.34482e+34  7.20891e+33  1.84618e+30  4.18338e+30  4.37814e+30  3.31588e+30  6.96104e+24  1.32112e+29  3.98685e+25  2.45197e+32  8.73042e+30  7.35348e+30  1.60146e+34  1.21942e+34  5.67551e+33  6.25974e+33  5.93249e+33  1.16931e+31  1.44812e+31  1.42791e+33  7.66843e+32  1.43768e+33   6.3414e+32  1.92503e+32  1.06035e+31  1.93875e+31
     800  7.69839e+34  3.16524e+34  7.69839e+34  1.63948e+34  3.06986e+30  7.09395e+30  7.46108e+30  5.22887e+30  8.50476e+24  1.86091e+29  5.56824e+25  4.30135e+32  1.44714e+31  1.29586e+31  3.27655e+34  2.48691e+34   1.1532e+34  1.26875e+34  1.20884e+34  1.53672e+31  2.22091e+31  2.55947e+33   1.3781e+33  2.57677e+33  1.13926e+33  3.34141e+32  1.55288e+31  2.22727e+31
     900  1.62992e+35  6.67443e+34  1.62992e+35  3.43889e+34  4.93003e+30  1.15976e+31  1.22555e+31  7.91281e+30  1.01482e+25   2.5263e+29  7.47865e+25  7.14158e+32  2.35106e+31   2.1795e+31  6.24056e+34  4.72459e+34  2.18452e+34  2.39871e+34  2.29497e+34  2.12462e+31   3.3755e+31  4.33902e+33  2.34101e+33  4.36807e+33  1.93481e+33  5.50491e+32  2.31892e+31   2.8821e+31
    1000  3.22907e+35  1.31799e+35  3.22907e+35  6.76188e+34  7.69916e+30  1.84007e+31  1.95317e+31  1.15897e+31  1.18858e+25  3.33197e+29  9.74112e+25  1.13538e+33  3.73638e+31  3.52945e+31  1.12303e+35  8.48472e+34  3.91405e+34  4.29106e+34  4.11919e+34  2.99095e+31  5.05628e+31  7.03758e+33  3.80312e+33  7.08431e+33  3.14258e+33  8.70171e+32  3.46366e+31  3.91912e+31
    1100  6.05867e+35  2.46636e+35  6.05867e+35  1.26093e+35   1.1746e+31  2.84634e+31  3.03411e+31  1.65272e+31  1.37125e+25  4.29336e+29  1.23793e+26  1.74243e+33  5.81018e+31  5.53747e+31  1.92962e+35  1.45537e+35  6.70102e+34  7.33698e+34  7.06238e+34  4.22555e+31  7.45308e+31  1.10088e+34   5.9571e+33  1.10814e+34  4.92165e+33  1.32979e+33    5.133e+31  5.43916e+31
    1200  1.08625e+36   4.4121e+35  1.08625e+36   2.2491e+35  1.75631e+31  4.30727e+31  4.60983e+31  2.30444e+31  1.56242e+25  5.42658e+29  1.54176e+26  2.59643e+33  8.85014e+31  8.45605e+31  3.18994e+35  2.40246e+35  1.10444e+35  1.20795e+35  1.16539e+35  5.94972e+31   1.0811e+32  1.67069e+34  9.05043e+33  1.68164e+34  7.47628e+33  1.97553e+33  7.52119e+31  7.59742e+31
    1300  1.87358e+36  7.59568e+35  1.87358e+36  3.86234e+35  2.57999e+31  6.39306e+31  6.86805e+31  3.15181e+31  1.76174e+25  6.74839e+29  1.88817e+26  3.77313e+33  1.32228e+32  1.26126e+32   5.1031e+35  3.83858e+35  1.76229e+35  1.92569e+35  1.86142e+35  8.32074e+31  1.54424e+32   2.4706e+34  1.33963e+34  2.48672e+34   1.1065e+34  2.86486e+33  1.08818e+32  1.06036e+32
    1400  3.12522e+36  1.26495e+36  3.12522e+36  6.41844e+35  3.73029e+31   9.3262e+31  1.00549e+32  4.23891e+31  1.96888e+25  8.27611e+29  2.27984e+26  5.36534e+33   1.9405e+32  1.84261e+32  7.93546e+35  5.96268e+35  2.73435e+35  2.98553e+35  2.89066e+35  1.15387e+32  2.17408e+32  3.57236e+34  1.93859e+34  3.59557e+34  1.60106e+34  4.06857e+33  1.55407e+32  1.47299e+32
    1500  5.06268e+36  2.04627e+36  5.06268e+36  1.03637e+36  5.31642e+31  1.33943e+32  1.44896e+32  5.61693e+31  2.18355e+25  1.00276e+30  2.71955e+26  7.48553e+33  2.80096e+32  2.64261e+32  1.20376e+36  9.03649e+35  4.13984e+35  4.51706e+35  4.37978e+35  1.58549e+32  3.01971e+32  5.06447e+34  2.75022e+34  5.09725e+34  2.27118e+34  5.67289e+33  2.19122e+32  2.03236e+32
    1600  7.99181e+36  3.22623e+36  7.99181e+36  1.63131e+36  7.47787e+31  1.89654e+32  2.05814e+32  7.34491e+31  2.40551e+25  1.20213e+30  3.21018e+26  1.02687e+34  3.98145e+32  3.72746e+32  1.78642e+36  1.33993e+36  6.13328e+35  6.68815e+35  6.49299e+35  2.15817e+32   4.1418e+32  7.05504e+34  3.83351e+34  7.10055e+34  3.16555e+34  7.78193e+33  3.05168e+32   2.7821e+32
    1700  1.23281e+37  4.97133e+36  1.23281e+37  2.51009e+36  1.03912e+32  2.65062e+32  2.88508e+32  9.49047e+31  2.63451e+25   1.4276e+30  3.75472e+26  1.38753e+34  5.57972e+32  5.17912e+32  2.59976e+36  1.94856e+36  8.91234e+35  9.71352e+35  9.44047e+35  2.91036e+32   5.6147e+32  9.67483e+34  5.25986e+34  9.73706e+34  4.34307e+34  1.05204e+34  4.20025e+32  3.77654e+32
    1800  1.86272e+37  7.50422e+36  1.86272e+37  3.78413e+36  1.42778e+32  3.66027e+32  3.99529e+32  1.21306e+32  2.87036e+25  1.68111e+30  4.35627e+26   1.8495e+34  7.71739e+32   7.0981e+32  3.71747e+36  2.78445e+36   1.2727e+36  1.38646e+36   1.3488e+36  3.88907e+32  7.52881e+32  1.30807e+35   7.1149e+34  1.31646e+35  5.87442e+34  1.40363e+34  5.71685e+32  5.08266e+32
    1900  2.76227e+37  1.11186e+37  2.76227e+37  5.60029e+36  1.94137e+32   4.9986e+32  5.47064e+32  1.53526e+32  3.11284e+25  1.96464e+30  5.01798e+26  2.43497e+34  1.05444e+33  9.60661e+32  5.23181e+36  3.91638e+36  1.78899e+36  1.94809e+36  1.89684e+36  5.15126e+32  9.99331e+32  1.74592e+35  9.50055e+34  1.75709e+35  7.84371e+34  1.85046e+34  7.69925e+32  6.78242e+32
    2000  4.02707e+37  1.61969e+37  4.02707e+37  8.14978e+36  2.61395e+32  6.75598e+32  7.41256e+32  1.92548e+32   3.3618e+25  2.28022e+30  5.74313e+26  3.16979e+34  1.42442e+33  1.28521e+33  7.25719e+36  5.42958e+36  2.47887e+36  2.69831e+36  2.62939e+36  6.76556e+32  1.31391e+33  2.30308e+35  1.25372e+35  2.31779e+35  1.03503e+35  2.41302e+34  1.02662e+33  8.97527e+32
   partition functions (relative to 0 kcal/mol, units - 1/cm3):
     T\Q           W0           W1           W2           W3           W4          W5t          W5c           B4          B6t          B6c           B7           B8           B9          B10          B11          B14          B15           B0           B1           B2           B3           B5          B12          B13
     100  3.14396e+29   1.3467e+29  3.14396e+29  8.29233e+28 1.41284e+217 2.86837e+103  8.59098e+92  1.72043e+29  4.16231e+20  1.32666e+28  1.19737e+30  8.36289e+29  4.14681e+29  4.94785e+29  4.04754e+29  2.76601e+83  3.12301e+71  6.51015e+29  3.19552e+29  6.55805e+29  2.66318e+29  1.61342e+29 8.40645e+132   8.0715e+72
     200   1.6886e+31  6.98619e+30   1.6886e+31  3.92266e+30 1.95625e+123  4.04614e+66  2.24154e+61  2.15049e+30  1.15036e+23  9.68836e+28  3.12942e+31   2.2633e+31  1.07799e+31  1.22869e+31  1.09826e+31  1.64407e+48   1.3465e+43     9.26e+30  4.74423e+30  9.33265e+30  3.94308e+30  1.88795e+30  4.49256e+60  8.80149e+37
     300   1.7974e+32   7.3374e+31   1.7974e+32  3.96325e+31  1.71811e+92  3.58951e+54  1.13522e+51  9.78142e+30  8.47748e+24  3.46798e+29   2.2286e+32  1.62801e+32  7.62862e+31  8.55429e+31   7.8949e+31  1.09559e+38  4.81274e+36  4.49536e+31  2.35089e+31  4.52926e+31  1.94995e+31  8.11065e+30  8.49613e+39   1.3388e+28
     400  9.85696e+32  3.99566e+32  9.85696e+32  2.11346e+32  6.70634e+76  4.49387e+48  1.07704e+46  2.90996e+31  1.92079e+26  9.19812e+29  9.21117e+32  6.75992e+32  3.14013e+32  3.49131e+32  3.27608e+32  2.14022e+34  7.37755e+34  1.40677e+32  7.44047e+31  1.41702e+32  6.16389e+31  2.32788e+31  2.73739e+34  7.76407e+24
     500  3.76901e+33  1.52123e+33  3.76901e+33  7.94161e+32  4.58945e+67  1.57084e+45  1.27232e+43  6.88361e+31  1.86504e+27  2.05962e+30  2.82903e+33  2.08152e+33  9.61705e+32   1.0636e+33  1.00827e+33  1.22645e+33  1.27708e+34  3.47427e+32  1.85054e+32   3.4989e+32   1.5318e+32   5.3838e+31   2.1286e+33  3.01597e+24
     600  1.14957e+34  4.62627e+33  1.14957e+34   2.3936e+33  4.10099e+61  9.04762e+42  1.65349e+41  1.41283e+32  1.06673e+28  4.13283e+30  7.21137e+33  5.31441e+33  2.44638e+33  2.69572e+33  2.57327e+33  4.43434e+32   5.2148e+33  7.40571e+32  3.96348e+32  7.45718e+32  3.27894e+32  1.08883e+32  8.87509e+32  1.43599e+25
     700   3.0029e+34  1.20591e+34   3.0029e+34  6.19877e+33  2.19332e+57  2.56078e+41  8.38079e+39  2.63369e+32  4.33438e+28  7.67601e+30  1.61766e+34   1.1934e+34  5.47906e+33  6.02139e+33  5.77677e+33   2.9708e+32  3.22569e+33  1.42791e+33  7.66843e+32  1.43768e+33   6.3414e+32  2.00946e+32  6.15793e+32  9.21183e+25
     800  7.00523e+34  2.80867e+34  7.00523e+34  1.43661e+34   1.5052e+54  1.94706e+40  9.87524e+38  4.57904e+32   1.3945e+29  1.34546e+31  3.30553e+34  2.44042e+34   1.1182e+34  1.22637e+34  1.18103e+34  2.60568e+32  2.51693e+33  2.55947e+33   1.3781e+33  2.57677e+33  1.13926e+33   3.4693e+32  5.42782e+32  4.89773e+26
     900   1.4988e+35  6.00173e+34   1.4988e+35   3.0579e+34  5.63701e+51  2.84536e+39  2.03077e+38  7.54996e+32  3.79471e+29   2.2535e+31   6.2896e+34    4.646e+34  2.12548e+34  2.32736e+34  2.24798e+34  2.63037e+32  2.26161e+33  4.33902e+33  2.34101e+33  4.36807e+33  1.93481e+33   5.6918e+32  5.46101e+32   2.0867e+27
    1000   2.9943e+35  1.19781e+35   2.9943e+35  6.08377e+34  6.89957e+49  6.54073e+38  6.13954e+37  1.19365e+33   9.1112e+29  3.63711e+31  1.13097e+35  8.35759e+34  3.81872e+34  4.17602e+34   4.0432e+34  2.87918e+32  2.22486e+33  7.03758e+33  3.80312e+33  7.08431e+33  3.14258e+33  8.96715e+32  5.94737e+32  7.36148e+27
    1100  5.65686e+35  2.26104e+35  5.65686e+35  1.14543e+35  1.99217e+48  2.08278e+38  2.44769e+37  1.82354e+33  1.98582e+30  5.69082e+31  1.94202e+35  1.43553e+35  6.55248e+34  7.15795e+34  6.94384e+34  3.31084e+32  2.32488e+33  1.10088e+34   5.9571e+33  1.10814e+34  4.92165e+33  1.36662e+33  6.80623e+32  2.22872e+28
    1200  1.02003e+36  4.07419e+35  1.02003e+36   2.0595e+35  1.09207e+47  8.44362e+37  1.19724e+37    2.707e+33  4.00763e+30  8.67046e+31  3.20872e+35  2.37242e+35  1.08197e+35   1.1809e+35  1.14744e+35  3.92688e+32  2.53178e+33  1.67069e+34  9.05043e+33  1.68164e+34  7.47628e+33  2.02562e+33  8.04041e+32  5.96321e+28
    1300  1.76789e+36  7.05708e+35  1.76789e+36  3.56079e+35  9.78072e+45  4.11159e+37  6.83645e+36  3.92122e+33  7.59712e+30  1.29075e+32  5.13083e+35  3.79426e+35  1.72918e+35  1.88585e+35  1.83495e+35  4.74975e+32  2.83742e+33   2.4706e+34  1.33963e+34  2.48672e+34   1.1065e+34  2.93185e+33  9.69476e+32  1.44253e+29
    1400  2.96118e+36  1.18145e+36  2.96118e+36  5.95179e+35  1.28575e+45  2.30743e+37  4.39922e+36  5.56061e+33  1.36729e+31  1.88258e+32  7.97549e+35  5.89873e+35  2.68661e+35  2.92814e+35  2.85247e+35  5.81607e+32  3.24478e+33  3.57236e+34  1.93859e+34  3.59557e+34  1.60106e+34  4.15684e+33   1.1843e+33   3.2108e+29
    1500  4.81421e+36  1.91991e+36  4.81421e+36  9.65865e+35  2.29371e+44  1.44804e+37  3.10923e+36   7.7395e+33  2.35536e+31  2.69608e+32  1.20942e+36    8.946e+35  4.07235e+35  4.43596e+35  4.32575e+35  7.17471e+32  3.76369e+33  5.06447e+34  2.75022e+34  5.09725e+34  2.27118e+34  5.78767e+33  1.45841e+33  6.66579e+29
    1600  7.62354e+36  3.03908e+36  7.62354e+36  1.52705e+36  5.23619e+43  9.93592e+36  2.36782e+36  1.05949e+34  3.90835e+31  3.79812e+32   1.7943e+36  1.32735e+36  6.03949e+35  6.57552e+35  6.41787e+35  8.88686e+32   4.4092e+33  7.05504e+34  3.83351e+34  7.10055e+34  3.16555e+34  7.92946e+33  1.80419e+33  1.30462e+30
    1700  1.17926e+37  4.69945e+36  1.17926e+37  2.35881e+36  1.46259e+43  7.32807e+36  1.91494e+36  1.42899e+34  6.27859e+31  5.27148e+32  2.61055e+36  1.93133e+36  8.78401e+35  9.55948e+35  9.33764e+35  1.10269e+33  5.20085e+33  9.67483e+34  5.25986e+34  9.73706e+34  4.34307e+34   1.0708e+34  2.23677e+33  2.42772e+30
    1800  1.78622e+37  7.11601e+36  1.78622e+37  3.56836e+36  4.82794e+42  5.73321e+36  1.62635e+36  1.90164e+34  9.80457e+31  7.21758e+32  3.73205e+36  2.76119e+36  1.25538e+36  1.36569e+36  1.33492e+36   1.3684e+33  6.16264e+33  1.30807e+35   7.1149e+34  1.31646e+35  5.87442e+34  1.42726e+34  2.77428e+33  4.32481e+30
    1900  2.65468e+37  1.05729e+37  2.65468e+37  5.29731e+36   1.8325e+42  4.70922e+36  1.43787e+36  2.49996e+34  1.49328e+32  9.75975e+32  5.25125e+36  3.88539e+36  1.76593e+36  1.92043e+36  1.87834e+36  1.69639e+33  7.32309e+33  1.74592e+35  9.50055e+34  1.75709e+35  7.84371e+34  1.87996e+34  3.43825e+33  7.41676e+30
    2000  3.87792e+37  1.54408e+37  3.87792e+37  7.73034e+36  7.82504e+41  4.02795e+36  1.31422e+36  3.25011e+34  2.22434e+32  1.30467e+33  7.28279e+36  5.38875e+36   2.4485e+36   2.6619e+36  2.60502e+36   2.0991e+33  8.71567e+33  2.30308e+35  1.25372e+35  2.31779e+35  1.03503e+35  2.44955e+34  4.25406e+33  1.23009e+31
   tunneling partition function correction factors & high pressure effective energy shifts (D), kcal/mol:
     T\B           B4            D          B6t            D          B6c            D           B7            D           B8            D           B9            D          B10            D          B11            D          B14            D          B15            D           B0            D           B1            D           B2            D           B3            D           B5            D          B12            D          B13            D
     100            1           -0  5.67607e+08     -4.00557            1           -0            1           -0            1           -0            1           -0            1           -0            1           -0  4.46022e+45     -20.8877  6.07262e+26     -12.2552            1           -0            1           -0            1           -0            1           -0            1           -0   3.8956e+92     -42.3665  1.44789e+82     -37.5941
     200            1           -0      167.241     -2.03466            1           -0            1           -0            1           -0            1           -0            1           -0            1           -0  2.72516e+14     -13.2103       536919     -5.24364            1           -0            1           -0            1           -0            1           -0            1           -0   3.8636e+25     -23.4156  4.60761e+27     -25.3158
     300            1           -0      7.08263     -1.16707            1           -0            1           -0            1           -0            1           -0            1           -0            1           -0       227972     -7.35478      30.2721     -2.03303            1           -0            1           -0            1           -0            1           -0            1           -0  2.38943e+06     -8.75551  1.25928e+11     -15.2372
     400            1           -0       2.7612    -0.807328            1           -0            1           -0            1           -0            1           -0            1           -0            1           -0      117.204     -3.78672      4.31537     -1.16225            1           -0            1           -0            1           -0            1           -0            1           -0      32.2244     -2.76039      23147.2     -7.98822
     500            1           -0      1.86513    -0.619336            1           -0            1           -0            1           -0            1           -0            1           -0            1           -0      9.83778     -2.27159      2.32689    -0.839122            1           -0            1           -0            1           -0            1           -0            1           -0      4.77606      -1.5536        58.64     -4.04534
     600            1           -0      1.52472    -0.502933            1           -0            1           -0            1           -0            1           -0            1           -0            1           -0      3.96189     -1.64148      1.74732    -0.665408            1           -0            1           -0            1           -0            1           -0            1           -0       2.6109     -1.14426      8.38769     -2.53577
     700            1           -0      1.35548    -0.423092            1           -0            1           -0            1           -0            1           -0            1           -0            1           -0      2.55765     -1.30631       1.4894    -0.554147            1           -0            1           -0            1           -0            1           -0            1           -0      1.94245    -0.923575      3.90631     -1.89541
     800            1           -0      1.25778    -0.364601            1           -0            1           -0            1           -0            1           -0            1           -0            1           -0      1.99012     -1.09406      1.34888    -0.475769            1           -0            1           -0            1           -0            1           -0            1           -0      1.63378    -0.780402      2.63575     -1.54074
     900            1           -0      1.19576    -0.319751            1           -0            1           -0            1           -0            1           -0            1           -0            1           -0      1.69641    -0.945229      1.26269    -0.417151            1           -0            1           -0            1           -0            1           -0            1           -0      1.46115    -0.678233       2.0797     -1.30956
    1000            1           -0      1.15374    -0.284186            1           -0            1           -0            1           -0            1           -0            1           -0            1           -0      1.52146    -0.833963      1.20554    -0.371465            1           -0            1           -0            1           -0            1           -0            1           -0      1.35311     -0.60094      1.77842     -1.14408
    1100            1           -0      1.12386    -0.255248            1           -0            1           -0            1           -0            1           -0            1           -0            1           -0      1.40744     -0.74708      1.16549    -0.334758            1           -0            1           -0            1           -0            1           -0            1           -0      1.28028    -0.540089      1.59346     -1.01843
    1200            1           -0      1.10182    -0.231221            1           -0            1           -0            1           -0            1           -0            1           -0            1           -0      1.32834    -0.677066      1.13624    -0.304567            1           -0            1           -0            1           -0            1           -0            1           -0      1.22851    -0.490768      1.47025    -0.919107
    1300            1           -0      1.08508    -0.210934            1           -0            1           -0            1           -0            1           -0            1           -0            1           -0      1.27089    -0.619278      1.11416    -0.279267            1           -0            1           -0            1           -0            1           -0            1           -0      1.19023     -0.44989      1.38332    -0.838259
    1400            1           -0      1.07205    -0.193569            1           -0            1           -0            1           -0            1           -0            1           -0            1           -0      1.22768    -0.570675      1.09707     -0.25774            1           -0            1           -0            1           -0            1           -0            1           -0      1.16104    -0.415402      1.31932    -0.770964
    1500            1           -0      1.06172    -0.178528            1           -0            1           -0            1           -0            1           -0            1           -0            1           -0      1.19426    -0.529167      1.08355    -0.239189            1           -0            1           -0            1           -0            1           -0            1           -0      1.13821    -0.385882      1.27064    -0.713952
    1600            1           -0      1.05339    -0.165372            1           -0            1           -0            1           -0            1           -0            1           -0            1           -0      1.16782    -0.493268      1.07266    -0.223029            1           -0            1           -0            1           -0            1           -0            1           -0      1.11999    -0.360307      1.23261    -0.664956
    1700            1           -0      1.04657    -0.153763            1           -0            1           -0            1           -0            1           -0            1           -0            1           -0      1.14651    -0.461888      1.06376    -0.208821            1           -0            1           -0            1           -0            1           -0            1           -0       1.1052     -0.33792      1.20228    -0.622345
    1800            1           -0      1.04092    -0.143444            1           -0            1           -0            1           -0            1           -0            1           -0            1           -0      1.12907    -0.434206      1.05639    -0.196227            1           -0            1           -0            1           -0            1           -0            1           -0      1.09302    -0.318152      1.17765    -0.584914
    1900            1           -0      1.03619    -0.134211            1           -0            1           -0            1           -0            1           -0            1           -0            1           -0      1.11459    -0.409594      1.05021    -0.184985            1           -0            1           -0            1           -0            1           -0            1           -0      1.08286    -0.300562      1.15735    -0.551748
    2000            1           -0      1.03218    -0.125891            1           -0            1           -0            1           -0            1           -0            1           -0            1           -0      1.10243    -0.387558      1.04499    -0.174886            1           -0            1           -0            1           -0            1           -0            1           -0      1.07429    -0.284803       1.1404    -0.522142
Model::init:  done, cpu time[sec] = 30.0465, elapsed time[sec] = 18
rate calculation starts
   MasterEquation::set:  starts
      Temperature      = 200 K
      Energy reference = 10134 1/cm
      Energy step      = 28 1/cm
      setting wells, barriers, and bimolecular starts
         W0 Well: average energy = 1.8 kcal/mol
         W0 Well: density of states done, elapsed time[sec] = 9.8e-05
         W0 Well: collisional kernel bandwidth = 1929
         W0 Well: collisional energy transfer kernel done, elapsed time[sec] = 0.01515
         W0 Well: relaxation modes basis done, elapsed time[sec] = 0.00199
         W0 Well: kernel in relaxation modes basis done, elapsed time[sec] = 0.006372
         W0 Well: relaxation eigenvalues done, elapsed time[sec] = 0.376129
         W0 Well: minimal relaxation eigenvalue = 0.0208541
         W0 Well: maximal relaxation eigenvalue = 4.53767
         W0 Well:       grid size = 361
         W0 Well:      real depth = 52 1/cm
         W0 Well: effective depth = 25 1/cm
         W1 Well: average energy = 1.7 kcal/mol
         W1 Well: density of states done, elapsed time[sec] = 0.000982
         W1 Well: collisional kernel bandwidth = 1929
         W1 Well: collisional energy transfer kernel done, elapsed time[sec] = 0.334834
         W1 Well: relaxation modes basis done, elapsed time[sec] = 0.045707
         W1 Well: kernel in relaxation modes basis done, elapsed time[sec] = 0.140826
         W1 Well: relaxation eigenvalues done, elapsed time[sec] = 0.350513
         W1 Well: minimal relaxation eigenvalue = 0.0207949
         W1 Well: maximal relaxation eigenvalue = 1.41197
         W1 Well:       grid size = 360
         W1 Well:      real depth = 66 1/cm
         W1 Well: effective depth = 53 1/cm
         W2 Well: average energy = 1.8 kcal/mol
         W2 Well: density of states done, elapsed time[sec] = 0.000816
         W2 Well: collisional kernel bandwidth = 1929
         W2 Well: collisional energy transfer kernel done, elapsed time[sec] = 0.352191
         W2 Well: relaxation modes basis done, elapsed time[sec] = 0.046699
         W2 Well: kernel in relaxation modes basis done, elapsed time[sec] = 0.140943
         W2 Well: relaxation eigenvalues done, elapsed time[sec] = 0.476998
         W2 Well: minimal relaxation eigenvalue = 0.0208541
         W2 Well: maximal relaxation eigenvalue = 4.53767
         W2 Well:       grid size = 361
         W2 Well:      real depth = 52 1/cm
         W2 Well: effective depth = 25 1/cm
         W3 Well: average energy = 1.7 kcal/mol
         W3 Well: density of states done, elapsed time[sec] = 0.001337
         W3 Well: collisional kernel bandwidth = 1929
         W3 Well: collisional energy transfer kernel done, elapsed time[sec] = 0.36568
         W3 Well: relaxation modes basis done, elapsed time[sec] = 0.04461
         W3 Well: kernel in relaxation modes basis done, elapsed time[sec] = 0.213464
         W3 Well: relaxation eigenvalues done, elapsed time[sec] = 0.710738
         W3 Well: minimal relaxation eigenvalue = 0.0207771
         W3 Well: maximal relaxation eigenvalue = 1.26772
         W3 Well:       grid size = 360
         W3 Well:      real depth = 73 1/cm
         W3 Well: effective depth = 53 1/cm
         W4 Well: average energy = -86.1 kcal/mol
         W4 Well: density of states done, elapsed time[sec] = 0.001793
         W4 Well: collisional kernel bandwidth = 1929
         W4 Well: collisional energy transfer kernel done, elapsed time[sec] = 0.614881
         W4 Well: relaxation modes basis done, elapsed time[sec] = 0.082519
         W4 Well: kernel in relaxation modes basis done, elapsed time[sec] = 0.379358
         W4 Well: relaxation eigenvalues done, elapsed time[sec] = 2.50882
         W4 Well: minimal relaxation eigenvalue = 0.0303759
         W4 Well: maximal relaxation eigenvalue = 0.916573
         W4 Well:       grid size = 483
         W4 Well:      real depth = -30331 1/cm
         W4 Well: effective depth = -3390 1/cm
         W5t Well: average energy = -33.9 kcal/mol
         W5t Well: density of states done, elapsed time[sec] = 0.005609
         W5t Well: collisional kernel bandwidth = 1929
         W5t Well: collisional energy transfer kernel done, elapsed time[sec] = 1.03429
         W5t Well: relaxation modes basis done, elapsed time[sec] = 0.112709
         W5t Well: kernel in relaxation modes basis done, elapsed time[sec] = 0.768746
         W5t Well: relaxation eigenvalues done, elapsed time[sec] = 2.75997
         W5t Well: minimal relaxation eigenvalue = 0.0288788
         W5t Well: maximal relaxation eigenvalue = 0.916916
         W5t Well:       grid size = 506
         W5t Well:      real depth = -12084 1/cm
         W5t Well: effective depth = -4034 1/cm
         W5c Well: average energy = -29.1 kcal/mol
         W5c Well: density of states done, elapsed time[sec] = 0.003821
         W5c Well: collisional kernel bandwidth = 1929
         W5c Well: collisional energy transfer kernel done, elapsed time[sec] = 1.06786
         W5c Well: relaxation modes basis done, elapsed time[sec] = 0.118548
         W5c Well: kernel in relaxation modes basis done, elapsed time[sec] = 0.891078
         W5c Well: relaxation eigenvalues done, elapsed time[sec] = 1.35687
         W5c Well: minimal relaxation eigenvalue = 0.0284999
         W5c Well: maximal relaxation eigenvalue = 0.916973
         W5c Well:       grid size = 506
         W5c Well:      real depth = -10398 1/cm
         W5c Well: effective depth = -4034 1/cm
         B4 Barrier:        grid size = 364
         B4 Barrier:      real height = -34 1/cm
         B4 Barrier: effective height = -58 1/cm
         B6t Barrier:        grid size = 360
         B6t Barrier:      real height = 73 1/cm
         B6t Barrier: effective height = 53 1/cm
         B6c Barrier:        grid size = 363
         B6c Barrier:      real height = -20 1/cm
         B6c Barrier: effective height = -30 1/cm
         B7 Barrier:        grid size = 363
         B7 Barrier:      real height = -4 1/cm
         B7 Barrier: effective height = -30 1/cm
         B8 Barrier:        grid size = 362
         B8 Barrier:      real height = 10 1/cm
         B8 Barrier: effective height = -2 1/cm
         B9 Barrier:        grid size = 362
         B9 Barrier:      real height = 17 1/cm
         B9 Barrier: effective height = -2 1/cm
         B10 Barrier:        grid size = 362
         B10 Barrier:      real height = 18 1/cm
         B10 Barrier: effective height = -2 1/cm
         B11 Barrier:        grid size = 362
         B11 Barrier:      real height = 12 1/cm
         B11 Barrier: effective height = -2 1/cm
         B14 Barrier:        grid size = 794
         B14 Barrier:      real height = -12080 1/cm
         B14 Barrier: effective height = -12098 1/cm
         B15 Barrier:        grid size = 734
         B15 Barrier:      real height = -10398 1/cm
         B15 Barrier: effective height = -10418 1/cm
         B0 Barrier:        grid size = 362
         B0 Barrier:      real height = 0 1/cm
         B0 Barrier: effective height = -2 1/cm
         B1 Barrier:        grid size = 362
         B1 Barrier:      real height = 0 1/cm
         B1 Barrier: effective height = -2 1/cm
         B2 Barrier:        grid size = 362
         B2 Barrier:      real height = 0 1/cm
         B2 Barrier: effective height = -2 1/cm
         B3 Barrier:        grid size = 362
         B3 Barrier:      real height = 0 1/cm
         B3 Barrier: effective height = -2 1/cm
         B5 Barrier:        grid size = 363
         B5 Barrier:      real height = -20 1/cm
         B5 Barrier: effective height = -30 1/cm
         B12 Barrier: nonpositive number of states at -24250 1/cm => truncating
         B12 Barrier:        grid size = 1228
         B12 Barrier:      real height = -30271 1/cm
         B12 Barrier: effective height = -24250 1/cm
         B13 Barrier:        grid size = 794
         B13 Barrier:      real height = -12084 1/cm
         B13 Barrier: effective height = -12098 1/cm
      setting wells, barriers, and bimolecular done, cpu time[sec] = 15.5473, elapsed time[sec] = 0
      B4 barrier top is lower than the bottom of one of the wells it connects => truncating
      MasterEquation::Barrier::truncate: grid size = 361
      MasterEquation::Barrier::truncate: real weight = 1.12766e+36
      MasterEquation::Barrier::truncate: effective weight = 1.43116e+32
      B6c barrier top is lower than the bottom of one of the wells it connects => truncating
      MasterEquation::Barrier::truncate: grid size = 360
      MasterEquation::Barrier::truncate: real weight = 5.08034e+34
      MasterEquation::Barrier::truncate: effective weight = 6.12994e+30
      B7 barrier top is lower than the bottom of one of the wells it connects => truncating
      MasterEquation::Barrier::truncate: grid size = 361
      MasterEquation::Barrier::truncate: real weight = 1.64095e+37
      MasterEquation::Barrier::truncate: effective weight = 2.09266e+33
      B8 barrier top is lower than the bottom of one of the wells it connects => truncating
      MasterEquation::Barrier::truncate: grid size = 360
      MasterEquation::Barrier::truncate: real weight = 1.18679e+37
      MasterEquation::Barrier::truncate: effective weight = 1.51201e+33
      B9 barrier top is lower than the bottom of one of the wells it connects => truncating
      MasterEquation::Barrier::truncate: grid size = 360
      MasterEquation::Barrier::truncate: real weight = 5.65256e+36
      MasterEquation::Barrier::truncate: effective weight = 7.20092e+32
      B10 barrier top is lower than the bottom of one of the wells it connects => truncating
      MasterEquation::Barrier::truncate: grid size = 360
      MasterEquation::Barrier::truncate: real weight = 6.44275e+36
      MasterEquation::Barrier::truncate: effective weight = 8.20282e+32
      B11 barrier top is lower than the bottom of one of the wells it connects => truncating
      MasterEquation::Barrier::truncate: grid size = 360
      MasterEquation::Barrier::truncate: real weight = 5.75886e+36
      MasterEquation::Barrier::truncate: effective weight = 7.33808e+32
      B14 barrier top is lower than the bottom of one of the wells it connects => truncating
      MasterEquation::Barrier::truncate: grid size = 483
      MasterEquation::Barrier::truncate: real weight = 8.62086e+53
      MasterEquation::Barrier::truncate: effective weight = 5.41738e+39
      B15 barrier top is lower than the bottom of one of the wells it connects => truncating
      MasterEquation::Barrier::truncate: grid size = 506
      MasterEquation::Barrier::truncate: real weight = 7.06053e+48
      MasterEquation::Barrier::truncate: effective weight = 4.34481e+41
      B0 barrier top is lower than the bottom of the well it connects => truncating
      MasterEquation::Barrier::truncate: grid size = 361
      MasterEquation::Barrier::truncate: real weight = 4.85571e+36
      MasterEquation::Barrier::truncate: effective weight = 6.18622e+32
      B1 barrier top is lower than the bottom of the well it connects => truncating
      MasterEquation::Barrier::truncate: grid size = 360
      MasterEquation::Barrier::truncate: real weight = 2.48776e+36
      MasterEquation::Barrier::truncate: effective weight = 3.15192e+32
      B2 barrier top is lower than the bottom of the well it connects => truncating
      MasterEquation::Barrier::truncate: grid size = 361
      MasterEquation::Barrier::truncate: real weight = 4.89381e+36
      MasterEquation::Barrier::truncate: effective weight = 6.23476e+32
      B3 barrier top is lower than the bottom of the well it connects => truncating
      MasterEquation::Barrier::truncate: grid size = 360
      MasterEquation::Barrier::truncate: real weight = 2.06765e+36
      MasterEquation::Barrier::truncate: effective weight = 2.61981e+32
      B5 barrier top is lower than the bottom of the well it connects => truncating
      MasterEquation::Barrier::truncate: grid size = 361
      MasterEquation::Barrier::truncate: real weight = 9.89994e+35
      MasterEquation::Barrier::truncate: effective weight = 1.25894e+32
      B12 barrier top is lower than the bottom of the well it connects => truncating
      MasterEquation::Barrier::truncate: grid size = 483
      MasterEquation::Barrier::truncate: real weight = 2.35572e+66
      MasterEquation::Barrier::truncate: effective weight = 0
      B13 barrier top is lower than the bottom of the well it connects => truncating
      MasterEquation::Barrier::truncate: grid size = 506
      MasterEquation::Barrier::truncate: real weight = 4.61516e+43
      MasterEquation::Barrier::truncate: effective weight = 3.16256e+31
      Bound Species (D1/D2 - density of states at dissociation energy (DE)/reference energy):
       Name  Depth     DE      *D1      *D2
              1/cm   1/cm       cm       cm
         W0     26     26     3.51 1.62e+09
         W1     54     54     23.5 6.42e+08
         W2     26     26     3.51 1.62e+09
         W3     54     54     17.3  3.2e+08
         W4  -3390  -3390 7.56e+05 7.22e+06
        W5t  -4034  -4034 6.41e+03 7.22e+05
        W5c  -4034  -4034 2.82e+03 5.48e+05
      Well-to-Well Barriers (N - number of states at the reference energy):
       Name Height       *N
              1/cm         
         B4     26  1.2e+09
        B6t     54 1.73e+07
        B6c     54 6.03e+07
         B7     26  4.2e+11
         B8     54 3.11e+11
         B9     54 1.41e+11
        B10     54 1.53e+11
        B11     54  1.5e+11
        B14  -3390 5.54e+07
        B15  -4034 1.61e+08
      Well-to-Bimolecular Barriers (N - number of states at the reference energy):
       Name Height       *N
              1/cm         
         B0     26 9.61e+09
         B1     54 5.25e+09
         B2     26 9.67e+09
         B3     54 4.33e+09
         B5     26  9.2e+08
        B12  -3390 1.13e+08
        B13  -4034 9.39e+05
      Effective equilibrium constants(bimolecular units - cm^3):
        Q/Q        W0        W1        W2        W3        W4       W5t       W5c        P1        P2
         W0         1      2.42         1       4.3  5.09e-14  5.61e-14  1.26e-13  1.83e-18 1.58e-114
         W1     0.414         1     0.414      1.78  2.11e-14  2.32e-14  5.19e-14  7.58e-19 6.56e-115
         W2         1      2.42         1       4.3  5.09e-14  5.61e-14  1.26e-13  1.83e-18 1.58e-114
         W3     0.232     0.562     0.232         1  1.18e-14   1.3e-14  2.92e-14  4.26e-19 3.68e-115
         W4  1.97e+13  4.75e+13  1.97e+13  8.46e+13         1       1.1      2.47   3.6e-05 3.12e-101
        W5t  1.78e+13  4.31e+13  1.78e+13  7.67e+13     0.906         1      2.24  3.27e-05 2.82e-101
        W5c  7.97e+12  1.93e+13  7.97e+12  3.43e+13     0.405     0.447         1  1.46e-05 1.26e-101
         P1  5.46e+17  1.32e+18  5.46e+17  2.35e+18  2.78e+04  3.06e+04  6.85e+04         1  8.65e-97
         P2 6.31e+113 1.52e+114 6.31e+113 2.71e+114 3.21e+100 3.54e+100 7.92e+100  1.16e+96         1
      Real equilibrium constants(bimolecular units - cm^3):
        Q/Q        W0        W1        W2        W3        W4       W5t       W5c        P1        P2
         W0         1      2.42         1       4.3  8.63e-93  4.17e-36  7.53e-31  2.34e-22 2.02e-118
         W1     0.414         1     0.414      1.78  3.57e-93  1.73e-36  3.12e-31  9.68e-23 8.37e-119
         W2         1      2.42         1       4.3  8.63e-93  4.17e-36  7.53e-31  2.34e-22 2.02e-118
         W3     0.232     0.561     0.232         1  2.01e-93  9.69e-37  1.75e-31  5.43e-23  4.7e-119
         W4  1.16e+92   2.8e+92  1.16e+92  4.99e+92         1  4.83e+56  8.73e+61  2.71e+70  2.34e-26
        W5t   2.4e+35  5.79e+35   2.4e+35  1.03e+36  2.07e-57         1  1.81e+05   5.6e+13  4.85e-83
        W5c  1.33e+30  3.21e+30  1.33e+30  5.71e+30  1.15e-62  5.54e-06         1   3.1e+08  2.68e-88
         P1  4.28e+21  1.03e+22  4.28e+21  1.84e+22  3.69e-71  1.78e-14  3.22e-09         1  8.65e-97
         P2 4.94e+117  1.2e+118 4.94e+117 2.13e+118  4.27e+25  2.06e+82  3.72e+87  1.16e+96         1
   MasterEquation::set:  done, cpu time[sec] = 15.5599, elapsed time[sec] = 0
   MasterEquation::direct_diagonalization_method:  starts
      Pressure = 0.1 atm	 Temperature = 200 K
            Well    Collision, 1/sec
              W0         1.53218e+09
              W1         1.53218e+09
              W2         1.53218e+09
              W3         1.53218e+09
              W4         1.53218e+09
             W5t         1.53218e+09
             W5c         1.53218e+09
      global relaxation matrix dimension = 2937
      setting global matrices ... done, cpu time[sec] = 1.0391, elapsed time[sec] = 0
      diagonalizing global relaxation matrix ...