Model::init:  starts
   Model::ExponentialKernel::ExponentialKernel:  ... done
   Model::LennardJonesCollision::LennardJonesCollision:  ... done
   WELL: W1
   Model::RRHO::RRHO:  starts
      Model::RigidRotor::RigidRotor:  starts
         molecular geometry will be used to estimate rotational constants
         rotational configuration: nonlinear
         rotational constants[1/cm]:         24.1558        1.48995        1.40339
      Model::RigidRotor::RigidRotor:  done, cpu time[sec] = 0.02, elapsed time[sec] = 0
      interpolating states number/density starts
         core state contribution ... done, cpu time[sec] = 0.01, elapsed time[sec] = 0
         vibrational modes contribution ... done, cpu time[sec] = 0, elapsed time[sec] = 0
         effective power exponent at 414.608 kcal/mol = 3.42922
      interpolating states number/density done, cpu time[sec] = 0.05, elapsed time[sec] = 0
   Model::RRHO::RRHO:  done, cpu time[sec] = 0.07, elapsed time[sec] = 0
   BIMOLECULAR: P0
   Model::Bimolecular::Bimolecular:  starts
      Model::RRHO::RRHO:  starts
         Model::RigidRotor::RigidRotor:  starts
            molecular geometry will be used to estimate rotational constants
            rotational configuration: linear
            rotational constant[1/cm]:         1.92076
         Model::RigidRotor::RigidRotor:  done, cpu time[sec] = 0, elapsed time[sec] = 0
      Model::RRHO::RRHO:  done, cpu time[sec] = 0, elapsed time[sec] = 0
      Model::AtomicFragment::AtomicFragment:  ... done
   Model::Bimolecular::Bimolecular:  done, cpu time[sec] = 0, elapsed time[sec] = 0
   BARRIER: B1
   Model::RRHO::RRHO:  starts
      Model::RigidRotor::RigidRotor:  starts
         molecular geometry will be used to estimate rotational constants
         rotational configuration: nonlinear
         rotational constants[1/cm]:         8.26563        1.44468        1.22974
      Model::RigidRotor::RigidRotor:  done, cpu time[sec] = 0, elapsed time[sec] = 0
      Model::EckartTunnel::EckartTunnel:  ... done
      interpolating states number/density starts
         core state contribution ... done, cpu time[sec] = 0, elapsed time[sec] = 0
         electronic states contribution ... done, cpu time[sec] = 0.01, elapsed time[sec] = 0
         vibrational modes contribution ... done, cpu time[sec] = 0, elapsed time[sec] = 0
         tunneling contribution ... done, cpu time[sec] = 2.95, elapsed time[sec] = 1
         effective power exponent at 399.998 kcal/mol = 3.50401
      interpolating states number/density done, cpu time[sec] = 3.32, elapsed time[sec] = 1
   Model::RRHO::RRHO:  done, cpu time[sec] = 3.32, elapsed time[sec] = 1
   checking input ... done
   setting connectivity ... done
   checking connectivity ... done
   setting dissociation limit ... done
   setting maximum barrier height ... done
   partition functions (relative to the ground level, units - 1/cm3):
     T\Q           W1           CO            H           B1
     100  4.24178e+27  1.00726e+27  3.75851e+23  4.73136e+30
     200  3.39451e+28  5.69791e+27  1.06307e+24  1.75852e+29
     300   1.1508e+29  1.57021e+28  1.95298e+24  2.95596e+29
     400  2.76739e+29  3.22457e+28  3.00681e+24  6.10057e+29
     500  5.54927e+29   5.6419e+28  4.20214e+24  1.19274e+30
     600  9.95602e+29  8.93203e+28  5.52386e+24  2.16502e+30
     700  1.65725e+30  1.32131e+29  6.96086e+24  3.68218e+30
     800  2.61333e+30  1.86135e+29  8.50454e+24  5.93565e+30
     900  3.95482e+30  2.52717e+29   1.0148e+25  9.15675e+30
    1000  5.79278e+30  3.33348e+29  1.18855e+25  1.36204e+31
    1100   8.2611e+30  4.29578e+29  1.37121e+25   1.9649e+31
    1200  1.15195e+31  5.43025e+29  1.56238e+25  2.76162e+31
    1300  1.57563e+31  6.75367e+29   1.7617e+25  3.79508e+31
    1400  2.11924e+31  8.28342e+29  1.96883e+25  5.11403e+31
    1500  2.80838e+31  1.00374e+30   2.1835e+25  6.77351e+31
    1600  3.67261e+31  1.20341e+30  2.40545e+25  8.83514e+31
    1700  4.74576e+31  1.42925e+30  2.63445e+25  1.13676e+32
    1800  6.06639e+31  1.68319e+30  2.87028e+25   1.4447e+32
    1900  7.67818e+31  1.96722e+30  3.11276e+25  1.81572e+32
    2000  9.63034e+31  2.28338e+30  3.36171e+25    2.259e+32
   partition functions (relative to 0 kcal/mol, units - 1/cm3):
     T\Q           W1           B1
     100  3.60775e+59  1.04841e+22
     200  3.13056e+44  8.27792e+24
     300   5.0609e+39  3.85372e+26
     400  2.65761e+37  4.18559e+27
     500   1.3495e+36  2.21643e+28
     600  2.08786e+35  7.81723e+28
     700   6.0363e+34  2.13675e+29
     800  2.56098e+34  4.91657e+29
     900  1.39595e+34  1.00031e+30
    1000   9.0335e+33  1.85671e+30
    1100  6.60294e+33  3.21049e+30
    1200   5.2752e+33  5.24758e+30
    1300  4.50386e+33  8.19396e+30
    1400  4.04457e+33  1.23194e+31
    1500  3.77661e+33  1.79412e+31
    1600  3.63563e+33  2.54279e+31
    1700  3.58528e+33  3.52033e+31
    1800  3.60414e+33  4.77502e+31
    1900  3.67932e+33  6.36137e+31
    2000    3.803e+33  8.34054e+31
   tunneling partition function correction factors & high pressure effective energy shifts (D), kcal/mol:
     T\B           B1            D
     100      898.387     -1.35141
     200      3.92095    -0.543034
     300      1.75169    -0.334194
     400      1.35525    -0.241634
     500      1.20883    -0.188437
     600      1.13748    -0.153591
     700      1.09709    -0.128891
     800      1.07193    -0.110424
     900      1.05519   -0.0960772
    1000      1.04349   -0.0845983
    1100        1.035   -0.0752007
    1200      1.02865   -0.0673624
    1300      1.02378   -0.0607253
    1400      1.01998   -0.0550296
    1500      1.01695   -0.0500928
    1600       1.0145   -0.0457614
    1700      1.01249   -0.0419345
    1800      1.01083   -0.0385391
    1900      1.00945   -0.0354957
    2000      1.00827   -0.0327485
Model::init:  done, cpu time[sec] = 3.57, elapsed time[sec] = 1
rate calculation starts
   MasterEquation::set:  starts
      Temperature      = 1200 K
      Collision rate   = 4.27338e-10cm^3/sec
      Energy reference = 26406 1/cm
      Energy step      = 8 1/cm
      setting wells, barriers, and bimolecular starts
         W1 Well: density of states done, elapsed time[sec] = 0.01
         W1 Well: cannot satisfy the constant collision frequency at energy = -5074 1/cm, truncating the well
         W1 Well: cannot satisfy the constant collision frequency at energy = -5066 1/cm, truncating the well
         W1 Well: cannot satisfy the constant collision frequency at energy = -5058 1/cm, truncating the well
         W1 Well: collisional energy transfer kernel done, elapsed time[sec] = 4.42
         W1 Well: relaxation modes basis done, elapsed time[sec] = 1.11
         W1 Well: kernel in relaxation modes basis done, elapsed time[sec] = 138.39
         W1 Well: relaxation eigenvalues done, elapsed time[sec] = 243.72
         W1 Well: minimal relaxation eigenvalue = 0.00812368
         W1 Well: maximal relaxation eigenvalue = 1.01518
         W1 Well:       grid size = 3933
         W1 Well:      real depth = -5109 1/cm
         W1 Well: effective depth = -5057 1/cm
         B1 Barrier:        grid size = 3301
         B1 Barrier:      real height = 0 1/cm
         B1 Barrier: effective height = -2 1/cm
      setting wells, barriers, and bimolecular done, cpu time[sec] = 387.65, elapsed time[sec] = 168
      Bound Species (D1/D2 - density of states at dissociation energy (DE)/reference energy):
       Name  Depth     DE      *D1      *D2
              1/cm   1/cm       cm       cm
         W1  -5057     -2      158 2.81e+04
      Well-to-Bimolecular Barriers (N - number of states at the reference energy):
       Name Height       *N
              1/cm         
         B1     -2 9.65e+07
      Effective equilibrium constants(bimolecular units - cm^3):
        Q/Q        W1        P0
         W1         1  1.69e-17
         P0  5.91e+16         1
      Real equilibrium constants(bimolecular units - cm^3):
        Q/Q        W1        P0
         W1         1  6.22e-22
         P0  1.61e+21         1
   MasterEquation::set:  done, cpu time[sec] = 387.65, elapsed time[sec] = 168
   MasterEquation::direct_diagonalization_method:  starts
      Pressure = 30 torr	 Temperature = 1200 K
      collision frequency = 1.03155e+08 1/sec
      global relaxation matrix dimension = 3933
      setting global matrices ... done, cpu time[sec] = 1.61, elapsed time[sec] = 2
      diagonalizing global relaxation matrix ... done, cpu time[sec] = 393.41, elapsed time[sec] = 37
      minimal relaxation eigenvalue / collision frequency = 0.0241214
      maximal relaxation eigenvalue / collision frequency = 997616
      microscopic rate coefficients (at reference energy) over collision frequency:
             W1->P0
             997615
      eigenvector populations normalized:
          L        *R        *P        W1
          0    0.0253    0.0435         1
         *R - eigenvalue over the relaxation limit
         *P - eigenvector projection squared on the relaxation subspace
      eigenvector projections:
          L        *Q        *P        W1
          0   0.00061    0.0435    -0.978
         *Z       ---       ---  2.57e+12
         *Q - eigenvalue over the collision frequency
         *P - eigenvector projection squared on the relaxation subspace
         *Z - well partition function square root
      isomers-to-bimolecular equilibrium coefficients (kappa matrix):
        W\P       P0
         W1        0
      projection error = 0.043
      Wa->Wb/Wb->Wa rate constants ratios:
      Wb\Wa        W1
         W1         1
      W->P/P->W rate constants ratios:
        P\W        W1
         P0         1
      Hot distribution branching ratios:
       Well  E, kcal/mol           W1           P0
         W1     -14.3927      1.05415    -0.054154
         W1     -14.2784      1.05413   -0.0541333
         W1     -14.1869      1.05408   -0.0540841
         W1     -14.0954      1.05401    -0.054015
         W1      -13.981      1.05391   -0.0539054
         W1     -13.8895       1.0538   -0.0538008
         W1     -13.7981      1.05368   -0.0536815
         W1     -13.6837      1.05351   -0.0535119
         W1     -13.5922      1.05336   -0.0533595
         W1     -13.4778      1.05315   -0.0531474
         W1     -13.3863      1.05296   -0.0529597
         W1     -13.2948      1.05276   -0.0527554
         W1     -13.1805      1.05248   -0.0524757
         W1      -13.089      1.05223   -0.0522315
         W1     -12.9975      1.05197   -0.0519685
         W1     -12.8831      1.05161   -0.0516119
         W1     -12.7916       1.0513   -0.0513034
         W1     -12.6773      1.05089   -0.0508873
         W1     -12.5858      1.05053   -0.0505291
         W1     -12.4943      1.05015   -0.0501473
         W1     -12.3799      1.04964   -0.0496356
         W1     -12.2884       1.0492   -0.0491975
         W1      -12.197      1.04873   -0.0487329
         W1     -12.0826      1.04811   -0.0481131
         W1     -11.9911      1.04758   -0.0475849
         W1     -11.8996      1.04703   -0.0470269
         W1     -11.7852      1.04629   -0.0462855
         W1     -11.6937      1.04566   -0.0456561
         W1     -11.5794      1.04482   -0.0448221
         W1     -11.4879      1.04412   -0.0441156
         W1     -11.3964      1.04364   -0.0436407
         W1      -11.282      1.04322   -0.0432201
         W1     -11.1905      1.04271    -0.042715
         W1     -11.0991      1.04216   -0.0421574
         W1     -10.9847      1.04141   -0.0414062
         W1     -10.8932      1.04077   -0.0407667
         W1     -10.7788      1.03992    -0.039921
         W1     -10.6873      1.03921   -0.0392073
         W1     -10.5959      1.03846   -0.0384602
         W1     -10.4815      1.03748   -0.0374778
         W1       -10.39      1.03665   -0.0366519
         W1     -10.2985      1.03579   -0.0357893
         W1     -10.1841      1.03466   -0.0346575
         W1     -10.0926      1.03371   -0.0337076
         W1     -9.97828      1.03246   -0.0324625
         W1     -9.88679      1.03142   -0.0314185
         W1      -9.7953      1.03033   -0.0303303
         W1     -9.68094      1.02891   -0.0289056
         W1     -9.58944      1.02771   -0.0277122
         W1     -9.49795      1.02647   -0.0264695
         W1     -9.38359      1.02484    -0.024844
         W1      -9.2921      1.02348   -0.0234838
         W1     -9.17773      1.02198   -0.0219762
         W1     -9.08624      1.02095   -0.0209468
         W1     -8.99475      1.01974   -0.0197429
         W1     -8.88039      1.01813    -0.018134
         W1     -8.78889      1.01678   -0.0167806
         W1      -8.6974      1.01537   -0.0153723
         W1     -8.58304      1.01354   -0.0135354
         W1     -8.49155        1.012   -0.0120038
         W1     -8.37718      1.01001   -0.0100095
         W1     -8.28569      1.00835  -0.00834836
         W1      -8.1942      1.00687  -0.00686718
         W1     -8.07984      1.00512  -0.00511713
         W1     -7.98834      1.00355  -0.00355215
         W1     -7.89685      1.00191  -0.00191196
         W1     -7.78249      0.99977   0.00022998
         W1       -7.691     0.997986   0.00201427
         W1     -7.59951     0.996138   0.00386166
         W1     -7.48514     0.993738   0.00626151
         W1     -7.39365     0.991744   0.00825604
         W1     -7.27929     0.989154    0.0108459
         W1     -7.18779     0.987002    0.0129979
         W1      -7.0963     0.984776    0.0152238
         W1     -6.98194     0.981886     0.018114
         W1     -6.89045     0.979484    0.0205164
         W1     -6.79896      0.97758      0.02242
         W1     -6.68459     0.974747    0.0252531
         W1      -6.5931     0.972366    0.0276341
         W1     -6.47874     0.969267    0.0307334
         W1     -6.38724     0.966691     0.033309
         W1     -6.29575     0.964029    0.0359708
         W1     -6.18139     0.960578    0.0394225
         W1      -6.0899     0.957713    0.0422865
         W1     -5.99841     0.954755    0.0452448
         W1     -5.88404     0.951569    0.0484312
         W1     -5.79255     0.948696    0.0513044
         W1     -5.67819     0.944943    0.0550569
         W1     -5.58669     0.941824    0.0581758
         W1      -5.4952     0.938603    0.0613974
         W1     -5.38084     0.934429    0.0655712
         W1     -5.28935     0.930969     0.069031
         W1     -5.19786     0.927398    0.0726017
         W1     -5.08349     0.922773    0.0772266
         W1       -4.992     0.919198    0.0808024
         W1     -4.87764     0.914727    0.0852726
         W1     -4.78615     0.910928    0.0890724
         W1     -4.69465      0.90699    0.0930096
         W1     -4.58029     0.901885    0.0981145
         W1      -4.4888     0.897654     0.102346
         W1     -4.39731     0.893289     0.106711
         W1     -4.28294     0.887638     0.112362
         W1     -4.19145     0.882957     0.117043
         W1     -4.09996     0.878128     0.121872
         W1      -3.9856     0.871875     0.128125
         W1      -3.8941     0.866694     0.133306
         W1     -3.77974     0.859984     0.140016
         W1     -3.68825     0.855196     0.144804
         W1     -3.59676     0.850385     0.149615
         W1     -3.48239     0.843834     0.156166
         W1      -3.3909      0.83837      0.16163
         W1     -3.29941     0.832728     0.167272
         W1     -3.18505     0.825425     0.174575
         W1     -3.09355     0.819381     0.180619
         W1     -2.97919     0.811565     0.188435
         W1      -2.8877     0.805098     0.194902
         W1     -2.79621     0.798432     0.201568
         W1     -2.68184     0.790581     0.209419
         W1     -2.59035     0.783812     0.216188
         W1     -2.49886     0.776815     0.223185
         W1      -2.3845     0.767757     0.232243
         W1       -2.293     0.760259     0.239741
         W1     -2.17864     0.750564     0.249436
         W1     -2.08715     0.742541     0.257459
         W1     -1.99566     0.734272     0.265728
         W1     -1.88129     0.723577     0.276423
         W1      -1.7898     0.715066     0.284934
         W1     -1.69831      0.70645      0.29355
         W1     -1.58395     0.695153     0.304847
         W1     -1.49245     0.685779     0.314221
         W1     -1.37809     0.674434     0.325566
         W1      -1.2866     0.664812     0.335188
         W1     -1.19511     0.654864     0.345136
         W1     -1.08074     0.641989     0.358011
         W1    -0.989251     0.631335     0.368665
         W1     -0.89776     0.620356     0.379644
         W1    -0.783395     0.606162     0.393838
         W1    -0.691904     0.594417     0.405583
         W1     -0.57754     0.579364     0.420636
         W1    -0.486048     0.567711     0.432289
         W1    -0.394557     0.555904     0.444096
         W1    -0.280192     0.540289     0.459711
         W1    -0.188701     0.527325     0.472675
         W1   -0.0972096     0.513959     0.486041
         W1    0.0171546     0.496679     0.503321
         W1     0.108646     0.482383     0.517617
         W1     0.200137     0.467651     0.532349
         W1     0.314502     0.448593     0.551407
         W1     0.405993     0.432949     0.567051
         W1     0.520357      0.41341      0.58659
         W1     0.611849     0.396912     0.603088
         W1      0.70334     0.379789     0.620211
         W1     0.817705     0.357437     0.642563
         W1     0.909196     0.339616     0.660384
         W1      1.00069     0.320607     0.679393
         W1      1.11505      0.29546      0.70454
         W1      1.20654      0.27414      0.72586
         W1      1.32091     0.245856     0.754144
         W1       1.4124     0.222404     0.777596
         W1      1.50389     0.198025     0.801975
         W1      1.61825     0.166206     0.833794
         W1      1.70975     0.141249     0.858751
         W1      1.80124     0.117201     0.882799
         W1       1.9156    0.0885195      0.91148
         W1      2.00709    0.0680909     0.931909
         W1      2.12146     0.046815     0.953185
         W1      2.21295    0.0335095      0.96649
         W1      2.30444    0.0233491     0.976651
         W1       2.4188    0.0144093     0.985591
         W1       2.5103     0.009605     0.990395
         W1      2.60179   0.00632017      0.99368
         W1      2.71615   0.00376083     0.996239
         W1      2.80764   0.00247453     0.997525
         W1      2.92201   0.00145374     0.998546
         W1       3.0135  0.000948456     0.999052
         W1      3.10499  0.000619218     0.999381
         W1      3.21935   0.00036447     0.999636
         W1      3.31085  0.000239383     0.999761
         W1      3.40234  0.000157884     0.999842
         W1       3.5167  9.44991e-05     0.999906
         W1      3.60819  6.32506e-05     0.999937
         W1      3.72256  3.89442e-05     0.999961
         W1      3.81405  2.65575e-05     0.999973
         W1      3.90554  1.82434e-05     0.999982
         W1       4.0199  1.16593e-05     0.999988
         W1       4.1114  8.29479e-06     0.999992
         W1      4.20289  5.92087e-06     0.999994
         W1      4.31725  3.92756e-06     0.999996
         W1      4.40874  2.85364e-06     0.999997
         W1      4.50023  2.08894e-06     0.999998
         W1       4.6146  1.43585e-06     0.999999
         W1      4.70609  1.07352e-06     0.999999
         W1      4.82045  7.50433e-07     0.999999
         W1      4.91195  5.71489e-07     0.999999
         W1      5.00344  4.39423e-07            1
         W1       5.1178  3.16344e-07            1
         W1      5.20929  2.44081e-07            1
         W1      5.30078  1.88975e-07            1
         W1      5.41515  1.37888e-07            1
         W1      5.50664  1.07536e-07            1
         W1        5.621  7.91242e-08            1
         W1       5.7125  6.20756e-08            1
         W1      5.80399  4.87985e-08            1
         W1      5.91835  3.66539e-08            1
         W1      6.00984  2.92418e-08            1
         W1      6.10133  2.33059e-08            1
         W1       6.2157  1.75714e-08            1
         W1      6.30719  1.41291e-08            1
         W1      6.42155   1.0746e-08            1
         W1      6.51305  8.63781e-09            1
         W1      6.60454   6.9502e-09            1
         W1       6.7189  5.30095e-09            1
         W1      6.81039  4.28068e-09            1
         W1      6.90188  3.47178e-09            1
         W1      7.01625  2.66412e-09            1
         W1      7.10774  2.16849e-09            1
         W1       7.2221  1.68389e-09            1
         W1       7.3136  1.38229e-09            1
         W1      7.40509  1.12998e-09            1
         W1      7.51945  8.77931e-10            1
         W1      7.61094    7.173e-10            1
         W1      7.70243  5.86207e-10            1
         W1       7.8168  4.56382e-10            1
         W1      7.90829  3.73979e-10            1
         W1      8.02265  2.91666e-10            1
         W1      8.11415  2.40153e-10            1
         W1      8.20564  1.98127e-10            1
         W1         8.32  1.55067e-10            1
         W1      8.41149  1.27039e-10            1
         W1      8.50298   1.0401e-10            1
         W1      8.61735  8.15464e-11            1
         W1      8.70884   6.7138e-11            1
         W1      8.80033  5.48158e-11            1
         W1       8.9147  4.25497e-11            1
         W1      9.00619  3.43696e-11            1
         W1      9.12055  2.68166e-11            1
         W1      9.21204  2.20553e-11            1
         W1      9.30353  1.79612e-11            1
         W1       9.4179   1.3529e-11            1
         W1      9.50939  1.09195e-11            1
         W1      9.60088  8.91095e-12            1
         W1      9.71525  6.79541e-12            1
         W1      9.80674  5.29573e-12            1
         W1       9.9211  4.05712e-12            1
         W1      10.0126  3.23795e-12            1
         W1      10.1041  2.65106e-12            1
         W1      10.2184  1.82475e-12            1
         W1      10.3099  1.38464e-12            1
         W1      10.4014  6.58858e-13            1
         W1      10.5158  6.97787e-13            1
         W1      10.6073  3.41499e-13            1
         W1      10.7217  6.41443e-13            1
         W1      10.8131  5.14968e-14            1
         W1      10.9046 -5.87646e-14            1
         W1       11.019  1.33593e-13            1
         W1      11.1105 -3.73512e-14            1
         W1       11.202  7.37923e-14            1
         W1      11.3163  7.93372e-14            1
         W1      11.4078  8.64748e-14            1
         W1      11.5222  8.89252e-14            1
         W1      11.6137 -1.44583e-14            1
         W1      11.7052 -2.69131e-13            1
         W1      11.8195   2.0525e-13            1
         W1       11.911  1.00724e-13            1
         W1      12.0025 -3.57739e-14            1
         W1      12.1169 -3.57698e-13            1
         W1      12.2084  9.28873e-15            1
         W1      12.3228 -1.73481e-13            1
         W1      12.4142 -1.13484e-13            1
         W1      12.5057  7.62369e-15            1
         W1      12.6201  6.77628e-14            1
         W1      12.7116 -5.14261e-16            1
         W1      12.8031  7.06426e-14            1
         W1      12.9174 -3.40286e-14            1
         W1      13.0089 -5.43751e-14            1
         W1      13.1004  1.63018e-14            1
         W1      13.2148 -6.72883e-14            1
         W1      13.3063  5.47682e-14            1
         W1      13.4206  9.09153e-14            1
         W1      13.5121  1.61612e-13            1
         W1      13.6036 -4.66641e-14            1
         W1       13.718 -2.00916e-14            1
         W1      13.8095   3.8466e-14            1
         W1       13.901 -1.62395e-13            1
         W1      14.0153  2.03335e-13            1
         W1      14.1068  5.10402e-14            1
         W1      14.2212  8.33496e-14            1
         W1      14.3127  1.56624e-13            1
         W1      14.4042 -1.13397e-13            1
         W1      14.5185  6.98665e-14            1
         W1        14.61 -2.62583e-14            1
         W1      14.7015  2.54198e-14            1
         W1      14.8159 -2.86875e-14            1
         W1      14.9074 -1.36479e-13            1
         W1      15.0217 -7.96842e-14            1
         W1      15.1132  3.37976e-15            1
         W1      15.2047  8.23301e-14            1
         W1      15.3191 -7.54265e-14            1
         W1      15.4106   7.8015e-14            1
         W1      15.5021  1.10002e-14            1
         W1      15.6164 -5.95724e-14            1
         W1      15.7079  1.57356e-13            1
         W1      15.8223 -1.01371e-13            1
         W1      15.9138 -3.31607e-14            1
         W1      16.0053  1.02355e-13            1
         W1      16.1196  8.41176e-15            1
         W1      16.2111  6.43536e-14            1
         W1      16.3026 -8.31349e-14            1
         W1       16.417 -4.88841e-14            1
         W1      16.5085 -1.88089e-13            1
         W1      16.6228 -7.42765e-14            1
         W1      16.7143 -3.31586e-14            1
         W1      16.8058  1.67179e-14            1
         W1      16.9202 -9.59343e-14            1
         W1      17.0117  4.21278e-14            1
         W1      17.1032 -1.90798e-13            1
         W1      17.2175  6.36749e-14            1
         W1       17.309 -3.60904e-14            1
         W1      17.4005  7.27426e-14            1
         W1      17.5149  2.18734e-14            1
         W1      17.6064 -1.08334e-13            1
         W1      17.7207 -1.83161e-13            1
         W1      17.8122  9.03293e-14            1
         W1      17.9037   2.1664e-13            1
         W1      18.0181   -1.616e-13            1
         W1      18.1096 -9.68336e-14            1
         W1      18.2011  -1.2537e-14            1
         W1      18.3154   8.1185e-14            1
         W1      18.4069  1.51232e-13            1
         W1      18.5213  1.70188e-13            1
         W1      18.6128  1.39897e-13            1
         W1      18.7043   8.8067e-14            1
         W1      18.8186 -1.51146e-13            1
         W1      18.9101 -4.26084e-14            1
         W1      19.0016 -3.06041e-13            1
         W1       19.116 -1.59592e-13            1
         W1      19.2075  2.35976e-14            1
         W1      19.3218  1.80222e-13            1
         W1      19.4133  1.23608e-14            1
         W1      19.5048 -6.81948e-15            1
         W1      19.6192 -3.57123e-13            1
         W1      19.7107 -2.72834e-13            1
         W1      19.8022  1.24663e-13            1
         W1      19.9165  1.39978e-13            1
         W1       20.008 -4.40539e-14            1
         W1      20.1224 -7.01828e-14            1
         W1      20.2139 -2.80431e-13            1
         W1      20.3054 -7.06248e-14            1
         W1      20.4197 -9.74345e-14            1
         W1      20.5112  2.87036e-14            1
         W1      20.6027  1.86284e-13            1
         W1      20.7171 -1.59522e-13            1
         W1      20.8086 -2.13872e-13            1
         W1      20.9001  1.98813e-13            1
         W1      21.0144 -1.45247e-13            1
         W1      21.1059 -3.23828e-13            1
         W1      21.2203  2.07209e-13            1
         W1      21.3118 -1.06551e-13            1
         W1      21.4033  2.25404e-14            1
         W1      21.5176  2.25889e-13            1
         W1      21.6091  1.25741e-13            1
         W1      21.7006 -8.93261e-14            1
         W1       21.815  9.27404e-14            1
         W1      21.9065  1.65931e-14            1
         W1      22.0208  -1.3933e-14            1
         W1      22.1123  2.77223e-13            1
         W1      22.2038   4.3254e-16            1
         W1      22.3182  2.20736e-13            1
         W1      22.4097 -1.26488e-13            1
         W1      22.5012 -1.15978e-13            1
         W1      22.6155    2.512e-14            1
         W1       22.707 -2.70011e-14            1
         W1      22.8214  1.98609e-13            1
         W1      22.9129 -2.81793e-13            1
         W1      23.0044  2.43314e-13            1
         W1      23.1187 -2.79365e-13            1
         W1      23.2102 -2.52481e-13            1
         W1      23.3017  1.47821e-13            1
         W1      23.4161  1.32063e-13            1
         W1      23.5076  1.11057e-13            1
         W1      23.6219  1.89787e-13            1
         W1      23.7134  2.60529e-13            1
         W1      23.8049  1.76636e-13            1
         W1      23.9193  7.29836e-14            1
         W1      24.0108  5.06277e-14            1
         W1      24.1023 -1.08751e-13            1
         W1      24.2166 -4.06518e-13            1
         W1      24.3081  2.23975e-13            1
         W1      24.4225 -2.10536e-14            1
         W1       24.514  1.70178e-13            1
         W1      24.6055 -2.54177e-13            1
         W1      24.7198  1.80929e-13            1
         W1      24.8113 -9.97581e-14            1
         W1      24.9028 -7.91573e-14            1
         W1      25.0172  2.02152e-13            1
         W1      25.1087 -2.99315e-13            1
         W1      25.2002 -3.91219e-13            1
         W1      25.3145 -4.28086e-13            1
         W1       25.406  2.01704e-13            1
         W1      25.5204  -1.6898e-13            1
         W1      25.6119  1.80585e-13            1
         W1      25.7034  2.11362e-13            1
         W1      25.8177  1.11963e-13            1
         W1      25.9092  -1.7088e-13            1
         W1      26.0007  1.22023e-13            1
         W1      26.1151  -6.1866e-14            1
         W1      26.2066 -3.24749e-13            1
         W1      26.3209  5.32376e-14            1
         W1      26.4124  -1.0715e-14            1
         W1      26.5039 -1.05892e-13            1
         W1      26.6183  1.50579e-13            1
         W1      26.7098  3.36934e-13            1
         W1      26.8013  8.50546e-15            1
         W1      26.9156  3.73355e-15            1
         W1      27.0071 -1.74637e-13            1
         W1      27.1215  1.63013e-13            1
         W1       27.213  8.73244e-14            1
         W1      27.3045  3.38445e-13            1
         W1      27.4188  4.00364e-15            1
         W1      27.5103  3.01223e-13            1
         W1      27.6018 -1.47594e-13            1
         W1      27.7162  2.20074e-13            1
         W1      27.8077  3.59829e-13            1
         W1       27.922 -8.05912e-14            1
         W1      28.0135  7.85876e-14            1
         W1       28.105  1.31308e-13            1
         W1      28.2194 -3.58761e-13            1
         W1      28.3109  3.53847e-13            1
         W1      28.4024  2.16481e-13            1
         W1      28.5167 -3.77016e-13            1
         W1      28.6082  2.23945e-13            1
         W1      28.7226 -2.21578e-13            1
         W1      28.8141  4.83648e-13            1
         W1      28.9056  9.47742e-14            1
         W1      29.0199 -4.05363e-13            1
         W1      29.1114   9.0834e-14            1
         W1      29.2029  1.81019e-13            1
         W1      29.3173 -1.21625e-13            1
         W1      29.4088 -2.52459e-13            1
         W1      29.5003 -5.04357e-14            1
         W1      29.6146  2.47364e-13            1
         W1      29.7061   8.2569e-14            1
         W1      29.8205  1.04448e-13            1
         W1       29.912 -8.66932e-13            1
         W1      30.0035  -3.4114e-14            1
         W1      30.1178 -7.18822e-14            1
         W1      30.2093  2.32735e-13            1
         W1      30.3008  6.21887e-14            1
         W1      30.4152  9.81132e-14            1
         W1      30.5067  1.45263e-13            1
         W1       30.621 -1.96908e-13            1
         W1      30.7125  2.51396e-13            1
         W1       30.804 -2.77797e-13            1
         W1      30.9184  1.68862e-13            1
         W1      31.0099  1.35725e-13            1
         W1      31.1014  -1.2512e-13            1
         W1      31.2157  -4.3648e-13            1
         W1      31.3072  4.30547e-13            1
         W1      31.4216 -3.75982e-14            1
         W1      31.5131  5.89932e-13            1
         W1      31.6046  2.96248e-13            1
         W1      31.7189  1.07346e-12            1
         W1      31.8104  1.32262e-13            1
         W1      31.9019  6.89926e-13            1
         W1      32.0163 -1.28313e-12            1
         W1      32.1078  6.09293e-13            1
         W1      32.2221   4.8031e-14            1
         W1      32.3136  2.21912e-13            1
         W1      32.4051  2.50646e-13            1
         W1      32.5195 -5.31318e-14            1
         W1       32.611  1.27253e-13            1
         W1      32.7025 -2.30116e-14            1
         W1      32.8168  -1.0365e-12            1
         W1      32.9083 -4.88632e-13            1
         W1      33.0227 -2.84077e-13            1
         W1      33.1142 -4.46498e-13            1
         W1      33.2057  4.61218e-13            1
         W1        33.32   5.5119e-13            1
         W1      33.4115  5.97308e-14            1
         W1       33.503  2.17486e-13            1
         W1      33.6174   1.0362e-12            1
         W1      33.7089 -8.87707e-13            1
         W1      33.8004   8.0865e-13            1
         W1      33.9147 -4.06652e-13            1
         W1      34.0062  -1.7625e-12            1
         W1      34.1206 -1.14695e-13            1
         W1      34.2121  8.38134e-13            1
         W1      34.3036  4.81624e-13            1
         W1      34.4179  3.94702e-13            1
         W1      34.5094   -6.448e-13            1
         W1      34.6009  4.24928e-13            1
         W1      34.7153  7.83992e-13            1
         W1      34.8068 -6.42293e-13            1
         W1      34.9211 -9.62047e-13            1
         W1      35.0126  7.29566e-13            1
         W1      35.1041 -7.25486e-13            1
         W1      35.2185  2.14963e-13            1
         W1        35.31 -1.94281e-12            1
         W1      35.4015  7.44152e-13            1
         W1      35.5158  6.67254e-13            1
         W1      35.6073 -3.03486e-13            1
         W1      35.7217  -1.3915e-12            1
         W1      35.8132 -1.17869e-13            1
         W1      35.9047 -1.50001e-14            1
         W1       36.019  9.12232e-13            1
         W1      36.1105 -1.64685e-13            1
         W1       36.202 -1.55675e-12            1
         W1      36.3164 -6.20768e-13            1
         W1      36.4079  6.60965e-13            1
         W1      36.5222 -1.18776e-12            1
         W1      36.6137 -1.11485e-13            1
         W1      36.7052  4.22331e-13            1
         W1      36.8196  1.62282e-12            1
         W1      36.9111  1.52274e-13            1
         W1      37.0026 -1.75144e-13            1
         W1      37.1169  8.03009e-13            1
         W1      37.2084 -1.30816e-12            1
         W1      37.3228  -3.0576e-13            1
         W1      37.4143 -6.09282e-13            1
         W1      37.5058 -1.43963e-12            1
         W1      37.6201 -3.59649e-13            1
         W1      37.7116 -8.65669e-14            1
         W1      37.8031 -5.57939e-13            1
         W1      37.9175  1.36999e-12            1
         W1       38.009  6.11047e-13            1
         W1      38.1005  -1.8636e-13            1
         W1      38.2148   1.4002e-12            1
         W1      38.3063  2.32627e-13            1
         W1      38.4207  6.88165e-13            1
         W1      38.5122  7.39061e-13            1
         W1      38.6037 -4.89232e-14            1
         W1       38.718 -9.69305e-13            1
         W1      38.8095 -1.45134e-12            1
         W1       38.901 -6.09791e-13            1
         W1      39.0154  8.31554e-13            1
         W1      39.1069  4.44172e-13            1
         W1      39.2212  7.37893e-13            1
         W1      39.3127  5.06847e-14            1
         W1      39.4042  4.05112e-13            1
         W1      39.5186  -1.3344e-12            1
         W1      39.6101  1.65326e-12            1
         W1      39.7016 -1.02452e-12            1
         W1      39.8159  6.76475e-13            1
         W1      39.9074 -1.03541e-13            1
         W1      40.0218 -7.15299e-13            1
   MasterEquation::direct_diagonalization_method:  done, cpu time[sec] = 421.06, elapsed time[sec] = 42
rate calculation done, cpu time[sec] = 808.71, elapsed time[sec] = 210
