Wells (G - ground energy, D - dissociation limit, kcal/mol):
      Name        G        D
        W0     -6.0     -0.5

Bimolecular Products (G - ground energy, kcal/mol):
      Name        G
        P0      0.0
        P1    -31.1

Well-to-Bimolecular Barriers (H/G - barrier height/well depth, kcal/mol)
      Name        H     Well        G  Product
        B0      0.0       W0     -6.0       P0
        B1     -0.5       W0     -6.0       P1

________________________________________________________________________________________

Unimolecular Rate Units: 1/sec;  Bimolecular Rate Units: cm^3/sec

______________________________________________________________________________________

Species-Species Rate Tables:

Temperature = 300 K

High Pressure Rate Coefficients:

From\To            W0           P0           P1
W0                ***  1.43106e+10  3.44441e+09
P0         8.6965e-11          ***          ***
P1        1.48332e-34          ***          ***

Temperature = 300 K    Pressure = 1 atm

From\To            W0           P0           P1
W0        1.91708e+07       441347  1.87295e+07
P0        2.53539e-15   1.5399e-11  1.53964e-11
P1        7.62471e-37  1.09107e-34   1.0987e-34

Temperature = 500 K

High Pressure Rate Coefficients:

From\To            W0           P0           P1
W0                ***   7.4247e+11  1.50353e+11
P0        8.57582e-11          ***          ***
P1        1.28511e-25          ***          ***

Temperature = 500 K    Pressure = 1 atm

From\To            W0           P0           P1
W0                ***          ***          ***
P0                ***  1.42198e-11  1.42198e-11
P1                ***  1.05226e-25  1.05226e-25

Temperature = 750 K

High Pressure Rate Coefficients:

From\To            W0           P0           P1
W0                ***  4.02114e+12  9.59556e+11
P0        8.67584e-11          ***          ***
P1        4.89996e-21          ***          ***

Temperature = 750 K    Pressure = 1 atm

From\To            W0           P0           P1
W0                ***          ***          ***
P0                ***  1.64703e-11  1.64703e-11
P1                ***  3.89817e-21  3.89817e-21

Temperature = 1000 K

High Pressure Rate Coefficients:

From\To            W0           P0           P1
W0                ***  7.81115e+12  2.44226e+12
P0        8.83607e-11          ***          ***
P1        1.19122e-18          ***          ***

Temperature = 1000 K    Pressure = 1 atm

From\To            W0           P0           P1
W0                ***          ***          ***
P0                ***  2.04411e-11  2.04411e-11
P1                ***  8.81376e-19  8.81376e-19

Temperature = 1250 K

High Pressure Rate Coefficients:

From\To            W0           P0           P1
W0                ***  1.03995e+13  4.31837e+12
P0        9.00436e-11          ***          ***
P1        3.73967e-17          ***          ***

Temperature = 1250 K    Pressure = 1 atm

From\To            W0           P0           P1
W0                ***          ***          ***
P0                ***  2.52988e-11  2.52988e-11
P1                ***  2.53031e-17  2.53031e-17

Temperature = 1500 K

High Pressure Rate Coefficients:

From\To            W0           P0           P1
W0                ***  1.16651e+13  6.32055e+12
P0         9.1674e-11          ***          ***
P1        4.11211e-16          ***          ***

Temperature = 1500 K    Pressure = 1 atm

From\To            W0           P0           P1
W0                ***          ***          ***
P0                ***  3.05338e-11  3.05338e-11
P1                ***  2.52773e-16  2.52773e-16

Temperature = 1750 K

High Pressure Rate Coefficients:

From\To            W0           P0           P1
W0                ***  1.19879e+13  8.27368e+12
P0        9.32172e-11          ***          ***
P1        2.44315e-15          ***          ***

Temperature = 1750 K    Pressure = 1 atm

From\To            W0           P0           P1
W0                ***          ***          ***
P0                ***  3.58263e-11  3.58263e-11
P1                ***  1.36051e-15  1.36051e-15

Temperature = 2000 K

High Pressure Rate Coefficients:

From\To            W0           P0           P1
W0                ***  1.17415e+13  1.00965e+13
P0        9.46681e-11          ***          ***
P1        9.79244e-15          ***          ***

Temperature = 2000 K    Pressure = 1 atm

From\To            W0           P0           P1
W0                ***          ***          ***
P0                ***  4.10001e-11  4.10001e-11
P1                ***  4.93202e-15  4.93202e-15

______________________________________________________________________________________

High Pressure Rate Coefficients (Temperature-Species Rate Tables):

   T, K       W0->W0       W0->P0       W0->P1
    300          ***  1.43106e+10  3.44441e+09
    500          ***   7.4247e+11  1.50353e+11
    750          ***  4.02114e+12  9.59556e+11
   1000          ***  7.81115e+12  2.44226e+12
   1250          ***  1.03995e+13  4.31837e+12
   1500          ***  1.16651e+13  6.32055e+12
   1750          ***  1.19879e+13  8.27368e+12
   2000          ***  1.17415e+13  1.00965e+13

   T, K       P0->W0       P0->P0       P0->P1
    300   8.6965e-11          ***          ***
    500  8.57582e-11          ***          ***
    750  8.67584e-11          ***          ***
   1000  8.83607e-11          ***          ***
   1250  9.00436e-11          ***          ***
   1500   9.1674e-11          ***          ***
   1750  9.32172e-11          ***          ***
   2000  9.46681e-11          ***          ***

   T, K       P1->W0       P1->P0       P1->P1
    300  1.48332e-34          ***          ***
    500  1.28511e-25          ***          ***
    750  4.89996e-21          ***          ***
   1000  1.19122e-18          ***          ***
   1250  3.73967e-17          ***          ***
   1500  4.11211e-16          ***          ***
   1750  2.44315e-15          ***          ***
   2000  9.79244e-15          ***          ***

Capture/Escape Rate Coefficients:

   T, K           W0           P0           P1
    300   1.7755e+10   8.6965e-11  1.48332e-34
    500  8.92823e+11  8.57582e-11  1.28511e-25
    750   4.9807e+12  8.67584e-11  4.89996e-21
   1000  1.02534e+13  8.83607e-11  1.19122e-18
   1250  1.47179e+13  9.00436e-11  3.73967e-17
   1500  1.79856e+13   9.1674e-11  4.11211e-16
   1750  2.02616e+13  9.32172e-11  2.44315e-15
   2000  2.18379e+13  9.46681e-11  9.79244e-15

______________________________________________________________________________________

Pressure-Species Rate Tables:

   Temperature = 300 K

   P, atm       W0->P0       W0->P1         W0->
        1       441347  1.87295e+07  1.91708e+07
    O-O  1.43106e+10  3.44441e+09   1.7755e+10

   Temperature = 500 K

   P, atm       W0->P0       W0->P1         W0->
        1          ***          ***          ***
    O-O   7.4247e+11  1.50353e+11  8.92823e+11

   Temperature = 750 K

   P, atm       W0->P0       W0->P1         W0->
        1          ***          ***          ***
    O-O  4.02114e+12  9.59556e+11   4.9807e+12

   Temperature = 1000 K

   P, atm       W0->P0       W0->P1         W0->
        1          ***          ***          ***
    O-O  7.81115e+12  2.44226e+12  1.02534e+13

   Temperature = 1250 K

   P, atm       W0->P0       W0->P1         W0->
        1          ***          ***          ***
    O-O  1.03995e+13  4.31837e+12  1.47179e+13

   Temperature = 1500 K

   P, atm       W0->P0       W0->P1         W0->
        1          ***          ***          ***
    O-O  1.16651e+13  6.32055e+12  1.79856e+13

   Temperature = 1750 K

   P, atm       W0->P0       W0->P1         W0->
        1          ***          ***          ***
    O-O  1.19879e+13  8.27368e+12  2.02616e+13

   Temperature = 2000 K

   P, atm       W0->P0       W0->P1         W0->
        1          ***          ***          ***
    O-O  1.17415e+13  1.00965e+13  2.18379e+13

   Temperature = 300 K

   P, atm       P0->W0       P0->P1         P0->
        1  2.53539e-15  1.53964e-11   1.5399e-11
    O-O   8.6965e-11          ***   8.6965e-11

   Temperature = 500 K

   P, atm       P0->W0       P0->P1         P0->
        1          ***  1.42198e-11  1.42198e-11
    O-O  8.57582e-11          ***  8.57582e-11

   Temperature = 750 K

   P, atm       P0->W0       P0->P1         P0->
        1          ***  1.64703e-11  1.64703e-11
    O-O  8.67584e-11          ***  8.67584e-11

   Temperature = 1000 K

   P, atm       P0->W0       P0->P1         P0->
        1          ***  2.04411e-11  2.04411e-11
    O-O  8.83607e-11          ***  8.83607e-11

   Temperature = 1250 K

   P, atm       P0->W0       P0->P1         P0->
        1          ***  2.52988e-11  2.52988e-11
    O-O  9.00436e-11          ***  9.00436e-11

   Temperature = 1500 K

   P, atm       P0->W0       P0->P1         P0->
        1          ***  3.05338e-11  3.05338e-11
    O-O   9.1674e-11          ***   9.1674e-11

   Temperature = 1750 K

   P, atm       P0->W0       P0->P1         P0->
        1          ***  3.58263e-11  3.58263e-11
    O-O  9.32172e-11          ***  9.32172e-11

   Temperature = 2000 K

   P, atm       P0->W0       P0->P1         P0->
        1          ***  4.10001e-11  4.10001e-11
    O-O  9.46681e-11          ***  9.46681e-11

   Temperature = 300 K

   P, atm       P1->W0       P1->P0         P1->
        1  7.62471e-37  1.09107e-34   1.0987e-34
    O-O  1.48332e-34          ***  1.48332e-34

   Temperature = 500 K

   P, atm       P1->W0       P1->P0         P1->
        1          ***  1.05226e-25  1.05226e-25
    O-O  1.28511e-25          ***  1.28511e-25

   Temperature = 750 K

   P, atm       P1->W0       P1->P0         P1->
        1          ***  3.89817e-21  3.89817e-21
    O-O  4.89996e-21          ***  4.89996e-21

   Temperature = 1000 K

   P, atm       P1->W0       P1->P0         P1->
        1          ***  8.81376e-19  8.81376e-19
    O-O  1.19122e-18          ***  1.19122e-18

   Temperature = 1250 K

   P, atm       P1->W0       P1->P0         P1->
        1          ***  2.53031e-17  2.53031e-17
    O-O  3.73967e-17          ***  3.73967e-17

   Temperature = 1500 K

   P, atm       P1->W0       P1->P0         P1->
        1          ***  2.52773e-16  2.52773e-16
    O-O  4.11211e-16          ***  4.11211e-16

   Temperature = 1750 K

   P, atm       P1->W0       P1->P0         P1->
        1          ***  1.36051e-15  1.36051e-15
    O-O  2.44315e-15          ***  2.44315e-15

   Temperature = 2000 K

   P, atm       P1->W0       P1->P0         P1->
        1          ***  4.93202e-15  4.93202e-15
    O-O  9.79244e-15          ***  9.79244e-15

______________________________________________________________________________________

Temperature-Species Rate Tables:

   Pressure = 1 atm

   T, K       W0->P0       W0->P1         W0->      Capture
    300       441347  1.87295e+07  1.91708e+07   1.7755e+10
    500          ***          ***          ***  8.92823e+11
    750          ***          ***          ***   4.9807e+12
   1000          ***          ***          ***  1.02534e+13
   1250          ***          ***          ***  1.47179e+13
   1500          ***          ***          ***  1.79856e+13
   1750          ***          ***          ***  2.02616e+13
   2000          ***          ***          ***  2.18379e+13

   Pressure = 1 atm

   T, K       P0->W0       P0->P1         P0->      Capture
    300  2.53539e-15  1.53964e-11   1.5399e-11   8.6965e-11
    500          ***  1.42198e-11  1.42198e-11  8.57582e-11
    750          ***  1.64703e-11  1.64703e-11  8.67584e-11
   1000          ***  2.04411e-11  2.04411e-11  8.83607e-11
   1250          ***  2.52988e-11  2.52988e-11  9.00436e-11
   1500          ***  3.05338e-11  3.05338e-11   9.1674e-11
   1750          ***  3.58263e-11  3.58263e-11  9.32172e-11
   2000          ***  4.10001e-11  4.10001e-11  9.46681e-11

   Pressure = 1 atm

   T, K       P1->W0       P1->P0         P1->      Capture
    300  7.62471e-37  1.09107e-34   1.0987e-34  1.48332e-34
    500          ***  1.05226e-25  1.05226e-25  1.28511e-25
    750          ***  3.89817e-21  3.89817e-21  4.89996e-21
   1000          ***  8.81376e-19  8.81376e-19  1.19122e-18
   1250          ***  2.53031e-17  2.53031e-17  3.73967e-17
   1500          ***  2.52773e-16  2.52773e-16  4.11211e-16
   1750          ***  1.36051e-15  1.36051e-15  2.44315e-15
   2000          ***  4.93202e-15  4.93202e-15  9.79244e-15

______________________________________________________________________________________

Temperature-Pressure Rate Tables:

W0->P0

P\T              300          500          750         1000         1250         1500         1750         2000
1             441347          ***          ***          ***          ***          ***          ***          ***
O-O      1.43106e+10   7.4247e+11  4.02114e+12  7.81115e+12  1.03995e+13  1.16651e+13  1.19879e+13  1.17415e+13

W0->P1

P\T              300          500          750         1000         1250         1500         1750         2000
1        1.87295e+07          ***          ***          ***          ***          ***          ***          ***
O-O      3.44441e+09  1.50353e+11  9.59556e+11  2.44226e+12  4.31837e+12  6.32055e+12  8.27368e+12  1.00965e+13

P0->W0

P\T              300          500          750         1000         1250         1500         1750         2000
1        2.53539e-15          ***          ***          ***          ***          ***          ***          ***
O-O       8.6965e-11  8.57582e-11  8.67584e-11  8.83607e-11  9.00436e-11   9.1674e-11  9.32172e-11  9.46681e-11

P0->P1

P\T              300          500          750         1000         1250         1500         1750         2000
1        1.53964e-11  1.42198e-11  1.64703e-11  2.04411e-11  2.52988e-11  3.05338e-11  3.58263e-11  4.10001e-11
O-O              ***          ***          ***          ***          ***          ***          ***          ***

P1->W0

P\T              300          500          750         1000         1250         1500         1750         2000
1        7.62471e-37          ***          ***          ***          ***          ***          ***          ***
O-O      1.48332e-34  1.28511e-25  4.89996e-21  1.19122e-18  3.73967e-17  4.11211e-16  2.44315e-15  9.79244e-15

P1->P0

P\T              300          500          750         1000         1250         1500         1750         2000
1        1.09107e-34  1.05226e-25  3.89817e-21  8.81376e-19  2.53031e-17  2.52773e-16  1.36051e-15  4.93202e-15
O-O              ***          ***          ***          ***          ***          ***          ***          ***

W0-> 

P\T              300          500          750         1000         1250         1500         1750         2000
1        1.91708e+07          ***          ***          ***          ***          ***          ***          ***
O-O       1.7755e+10  8.92823e+11   4.9807e+12  1.02534e+13  1.47179e+13  1.79856e+13  2.02616e+13  2.18379e+13

P0-> 

P\T              300          500          750         1000         1250         1500         1750         2000
1         1.5399e-11  1.42198e-11  1.64703e-11  2.04411e-11  2.52988e-11  3.05338e-11  3.58263e-11  4.10001e-11
O-O       8.6965e-11  8.57582e-11  8.67584e-11  8.83607e-11  9.00436e-11   9.1674e-11  9.32172e-11  9.46681e-11

P1-> 

P\T              300          500          750         1000         1250         1500         1750         2000
1         1.0987e-34  1.05226e-25  3.89817e-21  8.81376e-19  2.53031e-17  2.52773e-16  1.36051e-15  4.93202e-15
O-O      1.48332e-34  1.28511e-25  4.89996e-21  1.19122e-18  3.73967e-17  4.11211e-16  2.44315e-15  9.79244e-15

