Model::init:  starts
   Model::ExponentialKernel::ExponentialKernel:  ... done
   Model::LennardJonesCollision::LennardJonesCollision:  ... done
   WELL: W0
   Model::RRHO::RRHO:  starts
      Model::new_core:  starts
         Model::RigidRotor::RigidRotor:  starts
            molecular geometry will be used to estimate rotational constants
            rotational configuration: nonlinear
            rotational constants[1/cm]:         1.38181       0.172432       0.153302
         Model::RigidRotor::RigidRotor:  done, cpu time[sec] = 0.007181, elapsed time[sec] = 0
      Model::new_core:  done, cpu time[sec] = 0.008793, elapsed time[sec] = 0
      ground state energy, kcal/mol:   -6
      interpolating states number/density starts
         core state contribution ... done, cpu time[sec] = 0.13976, elapsed time[sec] = 0
         vibrational modes contribution ... done, cpu time[sec] = 0.034517, elapsed time[sec] = 0
         effective power exponent at 405.999 kcal/mol = 11.7813
      interpolating states number/density done, cpu time[sec] = 1.24748, elapsed time[sec] = 0
   Model::RRHO::RRHO:  done, cpu time[sec] = 1.26246, elapsed time[sec] = 0
   BIMOLECULAR: P0
   Model::Bimolecular::Bimolecular:  starts
      Model::RRHO::RRHO:  starts
         Model::new_core:  starts
            Model::RigidRotor::RigidRotor:  starts
               molecular geometry will be used to estimate rotational constants
               rotational configuration: nonlinear
               rotational constants[1/cm]:          9.5335         1.2884        1.13501
            Model::RigidRotor::RigidRotor:  done, cpu time[sec] = 0.00188, elapsed time[sec] = 0
         Model::new_core:  done, cpu time[sec] = 0.003792, elapsed time[sec] = 0
         ground state energy, kcal/mol:   0
      Model::RRHO::RRHO:  done, cpu time[sec] = 0.008514, elapsed time[sec] = 0
      Model::RRHO::RRHO:  starts
         Model::new_core:  starts
            Model::RigidRotor::RigidRotor:  starts
               molecular geometry will be used to estimate rotational constants
               rotational configuration: linear
               rotational constant[1/cm]:         18.8538
            Model::RigidRotor::RigidRotor:  done, cpu time[sec] = 0.001465, elapsed time[sec] = 0
         Model::new_core:  done, cpu time[sec] = 0.003348, elapsed time[sec] = 0
         ground state energy, kcal/mol:   0
      Model::RRHO::RRHO:  done, cpu time[sec] = 0.006372, elapsed time[sec] = 0
   Model::Bimolecular::Bimolecular:  done, cpu time[sec] = 0.021633, elapsed time[sec] = 0
   BIMOLECULAR: P1
   Model::Bimolecular::Bimolecular:  starts
      Model::RRHO::RRHO:  starts
         Model::new_core:  starts
            Model::RigidRotor::RigidRotor:  starts
               molecular geometry will be used to estimate rotational constants
               rotational configuration: nonlinear
               rotational constants[1/cm]:         24.0319        1.48073        1.39479
            Model::RigidRotor::RigidRotor:  done, cpu time[sec] = 0.001608, elapsed time[sec] = 0
         Model::new_core:  done, cpu time[sec] = 0.003449, elapsed time[sec] = 0
         ground state energy, kcal/mol:   0
      Model::RRHO::RRHO:  done, cpu time[sec] = 0.006824, elapsed time[sec] = 0
      Model::RRHO::RRHO:  starts
         Model::new_core:  starts
            Model::RigidRotor::RigidRotor:  starts
               molecular geometry will be used to estimate rotational constants
               rotational configuration: nonlinear
               rotational constants[1/cm]:         26.7406        14.7145        9.49158
            Model::RigidRotor::RigidRotor:  done, cpu time[sec] = 0.001541, elapsed time[sec] = 0
         Model::new_core:  done, cpu time[sec] = 0.00335, elapsed time[sec] = 0
         ground state energy, kcal/mol:   0
      Model::RRHO::RRHO:  done, cpu time[sec] = 0.006267, elapsed time[sec] = 0
   Model::Bimolecular::Bimolecular:  done, cpu time[sec] = 0.018986, elapsed time[sec] = 0
   BARRIER: B0
   Model::RRHO::RRHO:  starts
      Model::new_core:  starts
         Model::PhaseSpaceTheory::PhaseSpaceTheory:  starts
            molecular geometry will be used to estimate rotational constants
            rotational configuration: nonlinear
            rotational constants[1/cm]:          9.5335         1.2884        1.13501
            molecular geometry will be used to estimate rotational constants
            rotational configuration: linear
            rotational constant[1/cm]:         18.8538
            TST level: E
         Model::PhaseSpaceTheory::PhaseSpaceTheory:  done, cpu time[sec] = 0.017601, elapsed time[sec] = 0
      Model::new_core:  done, cpu time[sec] = 0.01974, elapsed time[sec] = 0
      ground state energy, kcal/mol:   0
      interpolating states number/density starts
         core state contribution ... done, cpu time[sec] = 0.2431, elapsed time[sec] = 0
         electronic states contribution ... done, cpu time[sec] = 0.00368, elapsed time[sec] = 0
         vibrational modes contribution ... done, cpu time[sec] = 0.021112, elapsed time[sec] = 0
         effective power exponent at 399.998 kcal/mol = 9.62199
      interpolating states number/density done, cpu time[sec] = 1.27095, elapsed time[sec] = 0
   Model::RRHO::RRHO:  done, cpu time[sec] = 1.29683, elapsed time[sec] = 0
   BARRIER: B1
   Model::RRHO::RRHO:  starts
      Model::new_core:  starts
         Model::RigidRotor::RigidRotor:  starts
            molecular geometry will be used to estimate rotational constants
            rotational configuration: nonlinear
            rotational constants[1/cm]:         1.70021       0.169448        0.15409
         Model::RigidRotor::RigidRotor:  done, cpu time[sec] = 0.002383, elapsed time[sec] = 0
      Model::new_core:  done, cpu time[sec] = 0.004319, elapsed time[sec] = 0
      1-th ROTOR:
      Model::HinderedRotor::HinderedRotor:  starts
         Model::HinderedRotor::_read:  starts
            first point frequency estimate = 79.9848 1/cm
            Fourier Expansion Coefficients(kcal/mol):
              0         0.5675
              1    6.80339e-17
              2         -0.595
              3   -1.34711e-17
              4         0.0275
         Model::HinderedRotor::_read:  done, cpu time[sec] = 0.0025, elapsed time[sec] = 0
         effective rotational constant[1/cm]  = 20.8945
         analytic  frequency at minimum[1/cm] = 84.195
         numerical frequency at minimum[1/cm] = 84.195
         minimum energy[kcal/mol]             = -5.10254e-17
         maximum energy[kcal/mol]             = 1.19
         maximum frequency[1/cm]              = 84.195
         ground energy [kcal/mol]             = 0.118793
         highest energy level [kcal/mol]      = 14816.2
         number of levels                     = 997
         10 lowest excited states [kcal/mol] relative to the ground: 0.234 0.458 0.669 0.854 1.05 1.12 1.45 1.46 1.97
         Statistical Weight (*** - deep tunneling regime):
          T, K        Quantum             PG             PI  ***
           100        1.46685        1.45516         1.4662
           200        2.37433        2.36236        2.37421
           300        3.31054        3.29963         3.3105
           400        4.19518        4.18574        4.19516
           500        5.01455        5.00645        5.01454
           600        5.77264        5.76567        5.77264
           700         6.4771        6.47104        6.47709
           800        7.13542        7.13011        7.13542
           900        7.75409        7.74939        7.75408
          1000        8.33848         8.3343        8.33848
      Model::HinderedRotor::HinderedRotor:  done, cpu time[sec] = 9.05806, elapsed time[sec] = 0
      Model::EckartTunnel::EckartTunnel:  ... done
      ground state energy, kcal/mol:   -0.74
      interpolating states number/density starts
         core state contribution ... done, cpu time[sec] = 0.034547, elapsed time[sec] = 0
         electronic states contribution ... done, cpu time[sec] = 0.001133, elapsed time[sec] = 0
         vibrational modes contribution ... done, cpu time[sec] = 0.011357, elapsed time[sec] = 0
         hindered rotors contribution starts
            Model::HinderedRotor::set:  starts
            Model::HinderedRotor::set:  done, cpu time[sec] = 7.3e-05, elapsed time[sec] = 0
         hindered rotors contribution done, cpu time[sec] = 0.077423, elapsed time[sec] = 0
         tunneling contribution ... done, cpu time[sec] = 1.91413, elapsed time[sec] = 0
         effective power exponent at 403.909 kcal/mol = 11.4815
      interpolating states number/density done, cpu time[sec] = 2.06273, elapsed time[sec] = 0
   Model::RRHO::RRHO:  done, cpu time[sec] = 11.1334, elapsed time[sec] = 0
   checking input ... done
   setting connectivity ... done
   checking connectivity ... done
   setting dissociation limit ... done
   setting maximum barrier height ... done
   partition functions (relative to the ground level, units - 1/cm3):
     T\Q           W0         CH2O           OH          CHO          H2O           B0           B1
     100  4.61864e+29  4.24929e+27  1.10105e+26  8.55833e+27  1.20703e+26  2.16754e+31  1.54781e+31
     200  8.66705e+30  3.40049e+28  7.50254e+26  6.84879e+28  9.65633e+26  5.50692e+32  5.28713e+31
     300  6.83337e+31  1.15458e+29  2.28812e+27  2.32167e+29  3.26009e+27  3.67516e+33  3.27017e+32
     400  3.54856e+32  2.80147e+29  4.98737e+27  5.58219e+29  7.74423e+27  1.44036e+34  1.47419e+33
     500  1.43166e+33   5.7368e+29  9.06053e+27  1.11918e+30  1.52136e+28  4.27838e+34  5.26785e+33
     600  4.86947e+33  1.06427e+30  1.46916e+28   2.0077e+30  2.65632e+28  1.07566e+35  1.60458e+34
     700  1.46225e+34  1.85155e+30  2.20488e+28  3.34173e+30  4.28181e+28  2.42036e+35  4.35567e+34
     800  3.98932e+34   3.0775e+30   3.1293e+28  5.26954e+30  6.51578e+28   5.0294e+35  1.08313e+35
     900  1.00787e+35  4.94052e+30  4.25855e+28  7.97472e+30  9.49416e+28  9.83832e+35  2.51219e+35
    1000  2.38989e+35   7.7132e+30  5.60918e+28  1.16815e+31  1.33736e+29  1.83461e+36  5.50226e+35
    1100  5.37156e+35  1.17645e+31  7.19847e+28  1.66603e+31  1.83344e+29  3.28954e+36  1.14824e+36
    1200  1.15297e+36  1.75872e+31  9.04453e+28  2.32334e+31  2.45831e+29  5.70676e+36  2.29851e+36
    1300  2.37718e+36   2.5831e+31  1.11663e+29  3.17817e+31  3.23556e+29  9.62299e+36  4.43649e+36
    1400   4.7299e+36   3.7343e+31  1.35836e+29  4.27509e+31  4.19194e+29  1.58284e+37  8.29125e+36
    1500  9.11657e+36  5.32159e+31  1.63169e+29  5.66584e+31   5.3577e+29  2.54674e+37  1.50541e+37
    1600   1.7075e+37  7.48451e+31  1.93875e+29  7.41013e+31  6.76686e+29  4.01726e+37  2.66298e+37
    1700  3.11592e+37  1.03997e+32  2.28175e+29  9.57635e+31   8.4575e+29  6.22417e+37  4.60028e+37
    1800  5.55245e+37  1.42888e+32  2.66294e+29  1.22424e+32  1.04721e+30   9.4867e+37  7.77654e+37
    1900  9.68046e+37  1.94278e+32  3.08463e+29  1.54965e+32  1.28577e+30  1.42432e+38  1.28865e+38
    2000  1.65407e+38  2.61577e+32  3.54921e+29  1.94382e+32  1.56665e+30   2.1089e+38  2.09649e+38
   partition functions (relative to 0 kcal/mol, units - 1/cm3):
     T\Q           W0           B0           B1
     100  5.98856e+42  2.16754e+31  6.41155e+32
     200  3.12087e+37  5.50692e+32  3.40285e+32
     300  1.60535e+36  3.67516e+33  1.13149e+33
     400   6.7337e+35  1.44036e+34  3.73994e+33
     500  6.00346e+35  4.27838e+34  1.10939e+34
     600  7.46363e+35  1.07566e+35  2.98471e+34
     700  1.09215e+36  2.42036e+35  7.41464e+34
     800   1.7378e+36   5.0294e+35   1.7252e+35
     900  2.88659e+36  9.83832e+35  3.79967e+35
    1000  4.89395e+36  1.83461e+36  7.98484e+35
    1100  8.35938e+36  3.28954e+36  1.61085e+36
    1200  1.42742e+37  5.70676e+36  3.13485e+36
    1300  2.42516e+37  9.62299e+36  5.90804e+36
    1400  4.08772e+37  1.58284e+37  1.08178e+37
    1500  6.82368e+37  2.54674e+37  1.92962e+37
    1600  1.12697e+38  4.01726e+37  3.36082e+37
    1700  1.84047e+38  6.22417e+37  5.72686e+37
    1800  2.97149e+38   9.4867e+37  9.56387e+37
    1900   4.7429e+38  1.42432e+38  1.56766e+38
    2000  7.48504e+38   2.1089e+38  2.52555e+38
   tunneling partition function correction factors & high pressure effective energy shifts (D), kcal/mol:
     T\B           B0            D           B1            D
     100            1           -0      12.1685     -0.49657
     200            1           -0      1.65904    -0.201199
     300            1           -0      1.23832    -0.127431
     400            1           -0      1.12347   -0.0925416
     500            1           -0       1.0751   -0.0719508
     600            1           -0      1.05011   -0.0583009
     700            1           -0      1.03553    -0.048568
     800            1           -0       1.0263   -0.0412693
     900            1           -0       1.0201   -0.0355899
    1000            1           -0      1.01574   -0.0310429
    1100            1           -0      1.01258   -0.0273189
    1200            1           -0      1.01021   -0.0242137
    1300            1           -0      1.00839   -0.0215833
    1400            1           -0      1.00697    -0.019327
    1500            1           -0      1.00584   -0.0173693
    1600            1           -0      1.00494    -0.015656
    1700            1           -0       1.0042    -0.014143
    1800            1           -0      1.00358   -0.0127969
    1900            1           -0      1.00308   -0.0115925
    2000            1           -0      1.00265   -0.0105072
Model::init:  done, cpu time[sec] = 13.7959, elapsed time[sec] = 0
MasterEquation::set_ped_pair:  starts
   ped pairs:
         P0 -> P1
MasterEquation::set_ped_pair:  done
rate calculation starts
   MasterEquation::set:  starts
      Temperature      = 300 K
      Energy reference = 6255 1/cm
      Energy step      = 21 1/cm
      setting wells, barriers, and bimolecular starts
         W0 Well: average energy = -3.6 kcal/mol
         W0 Well: density of states done, elapsed time[sec] = 3e-05
         W0 Well: collisional kernel bandwidth = 72
         W0 Well: collisional energy transfer kernel done, elapsed time[sec] = 0.004261
         W0 Well: relaxation modes basis done, elapsed time[sec] = 0.001907
         W0 Well: kernel in relaxation modes basis done, elapsed time[sec] = 0.35515
         W0 Well: relaxation eigenvalues done, elapsed time[sec] = 1.04388
         W0 Well: minimal relaxation eigenvalue = 0.0200351
         W0 Well: maximal relaxation eigenvalue = 1.69065
         W0 Well:       grid size = 398
         W0 Well:      real depth = -2098 1/cm
         W0 Well: effective depth = -2102 1/cm
         B0 Barrier:        grid size = 298
         B0 Barrier:      real height = 0 1/cm
         B0 Barrier: effective height = -3 1/cm
         B1 Barrier:        grid size = 363
         B1 Barrier:      real height = -1367 1/cm
         B1 Barrier: effective height = -1368 1/cm
      setting wells, barriers, and bimolecular done, cpu time[sec] = 1.41486, elapsed time[sec] = 0
      Bound Species (D1/D2 - density of states at dissociation energy (DE)/reference energy):
       Name  Depth     DE      *D1      *D2
              1/cm   1/cm       cm       cm
         W0  -2102  -1368 6.01e+03 8.84e+08
      Well-to-Bimolecular Barriers (N - number of states at the reference energy):
       Name Height       *N
              1/cm         
         B0     -3 3.98e+11
         B1  -1368 2.65e+11
      Effective equilibrium constants(bimolecular units - cm^3):
        Q/Q        W0        P0        P1
         W0         1  6.35e-17   4.5e-40
         P0  1.57e+16         1  7.09e-24
         P1  2.22e+39  1.41e+23         1
      Real equilibrium constants(bimolecular units - cm^3):
        Q/Q        W0        P0        P1
         W0         1  6.08e-21  4.31e-44
         P0  1.65e+20         1  7.09e-24
         P1  2.32e+43  1.41e+23         1
   MasterEquation::set:  done, cpu time[sec] = 1.41773, elapsed time[sec] = 0
   MasterEquation::direct_diagonalization_method:  starts
      Pressure = 1 atm	 Temperature = 300 K
            Well    Collision, 1/sec
              W0         9.84308e+09
      global relaxation matrix dimension = 398
      setting global matrices ... done, cpu time[sec] = 0.308111, elapsed time[sec] = 1
      diagonalizing global relaxation matrix ... done, cpu time[sec] = 4.87436, elapsed time[sec] = 0
      microscopic rate coefficients (at reference energy) over collision frequency:
             W0->P0       W0->P1
            1371.07      914.486
      eigenvector populations normalized:
          L        *R        *P        W0
          0    0.0398    0.0685         1
      *R - eigenvalue over the relaxation limit
      *P - eigenvector projection squared on the relaxation subspace (= 1 -F_ne)
      eigenvector projections:
          L        *Q        *P        W0
          0   0.00258    0.0685     0.965
         *Z       ---       ---  2.38e+13
      *Q - eigenvalue over the collision frequency in first well
      *P - eigenvector projection squared on the relaxation subspace (= 1 - F_ne)
      *Z - well partition function square root
      isomers-to-bimolecular equilibrium coefficients (kappa matrix):
        W\P       P0       P1
         W0        0    0.058
      projection error = 0.0685463
      Wa->Wb/Wb->Wa rate constants ratios:
      Wb\Wa        W0
         W0         1
      W->P/P->W rate constants ratios:
        P\W        W0
         P0       1.1
         P1       1.1
      hot energies # = 0
      prompt isomerization/dissociation:
        W\W,P           W0  Total Diss.           P0           P1
           W0     0.931465    0.0685348    0.0103595    0.0581753

   MasterEquation::direct_diagonalization_method:  done, cpu time[sec] = 5.89076, elapsed time[sec] = 1
   MasterEquation::set:  starts
      Temperature      = 500 K
      Energy reference = 10426 1/cm
      Energy step      = 35 1/cm
      setting wells, barriers, and bimolecular starts
         W0 Well: average energy = -1 kcal/mol
         W0 Well: density of states done, elapsed time[sec] = 0.003229
         W0 Well: collisional kernel bandwidth = 64
         W0 Well: collisional energy transfer kernel done, elapsed time[sec] = 0.351909
         W0 Well: relaxation modes basis done, elapsed time[sec] = 0.171736
         W0 Well: kernel in relaxation modes basis done, elapsed time[sec] = 0.245038
         W0 Well: relaxation eigenvalues done, elapsed time[sec] = 0.859882
         W0 Well: minimal relaxation eigenvalue = 0.0141594
         W0 Well: maximal relaxation eigenvalue = 1.98865
         W0 Well:       grid size = 358
         W0 Well:      real depth = -2098 1/cm
         W0 Well: effective depth = -2104 1/cm
         B0 Barrier:        grid size = 298
         B0 Barrier:      real height = 0 1/cm
         B0 Barrier: effective height = -4 1/cm
         B1 Barrier:        grid size = 337
         B1 Barrier:      real height = -1367 1/cm
         B1 Barrier: effective height = -1369 1/cm
      setting wells, barriers, and bimolecular done, cpu time[sec] = 1.6445, elapsed time[sec] = 0
      Bound Species (D1/D2 - density of states at dissociation energy (DE)/reference energy):
       Name  Depth     DE      *D1      *D2
              1/cm   1/cm       cm       cm
         W0  -2104  -1369 5.98e+03 2.04e+10
      Well-to-Bimolecular Barriers (N - number of states at the reference energy):
       Name Height       *N
              1/cm         
         B0     -4 8.51e+12
         B1  -1369 1.01e+13
      Effective equilibrium constants(bimolecular units - cm^3):
        Q/Q        W0        P0        P1
         W0         1  7.24e-19  5.36e-33
         P0  1.38e+18         1   7.4e-15
         P1  1.87e+32  1.35e+14         1
      Real equilibrium constants(bimolecular units - cm^3):
        Q/Q        W0        P0        P1
         W0         1  1.15e-22  8.55e-37
         P0  8.66e+21         1   7.4e-15
         P1  1.17e+36  1.35e+14         1
   MasterEquation::set:  done, cpu time[sec] = 1.64842, elapsed time[sec] = 0
   MasterEquation::direct_diagonalization_method:  starts
      Pressure = 1 atm	 Temperature = 500 K
            Well    Collision, 1/sec
              W0         6.56288e+09
      global relaxation matrix dimension = 358
      setting global matrices ... done, cpu time[sec] = 0.254943, elapsed time[sec] = 0
      diagonalizing global relaxation matrix ... done, cpu time[sec] = 3.94534, elapsed time[sec] = 0
      microscopic rate coefficients (at reference energy) over collision frequency:
             W0->P0       W0->P1
            1908.67      2271.81
      eigenvector populations normalized:
          L        *R        *P        W0
          0     0.144     0.473         1
      *R - eigenvalue over the relaxation limit
      *P - eigenvector projection squared on the relaxation subspace (= 1 -F_ne)
      eigenvector projections:
          L        *Q        *P        W0
          0    0.0232     0.473     0.726
         *Z       ---       ---  7.71e+12
      *Q - eigenvalue over the collision frequency in first well
      *P - eigenvector projection squared on the relaxation subspace (= 1 - F_ne)
      *Z - well partition function square root
      dimension of the chemical subspace = 0
      isomers-to-bimolecular equilibrium coefficients (kappa matrix):
        W\P       P0       P1
         W0     0.23     0.77
      hot energies # = 0
      prompt isomerization/dissociation:
        W\W,P  Total Diss.           P0           P1
           W0            1      0.22543     0.774345

   MasterEquation::direct_diagonalization_method:  done, cpu time[sec] = 4.55014, elapsed time[sec] = 0
   MasterEquation::set:  starts
      Temperature      = 750 K
      Energy reference = 15638 1/cm
      Energy step      = 52 1/cm
      setting wells, barriers, and bimolecular starts
         W0 Well: average energy = 3 kcal/mol
         W0 Well: density of states done, elapsed time[sec] = 0.004241
         W0 Well: collisional kernel bandwidth = 58
         W0 Well: collisional energy transfer kernel done, elapsed time[sec] = 0.308986
         W0 Well: relaxation modes basis done, elapsed time[sec] = 0.15693
         W0 Well: kernel in relaxation modes basis done, elapsed time[sec] = 0.138273
         W0 Well: relaxation eigenvalues done, elapsed time[sec] = 0.726961
         W0 Well: minimal relaxation eigenvalue = 0.0106881
         W0 Well: maximal relaxation eigenvalue = 4.59364
         W0 Well:       grid size = 342
         W0 Well:      real depth = -2098 1/cm
         W0 Well: effective depth = -2146 1/cm
         B0 Barrier:        grid size = 301
         B0 Barrier:      real height = 0 1/cm
         B0 Barrier: effective height = -14 1/cm
         B1 Barrier:        grid size = 328
         B1 Barrier:      real height = -1367 1/cm
         B1 Barrier: effective height = -1417 1/cm
      setting wells, barriers, and bimolecular done, cpu time[sec] = 1.35067, elapsed time[sec] = 0
      Bound Species (D1/D2 - density of states at dissociation energy (DE)/reference energy):
       Name  Depth     DE      *D1      *D2
              1/cm   1/cm       cm       cm
         W0  -2146  -1417 4.94e+03 4.06e+11
      Well-to-Bimolecular Barriers (N - number of states at the reference energy):
       Name Height       *N
              1/cm         
         B0    -14 1.37e+14
         B1  -1417 2.75e+14
      Effective equilibrium constants(bimolecular units - cm^3):
        Q/Q        W0        P0        P1
         W0         1  9.11e-20  2.16e-29
         P0   1.1e+19         1  2.37e-10
         P1  4.64e+28  4.23e+09         1
      Real equilibrium constants(bimolecular units - cm^3):
        Q/Q        W0        P0        P1
         W0         1  2.16e-23  5.11e-33
         P0  4.64e+22         1  2.37e-10
         P1  1.96e+32  4.23e+09         1
   MasterEquation::set:  done, cpu time[sec] = 1.35505, elapsed time[sec] = 0
   MasterEquation::direct_diagonalization_method:  starts
      Pressure = 1 atm	 Temperature = 750 K
            Well    Collision, 1/sec
              W0         4.90312e+09
      global relaxation matrix dimension = 342
      setting global matrices ... done, cpu time[sec] = 0.233986, elapsed time[sec] = 0
      diagonalizing global relaxation matrix ... done, cpu time[sec] = 3.62153, elapsed time[sec] = 0
      microscopic rate coefficients (at reference energy) over collision frequency:
             W0->P0       W0->P1
            2066.57      4137.08
      eigenvector populations normalized:
          L        *R        *P        W0
          0     0.248      0.83         1
      *R - eigenvalue over the relaxation limit
      *P - eigenvector projection squared on the relaxation subspace (= 1 -F_ne)
      eigenvector projections:
          L        *Q        *P        W0
          0    0.0757      0.83    -0.412
         *Z       ---       ---  7.04e+12
      *Q - eigenvalue over the collision frequency in first well
      *P - eigenvector projection squared on the relaxation subspace (= 1 - F_ne)
      *Z - well partition function square root
      dimension of the chemical subspace = 0
      isomers-to-bimolecular equilibrium coefficients (kappa matrix):
        W\P       P0       P1
         W0     0.55     0.45
      hot energies # = 0
      prompt isomerization/dissociation:
        W\W,P  Total Diss.           P0           P1
           W0            1     0.554307     0.445677

   MasterEquation::direct_diagonalization_method:  done, cpu time[sec] = 4.17308, elapsed time[sec] = 0
   MasterEquation::set:  starts
      Temperature      = 1000 K
      Energy reference = 20851 1/cm
      Energy step      = 70 1/cm
      setting wells, barriers, and bimolecular starts
         W0 Well: average energy = 7.6 kcal/mol
         W0 Well: density of states done, elapsed time[sec] = 0.003743
         W0 Well: collisional kernel bandwidth = 54
         W0 Well: collisional energy transfer kernel done, elapsed time[sec] = 0.276245
         W0 Well: relaxation modes basis done, elapsed time[sec] = 0.145236
         W0 Well: kernel in relaxation modes basis done, elapsed time[sec] = 0.130698
         W0 Well: relaxation eigenvalues done, elapsed time[sec] = 0.655632
         W0 Well: minimal relaxation eigenvalue = 0.00879206
         W0 Well: maximal relaxation eigenvalue = 3.31401
         W0 Well:       grid size = 328
         W0 Well:      real depth = -2098 1/cm
         W0 Well: effective depth = -2108 1/cm
         B0 Barrier:        grid size = 298
         B0 Barrier:      real height = 0 1/cm
         B0 Barrier: effective height = -8 1/cm
         B1 Barrier:        grid size = 318
         B1 Barrier:      real height = -1367 1/cm
         B1 Barrier: effective height = -1408 1/cm
      setting wells, barriers, and bimolecular done, cpu time[sec] = 1.22642, elapsed time[sec] = 0
      Bound Species (D1/D2 - density of states at dissociation energy (DE)/reference energy):
       Name  Depth     DE      *D1      *D2
              1/cm   1/cm       cm       cm
         W0  -2108  -1408 5.12e+03 4.39e+12
      Well-to-Bimolecular Barriers (N - number of states at the reference energy):
       Name Height       *N
              1/cm         
         B0     -8 1.18e+15
         B1  -1408 3.51e+15
      Effective equilibrium constants(bimolecular units - cm^3):
        Q/Q        W0        P0        P1
         W0         1  3.55e-20  1.53e-27
         P0  2.82e+19         1  4.31e-08
         P1  6.54e+26  2.32e+07         1
      Real equilibrium constants(bimolecular units - cm^3):
        Q/Q        W0        P0        P1
         W0         1  1.13e-23  4.88e-31
         P0  8.84e+22         1  4.31e-08
         P1  2.05e+30  2.32e+07         1
   MasterEquation::set:  done, cpu time[sec] = 1.23082, elapsed time[sec] = 0
   MasterEquation::direct_diagonalization_method:  starts
      Pressure = 1 atm	 Temperature = 1000 K
            Well    Collision, 1/sec
              W0         4.03466e+09
      global relaxation matrix dimension = 328
      setting global matrices ... done, cpu time[sec] = 0.217155, elapsed time[sec] = 0
      diagonalizing global relaxation matrix ... done, cpu time[sec] = 3.24309, elapsed time[sec] = 0
      microscopic rate coefficients (at reference energy) over collision frequency:
             W0->P0       W0->P1
            1990.45      5936.92
      eigenvector populations normalized:
          L        *R        *P        W0
          0      0.33      0.95         1
      *R - eigenvalue over the relaxation limit
      *P - eigenvector projection squared on the relaxation subspace (= 1 -F_ne)
      eigenvector projections:
          L        *Q        *P        W0
          0     0.148      0.95     0.223
         *Z       ---       ---  9.25e+12
      *Q - eigenvalue over the collision frequency in first well
      *P - eigenvector projection squared on the relaxation subspace (= 1 - F_ne)
      *Z - well partition function square root
      dimension of the chemical subspace = 0
      isomers-to-bimolecular equilibrium coefficients (kappa matrix):
        W\P       P0       P1
         W0     0.67     0.33
      hot energies # = 0
      prompt isomerization/dissociation:
        W\W,P  Total Diss.           P0           P1
           W0            1     0.667812     0.332171

   MasterEquation::direct_diagonalization_method:  done, cpu time[sec] = 3.72698, elapsed time[sec] = 0
   MasterEquation::set:  starts
      Temperature      = 1250 K
      Energy reference = 26064 1/cm
      Energy step      = 87 1/cm
      setting wells, barriers, and bimolecular starts
         W0 Well: average energy = 12.8 kcal/mol
         W0 Well: density of states done, elapsed time[sec] = 0.004226
         W0 Well: collisional kernel bandwidth = 52
         W0 Well: collisional energy transfer kernel done, elapsed time[sec] = 0.263261
         W0 Well: relaxation modes basis done, elapsed time[sec] = 0.141088
         W0 Well: kernel in relaxation modes basis done, elapsed time[sec] = 0.168
         W0 Well: relaxation eigenvalues done, elapsed time[sec] = 0.662255
         W0 Well: minimal relaxation eigenvalue = 0.00760766
         W0 Well: maximal relaxation eigenvalue = 4.36809
         W0 Well:       grid size = 324
         W0 Well:      real depth = -2098 1/cm
         W0 Well: effective depth = -2123 1/cm
         B0 Barrier:        grid size = 300
         B0 Barrier:      real height = 0 1/cm
         B0 Barrier: effective height = -36 1/cm
         B1 Barrier:        grid size = 316
         B1 Barrier:      real height = -1367 1/cm
         B1 Barrier: effective height = -1428 1/cm
      setting wells, barriers, and bimolecular done, cpu time[sec] = 1.69733, elapsed time[sec] = 0
      Bound Species (D1/D2 - density of states at dissociation energy (DE)/reference energy):
       Name  Depth     DE      *D1      *D2
              1/cm   1/cm       cm       cm
         W0  -2123  -1428 4.73e+03  3.2e+13
      Well-to-Bimolecular Barriers (N - number of states at the reference energy):
       Name Height       *N
              1/cm         
         B0    -36 6.85e+15
         B1  -1428 2.83e+16
      Effective equilibrium constants(bimolecular units - cm^3):
        Q/Q        W0        P0        P1
         W0         1  2.18e-20  2.18e-26
         P0  4.58e+19         1     1e-06
         P1  4.58e+25     1e+06         1
      Real equilibrium constants(bimolecular units - cm^3):
        Q/Q        W0        P0        P1
         W0         1  8.66e-24  8.66e-30
         P0  1.15e+23         1     1e-06
         P1  1.15e+29     1e+06         1
   MasterEquation::set:  done, cpu time[sec] = 1.70202, elapsed time[sec] = 0
   MasterEquation::direct_diagonalization_method:  starts
      Pressure = 1 atm	 Temperature = 1250 K
            Well    Collision, 1/sec
              W0         3.48257e+09
      global relaxation matrix dimension = 324
      setting global matrices ... done, cpu time[sec] = 0.213194, elapsed time[sec] = 0
      diagonalizing global relaxation matrix ... done, cpu time[sec] = 3.07531, elapsed time[sec] = 0
      microscopic rate coefficients (at reference energy) over collision frequency:
             W0->P0       W0->P1
             1840.2      7594.79
      eigenvector populations normalized:
          L        *R        *P        W0
          0      0.42     0.985         1
      *R - eigenvalue over the relaxation limit
      *P - eigenvector projection squared on the relaxation subspace (= 1 -F_ne)
      eigenvector projections:
          L        *Q        *P        W0
          0     0.222     0.985     0.121
         *Z       ---       ---  1.37e+13
      *Q - eigenvalue over the collision frequency in first well
      *P - eigenvector projection squared on the relaxation subspace (= 1 - F_ne)
      *Z - well partition function square root
      dimension of the chemical subspace = 0
      isomers-to-bimolecular equilibrium coefficients (kappa matrix):
        W\P       P0       P1
         W0     0.65     0.35
      hot energies # = 0
      prompt isomerization/dissociation:
        W\W,P  Total Diss.           P0           P1
           W0            1     0.654878     0.345112

   MasterEquation::direct_diagonalization_method:  done, cpu time[sec] = 3.57735, elapsed time[sec] = 0
   MasterEquation::set:  starts
      Temperature      = 1500 K
      Energy reference = 31278 1/cm
      Energy step      = 104 1/cm
      setting wells, barriers, and bimolecular starts
         W0 Well: average energy = 18.2 kcal/mol
         W0 Well: density of states done, elapsed time[sec] = 0.00427
         W0 Well: collisional kernel bandwidth = 50
         W0 Well: collisional energy transfer kernel done, elapsed time[sec] = 0.252576
         W0 Well: relaxation modes basis done, elapsed time[sec] = 0.139467
         W0 Well: kernel in relaxation modes basis done, elapsed time[sec] = 0.14295
         W0 Well: relaxation eigenvalues done, elapsed time[sec] = 0.647182
         W0 Well: minimal relaxation eigenvalue = 0.00679791
         W0 Well: maximal relaxation eigenvalue = 5.21407
         W0 Well:       grid size = 321
         W0 Well:      real depth = -2098 1/cm
         W0 Well: effective depth = -2106 1/cm
         B0 Barrier:        grid size = 301
         B0 Barrier:      real height = 0 1/cm
         B0 Barrier: effective height = -26 1/cm
         B1 Barrier:        grid size = 314
         B1 Barrier:      real height = -1367 1/cm
         B1 Barrier: effective height = -1378 1/cm
      setting wells, barriers, and bimolecular done, cpu time[sec] = 1.20111, elapsed time[sec] = 0
      Bound Species (D1/D2 - density of states at dissociation energy (DE)/reference energy):
       Name  Depth     DE      *D1      *D2
              1/cm   1/cm       cm       cm
         W0  -2106  -1378 5.73e+03 1.76e+14
      Well-to-Bimolecular Barriers (N - number of states at the reference energy):
       Name Height       *N
              1/cm         
         B0    -26 3.05e+16
         B1  -1378 1.66e+17
      Effective equilibrium constants(bimolecular units - cm^3):
        Q/Q        W0        P0        P1
         W0         1  1.66e-20  1.37e-25
         P0  6.03e+19         1  8.28e-06
         P1  7.28e+24  1.21e+05         1
      Real equilibrium constants(bimolecular units - cm^3):
        Q/Q        W0        P0        P1
         W0         1  7.86e-24  6.51e-29
         P0  1.27e+23         1  8.28e-06
         P1  1.54e+28  1.21e+05         1
   MasterEquation::set:  done, cpu time[sec] = 1.20553, elapsed time[sec] = 0
   MasterEquation::direct_diagonalization_method:  starts
      Pressure = 1 atm	 Temperature = 1500 K
            Well    Collision, 1/sec
              W0         3.09198e+09
      global relaxation matrix dimension = 321
      setting global matrices ... done, cpu time[sec] = 0.207703, elapsed time[sec] = 0
      diagonalizing global relaxation matrix ... done, cpu time[sec] = 3.08385, elapsed time[sec] = 0
      microscopic rate coefficients (at reference energy) over collision frequency:
             W0->P0       W0->P1
            1676.06      9102.52
      eigenvector populations normalized:
          L        *R        *P        W0
          0      0.51     0.995         1
      *R - eigenvalue over the relaxation limit
      *P - eigenvector projection squared on the relaxation subspace (= 1 -F_ne)
      eigenvector projections:
          L        *Q        *P        W0
          0     0.287     0.995    0.0674
         *Z       ---       ---  2.09e+13
      *Q - eigenvalue over the collision frequency in first well
      *P - eigenvector projection squared on the relaxation subspace (= 1 - F_ne)
      *Z - well partition function square root
      dimension of the chemical subspace = 0
      isomers-to-bimolecular equilibrium coefficients (kappa matrix):
        W\P       P0       P1
         W0      0.6      0.4
      hot energies # = 0
      prompt isomerization/dissociation:
        W\W,P  Total Diss.           P0           P1
           W0            1     0.600796     0.399192

   MasterEquation::direct_diagonalization_method:  done, cpu time[sec] = 3.55898, elapsed time[sec] = 0
   MasterEquation::set:  starts
      Temperature      = 1750 K
      Energy reference = 36490 1/cm
      Energy step      = 122 1/cm
      setting wells, barriers, and bimolecular starts
         W0 Well: average energy = 23.9 kcal/mol
         W0 Well: density of states done, elapsed time[sec] = 0.004172
         W0 Well: collisional kernel bandwidth = 47
         W0 Well: collisional energy transfer kernel done, elapsed time[sec] = 0.234622
         W0 Well: relaxation modes basis done, elapsed time[sec] = 0.135545
         W0 Well: kernel in relaxation modes basis done, elapsed time[sec] = 0.154212
         W0 Well: relaxation eigenvalues done, elapsed time[sec] = 0.621776
         W0 Well: minimal relaxation eigenvalue = 0.006206
         W0 Well: maximal relaxation eigenvalue = 7.46293
         W0 Well:       grid size = 317
         W0 Well:      real depth = -2098 1/cm
         W0 Well: effective depth = -2184 1/cm
         B0 Barrier:        grid size = 300
         B0 Barrier:      real height = 0 1/cm
         B0 Barrier: effective height = -110 1/cm
         B1 Barrier:        grid size = 311
         B1 Barrier:      real height = -1367 1/cm
         B1 Barrier: effective height = -1451 1/cm
      setting wells, barriers, and bimolecular done, cpu time[sec] = 1.16632, elapsed time[sec] = 0
      Bound Species (D1/D2 - density of states at dissociation energy (DE)/reference energy):
       Name  Depth     DE      *D1      *D2
              1/cm   1/cm       cm       cm
         W0  -2184  -1451 4.22e+03 7.88e+14
      Well-to-Bimolecular Barriers (N - number of states at the reference energy):
       Name Height       *N
              1/cm         
         B0   -110 1.12e+17
         B1  -1451  7.7e+17
      Effective equilibrium constants(bimolecular units - cm^3):
        Q/Q        W0        P0        P1
         W0         1   1.4e-20  5.31e-25
         P0  7.15e+19         1   3.8e-05
         P1  1.88e+24  2.63e+04         1
      Real equilibrium constants(bimolecular units - cm^3):
        Q/Q        W0        P0        P1
         W0         1  7.78e-24  2.95e-28
         P0  1.29e+23         1   3.8e-05
         P1  3.39e+27  2.63e+04         1
   MasterEquation::set:  done, cpu time[sec] = 1.17128, elapsed time[sec] = 0
   MasterEquation::direct_diagonalization_method:  starts
      Pressure = 1 atm	 Temperature = 1750 K
            Well    Collision, 1/sec
              W0          2.7972e+09
      global relaxation matrix dimension = 317
      setting global matrices ... done, cpu time[sec] = 0.20223, elapsed time[sec] = 0
      diagonalizing global relaxation matrix ... done, cpu time[sec] = 3.00188, elapsed time[sec] = 0
      microscopic rate coefficients (at reference energy) over collision frequency:
             W0->P0       W0->P1
            1519.57      10470.3
      eigenvector populations normalized:
          L        *R        *P        W0
          0     0.623     0.999         1
      *R - eigenvalue over the relaxation limit
      *P - eigenvector projection squared on the relaxation subspace (= 1 -F_ne)
      eigenvector projections:
          L        *Q        *P        W0
          0     0.308     0.999    -0.038
         *Z       ---       ---  3.19e+13
      *Q - eigenvalue over the collision frequency in first well
      *P - eigenvector projection squared on the relaxation subspace (= 1 - F_ne)
      *Z - well partition function square root
      dimension of the chemical subspace = 0
      isomers-to-bimolecular equilibrium coefficients (kappa matrix):
        W\P       P0       P1
         W0     0.54     0.46
      hot energies # = 0
      prompt isomerization/dissociation:
        W\W,P  Total Diss.           P0           P1
           W0            1     0.538839     0.461153

   MasterEquation::direct_diagonalization_method:  done, cpu time[sec] = 3.48145, elapsed time[sec] = 0
   MasterEquation::set:  starts
      Temperature      = 2000 K
      Energy reference = 41702 1/cm
      Energy step      = 139 1/cm
      setting wells, barriers, and bimolecular starts
         W0 Well: average energy = 29.8 kcal/mol
         W0 Well: density of states done, elapsed time[sec] = 0.004404
         W0 Well: collisional kernel bandwidth = 46
         W0 Well: collisional energy transfer kernel done, elapsed time[sec] = 0.229462
         W0 Well: relaxation modes basis done, elapsed time[sec] = 0.135645
         W0 Well: kernel in relaxation modes basis done, elapsed time[sec] = 0.137567
         W0 Well: relaxation eigenvalues done, elapsed time[sec] = 0.623767
         W0 Well: minimal relaxation eigenvalue = 0.00575329
         W0 Well: maximal relaxation eigenvalue = 11.0328
         W0 Well:       grid size = 316
         W0 Well:      real depth = -2098 1/cm
         W0 Well: effective depth = -2221 1/cm
         B0 Barrier:        grid size = 301
         B0 Barrier:      real height = 0 1/cm
         B0 Barrier: effective height = -136 1/cm
         B1 Barrier:        grid size = 310
         B1 Barrier:      real height = -1367 1/cm
         B1 Barrier: effective height = -1387 1/cm
      setting wells, barriers, and bimolecular done, cpu time[sec] = 1.14652, elapsed time[sec] = 0
      Bound Species (D1/D2 - density of states at dissociation energy (DE)/reference energy):
       Name  Depth     DE      *D1      *D2
              1/cm   1/cm       cm       cm
         W0  -2221  -1387 5.54e+03 2.99e+15
      Well-to-Bimolecular Barriers (N - number of states at the reference energy):
       Name Height       *N
              1/cm         
         B0   -136 3.53e+17
         B1  -1387    3e+18
      Effective equilibrium constants(bimolecular units - cm^3):
        Q/Q        W0        P0        P1
         W0         1  1.27e-20  1.53e-24
         P0  7.86e+19         1   0.00012
         P1  6.53e+23  8.31e+03         1
      Real equilibrium constants(bimolecular units - cm^3):
        Q/Q        W0        P0        P1
         W0         1  8.06e-24   9.7e-28
         P0  1.24e+23         1   0.00012
         P1  1.03e+27  8.31e+03         1
   MasterEquation::set:  done, cpu time[sec] = 1.15093, elapsed time[sec] = 0
   MasterEquation::direct_diagonalization_method:  starts
      Pressure = 1 atm	 Temperature = 2000 K
            Well    Collision, 1/sec
              W0         2.56495e+09
      global relaxation matrix dimension = 316
      setting global matrices ... done, cpu time[sec] = 0.201079, elapsed time[sec] = 0
      diagonalizing global relaxation matrix ... done, cpu time[sec] = 2.92374, elapsed time[sec] = 0
      microscopic rate coefficients (at reference energy) over collision frequency:
             W0->P0       W0->P1
            1377.65      11712.4
      eigenvector populations normalized:
          L        *R        *P        W0
          0     0.736         1         1
      *R - eigenvalue over the relaxation limit
      *P - eigenvector projection squared on the relaxation subspace (= 1 -F_ne)
      eigenvector projections:
          L        *Q        *P        W0
          0     0.291         1   -0.0218
         *Z       ---       ---  4.83e+13
      *Q - eigenvalue over the collision frequency in first well
      *P - eigenvector projection squared on the relaxation subspace (= 1 - F_ne)
      *Z - well partition function square root
      dimension of the chemical subspace = 0
      isomers-to-bimolecular equilibrium coefficients (kappa matrix):
        W\P       P0       P1
         W0     0.48     0.52
      hot energies # = 0
      prompt isomerization/dissociation:
        W\W,P  Total Diss.           P0           P1
           W0            1     0.479812      0.52018

   MasterEquation::direct_diagonalization_method:  done, cpu time[sec] = 3.38312, elapsed time[sec] = 0
rate calculation done, cpu time[sec] = 43.2504, elapsed time[sec] = 1
