Wells (G - ground energy, D - dissociation limit, kcal/mol):
      Name        G        D
        W0     -6.0     -0.7

Bimolecular Products (G - ground energy, kcal/mol):
      Name        G
        P0      0.0
        P1    -31.1

Well-to-Bimolecular Barriers (H/G - barrier height/well depth, kcal/mol)
      Name        H     Well        G  Product
        B0      0.0       W0     -6.0       P0
        B1     -0.7       W0     -6.0       P1

________________________________________________________________________________________

Unimolecular Rate Units: 1/sec;  Bimolecular Rate Units: cm^3/sec

______________________________________________________________________________________

Species-Species Rate Tables:

Temperature = 300 K

High Pressure Rate Coefficients:

From\To            W0           P0           P1
W0                ***  1.43108e+10  4.40589e+09
P0        8.69628e-11          ***          ***
P1        1.89728e-34          ***          ***

Temperature = 300 K    Pressure = 1 atm

From\To            W0           P0           P1
W0        2.53872e+07       176410  2.52108e+07
P0        9.98508e-16  1.78284e-11  1.78274e-11
P1        1.01122e-36  1.26333e-34  1.27344e-34

Temperature = 500 K

High Pressure Rate Coefficients:

From\To            W0           P0           P1
W0                ***  7.42482e+11  1.92523e+11
P0         8.5756e-11          ***          ***
P1        1.64545e-25          ***          ***

Temperature = 500 K    Pressure = 1 atm

From\To            W0           P0           P1
W0                ***          ***          ***
P0                ***  1.72305e-11  1.72305e-11
P1                ***  1.27503e-25  1.27503e-25

Temperature = 750 K

High Pressure Rate Coefficients:

From\To            W0           P0           P1
W0                ***  4.02121e+12  1.30208e+12
P0        8.67562e-11          ***          ***
P1        6.64872e-21          ***          ***

Temperature = 750 K    Pressure = 1 atm

From\To            W0           P0           P1
W0                ***          ***          ***
P0                ***  2.07392e-11  2.07392e-11
P1                ***  4.90849e-21  4.90849e-21

Temperature = 1000 K

High Pressure Rate Coefficients:

From\To            W0           P0           P1
W0                ***  7.81128e+12  3.39967e+12
P0        8.83585e-11          ***          ***
P1        1.65812e-18          ***          ***

Temperature = 1000 K    Pressure = 1 atm

From\To            W0           P0           P1
W0                ***          ***          ***
P0                ***  2.58256e-11  2.58256e-11
P1                ***  1.11354e-18  1.11354e-18

Temperature = 1250 K

High Pressure Rate Coefficients:

From\To            W0           P0           P1
W0                ***  1.03997e+13  6.04234e+12
P0        9.00413e-11          ***          ***
P1        5.23234e-17          ***          ***

Temperature = 1250 K    Pressure = 1 atm

From\To            W0           P0           P1
W0                ***          ***          ***
P0                ***  3.15102e-11  3.15102e-11
P1                ***  3.15154e-17  3.15154e-17

Temperature = 1500 K

High Pressure Rate Coefficients:

From\To            W0           P0           P1
W0                ***  1.16653e+13  8.83843e+12
P0        9.16716e-11          ***          ***
P1        5.74992e-16          ***          ***

Temperature = 1500 K    Pressure = 1 atm

From\To            W0           P0           P1
W0                ***          ***          ***
P0                ***   3.7318e-11   3.7318e-11
P1                ***  3.08933e-16  3.08933e-16

Temperature = 1750 K

High Pressure Rate Coefficients:

From\To            W0           P0           P1
W0                ***  1.19881e+13   1.1551e+13
P0        9.32148e-11          ***          ***
P1        3.41074e-15          ***          ***

Temperature = 1750 K    Pressure = 1 atm

From\To            W0           P0           P1
W0                ***          ***          ***
P0                ***  4.29834e-11  4.29834e-11
P1                ***  1.63229e-15  1.63229e-15

Temperature = 2000 K

High Pressure Rate Coefficients:

From\To            W0           P0           P1
W0                ***  1.17417e+13  1.40612e+13
P0        9.46657e-11          ***          ***
P1        1.36371e-14          ***          ***

Temperature = 2000 K    Pressure = 1 atm

From\To            W0           P0           P1
W0                ***          ***          ***
P0                ***  4.83636e-11  4.83636e-11
P1                ***  5.81775e-15  5.81775e-15

______________________________________________________________________________________

High Pressure Rate Coefficients (Temperature-Species Rate Tables):

   T(K)       W0->W0       W0->P0       W0->P1
    300          ***  1.43108e+10  4.40589e+09
    500          ***  7.42482e+11  1.92523e+11
    750          ***  4.02121e+12  1.30208e+12
   1000          ***  7.81128e+12  3.39967e+12
   1250          ***  1.03997e+13  6.04234e+12
   1500          ***  1.16653e+13  8.83843e+12
   1750          ***  1.19881e+13   1.1551e+13
   2000          ***  1.17417e+13  1.40612e+13

   T(K)       P0->W0       P0->P0       P0->P1
    300  8.69628e-11          ***          ***
    500   8.5756e-11          ***          ***
    750  8.67562e-11          ***          ***
   1000  8.83585e-11          ***          ***
   1250  9.00413e-11          ***          ***
   1500  9.16716e-11          ***          ***
   1750  9.32148e-11          ***          ***
   2000  9.46657e-11          ***          ***

   T(K)       P1->W0       P1->P0       P1->P1
    300  1.89728e-34          ***          ***
    500  1.64545e-25          ***          ***
    750  6.64872e-21          ***          ***
   1000  1.65812e-18          ***          ***
   1250  5.23234e-17          ***          ***
   1500  5.74992e-16          ***          ***
   1750  3.41074e-15          ***          ***
   2000  1.36371e-14          ***          ***

Capture/Escape Rate Coefficients:

   T(K)           W0           P0           P1
    300  1.87167e+10  8.69628e-11  1.89728e-34
    500  9.35005e+11   8.5756e-11  1.64545e-25
    750  5.32329e+12  8.67562e-11  6.64872e-21
   1000   1.1211e+13  8.83585e-11  1.65812e-18
   1250  1.64421e+13  9.00413e-11  5.23234e-17
   1500  2.05037e+13  9.16716e-11  5.74992e-16
   1750  2.35391e+13  9.32148e-11  3.41074e-15
   2000  2.58029e+13  9.46657e-11  1.36371e-14

______________________________________________________________________________________

Pressure-Species Rate Tables:

   Temperature = 300 K

   P(atm)       W0->P0       W0->P1         W0->
        1       176410  2.52108e+07  2.53872e+07
    O-O  1.43108e+10  4.40589e+09  1.87167e+10

   Temperature = 500 K

   P(atm)       W0->P0       W0->P1         W0->
        1          ***          ***          ***
    O-O  7.42482e+11  1.92523e+11  9.35005e+11

   Temperature = 750 K

   P(atm)       W0->P0       W0->P1         W0->
        1          ***          ***          ***
    O-O  4.02121e+12  1.30208e+12  5.32329e+12

   Temperature = 1000 K

   P(atm)       W0->P0       W0->P1         W0->
        1          ***          ***          ***
    O-O  7.81128e+12  3.39967e+12   1.1211e+13

   Temperature = 1250 K

   P(atm)       W0->P0       W0->P1         W0->
        1          ***          ***          ***
    O-O  1.03997e+13  6.04234e+12  1.64421e+13

   Temperature = 1500 K

   P(atm)       W0->P0       W0->P1         W0->
        1          ***          ***          ***
    O-O  1.16653e+13  8.83843e+12  2.05037e+13

   Temperature = 1750 K

   P(atm)       W0->P0       W0->P1         W0->
        1          ***          ***          ***
    O-O  1.19881e+13   1.1551e+13  2.35391e+13

   Temperature = 2000 K

   P(atm)       W0->P0       W0->P1         W0->
        1          ***          ***          ***
    O-O  1.17417e+13  1.40612e+13  2.58029e+13

   Temperature = 300 K

   P(atm)       P0->W0       P0->P1         P0->
        1  9.98508e-16  1.78274e-11  1.78284e-11
    O-O  8.69628e-11          ***  8.69628e-11

   Temperature = 500 K

   P(atm)       P0->W0       P0->P1         P0->
        1          ***  1.72305e-11  1.72305e-11
    O-O   8.5756e-11          ***   8.5756e-11

   Temperature = 750 K

   P(atm)       P0->W0       P0->P1         P0->
        1          ***  2.07392e-11  2.07392e-11
    O-O  8.67562e-11          ***  8.67562e-11

   Temperature = 1000 K

   P(atm)       P0->W0       P0->P1         P0->
        1          ***  2.58256e-11  2.58256e-11
    O-O  8.83585e-11          ***  8.83585e-11

   Temperature = 1250 K

   P(atm)       P0->W0       P0->P1         P0->
        1          ***  3.15102e-11  3.15102e-11
    O-O  9.00413e-11          ***  9.00413e-11

   Temperature = 1500 K

   P(atm)       P0->W0       P0->P1         P0->
        1          ***   3.7318e-11   3.7318e-11
    O-O  9.16716e-11          ***  9.16716e-11

   Temperature = 1750 K

   P(atm)       P0->W0       P0->P1         P0->
        1          ***  4.29834e-11  4.29834e-11
    O-O  9.32148e-11          ***  9.32148e-11

   Temperature = 2000 K

   P(atm)       P0->W0       P0->P1         P0->
        1          ***  4.83636e-11  4.83636e-11
    O-O  9.46657e-11          ***  9.46657e-11

   Temperature = 300 K

   P(atm)       P1->W0       P1->P0         P1->
        1  1.01122e-36  1.26333e-34  1.27344e-34
    O-O  1.89728e-34          ***  1.89728e-34

   Temperature = 500 K

   P(atm)       P1->W0       P1->P0         P1->
        1          ***  1.27503e-25  1.27503e-25
    O-O  1.64545e-25          ***  1.64545e-25

   Temperature = 750 K

   P(atm)       P1->W0       P1->P0         P1->
        1          ***  4.90849e-21  4.90849e-21
    O-O  6.64872e-21          ***  6.64872e-21

   Temperature = 1000 K

   P(atm)       P1->W0       P1->P0         P1->
        1          ***  1.11354e-18  1.11354e-18
    O-O  1.65812e-18          ***  1.65812e-18

   Temperature = 1250 K

   P(atm)       P1->W0       P1->P0         P1->
        1          ***  3.15154e-17  3.15154e-17
    O-O  5.23234e-17          ***  5.23234e-17

   Temperature = 1500 K

   P(atm)       P1->W0       P1->P0         P1->
        1          ***  3.08933e-16  3.08933e-16
    O-O  5.74992e-16          ***  5.74992e-16

   Temperature = 1750 K

   P(atm)       P1->W0       P1->P0         P1->
        1          ***  1.63229e-15  1.63229e-15
    O-O  3.41074e-15          ***  3.41074e-15

   Temperature = 2000 K

   P(atm)       P1->W0       P1->P0         P1->
        1          ***  5.81775e-15  5.81775e-15
    O-O  1.36371e-14          ***  1.36371e-14

______________________________________________________________________________________

Temperature-Species Rate Tables:

   Pressure = 1 atm

   T(K)       W0->P0       W0->P1         W0->      Capture
    300       176410  2.52108e+07  2.53872e+07  1.87167e+10
    500          ***          ***          ***  9.35005e+11
    750          ***          ***          ***  5.32329e+12
   1000          ***          ***          ***   1.1211e+13
   1250          ***          ***          ***  1.64421e+13
   1500          ***          ***          ***  2.05037e+13
   1750          ***          ***          ***  2.35391e+13
   2000          ***          ***          ***  2.58029e+13

   Pressure = 1 atm

   T(K)       P0->W0       P0->P1         P0->      Capture
    300  9.98508e-16  1.78274e-11  1.78284e-11  8.69628e-11
    500          ***  1.72305e-11  1.72305e-11   8.5756e-11
    750          ***  2.07392e-11  2.07392e-11  8.67562e-11
   1000          ***  2.58256e-11  2.58256e-11  8.83585e-11
   1250          ***  3.15102e-11  3.15102e-11  9.00413e-11
   1500          ***   3.7318e-11   3.7318e-11  9.16716e-11
   1750          ***  4.29834e-11  4.29834e-11  9.32148e-11
   2000          ***  4.83636e-11  4.83636e-11  9.46657e-11

   Pressure = 1 atm

   T(K)       P1->W0       P1->P0         P1->      Capture
    300  1.01122e-36  1.26333e-34  1.27344e-34  1.89728e-34
    500          ***  1.27503e-25  1.27503e-25  1.64545e-25
    750          ***  4.90849e-21  4.90849e-21  6.64872e-21
   1000          ***  1.11354e-18  1.11354e-18  1.65812e-18
   1250          ***  3.15154e-17  3.15154e-17  5.23234e-17
   1500          ***  3.08933e-16  3.08933e-16  5.74992e-16
   1750          ***  1.63229e-15  1.63229e-15  3.41074e-15
   2000          ***  5.81775e-15  5.81775e-15  1.36371e-14

______________________________________________________________________________________

Temperature-Pressure Rate Tables:

W0->P0

P\T              300          500          750         1000         1250         1500         1750         2000
1             176410          ***          ***          ***          ***          ***          ***          ***
O-O      1.43108e+10  7.42482e+11  4.02121e+12  7.81128e+12  1.03997e+13  1.16653e+13  1.19881e+13  1.17417e+13

W0->P1

P\T              300          500          750         1000         1250         1500         1750         2000
1        2.52108e+07          ***          ***          ***          ***          ***          ***          ***
O-O      4.40589e+09  1.92523e+11  1.30208e+12  3.39967e+12  6.04234e+12  8.83843e+12   1.1551e+13  1.40612e+13

P0->W0

P\T              300          500          750         1000         1250         1500         1750         2000
1        9.98508e-16          ***          ***          ***          ***          ***          ***          ***
O-O      8.69628e-11   8.5756e-11  8.67562e-11  8.83585e-11  9.00413e-11  9.16716e-11  9.32148e-11  9.46657e-11

P0->P1

P\T              300          500          750         1000         1250         1500         1750         2000
1        1.78274e-11  1.72305e-11  2.07392e-11  2.58256e-11  3.15102e-11   3.7318e-11  4.29834e-11  4.83636e-11
O-O              ***          ***          ***          ***          ***          ***          ***          ***

P1->W0

P\T              300          500          750         1000         1250         1500         1750         2000
1        1.01122e-36          ***          ***          ***          ***          ***          ***          ***
O-O      1.89728e-34  1.64545e-25  6.64872e-21  1.65812e-18  5.23234e-17  5.74992e-16  3.41074e-15  1.36371e-14

P1->P0

P\T              300          500          750         1000         1250         1500         1750         2000
1        1.26333e-34  1.27503e-25  4.90849e-21  1.11354e-18  3.15154e-17  3.08933e-16  1.63229e-15  5.81775e-15
O-O              ***          ***          ***          ***          ***          ***          ***          ***

W0-> 

P\T              300          500          750         1000         1250         1500         1750         2000
1        2.53872e+07          ***          ***          ***          ***          ***          ***          ***
O-O      1.87167e+10  9.35005e+11  5.32329e+12   1.1211e+13  1.64421e+13  2.05037e+13  2.35391e+13  2.58029e+13

P0-> 

P\T              300          500          750         1000         1250         1500         1750         2000
1        1.78284e-11  1.72305e-11  2.07392e-11  2.58256e-11  3.15102e-11   3.7318e-11  4.29834e-11  4.83636e-11
O-O      8.69628e-11   8.5756e-11  8.67562e-11  8.83585e-11  9.00413e-11  9.16716e-11  9.32148e-11  9.46657e-11

P1-> 

P\T              300          500          750         1000         1250         1500         1750         2000
1        1.27344e-34  1.27503e-25  4.90849e-21  1.11354e-18  3.15154e-17  3.08933e-16  1.63229e-15  5.81775e-15
O-O      1.89728e-34  1.64545e-25  6.64872e-21  1.65812e-18  5.23234e-17  5.74992e-16  3.41074e-15  1.36371e-14

