Wells (G - ground energy, D - dissociation limit, kcal/mol):
      Name        G        D
        W0     -6.0     -0.7

Bimolecular Products (G - ground energy, kcal/mol):
      Name        G
        P0      0.0
        P1    -31.1

Well-to-Bimolecular Barriers (H/G - barrier height/well depth, kcal/mol)
      Name        H     Well        G  Product
        B0      0.0       W0     -6.0       P0
        B1     -0.7       W0     -6.0       P1

________________________________________________________________________________________

Unimolecular Rate Units: 1/sec;  Bimolecular Rate Units: cm^3/sec

______________________________________________________________________________________

Species-Species Rate Tables:

Temperature = 300 K

High Pressure Rate Coefficients:

From\To            W0           P0           P1
W0                ***  1.43108e+10  4.01358e+09
P0        8.69628e-11          ***          ***
P1        1.72834e-34          ***          ***

Temperature = 300 K    Pressure = 1 atm

From\To            W0           P0           P1
W0        2.45517e+07       176259  2.43755e+07
P0        9.97653e-16  1.64829e-11  1.64819e-11
P1         9.7771e-37  1.16799e-34  1.17776e-34

Temperature = 500 K

High Pressure Rate Coefficients:

From\To            W0           P0           P1
W0                ***  7.42482e+11  1.78806e+11
P0         8.5756e-11          ***          ***
P1        1.52821e-25          ***          ***

Temperature = 500 K    Pressure = 1 atm

From\To            W0           P0           P1
W0                ***          ***          ***
P0                ***  1.62142e-11  1.62142e-11
P1                ***  1.19983e-25  1.19983e-25

Temperature = 750 K

High Pressure Rate Coefficients:

From\To            W0           P0           P1
W0                ***  4.02121e+12  1.28441e+12
P0        8.67562e-11          ***          ***
P1        6.55847e-21          ***          ***

Temperature = 750 K    Pressure = 1 atm

From\To            W0           P0           P1
W0                ***          ***          ***
P0                ***  2.03557e-11  2.03557e-11
P1                ***  4.81773e-21  4.81773e-21

Temperature = 1000 K

High Pressure Rate Coefficients:

From\To            W0           P0           P1
W0                ***  7.81128e+12  3.58145e+12
P0        8.83585e-11          ***          ***
P1        1.74678e-18          ***          ***

Temperature = 1000 K    Pressure = 1 atm

From\To            W0           P0           P1
W0                ***          ***          ***
P0                ***  2.63438e-11  2.63438e-11
P1                ***  1.13588e-18  1.13588e-18

Temperature = 1250 K

High Pressure Rate Coefficients:

From\To            W0           P0           P1
W0                ***  1.03997e+13   6.7755e+12
P0        9.00413e-11          ***          ***
P1        5.86722e-17          ***          ***

Temperature = 1250 K    Pressure = 1 atm

From\To            W0           P0           P1
W0                ***          ***          ***
P0                ***  3.30843e-11  3.30843e-11
P1                ***  3.30897e-17  3.30897e-17

Temperature = 1500 K

High Pressure Rate Coefficients:

From\To            W0           P0           P1
W0                ***  1.16653e+13  1.04966e+13
P0        9.16716e-11          ***          ***
P1        6.82869e-16          ***          ***

Temperature = 1500 K    Pressure = 1 atm

From\To            W0           P0           P1
W0                ***          ***          ***
P0                ***  3.99705e-11  3.99705e-11
P1                ***  3.30892e-16  3.30892e-16

Temperature = 1750 K

High Pressure Rate Coefficients:

From\To            W0           P0           P1
W0                ***  1.19881e+13  1.44575e+13
P0        9.32148e-11          ***          ***
P1        4.26897e-15          ***          ***

Temperature = 1750 K    Pressure = 1 atm

From\To            W0           P0           P1
W0                ***          ***          ***
P0                ***  4.66374e-11  4.66374e-11
P1                ***  1.77105e-15  1.77105e-15

Temperature = 2000 K

High Pressure Rate Coefficients:

From\To            W0           P0           P1
W0                ***  1.17417e+13  1.84659e+13
P0        9.46657e-11          ***          ***
P1        1.79089e-14          ***          ***

Temperature = 2000 K    Pressure = 1 atm

From\To            W0           P0           P1
W0                ***          ***          ***
P0                ***  5.28854e-11  5.28854e-11
P1                ***  6.36168e-15  6.36168e-15

______________________________________________________________________________________

High Pressure Rate Coefficients (Temperature-Species Rate Tables):

   T(K)       W0->W0       W0->P0       W0->P1
    300          ***  1.43108e+10  4.01358e+09
    500          ***  7.42482e+11  1.78806e+11
    750          ***  4.02121e+12  1.28441e+12
   1000          ***  7.81128e+12  3.58145e+12
   1250          ***  1.03997e+13   6.7755e+12
   1500          ***  1.16653e+13  1.04966e+13
   1750          ***  1.19881e+13  1.44575e+13
   2000          ***  1.17417e+13  1.84659e+13

   T(K)       P0->W0       P0->P0       P0->P1
    300  8.69628e-11          ***          ***
    500   8.5756e-11          ***          ***
    750  8.67562e-11          ***          ***
   1000  8.83585e-11          ***          ***
   1250  9.00413e-11          ***          ***
   1500  9.16716e-11          ***          ***
   1750  9.32148e-11          ***          ***
   2000  9.46657e-11          ***          ***

   T(K)       P1->W0       P1->P0       P1->P1
    300  1.72834e-34          ***          ***
    500  1.52821e-25          ***          ***
    750  6.55847e-21          ***          ***
   1000  1.74678e-18          ***          ***
   1250  5.86722e-17          ***          ***
   1500  6.82869e-16          ***          ***
   1750  4.26897e-15          ***          ***
   2000  1.79089e-14          ***          ***

Capture/Escape Rate Coefficients:

   T(K)           W0           P0           P1
    300  1.83244e+10  8.69628e-11  1.72834e-34
    500  9.21288e+11   8.5756e-11  1.52821e-25
    750  5.30562e+12  8.67562e-11  6.55847e-21
   1000  1.13927e+13  8.83585e-11  1.74678e-18
   1250  1.71752e+13  9.00413e-11  5.86722e-17
   1500  2.21619e+13  9.16716e-11  6.82869e-16
   1750  2.64456e+13  9.32148e-11  4.26897e-15
   2000  3.02075e+13  9.46657e-11  1.79089e-14

______________________________________________________________________________________

Pressure-Species Rate Tables:

   Temperature = 300 K

   P(atm)       W0->P0       W0->P1         W0->
        1       176259  2.43755e+07  2.45517e+07
    O-O  1.43108e+10  4.01358e+09  1.83244e+10

   Temperature = 500 K

   P(atm)       W0->P0       W0->P1         W0->
        1          ***          ***          ***
    O-O  7.42482e+11  1.78806e+11  9.21288e+11

   Temperature = 750 K

   P(atm)       W0->P0       W0->P1         W0->
        1          ***          ***          ***
    O-O  4.02121e+12  1.28441e+12  5.30562e+12

   Temperature = 1000 K

   P(atm)       W0->P0       W0->P1         W0->
        1          ***          ***          ***
    O-O  7.81128e+12  3.58145e+12  1.13927e+13

   Temperature = 1250 K

   P(atm)       W0->P0       W0->P1         W0->
        1          ***          ***          ***
    O-O  1.03997e+13   6.7755e+12  1.71752e+13

   Temperature = 1500 K

   P(atm)       W0->P0       W0->P1         W0->
        1          ***          ***          ***
    O-O  1.16653e+13  1.04966e+13  2.21619e+13

   Temperature = 1750 K

   P(atm)       W0->P0       W0->P1         W0->
        1          ***          ***          ***
    O-O  1.19881e+13  1.44575e+13  2.64456e+13

   Temperature = 2000 K

   P(atm)       W0->P0       W0->P1         W0->
        1          ***          ***          ***
    O-O  1.17417e+13  1.84659e+13  3.02075e+13

   Temperature = 300 K

   P(atm)       P0->W0       P0->P1         P0->
        1  9.97653e-16  1.64819e-11  1.64829e-11
    O-O  8.69628e-11          ***  8.69628e-11

   Temperature = 500 K

   P(atm)       P0->W0       P0->P1         P0->
        1          ***  1.62142e-11  1.62142e-11
    O-O   8.5756e-11          ***   8.5756e-11

   Temperature = 750 K

   P(atm)       P0->W0       P0->P1         P0->
        1          ***  2.03557e-11  2.03557e-11
    O-O  8.67562e-11          ***  8.67562e-11

   Temperature = 1000 K

   P(atm)       P0->W0       P0->P1         P0->
        1          ***  2.63438e-11  2.63438e-11
    O-O  8.83585e-11          ***  8.83585e-11

   Temperature = 1250 K

   P(atm)       P0->W0       P0->P1         P0->
        1          ***  3.30843e-11  3.30843e-11
    O-O  9.00413e-11          ***  9.00413e-11

   Temperature = 1500 K

   P(atm)       P0->W0       P0->P1         P0->
        1          ***  3.99705e-11  3.99705e-11
    O-O  9.16716e-11          ***  9.16716e-11

   Temperature = 1750 K

   P(atm)       P0->W0       P0->P1         P0->
        1          ***  4.66374e-11  4.66374e-11
    O-O  9.32148e-11          ***  9.32148e-11

   Temperature = 2000 K

   P(atm)       P0->W0       P0->P1         P0->
        1          ***  5.28854e-11  5.28854e-11
    O-O  9.46657e-11          ***  9.46657e-11

   Temperature = 300 K

   P(atm)       P1->W0       P1->P0         P1->
        1   9.7771e-37  1.16799e-34  1.17776e-34
    O-O  1.72834e-34          ***  1.72834e-34

   Temperature = 500 K

   P(atm)       P1->W0       P1->P0         P1->
        1          ***  1.19983e-25  1.19983e-25
    O-O  1.52821e-25          ***  1.52821e-25

   Temperature = 750 K

   P(atm)       P1->W0       P1->P0         P1->
        1          ***  4.81773e-21  4.81773e-21
    O-O  6.55847e-21          ***  6.55847e-21

   Temperature = 1000 K

   P(atm)       P1->W0       P1->P0         P1->
        1          ***  1.13588e-18  1.13588e-18
    O-O  1.74678e-18          ***  1.74678e-18

   Temperature = 1250 K

   P(atm)       P1->W0       P1->P0         P1->
        1          ***  3.30897e-17  3.30897e-17
    O-O  5.86722e-17          ***  5.86722e-17

   Temperature = 1500 K

   P(atm)       P1->W0       P1->P0         P1->
        1          ***  3.30892e-16  3.30892e-16
    O-O  6.82869e-16          ***  6.82869e-16

   Temperature = 1750 K

   P(atm)       P1->W0       P1->P0         P1->
        1          ***  1.77105e-15  1.77105e-15
    O-O  4.26897e-15          ***  4.26897e-15

   Temperature = 2000 K

   P(atm)       P1->W0       P1->P0         P1->
        1          ***  6.36168e-15  6.36168e-15
    O-O  1.79089e-14          ***  1.79089e-14

______________________________________________________________________________________

Temperature-Species Rate Tables:

   Pressure = 1 atm

   T(K)       W0->P0       W0->P1         W0->      Capture
    300       176259  2.43755e+07  2.45517e+07  1.83244e+10
    500          ***          ***          ***  9.21288e+11
    750          ***          ***          ***  5.30562e+12
   1000          ***          ***          ***  1.13927e+13
   1250          ***          ***          ***  1.71752e+13
   1500          ***          ***          ***  2.21619e+13
   1750          ***          ***          ***  2.64456e+13
   2000          ***          ***          ***  3.02075e+13

   Pressure = 1 atm

   T(K)       P0->W0       P0->P1         P0->      Capture
    300  9.97653e-16  1.64819e-11  1.64829e-11  8.69628e-11
    500          ***  1.62142e-11  1.62142e-11   8.5756e-11
    750          ***  2.03557e-11  2.03557e-11  8.67562e-11
   1000          ***  2.63438e-11  2.63438e-11  8.83585e-11
   1250          ***  3.30843e-11  3.30843e-11  9.00413e-11
   1500          ***  3.99705e-11  3.99705e-11  9.16716e-11
   1750          ***  4.66374e-11  4.66374e-11  9.32148e-11
   2000          ***  5.28854e-11  5.28854e-11  9.46657e-11

   Pressure = 1 atm

   T(K)       P1->W0       P1->P0         P1->      Capture
    300   9.7771e-37  1.16799e-34  1.17776e-34  1.72834e-34
    500          ***  1.19983e-25  1.19983e-25  1.52821e-25
    750          ***  4.81773e-21  4.81773e-21  6.55847e-21
   1000          ***  1.13588e-18  1.13588e-18  1.74678e-18
   1250          ***  3.30897e-17  3.30897e-17  5.86722e-17
   1500          ***  3.30892e-16  3.30892e-16  6.82869e-16
   1750          ***  1.77105e-15  1.77105e-15  4.26897e-15
   2000          ***  6.36168e-15  6.36168e-15  1.79089e-14

______________________________________________________________________________________

Temperature-Pressure Rate Tables:

W0->P0

P\T              300          500          750         1000         1250         1500         1750         2000
1             176259          ***          ***          ***          ***          ***          ***          ***
O-O      1.43108e+10  7.42482e+11  4.02121e+12  7.81128e+12  1.03997e+13  1.16653e+13  1.19881e+13  1.17417e+13

W0->P1

P\T              300          500          750         1000         1250         1500         1750         2000
1        2.43755e+07          ***          ***          ***          ***          ***          ***          ***
O-O      4.01358e+09  1.78806e+11  1.28441e+12  3.58145e+12   6.7755e+12  1.04966e+13  1.44575e+13  1.84659e+13

P0->W0

P\T              300          500          750         1000         1250         1500         1750         2000
1        9.97653e-16          ***          ***          ***          ***          ***          ***          ***
O-O      8.69628e-11   8.5756e-11  8.67562e-11  8.83585e-11  9.00413e-11  9.16716e-11  9.32148e-11  9.46657e-11

P0->P1

P\T              300          500          750         1000         1250         1500         1750         2000
1        1.64819e-11  1.62142e-11  2.03557e-11  2.63438e-11  3.30843e-11  3.99705e-11  4.66374e-11  5.28854e-11
O-O              ***          ***          ***          ***          ***          ***          ***          ***

P1->W0

P\T              300          500          750         1000         1250         1500         1750         2000
1         9.7771e-37          ***          ***          ***          ***          ***          ***          ***
O-O      1.72834e-34  1.52821e-25  6.55847e-21  1.74678e-18  5.86722e-17  6.82869e-16  4.26897e-15  1.79089e-14

P1->P0

P\T              300          500          750         1000         1250         1500         1750         2000
1        1.16799e-34  1.19983e-25  4.81773e-21  1.13588e-18  3.30897e-17  3.30892e-16  1.77105e-15  6.36168e-15
O-O              ***          ***          ***          ***          ***          ***          ***          ***

W0-> 

P\T              300          500          750         1000         1250         1500         1750         2000
1        2.45517e+07          ***          ***          ***          ***          ***          ***          ***
O-O      1.83244e+10  9.21288e+11  5.30562e+12  1.13927e+13  1.71752e+13  2.21619e+13  2.64456e+13  3.02075e+13

P0-> 

P\T              300          500          750         1000         1250         1500         1750         2000
1        1.64829e-11  1.62142e-11  2.03557e-11  2.63438e-11  3.30843e-11  3.99705e-11  4.66374e-11  5.28854e-11
O-O      8.69628e-11   8.5756e-11  8.67562e-11  8.83585e-11  9.00413e-11  9.16716e-11  9.32148e-11  9.46657e-11

P1-> 

P\T              300          500          750         1000         1250         1500         1750         2000
1        1.17776e-34  1.19983e-25  4.81773e-21  1.13588e-18  3.30897e-17  3.30892e-16  1.77105e-15  6.36168e-15
O-O      1.72834e-34  1.52821e-25  6.55847e-21  1.74678e-18  5.86722e-17  6.82869e-16  4.26897e-15  1.79089e-14

