Model::init:  starts
   Model::ExponentialKernel::ExponentialKernel:  ... done
   Model::LennardJonesCollision::LennardJonesCollision:  ... done
   WELL: W0
   Model::RRHO::RRHO:  starts
      Model::RigidRotor::RigidRotor:  starts
         molecular geometry will be used to estimate rotational constants
         rotational configuration: nonlinear
         rotational constants[1/cm]:         1.38183       0.172435       0.153304
      Model::RigidRotor::RigidRotor:  done, cpu time[sec] = 0, elapsed time[sec] = 0
      interpolating states number/density starts
         core state contribution ... done, cpu time[sec] = 0.01, elapsed time[sec] = 0
         vibrational modes contribution ... done, cpu time[sec] = 0, elapsed time[sec] = 0
         effective power exponent at 405.999 kcal/mol = 11.7813
      interpolating states number/density done, cpu time[sec] = 0.06, elapsed time[sec] = 0
   Model::RRHO::RRHO:  done, cpu time[sec] = 0.06, elapsed time[sec] = 0
   BIMOLECULAR: P0
   Model::Bimolecular::Bimolecular:  starts
      Model::RRHO::RRHO:  starts
         Model::RigidRotor::RigidRotor:  starts
            molecular geometry will be used to estimate rotational constants
            rotational configuration: nonlinear
            rotational constants[1/cm]:         9.53366        1.28842        1.13503
         Model::RigidRotor::RigidRotor:  done, cpu time[sec] = 0, elapsed time[sec] = 0
      Model::RRHO::RRHO:  done, cpu time[sec] = 0, elapsed time[sec] = 0
      Model::RRHO::RRHO:  starts
         Model::RigidRotor::RigidRotor:  starts
            molecular geometry will be used to estimate rotational constants
            rotational configuration: linear
            rotational constant[1/cm]:         18.8541
         Model::RigidRotor::RigidRotor:  done, cpu time[sec] = 0, elapsed time[sec] = 0
      Model::RRHO::RRHO:  done, cpu time[sec] = 0, elapsed time[sec] = 0
   Model::Bimolecular::Bimolecular:  done, cpu time[sec] = 0, elapsed time[sec] = 0
   BIMOLECULAR: P1
   Model::Bimolecular::Bimolecular:  starts
      Model::RRHO::RRHO:  starts
         Model::RigidRotor::RigidRotor:  starts
            molecular geometry will be used to estimate rotational constants
            rotational configuration: nonlinear
            rotational constants[1/cm]:         24.0323        1.48075        1.39481
         Model::RigidRotor::RigidRotor:  done, cpu time[sec] = 0, elapsed time[sec] = 0
      Model::RRHO::RRHO:  done, cpu time[sec] = 0, elapsed time[sec] = 0
      Model::RRHO::RRHO:  starts
         Model::RigidRotor::RigidRotor:  starts
            molecular geometry will be used to estimate rotational constants
            rotational configuration: nonlinear
            rotational constants[1/cm]:          26.741        14.7148        9.49174
         Model::RigidRotor::RigidRotor:  done, cpu time[sec] = 0, elapsed time[sec] = 0
      Model::RRHO::RRHO:  done, cpu time[sec] = 0, elapsed time[sec] = 0
   Model::Bimolecular::Bimolecular:  done, cpu time[sec] = 0, elapsed time[sec] = 0
   BARRIER: B0
   Model::RRHO::RRHO:  starts
      Model::PhaseSpaceTheory::PhaseSpaceTheory:  starts
         molecular geometry will be used to estimate rotational constants
         rotational configuration: nonlinear
         rotational constants[1/cm]:         9.53366        1.28842        1.13503
         molecular geometry will be used to estimate rotational constants
         rotational configuration: linear
         rotational constant[1/cm]:         18.8541
      Model::PhaseSpaceTheory::PhaseSpaceTheory:  done, cpu time[sec] = 0, elapsed time[sec] = 0
      interpolating states number/density starts
         core state contribution ... done, cpu time[sec] = 0.02, elapsed time[sec] = 0
         electronic states contribution ... done, cpu time[sec] = 0, elapsed time[sec] = 0
         vibrational modes contribution ... done, cpu time[sec] = 0.01, elapsed time[sec] = 0
         effective power exponent at 399.998 kcal/mol = 9.62199
      interpolating states number/density done, cpu time[sec] = 0.06, elapsed time[sec] = 0
   Model::RRHO::RRHO:  done, cpu time[sec] = 0.06, elapsed time[sec] = 0
   BARRIER: B1
   Model::VarBarrier::VarBarrier:  starts
      1-th RRHO:
      Model::RRHO::RRHO:  starts
         Model::RigidRotor::RigidRotor:  starts
            molecular geometry will be used to estimate rotational constants
            rotational configuration: nonlinear
            rotational constants[1/cm]:         1.70024        0.16945       0.154093
         Model::RigidRotor::RigidRotor:  done, cpu time[sec] = 0, elapsed time[sec] = 0
         interpolating states number/density starts
            core state contribution ... done, cpu time[sec] = 0, elapsed time[sec] = 0
            electronic states contribution ... done, cpu time[sec] = 0, elapsed time[sec] = 0
            vibrational modes contribution ... done, cpu time[sec] = 0.01, elapsed time[sec] = 0
            effective power exponent at 400.738 kcal/mol = 11.8451
         interpolating states number/density done, cpu time[sec] = 0.04, elapsed time[sec] = 0
      Model::RRHO::RRHO:  done, cpu time[sec] = 0.04, elapsed time[sec] = 0
      2-th RRHO:
      Model::RRHO::RRHO:  starts
         Model::RigidRotor::RigidRotor:  starts
            molecular geometry will be used to estimate rotational constants
            rotational configuration: nonlinear
            rotational constants[1/cm]:         1.60675       0.172915       0.156114
         Model::RigidRotor::RigidRotor:  done, cpu time[sec] = 0, elapsed time[sec] = 0
         interpolating states number/density starts
            core state contribution ... done, cpu time[sec] = 0, elapsed time[sec] = 0
            electronic states contribution ... done, cpu time[sec] = 0, elapsed time[sec] = 0
            vibrational modes contribution ... done, cpu time[sec] = 0.01, elapsed time[sec] = 0
            effective power exponent at 400.458 kcal/mol = 11.8353
         interpolating states number/density done, cpu time[sec] = 0.04, elapsed time[sec] = 0
      Model::RRHO::RRHO:  done, cpu time[sec] = 0.04, elapsed time[sec] = 0
      3-th RRHO:
      Model::RRHO::RRHO:  starts
         Model::RigidRotor::RigidRotor:  starts
            molecular geometry will be used to estimate rotational constants
            rotational configuration: nonlinear
            rotational constants[1/cm]:         1.72479       0.168917       0.153849
         Model::RigidRotor::RigidRotor:  done, cpu time[sec] = 0, elapsed time[sec] = 0
         interpolating states number/density starts
            core state contribution ... done, cpu time[sec] = 0.01, elapsed time[sec] = 0
            electronic states contribution ... done, cpu time[sec] = 0, elapsed time[sec] = 0
            vibrational modes contribution ... done, cpu time[sec] = 0, elapsed time[sec] = 0
            effective power exponent at 400.87 kcal/mol = 11.8486
         interpolating states number/density done, cpu time[sec] = 0.04, elapsed time[sec] = 0
      Model::RRHO::RRHO:  done, cpu time[sec] = 0.04, elapsed time[sec] = 0
      4-th RRHO:
      Model::RRHO::RRHO:  starts
         Model::RigidRotor::RigidRotor:  starts
            molecular geometry will be used to estimate rotational constants
            rotational configuration: nonlinear
            rotational constants[1/cm]:         1.77322       0.168186       0.153616
         Model::RigidRotor::RigidRotor:  done, cpu time[sec] = 0, elapsed time[sec] = 0
         interpolating states number/density starts
            core state contribution ... done, cpu time[sec] = 0.01, elapsed time[sec] = 0
            electronic states contribution ... done, cpu time[sec] = 0, elapsed time[sec] = 0
            vibrational modes contribution ... done, cpu time[sec] = 0.01, elapsed time[sec] = 0
            effective power exponent at 401.17 kcal/mol = 11.8559
         interpolating states number/density done, cpu time[sec] = 0.05, elapsed time[sec] = 0
      Model::RRHO::RRHO:  done, cpu time[sec] = 0.05, elapsed time[sec] = 0
      5-th RRHO:
      Model::RRHO::RRHO:  starts
         Model::RigidRotor::RigidRotor:  starts
            molecular geometry will be used to estimate rotational constants
            rotational configuration: nonlinear
            rotational constants[1/cm]:         1.81726       0.167775       0.153595
         Model::RigidRotor::RigidRotor:  done, cpu time[sec] = 0, elapsed time[sec] = 0
         interpolating states number/density starts
            core state contribution ... done, cpu time[sec] = 0.01, elapsed time[sec] = 0
            electronic states contribution ... done, cpu time[sec] = 0, elapsed time[sec] = 0
            vibrational modes contribution ... done, cpu time[sec] = 0.01, elapsed time[sec] = 0
            effective power exponent at 401.547 kcal/mol = 11.8639
         interpolating states number/density done, cpu time[sec] = 0.04, elapsed time[sec] = 0
      Model::RRHO::RRHO:  done, cpu time[sec] = 0.04, elapsed time[sec] = 0
      6-th RRHO:
      Model::RRHO::RRHO:  starts
         Model::RigidRotor::RigidRotor:  starts
            molecular geometry will be used to estimate rotational constants
            rotational configuration: nonlinear
            rotational constants[1/cm]:         1.86579       0.167417       0.153632
         Model::RigidRotor::RigidRotor:  done, cpu time[sec] = 0, elapsed time[sec] = 0
         interpolating states number/density starts
            core state contribution ... done, cpu time[sec] = 0.01, elapsed time[sec] = 0
            electronic states contribution ... done, cpu time[sec] = 0, elapsed time[sec] = 0
            vibrational modes contribution ... done, cpu time[sec] = 0.01, elapsed time[sec] = 0
            effective power exponent at 402.048 kcal/mol = 11.8715
         interpolating states number/density done, cpu time[sec] = 0.04, elapsed time[sec] = 0
      Model::RRHO::RRHO:  done, cpu time[sec] = 0.04, elapsed time[sec] = 0
      7-th RRHO:
      Model::RRHO::RRHO:  starts
         Model::RigidRotor::RigidRotor:  starts
            molecular geometry will be used to estimate rotational constants
            rotational configuration: nonlinear
            rotational constants[1/cm]:         1.89605        0.16713       0.153591
         Model::RigidRotor::RigidRotor:  done, cpu time[sec] = 0, elapsed time[sec] = 0
         interpolating states number/density starts
            core state contribution ... done, cpu time[sec] = 0.01, elapsed time[sec] = 0
            electronic states contribution ... done, cpu time[sec] = 0, elapsed time[sec] = 0
            vibrational modes contribution ... done, cpu time[sec] = 0.01, elapsed time[sec] = 0
            effective power exponent at 402.379 kcal/mol = 11.8741
         interpolating states number/density done, cpu time[sec] = 0.05, elapsed time[sec] = 0
      Model::RRHO::RRHO:  done, cpu time[sec] = 0.05, elapsed time[sec] = 0
      8-th RRHO:
      Model::RRHO::RRHO:  starts
         Model::RigidRotor::RigidRotor:  starts
            molecular geometry will be used to estimate rotational constants
            rotational configuration: nonlinear
            rotational constants[1/cm]:         1.92495       0.166704       0.153418
         Model::RigidRotor::RigidRotor:  done, cpu time[sec] = 0, elapsed time[sec] = 0
         interpolating states number/density starts
            core state contribution ... done, cpu time[sec] = 0, elapsed time[sec] = 0
            electronic states contribution ... done, cpu time[sec] = 0, elapsed time[sec] = 0
            vibrational modes contribution ... done, cpu time[sec] = 0.01, elapsed time[sec] = 0
            effective power exponent at 402.748 kcal/mol = 11.8755
         interpolating states number/density done, cpu time[sec] = 0.04, elapsed time[sec] = 0
      Model::RRHO::RRHO:  done, cpu time[sec] = 0.04, elapsed time[sec] = 0
      9-th RRHO:
      Model::RRHO::RRHO:  starts
         Model::RigidRotor::RigidRotor:  starts
            molecular geometry will be used to estimate rotational constants
            rotational configuration: nonlinear
            rotational constants[1/cm]:         1.95272       0.166037       0.153026
         Model::RigidRotor::RigidRotor:  done, cpu time[sec] = 0, elapsed time[sec] = 0
         interpolating states number/density starts
            core state contribution ... done, cpu time[sec] = 0, elapsed time[sec] = 1
            electronic states contribution ... done, cpu time[sec] = 0, elapsed time[sec] = 0
            vibrational modes contribution ... done, cpu time[sec] = 0.01, elapsed time[sec] = 0
            effective power exponent at 403.18 kcal/mol = 11.8759
         interpolating states number/density done, cpu time[sec] = 0.05, elapsed time[sec] = 1
      Model::RRHO::RRHO:  done, cpu time[sec] = 0.05, elapsed time[sec] = 1
      10-th RRHO:
      Model::RRHO::RRHO:  starts
         Model::RigidRotor::RigidRotor:  starts
            molecular geometry will be used to estimate rotational constants
            rotational configuration: nonlinear
            rotational constants[1/cm]:         1.97968       0.164988       0.152295
         Model::RigidRotor::RigidRotor:  done, cpu time[sec] = 0, elapsed time[sec] = 0
         interpolating states number/density starts
            core state contribution ... done, cpu time[sec] = 0, elapsed time[sec] = 0
            electronic states contribution ... done, cpu time[sec] = 0, elapsed time[sec] = 0
            vibrational modes contribution ... done, cpu time[sec] = 0.01, elapsed time[sec] = 0
            effective power exponent at 403.717 kcal/mol = 11.8762
         interpolating states number/density done, cpu time[sec] = 0.04, elapsed time[sec] = 0
      Model::RRHO::RRHO:  done, cpu time[sec] = 0.04, elapsed time[sec] = 0
      Model::EckartTunnel::EckartTunnel:  ... done
      interpolating states number/density ... done, cpu time[sec] = 2.88, elapsed time[sec] = 0
      effective power exponent at 400.458 kcal/mol = 11.869
      Constituent transition states partition functions
       T, K            1            2            3            4            5            6            7            8            9           10          Min
        100   0.00985829    0.0032539    0.0177145    0.0667911     0.404502      4.63206        23.46      146.361      1236.18      18429.8   0.00325299
        200       120.04      89.2253      150.744      238.252      506.131      1509.75      3173.66      7471.17      20520.6      76486.8      86.3688
        300      5996.27      5893.82      6661.64      7772.91      11505.2      21685.3      33819.9      57197.8       107306       250581      5145.94
        400      65246.9      73916.6        68149      68249.6        84505       127402       171775       246753       382808       707526        56826
        500       366512       451851       369128       338047       377763       501336       621272       810583  1.12287e+06  1.80415e+06       308192
        600  1.44346e+06  1.87943e+06  1.42019e+06  1.22864e+06  1.28722e+06  1.57599e+06  1.84959e+06  2.26556e+06  2.91144e+06  4.26165e+06  1.15674e+06
        700  4.57107e+06  6.17649e+06  4.42668e+06  3.68538e+06  3.69754e+06  4.28577e+06  4.84324e+06  5.67428e+06  6.91295e+06  9.46793e+06  3.49187e+06
        800  1.24947e+07  1.73295e+07  1.19652e+07  9.69543e+06  9.43485e+06  1.05147e+07  1.15578e+07  1.31011e+07  1.53368e+07   1.9984e+07   9.1416e+06
        900  3.07047e+07  4.33992e+07  2.91634e+07  2.31682e+07  2.20456e+07  2.38579e+07  2.56766e+07  2.83734e+07  3.22032e+07  4.03661e+07  2.16351e+07
       1000  6.95729e+07  9.97282e+07  6.56745e+07  5.14018e+07  4.80866e+07  5.08723e+07  5.38474e+07  5.83113e+07   6.4567e+07  7.84634e+07   4.7443e+07
       1100  1.47811e+08  2.14146e+08  1.38868e+08  1.07445e+08  9.91922e+07  1.03066e+08  1.07639e+08   1.1466e+08  1.24424e+08  1.47417e+08  9.79164e+07
       1200  2.97901e+08  4.35155e+08  2.78835e+08  2.13788e+08  1.95295e+08  1.99979e+08  2.06558e+08  2.17048e+08  2.31609e+08   2.6867e+08   1.9223e+08
       1300  5.74398e+08  8.44467e+08  5.36034e+08  4.07996e+08  3.69523e+08  3.73845e+08  3.82585e+08   3.9742e+08  4.18102e+08  4.76409e+08  3.61738e+08
       1400  1.06634e+09  1.57575e+09  9.92706e+08  7.51091e+08  6.75467e+08  6.76481e+08  6.86871e+08  7.06533e+08  7.34319e+08  8.23994e+08  6.56307e+08
       1500  1.91539e+09  2.84212e+09  1.77958e+09   1.3398e+09  1.19779e+09  1.18929e+09  1.19942e+09  1.22333e+09  1.25812e+09  1.39312e+09  1.15335e+09
       1600  3.34195e+09  4.97556e+09  3.09982e+09  2.32413e+09  2.06736e+09  2.03754e+09  2.04284e+09   2.0682e+09  2.10752e+09  2.30669e+09  1.97056e+09
       1700  5.68198e+09  8.48277e+09  5.26291e+09  3.93208e+09  3.48263e+09  3.41037e+09  3.40166e+09  3.42151e+09  3.45837e+09  3.74654e+09  3.28354e+09
       1800  9.43823e+09  1.41228e+10  8.73169e+09  6.50408e+09  5.73923e+09   5.5885e+09  5.54886e+09  5.54908e+09  5.56853e+09  5.97773e+09  5.34995e+09
       1900  1.53506e+10  2.30135e+10  1.41869e+10  1.05401e+10  9.27043e+09  8.98203e+09   8.8822e+09  8.83681e+09  8.81074e+09  9.38128e+09  8.54216e+09
       2000  2.44911e+10  3.67759e+10  2.26145e+10  1.67633e+10  1.47019e+10  1.41814e+10  1.39729e+10  1.38372e+10  1.37165e+10  1.44977e+10  1.33908e+10

   Model::VarBarrier::VarBarrier:  done, cpu time[sec] = 5.57, elapsed time[sec] = 1
   checking input ... done
   setting connectivity ... done
   checking connectivity ... done
   setting dissociation limit ... done
   setting maximum barrier height ... done
   partition functions (relative to the ground level, units - 1/cm3):
     T\Q           W0         CH2O           OH          CHO          H2O           B0           B1
     100   4.6184e+29  4.24907e+27    1.101e+26  8.55789e+27  1.20697e+26  2.16739e+31  2.03129e+31
     200   8.6666e+30  3.40031e+28  7.50222e+26  6.84844e+28  9.65584e+26  5.50654e+32  7.14566e+31
     300  6.83302e+31  1.15452e+29  2.28802e+27  2.32155e+29  3.25992e+27  3.67491e+33   4.0889e+32
     400  3.54837e+32  2.80133e+29  4.98716e+27   5.5819e+29  7.74383e+27  1.44026e+34  1.66916e+33
     500  1.43159e+33   5.7365e+29  9.06014e+27  1.11912e+30  1.52128e+28  4.27809e+34  5.45292e+33
     600  4.86922e+33  1.06422e+30   1.4691e+28   2.0076e+30  2.65618e+28  1.07559e+35  1.54408e+34
     700  1.46218e+34  1.85145e+30  2.20478e+28  3.34156e+30  4.28159e+28   2.4202e+35  3.96178e+34
     800  3.98912e+34  3.07734e+30  3.12917e+28  5.26927e+30  6.51544e+28  5.02905e+35  9.44583e+34
     900  1.00782e+35  4.94026e+30  4.25837e+28  7.97431e+30  9.49367e+28  9.83765e+35  2.12448e+35
    1000  2.38977e+35   7.7128e+30  5.60894e+28  1.16809e+31  1.33729e+29  1.83449e+36  4.55058e+35
    1100  5.37128e+35  1.17639e+31  7.19816e+28  1.66594e+31  1.83335e+29  3.28932e+36  9.34332e+35
    1200  1.15291e+36  1.75863e+31  9.04414e+28  2.32322e+31  2.45819e+29  5.70636e+36  1.84777e+36
    1300  2.37706e+36  2.58297e+31  1.11658e+29  3.17801e+31  3.23539e+29  9.62233e+36  3.53324e+36
    1400  4.72966e+36  3.73411e+31   1.3583e+29  4.27487e+31  4.19172e+29  1.58273e+37  6.55368e+36
    1500   9.1161e+36  5.32131e+31  1.63162e+29  5.66555e+31  5.35743e+29  2.54656e+37  1.18252e+37
    1600  1.70741e+37  7.48412e+31  1.93867e+29  7.40975e+31  6.76652e+29  4.01698e+37  2.08076e+37
    1700  3.11576e+37  1.03992e+32  2.28165e+29  9.57585e+31  8.45706e+29  6.22374e+37   3.5783e+37
    1800  5.55217e+37  1.42881e+32  2.66282e+29  1.22418e+32  1.04715e+30  9.48605e+37  6.02579e+37
    1900  9.67997e+37  1.94268e+32   3.0845e+29  1.54957e+32   1.2857e+30  1.42422e+38  9.95351e+37
    2000  1.65398e+38  2.61563e+32  3.54906e+29  1.94372e+32  1.56657e+30  2.10875e+38  1.61516e+38
   partition functions (relative to 0 kcal/mol, units - 1/cm3):
     T\Q           W0           B0           B1
     100  5.98825e+42  2.16739e+31   2.0563e+32
     200  3.12071e+37  5.50654e+32  2.27353e+32
     300  1.60527e+36  3.67491e+33  8.84528e+32
     400  6.73335e+35  1.44026e+34  2.97733e+33
     500  6.00315e+35  4.27809e+34  8.66347e+33
     600  7.46325e+35  1.07559e+35  2.27103e+34
     700  1.09209e+36   2.4202e+35  5.51451e+34
     800  1.73771e+36  5.02905e+35  1.26155e+35
     900  2.88644e+36  9.83765e+35  2.74761e+35
    1000   4.8937e+36  1.83449e+36  5.73585e+35
    1100  8.35895e+36  3.28932e+36  1.15317e+36
    1200  1.42735e+37  5.70636e+36   2.2409e+36
    1300  2.42503e+37  9.62233e+36  4.22187e+36
    1400  4.08751e+37  1.58273e+37  7.73203e+36
    1500  6.82333e+37  2.54656e+37  1.37984e+37
    1600  1.12691e+38  4.01698e+37  2.40466e+37
    1700  1.84038e+38  6.22374e+37  4.10027e+37
    1800  2.97134e+38  9.48605e+37  6.85275e+37
    1900  4.74266e+38  1.42422e+38  1.12431e+38
    2000  7.48466e+38  2.10875e+38  1.81334e+38
   tunneling partition function correction factors & high pressure effective energy shifts (D), kcal/mol:
     T\B           B0            D           B1            D
     100            1           -0      12.1685     -0.49657
     200            1           -0      1.65904    -0.201199
     300            1           -0      1.23832    -0.127431
     400            1           -0      1.12347   -0.0925416
     500            1           -0       1.0751   -0.0719508
     600            1           -0      1.05011   -0.0583009
     700            1           -0      1.03553    -0.048568
     800            1           -0       1.0263   -0.0412693
     900            1           -0       1.0201   -0.0355899
    1000            1           -0      1.01574   -0.0310429
    1100            1           -0      1.01258   -0.0273189
    1200            1           -0      1.01021   -0.0242137
    1300            1           -0      1.00839   -0.0215833
    1400            1           -0      1.00697    -0.019327
    1500            1           -0      1.00584   -0.0173693
    1600            1           -0      1.00494    -0.015656
    1700            1           -0       1.0042    -0.014143
    1800            1           -0      1.00358   -0.0127969
    1900            1           -0      1.00308   -0.0115925
    2000            1           -0      1.00265   -0.0105072
Model::init:  done, cpu time[sec] = 6.27, elapsed time[sec] = 2
MasterEquation::set_ped_pair:  starts
   ped pairs:
         P0 -> P1
MasterEquation::set_ped_pair:  done
rate calculation starts
   MasterEquation::set:  starts
      Temperature      = 600 K
      Collision rate   = 4.69325e-10cm^3/sec
      Energy reference = 16681 1/cm
      Energy step      = 42 1/cm
      setting wells, barriers, and bimolecular starts
         W0 Well: density of states done, elapsed time[sec] = 0
         W0 Well: cannot satisfy the constant collision frequency at energy = -2009 1/cm, truncating the well
         W0 Well: collisional energy transfer kernel done, elapsed time[sec] = 0.01
         W0 Well: relaxation modes basis done, elapsed time[sec] = 0.02
         W0 Well: kernel in relaxation modes basis done, elapsed time[sec] = 0.12
         W0 Well: relaxation eigenvalues done, elapsed time[sec] = 0.48
         W0 Well: minimal relaxation eigenvalue = 0.0125168
         W0 Well: maximal relaxation eigenvalue = 1.06647
         W0 Well:       grid size = 445
         W0 Well:      real depth = -2098 1/cm
         W0 Well: effective depth = -2009 1/cm
         B0 Barrier:        grid size = 398
         B0 Barrier:      real height = 0 1/cm
         B0 Barrier: effective height = -34 1/cm
         B1 Barrier:        grid size = 428
         B1 Barrier:      real height = -1269 1/cm
         B1 Barrier: effective height = -1295 1/cm
      setting wells, barriers, and bimolecular done, cpu time[sec] = 0.81, elapsed time[sec] = 0
      Bound Species (D1/D2 - density of states at dissociation energy (DE)/reference energy):
       Name  Depth     DE      *D1      *D2
              1/cm   1/cm       cm       cm
         W0  -2009  -1295 8.02e+03  6.8e+11
      Well-to-Bimolecular Barriers (N - number of states at the reference energy):
       Name Height       *N
              1/cm         
         B0    -34 2.19e+14
         B1  -1295 3.45e+14
      Effective equilibrium constants(bimolecular units - cm^3):
        Q/Q        W0        P0        P1
         W0         1  2.49e-19  3.29e-31
         P0  4.01e+18         1  1.32e-12
         P1  3.04e+30  7.57e+11         1
      Real equilibrium constants(bimolecular units - cm^3):
        Q/Q        W0        P0        P1
         W0         1  4.77e-23  6.31e-35
         P0  2.09e+22         1  1.32e-12
         P1  1.59e+34  7.57e+11         1
   MasterEquation::set:  done, cpu time[sec] = 0.81, elapsed time[sec] = 0
   MasterEquation::direct_diagonalization_method:  starts
      Pressure = 10 atm	 Temperature = 600 K
      collision frequency = 5.74003e+10 1/sec
      global relaxation matrix dimension = 445
      setting global matrices ... done, cpu time[sec] = 0.17, elapsed time[sec] = 0
      diagonalizing global relaxation matrix ... done, cpu time[sec] = 1.39, elapsed time[sec] = 0
      minimal relaxation eigenvalue / collision frequency = 0.177444
      maximal relaxation eigenvalue / collision frequency = 434.035
      microscopic rate coefficients (at reference energy) over collision frequency:
             W0->P0       W0->P1
            168.533        264.6
      eigenvector populations normalized:
          L        *R        *P        W0
          0     0.156     0.553         1
         *R - eigenvalue over the relaxation limit
         *P - eigenvector projection squared on the relaxation subspace
      eigenvector projections:
          L        *Q        *P        W0
          0    0.0277     0.553     0.668
         *Z       ---       ---  1.01e+15
         *Q - eigenvalue over the collision frequency
         *P - eigenvector projection squared on the relaxation subspace
         *Z - well partition function square root
      dimension of the chemical subspace = 0
      isomers-to-bimolecular equilibrium coefficients (kappa matrix):
        W\P       P0       P1
         W0     0.55     0.45
   MasterEquation::direct_diagonalization_method:  done, cpu time[sec] = 1.8, elapsed time[sec] = 0
rate calculation done, cpu time[sec] = 2.6, elapsed time[sec] = 0
