  0.  NAN
  0.2 -0.0120283458
  0.4 -0.00982531209
  0.6 -0.00818751527
  0.8 -0.00693313587
  1. -0.00582366358
  1.2 -0.00484810282
  1.4 -0.00399265907
  1.6 -0.00324321266
  1.8 -0.00258499159
  2. -0.00200231621
  2.2 -0.00147833335
  2.4 -0.000994760975
  2.6 -0.00053167363
  2.8 -6.73697147E-05
  3.  0.000421629759
  3.2  0.000960397678
  3.4  0.00157518223
  3.6  0.00229271464
  3.8  0.00313922617
  4.  0.00413918782
  4.2  0.00531382341
  4.4  0.00667948598
  4.6  0.00824602347
  4.8  0.0100152855
  5.  0.0119799339
  5.2  0.0141227101
  5.4  0.0164162837
  5.6  0.018823758
  5.8  0.0212998475
  6.  0.0237926747
  6.2  0.026246072
  6.4  0.0286022213
  6.6  0.0308044318
  6.8  0.0327998454
  7.  0.0345418714
  7.2  0.0359921842
  7.4  0.0371221655
  7.6  0.0379137267
  7.8  0.0383595054
  8.  0.0384624785
  8.2  0.0382350767
  8.4  0.0376979136
  8.6  0.0368782537
  8.8  0.0358083466
  9.  0.0345237433
  9.2  0.0330616924
  9.4  0.0314596921
  9.6  0.029754249
  9.8  0.0279798726
  10.  0.0261683125
  10.2  0.0243480316
  10.4  0.0225438935
  10.6  0.0207770365
  10.8  0.0190649033
  11.  0.0174213908
  11.2  0.0158570906
  11.4  0.0143795899
  11.6  0.0129938086
  11.8  0.0117023518
  12.  0.0105058602
  12.2  0.00940334862
  12.4  0.00839252051
  12.6  0.00747005564
  12.8  0.00663186599
  13.  0.00587331933
  13.2  0.00518943071
  13.4  0.00457502318
  13.6  0.00402486004
  13.8  0.00353375106
  14.  0.00309663572
  14.2  0.00270864624
  14.4  0.00236515333
  14.6  0.00206179734
  14.8  0.00179450735
  15.  0.00155951034
  15.2  0.00135333255
  15.4  0.0011727947
  15.6  0.00101500259
  15.8  0.00087733433
  16.  0.000757425222
  16.2  0.000653151175
  16.4  0.000562611351
  16.6  0.000484110554
  16.8  0.000416141812
  17.  0.000357369446
  17.2  0.000306612872
  17.4  0.000262831279
  17.6  0.000225109298
  17.8  0.000192643704
  18.  0.000164731169
  18.2  0.000140757077
  18.4  0.000120185338
  18.6  0.000102549191
  18.8  8.74429155E-05
  19.  7.45144129E-05
  19.2  6.34585756E-05
  19.4  5.40113932E-05
  19.6  4.59447253E-05
  19.8  3.90616806E-05
  20.  3.31925439E-05
  20.2  2.81911944E-05
  20.4  2.39319645E-05
  20.6  2.03068904E-05
  20.8  1.72233106E-05
  21.  1.4601773E-05
  21.2  1.2374214E-05
  21.4  1.04823766E-05
  21.6  8.87643864E-06
  21.8  7.51382576E-06
  22.  6.3581842E-06
  22.2  5.37849451E-06
  22.4  4.54830716E-06
  22.6  3.84508417E-06
  22.8  3.24963286E-06
  23.  2.74561918E-06
  23.2  2.31915004E-06
  23.4  1.95841508E-06
  23.6  1.6533798E-06
  23.8  1.39552289E-06
  24.  1.17761159E-06
  24.2  9.93509689E-07
  24.4  8.3801364E-07
  24.6  7.0671269E-07
  24.8  5.95869639E-07
  25.  5.02319232E-07
  25.2  4.23381647E-07
  25.4  3.5678887E-07
  25.6  3.00622081E-07
  25.8  2.53258434E-07
  26.  2.1332584E-07
  26.2  1.7966458E-07
  26.4  1.5129472E-07
  26.6  1.27388474E-07
  26.8  1.07246771E-07
  27.  9.02793903E-08
  27.2  7.59881389E-08
  27.4  6.39526009E-08
  27.6  5.38180755E-08
  27.8  4.52853705E-08
  28.  3.81021676E-08
  28.2  3.20557213E-08
  28.4  2.69666866E-08
  28.6  2.26839021E-08
  28.8  1.90799838E-08
  29.  1.60476024E-08
  29.2  1.34963402E-08
  29.4  1.13500382E-08
  29.6  9.54455637E-09
  29.8  8.02588455E-09
  30.  6.74854844E-09
  30.2  5.67426531E-09
  30.4  4.77081052E-09
  30.6  4.01106187E-09
  30.8  3.3721941E-09
  31.  2.83500005E-09
  31.2  2.38331873E-09
  31.4  2.0035534E-09
  31.6  1.68426567E-09
  31.8  1.41583367E-09
  32.  1.19016418E-09
  32.2  1.00045024E-09
  32.4  8.40967128E-10
  32.6  7.06900564E-10
  32.8  5.94202169E-10
  33.  4.994678E-10
  33.2  4.19835168E-10
  33.4  3.52897705E-10
  33.6  2.96632091E-10
  33.8  2.49337285E-10
  34.  2.09583248E-10
  34.2  1.761678E-10
  34.4  1.48080351E-10
  34.6  1.24471383E-10
  34.8  1.04626797E-10
  35.  8.79463394E-11
  35.2  7.39254581E-11
  35.4  6.21400524E-11
  35.6  5.2233649E-11
  35.8  4.39066205E-11
  36.  3.69071223E-11
  36.2  3.10234737E-11
  36.4  2.60777527E-11
  36.6  2.19204126E-11
  36.8  1.84257563E-11
  37.  1.54881326E-11
  37.2  1.30187386E-11
  37.4  1.09429326E-11
  37.6  9.19797528E-12
  37.8  7.73113129E-12
  38.  6.49807346E-12
  38.2  5.4615419E-12
  38.4  4.59021674E-12
  38.6  3.85777083E-12
  38.8  3.24207354E-12
  39.  2.72452156E-12
  39.2  2.28947645E-12
  39.4  1.92379192E-12
  39.6  1.61641653E-12
  39.8  1.35805972E-12
  40.  1.14091116E-12
  40.2  9.58404793E-13
  40.4  8.05020562E-13
  40.6  6.76117722E-13
  40.8  5.67794736E-13
  41.  4.76771505E-13
  41.2  4.00290375E-13
  41.4  3.36032916E-13
  41.6  2.82049964E-13
  41.8  2.36702819E-13
  42.  1.986138E-13
  42.2  1.66624684E-13
  42.4  1.39761763E-13
  42.6  1.17206466E-13
  42.8  9.82706617E-14
  43.  8.2375889E-14
  43.2  6.90358984E-14
  43.4  5.78419708E-14
  43.6  4.84505732E-14
  43.8  4.05729799E-14
  44.  3.39665443E-14
  44.2  2.84273609E-14
  44.4  2.37840942E-14
  44.6  1.98927898E-14
  44.8  1.66325114E-14
  45.  1.39016717E-14
  45.2  1.16149475E-14
  45.4  9.70068545E-15
  45.6  8.09872103E-15
  45.8  6.75854452E-15
  46.  5.63775893E-15
  46.2  4.70078365E-15
  46.4  3.91776442E-15
  46.6  3.26365711E-15
  46.8  2.71745746E-15
  47.  2.26155367E-15
  47.2  1.88118224E-15
  47.4  1.5639707E-15
  47.6  1.29955332E-15
  47.8  1.07924828E-15
  48.  8.95786383E-16
  48.2  7.43083284E-16
  48.4  6.16048121E-16
  48.6  5.1042286E-16
  48.8  4.22647414E-16
  49.  3.49746426E-16
  49.2  2.89234265E-16
  49.4  2.39035319E-16
  49.6  1.97417136E-16
  49.8  1.62934367E-16
  50.  1.34381765E-16
  50.2  1.10754804E-16
  50.4  9.12166818E-17
  50.6  7.50706877E-17
  50.8  6.17370666E-17
  51.  5.07336591E-17
  51.2  4.16597057E-17
  51.4  3.41823034E-17
  51.6  2.80250863E-17
  51.8  2.29587676E-17
  52.  1.8793243E-17
  52.2  1.53709984E-17
  52.4  1.25616115E-17
  52.6  1.02571661E-17
  52.8  8.36843184E-18
  53.  6.82168143E-18
  53.2  5.55604202E-18
  53.4  4.52129152E-18
  53.6  3.67602662E-18
  53.8  2.98614067E-18
  54.  2.42355995E-18
  54.2  1.96519501E-18
  54.4  1.59207121E-18
  54.6  1.28860831E-18
  54.8  1.04202394E-18
  55.  8.41840064E-19
  55.2  6.79475014E-19
  55.4  5.47906366E-19
  55.6  4.41392731E-19
  55.8  3.55244265E-19
  56.  2.8563354E-19
  56.2  2.29439817E-19
  56.4  1.84120915E-19
  56.6  1.4760789E-19
  56.8  1.18218531E-19
  57.  9.45863716E-20
  57.2  7.56024977E-20
  57.4  6.03678763E-20
  57.6  4.81543466E-20
  57.8  3.83727262E-20
  58.  3.05467603E-20
  58.2  2.42918635E-20
  58.4  1.92977896E-20
  58.6  1.53145167E-20
  58.8  1.21407638E-20
  59.  9.61465578E-21
  59.2  7.60614459E-21
  59.4  6.01086051E-21
  59.6  4.74513022E-21
  59.8  3.74194376E-21
  60.  2.94769318E-21
  60.2  2.31953808E-21
  60.4  1.82327968E-21
  60.6  1.43164725E-21
  60.8  1.12291822E-21
  61.  8.79808341E-22
  61.2  6.88579937E-22
  61.4  5.38326225E-22
  61.6  4.20397542E-22
  61.8  3.27941868E-22
  62.  2.55537283E-22
  62.2  1.98898297E-22
  62.4  1.54641462E-22
  62.6  1.20098521E-22
  62.8  9.31676126E-23
  63.  7.21949245E-23
  63.2  5.58806673E-23
  63.4  4.32044589E-23
  63.6  3.33661815E-23
  63.8  2.57391559E-23
  64.  1.98331127E-23
  64.2  1.52649435E-23
  64.4  1.17356256E-23
  64.6  9.01203812E-24
  64.8  6.91264966E-24
  65.  5.29626708E-24
  65.2  4.05320044E-24
  65.4  3.09833413E-24
  65.6  2.36569907E-24
  65.8  1.80422609E-24
  66.  1.37442732E-24
  66.2  1.04580602E-24
  66.4  7.94837255E-25
  66.6  6.0339572E-25
  66.8  4.57532967E-25
  67.  3.46527701E-25
  67.2  2.62148984E-25
  67.4  1.98085339E-25
  67.6  1.49502932E-25
  67.8  1.12704074E-25
  68.  8.48635842E-26
  68.2  6.38255126E-26
  68.4  4.79465969E-26
  68.6  3.59758583E-26
  68.8  2.69621063E-26
  69.  2.01829728E-26
  69.2  1.50905311E-26
  69.4  1.12696752E-26
  69.6  8.40630586E-27
  69.8  6.26304207E-27
  70.  4.66070134E-27
  70.2  3.46419625E-27
  70.4  2.57180739E-27
  70.6  1.90703479E-27
  70.8  1.41241562E-27
  71.  1.04483962E-27
  71.2  7.72003894E-28
  71.4  5.69733311E-28
  71.6  4.19957682E-28
  71.8  3.09186689E-28
  72.  2.27361506E-28
  72.2  1.66991183E-28
  72.4  1.2250397E-28
  72.6  8.97607323E-29
  72.8  6.56903831E-29
  73.  4.80171058E-29
  73.2  3.50564992E-29
  73.4  2.55634282E-29
  73.6  1.86186098E-29
  73.8  1.35441773E-29
  74.  9.84090098E-30
  74.2  7.14156814E-30
  74.4  5.17640725E-30
  74.6  3.74747778E-30
  74.8  2.70972443E-30
  75.  1.95697948E-30
  75.2  1.41163418E-30
  75.4  1.01702697E-30
  75.6  7.31841201E-31
  75.8  5.25986973E-31
  76.  3.77577875E-31
  76.2  2.70714284E-31
  76.4  1.93860154E-31
  76.6  1.38655897E-31
  76.8  9.9051302E-32
  77.  7.06730318E-32
  77.2  5.03638081E-32
  77.4  3.58471217E-32
  77.6  2.54835814E-32
  77.8  1.8094083E-32
  78.  1.28316373E-32
  78.2  9.08858555E-33
  78.4  6.42951909E-33
  78.6  4.54284303E-33
  78.8  3.20584788E-33
  79.  2.25955365E-33
  79.2  1.59061568E-33
  79.4  1.11832634E-33
  79.6  7.85289502E-34
  79.8  5.50738517E-34
  80.  3.85754483E-34
  80.2  2.69848805E-34
  80.4  1.88523868E-34
  80.6  1.31534143E-34
  80.8  9.16481849E-35
  81.  6.37683563E-35
  81.2  4.43057282E-35
  81.4  3.0736745E-35
  81.6  2.12892075E-35
  81.8  1.4720145E-35
  82.  1.01588713E-35
  82.2  6.9962569E-36
  82.4  4.80669913E-36
  82.6  3.29320596E-36
  82.8  2.24879786E-36
  83.  1.52941281E-36
  83.2  1.03491016E-36
  83.4  6.95773893E-37
  83.6  4.63808609E-37
  83.8  3.05646771E-37
  84.  1.98218429E-37
  84.2  1.25596015E-37
  84.4  7.67992273E-38
  84.6  4.42700802E-38
  84.8  2.28145844E-38
  85.  8.86862655E-39
