Model::init:  starts
   Model::ExponentialKernel::ExponentialKernel:  ... done
   Model::LennardJonesCollision::LennardJonesCollision:  ... done
   WELL: W0
   Model::RRHO::RRHO:  starts
      Model::new_core:  starts
         Model::RigidRotor::RigidRotor:  starts
            molecular geometry will be used to estimate rotational constants
            rotational configuration: nonlinear
            rotational constants[1/cm]:         23.7897       0.601083        0.58627
         Model::RigidRotor::RigidRotor:  done, cpu time[sec] = 0.003396, elapsed time[sec] = 0
      Model::new_core:  done, cpu time[sec] = 0.004181, elapsed time[sec] = 0
      ground state energy, kcal/mol:   0.15
      interpolating states number/density starts
         core state contribution ... done, cpu time[sec] = 0.107171, elapsed time[sec] = 0
         electronic states contribution ... done, cpu time[sec] = 0.002546, elapsed time[sec] = 0
         vibrational modes contribution ... done, cpu time[sec] = 0.015366, elapsed time[sec] = 0
         effective power exponent at 399.849 kcal/mol = 6.36045
      interpolating states number/density done, cpu time[sec] = 1.14049, elapsed time[sec] = 0
   Model::RRHO::RRHO:  done, cpu time[sec] = 1.14807, elapsed time[sec] = 0
   WELL: W1
   Model::RRHO::RRHO:  starts
      Model::new_core:  starts
         Model::RigidRotor::RigidRotor:  starts
            molecular geometry will be used to estimate rotational constants
            rotational configuration: nonlinear
            rotational constants[1/cm]:         2.27757        1.07738         0.7314
         Model::RigidRotor::RigidRotor:  done, cpu time[sec] = 0.001187, elapsed time[sec] = 0
      Model::new_core:  done, cpu time[sec] = 0.001795, elapsed time[sec] = 0
      ground state energy, kcal/mol:   0.19
      interpolating states number/density starts
         core state contribution ... done, cpu time[sec] = 0.099707, elapsed time[sec] = 0
         electronic states contribution ... done, cpu time[sec] = 0.002832, elapsed time[sec] = 0
         vibrational modes contribution ... done, cpu time[sec] = 0.016177, elapsed time[sec] = 0
         effective power exponent at 399.809 kcal/mol = 6.35945
      interpolating states number/density done, cpu time[sec] = 1.03527, elapsed time[sec] = 0
   Model::RRHO::RRHO:  done, cpu time[sec] = 1.05328, elapsed time[sec] = 0
   WELL: W2
   Model::RRHO::RRHO:  starts
      Model::new_core:  starts
         Model::RigidRotor::RigidRotor:  starts
            molecular geometry will be used to estimate rotational constants
            rotational configuration: nonlinear
            rotational constants[1/cm]:         23.7897       0.601083        0.58627
         Model::RigidRotor::RigidRotor:  done, cpu time[sec] = 0.010908, elapsed time[sec] = 0
      Model::new_core:  done, cpu time[sec] = 0.030901, elapsed time[sec] = 0
      ground state energy, kcal/mol:   0.15
      interpolating states number/density starts
         core state contribution ... done, cpu time[sec] = 0.101034, elapsed time[sec] = 0
         electronic states contribution ... done, cpu time[sec] = 0.012459, elapsed time[sec] = 0
         vibrational modes contribution ... done, cpu time[sec] = 0.026147, elapsed time[sec] = 0
         effective power exponent at 399.849 kcal/mol = 6.36045
      interpolating states number/density done, cpu time[sec] = 1.06235, elapsed time[sec] = 0
   Model::RRHO::RRHO:  done, cpu time[sec] = 1.12571, elapsed time[sec] = 0
   WELL: W3
   Model::RRHO::RRHO:  starts
      Model::new_core:  starts
         Model::RigidRotor::RigidRotor:  starts
            molecular geometry will be used to estimate rotational constants
            rotational configuration: nonlinear
            rotational constants[1/cm]:         1.78953        1.33461       0.764474
         Model::RigidRotor::RigidRotor:  done, cpu time[sec] = 0.010848, elapsed time[sec] = 0
      Model::new_core:  done, cpu time[sec] = 0.030875, elapsed time[sec] = 0
      ground state energy, kcal/mol:   0.21
      interpolating states number/density starts
         core state contribution ... done, cpu time[sec] = 0.103736, elapsed time[sec] = 0
         electronic states contribution ... done, cpu time[sec] = 0.012291, elapsed time[sec] = 0
         vibrational modes contribution ... done, cpu time[sec] = 0.025781, elapsed time[sec] = 0
         effective power exponent at 399.789 kcal/mol = 6.35813
      interpolating states number/density done, cpu time[sec] = 1.05451, elapsed time[sec] = 0
   Model::RRHO::RRHO:  done, cpu time[sec] = 1.11883, elapsed time[sec] = 0
   WELL: W4
   Model::RRHO::RRHO:  starts
      Model::new_core:  starts
         Model::RigidRotor::RigidRotor:  starts
            molecular geometry will be used to estimate rotational constants
            rotational configuration: nonlinear
            rotational constants[1/cm]:         9.52595        1.29538        1.14032
         Model::RigidRotor::RigidRotor:  done, cpu time[sec] = 0.009667, elapsed time[sec] = 0
      Model::new_core:  done, cpu time[sec] = 0.028033, elapsed time[sec] = 0
      ground state energy, kcal/mol:   -86.72
      interpolating states number/density starts
         core state contribution ... done, cpu time[sec] = 0.026157, elapsed time[sec] = 0
         vibrational modes contribution ... done, cpu time[sec] = 0.000485, elapsed time[sec] = 0
         effective power exponent at 486.717 kcal/mol = 6.27499
      interpolating states number/density done, cpu time[sec] = 0.057653, elapsed time[sec] = 0
   Model::RRHO::RRHO:  done, cpu time[sec] = 0.10329, elapsed time[sec] = 0
   WELL: W5t
   Model::RRHO::RRHO:  starts
      Model::new_core:  starts
         Model::RigidRotor::RigidRotor:  starts
            molecular geometry will be used to estimate rotational constants
            rotational configuration: nonlinear
            rotational constants[1/cm]:         9.65604        1.21662        1.08048
         Model::RigidRotor::RigidRotor:  done, cpu time[sec] = 1.5e-05, elapsed time[sec] = 0
      Model::new_core:  done, cpu time[sec] = 2.2e-05, elapsed time[sec] = 0
      ground state energy, kcal/mol:   -34.55
      interpolating states number/density starts
         core state contribution ... done, cpu time[sec] = 0.001051, elapsed time[sec] = 0
         vibrational modes contribution ... done, cpu time[sec] = 0.000195, elapsed time[sec] = 0
         effective power exponent at 434.55 kcal/mol = 6.24835
      interpolating states number/density done, cpu time[sec] = 0.012508, elapsed time[sec] = 0
   Model::RRHO::RRHO:  done, cpu time[sec] = 0.012568, elapsed time[sec] = 0
Model::init:  done, cpu time[sec] = 4.60969, elapsed time[sec] = 0
