Wells (G - ground energy, D - dissociation limit, kcal/mol):
      Name        G        D
        W1    -40.5    -36.4
        W2    -85.8    -37.6
        W3    -45.7    -37.6

Bimolecular Products (G - ground energy, kcal/mol):
      Name        G
         R      0.0
        P1    -37.6
        P2     -8.1

Well-to-Bimolecular Barriers (H/G - barrier height/well depth, kcal/mol)
      Name        H     Well        G  Product
        B1      0.0       W1    -40.5        R
        B2      0.0       W2    -85.8        R
        B3     -8.1       W1    -40.5       P2
        B4    -37.6       W3    -45.7       P1
        B5    -34.8       W3    -45.7       P3

Well-to-Well Barriers (H/G - barrier height/well depth, kcal/mol):
      Name        H     Well       G1     Well       G2
        B6    -36.4       W1    -40.5       W2    -85.8
        B7    -37.6       W2    -85.8       W3    -45.7

________________________________________________________________________________________

Unimolecular Rate Units: 1/sec;  Bimolecular Rate Units: cm^3/sec

______________________________________________________________________________________

Species-Species Rate Tables:

Temperature = 200 K

High Pressure Rate Coefficients:

From\To            W1           W2           W3            R           P1           P2           P3
W1                ***  2.72835e+08          ***  3.59334e-32          ***   5.7988e-22          ***
W2        1.01946e-41          ***  7.02667e-39  1.40086e-80          ***          ***          ***
W3                ***       385619          ***          ***   4.6313e+06          ***      21.4864
R         7.22898e-12  7.54229e-11          ***          ***          ***          ***          ***
P1                ***          ***  1.56531e-09          ***          ***          ***          ***
P2        1.50195e-08          ***          ***          ***          ***          ***          ***
P3                ***          ***          ***          ***          ***          ***          ***

Temperature = 200 K    Pressure = 1 atm

From\To            W1           W2           W3            R           P1           P2           P3
W1                ***          ***          ***          ***          ***          ***          ***
W2                ***            0           -0 -1.13986e-89  1.97514e-39 -1.14715e-79  2.20465e-47
W3                ***           -0      452.352  8.11334e-50      325.879  1.01456e-40  4.92126e-07
R                 *** -6.13705e-20  7.95974e-24  8.25884e-11  7.91443e-11  4.71367e-13   2.9727e-12
P1                ***  3.66357e-11  1.10142e-13  2.72658e-52  3.67541e-11  3.91949e-43  7.26463e-15
P2                *** -7.95178e-17  1.28149e-21  6.06871e-20  1.46477e-08  1.49731e-08   3.2539e-10
P3                ***          ***          ***          ***          ***          ***          ***

Temperature = 210 K

High Pressure Rate Coefficients:

From\To            W1           W2           W3            R           P1           P2           P3
W1                ***  4.69407e+08          ***  4.90733e-30          ***  2.99897e-20          ***
W2        3.95475e-39          ***  2.41126e-36  4.35628e-76          ***          ***          ***
W3                ***  1.09351e+06          ***          ***  1.34774e+07          ***      84.6462
R         7.14273e-12  7.52604e-11          ***          ***          ***          ***          ***
P1                ***          ***  1.56146e-09          ***          ***          ***          ***
P2        1.49214e-08          ***          ***          ***          ***          ***          ***
P3                ***          ***          ***          ***          ***          ***          ***

Temperature = 210 K    Pressure = 1 atm

From\To            W1           W2           W3            R           P1           P2           P3
W1                ***          ***          ***          ***          ***          ***          ***
W2                ***            0           -0 -5.05671e-85  6.15795e-37 -1.91905e-75  1.00018e-44
W3                ***           -0       1189.2  5.74674e-47      712.712  2.70021e-38   2.1791e-06
R                 *** -8.73611e-20  2.18923e-23  8.22664e-11  7.88223e-11   4.7225e-13  2.97192e-12
P1                ***  3.23549e-11   8.2573e-14  2.39719e-50  3.24483e-11  1.29438e-41  9.79887e-15
P2                *** -1.13333e-16   3.5163e-21  1.61432e-19  1.45488e-08  1.48733e-08  3.24483e-10
P3                ***          ***          ***          ***          ***          ***          ***

Temperature = 220 K

High Pressure Rate Coefficients:

From\To            W1           W2           W3            R           P1           P2           P3
W1                ***  7.70435e+08          ***  4.30161e-28          ***  1.08582e-18          ***
W2        8.94084e-37          ***  4.88436e-34  5.30547e-72          ***          ***          ***
W3                ***  2.83078e+06          ***          ***  3.57278e+07          ***        295.4
R         7.07133e-12  7.51538e-11          ***          ***          ***          ***          ***
P1                ***          ***  1.55851e-09          ***          ***          ***          ***
P2        1.48254e-08          ***          ***          ***          ***          ***          ***
P3                ***          ***          ***          ***          ***          ***          ***

Temperature = 220 K    Pressure = 1 atm

From\To            W1           W2           W3            R           P1           P2           P3
W1                ***          ***          ***          ***          ***          ***          ***
W2                ***            0           -0 -6.31131e-81  1.15733e-34 -9.82239e-72  2.62077e-42
W3                ***           -0      2371.19  1.69583e-44       1829.5  3.24819e-36  6.57942e-06
R                 ***  -8.9402e-20  4.14486e-23  8.21818e-11  7.87273e-11  4.75152e-13  2.97933e-12
P1                ***   2.9259e-11  7.98064e-14  1.40508e-48  2.93526e-11  3.10501e-40  1.28953e-14
P2                *** -1.15564e-16  6.59399e-21  3.94649e-19  1.44499e-08  1.47735e-08  3.23565e-10
P3                ***          ***          ***          ***          ***          ***          ***

Temperature = 230 K

High Pressure Rate Coefficients:

From\To            W1           W2           W3            R           P1           P2           P3
W1                ***  1.21361e+09          ***  2.56386e-26          ***  2.88273e-17          ***
W2        1.26381e-34          ***  6.25426e-32  2.85907e-68          ***          ***          ***
W3                ***  6.76776e+06          ***          ***  8.73103e+07          ***      927.656
R         7.01273e-12  7.50955e-11          ***          ***          ***          ***          ***
P1                ***          ***  1.55636e-09          ***          ***          ***          ***
P2        1.47314e-08          ***          ***          ***          ***          ***          ***
P3                ***          ***          ***          ***          ***          ***          ***

Temperature = 230 K    Pressure = 1 atm

From\To            W1           W2           W3            R           P1           P2           P3
W1                ***          ***          ***          ***          ***          ***          ***
W2                *** -2.25281e-10  1.28041e-35  7.59451e-71  8.02591e-32  5.24657e-62  2.43622e-38
W3                ***       1385.3       5010.2  3.65593e-42      3805.37  3.10094e-34  2.09185e-05
R                 ***  1.99475e-13  8.87397e-23  8.21113e-11  7.86459e-11  4.77932e-13  2.98746e-12
P1                ***  1.54813e-10   6.7833e-14  5.77563e-47   2.6261e-11  5.64812e-39  1.65485e-14
P2                ***  2.57461e-10  1.40625e-20  8.92922e-19   1.4369e-08   1.4692e-08  3.23007e-10
P3                ***          ***          ***          ***          ***          ***          ***

Temperature = 240 K

High Pressure Rate Coefficients:

From\To            W1           W2           W3            R           P1           P2           P3
W1                ***  1.84404e+09          ***   1.0902e-24          ***  5.83281e-16          ***
W2        1.18435e-32          ***  5.35966e-30  7.54744e-65          ***          ***          ***
W3                ***  1.50884e+07          ***          ***  1.98655e+08          ***      2655.91
R         6.96523e-12  7.50788e-11          ***          ***          ***          ***          ***
P1                ***          ***   1.5549e-09          ***          ***          ***          ***
P2        1.46395e-08          ***          ***          ***          ***          ***          ***
P3                ***          ***          ***          ***          ***          ***          ***

Temperature = 240 K    Pressure = 1 atm

From\To            W1           W2           W3            R           P1           P2           P3
W1                ***          ***          ***          ***          ***          ***          ***
W2                ***  1.14171e-09  5.50543e-34 -1.27244e-67 -1.51305e-30 -4.16313e-59 -1.25958e-36
W3                ***      1549.59      9257.94  4.66402e-40      7506.62  1.86969e-32  5.74627e-05
R                 *** -1.26577e-13  1.64805e-22  8.20144e-11  7.85381e-11  4.81444e-13  2.99485e-12
P1                *** -3.33399e-11  5.87555e-14   1.7397e-45  2.36814e-11  8.04897e-38  2.07669e-14
P2                *** -1.62688e-10  2.59537e-20  1.89132e-18  1.42747e-08  1.45969e-08  3.22165e-10
P3                ***          ***          ***          ***          ***          ***          ***

Temperature = 250 K

High Pressure Rate Coefficients:

From\To            W1           W2           W3            R           P1           P2           P3
W1                ***  2.71423e+09          ***  3.44351e-23          ***  9.29105e-15          ***
W2         7.7295e-31          ***  3.22492e-28  1.06308e-61          ***          ***          ***
W3                ***  3.16261e+07          ***          ***  4.24359e+08          ***      7009.07
R         6.92741e-12  7.50985e-11          ***          ***          ***          ***          ***
P1                ***          ***  1.55406e-09          ***          ***          ***          ***
P2        1.45497e-08          ***          ***          ***          ***          ***          ***
P3                ***          ***          ***          ***          ***          ***          ***

Temperature = 250 K    Pressure = 1 atm

From\To            W1           W2           W3            R           P1           P2           P3
W1                ***          ***          ***          ***          ***          ***          ***
W2                *** -2.38254e-10  6.15946e-32  5.77258e-66  6.20815e-29  9.51217e-58  5.39653e-36
W3                ***      6040.39      18948.8  4.61462e-38      12866.7  9.29273e-31  0.000167112
R                 ***  4.07789e-15   3.3241e-22  8.18773e-11   7.8392e-11  4.84158e-13  3.00116e-12
P1                ***  2.22958e-11  4.71196e-14  3.98536e-44  2.10466e-11  9.25823e-37  2.56714e-14
P2                ***  5.23075e-12  5.21075e-20  3.76882e-18  1.41759e-08  1.44971e-08  3.21225e-10
P3                ***          ***          ***          ***          ***          ***          ***

Temperature = 260 K

High Pressure Rate Coefficients:

From\To            W1           W2           W3            R           P1           P2           P3
W1                ***  3.88391e+09          ***  8.36023e-22          ***  1.19754e-13          ***
W2        3.66258e-29          ***   1.4189e-26  8.58885e-59          ***          ***          ***
W3                ***  6.27553e+07          ***          ***  8.57134e+08          ***      17209.5
R         6.89809e-12  7.51499e-11          ***          ***          ***          ***          ***
P1                ***          ***  1.55378e-09          ***          ***          ***          ***
P2        1.44619e-08          ***          ***          ***          ***          ***          ***
P3                ***          ***          ***          ***          ***          ***          ***

Temperature = 260 K    Pressure = 1 atm

From\To            W1           W2           W3            R           P1           P2           P3
W1                ***          ***          ***          ***          ***          ***          ***
W2                *** -3.71912e-10  9.23939e-31  1.24729e-63  2.42752e-27  1.08361e-55  1.89393e-34
W3                ***      4086.42      28176.2  2.52578e-36      24095.2  2.68004e-29  0.000370426
R                 ***  1.09134e-15  4.99677e-22  8.20291e-11  7.85219e-11  4.89799e-13  3.01738e-12
P1                ***  1.94627e-11  4.36788e-14   7.1951e-43    1.927e-11  8.81858e-36   3.1216e-14
P2                ***  1.38769e-12  7.76001e-20  7.16876e-18  1.40857e-08  1.44062e-08  3.20452e-10
P3                ***          ***          ***          ***          ***          ***          ***

Temperature = 270 K

High Pressure Rate Coefficients:

From\To            W1           W2           W3            R           P1           P2           P3
W1                ***   5.4196e+09          ***  1.60621e-20          ***  1.27854e-12          ***
W2        1.30558e-27          ***  4.72562e-25  4.23322e-56          ***          ***          ***
W3                ***  1.18583e+08          ***          ***  1.64691e+09          ***      39625.7
R         6.87628e-12  7.52291e-11          ***          ***          ***          ***          ***
P1                ***          ***  1.55399e-09          ***          ***          ***          ***
P2        1.43763e-08          ***          ***          ***          ***          ***          ***
P3                ***          ***          ***          ***          ***          ***          ***

Temperature = 270 K    Pressure = 1 atm

From\To            W1           W2           W3            R           P1           P2           P3
W1                ***          ***          ***          ***          ***          ***          ***
W2                ***  1.95522e-09  5.15543e-29 -6.33273e-61  7.19671e-26 -3.06143e-53  5.65333e-33
W3                ***      12936.8      52823.6  1.36656e-34        39881  8.04659e-28  0.000883027
R                 ***  -1.1254e-15  9.67791e-22  8.19642e-11  7.84444e-11  4.93228e-13  3.02659e-12
P1                ***  1.70402e-11  3.76309e-14  1.04517e-41  1.73236e-11   7.1072e-35   3.7413e-14
P2                *** -1.42896e-12  1.49674e-19  1.29547e-17  1.40105e-08  1.43305e-08  3.19982e-10
P3                ***          ***          ***          ***          ***          ***          ***

Temperature = 280 K

High Pressure Rate Coefficients:

From\To            W1           W2           W3            R           P1           P2           P3
W1                ***  7.39407e+09          ***   2.5038e-19          ***   1.1536e-11          ***
W2        3.60923e-26          ***  1.22723e-23   1.3419e-53          ***          ***          ***
W3                ***  2.14467e+08          ***          ***  3.02588e+09          ***      86146.8
R         6.86112e-12  7.53329e-11          ***          ***          ***          ***          ***
P1                ***          ***  1.55464e-09          ***          ***          ***          ***
P2        1.42927e-08          ***          ***          ***          ***          ***          ***
P3                ***          ***          ***          ***          ***          ***          ***

Temperature = 280 K    Pressure = 1 atm

From\To            W1           W2           W3            R           P1           P2           P3
W1                ***          ***          ***          ***          ***          ***          ***
W2                *** -2.13701e-10  1.24163e-27  4.95685e-60  1.73901e-24  1.37661e-52  1.89991e-31
W3                ***      21698.4      85272.7  4.96922e-33      63575.6   1.6834e-26   0.00189649
R                 ***  2.78273e-17  1.59631e-21  8.21802e-11  7.86349e-11   4.9989e-13  3.04542e-12
P1                ***   1.5614e-11   3.2664e-14  1.25766e-40  1.56877e-11  4.92203e-34  4.42165e-14
P2                ***   3.4941e-14    2.445e-19  2.26014e-17  1.39141e-08  1.42332e-08  3.19074e-10
P3                ***          ***          ***          ***          ***          ***          ***

Temperature = 290 K

High Pressure Rate Coefficients:

From\To            W1           W2           W3            R           P1           P2           P3
W1                ***  9.88559e+09          ***  3.23559e-18          ***  8.95009e-11          ***
W2         7.9436e-25          ***  2.54955e-22  2.86328e-51          ***          ***          ***
W3                ***  3.72884e+08          ***          ***  5.34006e+09          ***       177869
R         6.85189e-12  7.54583e-11          ***          ***          ***          ***          ***
P1                ***          ***   1.5557e-09          ***          ***          ***          ***
P2        1.42111e-08          ***          ***          ***          ***          ***          ***
P3                ***          ***          ***          ***          ***          ***          ***

Temperature = 290 K    Pressure = 1 atm

From\To            W1           W2           W3            R           P1           P2           P3
W1                ***          ***          ***          ***          ***          ***          ***
W2                *** -8.41121e-10  1.11873e-26  3.46731e-57   3.3723e-23  5.79231e-50  4.43913e-30
W3                ***      16361.9       118132  1.15523e-31       101771  2.34487e-25   0.00366802
R                 ***  9.13767e-17  2.08163e-21  8.21942e-11  7.86323e-11  5.04152e-13  3.05777e-12
P1                ***  1.43686e-11  2.96486e-14   1.2713e-39  1.44405e-11   2.9851e-33   5.1719e-14
P2                ***  1.14456e-13  3.16806e-19  3.78011e-17  1.38438e-08  1.41625e-08  3.18695e-10
P3                ***          ***          ***          ***          ***          ***          ***

Temperature = 300 K

High Pressure Rate Coefficients:

From\To            W1           W2           W3            R           P1           P2           P3
W1                ***  1.29772e+10          ***  3.53161e-17          ***  6.06102e-10          ***
W2        1.42393e-23          ***  4.33219e-21  4.27814e-49          ***          ***          ***
W3                ***  6.25624e+08          ***          ***  9.08754e+09          ***       350565
R         6.84797e-12  7.56029e-11          ***          ***          ***          ***          ***
P1                ***          ***  1.55711e-09          ***          ***          ***          ***
P2        1.41315e-08          ***          ***          ***          ***          ***          ***
P3                ***          ***          ***          ***          ***          ***          ***

Temperature = 300 K    Pressure = 1 atm

From\To            W1           W2           W3            R           P1           P2           P3
W1                ***          ***          ***          ***          ***          ***          ***
W2                ***  5.25524e-09  1.35215e-25 -2.50975e-55  5.27102e-22 -2.58432e-48  8.53812e-29
W3                ***      19526.8       170685  2.54389e-30       151158  3.18982e-24   0.00734514
R                 *** -4.43521e-17  3.11298e-21  8.24486e-11  7.88586e-11  5.11549e-13  3.07839e-12
P1                ***  1.30429e-11  2.59003e-14  1.10419e-38  1.31335e-11  1.60207e-32  6.01115e-14
P2                *** -5.49138e-14  4.69349e-19  6.15092e-17  1.37574e-08  1.40754e-08  3.17983e-10
P3                ***          ***          ***          ***          ***          ***          ***

Temperature = 310 K

High Pressure Rate Coefficients:

From\To            W1           W2           W3            R           P1           P2           P3
W1                ***  1.67559e+10          ***  3.30917e-16          ***  3.62987e-09          ***
W2        2.12047e-22          ***  6.13835e-20  4.63268e-47          ***          ***          ***
W3                ***  1.01631e+09          ***          ***  1.49634e+10          ***       662474
R         6.84883e-12  7.57645e-11          ***          ***          ***          ***          ***
P1                ***          ***  1.55885e-09          ***          ***          ***          ***
P2        1.40539e-08          ***          ***          ***          ***          ***          ***
P3                ***          ***          ***          ***          ***          ***          ***

Temperature = 310 K    Pressure = 1 atm

From\To            W1           W2           W3            R           P1           P2           P3
W1                ***          ***          ***          ***          ***          ***          ***
W2                ***  3.92595e-10    2.579e-24 -1.03304e-54  6.92051e-21 -6.79488e-48  1.33055e-27
W3                ***      42699.8       267548  5.13046e-29       224849  4.10541e-23    0.0134515
R                 *** -1.68946e-18  5.06776e-21  8.25704e-11  7.89584e-11  5.17141e-13  3.09484e-12
P1                ***  1.19368e-11  2.34243e-14  8.32749e-38  1.20299e-11  7.71183e-32  6.89649e-14
P2                *** -2.07885e-15  7.58622e-19  9.67425e-17  1.36789e-08  1.39963e-08  3.17429e-10
P3                ***          ***          ***          ***          ***          ***          ***

Temperature = 320 K

High Pressure Rate Coefficients:

From\To            W1           W2           W3            R           P1           P2           P3
W1                ***  2.13116e+10          ***  2.70006e-15          ***  1.94462e-08          ***
W2        2.66919e-21          ***  7.37643e-19   3.7469e-45          ***          ***          ***
W3                ***  1.60316e+09          ***          ***  2.39108e+10          ***  1.20499e+06
R         6.85398e-12  7.59413e-11          ***          ***          ***          ***          ***
P1                ***          ***  1.56089e-09          ***          ***          ***          ***
P2        1.39782e-08          ***          ***          ***          ***          ***          ***
P3                ***          ***          ***          ***          ***          ***          ***

Temperature = 320 K    Pressure = 1 atm

From\To            W1           W2           W3            R           P1           P2           P3
W1                ***          ***          ***          ***          ***          ***          ***
W2                ***  3.04989e-10  1.56327e-23 -2.33952e-53  7.66091e-20 -1.00545e-46  1.78507e-26
W3                ***      33975.5       345557  6.61594e-28       311581  3.46512e-22     0.024855
R                 *** -4.74168e-19  6.16975e-21  8.27966e-11   7.9157e-11  5.24556e-13  3.11505e-12
P1                ***   1.0869e-11    2.034e-14  5.54105e-37  1.09686e-11  3.36159e-31  7.86938e-14
P2                *** -5.77053e-16  9.15047e-19  1.48539e-16  1.35985e-08  1.39153e-08  3.16839e-10
P3                ***          ***          ***          ***          ***          ***          ***

Temperature = 330 K

High Pressure Rate Coefficients:

From\To            W1           W2           W3            R           P1           P2           P3
W1                ***  2.67364e+10          ***  1.94254e-14          ***  9.41341e-08          ***
W2        2.88369e-20          ***  7.63052e-18  2.32416e-43          ***          ***          ***
W3                ***  2.46199e+09          ***          ***  3.71776e+10          ***   2.1169e+06
R         6.86304e-12  7.61317e-11          ***          ***          ***          ***          ***
P1                ***          ***   1.5632e-09          ***          ***          ***          ***
P2        1.39045e-08          ***          ***          ***          ***          ***          ***
P3                ***          ***          ***          ***          ***          ***          ***

Temperature = 330 K    Pressure = 1 atm

From\To            W1           W2           W3            R           P1           P2           P3
W1                ***          ***          ***          ***          ***          ***          ***
W2                ***  2.03568e-09  3.50588e-22 -4.51112e-51  7.31592e-19 -1.30607e-44   2.0093e-25
W3                ***       113118       547813  9.90138e-27       434696  3.49132e-21     0.042817
R                 *** -1.47769e-18  1.00522e-20   8.2942e-11  7.92785e-11  5.30665e-13   3.1328e-12
P1                ***  9.92508e-12  1.82775e-14  3.28338e-36  1.00329e-11  1.34072e-30  8.89812e-14
P2                *** -1.78866e-15   1.4819e-18  2.21862e-16  1.35343e-08  1.38509e-08  3.16576e-10
P3                ***          ***          ***          ***          ***          ***          ***

Temperature = 340 K

High Pressure Rate Coefficients:

From\To            W1           W2           W3            R           P1           P2           P3
W1                ***  3.31235e+10          ***  1.24597e-13          ***  4.15422e-07          ***
W2        2.71008e-19          ***  6.88462e-17  1.13178e-41          ***          ***          ***
W3                ***   3.6893e+09          ***          ***  5.63771e+10          ***  3.60265e+06
R         6.87563e-12  7.63342e-11          ***          ***          ***          ***          ***
P1                ***          ***  1.56574e-09          ***          ***          ***          ***
P2        1.38326e-08          ***          ***          ***          ***          ***          ***
P3                ***          ***          ***          ***          ***          ***          ***

Temperature = 340 K    Pressure = 1 atm

From\To            W1           W2           W3            R           P1           P2           P3
W1                ***          ***          ***          ***          ***          ***          ***
W2                ***  1.20258e-09  4.31642e-21 -3.80338e-50  6.04099e-18 -7.44524e-44   1.9878e-24
W3                ***       231306       773365  1.12313e-25       542059  2.72073e-20    0.0762987
R                 *** -2.56524e-19   1.4136e-20  8.31902e-11  7.94973e-11  5.38762e-13  3.15421e-12
P1                ***  8.99062e-12  1.50544e-14  1.75418e-35  9.10629e-12  4.92068e-30  1.00092e-13
P2                *** -3.03004e-16  2.06629e-18  3.25093e-16  1.34559e-08  1.37719e-08  3.16026e-10
P3                ***          ***          ***          ***          ***          ***          ***

Temperature = 350 K

High Pressure Rate Coefficients:

From\To            W1           W2           W3            R           P1           P2           P3
W1                ***  4.05668e+10          ***  7.19505e-13          ***  1.68454e-06          ***
W2         2.2421e-18          ***  5.48125e-16  4.41712e-40          ***          ***          ***
W3                ***   5.4054e+09          ***          ***  8.35519e+10          ***  5.95543e+06
R         6.89144e-12  7.65476e-11          ***          ***          ***          ***          ***
P1                ***          ***  1.56851e-09          ***          ***          ***          ***
P2        1.37626e-08          ***          ***          ***          ***          ***          ***
P3                ***          ***          ***          ***          ***          ***          ***

Temperature = 350 K    Pressure = 1 atm

From\To            W1           W2           W3            R           P1           P2           P3
W1                ***          ***          ***          ***          ***          ***          ***
W2                ***  3.16562e-11  3.60977e-20 -8.61859e-49  4.45777e-17 -1.15559e-42  1.69981e-23
W3                ***       355982  1.03352e+06  1.10141e-24       677533  1.87276e-19     0.127821
R                 *** -1.49358e-19   1.9355e-20  8.34256e-11  7.97041e-11  5.45794e-13  3.17563e-12
P1                ***  8.25272e-12  1.27193e-14  8.51466e-35  8.37777e-12  1.67695e-29  1.11842e-13
P2                *** -1.70821e-16  2.80717e-18  4.65556e-16  1.33899e-08  1.37056e-08  3.15727e-10
P3                ***          ***          ***          ***          ***          ***          ***

Temperature = 360 K

High Pressure Rate Coefficients:

From\To            W1           W2           W3            R           P1           P2           P3
W1                ***  4.91597e+10          ***  3.77337e-12          ***  6.32069e-06          ***
W2        1.65032e-17          ***   3.8909e-15  1.40732e-38          ***          ***          ***
W3                ***  7.75749e+09          ***          ***  1.21239e+11          ***  9.58527e+06
R         6.91019e-12  7.67708e-11          ***          ***          ***          ***          ***
P1                ***          ***  1.57148e-09          ***          ***          ***          ***
P2        1.36943e-08          ***          ***          ***          ***          ***          ***
P3                ***          ***          ***          ***          ***          ***          ***

Temperature = 360 K    Pressure = 1 atm

From\To            W1           W2           W3            R           P1           P2           P3
W1                ***          ***          ***          ***          ***          ***          ***
W2                *** -4.53308e-09  7.17296e-20    1.026e-47  3.02414e-16  1.06197e-41  1.28981e-22
W3                ***       143011  1.19129e+06  7.88277e-24  1.04828e+06  9.56111e-19     0.183999
R                 ***  5.59693e-20   2.1568e-20  8.36699e-11  7.99183e-11  5.54198e-13  3.19739e-12
P1                ***  7.81521e-12  1.35876e-14  3.78601e-34  7.95356e-12  5.32834e-29  1.24347e-13
P2                ***  6.85376e-17  3.09496e-18  6.55663e-16  1.33068e-08  1.36219e-08  3.15078e-10
P3                ***          ***          ***          ***          ***          ***          ***

Temperature = 370 K

High Pressure Rate Coefficients:

From\To            W1           W2           W3            R           P1           P2           P3
W1                ***  5.89945e+10          ***   1.8112e-11          ***  2.20829e-05          ***
W2          1.091e-16          ***  2.48544e-14  3.72091e-37          ***          ***          ***
W3                ***  1.09226e+10          ***          ***  1.72533e+11          ***  1.50528e+07
R         6.93163e-12  7.70027e-11          ***          ***          ***          ***          ***
P1                ***          ***  1.57462e-09          ***          ***          ***          ***
P2        1.36279e-08          ***          ***          ***          ***          ***          ***
P3                ***          ***          ***          ***          ***          ***          ***

Temperature = 370 K    Pressure = 1 atm

From\To            W1           W2           W3            R           P1           P2           P3
W1                ***          ***          ***          ***          ***          ***          ***
W2                ***  6.22757e-11  2.43245e-19 -6.16571e-47  1.77979e-15 -3.85205e-41  8.63534e-22
W3                ***       106897  1.41167e+06  5.61972e-23  1.30477e+06  4.96435e-18     0.289954
R                 *** -1.27597e-20  2.64635e-20  8.39051e-11   8.0124e-11  5.61851e-13  3.21923e-12
P1                ***  7.13831e-12   1.1908e-14  1.55286e-33  7.28781e-12  1.59238e-28   1.3713e-13
P2                *** -1.28544e-17  3.76963e-18  9.05993e-16  1.32489e-08  1.35638e-08  3.14947e-10
P3                ***          ***          ***          ***          ***          ***          ***

Temperature = 380 K

High Pressure Rate Coefficients:

From\To            W1           W2           W3            R           P1           P2           P3
W1                ***  7.01618e+10          ***  8.01239e-11          ***   7.2241e-05          ***
W2         6.5328e-16          ***  1.44056e-13  8.28487e-36          ***          ***          ***
W3                ***  1.51102e+10          ***          ***  2.41153e+11          ***  2.31089e+07
R         6.95555e-12  7.72424e-11          ***          ***          ***          ***          ***
P1                ***          ***  1.57793e-09          ***          ***          ***          ***
P2        1.35632e-08          ***          ***          ***          ***          ***          ***
P3                ***          ***          ***          ***          ***          ***          ***

Temperature = 380 K    Pressure = 1 atm

From\To            W1           W2           W3            R           P1           P2           P3
W1                ***          ***          ***          ***          ***          ***          ***
W2                *** -3.31883e-09   1.1693e-18 -7.99137e-47  9.59139e-15   7.4303e-41  5.42612e-21
W3                ***       122650  1.76455e+06  3.76399e-22   1.6419e+06  2.45641e-17     0.451441
R                 *** -7.45061e-22  3.34562e-20  8.42032e-11  8.03888e-11  5.70858e-13   3.2435e-12
P1                ***  6.58291e-12  1.07434e-14  5.91781e-33  6.74535e-12  4.48537e-28  1.51276e-13
P2                ***  1.49825e-18  4.72213e-18  1.23463e-15  1.31777e-08  1.34923e-08   3.1455e-10
P3                ***          ***          ***          ***          ***          ***          ***

Temperature = 390 K

High Pressure Rate Coefficients:

From\To            W1           W2           W3            R           P1           P2           P3
W1                ***  8.27498e+10          ***  3.28721e-10          ***  0.000222399          ***
W2        3.57017e-15          ***  7.63235e-13  1.57409e-34          ***          ***          ***
W3                ***  2.05648e+10          ***          ***  3.31498e+11          ***  3.47402e+07
R         6.98173e-12  7.74893e-11          ***          ***          ***          ***          ***
P1                ***          ***  1.58139e-09          ***          ***          ***          ***
P2        1.35002e-08          ***          ***          ***          ***          ***          ***
P3                ***          ***          ***          ***          ***          ***          ***

Temperature = 390 K    Pressure = 1 atm

From\To            W1           W2           W3            R           P1           P2           P3
W1                ***          ***          ***          ***          ***          ***          ***
W2                ***  1.34247e-08  2.23367e-17 -4.99239e-44  4.70408e-14 -1.21822e-38  2.99306e-20
W3                ***       601845  2.61354e+06  2.61137e-21  2.01169e+06  1.28022e-16     0.651473
R                 *** -2.45766e-20  4.77107e-20  8.43926e-11  8.05498e-11  5.78408e-13  3.26438e-12
P1                ***  6.04643e-12  9.59664e-15  2.10317e-32  6.22193e-12  1.19764e-27  1.65534e-13
P2                *** -1.71399e-17    6.685e-18  1.65312e-15  1.31095e-08  1.34238e-08  3.14219e-10
P3                ***          ***          ***          ***          ***          ***          ***

Temperature = 400 K

High Pressure Rate Coefficients:

From\To            W1           W2           W3            R           P1           P2           P3
W1                ***   9.6844e+10          ***  1.25777e-09          ***  0.000647243          ***
W2        1.79292e-14          ***  3.72127e-12  2.58245e-33          ***          ***          ***
W3                ***  2.75674e+10          ***          ***  4.48698e+11          ***  5.12205e+07
R         7.01001e-12  7.77427e-11          ***          ***          ***          ***          ***
P1                ***          ***  1.58497e-09          ***          ***          ***          ***
P2        1.34388e-08          ***          ***          ***          ***          ***          ***
P3                ***          ***          ***          ***          ***          ***          ***

Temperature = 400 K    Pressure = 1 atm

From\To            W1           W2           W3            R           P1           P2           P3
W1                ***          ***          ***          ***          ***          ***          ***
W2                *** -6.95624e-09  2.04304e-17  4.89956e-44  2.14473e-13  3.97126e-38  1.52791e-19
W3                ***       151350  2.63393e+06   1.1957e-20  2.48258e+06   4.4572e-16     0.976711
R                 ***  1.47498e-21  4.85899e-20  8.47367e-11  8.08576e-11  5.88491e-13  3.29061e-12
P1                ***  5.61235e-12  8.76942e-15  7.02855e-32  5.80217e-12  3.04609e-27   1.8067e-13
P2                ***  4.45383e-18   6.7478e-18  2.19239e-15   1.3055e-08  1.33692e-08  3.14166e-10
P3                ***          ***          ***          ***          ***          ***          ***

Temperature = 410 K

High Pressure Rate Coefficients:

From\To            W1           W2           W3            R           P1           P2           P3
W1                ***  1.12527e+11          ***  4.51117e-09          ***   0.00178798          ***
W2        8.32523e-14          ***  1.67978e-11  3.69784e-32          ***          ***          ***
W3                ***  3.64375e+10          ***          ***  5.98671e+11          ***  7.41682e+07
R         7.04022e-12  7.80018e-11          ***          ***          ***          ***          ***
P1                ***          ***  1.58868e-09          ***          ***          ***          ***
P2        1.33791e-08          ***          ***          ***          ***          ***          ***
P3                ***          ***          ***          ***          ***          ***          ***

Temperature = 410 K    Pressure = 1 atm

From\To            W1           W2           W3            R           P1           P2           P3
W1                ***          ***          ***          ***          ***          ***          ***
W2                ***  9.21513e-10   1.0542e-16 -2.41491e-42  9.16624e-13 -1.42825e-37  7.21688e-19
W3                ***       228676  3.34249e+06  6.52621e-20  3.11381e+06   1.8745e-15      1.36701
R                 *** -5.09397e-21  6.34629e-20  8.50476e-11  8.11341e-11  5.97227e-13  3.31621e-12
P1                ***  5.27639e-12  8.26306e-15  2.21408e-31  5.48156e-12  7.39679e-27  1.96533e-13
P2                *** -1.44453e-18  8.74001e-18  2.86357e-15  1.29963e-08  1.33104e-08  3.14033e-10
P3                ***          ***          ***          ***          ***          ***          ***

Temperature = 420 K

High Pressure Rate Coefficients:

From\To            W1           W2           W3            R           P1           P2           P3
W1                ***  1.29876e+11          ***  1.52364e-08          ***   0.00470573          ***
W2        3.59432e-13          ***  7.05852e-11  4.66646e-31          ***          ***          ***
W3                ***  4.75339e+10          ***          ***  7.88149e+11          ***  1.05609e+08
R         7.07222e-12  7.82661e-11          ***          ***          ***          ***          ***
P1                ***          ***  1.59249e-09          ***          ***          ***          ***
P2         1.3321e-08          ***          ***          ***          ***          ***          ***
P3                ***          ***          ***          ***          ***          ***          ***

Temperature = 420 K    Pressure = 1 atm

From\To            W1           W2           W3            R           P1           P2           P3
W1                ***          ***          ***          ***          ***          ***          ***
W2                ***  4.67738e-09  4.62743e-16 -4.18372e-41  3.62514e-12 -1.93984e-36  3.20434e-18
W3                ***       311623  4.11402e+06  3.16278e-19   3.8024e+06  7.08287e-15      1.92955
R                 *** -7.01695e-21  7.87707e-20   8.5325e-11  8.13771e-11  6.07121e-13  3.34073e-12
P1                ***  4.93269e-12  7.68294e-15  6.60201e-31  5.15399e-12  1.72041e-26  2.13262e-13
P2                *** -1.98422e-18  1.07582e-17  3.70265e-15  1.29328e-08  1.32467e-08  3.13803e-10
P3                ***          ***          ***          ***          ***          ***          ***

Temperature = 430 K

High Pressure Rate Coefficients:

From\To            W1           W2           W3            R           P1           P2           P3
W1                ***  1.48967e+11          ***  4.86619e-08          ***    0.0118391          ***
W2        1.45019e-12          ***  2.77481e-10  5.23564e-30          ***          ***          ***
W3                ***  6.12553e+10          ***          ***  1.02472e+12          ***  1.48045e+08
R         7.10588e-12  7.85352e-11          ***          ***          ***          ***          ***
P1                ***          ***   1.5964e-09          ***          ***          ***          ***
P2        1.32645e-08          ***          ***          ***          ***       