Model::init:  starts
   Model::ExponentialKernel::ExponentialKernel:  ... done
   Model::LennardJonesCollision::LennardJonesCollision:  ... done
   WELL: W1
   Model::RRHO::RRHO:  starts
      Model::new_core:  starts
         Model::RigidRotor::RigidRotor:  starts
            molecular geometry will be used to estimate rotational constants
            rotational configuration: nonlinear
            rotational constants[1/cm]:         5.23252       0.167623       0.167596
         Model::RigidRotor::RigidRotor:  done, cpu time[sec] = 0.068003, elapsed time[sec] = 0
      Model::new_core:  done, cpu time[sec] = 0.06891, elapsed time[sec] = 0
      ground state energy, kcal/mol:   -0.4
      interpolating states number/density starts
         core state contribution ... done, cpu time[sec] = 0.102393, elapsed time[sec] = 0
         electronic states contribution ... done, cpu time[sec] = 0.002645, elapsed time[sec] = 0
         vibrational modes contribution ... done, cpu time[sec] = 0.042796, elapsed time[sec] = 0
         effective power exponent at 400.398 kcal/mol = 14.2728
      interpolating states number/density done, cpu time[sec] = 1.12366, elapsed time[sec] = 0
   Model::RRHO::RRHO:  done, cpu time[sec] = 1.20443, elapsed time[sec] = 0
   BIMOLECULAR: P1
   Model::Bimolecular::Bimolecular:  starts
      Model::RRHO::RRHO:  starts
         Model::new_core:  starts
            Model::RigidRotor::RigidRotor:  starts
               molecular geometry will be used to estimate rotational constants
               rotational configuration: nonlinear
               rotational constants[1/cm]:         5.29967        5.29967        5.29967
            Model::RigidRotor::RigidRotor:  done, cpu time[sec] = 0.001721, elapsed time[sec] = 0
         Model::new_core:  done, cpu time[sec] = 0.003602, elapsed time[sec] = 0
         ground state energy, kcal/mol:   0
      Model::RRHO::RRHO:  done, cpu time[sec] = 0.006996, elapsed time[sec] = 0
      Model::RRHO::RRHO:  starts
         Model::new_core:  starts
            Model::RigidRotor::RigidRotor:  starts
               molecular geometry will be used to estimate rotational constants
               rotational configuration: linear
               rotational constant[1/cm]:         18.8538
            Model::RigidRotor::RigidRotor:  done, cpu time[sec] = 0.001476, elapsed time[sec] = 0
         Model::new_core:  done, cpu time[sec] = 0.003258, elapsed time[sec] = 0
         ground state energy, kcal/mol:   0
      Model::RRHO::RRHO:  done, cpu time[sec] = 0.00623, elapsed time[sec] = 0
   Model::Bimolecular::Bimolecular:  done, cpu time[sec] = 0.019833, elapsed time[sec] = 0
   BIMOLECULAR: P2
   Model::Bimolecular::Bimolecular:  starts
      Model::RRHO::RRHO:  starts
         Model::new_core:  starts
            Model::RigidRotor::RigidRotor:  starts
               molecular geometry will be used to estimate rotational constants
               rotational configuration: nonlinear
               rotational constants[1/cm]:         9.60062        9.60062        4.80031
            Model::RigidRotor::RigidRotor:  done, cpu time[sec] = 0.001504, elapsed time[sec] = 0
         Model::new_core:  done, cpu time[sec] = 0.003321, elapsed time[sec] = 0
         ground state energy, kcal/mol:   0
      Model::RRHO::RRHO:  done, cpu time[sec] = 0.006512, elapsed time[sec] = 0
      Model::RRHO::RRHO:  starts
         Model::new_core:  starts
            Model::RigidRotor::RigidRotor:  starts
               molecular geometry will be used to estimate rotational constants
               rotational configuration: nonlinear
               rotational constants[1/cm]:         26.7406        14.7145        9.49158
            Model::RigidRotor::RigidRotor:  done, cpu time[sec] = 0.001551, elapsed time[sec] = 0
         Model::new_core:  done, cpu time[sec] = 0.003346, elapsed time[sec] = 0
         ground state energy, kcal/mol:   0
      Model::RRHO::RRHO:  done, cpu time[sec] = 0.00621, elapsed time[sec] = 0
   Model::Bimolecular::Bimolecular:  done, cpu time[sec] = 0.018778, elapsed time[sec] = 0
   BARRIER: B1
   Model::RRHO::RRHO:  starts
      Model::new_core:  starts
         Model::PhaseSpaceTheory::PhaseSpaceTheory:  starts
            molecular geometry will be used to estimate rotational constants
            rotational configuration: nonlinear
            rotational constants[1/cm]:         5.29967        5.29967        5.29967
            molecular geometry will be used to estimate rotational constants
            rotational configuration: linear
            rotational constant[1/cm]:         18.8538
            TST level: E
         Model::PhaseSpaceTheory::PhaseSpaceTheory:  done, cpu time[sec] = 0.004802, elapsed time[sec] = 0
      Model::new_core:  done, cpu time[sec] = 0.00799, elapsed time[sec] = 0
      ground state energy, kcal/mol:   0
      interpolating states number/density starts
         core state contribution ... done, cpu time[sec] = 0.237326, elapsed time[sec] = 0
         electronic states contribution ... done, cpu time[sec] = 0.003369, elapsed time[sec] = 0
         vibrational modes contribution ... done, cpu time[sec] = 0.029571, elapsed time[sec] = 0
         effective power exponent at 399.998 kcal/mol = 12.1362
      interpolating states number/density done, cpu time[sec] = 1.24893, elapsed time[sec] = 0
   Model::RRHO::RRHO:  done, cpu time[sec] = 1.26255, elapsed time[sec] = 0
   BARRIER: B2
   Model::RRHO::RRHO:  starts
      Model::new_core:  starts
         Model::RigidRotor::RigidRotor:  starts
            molecular geometry will be used to estimate rotational constants
            rotational configuration: nonlinear
            rotational constants[1/cm]:         4.02703       0.307171       0.302306
         Model::RigidRotor::RigidRotor:  done, cpu time[sec] = 0.001714, elapsed time[sec] = 0
      Model::new_core:  done, cpu time[sec] = 0.00354, elapsed time[sec] = 0
      Model::EckartTunnel::EckartTunnel:  ... done
      ground state energy, kcal/mol:   5
      interpolating states number/density starts
         core state contribution ... done, cpu time[sec] = 0.108477, elapsed time[sec] = 0
         electronic states contribution ... done, cpu time[sec] = 0.00384, elapsed time[sec] = 0
         vibrational modes contribution ... done, cpu time[sec] = 0.042677, elapsed time[sec] = 0
         tunneling contribution ... done, cpu time[sec] = 2.11688, elapsed time[sec] = 0
         effective power exponent at 399.998 kcal/mol = 14.5216
      interpolating states number/density done, cpu time[sec] = 2.31046, elapsed time[sec] = 0
   Model::RRHO::RRHO:  done, cpu time[sec] = 2.3199, elapsed time[sec] = 0
   checking input ... done
   setting connectivity ... done
   checking connectivity ... done
   setting dissociation limit ... done
   setting maximum barrier height ... done
   partition functions (relative to the ground level, units - 1/cm3):
     T\Q           W1          CH4           OH          CH3          H2O           B1           B2
     100   6.5509e+31  8.46222e+25  1.10105e+26  1.78231e+26  1.20703e+26  1.06657e+30  2.12632e+36
     200  4.14877e+33  6.77122e+26  7.50254e+26  1.46316e+27  9.65633e+26  2.70949e+31  8.55961e+32
     300  6.35055e+34  2.29813e+27  2.28812e+27  5.28432e+27  3.26009e+27  1.80751e+32  4.55695e+32
     400  4.95859e+35   5.5862e+27  4.98737e+27  1.37597e+28  7.74423e+27  7.09667e+32  8.62468e+32
     500  2.64301e+36  1.15236e+28  9.06053e+27  3.00118e+28  1.52136e+28  2.12349e+33  2.12996e+33
     600  1.10589e+37  2.16818e+28  1.46916e+28  5.85627e+28  2.65632e+28  5.41468e+33  5.50738e+33
     700  3.91583e+37  3.85069e+28  2.20488e+28  1.05824e+29  4.28181e+28  1.24376e+34  1.40241e+34
     800  1.22654e+38  6.57184e+28   3.1293e+28  1.80722e+29  6.51578e+28  2.65374e+34  3.45393e+34
     900  3.49556e+38  1.08878e+29  4.25855e+28    2.955e+29  9.49416e+28  5.35724e+34   8.1904e+34
    1000  9.23782e+38  1.76181e+29  5.60918e+28  4.66718e+29  1.33736e+29  1.03544e+35  1.87049e+35
    1100  2.29426e+39  2.79549e+29  7.19847e+28  7.16485e+29  1.83344e+29  1.93141e+35  4.12192e+35
    1200  5.40719e+39  4.36101e+29  9.04453e+28  1.07396e+30  2.45831e+29   3.4965e+35  8.78577e+35
    1300  1.21827e+40  6.70126e+29  1.11663e+29  1.57715e+30  3.23556e+29  6.16851e+35  1.81576e+36
    1400  2.63891e+40   1.0157e+30  1.35836e+29   2.2751e+30  4.19194e+29  1.06378e+36  3.64702e+36
    1500  5.52029e+40  1.52014e+30  1.63169e+29   3.2304e+30   5.3577e+29  1.79756e+36  7.13392e+36
    1600  1.11926e+41   2.2484e+30  1.93875e+29  4.52229e+30  6.76686e+29  2.98194e+36   1.3616e+37
    1700  2.20614e+41  3.28892e+30  2.28175e+29  6.25013e+30   8.4575e+29  4.86376e+36  2.54024e+37
    1800  4.23791e+41  4.76089e+30  2.66294e+29  8.53762e+30  1.04721e+30  7.81026e+36  4.63902e+37
    1900   7.9508e+41  6.82359e+30  3.08463e+29  1.15375e+31  1.28577e+30  1.23611e+37  8.30487e+37
    2000  1.45951e+42  9.68815e+30  3.54921e+29  1.54372e+31  1.56665e+30     1.93e+37  1.45932e+38
   partition functions (relative to 0 kcal/mol, units - 1/cm3):
     T\Q           W1           B1           B2
     100  4.90329e+32  1.06657e+30  2.51355e+25
     200  1.13505e+34  2.70949e+31  2.94296e+27
     300  1.24224e+35  1.80751e+32  1.03807e+29
     400  8.20172e+35  7.09667e+32  1.59922e+30
     500  3.95308e+36  2.12349e+33  1.38965e+31
     600  1.54671e+37  5.41468e+33  8.31231e+31
     700  5.22045e+37  1.24376e+34  3.85324e+32
     800  1.57745e+38  2.65374e+34  1.48729e+33
     900  4.37168e+38  5.35724e+34  5.00214e+33
    1000  1.12977e+39  1.03544e+35  1.51085e+34
    1100  2.75495e+39  1.93141e+35  4.18509e+34
    1200  6.39471e+39   3.4965e+35  1.07937e+35
    1300  1.42229e+40  6.16851e+35  2.62116e+35
    1400  3.04696e+40  1.06378e+36  6.04524e+35
    1500  6.31308e+40  1.79756e+36  1.33303e+36
    1600  1.26931e+41  2.98194e+36  2.82548e+36
    1700  2.48345e+41  4.86376e+36  5.78217e+36
    1800  4.73933e+41  7.81026e+36  1.14644e+37
    1900  8.83936e+41  1.23611e+37  2.20907e+37
    2000  1.61405e+42     1.93e+37  4.14748e+37
   tunneling partition function correction factors & high pressure effective energy shifts (D), kcal/mol:
     T\B           B1            D           B2            D
     100            1           -0  3.54749e+06     -2.99703
     200            1           -0      83.7696     -1.75989
     300            1           -0       6.7226     -1.13596
     400            1           -0      2.82559    -0.825653
     500            1           -0      1.91532    -0.645724
     600            1           -0      1.55852    -0.529075
     700            1           -0      1.37892    -0.446938
     800            1           -0      1.27465    -0.385784
     900            1           -0      1.20828     -0.33838
    1000            1           -0      1.16325    -0.300501
    1100            1           -0      1.13122    -0.269507
    1200            1           -0      1.10758    -0.243653
    1300            1           -0      1.08963    -0.221742
    1400            1           -0      1.07568    -0.202951
    1500            1           -0      1.06461    -0.186632
    1600            1           -0      1.05568    -0.172285
    1700            1           -0      1.04843    -0.159761
    1800            1           -0      1.04237    -0.148441
    1900            1           -0      1.03731    -0.138306
    2000            1           -0      1.03306    -0.129274
Model::init:  done, cpu time[sec] = 4.86048, elapsed time[sec] = 0
rate calculation starts
   MasterEquation::set:  starts
      Temperature      = 10 K
      Energy reference = 1957 1/cm
      Energy step      = 1 1/cm
      setting wells, barriers, and bimolecular starts
         W1 Well: average energy = -0.3 kcal/mol
         W1 Well: density of states done, elapsed time[sec] = 0.000128
         W1 Well: collisional kernel bandwidth = 100
         W1 Well: collisional energy transfer kernel done, elapsed time[sec] = 0.049701
         W1 Well: relaxation modes basis done, elapsed time[sec] = 0.0615
         W1 Well: kernel in relaxation modes basis done, elapsed time[sec] = 13.3317
         W1 Well: relaxation eigenvalues done, elapsed time[sec] = 94.9718
         W1 Well: minimal relaxation eigenvalue = 0.0928854
         W1 Well: maximal relaxation eigenvalue = 1.15931
         W1 Well:       grid size = 2027
         W1 Well:      real depth = -139 1/cm
         W1 Well: effective depth = -69 1/cm
         B1 Barrier:        grid size = 1957
         B1 Barrier:      real height = 0 1/cm
         B1 Barrier: effective height = 0 1/cm
         B2 Barrier:        grid size = 1957
         B2 Barrier:      real height = 0 1/cm
         B2 Barrier: effective height = 0 1/cm
      setting wells, barriers, and bimolecular done, cpu time[sec] = 108.489, elapsed time[sec] = 2
      Bound Species (D1/D2 - density of states at dissociation energy (DE)/reference energy):
       Name  Depth     DE      *D1      *D2
              1/cm   1/cm       cm       cm
         W1    -69      0 3.27e+04  1.1e+09
      Well-to-Bimolecular Barriers (N - number of states at the reference energy):
       Name Height       *N
              1/cm         
         B1      0  1.7e+08
         B2      0 7.91e+05
      Effective equilibrium constants(bimolecular units - cm^3):
        Q/Q        W1        P1        P2
         W1         1  1.45e-08         0
         P1  6.92e+07         1         0
         P2       inf       inf      -nan
      Real equilibrium constants(bimolecular units - cm^3):
        Q/Q        W1        P1        P2
         W1         1  1.43e-10         0
         P1  7.01e+09         1         0
         P2       inf       inf      -nan
   MasterEquation::set:  done, cpu time[sec] = 108.492, elapsed time[sec] = 2
   MasterEquation::direct_diagonalization_method:  starts
      Pressure = 0.01 bar	 Temperature = 10 K
            Well    Collision, 1/sec
              W1         1.76776e+09
      global relaxation matrix dimension = 2027
      setting global matrices ... done, cpu time[sec] = 0.714618, elapsed time[sec] = 0
      diagonalizing global relaxation matrix ... done, cpu time[sec] = 102.823, elapsed time[sec] = 7
      microscopic rate coefficients (at reference energy) over collision frequency:
             W1->P1       W1->P2
            2.63096    0.0122185
      eigenvector populations normalized:
          L        *R        *P        W1
          0  9.09e-06  2.38e-06         1
      *R - eigenvalue over the relaxation limit
      *P - eigenvector projection squared on the relaxation subspace (= 1 -F_ne)
      eigenvector projections:
          L        *Q        *P        W1
          0  9.94e-07  2.38e-06        -1
         *Z       ---       ---  2.53e+68
      *Q - eigenvalue over the collision frequency in first well
      *P - eigenvector projection squared on the relaxation subspace (= 1 - F_ne)
      *Z - well partition function square root
      isomers-to-bimolecular equilibrium coefficients (kappa matrix):
        W\P       P1       P2
         W1        0        0
      projection error = 2.37535e-06
      Wa->Wb/Wb->Wa rate constants ratios:
      Wb\Wa        W1
         W1         1
      W->P/P->W rate constants ratios:
        P\W        W1
         P1         1
         P2         1
      hot energies # = 0
      prompt isomerization/dissociation:
        W\W,P           W1  Total Diss.           P1           P2
           W1            1  1.09657e-09  1.09655e-09  2.27772e-14

   MasterEquation::direct_diagonalization_method:  done, cpu time[sec] = 108.81, elapsed time[sec] = 8
   MasterEquation::set:  starts
      Temperature      = 20 K
      Energy reference = 2166 1/cm
      Energy step      = 3 1/cm
      setting wells, barriers, and bimolecular starts
         W1 Well: average energy = -0.3 kcal/mol
         W1 Well: density of states done, elapsed time[sec] = 5.1e-05
         W1 Well: collisional kernel bandwidth = 61
         W1 Well: collisional energy transfer kernel done, elapsed time[sec] = 0.008559
         W1 Well: relaxation modes basis done, elapsed time[sec] = 0.007754
         W1 Well: kernel in relaxation modes basis done, elapsed time[sec] = 0.551511
         W1 Well: relaxation eigenvalues done, elapsed time[sec] = 5.68072
         W1 Well: minimal relaxation eigenvalue = 0.0695286
         W1 Well: maximal relaxation eigenvalue = 1.2143
         W1 Well:       grid size = 769
         W1 Well:      real depth = -139 1/cm
         W1 Well: effective depth = -140 1/cm
         B1 Barrier: nonpositive number of states at -6.81295e-12 1/cm => truncating
         B1 Barrier:        grid size = 722
         B1 Barrier:      real height = 0 1/cm
         B1 Barrier: effective height = 0 1/cm
         B2 Barrier: nonpositive number of states at -6.81295e-12 1/cm => truncating
         B2 Barrier:        grid size = 722
         B2 Barrier:      real height = 0 1/cm
         B2 Barrier: effective height = 0 1/cm
      setting wells, barriers, and bimolecular done, cpu time[sec] = 6.42357, elapsed time[sec] = 0
      Bound Species (D1/D2 - density of states at dissociation energy (DE)/reference energy):
       Name  Depth     DE      *D1      *D2
              1/cm   1/cm       cm       cm
         W1   -140      1 3.27e+04 1.81e+09
      Well-to-Bimolecular Barriers (N - number of states at the reference energy):
       Name Height       *N
              1/cm         
         B1      1 2.53e+08
         B2      1 1.84e+06
      Effective equilibrium constants(bimolecular units - cm^3):
        Q/Q        W1        P1        P2
         W1         1  9.63e-11 4.39e-120
         P1  1.04e+10         1 4.56e-110
         P2 2.28e+119 2.19e+109         1
      Real equilibrium constants(bimolecular units - cm^3):
        Q/Q        W1        P1        P2
         W1         1  1.33e-15 6.04e-125
         P1  7.54e+14         1 4.56e-110
         P2 1.65e+124 2.19e+109         1
   MasterEquation::set:  done, cpu time[sec] = 6.42598, elapsed time[sec] = 0
   MasterEquation::direct_diagonalization_method:  starts
      Pressure = 0.01 bar	 Temperature = 20 K
            Well    Collision, 1/sec
              W1         1.11414e+09
      global relaxation matrix dimension = 769
      setting global matrices ... done, cpu time[sec] = 0.412122, elapsed time[sec] = 0
      diagonalizing global relaxation matrix ... done, cpu time[sec] = 9.47711, elapsed time[sec] = 0
      microscopic rate coefficients (at reference energy) over collision frequency:
             W1->P1       W1->P2
            3.77536    0.0273953
      eigenvector populations normalized:
          L        *R        *P        W1
          0  0.000342  0.000191         1
      *R - eigenvalue over the relaxation limit
      *P - eigenvector projection squared on the relaxation subspace (= 1 -F_ne)
      eigenvector projections:
          L        *Q        *P        W1
          0  3.11e-05  0.000191        -1
         *Z       ---       ---  4.08e+40
      *Q - eigenvalue over the collision frequency in first well
      *P - eigenvector projection squared on the relaxation subspace (= 1 - F_ne)
      *Z - well partition function square root
      isomers-to-bimolecular equilibrium coefficients (kappa matrix):
        W\P       P1       P2
         W1        0        0
      projection error = 0.000190757
      Wa->Wb/Wb->Wa rate constants ratios:
      Wb\Wa        W1
         W1         1
      W->P/P->W rate constants ratios:
        P\W        W1
         P1         1
         P2         1
      hot energies # = 0
      prompt isomerization/dissociation:
        W\W,P           W1  Total Diss.           P1           P2
           W1     0.999811  0.000189371  0.000189368  3.25716e-09

   MasterEquation::direct_diagonalization_method:  done, cpu time[sec] = 12.2111, elapsed time[sec] = 0
   MasterEquation::set:  starts
      Temperature      = 35 K
      Energy reference = 2479 1/cm
      Energy step      = 5 1/cm
      setting wells, barriers, and bimolecular starts
         W1 Well: average energy = -0.2 kcal/mol
         W1 Well: density of states done, elapsed time[sec] = 0.003296
         W1 Well: collisional kernel bandwidth = 58
         W1 Well: collisional energy transfer kernel done, elapsed time[sec] = 0.484783
         W1 Well: relaxation modes basis done, elapsed time[sec] = 0.357832
         W1 Well: kernel in relaxation modes basis done, elapsed time[sec] = 0.410961
         W1 Well: relaxation eigenvalues done, elapsed time[sec] = 2.29633
         W1 Well: minimal relaxation eigenvalue = 0.0561575
         W1 Well: maximal relaxation eigenvalue = 1.26529
         W1 Well:       grid size = 524
         W1 Well:      real depth = -139 1/cm
         W1 Well: effective depth = -141 1/cm
         B1 Barrier:        grid size = 496
         B1 Barrier:      real height = 0 1/cm
         B1 Barrier: effective height = -1 1/cm
         B2 Barrier:        grid size = 496
         B2 Barrier:      real height = 0 1/cm
         B2 Barrier: effective height = -1 1/cm
      setting wells, barriers, and bimolecular done, cpu time[sec] = 3.74835, elapsed time[sec] = 1
      Bound Species (D1/D2 - density of states at dissociation energy (DE)/reference energy):
       Name  Depth     DE      *D1      *D2
              1/cm   1/cm       cm       cm
         W1   -141     -1 3.22e+04  3.6e+09
      Well-to-Bimolecular Barriers (N - number of states at the reference energy):
       Name Height       *N
              1/cm         
         B1     -1 4.43e+08
         B2     -1 5.59e+06
      Effective equilibrium constants(bimolecular units - cm^3):
        Q/Q        W1        P1        P2
         W1         1  2.75e-13  6.44e-76
         P1  3.64e+12         1  2.34e-63
         P2  1.55e+75  4.27e+62         1
      Real equilibrium constants(bimolecular units - cm^3):
        Q/Q        W1        P1        P2
         W1         1  6.36e-18  1.49e-80
         P1  1.57e+17         1  2.34e-63
         P2  6.71e+79  4.27e+62         1
   MasterEquation::set:  done, cpu time[sec] = 3.7524, elapsed time[sec] = 1
   MasterEquation::direct_diagonalization_method:  starts
      Pressure = 0.01 bar	 Temperature = 35 K
            Well    Collision, 1/sec
              W1         7.33245e+08
      global relaxation matrix dimension = 524
      setting global matrices ... done, cpu time[sec] = 0.526572, elapsed time[sec] = 0
      diagonalizing global relaxation matrix ... done, cpu time[sec] = 7.38278, elapsed time[sec] = 0
      microscopic rate coefficients (at reference energy) over collision frequency:
             W1->P1       W1->P2
            5.02025    0.0633876
      eigenvector populations normalized:
          L        *R        *P        W1
          0    0.0196    0.0273         1
      *R - eigenvalue over the relaxation limit
      *P - eigenvector projection squared on the relaxation subspace (= 1 -F_ne)
      eigenvector projections:
          L        *Q        *P        W1
          0   0.00292    0.0273    -0.986
         *Z       ---       ---  1.31e+28
      *Q - eigenvalue over the collision frequency in first well
      *P - eigenvector projection squared on the relaxation subspace (= 1 - F_ne)
      *Z - well partition function square root
      isomers-to-bimolecular equilibrium coefficients (kappa matrix):
        W\P       P1       P2
         W1        0        0
      projection error = 0.0273113
      Wa->Wb/Wb->Wa rate constants ratios:
      Wb\Wa        W1
         W1         1
      W->P/P->W rate constants ratios:
        P\W        W1
         P1         1
         P2         1
      hot energies # = 0
      prompt isomerization/dissociation:
        W\W,P           W1  Total Diss.           P1           P2
           W1     0.973099    0.0269009    0.0269004   4.1179e-07

   MasterEquation::direct_diagonalization_method:  done, cpu time[sec] = 8.90809, elapsed time[sec] = 0
   MasterEquation::set:  starts
      Temperature      = 50 K
      Energy reference = 2791 1/cm
      Energy step      = 7 1/cm
      setting wells, barriers, and bimolecular starts
         W1 Well: average energy = -0.1 kcal/mol
         W1 Well: density of states done, elapsed time[sec] = 0.002763
         W1 Well: collisional kernel bandwidth = 57
         W1 Well: collisional energy transfer kernel done, elapsed time[sec] = 0.369271
         W1 Well: relaxation modes basis done, elapsed time[sec] = 0.22979
         W1 Well: kernel in relaxation modes basis done, elapsed time[sec] = 0.305787
         W1 Well: relaxation eigenvalues done, elapsed time[sec] = 1.21209
         W1 Well: minimal relaxation eigenvalue = 0.0491239
         W1 Well: maximal relaxation eigenvalue = 1.37306
         W1 Well:       grid size = 419
         W1 Well:      real depth = -139 1/cm
         W1 Well: effective depth = -142 1/cm
         B1 Barrier:        grid size = 399
         B1 Barrier:      real height = 0 1/cm
         B1 Barrier: effective height = -2 1/cm
         B2 Barrier:        grid size = 399
         B2 Barrier:      real height = 0 1/cm
         B2 Barrier: effective height = -2 1/cm
      setting wells, barriers, and bimolecular done, cpu time[sec] = 2.16645, elapsed time[sec] = 0
      Bound Species (D1/D2 - density of states at dissociation energy (DE)/reference energy):
       Name  Depth     DE      *D1      *D2
              1/cm   1/cm       cm       cm
         W1   -142     -2 3.15e+04  6.8e+09
      Well-to-Bimolecular Barriers (N - number of states at the reference energy):
       Name Height       *N
              1/cm         
         B1     -2 7.33e+08
         B2     -2 1.47e+07
      Effective equilibrium constants(bimolecular units - cm^3):
        Q/Q        W1        P1        P2
         W1         1  2.09e-14  2.25e-58
         P1  4.78e+13         1  1.07e-44
         P2  4.45e+57   9.3e+43         1
      Real equilibrium constants(bimolecular units - cm^3):
        Q/Q        W1        P1        P2
         W1         1  6.79e-19   7.3e-63
         P1  1.47e+18         1  1.07e-44
         P2  1.37e+62   9.3e+43         1
   MasterEquation::set:  done, cpu time[sec] = 2.17098, elapsed time[sec] = 0
   MasterEquation::direct_diagonalization_method:  starts
      Pressure = 0.01 bar	 Temperature = 50 K
            Well    Collision, 1/sec
              W1         5.44507e+08
      global relaxation matrix dimension = 419
      setting global matrices ... done, cpu time[sec] = 0.338557, elapsed time[sec] = 0
      diagonalizing global relaxation matrix ... done, cpu time[sec] = 6.12826, elapsed time[sec] = 0
      microscopic rate coefficients (at reference energy) over collision frequency:
             W1->P1       W1->P2
            5.93609     0.118934
      eigenvector populations normalized:
          L        *R        *P        W1
          0    0.0684     0.153         1
      *R - eigenvalue over the relaxation limit
      *P - eigenvector projection squared on the relaxation subspace (= 1 -F_ne)
      eigenvector projections:
          L        *Q        *P        W1
          0    0.0168     0.153     -0.92
         *Z       ---       ---  1.52e+23
      *Q - eigenvalue over the collision frequency in first well
      *P - eigenvector projection squared on the relaxation subspace (= 1 - F_ne)
      *Z - well partition function square root
      isomers-to-bimolecular equilibrium coefficients (kappa matrix):
        W\P       P1       P2
         W1     0.15        0
      projection error = 0.153307
      Wa->Wb/Wb->Wa rate constants ratios:
      Wb\Wa        W1
         W1         1
      W->P/P->W rate constants ratios:
        P\W        W1
         P1       1.2
         P2       1.2
      hot energies # = 0
      prompt isomerization/dissociation:
        W\W,P           W1  Total Diss.           P1           P2
           W1     0.849498     0.150502     0.150499  2.19215e-06

   MasterEquation::direct_diagonalization_method:  done, cpu time[sec] = 7.12731, elapsed time[sec] = 0
   MasterEquation::set:  starts
      Temperature      = 75 K
      Energy reference = 3313 1/cm
      Energy step      = 10 1/cm
      setting wells, barriers, and bimolecular starts
         W1 Well: average energy = 0.2 kcal/mol
         W1 Well: density of states done, elapsed time[sec] = 0.002401
         W1 Well: collisional kernel bandwidth = 56
         W1 Well: collisional energy transfer kernel done, elapsed time[sec] = 0.2946
         W1 Well: relaxation modes basis done, elapsed time[sec] = 0.15674
         W1 Well: kernel in relaxation modes basis done, elapsed time[sec] = 0.206169
         W1 Well: relaxation eigenvalues done, elapsed time[sec] = 0.973547
         W1 Well: minimal relaxation eigenvalue = 0.042681
         W1 Well: maximal relaxation eigenvalue = 1.84983
         W1 Well:       grid size = 346
         W1 Well:      real depth = -139 1/cm
         W1 Well: effective depth = -147 1/cm
         B1 Barrier:        grid size = 332
         B1 Barrier:      real height = 0 1/cm
         B1 Barrier: effective height = -7 1/cm
         B2 Barrier:        grid size = 332
         B2 Barrier:      real height = 0 1/cm
         B2 Barrier: effective height = -7 1/cm
      setting wells, barriers, and bimolecular done, cpu time[sec] = 1.66783, elapsed time[sec] = 0
      Bound Species (D1/D2 - density of states at dissociation energy (DE)/reference energy):
       Name  Depth     DE      *D1      *D2
              1/cm   1/cm       cm       cm
         W1   -147     -7 2.91e+04 1.78e+10
      Well-to-Bimolecular Barriers (N - number of states at the reference energy):
       Name Height       *N
              1/cm         
         B1     -7 1.56e+09
         B2     -7 5.94e+07
      Effective equilibrium constants(bimolecular units - cm^3):
        Q/Q        W1        P1        P2
         W1         1  2.57e-15  8.79e-45
         P1  3.89e+14         1  3.42e-30
         P2  1.14e+44  2.92e+29         1
      Real equilibrium constants(bimolecular units - cm^3):
        Q/Q        W1        P1        P2
         W1         1  1.19e-19  4.07e-49
         P1   8.4e+18         1  3.42e-30
         P2  2.45e+48  2.92e+29         1
   MasterEquation::set:  done, cpu time[sec] = 1.67218, elapsed time[sec] = 0
   MasterEquation::direct_diagonalization_method:  starts
      Pressure = 0.01 bar	 Temperature = 75 K
            Well    Collision, 1/sec
              W1          3.7505e+08
      global relaxation matrix dimension = 346
      setting global matrices ... done, cpu time[sec] = 0.231466, elapsed time[sec] = 0
      diagonalizing global relaxation matrix ... done, cpu time[sec] = 3.78672, elapsed time[sec] = 0
      microscopic rate coefficients (at reference energy) over collision frequency:
             W1->P1       W1->P2
            6.98947     0.266386
      eigenvector populations normalized:
          L        *R        *P        W1
          0     0.163     0.461         1
      *R - eigenvalue over the relaxation limit
      *P - eigenvector projection squared on the relaxation subspace (= 1 -F_ne)
      eigenvector projections:
          L        *Q        *P        W1
          0    0.0699     0.461    -0.734
         *Z       ---       ---  2.83e+19
      *Q - eigenvalue over the collision frequency in first well
      *P - eigenvector projection squared on the relaxation subspace (= 1 - F_ne)
      *Z - well partition function square root
      dimension of the chemical subspace = 0
      isomers-to-bimolecular equilibrium coefficients (kappa matrix):
        W\P       P1       P2
         W1        1        0
      hot energies # = 0
      prompt isomerization/dissociation:
        W\W,P  Total Diss.           P1           P2
           W1            1     0.982654  1.52389e-05

   MasterEquation::direct_diagonalization_method:  done, cpu time[sec] = 4.26547, elapsed time[sec] = 0
   MasterEquation::set:  starts
      Temperature      = 100 K
      Energy reference = 3834 1/cm
      Energy step      = 14 1/cm
      setting wells, barriers, and bimolecular starts
         W1 Well: average energy = 0.4 kcal/mol
         W1 Well: density of states done, elapsed time[sec] = 0.002373
         W1 Well: collisional kernel bandwidth = 51
         W1 Well: collisional energy transfer kernel done, elapsed time[sec] = 0.218661
         W1 Well: relaxation modes basis done, elapsed time[sec] = 0.107514
         W1 Well: kernel in relaxation modes basis done, elapsed time[sec] = 0.111719
         W1 Well: relaxation eigenvalues done, elapsed time[sec] = 0.59041
         W1 Well: minimal relaxation eigenvalue = 0.0389155
         W1 Well: maximal relaxation eigenvalue = 1.69447
         W1 Well:       grid size = 284
         W1 Well:      real depth = -139 1/cm
         W1 Well: effective depth = -142 1/cm
         B1 Barrier:        grid size = 274
         B1 Barrier:      real height = 0 1/cm
         B1 Barrier: effective height = -2 1/cm
         B2 Barrier:        grid size = 274
         B2 Barrier:      real height = 0 1/cm
         B2 Barrier: effective height = -2 1/cm
      setting wells, barriers, and bimolecular done, cpu time[sec] = 1.0588, elapsed time[sec] = 0
      Bound Species (D1/D2 - density of states at dissociation energy (DE)/reference energy):
       Name  Depth     DE      *D1      *D2
              1/cm   1/cm       cm       cm
         W1   -142     -2 3.15e+04 4.23e+10
      Well-to-Bimolecular Barriers (N - number of states at the reference energy):
       Name Height       *N
              1/cm         
         B1     -2 3.12e+09
         B2     -2 1.98e+08
      Effective equilibrium constants(bimolecular units - cm^3):
        Q/Q        W1        P1        P2
         W1         1  8.07e-16  4.89e-38
         P1  1.24e+15         1  6.05e-23
         P2  2.05e+37  1.65e+22         1
      Real equilibrium constants(bimolecular units - cm^3):
        Q/Q        W1        P1        P2
         W1         1  5.26e-20  3.18e-42
         P1   1.9e+19         1  6.05e-23
         P2  3.14e+41  1.65e+22         1
   MasterEquation::set:  done, cpu time[sec] = 1.0634, elapsed time[sec] = 0
   MasterEquation::direct_diagonalization_method:  starts
      Pressure = 0.01 bar	 Temperature = 100 K
            Well    Collision, 1/sec
              W1         2.82012e+08
      global relaxation matrix dimension = 284
      setting global matrices ... done, cpu time[sec] = 0.159951, elapsed time[sec] = 0
      diagonalizing global relaxation matrix ... done, cpu time[sec] = 3.99456, elapsed time[sec] = 0
      microscopic rate coefficients (at reference energy) over collision frequency:
             W1->P1       W1->P2
            7.84582     0.496944
      eigenvector populations normalized:
          L        *R        *P        W1
          0     0.254     0.698         1
      *R - eigenvalue over the relaxation limit
      *P - eigenvector projection squared on the relaxation subspace (= 1 -F_ne)
      eigenvector projections:
          L        *Q        *P        W1
          0     0.154     0.698      0.55
         *Z       ---       ---  4.37e+17
      *Q - eigenvalue over the collision frequency in first well
      *P - eigenvector projection squared on the relaxation subspace (= 1 - F_ne)
      *Z - well partition function square root
      dimension of the chemical subspace = 0
      isomers-to-bimolecular equilibrium coefficients (kappa matrix):
        W\P       P1       P2
         W1        1        0
      hot energies # = 0
      prompt isomerization/dissociation:
        W\W,P  Total Diss.           P1           P2
           W1            1     0.978695  1.74459e-05

   MasterEquation::direct_diagonalization_method:  done, cpu time[sec] = 4.32717, elapsed time[sec] = 0
   MasterEquation::set:  starts
      Temperature      = 150 K
      Energy reference = 4876 1/cm
      Energy step      = 21 1/cm
      setting wells, barriers, and bimolecular starts
         W1 Well: average energy = 1 kcal/mol
         W1 Well: density of states done, elapsed time[sec] = 0.002093
         W1 Well: collisional kernel bandwidth = 48
         W1 Well: collisional energy transfer kernel done, elapsed time[sec] = 0.169826
         W1 Well: relaxation modes basis done, elapsed time[sec] = 0.075359
         W1 Well: kernel in relaxation modes basis done, elapsed time[sec] = 0.101423
         W1 Well: relaxation eigenvalues done, elapsed time[sec] = 0.305503
         W1 Well: minimal relaxation eigenvalue = 0.0343404
         W1 Well: maximal relaxation eigenvalue = 2.18639
         W1 Well:       grid size = 239
         W1 Well:      real depth = -139 1/cm
         W1 Well: effective depth = -142 1/cm
         B1 Barrier:        grid size = 233
         B1 Barrier:      real height = 0 1/cm
         B1 Barrier: effective height = -16 1/cm
         B2 Barrier:        grid size = 233
         B2 Barrier:      real height = 0 1/cm
         B2 Barrier: effective height = -16 1/cm
      setting wells, barriers, and bimolecular done, cpu time[sec] = 0.675995, elapsed time[sec] = 0
      Bound Species (D1/D2 - density of states at dissociation energy (DE)/reference energy):
       Name  Depth     DE      *D1      *D2
              1/cm   1/cm       cm       cm
         W1   -142    -16  2.5e+04 1.94e+11
      Well-to-Bimolecular Barriers (N - number of states at the reference energy):
       Name Height       *N
              1/cm         
         B1    -16 1.08e+10
         B2    -16  1.5e+09
      Effective equilibrium constants(bimolecular units - cm^3):
        Q/Q        W1        P1        P2
         W1         1  2.76e-16   2.9e-31
         P1  3.63e+15         1  1.05e-15
         P2  3.45e+30  9.51e+14         1
      Real equilibrium constants(bimolecular units - cm^3):
        Q/Q        W1        P1        P2
         W1         1   2.7e-20  2.84e-35
         P1  3.71e+19         1  1.05e-15
         P2  3.52e+34  9.51e+14         1
   MasterEquation::set:  done, cpu time[sec] = 0.680498, elapsed time[sec] = 0
   MasterEquation::direct_diagonalization_method:  starts
      Pressure = 0.01 bar	 Temperature = 150 K
            Well    Collision, 1/sec
              W1         1.85913e+08
      global relaxation matrix dimension = 239
      setting global matrices ... done, cpu time[sec] = 0.112887, elapsed time[sec] = 0
      diagonalizing global relaxation matrix ... done, cpu time[sec] = 1.48969, elapsed time[sec] = 0
      microscopic rate coefficients (at reference energy) over collision frequency:
             W1->P1       W1->P2
            8.93435      1.24077
      eigenvector populations normalized:
          L        *R        *P        W1
          0     0.439     0.909         1
      *R - eigenvalue over the relaxation limit
      *P - eigenvector projection squared on the relaxation subspace (= 1 -F_ne)
      eigenvector projections:
          L        *Q        *P        W1
          0     0.367     0.909     0.301
         *Z       ---       ---  9.12e+15
      *Q - eigenvalue over the collision frequency in first well
      *P - eigenvector projection squared on the relaxation subspace (= 1 - F_ne)
      *Z - well partition function square root
      dimension of the chemical subspace = 0
      isomers-to-bimolecular equilibrium coefficients (kappa matrix):
        W\P       P1       P2
         W1        1        0
      hot energies # = 0
      prompt isomerization/dissociation:
        W\W,P  Total Diss.           P1           P2
           W1            1     0.977808   4.0375e-05

   MasterEquation::direct_diagonalization_method:  done, cpu time[sec] = 1.7246, elapsed time[sec] = 0
   MasterEquation::set:  starts
      Temperature      = 200 K
      Energy reference = 5919 1/cm
      Energy step      = 28 1/cm
      setting wells, barriers, and bimolecular starts
         W1 Well: average energy = 1.6 kcal/mol
         W1 Well: density of states done, elapsed time[sec] = 0.001911
         W1 Well: collisional kernel bandwidth = 46
         W1 Well: collisional energy transfer kernel done, elapsed time[sec] = 0.153008
         W1 Well: relaxation modes basis done, elapsed time[sec] = 0.063658
         W1 Well: kernel in relaxation modes basis done, elapsed time[sec] = 0.078909
         W1 Well: relaxation eigenvalues done, elapsed time[sec] = 0.25501
         W1 Well: minimal relaxation eigenvalue = 0.0310751
         W1 Well: maximal relaxation eigenvalue = 3.16121
         W1 Well:       grid size = 217
         W1 Well:      real depth = -139 1/cm
         W1 Well: effective depth = -157 1/cm
         B1 Barrier:        grid size = 212
         B1 Barrier:      real height = 0 1/cm
         B1 Barrier: effective height = -17 1/cm
         B2 Barrier:        grid size = 212
         B2 Barrier:      real height = 0 1/cm
         B2 Barrier: effective height = -17 1/cm
      setting wells, barriers, and bimolecular done, cpu time[sec] = 0.571298, elapsed time[sec] = 0
      Bound Species (D1/D2 - density of states at dissociation energy (DE)/reference energy):
       Name  Depth     DE      *D1      *D2
              1/cm   1/cm       cm       cm
         W1   -157    -17  2.5e+04 7.33e+11
      Well-to-Bimolecular Barriers (N - number of states at the reference energy):
       Name Height       *N
              1/cm         
         B1    -17 3.22e+10
         B2    -17 8.05e+09
      Effective equilibrium constants(bimolecular units - cm^3):
        Q/Q        W1        P1        P2
         W1         1  1.71e-16  7.28e-28
         P1  5.84e+15         1  4.25e-12
         P2  1.37e+27  2.35e+11         1
      Real equilibrium constants(bimolecular units - cm^3):
        Q/Q        W1        P1        P2
         W1         1  2.23e-20   9.5e-32
         P1  4.48e+19         1  4.25e-12
         P2  1.05e+31  2.35e+11         1
   MasterEquation::set:  done, cpu time[sec] = 0.575707, elapsed time[sec] = 0
   MasterEquation::direct_diagonalization_method:  starts
      Pressure = 0.01 bar	 Temperature = 200 K
            Well    Collision, 1/sec
              W1         1.39118e+08
      global relaxation matrix dimension = 217
      setting global matrices ... done, cpu time[sec] = 0.09379, elapsed time[sec] = 0
      diagonalizing global relaxation matrix ... done, cpu time[sec] = 1.17738, elapsed time[sec] = 0
      microscopic rate coefficients (at reference energy) over collision frequency:
             W1->P1       W1->P2
            9.45165      2.36521
      eigenvector populations normalized:
          L        *R        *P        W1
          0     0.623      0.97         1
      *R - eigenvalue over the relaxation limit
      *P - eigenvector projection squared on the relaxation subspace (= 1 -F_ne)
      eigenvector projections:
          L        *Q        *P        W1
          0      0.55      0.97     0.174
         *Z       ---       ---  1.64e+15
      *Q - eigenvalue over the collision frequency in first well
      *P - eigenvector projection squared on the relaxation subspace (= 1 - F_ne)
      *Z - well partition function square root
      dimension of the chemical subspace = 0
      isomers-to-bimolecular equilibrium coefficients (kappa matrix):
        W\P       P1       P2
         W1        1        0
      hot energies # = 0
      prompt isomerization/dissociation:
        W\W,P  Total Diss.           P1           P2
           W1            1     0.977703  0.000130396

   MasterEquation::direct_diagonalization_method:  done, cpu time[sec] = 1.36743, elapsed time[sec] = 0
   MasterEquation::set:  starts
      Temperature      = 250 K
      Energy reference = 6962 1/cm
      Energy step      = 35 1/cm
      setting wells, barriers, and bimolecular starts
         W1 Well: average energy = 2.3 kcal/mol
         W1 Well: density of states done, elapsed time[sec] = 0.002018
         W1 Well: collisional kernel bandwidth = 45
         W1 Well: collisional energy transfer kernel done, elapsed time[sec] = 0.133457
         W1 Well: relaxation modes basis done, elapsed time[sec] = 0.055296
         W1 Well: kernel in relaxation modes basis done, elapsed time[sec] = 0.070778
         W1 Well: relaxation eigenvalues done, elapsed time[sec] = 0.222838
         W1 Well: minimal relaxation eigenvalue = 0.0283538
         W1 Well: maximal relaxation eigenvalue = 2.73171
         W1 Well:       grid size = 203
         W1 Well:      real depth = -139 1/cm
         W1 Well: effective depth = -142 1/cm
         B1 Barrier:        grid size = 199
         B1 Barrier:      real height = 0 1/cm
         B1 Barrier: effective height = -3 1/cm
         B2 Barrier:        grid size = 199
         B2 Barrier:      real height = 0 1/cm
         B2 Barrier: effective height = -3 1/cm
      setting wells, barriers, and bimolecular done, cpu time[sec] = 0.50156, elapsed time[sec] = 0
      Bound Species (D1/D2 - density of states at dissociation energy (DE)/reference energy):
       Name  Depth     DE      *D1      *D2
              1/cm   1/cm       cm       cm
         W1   -142     -3 3.11e+04  2.4e+12
      Well-to-Bimolecular Barriers (N - number of states at the reference energy):
       Name Height       *N
              1/cm         
         B1     -3 8.57e+10
         B2     -3 3.44e+10
      Effective equilibrium constants(bimolecular units - cm^3):
        Q/Q        W1        P1        P2
         W1         1  1.35e-16  8.13e-26
         P1  7.38e+15         1     6e-10
         P2  1.23e+25  1.67e+09         1
      Real equilibrium constants(bimolecular units - cm^3):
        Q/Q        W1        P1        P2
         W1         1  2.21e-20  1.33e-29
         P1  4.52e+19         1     6e-10
         P2  7.54e+28  1.67e+09         1
   MasterEquation::set:  done, cpu time[sec] = 0.505629, elapsed time[sec] = 0
   MasterEquation::direct_diagonalization_method:  starts
      Pressure = 0.01 bar	 Temperature = 250 K
            Well    Collision, 1/sec
              W1         1.12435e+08
      global relaxation matrix dimension = 203
      setting global matrices ... done, cpu time[sec] = 0.082616, elapsed time[sec] = 0
      diagonalizing global relaxation matrix ... done, cpu time[sec] = 0.989089, elapsed time[sec] = 0
      microscopic rate coefficients (at reference energy) over collision frequency:
             W1->P1       W1->P2
            9.53922      3.83107
      eigenvector populations normalized:
          L        *R        *P        W1
          0     0.683      0.99         1
      *R - eigenvalue over the relaxation limit
      *P - eigenvector projection squared on the relaxation subspace (= 1 -F_ne)
      eigenvector projections:
          L        *Q        *P        W1
          0     0.847      0.99      -0.1
         *Z       ---       ---  6.67e+14
      *Q - eigenvalue over the collision frequency in first well
      *P - eigenvector projection squared on the relaxation subspace (= 1 - F_ne)
      *Z - well partition function square root
      dimension of the chemical subspace = 0
      isomers-to-bimolecular equilibrium coefficients (kappa matrix):
        W\P       P1       P2
         W1        1        0
      hot energies # = 0
      prompt isomerization/dissociation:
        W\W,P  Total Diss.           P1           P2
           W1            1     0.976792  0.000402015

   MasterEquation::direct_diagonalization_method:  done, cpu time[sec] = 1.15361, elapsed time[sec] = 0
   MasterEquation::set:  starts
      Temperature      = 300 K
      Energy reference = 8004 1/cm
      Energy step      = 42 1/cm
      setting wells, barriers, and bimolecular starts
         W1 Well: average energy = 2.9 kcal/mol
         W1 Well: density of states done, elapsed time[sec] = 0.001991
         W1 Well: collisional kernel bandwidth = 43
         W1 Well: collisional energy transfer kernel done, elapsed time[sec] = 0.121695
         W1 Well: relaxation modes basis done, elapsed time[sec] = 0.050798
         W1 Well: kernel in relaxation modes basis done, elapsed time[sec] = 0.074143
         W1 Well: relaxation eigenvalues done, elapsed time[sec] = 0.205592
         W1 Well: minimal relaxation eigenvalue = 0.0260598
         W1 Well: maximal relaxation eigenvalue = 3.35419
         W1 Well:       grid size = 194
         W1 Well:      real depth = -139 1/cm
         W1 Well: effective depth = -144 1/cm
         B1 Barrier:        grid size = 191
         B1 Barrier:      real height = 0 1/cm
         B1 Barrier: effective height = -18 1/cm
         B2 Barrier:        grid size = 191
         B2 Barrier:      real height = 0 1/cm
         B2 Barrier: effective height = -18 1/cm
      setting wells, barriers, and bimolecular done, cpu time[sec] = 0.470111, elapsed time[sec] = 0
      Bound Species (D1/D2 - density of states at dissociation energy (DE)/reference energy):
       Name  Depth     DE      *D1      *D2
              1/cm   1/cm       cm       cm
         W1   -144    -18 2.46e+04 7.01e+12
      Well-to-Bimolecular Barriers (N - number of states at the reference energy):
       Name Height       *N
              1/cm         
         B1    -18 2.09e+11
         B2    -18 1.25e+11
      Effective equilibrium constants(bimolecular units - cm^3):
        Q/Q        W1        P1        P2
         W1         1  1.21e-16  1.91e-24
         P1  8.29e+15         1  1.58e-08
         P2  5.24e+23  6.31e+07         1
      Real equilibrium constants(bimolecular units - cm^3):
        Q/Q        W1        P1        P2
         W1         1  2.36e-20  3.74e-28
         P1  4.23e+19         1  1.58e-08
         P2  2.67e+27  6.31e+07         1
   MasterEquation::set:  done, cpu time[sec] = 0.47413, elapsed time[sec] = 0
   MasterEquation::direct_diagonalization_method:  starts
      Pressure = 0.01 bar	 Temperature = 300 K
            Well    Collision, 1/sec
              W1         9.54214e+07
      global relaxation matrix dimension = 194
      setting global matrices ... done, cpu time[sec] = 0.077912, elapsed time[sec] = 0
      diagonalizing global relaxation matrix ... done, cpu time[sec] = 0.881246, elapsed time[sec] = 0
      microscopic rate coefficients (at reference energy) over collision frequency:
             W1->P1       W1->P2
            9.39423      5.59037
      eigenvector populations normalized:
          L        *R        *P        W1
          0     0.634     0.996         1
      *R - eigenvalue over the relaxation limit
      *P - eigenvector projection squared on the relaxation subspace (= 1 -F_ne)
      eigenvector projections:
          L        *Q        *P        W1
          0      1.13     0.996   -0.0625
         *Z       ---       ---     4e+14
      *Q - eigenvalue over the collision frequency in first well
      *P - eigenvector projection squared on the relaxation subspace (= 1 - F_ne)
      *Z - well partition function square root
      dimension of the chemical subspace = 0
      isomers-to-bimolecular equilibrium coefficients (kappa matrix):
        W\P       P1       P2
         W1        1        0
      hot energies # = 0
      prompt isomerization/dissociation:
        W\W,P  Total Diss.           P1           P2
           W1            1     0.975768   0.00104876

   MasterEquation::direct_diagonalization_method:  done, cpu time[sec] = 1.03935, elapsed time[sec] = 0
   MasterEquation::set:  starts
      Temperature      = 400 K
      Energy reference = 10089 1/cm
      Energy step      = 56 1/cm
      setting wells, barriers, and bimolecular starts
         W1 Well: average energy = 4.3 kcal/mol
         W1 Well: density of states done, elapsed time[sec] = 0.002246
         W1 Well: collisional kernel bandwidth = 42
         W1 Well: collisional energy transfer kernel done, elapsed time[sec] = 0.112596
         W1 Well: relaxation modes basis done, elapsed time[sec] = 0.044939
         W1 Well: kernel in relaxation modes basis done, elapsed time[sec] = 0.071199
         W1 Well: relaxation eigenvalues done, elapsed time[sec] = 0.202442
         W1 Well: minimal relaxation eigenvalue = 0.0225218
         W1 Well: maximal relaxation eigenvalue = 5.06956
         W1 Well:       grid size = 183
         W1 Well:      real depth = -139 1/cm
         W1 Well: effective depth = -159 1/cm
         B1 Barrier:        grid size = 181
         B1 Barrier:      real height = 0 1/cm
         B1 Barrier: effective height = -47 1/cm
         B2 Barrier:        grid size = 181
         B2 Barrier:      real height = 0 1/cm
         B2 Barrier: effective height = -47 1/cm
      setting wells, barriers, and bimolecular done, cpu time[sec] = 0.447423, elapsed time[sec] = 0
      Bound Species (D1/D2 - density of states at dissociation energy (DE)/reference energy):
       Name  Depth     DE      *D1      *D2
              1/cm   1/cm       cm       cm
         W1   -159    -47 1.37e+04 4.68e+13
      Well-to-Bimolecular Barriers (N - number of states at the reference energy):
       Name Height       *N
              1/cm         
         B1    -47 1.03e+12
         B2    -47 1.15e+12
      Effective equilibrium constants(bimolecular units - cm^3):
        Q/Q        W1        P1        P2
         W1         1  1.13e-16  1.01e-22
         P1  8.88e+15         1  8.99e-07
         P2  9.88e+21  1.11e+06         1
      Real equilibrium constants(bimolecular units - cm^3):
        Q/Q        W1        P1        P2
         W1         1  2.94e-20  2.65e-26
         P1   3.4e+19         1  8.99e-07
         P2  3.78e+25  1.11e+06         1
   MasterEquation::set:  done, cpu time[sec] = 0.451474, elapsed time[sec] = 0
   MasterEquation::direct_diagonalization_method:  starts
      Pressure = 0.01 bar	 Temperature = 400 K
            Well    Collision, 1/sec
              W1         7.49393e+07
      global relaxation matrix dimension = 183
      setting global matrices ... done, cpu time[sec] = 0.068512, elapsed time[sec] = 0
      diagonalizing global relaxation matrix ... done, cpu time[sec] = 0.764002, elapsed time[sec] = 0
      microscopic rate coefficients (at reference energy) over collision frequency:
             W1->P1       W1->P2
            8.79539      9.84011
      eigenvector populations normalized:
          L        *R        *P        W1
          0     0.602     0.999         1
      *R - eigenvalue over the relaxation limit
      *P - eigenvector projection squared on the relaxation subspace (= 1 -F_ne)
      eigenvector projections:
          L        *Q        *P        W1
          0      1.32     0.999   -0.0312
         *Z       ---       ---  2.52e+14
      *Q - eigenvalue over the collision frequency in first well
      *P - eigenvector projection squared on the relaxation subspace (= 1 - F_ne)
      *Z - well partition function square root
      dimension of the chemical subspace = 0
      isomers-to-bimolecular equilibrium coefficients (kappa matrix):
        W\P       P1       P2
         W1        1        0
      hot energies # = 0
      prompt isomerization/dissociation:
        W\W,P  Total Diss.           P1           P2
           W1            1     0.971848   0.00452886

   MasterEquation::direct_diagonalization_method:  done, cpu time[sec] = 0.904831, elapsed time[sec] = 0
   MasterEquation::set:  starts
      Temperature      = 500 K
      Energy reference = 12174 1/cm
      Energy step      = 70 1/cm
      setting wells, barriers, and bimolecular starts
         W1 Well: average energy = 5.8 kcal/mol
         W1 Well: density of states done, elapsed time[sec] = 0.002021
         W1 Well: collisional kernel bandwidth = 40
         W1 Well: collisional energy transfer kernel done, elapsed time[sec] = 0.102887
         W1 Well: relaxation modes basis done, elapsed time[sec] = 0.042152
         W1 Well: kernel in relaxation modes basis done, elapsed time[sec] = 0.069836
         W1 Well: relaxation eigenvalues done, elapsed time[sec] = 0.1851
         W1 Well: minimal relaxation eigenvalue = 0.0199645
         W1 Well: maximal relaxation eigenvalue = 5.57057
         W1 Well:       grid size = 176
         W1 Well:      real depth = -139 1/cm
         W1 Well: effective depth = -145 1/cm
         B1 Barrier:        grid size = 174
         B1 Barrier:      real height = 0 1/cm
         B1 Barrier: effective height = -5 1/cm
         B2 Barrier:        grid size = 174
         B2 Barrier:      real height = 0 1/cm
         B2 Barrier: effective height = -5 1/cm
      setting wells, barriers, and bimolecular done, cpu time[sec] = 0.415826, elapsed time[sec] = 0
      Bound Species (D1/D2 - density of states at dissociation energy (DE)/reference energy):
       Name  Depth     DE      *D1      *D2
              1/cm   1/cm       cm       cm
         W1   -145     -5 2.94e+04 2.44e+14
      Well-to-Bimolecular Barriers (N - number of states at the reference energy):
       Name Height       *N
              1/cm         
         B1     -5 4.13e+12
         B2     -5 7.61e+12
      Effective equilibrium constants(bimolecular units - cm^3):
        Q/Q        W1        P1        P2
         W1         1  1.16e-16  1.13e-21
         P1  8.63e+15         1  9.73e-06
         P2  8.87e+20  1.03e+05         1
      Real equilibrium constants(bimolecular units - cm^3):
        Q/Q        W1        P1        P2
         W1         1  3.79e-20  3.69e-25
         P1  2.64e+19         1  9.73e-06
         P2  2.71e+24  1.03e+05         1
   MasterEquation::set:  done, cpu time[sec] = 0.419841, elapsed time[sec] = 0
   MasterEquation::direct_diagonalization_method:  starts
      Pressure = 0.01 bar	 Temperature = 500 K
            Well    Collision, 1/sec
              W1         6.28771e+07
      global relaxation matrix dimension = 176
      setting global matrices ... done, cpu time[sec] = 0.062142, elapsed time[sec] = 0
      diagonalizing global relaxation matrix ... done, cpu time[sec] = 0.699777, elapsed time[sec] = 0
      microscopic rate coefficients (at reference energy) over collision frequency:
             W1->P1       W1->P2
            8.07718      14.8708
      eigenvector populations normalized:
          L        *R        *P        W1
          0     0.403         1         1
      *R - eigenvalue over the relaxation limit
      *P - eigenvector projection squared on the relaxation subspace (= 1 -F_ne)
      eigenvector projections:
          L        *Q        *P        W1
          0      2.24         1   -0.0159
         *Z       ---       ---  2.23e+14
      *Q - eigenvalue over the collision frequency in first well
      *P - eigenvector projection squared on the relaxation subspace (= 1 - F_ne)
      *Z - well partition function square root
      dimension of the chemical subspace = 0
      isomers-to-bimolecular equilibrium coefficients (kappa matrix):
        W\P       P1       P2
         W1     0.99        0
      hot energies # = 0
      prompt isomerization/dissociation:
        W\W,P  Total Diss.           P1           P2
           W1            1     0.963217    0.0129185

   MasterEquation::direct_diagonalization_method:  done, cpu time[sec] = 0.829506, elapsed time[sec] = 0
   MasterEquation::set:  starts
      Temperature      = 600 K
      Energy reference = 14260 1/cm
      Energy step      = 83 1/cm
      setting wells, barriers, and bimolecular starts
         W1 Well: average energy = 7.4 kcal/mol
         W1 Well: density of states done, elapsed time[sec] = 0.002123
         W1 Well: collisional kernel bandwidth = 40
         W1 Well: collisional energy transfer kernel done, elapsed time[sec] = 0.101056
         W1 Well: relaxation modes basis done, elapsed time[sec] = 0.040605
         W1 Well: kernel in relaxation modes basis done, elapsed time[sec] = 0.066288
         W1 Well: relaxation eigenvalues done, elapsed time[sec] = 0.165095
         W1 Well: minimal relaxation eigenvalue = 0.0180281
         W1 Well: maximal relaxation eigenvalue = 9.09601
         W1 Well:       grid size = 174
         W1 Well:      real depth = -139 1/cm
         W1 Well: effective depth = -182 1/cm
         B1 Barrier:        grid size = 172
         B1 Barrier:      real height = 0 1/cm
         B1 Barrier: effective height = -16 1/cm
         B2 Barrier:        grid size = 172
         B2 Barrier:      real height = 0 1/cm
         B2 Barrier: effective height = -16 1/cm
      setting wells, barriers, and bimolecular done, cpu time[sec] = 0.388393, elapsed time[sec] = 0
      Bound Species (D1/D2 - density of states at dissociation energy (DE)/reference energy):
       Name  Depth     DE      *D1      *D2
              1/cm   1/cm       cm       cm
         W1   -182    -16 2.54e+04 1.06e+15
      Well-to-Bimolecular Barriers (N - number of states at the reference energy):
       Name Height       *N
              1/cm         
         B1    -16 1.43e+13
         B2    -16 3.98e+13
      Effective equilibrium constants(bimolecular units - cm^3):
        Q/Q        W1        P1        P2
         W1         1  1.25e-16  5.85e-21
         P1  7.98e+15         1  4.66e-05
         P2  1.71e+20  2.14e+04         1
      Real equilibrium constants(bimolecular units - cm^3):
        Q/Q        W1        P1        P2
         W1         1  4.86e-20  2.26e-24
         P1  2.06e+19         1  4.66e-05
         P2  4.42e+23  2.14e+04         1
   MasterEquation::set:  done, cpu time[sec] = 0.392402, elapsed time[sec] = 0
   MasterEquation::direct_diagonalization_method:  starts
      Pressure = 0.01 bar	 Temperature = 600 K
            Well    Collision, 1/sec
              W1         5.48196e+07
      global relaxation matrix dimension = 174
      setting global matrices ... done, cpu time[sec] = 0.061095, elapsed time[sec] = 0
      diagonalizing global relaxation matrix ... done, cpu time[sec] = 0.681491, elapsed time[sec] = 0
      microscopic rate coefficients (at reference energy) over collision frequency:
             W1->P1       W1->P2
            7.37719      20.5038
      eigenvector populations normalized:
          L        *R        *P        W1
          0     0.259         1         1
      *R - eigenvalue over the relaxation limit
      *P - eigenvector projection squared on the relaxation subspace (= 1 -F_ne)
      eigenvector projections:
          L        *Q        *P        W1
          0      2.35         1  -0.00907
         *Z       ---       ---  2.32e+14
      *Q - eigenvalue over the collision frequency in first well
      *P - eigenvector projection squared on the relaxation subspace (= 1 - F_ne)
      *Z - well partition function square root
      dimension of the chemical subspace = 0
      isomers-to-bimolecular equilibrium coefficients (kappa matrix):
        W\P       P1       P2
         W1     0.97        0
      hot energies # = 0
      prompt isomerization/dissociation:
        W\W,P  Total Diss.           P1           P2
           W1            1     0.947607    0.0283825

   MasterEquation::direct_diagonalization_method:  done, cpu time[sec] = 0.803468, elapsed time[sec] = 0
   MasterEquation::set:  starts
      Temperature      = 700 K
      Energy reference = 16346 1/cm
      Energy step      = 97 1/cm
      setting wells, barriers, and bimolecular starts
         W1 Well: average energy = 9.2 kcal/mol
         W1 Well: density of states done, elapsed time[sec] = 0.001958
         W1 Well: collisional kernel bandwidth = 39
         W1 Well: collisional energy transfer kernel done, elapsed time[sec] = 0.096638
         W1 Well: relaxation modes basis done, elapsed time[sec] = 0.038863
         W1 Well: kernel in relaxation modes basis done, elapsed time[sec] = 0.071888
         W1 Well: relaxation eigenvalues done, elapsed time[sec] = 0.151745
         W1 Well: minimal relaxation eigenvalue = 0.0165263
         W1 Well: maximal relaxation eigenvalue = 7.4927
         W1 Well:       grid size = 170
         W1 Well:      real depth = -139 1/cm
         W1 Well: effective depth = -145 1/cm
         B1 Barrier:        grid size = 169
         B1 Barrier:      real height = 0 1/cm
         B1 Barrier: effective height = -48 1/cm
         B2 Barrier:        grid size = 169
         B2 Barrier:      real height = 0 1/cm
         B2 Barrier: effective height = -48 1/cm
      setting wells, barriers, and bimolecular done, cpu time[sec] = 0.373683, elapsed time[sec] = 0
      Bound Species (D1/D2 - density of states at dissociation energy (DE)/reference energy):
       Name  Depth     DE      *D1      *D2
              1/cm   1/cm       cm       cm
         W1   -145    -48 1.31e+04 3.99e+15
      Well-to-Bimolecular Barriers (N - number of states at the reference energy):
       Name Height       *N
              1/cm         
         B1    -48 4.39e+13
         B2    -48 1.73e+14
      Effective equilibrium constants(bimolecular units - cm^3):
        Q/Q        W1        P1        P2
         W1         1  1.36e-16  1.92e-20
         P1  7.37e+15         1  0.000141
         P2  5.21e+19  7.07e+03         1
      Real equilibrium constants(bimolecular units - cm^3):
        Q/Q        W1        P1        P2
         W1         1  6.15e-20   8.7e-24
         P1  1.63e+19         1  0.000141
         P2  1.15e+23  7.07e+03         1
   MasterEquation::set:  done, cpu time[sec] = 0.377658, elapsed time[sec] = 0
   MasterEquation::direct_diagonalization_method:  starts
      Pressure = 0.01 bar	 Temperature = 700 K
            Well    Collision, 1/sec
              W1         4.90097e+07
      global relaxation matrix dimension = 170
      setting global matrices ... done, cpu time[sec] = 0.058688, elapsed time[sec] = 0
      diagonalizing global relaxation matrix ... done, cpu time[sec] = 0.649369, elapsed time[sec] = 0
      microscopic rate coefficients (at reference energy) over collision frequency:
             W1->P1       W1->P2
            6.73612      26.5919
      eigenvector populations normalized:
          L        *R        *P        W1
          0     0.543         1         1
      *R - eigenvalue over the relaxation limit
      *P - eigenvector projection squared on the relaxation subspace (= 1 -F_ne)
      eigenvector projections:
          L        *Q        *P        W1
          0      7.45         1   0.00489
         *Z       ---       ---  2.61e+14
      *Q - eigenvalue over the collision frequency in first well
      *P - eigenvector projection squared on the relaxation subspace (= 1 - F_ne)
      *Z - well partition function square root
      dimension of the chemical subspace = 0
      isomers-to-bimolecular equilibrium coefficients (kappa matrix):
        W\P       P1       P2
         W1     0.95    0.054
      hot energies # = 0
      prompt isomerization/dissociation:
        W\W,P  Total Diss.           P1           P2
           W1            1     0.923588    0.0522977

   MasterEquation::direct_diagonalization_method:  done, cpu time[sec] = 0.771794, elapsed time[sec] = 0
   MasterEquation::set:  starts
      Temperature      = 850 K
      Energy reference = 19472 1/cm
      Energy step      = 118 1/cm
      setting wells, barriers, and bimolecular starts
         W1 Well: average energy = 12.1 kcal/mol
         W1 Well: density of states done, elapsed time[sec] = 0.00223
         W1 Well: collisional kernel bandwidth = 37
         W1 Well: collisional energy transfer kernel done, elapsed time[sec] = 0.088925
         W1 Well: relaxation modes basis done, elapsed time[sec] = 0.03702
         W1 Well: kernel in relaxation modes basis done, elapsed time[sec] = 0.065984
         W1 Well: relaxation eigenvalues done, elapsed time[sec] = 0.150499
         W1 Well: minimal relaxation eigenvalue = 0.0147661
         W1 Well: maximal relaxation eigenvalue = 15.8781
         W1 Well:       grid size = 167
         W1 Well:      real depth = -139 1/cm
         W1 Well: effective depth = -234 1/cm
         B1 Barrier:        grid size = 166
         B1 Barrier:      real height = 0 1/cm
         B1 Barrier: effective height = -116 1/cm
         B2 Barrier:        grid size = 166
         B2 Barrier:      real height = 0 1/cm
         B2 Barrier: effective height = -116 1/cm
      setting wells, barriers, and bimolecular done, cpu time[sec] = 0.357221, elapsed time[sec] = 0
      Bound Species (D1/D2 - density of states at dissociation energy (DE)/reference energy):
       Name  Depth     DE      *D1      *D2
              1/cm   1/cm       cm       cm
         W1   -234   -116 2.29e+03 2.36e+16
      Well-to-Bimolecular Barriers (N - number of states at the reference energy):
       Name Height       *N
              1/cm         
         B1   -116 1.99e+14
         B2   -116 1.22e+15
      Effective equilibrium constants(bimolecular units - cm^3):
        Q/Q        W1        P1        P2
         W1         1  1.55e-16  7.04e-20
         P1  6.47e+15         1  0.000455
         P2  1.42e+19   2.2e+03         1
      Real equilibrium constants(bimolecular units - cm^3):
        Q/Q        W1        P1        P2
         W1         1  8.52e-20  3.88e-23
         P1  1.17e+19         1  0.000455
         P2  2.58e+22   2.2e+03         1
   MasterEquation::set:  done, cpu time[sec] = 0.361247, elapsed time[sec] = 0
   MasterEquation::direct_diagonalization_method:  starts
      Pressure = 0.01 bar	 Temperature = 850 K
            Well    Collision, 1/sec
              W1         4.27568e+07
      global relaxation matrix dimension = 167
      setting global matrices ... done, cpu time[sec] = 0.056729, elapsed time[sec] = 0
      diagonalizing global relaxation matrix ... done, cpu time[sec] = 0.62359, elapsed time[sec] = 0
      microscopic rate coefficients (at reference energy) over collision frequency:
             W1->P1       W1->P2
            5.89749      36.3416
      eigenvector populations normalized:
          L        *R        *P        W1
          0     0.122         1         1
      *R - eigenvalue over the relaxation limit
      *P - eigenvector projection squared on the relaxation subspace (= 1 -F_ne)
      eigenvector projections:
          L        *Q        *P        W1
          0      1.94         1  -0.00375
         *Z       ---       ---  3.35e+14
      *Q - eigenvalue over the collision frequency in first well
      *P - eigenvector projection squared on the relaxation subspace (= 1 - F_ne)
      *Z - well partition function square root
      dimension of the chemical subspace = 0
      isomers-to-bimolecular equilibrium coefficients (kappa matrix):
        W\P       P1       P2
         W1     0.89     0.11
      hot energies # = 0
      prompt isomerization/dissociation:
        W\W,P  Total Diss.           P1           P2
           W1            1     0.871377     0.104408

   MasterEquation::direct_diagonalization_method:  done, cpu time[sec] = 0.744509, elapsed time[sec] = 0
   MasterEquation::set:  starts
      Temperature      = 1000 K
      Energy reference = 22600 1/cm
      Energy step      = 139 1/cm
      setting wells, barriers, and bimolecular starts
         W1 Well: average energy = 15.3 kcal/mol
         W1 Well: density of states done, elapsed time[sec] = 0.002393
         W1 Well: collisional kernel bandwidth = 37
         W1 Well: collisional energy transfer kernel done, elapsed time[sec] = 0.088463
         W1 Well: relaxation modes basis done, elapsed time[sec] = 0.036909
         W1 Well: kernel in relaxation modes basis done, elapsed time[sec] = 0.056754
         W1 Well: relaxation eigenvalues done, elapsed time[sec] = 0.147013
         W1 Well: minimal relaxation eigenvalue = 0.0135232
         W1 Well: maximal relaxation eigenvalue = 12.9452
         W1 Well:       grid size = 164
         W1 Well:      real depth = -139 1/cm
         W1 Well: effective depth = -195 1/cm
         B1 Barrier:        grid size = 163
         B1 Barrier:      real height = 0 1/cm
         B1 Barrier: effective height = -57 1/cm
         B2 Barrier:        grid size = 163
         B2 Barrier:      real height = 0 1/cm
         B2 Barrier: effective height = -57 1/cm
      setting wells, barriers, and bimolecular done, cpu time[sec] = 0.34401, elapsed time[sec] = 0
      Bound Species (D1/D2 - density of states at dissociation energy (DE)/reference energy):
       Name  Depth     DE      *D1      *D2
              1/cm   1/cm       cm       cm
         W1   -195    -57 1.09e+04 1.15e+17
      Well-to-Bimolecular Barriers (N - number of states at the reference energy):
       Name Height       *N
              1/cm         
         B1    -57  7.6e+14
         B2    -57 6.82e+15
      Effective equilibrium constants(bimolecular units - cm^3):
        Q/Q        W1        P1        P2
         W1         1  1.76e-16  1.82e-19
         P1  5.68e+15         1   0.00103
         P2   5.5e+18       968         1
      Real equilibrium constants(bimolecular units - cm^3):
        Q/Q        W1        P1        P2
         W1         1  1.14e-19  1.18e-22
         P1  8.75e+18         1   0.00103
         P2  8.47e+21       968         1
   MasterEquation::set:  done, cpu time[sec] = 0.348015, elapsed time[sec] = 0
   MasterEquation::direct_diagonalization_method:  starts
      Pressure = 0.01 bar	 Temperature = 1000 K
            Well    Collision, 1/sec
              W1         3.82691e+07
      global relaxation matrix dimension = 164
      setting global matrices ... done, cpu time[sec] = 0.054686, elapsed time[sec] = 0
      diagonalizing global relaxation matrix ... done, cpu time[sec] = 0.602336, elapsed time[sec] = 0
      microscopic rate coefficients (at reference energy) over collision frequency:
             W1->P1       W1->P2
            5.19585       46.605
      eigenvector populations normalized:
          L        *R        *P        W1
          0     0.353         1         1
      *R - eigenvalue over the relaxation limit
      *P - eigenvector projection squared on the relaxation subspace (= 1 -F_ne)
      eigenvector projections:
          L        *Q        *P        W1
          0      12.9         1   0.00144
         *Z       ---       ---  4.52e+14
      *Q - eigenvalue over the collision frequency in first well
      *P - eigenvector projection squared on the relaxation subspace (= 1 - F_ne)
      *Z - well partition function square root
      dimension of the chemical subspace = 0
      isomers-to-bimolecular equilibrium coefficients (kappa matrix):
        W\P       P1       P2
         W1     0.82     0.18
      hot energies # = 0
      prompt isomerization/dissociation:
        W\W,P  Total Diss.           P1           P2
           W1            1     0.802745     0.172974

   MasterEquation::direct_diagonalization_method:  done, cpu time[sec] = 0.712253, elapsed time[sec] = 0
rate calculation done, cpu time[sec] = 283.92, elapsed time[sec] = 11
