    E, kcal/mol    D, mol/kcal         W1->P1         W1->P2
              0    1.14515e+07              0              0
            0.1    2.04856e+07    2.34163e+08        4153.76
            0.2    3.37504e+07    1.27629e+09        16667.3
            0.3    5.35114e+07    2.90672e+09        36570.5
            0.4    8.08635e+07     4.7834e+09        62719.4
            0.5    1.18591e+08    6.61177e+09        93380.9
            0.6    1.69958e+08    8.21808e+09         127117
            0.7    2.37627e+08    9.57668e+09         163756
            0.8    3.25004e+08    1.06872e+10         203163
            0.9    4.36544e+08    1.15533e+10         245043
              1    5.78197e+08    1.21775e+10         288924
            1.1    7.54235e+08    1.26242e+10         336129
            1.2    9.71468e+08    1.29106e+10         387028
            1.3    1.23666e+09    1.30678e+10         442300
            1.4     1.5581e+09    1.31153e+10         502297
            1.5    1.94432e+09    1.30764e+10         567593
            1.6    2.40552e+09    1.29659e+10         638537
            1.7    2.95053e+09    1.28082e+10         716123
            1.8    3.59339e+09    1.26035e+10         800281
            1.9    4.34509e+09    1.23696e+10         892034
              2    5.22118e+09    1.21095e+10         991724
            2.1    6.23476e+09    1.18352e+10    1.10057e+06
            2.2    7.40403e+09    1.15479e+10    1.21913e+06
            2.3    8.74502e+09     1.1255e+10    1.34865e+06
            2.4    1.02792e+10    1.09566e+10    1.48979e+06
            2.5    1.20252e+10    1.06582e+10    1.64392e+06
            2.6    1.40053e+10    1.03615e+10    1.81216e+06
            2.7    1.62444e+10    1.00673e+10    1.99562e+06
            2.8    1.87667e+10    9.77792e+09    2.19575e+06
            2.9    2.16008e+10    9.49345e+09     2.4138e+06
              3    2.47738e+10    9.21562e+09    2.65151e+06
            3.1    2.83172e+10    8.94461e+09    2.91045e+06
            3.2    3.22644e+10    8.68064e+09    3.19233e+06
            3.3    3.66498e+10    8.42408e+09    3.49901e+06
            3.4    4.15095e+10    8.17526e+09    3.83251e+06
            3.5    4.68846e+10    7.93386e+09    4.19469e+06
            3.6    5.28177e+10    7.69978e+09    4.58757e+06
            3.7    5.93521e+10    7.47312e+09    5.01338e+06
            3.8    6.65371e+10    7.25355e+09    5.47413e+06
            3.9    7.44218e+10    7.04107e+09    5.97213e+06
              4    8.30644e+10    6.83573e+09    6.50919e+06
            4.1    9.25186e+10    6.63869e+09    7.08776e+06
            4.2    1.02851e+11     6.4501e+09    7.70949e+06
            4.3    1.14122e+11    6.27052e+09    8.37667e+06
            4.4    1.26409e+11    6.09956e+09     9.0906e+06
            4.5    1.39781e+11    5.93731e+09    9.85329e+06
            4.6    1.54323e+11    5.78328e+09    1.06657e+07
            4.7    1.70116e+11    5.63764e+09    1.15295e+07
            4.8    1.87256e+11    5.50003e+09     1.2445e+07
            4.9    2.05836e+11    5.37034e+09    1.34132e+07
              5    2.25962e+11    5.24812e+09    1.44344e+07
            5.1    2.47742e+11    5.13299e+09    1.55087e+07
            5.2    2.71291e+11    5.02448e+09    1.66361e+07
            5.3    2.96736e+11    4.92209e+09    1.78159e+07
            5.4    3.24206e+11    4.82536e+09    1.90477e+07
            5.5    3.53843e+11    4.73376e+09    2.03304e+07
            5.6    3.85787e+11    4.64691e+09    2.16635e+07
            5.7    4.20202e+11    4.56427e+09    2.30452e+07
            5.8    4.57249e+11     4.4855e+09    2.44746e+07
            5.9    4.97102e+11    4.41017e+09    2.59501e+07
              6    5.39945e+11    4.33795e+09    2.74704e+07
            6.1    5.85973e+11     4.2685e+09    2.90337e+07
            6.2    6.35389e+11    4.20153e+09    3.06386e+07
            6.3    6.88412e+11    4.13676e+09    3.22835e+07
            6.4    7.45261e+11    4.07398e+09     3.3967e+07
            6.5    8.06183e+11    4.01294e+09    3.56874e+07
            6.6    8.71422e+11    3.95348e+09    3.74436e+07
            6.7    9.41246e+11    3.89541e+09     3.9234e+07
            6.8    1.01592e+12    3.83861e+09    4.10576e+07
            6.9    1.09575e+12    3.78292e+09    4.29129e+07
              7    1.18103e+12    3.72827e+09    4.47993e+07
            7.1    1.27208e+12    3.67453e+09    4.67154e+07
            7.2    1.36923e+12    3.62163e+09    4.86607e+07
            7.3    1.47282e+12    3.56951e+09    5.06343e+07
            7.4    1.58323e+12     3.5181e+09    5.26355e+07
            7.5    1.70084e+12    3.46735e+09    5.46639e+07
            7.6    1.82604e+12    3.41721e+09    5.67188e+07
            7.7    1.95925e+12    3.36767e+09    5.88002e+07
            7.8    2.10091e+12    3.31868e+09    6.09074e+07
            7.9    2.25148e+12    3.27033e+09    6.30405e+07
              8    2.41142e+12    3.22265e+09    6.51991e+07
            8.1    2.58125e+12    3.17571e+09    6.73832e+07
            8.2    2.76149e+12    3.12955e+09    6.95927e+07
            8.3    2.95267e+12    3.08417e+09    7.18275e+07
            8.4    3.15538e+12    3.03961e+09    7.40878e+07
            8.5     3.3702e+12     2.9959e+09    7.63734e+07
            8.6    3.59776e+12     2.9531e+09    7.86845e+07
            8.7    3.83873e+12    2.91123e+09    8.10208e+07
            8.8    4.09376e+12    2.87034e+09    8.33825e+07
            8.9    4.36359e+12    2.83043e+09    8.57694e+07
              9    4.64896e+12    2.79152e+09    8.81817e+07
            9.1    4.95064e+12     2.7536e+09    9.06189e+07
            9.2    5.26945e+12    2.71669e+09    9.30811e+07
            9.3    5.60626e+12     2.6808e+09    9.55679e+07
            9.4    5.96192e+12    2.64594e+09    9.80793e+07
            9.5     6.3374e+12     2.6121e+09    1.00615e+08
            9.6    6.73364e+12    2.57926e+09    1.03174e+08
            9.7    7.15168e+12    2.54739e+09    1.05756e+08
            9.8    7.59254e+12    2.51647e+09    1.08362e+08
            9.9    8.05736e+12    2.48645e+09     1.1099e+08
             10    8.54727e+12     2.4573e+09     1.1364e+08
           10.1    9.06348e+12    2.42897e+09    1.16311e+08
           10.2    9.60722e+12    2.40142e+09    1.19004e+08
           10.3    1.01798e+13    2.37462e+09    1.21716e+08
           10.4    1.07826e+13     2.3485e+09    1.24449e+08
           10.5     1.1417e+13    2.32303e+09    1.27201e+08
           10.6    1.20845e+13    2.29816e+09    1.29972e+08
           10.7    1.27866e+13    2.27386e+09     1.3276e+08
           10.8    1.35249e+13    2.25008e+09    1.35567e+08
           10.9     1.4301e+13    2.22679e+09     1.3839e+08
             11    1.51168e+13    2.20394e+09    1.41231e+08
           11.1    1.59739e+13    2.18152e+09    1.44087e+08
           11.2    1.68742e+13    2.15948e+09    1.46959e+08
           11.3    1.78196e+13     2.1378e+09    1.49846e+08
           11.4    1.88122e+13    2.11645e+09    1.52749e+08
           11.5    1.98541e+13    2.09541e+09    1.55665e+08
           11.6    2.09473e+13    2.07465e+09    1.58596e+08
           11.7    2.20941e+13    2.05415e+09    1.61541e+08
           11.8    2.32969e+13    2.03392e+09    1.64499e+08
           11.9    2.45581e+13    2.01394e+09    1.67471e+08
             12    2.58802e+13    1.99422e+09    1.70455e+08
           12.1    2.72657e+13    1.97474e+09    1.73452e+08
           12.2    2.87174e+13    1.95549e+09    1.76462e+08
           12.3    3.02381e+13    1.93648e+09    1.79484e+08
           12.4    3.18306e+13    1.91771e+09    1.82518e+08
           12.5     3.3498e+13    1.89918e+09    1.85564e+08
           12.6    3.52434e+13    1.88089e+09    1.88622e+08
           12.7      3.707e+13    1.86285e+09    1.91692e+08
           12.8    3.89812e+13    1.84506e+09    1.94773e+08
           12.9    4.09805e+13    1.82751e+09    1.97865e+08
             13    4.30714e+13    1.81022e+09    2.00968e+08
           13.1    4.52577e+13    1.79319e+09    2.04082e+08
           13.2    4.75434e+13    1.77643e+09    2.07207e+08
           13.3    4.99323e+13    1.75995e+09    2.10343e+08
           13.4    5.24288e+13    1.74375e+09    2.13488e+08
           13.5     5.5037e+13    1.72783e+09    2.16644e+08
           13.6    5.77615e+13    1.71219e+09     2.1981e+08
           13.7    6.06069e+13    1.69684e+09    2.22985e+08
           13.8    6.35781e+13    1.68178e+09     2.2617e+08
           13.9    6.66799e+13    1.66699e+09    2.29364e+08
             14    6.99176e+13    1.65249e+09    2.32567e+08
           14.1    7.32965e+13    1.63827e+09    2.35779e+08
           14.2    7.68222e+13    1.62431e+09    2.38999e+08
           14.3    8.05003e+13    1.61061e+09    2.42227e+08
           14.4    8.43368e+13    1.59717e+09    2.45463e+08
           14.5    8.83377e+13    1.58397e+09    2.48706e+08
           14.6    9.25096e+13    1.57101e+09    2.51957e+08
           14.7    9.68589e+13    1.55827e+09    2.55215e+08
           14.8    1.01392e+14    1.54574e+09     2.5848e+08
           14.9    1.06117e+14    1.53341e+09    2.61751e+08
             15     1.1104e+14    1.52127e+09    2.65029e+08
           15.1     1.1617e+14    1.50932e+09    2.68313e+08
           15.2    1.21513e+14    1.49754e+09    2.71602e+08
           15.3    1.27077e+14    1.48593e+09    2.74898e+08
           15.4    1.32872e+14    1.47446e+09    2.78199e+08
           15.5    1.38906e+14    1.46314e+09    2.81505e+08
           15.6    1.45186e+14    1.45196e+09    2.84816e+08
           15.7    1.51724e+14    1.44091e+09    2.88132e+08
           15.8    1.58527e+14    1.42999e+09    2.91453e+08
           15.9    1.65606e+14    1.41919e+09    2.94779e+08
             16    1.72971e+14    1.40851e+09    2.98109e+08
           16.1    1.80632e+14    1.39794e+09    3.01444e+08
           16.2      1.886e+14    1.38748e+09    3.04783e+08
           16.3    1.96886e+14    1.37712e+09    3.08126e+08
           16.4    2.05501e+14    1.36687e+09    3.11473e+08
           16.5    2.14457e+14    1.35673e+09    3.14824e+08
           16.6    2.23766e+14    1.34668e+09    3.18179e+08
           16.7    2.33441e+14    1.33673e+09    3.21538e+08
           16.8    2.43495e+14    1.32688e+09    3.24901e+08
           16.9    2.53941e+14    1.31713e+09    3.28268e+08
             17    2.64792e+14    1.30748e+09    3.31638e+08
           17.1    2.76064e+14    1.29793e+09    3.35011e+08
           17.2     2.8777e+14    1.28849e+09    3.38388e+08
           17.3    2.99925e+14    1.27915e+09    3.41769e+08
           17.4    3.12546e+14    1.26991e+09    3.45153e+08
           17.5    3.25648e+14    1.26078e+09     3.4854e+08
           17.6    3.39248e+14    1.25176e+09     3.5193e+08
           17.7    3.53363e+14    1.24285e+09    3.55324e+08
           17.8    3.68011e+14    1.23405e+09     3.5872e+08
           17.9    3.83209e+14    1.22536e+09    3.62119e+08
             18    3.98977e+14    1.21678e+09    3.65521e+08
           18.1    4.15333e+14    1.20831e+09    3.68926e+08
           18.2    4.32298e+14    1.19995e+09    3.72334e+08
           18.3    4.49892e+14    1.19169e+09    3.75744e+08
           18.4    4.68136e+14    1.18355e+09    3.79157e+08
           18.5    4.87053e+14    1.17552e+09    3.82572e+08
           18.6    5.06663e+14    1.16758e+09    3.85989e+08
           18.7    5.26991e+14    1.15976e+09    3.89408e+08
           18.8     5.4806e+14    1.15203e+09    3.92829e+08
           18.9    5.69895e+14    1.14441e+09    3.96253e+08
             19    5.92521e+14    1.13687e+09    3.99678e+08
           19.1    6.15963e+14    1.12944e+09    4.03105e+08
           19.2    6.40249e+14    1.12209e+09    4.06533e+08
           19.3    6.65407e+14    1.11482e+09    4.09963e+08
           19.4    6.91464e+14    1.10764e+09    4.13395e+08
           19.5    7.18449e+14    1.10054e+09    4.16828e+08
           19.6    7.46393e+14    1.09352e+09    4.20262e+08
           19.7    7.75327e+14    1.08657e+09    4.23698e+08
           19.8    8.05282e+14     1.0797e+09    4.27134e+08
           19.9    8.36291e+14    1.07289e+09    4.30572e+08
             20    8.68387e+14    1.06615e+09    4.34011e+08
