Wells (G - ground energy, D - dissociation limit, kcal/mol):
      Name        G        D
        W1    -77.6    -29.9
        W3    -68.8    -23.0

Bimolecular Products (G - ground energy, kcal/mol):
      Name        G
        R1      0.0
        P1    -29.9

Well-to-Bimolecular Barriers (H/G - barrier height/well depth, kcal/mol)
      Name        H     Well        G  Product
        B2      0.0       W1    -77.6       R1
        B3      0.0       W3    -68.8       R1
        B4    -29.9       W1    -77.6       P1

Well-to-Well Barriers (H/G - barrier height/well depth, kcal/mol):
      Name        H     Well       G1     Well       G2
        B1    -23.0       W1    -77.6       W3    -68.8

________________________________________________________________________________________

Unimolecular Rate Units: 1/sec;  Bimolecular Rate Units: cm^3/sec

______________________________________________________________________________________

Species-Species Rate Tables:

Temperature = 200 K

High Pressure Rate Coefficients:

From\To            W1           W3           R1           P1
W1                ***  7.09478e-28  2.50355e-72  3.95278e-38
W3        8.71894e-18          ***  5.33421e-62          ***
R1        3.71197e-11  6.43566e-11          ***          ***
P1        3.64239e-11          ***          ***          ***

Temperature = 200 K    Pressure = 0.1 atm

From\To            W1           W3           R1           P1
W1        4.36085e-39  3.78011e-48 -1.98397e-69  4.36085e-39
W3       -3.30691e-38  2.27086e-34  1.70652e-66  2.27119e-34
R1       -2.94155e-08  2.05454e-15  1.01415e-10  1.01416e-10
P1        4.01835e-12   1.6994e-17   6.3029e-45  4.01837e-12

Temperature = 200 K    Pressure = 0.2154 atm

From\To            W1           W3           R1           P1
W1        6.94222e-39  1.18439e-47    2.384e-69  6.94223e-39
W3        6.32492e-38  2.30537e-34  4.17267e-66  2.30474e-34
R1        3.53468e-08   5.0311e-15  1.01415e-10  1.01415e-10
P1        6.39702e-12  1.72705e-17  6.30284e-45  6.39703e-12

Temperature = 200 K    Pressure = 0.4641 atm

From\To            W1           W3           R1           P1
W1        1.04808e-38  3.98618e-47 -2.23171e-69  1.04808e-38
W3        4.04711e-37  2.32617e-34  -2.0865e-66  2.32212e-34
R1        -3.3089e-08 -2.51693e-15  1.01415e-10  1.01416e-10
P1        9.65775e-12  1.74088e-17  6.30294e-45  9.65777e-12

Temperature = 200 K    Pressure = 1 atm

From\To            W1           W3           R1           P1
W1        1.49311e-38  1.40068e-46 -1.45335e-69  1.49311e-38
W3        1.63367e-36  2.33776e-34  1.79386e-67  2.32142e-34
R1       -2.15484e-08  2.16406e-16  1.01415e-10  1.01416e-10
P1        1.37585e-11  1.74058e-17  6.30291e-45  1.37586e-11

Temperature = 200 K    Pressure = 2.154 atm

From\To            W1           W3           R1           P1
W1              2e-38  4.80674e-46  4.96212e-72        2e-38
W3        5.82011e-36  2.34382e-34  1.08795e-67  2.28562e-34
R1        7.35723e-11  1.31259e-16  1.01416e-10  1.01415e-10
P1        1.84295e-11   1.7138e-17  6.30289e-45  1.84295e-11

Temperature = 200 K    Pressure = 4.641 atm

From\To            W1           W3           R1           P1
W1        2.51714e-38  1.46265e-45  9.18616e-70  2.51714e-38
W3        1.78975e-35  2.34686e-34  1.70411e-69  2.16788e-34
R1        1.36201e-08  2.06255e-18  1.01416e-10  1.01416e-10
P1        2.31948e-11  1.62553e-17  6.30295e-45  2.31948e-11

Temperature = 200 K    Pressure = 10 atm

From\To            W1           W3           R1           P1
W1        2.98414e-38  3.61157e-45 -1.54647e-70  2.98414e-38
W3        4.43269e-35  2.34832e-34  2.87177e-70  1.90505e-34
R1       -2.29293e-09   3.4567e-19  1.01418e-10  1.01418e-10
P1        2.74981e-11  1.42846e-17  6.30307e-45  2.74981e-11

Temperature = 200 K    Pressure = 65 atm

From\To            W1           W3           R1           P1
W1        3.69462e-38  1.23884e-44 -3.45432e-69  3.69462e-38
W3        1.52235e-34  2.34943e-34 -1.22928e-63  8.27082e-35
R1       -5.12166e-08 -1.48312e-12  1.01429e-10  1.01417e-10
P1         3.4045e-11  6.20166e-18  6.30299e-45   3.4045e-11

Temperature = 210 K

High Pressure Rate Coefficients:

From\To            W1           W3           R1           P1
W1                ***  4.15418e-27  3.05275e-68  1.31824e-35
W3        1.81808e-17          ***  2.18488e-58          ***
R1        3.92666e-11  6.42141e-11          ***          ***
P1        3.60283e-11          ***          ***          ***

Temperature = 210 K    Pressure = 0.1 atm

From\To            W1           W3           R1           P1
W1        1.28323e-36  3.29933e-45   8.0706e-66  1.28323e-36
W3       -6.11911e-37  4.39847e-32 -1.47394e-63  4.39853e-32
R1        1.03808e-08 -4.32274e-16  1.03407e-10  1.03407e-10
P1        3.50708e-12  2.74104e-17  2.19717e-43  3.50711e-12

Temperature = 210 K    Pressure = 0.2154 atm

From\To            W1           W3           R1           P1
W1        2.06935e-36  1.00438e-44  1.28244e-66  2.06935e-36
W3        2.83316e-35  4.47146e-32  -3.7245e-63  4.46862e-32
R1        1.64954e-09 -1.09394e-15  1.03407e-10  1.03407e-10
P1        5.65556e-12  2.78879e-17  2.19718e-43  5.65559e-12

Temperature = 210 K    Pressure = 0.4641 atm

From\To            W1           W3           R1           P1
W1        3.16893e-36  3.24853e-44 -4.38605e-66  3.16893e-36
W3        1.25988e-34  4.51613e-32  5.10799e-64  4.50353e-32
R1        -5.6416e-09  1.50092e-16  1.03407e-10  1.03407e-10
P1        8.66078e-12  2.81187e-17  2.19718e-43  8.66081e-12

Temperature = 210 K    Pressure = 1 atm

From\To            W1           W3           R1           P1
W1        4.58411e-36  1.08155e-43  1.51321e-66  4.58411e-36
W3        4.56775e-34  4.54142e-32 -1.90624e-64  4.49574e-32
R1        1.94639e-09 -5.60201e-17  1.03407e-10  1.03407e-10
P1        1.25286e-11  2.80738e-17  2.19718e-43  1.25286e-11

Temperature = 210 K    Pressure = 2.154 atm

From\To            W1           W3           R1           P1
W1        6.23863e-36  3.46526e-43 -3.24364e-66  6.23863e-36
W3        1.50045e-33  4.55483e-32 -1.72035e-64  4.40478e-32
R1       -4.17219e-09 -5.05661e-17  1.03407e-10  1.03408e-10
P1        1.70505e-11  2.75068e-17  2.19719e-43  1.70505e-11

Temperature = 210 K    Pressure = 4.641 atm

From\To            W1           W3           R1           P1
W1        7.97598e-36  9.76217e-43 -2.25738e-66  7.97598e-36
W3        4.25856e-33   4.5616e-32 -1.10931e-66  4.13575e-32
R1       -2.90359e-09 -3.28994e-19  1.03408e-10  1.03408e-10
P1        2.17987e-11  2.58269e-17   2.1972e-43  2.17988e-11

Temperature = 210 K    Pressure = 10 atm

From\To            W1           W3           R1           P1
W1        9.59423e-36  2.24244e-42  2.06536e-67  9.59423e-36
W3        9.80436e-33  4.56491e-32   5.6672e-67  3.58447e-32
R1        2.65661e-10   1.6675e-19  1.03409e-10  1.03409e-10
P1        2.62215e-11  2.23844e-17  2.19723e-43  2.62216e-11

Temperature = 210 K    Pressure = 65 atm

From\To            W1           W3           R1           P1
W1        1.21802e-35  6.94716e-42 -1.80182e-66  1.21802e-35
W3        3.04029e-32  4.56742e-32 -5.67359e-61  1.52713e-32
R1       -2.31763e-09 -1.66748e-13  1.03421e-10  1.03406e-10
P1        3.32891e-11  9.53664e-18  2.19715e-43  3.32891e-11

Temperature = 220 K

High Pressure Rate Coefficients:

From\To            W1           W3           R1           P1
W1                ***  2.26064e-26   1.5859e-64  2.60033e-33
W3        3.87633e-17          ***    4.213e-55          ***
R1        4.13472e-11   6.4058e-11          ***          ***
P1        3.56727e-11          ***          ***          ***

Temperature = 220 K    Pressure = 0.1 atm

From\To            W1           W3           R1           P1
W1         2.2408e-34  1.58685e-42  8.95164e-63   2.2408e-34
W3        9.59228e-34  5.22133e-30 -7.51182e-60  5.22037e-30
R1        2.33381e-09  -1.1398e-15  1.05328e-10  1.05328e-10
P1        3.07398e-12  4.16796e-17  5.54215e-42  3.07402e-12

Temperature = 220 K    Pressure = 0.2154 atm

From\To            W1           W3           R1           P1
W1        3.65673e-34  4.69987e-42  2.39562e-63  3.65673e-34
W3        6.22506e-33  5.31542e-30 -4.85243e-60   5.3092e-30
R1        6.24572e-10 -7.37332e-16  1.05328e-10  1.05328e-10
P1        5.01642e-12  4.24492e-17  5.54215e-42  5.01646e-12

Temperature = 220 K    Pressure = 0.4641 atm

From\To            W1           W3           R1           P1
W1        5.67441e-34  1.46246e-41 -2.05541e-62  5.67441e-34
W3         2.3178e-32  5.37392e-30  4.33325e-60  5.35074e-30
R1       -5.35878e-09  6.58734e-16  1.05328e-10  1.05328e-10
P1        7.78438e-12   4.2801e-17  5.54216e-42  7.78443e-12

Temperature = 220 K    Pressure = 1 atm

From\To            W1           W3           R1           P1
W1        8.32726e-34  4.61575e-41 -3.94888e-64  8.32726e-34
W3        7.72203e-32  5.40756e-30 -7.26051e-61  5.33034e-30
R1       -1.02954e-10  -1.1039e-16  1.05328e-10  1.05328e-10
P1        1.14237e-11  4.26435e-17  5.54216e-42  1.14238e-11

Temperature = 220 K    Pressure = 2.154 atm

From\To            W1           W3           R1           P1
W1        1.15048e-33  1.38088e-40 -1.38408e-63  1.15048e-33
W3        2.34951e-31  5.42566e-30  1.27714e-61  5.19071e-30
R1       -3.60853e-10  1.94177e-17  1.05328e-10  1.05328e-10
P1        1.57828e-11   4.1528e-17  5.54218e-42  1.57828e-11

Temperature = 220 K    Pressure = 4.641 atm

From\To            W1           W3           R1           P1
W1        1.49324e-33  3.60376e-40  9.62899e-64  1.49324e-33
W3        6.16426e-31  5.43491e-30 -1.87602e-62  4.81848e-30
R1        2.51045e-10 -2.85199e-18  1.05329e-10  1.05329e-10
P1        2.04851e-11  3.85503e-17  5.54222e-42  2.04851e-11

Temperature = 220 K    Pressure = 10 atm

From\To            W1           W3           R1           P1
W1        1.82197e-33  7.71387e-40  2.68638e-63  1.82196e-33
W3        1.32168e-30  5.43945e-30  1.04492e-63  4.11777e-30
R1        7.00388e-10  1.59748e-19   1.0533e-10   1.0533e-10
P1        2.49947e-11  3.29444e-17  5.54229e-42  2.49947e-11

Temperature = 220 K    Pressure = 65 atm

From\To            W1           W3           R1           P1
W1         2.3728e-33  2.16732e-39  9.75664e-63   2.3728e-33
W3        3.71616e-30  5.44293e-30  9.56361e-59  1.72677e-30
R1        2.54373e-09  1.45413e-14  1.05342e-10  1.05326e-10
P1        3.25513e-11  1.38151e-17  5.54208e-42  3.25513e-11

Temperature = 230 K

High Pressure Rate Coefficients:

From\To            W1           W3           R1           P1
W1                ***  1.15587e-25  3.92235e-61  3.24801e-31
W3        8.43733e-17          ***  4.21874e-52          ***
R1        4.33618e-11  6.38919e-11          ***          ***
P1        3.53519e-11          ***          ***          ***

Temperature = 230 K    Pressure = 0.1 atm

From\To            W1           W3           R1           P1
W1        2.48529e-32  4.94094e-40  2.77402e-61  2.48529e-32
W3        2.20998e-31  4.15336e-28  6.20529e-58  4.15115e-28
R1        3.06663e-11  9.37951e-17   1.0718e-10   1.0718e-10
P1        2.70497e-12  6.17762e-17  1.05523e-40  2.70503e-12

Temperature = 230 K    Pressure = 0.2154 atm

From\To            W1           W3           R1           P1
W1        4.10101e-32  1.42267e-39 -3.68862e-60  4.10101e-32
W3        8.92863e-31  4.23336e-28  1.21624e-57  4.22443e-28
R1       -4.07773e-10  1.84082e-16   1.0718e-10   1.0718e-10
P1        4.46354e-12  6.29508e-17  1.05523e-40   4.4636e-12

Temperature = 230 K    Pressure = 0.4641 atm

From\To            W1           W3           R1           P1
W1        6.44322e-32  4.24708e-39 -6.71335e-61  6.44321e-32
W3        2.94994e-30  4.28379e-28 -1.21724e-57  4.25429e-28
R1       -7.42157e-11 -1.84317e-16   1.0718e-10   1.0718e-10
P1        7.01284e-12  6.34235e-17  1.05523e-40   7.0129e-12

Temperature = 230 K    Pressure = 1 atm

From\To            W1           W3           R1           P1
W1         9.5842e-32  1.26325e-38 -1.32163e-60   9.5842e-32
W3        9.07123e-30  4.31323e-28  2.07431e-59  4.22252e-28
R1       -1.46105e-10  3.14062e-18   1.0718e-10   1.0718e-10
P1        1.04316e-11  6.29579e-17  1.05523e-40  1.04316e-11

Temperature = 230 K    Pressure = 2.154 atm

From\To            W1           W3           R1           P1
W1        1.34319e-31  3.49816e-38 -1.15857e-62  1.34319e-31
W3        2.53976e-29   4.3293e-28 -2.78972e-59  4.07532e-28
R1        -1.2808e-12 -4.22494e-18   1.0718e-10   1.0718e-10
P1        1.46195e-11  6.07654e-17  1.05524e-40  1.46195e-11

Temperature = 230 K    Pressure = 4.641 atm

From\To            W1           W3           R1           P1
W1        1.76882e-31  8.37914e-38  1.55629e-60  1.76882e-31
W3        6.10562e-29   4.3376e-28  3.42106e-60  3.72704e-28
R1        1.72049e-10  5.18742e-19  1.07181e-10  1.07181e-10
P1        1.92522e-11  5.55728e-17  1.05524e-40  1.92522e-11

Temperature = 230 K    Pressure = 10 atm

From\To            W1           W3           R1           P1
W1        2.18837e-31   1.6589e-37  3.19396e-61  2.18837e-31
W3        1.21024e-28  4.34173e-28  1.66735e-60  3.13149e-28
R1        3.53094e-11    2.526e-19  1.07182e-10  1.07182e-10
P1        2.38186e-11  4.66928e-17  1.05526e-40  2.38186e-11

Temperature = 230 K    Pressure = 65 atm

From\To            W1           W3           R1           P1
W1        2.92424e-31  4.18573e-37 -4.18546e-60  2.92424e-31
W3        3.05531e-28   4.3449e-28  1.15374e-54  1.28959e-28
R1       -4.62705e-10  1.74732e-13  1.07194e-10  1.07179e-10
P1         3.1828e-11  1.92287e-17  1.05523e-40   3.1828e-11

Temperature = 240 K

High Pressure Rate Coefficients:

From\To            W1           W3           R1           P1
W1                ***  5.60241e-25   5.0666e-58  2.71926e-29
W3        1.87207e-16          ***  2.38079e-49          ***
R1        4.53116e-11  6.37189e-11          ***          ***
P1        3.50616e-11          ***          ***          ***

Temperature = 240 K    Pressure = 0.1 atm

From\To            W1           W3           R1           P1
W1        1.85351e-30  8.59549e-38  9.95365e-58  1.85351e-30
W3        2.13285e-29  2.17655e-26 -6.65541e-55  2.17442e-26
R1        8.90151e-11 -1.77781e-16  1.08947e-10  1.08947e-10
P1        2.38982e-12  8.37423e-17  1.57074e-39  2.38991e-12

Temperature = 240 K    Pressure = 0.2154 atm

From\To            W1           W3           R1           P1
W1        3.09017e-30  2.41146e-37  3.89655e-58  3.09017e-30
W3        7.28653e-29  2.22204e-26  9.82307e-55  2.21475e-26
R1        3.48469e-11  2.62741e-16  1.08947e-10  1.08947e-10
P1        3.98433e-12   8.5407e-17  1.57074e-39  3.98442e-12

Temperature = 240 K    Pressure = 0.4641 atm

From\To            W1           W3           R1           P1
W1        4.91155e-30  6.93057e-37 -2.88417e-58  4.91155e-30
W3        2.23674e-28   2.2512e-26  1.15547e-55  2.22883e-26
R1       -2.57934e-11  3.09189e-17  1.08947e-10  1.08947e-10
P1        6.33278e-12  8.59874e-17  1.57074e-39  6.33287e-12

Temperature = 240 K    Pressure = 1 atm

From\To            W1           W3           R1           P1
W1        7.39929e-30  1.95433e-36  1.21132e-58  7.39929e-30
W3        6.45293e-28  2.26853e-26 -1.48364e-56    2.204e-26
R1         1.0833e-11 -3.97047e-18  1.08947e-10  1.08947e-10
P1        9.54043e-12  8.50404e-17  1.57074e-39  9.54051e-12

Temperature = 240 K    Pressure = 2.154 atm

From\To            W1           W3           R1           P1
W1        1.05112e-29  5.06049e-36 -2.98917e-59  1.05112e-29
W3        1.68412e-27  2.27814e-26   9.9659e-57  2.10973e-26
R1       -2.67326e-12  2.66719e-18  1.08947e-10  1.08947e-10
P1        1.35529e-11  8.14061e-17  1.57075e-39   1.3553e-11

Temperature = 240 K    Pressure = 4.641 atm

From\To            W1           W3           R1           P1
W1        1.40356e-29  1.12903e-35  1.68749e-58  1.40356e-29
W3        3.76753e-27  2.28318e-26 -2.01998e-58  1.90643e-26
R1        1.50915e-11 -5.39727e-20  1.08948e-10  1.08948e-10
P1        1.80972e-11  7.35624e-17  1.57076e-39  1.80972e-11

Temperature = 240 K    Pressure = 10 atm

From\To            W1           W3           R1           P1
W1        1.76005e-29  2.10189e-35 -2.27558e-58  1.76004e-29
W3        7.02037e-27  2.28571e-26  1.17408e-57  1.58368e-26
R1       -2.03509e-11  3.14154e-19   1.0895e-10   1.0895e-10
P1        2.26936e-11  6.11085e-17