Wells (G - ground energy, D - dissociation limit, kcal/mol):
      Name        G        D
        W0      0.1     -0.1
        W1      0.2      0.0
        W2      0.1     -0.1
        W3      0.2     -0.1
        W4    -86.7    -86.7
       W5t    -34.5     -7.5
       W5c    -29.7     -7.5
        S1     -6.1     -6.1

Bimolecular Products (G - ground energy, kcal/mol):
      Name        G
        P1      0.0
        P2    -88.7
     Pescape    -86.7
     P2143      0.0
     P2141     -2.4
       P41     -5.8

Well-to-Bimolecular Barriers (H/G - barrier height/well depth, kcal/mol)
      Name        H     Well        G  Product
        B0      0.0       W0      0.1       P1
        B1      0.0       W1      0.2       P1
        B2      0.0       W2      0.1       P1
        B3      0.0       W3      0.2       P1
        B5     -0.1       W2      0.1       P2
       B12     -5.7       W4    -86.7       P2
       B13     17.1      W5t    -34.5       P2
       B16    -86.7       W4    -86.7  Pescape
       B18      0.0       S1     -6.1    P2143
       B19     -2.4       S1     -6.1    P2141
       B20     -5.8       S1     -6.1      P41

Well-to-Well Barriers (H/G - barrier height/well depth, kcal/mol):
      Name        H     Well       G1     Well       G2
        B4     -0.1       W0      0.1       W4    -86.7
       B6t      7.4       W1      0.2      W5t    -34.5
       B6c     -0.1       W3      0.2      W5c    -29.7
        B7     -0.0       W0      0.1       W2      0.1
        B8      0.0       W0      0.1       W1      0.2
        B9      0.0       W2      0.1       W3      0.2
       B10      0.1       W0      0.1       W3      0.2
       B11      0.0       W1      0.2       W3      0.2
       B14     -4.5       W4    -86.7      W5t    -34.5
       B15     -7.5      W5t    -34.5      W5c    -29.7
       B17     -6.1       W4    -86.7       S1     -6.1

________________________________________________________________________________________

Unimolecular Rate Units: 1/sec;  Bimolecular Rate Units: cm^3/sec

______________________________________________________________________________________

Species-Species Rate Tables:

Temperature = 300 K

High Pressure Rate Coefficients:

From\To            W0           W1           W2           W3           W4          W5t          W5c           S1           P1           P2      Pescape        P2143        P2141          P41
W0                ***  5.66195e+12  7.75067e+12  2.97503e+12   3.4019e+11          ***          ***          ***  1.56345e+12          ***          ***          ***          ***          ***
W1        1.38697e+13          ***          ***  6.72599e+12          ***       722231          ***          ***  2.00287e+12          ***          ***          ***          ***          ***
W2        7.75067e+12          ***          ***   2.6531e+12          ***          ***          ***          ***  1.57524e+12  2.82082e+11          ***          ***          ***          ***
W3        1.34922e+13  1.24522e+13  1.20322e+13          ***          ***          ***  5.47002e+10          ***  3.07565e+12          ***          ***          ***          ***          ***
W4        3.55888e-49          ***          ***          ***          ***  3.98609e-42          ***  4.46931e-52          ***  3.09116e-40  1.85757e-20          ***          ***          ***
W5t               ***  1.47633e-17          ***          ***  0.000190794          ***  8.38126e-06          ***          ***  2.33148e-14          ***          ***          ***          ***
W5c               ***          ***          ***  1.90968e-09          ***    0.0265011          ***          ***          ***          ***          ***          ***          ***          ***
S1                ***          ***          ***          ***  2.25524e+07          ***          ***          ***          ***          ***          ***  6.25139e-21  3.58525e-19  1.06396e-16
P1        6.24847e-10  3.26769e-10  6.29558e-10   2.7104e-10          ***          ***          ***          ***          ***          ***          ***          ***          ***          ***
P2                ***          ***  1.62705e-74          ***  1.70433e-65  2.68564e-77          ***          ***          ***          ***          ***          ***          ***          ***
Pescape           ***          ***          ***          ***  4.74728e-45          ***          ***          ***          ***          ***          ***          ***          ***          ***
P2143             ***          ***          ***          ***          ***          ***          ***  5.12794e-41          ***          ***          ***          ***          ***          ***
P2141             ***          ***          ***          ***          ***          ***          ***  5.12708e-41          ***          ***          ***          ***          ***          ***
P41               ***          ***          ***          ***          ***          ***          ***  5.12794e-41          ***          ***          ***          ***          ***          ***

Temperature = 300 K    Pressure = 1 bar

From\To            W0           W1           W2           W3           W4          W5t          W5c           S1           P1           P2      Pescape        P2143        P2141          P41        W5t/0        W5c/0
W0                ***          ***          ***          ***          ***          ***          ***          ***          ***          ***          ***          ***          ***          ***          ***          ***
W1                ***          ***          ***          ***          ***          ***          ***          ***          ***          ***          ***          ***          ***          ***          ***          ***
W2                ***          ***          ***          ***          ***          ***          ***          ***          ***          ***          ***          ***          ***          ***          ***          ***
W3                ***          ***          ***          ***          ***          ***          ***          ***          ***          ***          ***          ***          ***          ***          ***          ***
W4                ***          ***          ***          ***  2.42778e-50          ***          ***          ***  5.13234e-51  1.89437e-50  1.87718e-52  1.64104e-82  1.63834e-82  1.63834e-82  9.01629e-54  5.19938e-54
W5t               ***          ***          ***          ***          ***          ***          ***          ***          ***          ***          ***          ***          ***          ***          ***          ***
W5c               ***          ***          ***          ***          ***          ***          ***          ***          ***          ***          ***          ***          ***          ***          ***          ***
S1                ***          ***          ***          ***          ***          ***          ***          ***          ***          ***          ***          ***          ***          ***          ***          ***
P1                ***          ***          ***          ***  6.59654e-17          ***          ***          ***  1.63351e-10  1.62799e-10  5.09701e-13 -2.27051e-50 -2.26057e-50 -2.26057e-50  2.64204e-14  1.56205e-14
P2                ***          ***          ***          ***  3.51399e-80          ***          ***          ***  2.34956e-74  2.38433e-74  3.23162e-76 -5.6808e-114-5.67605e-114-5.67605e-114  1.54886e-77  8.93424e-78
Pescape           ***          ***          ***          ***  1.61402e-81          ***          ***          ***  3.40971e-76  1.49791e-75  1.84003e-75-2.35974e-115-2.35992e-115-2.35992e-115  7.24143e-79  4.17375e-79
P2143             ***          ***          ***          ***  2.28529e-48          ***          ***          *** -2.46007e-50 -4.26477e-50 -3.82195e-52  2.21765e-48  8.46207e-83  8.46207e-83 -2.03539e-53 -1.18309e-53
P2141             ***          ***          ***          ***  3.97752e-50          ***          ***          *** -4.26997e-52 -7.42878e-52  -6.6635e-54  1.47524e-84  3.85984e-50  1.46604e-84 -3.54847e-55 -2.06251e-55
P41               ***          ***          ***          ***  1.34054e-52          ***          ***          ***  -1.4391e-54 -2.50371e-54 -2.24579e-56  4.97196e-87  4.94098e-87  1.30088e-52 -1.19594e-57 -6.95124e-58

______________________________________________________________________________________

High Pressure Rate Coefficients (Temperature-Species Rate Tables):

   T(K)       W0->W0       W0->W1       W0->W2       W0->W3       W0->W4      W0->W5t      W0->W5c       W0->S1       W0->P1       W0->P2  W0->Pescape    W0->P2143    W0->P2141      W0->P41
    300          ***  5.66195e+12  7.75067e+12  2.97503e+12   3.4019e+11          ***          ***          ***  1.56345e+12          ***          ***          ***          ***          ***

   T(K)       W1->W0       W1->W1       W1->W2       W1->W3       W1->W4      W1->W5t      W1->W5c       W1->S1       W1->P1       W1->P2  W1->Pescape    W1->P2143    W1->P2141      W1->P41
    300  1.38697e+13          ***          ***  6.72599e+12          ***       722231          ***          ***  2.00287e+12          ***          ***          ***          ***          ***

   T(K)       W2->W0       W2->W1       W2->W2       W2->W3       W2->W4      W2->W5t      W2->W5c       W2->S1       W2->P1       W2->P2  W2->Pescape    W2->P2143    W2->P2141      W2->P41
    300  7.75067e+12          ***          ***   2.6531e+12          ***          ***          ***          ***  1.57524e+12  2.82082e+11          ***          ***          ***          ***

   T(K)       W3->W0       W3->W1       W3->W2       W3->W3       W3->W4      W3->W5t      W3->W5c       W3->S1       W3->P1       W3->P2  W3->Pescape    W3->P2143    W3->P2141      W3->P41
    300  1.34922e+13  1.24522e+13  1.20322e+13          ***          ***          ***  5.47002e+10          ***  3.07565e+12          ***          ***          ***          ***          ***

   T(K)       W4->W0       W4->W1       W4->W2       W4->W3       W4->W4      W4->W5t      W4->W5c       W4->S1       W4->P1       W4->P2  W4->Pescape    W4->P2143    W4->P2141      W4->P41
    300  3.55888e-49          ***          ***          ***          ***  3.98609e-42          ***  4.46931e-52          ***  3.09116e-40  1.85757e-20          ***          ***          ***

   T(K)      W5t->W0      W5t->W1      W5t->W2      W5t->W3      W5t->W4     W5t->W5t     W5t->W5c      W5t->S1      W5t->P1      W5t->P2 W5t->Pescape   W5t->P2143   W5t->P2141     W5t->P41
    300          ***  1.47633e-17          ***          ***  0.000190794          ***  8.38126e-06          ***          ***  2.33148e-14          ***          ***          ***          ***

   T(K)      W5c->W0      W5c->W1      W5c->W2      W5c->W3      W5c->W4     W5c->W5t     W5c->W5c      W5c->S1      W5c->P1      W5c->P2 W5c->Pescape   W5c->P2143   W5c->P2141     W5c->P41
    300          ***          ***          ***  1.90968e-09          ***    0.0265011          ***          ***          ***          ***          ***          ***          ***          ***

   T(K)       S1->W0       S1->W1       S1->W2       S1->W3       S1->W4      S1->W5t      S1->W5c       S1->S1       S1->P1       S1->P2  S1->Pescape    S1->P2143    S1->P2141      S1->P41
    300          ***          ***          ***          ***  2.25524e+07          ***          ***          ***          ***          ***          ***  6.25139e-21  3.58525e-19  1.06396e-16

   T(K)       P1->W0       P1->W1       P1->W2       P1->W3       P1->W4      P1->W5t      P1->W5c       P1->S1       P1->P1       P1->P2  P1->Pescape    P1->P2143    P1->P2141      P1->P41
    300  6.24847e-10  3.26769e-10  6.29558e-10   2.7104e-10          ***          ***          ***          ***          ***          ***          ***          ***          ***          ***

   T(K)       P2->W0       P2->W1       P2->W2       P2->W3       P2->W4      P2->W5t      P2->W5c       P2->S1       P2->P1       P2->P2  P2->Pescape    P2->P2143    P2->P2141      P2->P41
    300          ***          ***  1.62705e-74          ***  1.70433e-65  2.68564e-77          ***          ***          ***          ***          ***          ***          ***          ***

   T(K)  Pescape->W0  Pescape->W1  Pescape->W2  Pescape->W3  Pescape->W4 Pescape->W5t Pescape->W5c  Pescape->S1  Pescape->P1  Pescape->P2Pescape->PescapePescape->P2143Pescape->P2141 Pescape->P41
    300          ***          ***          ***          ***  4.74728e-45          ***          ***          ***          ***          ***          ***          ***          ***          ***

   T(K)    P2143->W0    P2143->W1    P2143->W2    P2143->W3    P2143->W4   P2143->W5t   P2143->W5c    P2143->S1    P2143->P1    P2143->P2P2143->Pescape P2143->P2143 P2143->P2141   P2143->P41
    300          ***          ***          ***          ***          ***          ***          ***  5.12794e-41          ***          ***          ***          ***          ***          ***

   T(K)    P2141->W0    P2141->W1    P2141->W2    P2141->W3    P2141->W4   P2141->W5t   P2141->W5c    P2141->S1    P2141->P1    P2141->P2P2141->Pescape P2141->P2143 P2141->P2141   P2141->P41
    300          ***          ***          ***          ***          ***          ***          ***  5.12708e-41          ***          ***          ***          ***          ***          ***

   T(K)      P41->W0      P41->W1      P41->W2      P41->W3      P41->W4     P41->W5t     P41->W5c      P41->S1      P41->P1      P41->P2 P41->Pescape   P41->P2143   P41->P2141     P41->P41
    300          ***          ***          ***          ***          ***          ***          ***  5.12794e-41          ***          ***          ***          ***          ***          ***

Capture/Escape Rate Coefficients:

   T(K)           W0           W1           W2           W3           W4          W5t          W5c           S1           P1           P2      Pescape        P2143        P2141          P41
    300  1.82913e+13  2.25986e+13  1.22611e+13  4.11071e+13  1.85757e-20  0.000199175    0.0265011  2.25524e+07  1.85221e-09  1.70433e-65  4.74728e-45  5.12794e-41  5.12708e-41  5.12794e-41

______________________________________________________________________________________

Pressure-Species Rate Tables:

   Temperature = 300 K

   P(bar)       W0->W1       W0->W2       W0->W3       W0->W4      W0->W5t      W0->W5c       W0->S1       W0->P1       W0->P2  W0->Pescape    W0->P2143    W0->P2141      W0->P41         W0->        W5t/0        W5c/0
        1          ***          ***          ***          ***          ***          ***          ***          ***          ***          ***          ***          ***          ***          ***          ***          ***
      O-O  5.66195e+12  7.75067e+12  2.97503e+12   3.4019e+11          ***          ***          ***  1.56345e+12          ***          ***          ***          ***          ***  1.82913e+13

   Temperature = 300 K

   P(bar)       W1->W0       W1->W2       W1->W3       W1->W4      W1->W5t      W1->W5c       W1->S1       W1->P1       W1->P2  W1->Pescape    W1->P2143    W1->P2141      W1->P41         W1->        W5t/0        W5c/0
        1          ***          ***          ***          ***          ***          ***          ***          ***          ***          ***          ***          ***          ***          ***          ***          ***
      O-O  1.38697e+13          ***  6.72599e+12          ***       722231          ***          ***  2.00287e+12          ***          ***          ***          ***          ***  2.25986e+13

   Temperature = 300 K

   P(bar)       W2->W0       W2->W1       W2->W3       W2->W4      W2->W5t      W2->W5c       W2->S1       W2->P1       W2->P2  W2->Pescape    W2->P2143    W2->P2141      W2->P41         W2->        W5t/0        W5c/0
        1          ***          ***          ***          ***          ***          ***          ***          ***          ***          ***          ***          ***          ***          ***          ***          ***
      O-O  7.75067e+12          ***   2.6531e+12          ***          ***          ***          ***  1.57524e+12  2.82082e+11          ***          ***          ***          ***  1.22611e+13

   Temperature = 300 K

   P(bar)       W3->W0       W3->W1       W3->W2       W3->W4      W3->W5t      W3->W5c       W3->S1       W3->P1       W3->P2  W3->Pescape    W3->P2143    W3->P2141      W3->P41         W3->        W5t/0        W5c/0
        1          ***          ***          ***          ***          ***          ***          ***          ***          ***          ***          ***          ***          ***          ***          ***          ***
      O-O  1.34922e+13  1.24522e+13  1.20322e+13          ***          ***  5.47002e+10          ***  3.07565e+12          ***          ***          ***          ***          ***  4.11071e+13

   Temperature = 300 K

   P(bar)       W4->W0       W4->W1       W4->W2       W4->W3      W4->W5t      W4->W5c       W4->S1       W4->P1       W4->P2  W4->Pescape    W4->P2143    W4->P2141      W4->P41         W4->        W5t/0        W5c/0
        1          ***          ***          ***          ***          ***          ***          ***  5.13234e-51  1.89437e-50  1.87718e-52  1.64104e-82  1.63834e-82  1.63834e-82  2.42778e-50  9.01629e-54  5.19938e-54
      O-O  3.55888e-49          ***          ***          ***  3.98609e-42          ***  4.46931e-52          ***  3.09116e-40  1.85757e-20          ***          ***          ***  1.85757e-20

   Temperature = 300 K

   P(bar)      W5t->W0      W5t->W1      W5t->W2      W5t->W3      W5t->W4     W5t->W5c      W5t->S1      W5t->P1      W5t->P2 W5t->Pescape   W5t->P2143   W5t->P2141     W5t->P41        W5t->        W5t/0        W5c/0
        1          ***          ***          ***          ***          ***          ***          ***          ***          ***          ***          ***          ***          ***          ***          ***          ***
      O-O          ***  1.47633e-17          ***          ***  0.000190794  8.38126e-06          ***          ***  2.33148e-14          ***          ***          ***          ***  0.000199175

   Temperature = 300 K

   P(bar)      W5c->W0      W5c->W1      W5c->W2      W5c->W3      W5c->W4     W5c->W5t      W5c->S1      W5c->P1      W5c->P2 W5c->Pescape   W5c->P2143   W5c->P2141     W5c->P41        W5c->        W5t/0        W5c/0
        1          ***          ***          ***          ***          ***          ***          ***          ***          ***          ***          ***          ***          ***          ***          ***          ***
      O-O          ***          ***          ***  1.90968e-09          ***    0.0265011          ***          ***          ***          ***          ***          ***          ***    0.0265011

   Temperature = 300 K

   P(bar)       S1->W0       S1->W1       S1->W2       S1->W3       S1->W4      S1->W5t      S1->W5c       S1->P1       S1->P2  S1->Pescape    S1->P2143    S1->P2141      S1->P41         S1->        W5t/0        W5c/0
        1          ***          ***          ***          ***          ***          ***          ***          ***          ***          ***          ***          ***          ***          ***          ***          ***
      O-O          ***          ***          ***          ***  2.25524e+07          ***          ***          ***          ***          ***  6.25139e-21  3.58525e-19  1.06396e-16  2.25524e+07

   Temperature = 300 K

   P(bar)       P1->W0       P1->W1       P1->W2       P1->W3       P1->W4      P1->W5t      P1->W5c       P1->S1       P1->P2  P1->Pescape    P1->P2143    P1->P2141      P1->P41         P1->        W5t/0        W5c/0
        1          ***          ***          ***          ***  6.59654e-17          ***          ***          ***  1.62799e-10  5.09701e-13 -2.27051e-50 -2.26057e-50 -2.26057e-50  1.63351e-10  2.64204e-14  1.56205e-14
      O-O  6.24847e-10  3.26769e-10  6.29558e-10   2.7104e-10          ***          ***          ***          ***          ***          ***          ***          ***          ***  1.85221e-09

   Temperature = 300 K

   P(bar)       P2->W0       P2->W1       P2->W2       P2->W3       P2->W4      P2->W5t      P2->W5c       P2->S1       P2->P1  P2->Pescape    P2->P2143    P2->P2141      P2->P41         P2->        W5t/0        W5c/0
        1          ***          ***          ***          ***  3.51399e-80          ***          ***          ***  2.34956e-74  3.23162e-76 -5.6808e-114-5.67605e-114-5.67605e-114  2.38433e-74  1.54886e-77  8.93424e-78
      O-O          ***          ***  1.62705e-74          ***  1.70433e-65  2.68564e-77          ***          ***          ***          ***          ***          ***          ***  1.70433e-65

   Temperature = 300 K

   P(bar)  Pescape->W0  Pescape->W1  Pescape->W2  Pescape->W3  Pescape->W4 Pescape->W5t Pescape->W5c  Pescape->S1  Pescape->P1  Pescape->P2Pescape->P2143Pescape->P2141 Pescape->P41    Pescape->        W5t/0        W5c/0
        1          ***          ***          ***          ***  1.61402e-81          ***          ***          ***  3.40971e-76  1.49791e-75-2.35974e-115-2.35992e-115-2.35992e-115  1.84003e-75  7.24143e-79  4.17375e-79
      O-O          ***          ***          ***          ***  4.74728e-45          ***          ***          ***          ***          ***          ***          ***          ***  4.74728e-45

   Temperature = 300 K

   P(bar)    P2143->W0    P2143->W1    P2143->W2    P2143->W3    P2143->W4   P2143->W5t   P2143->W5c    P2143->S1    P2143->P1    P2143->P2P2143->Pescape P2143->P2141   P2143->P41      P2143->        W5t/0        W5c/0
        1          ***          ***          ***          ***  2.28529e-48          ***          ***          *** -2.46007e-50 -4.26477e-50 -3.82195e-52  8.46207e-83  8.46207e-83  2.21765e-48 -2.03539e-53 -1.18309e-53
      O-O          ***          ***          ***          ***          ***          ***          ***  5.12794e-41          ***          ***          ***          ***          ***  5.12794e-41

   Temperature = 300 K

   P(bar)    P2141->W0    P2141->W1    P2141->W2    P2141->W3    P2141->W4   P2141->W5t   P2141->W5c    P2141->S1    P2141->P1    P2141->P2P2141->Pescape P2141->P2143   P2141->P41      P2141->        W5t/0        W5c/0
        1          ***          ***          ***          ***  3.97752e-50          ***          ***          *** -4.26997e-52 -7.42878e-52  -6.6635e-54  1.47524e-84  1.46604e-84  3.85984e-50 -3.54847e-55 -2.06251e-55
      O-O          ***          ***          ***          ***          ***          ***          ***  5.12708e-41          ***          ***          ***          ***          ***  5.12708e-41

   Temperature = 300 K

   P(bar)      P41->W0      P41->W1      P41->W2      P41->W3      P41->W4     P41->W5t     P41->W5c      P41->S1      P41->P1      P41->P2 P41->Pescape   P41->P2143   P41->P2141        P41->        W5t/0        W5c/0
        1          ***          ***          ***          ***  1.34054e-52          ***          ***          ***  -1.4391e-54 -2.50371e-54 -2.24579e-56  4.97196e-87  4.94098e-87  1.30088e-52 -1.19594e-57 -6.95124e-58
      O-O          ***          ***          ***          ***          ***          ***          ***  5.12794e-41          ***          ***          ***          ***          ***  5.12794e-41

______________________________________________________________________________________

Temperature-Species Rate Tables:

   Pressure = 1 bar

   T(K)       W0->W1       W0->W2       W0->W3       W0->W4      W0->W5t      W0->W5c       W0->S1       W0->P1       W0->P2  W0->Pescape    W0->P2143    W0->P2141      W0->P41         W0->      Capture        W5t/0        W5c/0
    300          ***          ***          ***          ***          ***          ***          ***          ***          ***          ***          ***          ***          ***          ***  1.82913e+13          ***          ***

   Pressure = 1 bar

   T(K)       W1->W0       W1->W2       W1->W3       W1->W4      W1->W5t      W1->W5c       W1->S1       W1->P1       W1->P2  W1->Pescape    W1->P2143    W1->P2141      W1->P41         W1->      Capture        W5t/0        W5c/0
    300          ***          ***          ***          ***          ***          ***          ***          ***          ***          ***          ***          ***          ***          ***  2.25986e+13          ***          ***

   Pressure = 1 bar

   T(K)       W2->W0       W2->W1       W2->W3       W2->W4      W2->W5t      W2->W5c       W2->S1       W2->P1       W2->P2  W2->Pescape    W2->P2143    W2->P2141      W2->P41         W2->      Capture        W5t/0        W5c/0
    300          ***          ***          ***          ***          ***          ***          ***          ***          ***          ***          ***          ***          ***          ***  1.22611e+13          ***          ***

   Pressure = 1 bar

   T(K)       W3->W0       W3->W1       W3->W2       W3->W4      W3->W5t      W3->W5c       W3->S1       W3->P1       W3->P2  W3->Pescape    W3->P2143    W3->P2141      W3->P41         W3->      Capture        W5t/0        W5c/0
    300          ***          ***          ***          ***          ***          ***          ***          ***          ***          ***          ***          ***          ***          ***  4.11071e+13          ***          ***

   Pressure = 1 bar

   T(K)       W4->W0       W4->W1       W4->W2       W4->W3      W4->W5t      W4->W5c       W4->S1       W4->P1       W4->P2  W4->Pescape    W4->P2143    W4->P2141      W4->P41         W4->      Capture        W5t/0        W5c/0
    300          ***          ***          ***          ***          ***          ***          ***  5.13234e-51  1.89437e-50  1.87718e-52  1.64104e-82  1.63834e-82  1.63834e-82  2.42778e-50  1.85757e-20  9.01629e-54  5.19938e-54

   Pressure = 1 bar

   T(K)      W5t->W0      W5t->W1      W5t->W2      W5t->W3      W5t->W4     W5t->W5c      W5t->S1      W5t->P1      W5t->P2 W5t->Pescape   W5t->P2143   W5t->P2141     W5t->P41        W5t->      Capture        W5t/0        W5c/0
    300          ***          ***          ***          ***          ***          ***          ***          ***          ***          ***          ***          ***          ***          ***  0.000199175          ***          ***

   Pressure = 1 bar

   T(K)      W5c->W0      W5c->W1      W5c->W2      W5c->W3      W5c->W4     W5c->W5t      W5c->S1      W5c->P1      W5c->P2 W5c->Pescape   W5c->P2143   W5c->P2141     W5c->P41        W5c->      Capture        W5t/0        W5c/0
    300          ***          ***          ***          ***          ***          ***          ***          ***          ***          ***          ***          ***          ***          ***    0.0265011          ***          ***

   Pressure = 1 bar

   T(K)       S1->W0       S1->W1       S1->W2       S1->W3       S1->W4      S1->W5t      S1->W5c       S1->P1       S1->P2  S1->Pescape    S1->P2143    S1->P2141      S1->P41         S1->      Capture        W5t/0        W5c/0
    300          ***          ***          ***          ***          ***          ***          ***          ***          ***          ***          ***          ***          ***          ***  2.25524e+07          ***          ***

   Pressure = 1 bar

   T(K)       P1->W0       P1->W1       P1->W2       P1->W3       P1->W4      P1->W5t      P1->W5c       P1->S1       P1->P2  P1->Pescape    P1->P2143    P1->P2141      P1->P41         P1->      Capture        W5t/0        W5c/0
    300          ***          ***          ***          ***  6.59654e-17          ***          ***          ***  1.62799e-10  5.09701e-13 -2.27051e-50 -2.26057e-50 -2.26057e-50  1.63351e-10  1.85221e-09  2.64204e-14  1.56205e-14

   Pressure = 1 bar

   T(K)       P2->W0       P2->W1       P2->W2       P2->W3       P2->W4      P2->W5t      P2->W5c       P2->S1       P2->P1  P2->Pescape    P2->P2143    P2->P2141      P2->P41         P2->      Capture        W5t/0        W5c/0
    300          ***          ***          ***          ***  3.51399e-80          ***          ***          ***  2.34956e-74  3.23162e-76 -5.6808e-114-5.67605e-114-5.67605e-114  2.38433e-74  1.70433e-65  1.54886e-77  8.93424e-78

   Pressure = 1 bar

   T(K)  Pescape->W0  Pescape->W1  Pescape->W2  Pescape->W3  Pescape->W4 Pescape->W5t Pescape->W5c  Pescape->S1  Pescape->P1  Pescape->P2Pescape->P2143Pescape->P2141 Pescape->P41    Pescape->      Capture        W5t/0        W5c/0
    300          ***          ***          ***          ***  1.61402e-81          ***          ***          ***  3.40971e-76  1.49791e-75-2.35974e-115-2.35992e-115-2.35992e-115  1.84003e-75  4.74728e-45  7.24143e-79  4.17375e-79

   Pressure = 1 bar

   T(K)    P2143->W0    P2143->W1    P2143->W2    P2143->W3    P2143->W4   P2143->W5t   P2143->W5c    P2143->S1    P2143->P1    P2143->P2P2143->Pescape P2143->P2141   P2143->P41      P2143->      Capture        W5t/0        W5c/0
    300          ***          ***          ***          ***  2.28529e-48          ***          ***          *** -2.46007e-50 -4.26477e-50 -3.82195e-52  8.46207e-83  8.46207e-83  2.21765e-48  5.12794e-41 -2.03539e-53 -1.18309e-53

   Pressure = 1 bar

   T(K)    P2141->W0    P2141->W1    P2141->W2    P2141->W3    P2141->W4   P2141->W5t   P2141->W5c    P2141->S1    P2141->P1    P2141->P2P2141->Pescape P2141->P2143   P2141->P41      P2141->      Capture        W5t/0        W5c/0
    300          ***          ***          ***          ***  3.97752e-50          ***          ***          *** -4.26997e-52 -7.42878e-52  -6.6635e-54  1.47524e-84  1.46604e-84  3.85984e-50  5.12708e-41 -3.54847e-55 -2.06251e-55

   Pressure = 1 bar

   T(K)      P41->W0      P41->W1      P41->W2      P41->W3      P41->W4     P41->W5t     P41->W5c      P41->S1      P41->P1      P41->P2 P41->Pescape   P41->P2143   P41->P2141        P41->      Capture        W5t/0        W5c/0
    300          ***          ***          ***          ***  1.34054e-52          ***          ***          ***  -1.4391e-54 -2.50371e-54 -2.24579e-56  4.97196e-87  4.94098e-87  1.30088e-52  5.12794e-41 -1.19594e-57 -6.95124e-58

______________________________________________________________________________________

Temperature-Pressure Rate Tables:

W0->W1

P\T              300
1                ***
O-O      5.66195e+12

W0->W2

P\T              300
1                ***
O-O      7.75067e+12

W0->W3

P\T              300
1                ***
O-O      2.97503e+12

W0->W4

P\T              300
1                ***
O-O       3.4019e+11

W0->W5t

P\T              300
1                ***
O-O              ***

W0->W5c

P\T              300
1                ***
O-O              ***

W0->S1

P\T              300
1                ***
O-O              ***

W0->P1

P\T              300
1                ***
O-O      1.56345e+12

W0->P2

P\T              300
1                ***
O-O              ***

W0->Pescape

P\T              300
1                ***
O-O              ***

W0->P2143

P\T              300
1                ***
O-O              ***

W0->P2141

P\T              300
1                ***
O-O              ***

W0->P41

P\T              300
1                ***
O-O              ***

W1->W0

P\T              300
1                ***
O-O      1.38697e+13

W1->W2

P\T              300
1                ***
O-O              ***

W1->W3

P\T              300
1                ***
O-O      6.72599e+12

W1->W4

P\T              300
1                ***
O-O              ***

W1->W5t

P\T              300
1                ***
O-O           722231

W1->W5c

P\T              300
1                ***
O-O              ***

W1->S1

P\T              300
1                ***
O-O              ***

W1->P1

P\T              300
1                ***
O-O      2.00287e+12

W1->P2

P\T              300
1                ***
O-O              ***

W1->Pescape

P\T              300
1                ***
O-O              ***

W1->P2143

P\T              300
1                ***
O-O              ***

W1->P2141

P\T              300
1                ***
O-O              ***

W1->P41

P\T              300
1                ***
O-O              ***

W2->W0

P\T              300
1                ***
O-O      7.75067e+12

W2->W1

P\T              300
1                ***
O-O              ***

W2->W3

P\T              300
1                ***
O-O       2.6531e+12

W2->W4

P\T              300
1                ***
O-O              ***

W2->W5t

P\T              300
1                ***
O-O              ***

W2->W5c

P\T              300
1                ***
O-O              ***

W2->S1

P\T              300
1                ***
O-O              ***

W2->P1

P\T              300
1                ***
O-O      1.57524e+12

W2->P2

P\T              300
1                ***
O-O      2.82082e+11

W2->Pescape

P\T              300
1                ***
O-O              ***

W2->P2143

P\T              300
1                ***
O-O              ***

W2->P2141

P\T              300
1                ***
O-O              ***

W2->P41

P\T              300
1                ***
O-O              ***

W3->W0

P\T              300
1                ***
O-O      1.34922e+13

W3->W1

P\T              300
1                ***
O-O      1.24522e+13

W3->W2

P\T              300
1                ***
O-O      1.20322e+13

W3->W4

P\T              300
1                ***
O-O              ***

W3->W5t

P\T              300
1                ***
O-O              ***

W3->W5c

P\T              300
1                ***
O-O      5.47002e+10

W3->S1

P\T              300
1                ***
O-O              ***

W3->P1

P\T              300
1                ***
O-O      3.07565e+12

W3->P2

P\T              300
1                ***
O-O              ***

W3->Pescape

P\T              300
1                ***
O-O              ***

W3->P2143

P\T              300
1                ***
O-O              ***

W3->P2141

P\T              300
1                ***
O-O              ***

W3->P41

P\T              300
1                ***
O-O              ***

W4->W0

P\T              300
1                ***
O-O      3.55888e-49

W4->W1

P\T              300
1                ***
O-O              ***

W4->W2

P\T              300
1                ***
O-O              ***

W4->W3

P\T              300
1                ***
O-O              ***

W4->W5t

P\T              300
1                ***
O-O      3.98609e-42

W4->W5c

P\T              300
1                ***
O-O              ***

W4->S1

P\T              300
1                ***
O-O      4.46931e-52

W4->P1

P\T              300
1        5.13234e-51
O-O              ***

W4->P2

P\T              300
1        1.89437e-50
O-O      3.09116e-40

W4->Pescape

P\T              300
1        1.87718e-52
O-O      1.85757e-20

W4->P2143

P\T              300
1        1.64104e-82
O-O              ***

W4->P2141

P\T              300
1        1.63834e-82
O-O              ***

W4->P41

P\T              300
1        1.63834e-82
O-O              ***

W5t->W0

P\T              300
1                ***
O-O              ***

W5t->W1

P\T              300
1                ***
O-O      1.47633e-17

W5t->W2

P\T              300
1                ***
O-O              ***

W5t->W3

P\T              300
1                ***
O-O              ***

W5t->W4

P\T              300
1                ***
O-O      0.000190794

W5t->W5c

P\T              300
1                ***
O-O      8.38126e-06

W5t->S1

P\T              300
1                ***
O-O              ***

W5t->P1

P\T              300
1                ***
O-O              ***

W5t->P2

P\T              300
1                ***
O-O      2.33148e-14

W5t->Pescape

P\T              300
1                ***
O-O              ***

W5t->P2143

P\T              300
1                ***
O-O              ***

W5t->P2141

P\T              300
1                ***
O-O              ***

W5t->P41

P\T              300
1                ***
O-O              ***

W5c->W0

P\T              300
1                ***
O-O              ***

W5c->W1

P\T              300
1                ***
O-O              ***

W5c->W2

P\T              300
1                ***
O-O              ***

W5c->W3

P\T              300
1                ***
O-O      1.90968e-09

W5c->W4

P\T              300
1                ***
O-O              ***

W5c->W5t

P\T              300
1                ***
O-O        0.0265011

W5c->S1

P\T              300
1                ***
O-O              ***

W5c->P1

P\T              300
1                ***
O-O              ***

W5c->P2

P\T              300
1                ***
O-O              ***

W5c->Pescape

P\T              300
1                ***
O-O              ***

W5c->P2143

P\T              300
1                ***
O-O              ***

W5c->P2141

P\T              300
1                ***
O-O              ***

W5c->P41

P\T              300
1                ***
O-O              ***

S1->W0

P\T              300
1                ***
O-O              ***

S1->W1

P\T              300
1                ***
O-O              ***

S1->W2

P\T              300
1                ***
O-O              ***

S1->W3

P\T              300
1                ***
O-O              ***

S1->W4

P\T              300
1                ***
O-O      2.25524e+07

S1->W5t

P\T              300
1                ***
O-O              ***

S1->W5c

P\T              300
1                ***
O-O              ***

S1->P1

P\T              300
1                ***
O-O              ***

S1->P2

P\T              300
1                ***
O-O              ***

S1->Pescape

P\T              300
1                ***
O-O              ***

S1->P2143

P\T              300
1                ***
O-O      6.25139e-21

S1->P2141

P\T              300
1                ***
O-O      3.58525e-19

S1->P41

P\T              300
1                ***
O-O      1.06396e-16

P1->W0

P\T              300
1                ***
O-O      6.24847e-10

P1->W1

P\T              300
1                ***
O-O      3.26769e-10

P1->W2

P\T              300
1                ***
O-O      6.29558e-10

P1->W3

P\T              300
1                ***
O-O       2.7104e-10

P1->W4

P\T              300
1        6.59654e-17
O-O              ***

P1->W5t

P\T              300
1                ***
O-O              ***

P1->W5c

P\T              300
1                ***
O-O              ***

P1->S1

P\T              300
1                ***
O-O              ***

P1->P2

P\T              300
1        1.62799e-10
O-O              ***

P1->Pescape

P\T              300
1        5.09701e-13
O-O              ***

P1->P2143

P\T              300
1       -2.27051e-50
O-O              ***

P1->P2141

P\T              300
1       -2.26057e-50
O-O              ***

P1->P41

P\T              300
1       -2.26057e-50
O-O              ***

P2->W0

P\T              300
1                ***
O-O              ***

P2->W1

P\T              300
1                ***
O-O              ***

P2->W2

P\T              300
1                ***
O-O      1.62705e-74

P2->W3

P\T              300
1                ***
O-O              ***

P2->W4

P\T              300
1        3.51399e-80
O-O      1.70433e-65

P2->W5t

P\T              300
1                ***
O-O      2.68564e-77

P2->W5c

P\T              300
1                ***
O-O              ***

P2->S1

P\T              300
1                ***
O-O              ***

P2->P1

P\T              300
1        2.34956e-74
O-O              ***

P2->Pescape

P\T              300
1        3.23162e-76
O-O              ***

P2->P2143

P\T              300
1       -5.6808e-114
O-O              ***

P2->P2141

P\T              300
1      -5.67605e-114
O-O              ***

P2->P41

P\T              300
1      -5.67605e-114
O-O              ***

Pescape->W0

P\T              300
1                ***
O-O              ***

Pescape->W1

P\T              300
1                ***
O-O              ***

Pescape->W2

P\T              300
1                ***
O-O              ***

Pescape->W3

P\T              300
1                ***
O-O              ***

Pescape->W4

P\T              300
1        1.61402e-81
O-O      4.74728e-45

Pescape->W5t

P\T              300
1                ***
O-O              ***

Pescape->W5c

P\T              300
1                ***
O-O              ***

Pescape->S1

P\T              300
1                ***
O-O              ***

Pescape->P1

P\T              300
1        3.40971e-76
O-O              ***

Pescape->P2

P\T              300
1        1.49791e-75
O-O              ***

Pescape->P2143

P\T              300
1      -2.35974e-115
O-O              ***

Pescape->P2141

P\T              300
1      -2.35992e-115
O-O              ***

Pescape->P41

P\T              300
1      -2.35992e-115
O-O              ***

P2143->W0

P\T              300
1                ***
O-O              ***

P2143->W1

P\T              300
1                ***
O-O              ***

P2143->W2

P\T              300
1                ***
O-O              ***

P2143->W3

P\T              300
1                ***
O-O              ***

P2143->W4

P\T              300
1        2.28529e-48
O-O              ***

P2143->W5t

P\T              300
1                ***
O-O              ***

P2143->W5c

P\T              300
1                ***
O-O              ***

P2143->S1

P\T              300
1                ***
O-O      5.12794e-41

P2143->P1

P\T              300
1       -2.46007e-50
O-O              ***

P2143->P2

P\T              300
1       -4.26477e-50
O-O              ***

P2143->Pescape

P\T              300
1       -3.82195e-52
O-O              ***

P2143->P2141

P\T              300
1        8.46207e-83
O-O              ***

P2143->P41

P\T              300
1        8.46207e-83
O-O              ***

P2141->W0

P\T              300
1                ***
O-O              ***

P2141->W1

P\T              300
1                ***
O-O              ***

P2141->W2

P\T              300
1                ***
O-O              ***

P2141->W3

P\T              300
1                ***
O-O              ***

P2141->W4

P\T              300
1        3.97752e-50
O-O              ***

P2141->W5t

P\T              300
1                ***
O-O              ***

P2141->W5c

P\T              300
1                ***
O-O              ***

P2141->S1

P\T              300
1                ***
O-O      5.12708e-41

P2141->P1

P\T              300
1       -4.26997e-52
O-O              ***

P2141->P2

P\T              300
1       -7.42878e-52
O-O              ***

P2141->Pescape

P\T              300
1        -6.6635e-54
O-O              ***

P2141->P2143

P\T              300
1        1.47524e-84
O-O              ***

P2141->P41

P\T              300
1        1.46604e-84
O-O              ***

P41->W0

P\T              300
1                ***
O-O              ***

P41->W1

P\T              300
1                ***
O-O              ***

P41->W2

P\T              300
1                ***
O-O              ***

P41->W3

P\T              300
1                ***
O-O              ***

P41->W4

P\T              300
1        1.34054e-52
O-O              ***

P41->W5t

P\T              300
1                ***
O-O              ***

P41->W5c

P\T              300
1                ***
O-O              ***

P41->S1

P\T              300
1                ***
O-O      5.12794e-41

P41->P1

P\T              300
1        -1.4391e-54
O-O              ***

P41->P2

P\T              300
1       -2.50371e-54
O-O              ***

P41->Pescape

P\T              300
1       -2.24579e-56
O-O              ***

P41->P2143

P\T              300
1        4.97196e-87
O-O              ***

P41->P2141

P\T              300
1        4.94098e-87
O-O              ***

W0-> 

P\T              300
1                ***
O-O      1.82913e+13

W1-> 

P\T              300
1                ***
O-O      2.25986e+13

W2-> 

P\T              300
1                ***
O-O      1.22611e+13

W3-> 

P\T              300
1                ***
O-O      4.11071e+13

W4-> 

P\T              300
1        2.42778e-50
O-O      1.85757e-20

W5t-> 

P\T              300
1                ***
O-O      0.000199175

W5c-> 

P\T              300
1                ***
O-O        0.0265011

S1-> 

P\T              300
1                ***
O-O      2.25524e+07

P1-> 

P\T              300
1        1.63351e-10
O-O      1.85221e-09

P2-> 

P\T              300
1        2.38433e-74
O-O      1.70433e-65

Pescape-> 

P\T              300
1        1.84003e-75
O-O      4.74728e-45

P2143-> 

P\T              300
1        2.21765e-48
O-O      5.12794e-41

P2141-> 

P\T              300
1        3.85984e-50
O-O      5.12708e-41

P41-> 

P\T              300
1        1.30088e-52
O-O      5.12794e-41

