Model::init:  starts
   Model::ExponentialKernel::ExponentialKernel:  ... done
   Model::LennardJonesCollision::LennardJonesCollision:  ... done
   WELL: W0
   Model::RRHO::RRHO:  starts
      Model::new_core:  starts
         Model::RigidRotor::RigidRotor:  starts
            molecular geometry will be used to estimate rotational constants
            rotational configuration: nonlinear
            rotational constants[1/cm]:         23.7897       0.601083        0.58627
         Model::RigidRotor::RigidRotor:  done, cpu time[sec] = 2.62929, elapsed time[sec] = 0
      Model::new_core:  done, cpu time[sec] = 2.63449, elapsed time[sec] = 0
      ground state energy, kcal/mol:   0.15
      interpolating states number/density starts
         core state contribution ... done, cpu time[sec] = 0.112006, elapsed time[sec] = 0
         electronic states contribution ... done, cpu time[sec] = 0.005081, elapsed time[sec] = 0
         vibrational modes contribution ... done, cpu time[sec] = 0.018426, elapsed time[sec] = 0
         effective power exponent at 399.849 kcal/mol = 6.36045
      interpolating states number/density done, cpu time[sec] = 1.18799, elapsed time[sec] = 0
   Model::RRHO::RRHO:  done, cpu time[sec] = 3.83696, elapsed time[sec] = 0
   WELL: W1
   Model::RRHO::RRHO:  starts
      Model::new_core:  starts
         Model::RigidRotor::RigidRotor:  starts
            molecular geometry will be used to estimate rotational constants
            rotational configuration: nonlinear
            rotational constants[1/cm]:         2.27757        1.07738         0.7314
         Model::RigidRotor::RigidRotor:  done, cpu time[sec] = 0.005253, elapsed time[sec] = 0
      Model::new_core:  done, cpu time[sec] = 0.012493, elapsed time[sec] = 0
      ground state energy, kcal/mol:   0.19
      interpolating states number/density starts
         core state contribution ... done, cpu time[sec] = 0.114078, elapsed time[sec] = 0
         electronic states contribution ... done, cpu time[sec] = 0.007976, elapsed time[sec] = 0
         vibrational modes contribution ... done, cpu time[sec] = 0.02331, elapsed time[sec] = 0
         effective power exponent at 399.809 kcal/mol = 6.35945
      interpolating states number/density done, cpu time[sec] = 0.706338, elapsed time[sec] = 0
   Model::RRHO::RRHO:  done, cpu time[sec] = 0.727683, elapsed time[sec] = 0
   WELL: W2
   Model::RRHO::RRHO:  starts
      Model::new_core:  starts
         Model::RigidRotor::RigidRotor:  starts
            molecular geometry will be used to estimate rotational constants
            rotational configuration: nonlinear
            rotational constants[1/cm]:         23.7897       0.601083        0.58627
         Model::RigidRotor::RigidRotor:  done, cpu time[sec] = 3.9e-05, elapsed time[sec] = 0
      Model::new_core:  done, cpu time[sec] = 5e-05, elapsed time[sec] = 0
      ground state energy, kcal/mol:   0.15
      interpolating states number/density starts
         core state contribution ... done, cpu time[sec] = 0.001756, elapsed time[sec] = 0
         electronic states contribution ... done, cpu time[sec] = 7.4e-05, elapsed time[sec] = 0
         vibrational modes contribution ... done, cpu time[sec] = 0.000367, elapsed time[sec] = 0
         effective power exponent at 399.849 kcal/mol = 6.36045
      interpolating states number/density done, cpu time[sec] = 0.015088, elapsed time[sec] = 0
   Model::RRHO::RRHO:  done, cpu time[sec] = 0.015192, elapsed time[sec] = 0
   WELL: W3
   Model::RRHO::RRHO:  starts
      Model::new_core:  starts
         Model::RigidRotor::RigidRotor:  starts
            molecular geometry will be used to estimate rotational constants
            rotational configuration: nonlinear
            rotational constants[1/cm]:         1.78953        1.33461       0.764474
         Model::RigidRotor::RigidRotor:  done, cpu time[sec] = 1.3e-05, elapsed time[sec] = 0
      Model::new_core:  done, cpu time[sec] = 1.8e-05, elapsed time[sec] = 0
      ground state energy, kcal/mol:   0.21
      interpolating states number/density starts
         core state contribution ... done, cpu time[sec] = 0.000876, elapsed time[sec] = 0
         electronic states contribution ... done, cpu time[sec] = 3.7e-05, elapsed time[sec] = 0
         vibrational modes contribution ... done, cpu time[sec] = 0.000165, elapsed time[sec] = 0
         effective power exponent at 399.789 kcal/mol = 6.35813
      interpolating states number/density done, cpu time[sec] = 0.010718, elapsed time[sec] = 0
   Model::RRHO::RRHO:  done, cpu time[sec] = 0.010765, elapsed time[sec] = 0
   WELL: W4
   Model::RRHO::RRHO:  starts
      Model::new_core:  starts
         Model::RigidRotor::RigidRotor:  starts
            molecular geometry will be used to estimate rotational constants
            rotational configuration: nonlinear
            rotational constants[1/cm]:         9.52595        1.29538        1.14032
         Model::RigidRotor::RigidRotor:  done, cpu time[sec] = 1.3e-05, elapsed time[sec] = 0
      Model::new_core:  done, cpu time[sec] = 1.7e-05, elapsed time[sec] = 0
      ground state energy, kcal/mol:   -86.72
      interpolating states number/density starts
         core state contribution ... done, cpu time[sec] = 0.001061, elapsed time[sec] = 0
         vibrational modes contribution ... done, cpu time[sec] = 0.000208, elapsed time[sec] = 0
         effective power exponent at 486.717 kcal/mol = 6.27499
      interpolating states number/density done, cpu time[sec] = 0.014188, elapsed time[sec] = 0
   Model::RRHO::RRHO:  done, cpu time[sec] = 0.014245, elapsed time[sec] = 0
   WELL: W5t
   Model::RRHO::RRHO:  starts
      Model::new_core:  starts
         Model::RigidRotor::RigidRotor:  starts
            molecular geometry will be used to estimate rotational constants
            rotational configuration: nonlinear
            rotational constants[1/cm]:         9.65604        1.21662        1.08048
         Model::RigidRotor::RigidRotor:  done, cpu time[sec] = 2e-05, elapsed time[sec] = 0
      Model::new_core:  done, cpu time[sec] = 2.6e-05, elapsed time[sec] = 0
      ground state energy, kcal/mol:   -34.55
      interpolating states number/density starts
         core state contribution ... done, cpu time[sec] = 0.000953, elapsed time[sec] = 0
         vibrational modes contribution ... done, cpu time[sec] = 0.00019, elapsed time[sec] = 0
         effective power exponent at 434.55 kcal/mol = 6.24835
      interpolating states number/density done, cpu time[sec] = 0.012281, elapsed time[sec] = 0
   Model::RRHO::RRHO:  done, cpu time[sec] = 0.012342, elapsed time[sec] = 0
   WELL: W5c
   Model::RRHO::RRHO:  starts
      Model::new_core:  starts
         Model::RigidRotor::RigidRotor:  starts
            molecular geometry will be used to estimate rotational constants
            rotational configuration: nonlinear
            rotational constants[1/cm]:         9.30924        1.21211        1.07247
         Model::RigidRotor::RigidRotor:  done, cpu time[sec] = 1.5e-05, elapsed time[sec] = 0
      Model::new_core:  done, cpu time[sec] = 2.1e-05, elapsed time[sec] = 0
      ground state energy, kcal/mol:   -29.73
      interpolating states number/density starts
         core state contribution ... done, cpu time[sec] = 0.000935, elapsed time[sec] = 0
         vibrational modes contribution ... done, cpu time[sec] = 0.000183, elapsed time[sec] = 0
         effective power exponent at 429.729 kcal/mol = 6.25169
      interpolating states number/density done, cpu time[sec] = 0.011245, elapsed time[sec] = 0
   Model::RRHO::RRHO:  done, cpu time[sec] = 0.011295, elapsed time[sec] = 0
   WELL: S1
   Model::RRHO::RRHO:  starts
      Model::new_core:  starts
         Model::RigidRotor::RigidRotor:  starts
            molecular geometry will be used to estimate rotational constants
            rotational configuration: nonlinear
            rotational constants[1/cm]:         9.52595        1.29538        1.14032
         Model::RigidRotor::RigidRotor:  done, cpu time[sec] = 1.2e-05, elapsed time[sec] = 0
      Model::new_core:  done, cpu time[sec] = 1.8e-05, elapsed time[sec] = 0
      ground state energy, kcal/mol:   -6.05
      interpolating states number/density starts
         core state contribution ... done, cpu time[sec] = 0.000887, elapsed time[sec] = 0
         vibrational modes contribution ... done, cpu time[sec] = 0.000179, elapsed time[sec] = 0
         effective power exponent at 406.048 kcal/mol = 6.23274
      interpolating states number/density done, cpu time[sec] = 0.010556, elapsed time[sec] = 0
   Model::RRHO::RRHO:  done, cpu time[sec] = 0.01061, elapsed time[sec] = 0
   BIMOLECULAR: P1
   Model::Bimolecular::Bimolecular:  starts
      Model::RRHO::RRHO:  starts
         Model::new_core:  starts
            Model::RigidRotor::RigidRotor:  starts
               molecular geometry will be used to estimate rotational constants
               rotational configuration: nonlinear
               rotational constants[1/cm]:         24.1554        1.48992        1.40336
            Model::RigidRotor::RigidRotor:  done, cpu time[sec] = 1.1e-05, elapsed time[sec] = 0
         Model::new_core:  done, cpu time[sec] = 1.8e-05, elapsed time[sec] = 0
         ground state energy, kcal/mol:   0
      Model::RRHO::RRHO:  done, cpu time[sec] = 3.3e-05, elapsed time[sec] = 0
      Model::AtomicFragment::AtomicFragment:  ... done
   Model::Bimolecular::Bimolecular:  done, cpu time[sec] = 6.2e-05, elapsed time[sec] = 0
   BIMOLECULAR: P2
   Model::Bimolecular::Bimolecular:  starts
      Model::RRHO::RRHO:  starts
         Model::new_core:  starts
            Model::RigidRotor::RigidRotor:  starts
               molecular geometry will be used to estimate rotational constants
               rotational configuration: linear
               rotational constant[1/cm]:         1.92073
            Model::RigidRotor::RigidRotor:  done, cpu time[sec] = 8e-06, elapsed time[sec] = 0
         Model::new_core:  done, cpu time[sec] = 1.3e-05, elapsed time[sec] = 0
         ground state energy, kcal/mol:   0
      Model::RRHO::RRHO:  done, cpu time[sec] = 3.3e-05, elapsed time[sec] = 0
      Model::RRHO::RRHO:  starts
         Model::new_core:  starts
            Model::RigidRotor::RigidRotor:  starts
               molecular geometry will be used to estimate rotational constants
               rotational configuration: linear
               rotational constant[1/cm]:         60.7807
            Model::RigidRotor::RigidRotor:  done, cpu time[sec] = 7e-06, elapsed time[sec] = 0
         Model::new_core:  done, cpu time[sec] = 1.2e-05, elapsed time[sec] = 0
         ground state energy, kcal/mol:   0
      Model::RRHO::RRHO:  done, cpu time[sec] = 2.6e-05, elapsed time[sec] = 0
   Model::Bimolecular::Bimolecular:  done, cpu time[sec] = 8.3e-05, elapsed time[sec] = 0
   BIMOLECULAR: P_escape
   Model::Bimolecular::Bimolecular:  starts
      Model::RRHO::RRHO:  starts
         Model::new_core:  starts
            Model::RigidRotor::RigidRotor:  starts
               molecular geometry will be used to estimate rotational constants
               rotational configuration: nonlinear
               rotational constants[1/cm]:         24.1554        1.48992        1.40336
            Model::RigidRotor::RigidRotor:  done, cpu time[sec] = 9e-06, elapsed time[sec] = 0
         Model::new_core:  done, cpu time[sec] = 1.4e-05, elapsed time[sec] = 0
         ground state energy, kcal/mol:   0
      Model::RRHO::RRHO:  done, cpu time[sec] = 2.8e-05, elapsed time[sec] = 0
      Model::AtomicFragment::AtomicFragment:  ... done
   Model::Bimolecular::Bimolecular:  done, cpu time[sec] = 5.1e-05, elapsed time[sec] = 0
   BIMOLECULAR: P_2143
   Model::Bimolecular::Bimolecular:  starts
      Model::RRHO::RRHO:  starts
         Model::new_core:  starts
            Model::RigidRotor::RigidRotor:  starts
               molecular geometry will be used to estimate rotational constants
               rotational configuration: nonlinear
               rotational constants[1/cm]:         24.1554        1.48992        1.40336
            Model::RigidRotor::RigidRotor:  done, cpu time[sec] = 7e-06, elapsed time[sec] = 0
         Model::new_core:  done, cpu time[sec] = 1.3e-05, elapsed time[sec] = 0
         ground state energy, kcal/mol:   0
      Model::RRHO::RRHO:  done, cpu time[sec] = 3.2e-05, elapsed time[sec] = 0
      Model::AtomicFragment::AtomicFragment:  ... done
   Model::Bimolecular::Bimolecular:  done, cpu time[sec] = 5.5e-05, elapsed time[sec] = 0
   BARRIER: B0
   Model::RRHO::RRHO:  starts
      Model::new_core:  starts
         Model::Rotd::Rotd :  starts
            WARNING: zero number of states energy is not initialized: will try to estimate it from the data
            grid size = 180
            effective power exponent at 9866.06 kcal/mol = 2.50705
            zero number of states energy = 0 1/cm
         Model::Rotd::Rotd :  done, cpu time[sec] = 0.000141, elapsed time[sec] = 0
      Model::new_core:  done, cpu time[sec] = 0.000149, elapsed time[sec] = 0
      ground state energy, kcal/mol:   0
      interpolating states number/density starts
         core state contribution ... done, cpu time[sec] = 0.007254, elapsed time[sec] = 0
         electronic states contribution ... done, cpu time[sec] = 3.6e-05, elapsed time[sec] = 0
         vibrational modes contribution ... done, cpu time[sec] = 8.8e-05, elapsed time[sec] = 0
         effective power exponent at 399.998 kcal/mol = 5.38438
      interpolating states number/density done, cpu time[sec] = 0.016875, elapsed time[sec] = 0
   Model::RRHO::RRHO:  done, cpu time[sec] = 0.017049, elapsed time[sec] = 0
   BARRIER: B1
   Model::RRHO::RRHO:  starts
      Model::new_core:  starts
         Model::Rotd::Rotd :  starts
            WARNING: zero number of states energy is not initialized: will try to estimate it from the data
            grid size = 180
            effective power exponent at 9866.06 kcal/mol = 2.51036
            zero number of states energy = 0 1/cm
         Model::Rotd::Rotd :  done, cpu time[sec] = 0.000116, elapsed time[sec] = 0
      Model::new_core:  done, cpu time[sec] = 0.000123, elapsed time[sec] = 0
      ground state energy, kcal/mol:   0
      interpolating states number/density starts
         core state contribution ... done, cpu time[sec] = 0.007213, elapsed time[sec] = 0
         electronic states contribution ... done, cpu time[sec] = 3.6e-05, elapsed time[sec] = 0
         vibrational modes contribution ... done, cpu time[sec] = 8.9e-05, elapsed time[sec] = 0
         effective power exponent at 399.998 kcal/mol = 5.38477
      interpolating states number/density done, cpu time[sec] = 0.016879, elapsed time[sec] = 0
   Model::RRHO::RRHO:  done, cpu time[sec] = 0.017029, elapsed time[sec] = 0
   BARRIER: B2
   Model::RRHO::RRHO:  starts
      Model::new_core:  starts
         Model::Rotd::Rotd :  starts
            WARNING: zero number of states energy is not initialized: will try to estimate it from the data
            grid size = 180
            effective power exponent at 9866.06 kcal/mol = 2.50783
            zero number of states energy = 0 1/cm
         Model::Rotd::Rotd :  done, cpu time[sec] = 0.000115, elapsed time[sec] = 0
      Model::new_core:  done, cpu time[sec] = 0.000122, elapsed time[sec] = 0
      ground state energy, kcal/mol:   0
      interpolating states number/density starts
         core state contribution ... done, cpu time[sec] = 0.007211, elapsed time[sec] = 0
         electronic states contribution ... done, cpu time[sec] = 3.7e-05, elapsed time[sec] = 0
         vibrational modes contribution ... done, cpu time[sec] = 8.8e-05, elapsed time[sec] = 0
         effective power exponent at 399.998 kcal/mol = 5.38436
      interpolating states number/density done, cpu time[sec] = 0.016765, elapsed time[sec] = 0
   Model::RRHO::RRHO:  done, cpu time[sec] = 0.016915, elapsed time[sec] = 0
   BARRIER: B3
   Model::RRHO::RRHO:  starts
      Model::new_core:  starts
         Model::Rotd::Rotd :  starts
            WARNING: zero number of states energy is not initialized: will try to estimate it from the data
            grid size = 180
            effective power exponent at 9866.06 kcal/mol = 2.50891
            zero number of states energy = 0 1/cm
         Model::Rotd::Rotd :  done, cpu time[sec] = 0.000113, elapsed time[sec] = 0
      Model::new_core:  done, cpu time[sec] = 0.000128, elapsed time[sec] = 0
      ground state energy, kcal/mol:   0
      interpolating states number/density starts
         core state contribution ... done, cpu time[sec] = 0.007189, elapsed time[sec] = 0
         electronic states contribution ... done, cpu time[sec] = 3.7e-05, elapsed time[sec] = 0
         vibrational modes contribution ... done, cpu time[sec] = 8.9e-05, elapsed time[sec] = 0
         effective power exponent at 399.998 kcal/mol = 5.38472
      interpolating states number/density done, cpu time[sec] = 0.016801, elapsed time[sec] = 0
   Model::RRHO::RRHO:  done, cpu time[sec] = 0.016956, elapsed time[sec] = 0
   BARRIER: B4
   Model::RRHO::RRHO:  starts
      Model::new_core:  starts
         Model::Rotd::Rotd :  starts
            WARNING: zero number of states energy is not initialized: will try to estimate it from the data
            grid size = 180
            effective power exponent at 4933.03 kcal/mol = 2.49839
            zero number of states energy = -34 1/cm
         Model::Rotd::Rotd :  done, cpu time[sec] = 0.000114, elapsed time[sec] = 0
      Model::new_core:  done, cpu time[sec] = 0.00012, elapsed time[sec] = 0
      ground state energy, kcal/mol:   -0.0994547
      interpolating states number/density starts
         core state contribution ... done, cpu time[sec] = 0.00724, elapsed time[sec] = 0
         vibrational modes contribution ... done, cpu time[sec] = 9e-05, elapsed time[sec] = 0
         effective power exponent at 400.098 kcal/mol = 5.28289
      interpolating states number/density done, cpu time[sec] = 0.016806, elapsed time[sec] = 0
   Model::RRHO::RRHO:  done, cpu time[sec] = 0.01696, elapsed time[sec] = 0
   BARRIER: B5
   Model::RRHO::RRHO:  starts
      Model::new_core:  starts
         Model::Rotd::Rotd :  starts
            WARNING: zero number of states energy is not initialized: will try to estimate it from the data
            grid size = 179
            effective power exponent at 4932.99 kcal/mol = 2.50236
            zero number of states energy = -20 1/cm
         Model::Rotd::Rotd :  done, cpu time[sec] = 0.000116, elapsed time[sec] = 0
      Model::new_core:  done, cpu time[sec] = 0.000124, elapsed time[sec] = 0
      ground state energy, kcal/mol:   -0.0597109
      interpolating states number/density starts
         core state contribution ... done, cpu time[sec] = 0.007221, elapsed time[sec] = 0
         vibrational modes contribution ... done, cpu time[sec] = 9e-05, elapsed time[sec] = 0
         effective power exponent at 400.058 kcal/mol = 5.36095
      interpolating states number/density done, cpu time[sec] = 0.016959, elapsed time[sec] = 0
   Model::RRHO::RRHO:  done, cpu time[sec] = 0.017112, elapsed time[sec] = 0
   BARRIER: B6t
   Model::RRHO::RRHO:  starts
      Model::new_core:  starts
         Model::RigidRotor::RigidRotor:  starts
            molecular geometry will be used to estimate rotational constants
            rotational configuration: nonlinear
            rotational constants[1/cm]:          7.8722        1.23321        1.06618
         Model::RigidRotor::RigidRotor:  done, cpu time[sec] = 2.3e-05, elapsed time[sec] = 0
      Model::new_core:  done, cpu time[sec] = 2.9e-05, elapsed time[sec] = 0
      Model::EckartTunnel::EckartTunnel:  ... done
      ground state energy, kcal/mol:   7.38
      interpolating states number/density starts
         core state contribution ... done, cpu time[sec] = 0.000939, elapsed time[sec] = 0
         vibrational modes contribution ... done, cpu time[sec] = 0.000146, elapsed time[sec] = 0
         tunneling contribution ... done, cpu time[sec] = 0.485723, elapsed time[sec] = 1
         effective power exponent at 399.789 kcal/mol = 6.45059
      interpolating states number/density done, cpu time[sec] = 0.496063, elapsed time[sec] = 1
   Model::RRHO::RRHO:  done, cpu time[sec] = 0.496129, elapsed time[sec] = 1
   BARRIER: B6c
   Model::RRHO::RRHO:  starts
      Model::new_core:  starts
         Model::Rotd::Rotd :  starts
            WARNING: zero number of states energy is not initialized: will try to estimate it from the data
            grid size = 179
            effective power exponent at 4932.99 kcal/mol = 2.50358
            zero number of states energy = -20 1/cm
         Model::Rotd::Rotd :  done, cpu time[sec] = 0.000128, elapsed time[sec] = 0
      Model::new_core:  done, cpu time[sec] = 0.000137, elapsed time[sec] = 0
      ground state energy, kcal/mol:   -0.0597109
      interpolating states number/density starts
         core state contribution ... done, cpu time[sec] = 0.007038, elapsed time[sec] = 0
         vibrational modes contribution ... done, cpu time[sec] = 8.7e-05, elapsed time[sec] = 0
         effective power exponent at 400.058 kcal/mol = 5.48174
      interpolating states number/density done, cpu time[sec] = 0.01709, elapsed time[sec] = 0
   Model::RRHO::RRHO:  done, cpu time[sec] = 0.017272, elapsed time[sec] = 0
   BARRIER: B7
   Model::RRHO::RRHO:  starts
      Model::new_core:  starts
         Model::RigidRotor::RigidRotor:  starts
            molecular geometry will be used to estimate rotational constants
            rotational configuration: nonlinear
            rotational constants[1/cm]:         24.4024       0.526528       0.515407
         Model::RigidRotor::RigidRotor:  done, cpu time[sec] = 2.7e-05, elapsed time[sec] = 0
      Model::new_core:  done, cpu time[sec] = 3.3e-05, elapsed time[sec] = 0
      ground state energy, kcal/mol:   -0.014
      interpolating states number/density starts
         core state contribution ... done, cpu time[sec] = 0.000918, elapsed time[sec] = 0
         electronic states contribution ... done, cpu time[sec] = 3.6e-05, elapsed time[sec] = 0
         vibrational modes contribution ... done, cpu time[sec] = 0.000233, elapsed time[sec] = 0
         effective power exponent at 400.012 kcal/mol = 6.3611
      interpolating states number/density done, cpu time[sec] = 0.010498, elapsed time[sec] = 0
   Model::RRHO::RRHO:  done, cpu time[sec] = 0.010558, elapsed time[sec] = 0
   BARRIER: B8
   Model::RRHO::RRHO:  starts
      Model::new_core:  starts
         Model::RigidRotor::RigidRotor:  starts
            molecular geometry will be used to estimate rotational constants
            rotational configuration: nonlinear
            rotational constants[1/cm]:         1.99039       0.921487       0.629875
         Model::RigidRotor::RigidRotor:  done, cpu time[sec] = 1.2e-05, elapsed time[sec] = 0
      Model::new_core:  done, cpu time[sec] = 1.7e-05, elapsed time[sec] = 0
      ground state energy, kcal/mol:   0.03
      interpolating states number/density starts
         core state contribution ... done, cpu time[sec] = 0.000917, elapsed time[sec] = 0
         electronic states contribution ... done, cpu time[sec] = 3.6e-05, elapsed time[sec] = 0
         vibrational modes contribution ... done, cpu time[sec] = 0.000175, elapsed time[sec] = 0
         effective power exponent at 399.969 kcal/mol = 6.36032
      interpolating states number/density done, cpu time[sec] = 0.010473, elapsed time[sec] = 0
   Model::RRHO::RRHO:  done, cpu time[sec] = 0.010518, elapsed time[sec] = 0
   BARRIER: B9
   Model::RRHO::RRHO:  starts
      Model::new_core:  starts
         Model::RigidRotor::RigidRotor:  starts
            molecular geometry will be used to estimate rotational constants
            rotational configuration: nonlinear
            rotational constants[1/cm]:         1.62657        1.13315       0.667875
         Model::RigidRotor::RigidRotor:  done, cpu time[sec] = 1.2e-05, elapsed time[sec] = 0
      Model::new_core:  done, cpu time[sec] = 1.7e-05, elapsed time[sec] = 0
      ground state energy, kcal/mol:   0.049
      interpolating states number/density starts
         core state contribution ... done, cpu time[sec] = 0.000921, elapsed time[sec] = 0
         electronic states contribution ... done, cpu time[sec] = 3.6e-05, elapsed time[sec] = 0
         vibrational modes contribution ... done, cpu time[sec] = 0.00015, elapsed time[sec] = 0
         effective power exponent at 399.949 kcal/mol = 6.35965
      interpolating states number/density done, cpu time[sec] = 0.010446, elapsed time[sec] = 0
   Model::RRHO::RRHO:  done, cpu time[sec] = 0.010491, elapsed time[sec] = 0
   BARRIER: B10
   Model::RRHO::RRHO:  starts
      Model::new_core:  starts
         Model::RigidRotor::RigidRotor:  starts
            molecular geometry will be used to estimate rotational constants
            rotational configuration: nonlinear
            rotational constants[1/cm]:         1.63723        1.17007        0.72085
         Model::RigidRotor::RigidRotor:  done, cpu time[sec] = 5.8e-05, elapsed time[sec] = 0
      Model::new_core:  done, cpu time[sec] = 6.3e-05, elapsed time[sec] = 0
      ground state energy, kcal/mol:   0.054
      interpolating states number/density starts
         core state contribution ... done, cpu time[sec] = 0.000917, elapsed time[sec] = 0
         electronic states contribution ... done, cpu time[sec] = 3.7e-05, elapsed time[sec] = 0
         vibrational modes contribution ... done, cpu time[sec] = 0.000145, elapsed time[sec] = 0
         effective power exponent at 399.943 kcal/mol = 6.35921
      interpolating states number/density done, cpu time[sec] = 0.010406, elapsed time[sec] = 0
   Model::RRHO::RRHO:  done, cpu time[sec] = 0.010501, elapsed time[sec] = 0
   BARRIER: B11
   Model::RRHO::RRHO:  starts
      Model::new_core:  starts
         Model::RigidRotor::RigidRotor:  starts
            molecular geometry will be used to estimate rotational constants
            rotational configuration: nonlinear
            rotational constants[1/cm]:         23.0162       0.641482       0.624088
         Model::RigidRotor::RigidRotor:  done, cpu time[sec] = 1.3e-05, elapsed time[sec] = 0
      Model::new_core:  done, cpu time[sec] = 1.8e-05, elapsed time[sec] = 0
      ground state energy, kcal/mol:   0.037
      interpolating states number/density starts
         core state contribution ... done, cpu time[sec] = 0.000923, elapsed time[sec] = 0
         electronic states contribution ... done, cpu time[sec] = 3.5e-05, elapsed time[sec] = 0
         vibrational modes contribution ... done, cpu time[sec] = 0.000148, elapsed time[sec] = 0
         effective power exponent at 399.96 kcal/mol = 6.36015
      interpolating states number/density done, cpu time[sec] = 0.010435, elapsed time[sec] = 0
   Model::RRHO::RRHO:  done, cpu time[sec] = 0.010481, elapsed time[sec] = 0
   BARRIER: B12
   Model::RRHO::RRHO:  starts
      Model::new_core:  starts
         Model::RigidRotor::RigidRotor:  starts
            molecular geometry will be used to estimate rotational constants
            rotational configuration: nonlinear
            rotational constants[1/cm]:         8.59057        1.19284        1.04741
         Model::RigidRotor::RigidRotor:  done, cpu time[sec] = 1.3e-05, elapsed time[sec] = 0
      Model::new_core:  done, cpu time[sec] = 1.7e-05, elapsed time[sec] = 0
      Model::EckartTunnel::EckartTunnel:  ... done
      ground state energy, kcal/mol:   -5.65
      interpolating states number/density starts
         core state contribution ... done, cpu time[sec] = 0.00112, elapsed time[sec] = 0
         vibrational modes contribution ... done, cpu time[sec] = 0.000164, elapsed time[sec] = 0
         tunneling contribution ... done, cpu time[sec] = 5.6326, elapsed time[sec] = 5
         effective power exponent at 486.549 kcal/mol = 7.65602
      interpolating states number/density done, cpu time[sec] = 5.64603, elapsed time[sec] = 5
   Model::RRHO::RRHO:  done, cpu time[sec] = 5.6461, elapsed time[sec] = 5
   BARRIER: B13
   Model::RRHO::RRHO:  starts
      Model::new_core:  starts
         Model::RigidRotor::RigidRotor:  starts
            molecular geometry will be used to estimate rotational constants
            rotational configuration: nonlinear
            rotational constants[1/cm]:         6.31571        1.36567        1.12287
         Model::RigidRotor::RigidRotor:  done, cpu time[sec] = 2.4e-05, elapsed time[sec] = 0
      Model::new_core:  done, cpu time[sec] = 3.9e-05, elapsed time[sec] = 0
      Model::EckartTunnel::EckartTunnel:  ... done
      ground state energy, kcal/mol:   17.05
      interpolating states number/density starts
         core state contribution ... done, cpu time[sec] = 0.001003, elapsed time[sec] = 0
         vibrational modes contribution ... done, cpu time[sec] = 0.00016, elapsed time[sec] = 0
         tunneling contribution ... done, cpu time[sec] = 3.38964, elapsed time[sec] = 4
         effective power exponent at 434.55 kcal/mol = 7.21404
      interpolating states number/density done, cpu time[sec] = 3.40087, elapsed time[sec] = 4
   Model::RRHO::RRHO:  done, cpu time[sec] = 3.40095, elapsed time[sec] = 4
   BARRIER: B14
   Model::RRHO::RRHO:  starts
      Model::new_core:  starts
         Model::RigidRotor::RigidRotor:  starts
            molecular geometry will be used to estimate rotational constants
            rotational configuration: nonlinear
            rotational constants[1/cm]:         8.67605        1.27099        1.10859
         Model::RigidRotor::RigidRotor:  done, cpu time[sec] = 2e-05, elapsed time[sec] = 0
      Model::new_core:  done, cpu time[sec] = 2.7e-05, elapsed time[sec] = 0
      Model::EckartTunnel::EckartTunnel:  ... done
      ground state energy, kcal/mol:   -4.5
      interpolating states number/density starts
         core state contribution ... done, cpu time[sec] = 0.001002, elapsed time[sec] = 0
         vibrational modes contribution ... done, cpu time[sec] = 0.000159, elapsed time[sec] = 0
         tunneling contribution ... done, cpu time[sec] = 2.08783, elapsed time[sec] = 2
         effective power exponent at 434.539 kcal/mol = 6.78619
      interpolating states number/density done, cpu time[sec] = 2.09949, elapsed time[sec] = 2
   Model::RRHO::RRHO:  done, cpu time[sec] = 2.09956, elapsed time[sec] = 2
   BARRIER: B15
   Model::RRHO::RRHO:  starts
      Model::new_core:  starts
         Model::RigidRotor::RigidRotor:  starts
            molecular geometry will be used to estimate rotational constants
            rotational configuration: nonlinear
            rotational constants[1/cm]:         9.81391        1.08531         1.0586
         Model::RigidRotor::RigidRotor:  done, cpu time[sec] = 2.8e-05, elapsed time[sec] = 0
      Model::new_core:  done, cpu time[sec] = 3.4e-05, elapsed time[sec] = 0
      Model::EckartTunnel::EckartTunnel:  ... done
      ground state energy, kcal/mol:   -7.52
      interpolating states number/density starts
         core state contribution ... done, cpu time[sec] = 0.000987, elapsed time[sec] = 0
         vibrational modes contribution ... done, cpu time[sec] = 0.000154, elapsed time[sec] = 0
         tunneling contribution ... done, cpu time[sec] = 1.54802, elapsed time[sec] = 1
         effective power exponent at 429.729 kcal/mol = 6.63431
      interpolating states number/density done, cpu time[sec] = 1.55936, elapsed time[sec] = 1
   Model::RRHO::RRHO:  done, cpu time[sec] = 1.55944, elapsed time[sec] = 1
   BARRIER: B16
   Model::RRHO::RRHO:  starts
      Model::new_core:  starts
         Model::Rotd::Rotd :  starts
            WARNING: zero number of states energy is not initialized: will try to estimate it from the data
            grid size = 16001
            effective power exponent at 228.729 kcal/mol = 10.2245
            zero number of states energy = 0 1/cm
         Model::Rotd::Rotd :  done, cpu time[sec] = 0.008198, elapsed time[sec] = 0
      Model::new_core:  done, cpu time[sec] = 0.008209, elapsed time[sec] = 0
      ground state energy, kcal/mol:   -48.2314
      interpolating states number/density starts
         core state contribution ... done, cpu time[sec] = 0.005577, elapsed time[sec] = 0
         effective power exponent at 448.231 kcal/mol = 10.2245
      interpolating states number/density done, cpu time[sec] = 0.016585, elapsed time[sec] = 0
   Model::RRHO::RRHO:  done, cpu time[sec] = 0.024825, elapsed time[sec] = 0
   BARRIER: B17
   Model::RRHO::RRHO:  starts
      Model::new_core:  starts
         Model::Rotd::Rotd :  starts
            WARNING: zero number of states energy is not initialized: will try to estimate it from the data
            grid size = 3222
            effective power exponent at 46.0459 kcal/mol = 5.01245
            zero number of states energy = 0 1/cm
         Model::Rotd::Rotd :  done, cpu time[sec] = 0.001596, elapsed time[sec] = 0
      Model::new_core:  done, cpu time[sec] = 0.001615, elapsed time[sec] = 0
      ground state energy, kcal/mol:   -6.05
      interpolating states number/density starts
         core state contribution ... done, cpu time[sec] = 0.003057, elapsed time[sec] = 0
         effective power exponent at 406.048 kcal/mol = 5.01245
      interpolating states number/density done, cpu time[sec] = 0.012531, elapsed time[sec] = 0
   Model::RRHO::RRHO:  done, cpu time[sec] = 0.014173, elapsed time[sec] = 0
   BARRIER: B18
   Model::RRHO::RRHO:  starts
      Model::new_core:  starts
         Model::Rotd::Rotd :  starts
            WARNING: zero number of states energy is not initialized: will try to estimate it from the data
            grid size = 3222
            effective power exponent at 46.0459 kcal/mol = 0
            zero number of states energy = 0 1/cm
         Model::Rotd::Rotd :  done, cpu time[sec] = 0.001455, elapsed time[sec] = 0
      Model::new_core:  done, cpu time[sec] = 0.001463, elapsed time[sec] = 0
      ground state energy, kcal/mol:   0.0192099
      interpolating states number/density starts
         core state contribution ... done, cpu time[sec] = 0.00195, elapsed time[sec] = 0
         effective power exponent at 399.98 kcal/mol = 0
      interpolating states number/density done, cpu time[sec] = 0.011034, elapsed time[sec] = 0
   Model::RRHO::RRHO:  done, cpu time[sec] = 0.012521, elapsed time[sec] = 0
   checking input ... done
   setting connectivity ... done
   checking connectivity ... done
   setting dissociation limit ... done
   setting maximum barrier height ... done
   partition functions (relative to the ground level, units - 1/cm3):
     T\Q           W0           W1           W2           W3           W4          W5t          W5c           S1          CHO            H           CO           H2          CHO            H          CHO            H           B4          B6t          B6c           B7           B8           B9          B10          B11          B14          B15          B17           B0           B1           B2           B3           B5          B12          B13          B16          B18
     100  6.68802e+29  3.50355e+29  6.68802e+29  2.38575e+29  4.22962e+27  8.90661e+27  9.12171e+27  4.22962e+27    8.484e+27  3.75861e+23   1.0073e+27  3.07492e+23    8.484e+27  3.75861e+23    8.484e+27  3.75861e+23  1.04299e+29  5.59872e+36  9.82345e+27  1.11592e+30  9.72568e+29  5.30642e+29  6.49279e+29  4.87589e+29  4.04807e+73  1.14776e+55  3.19521e+22  6.51015e+29  3.19552e+29  6.55805e+29  2.66318e+29  1.19468e+29 3.77327e+120 1.47634e+110  5.42789e+11       184362
     200  2.46284e+31  1.12683e+31  2.46284e+31  6.65357e+30  3.38477e+28  7.12984e+28  7.30404e+28  3.38477e+28  6.78942e+28  1.06309e+24  5.69815e+27  1.73944e+24  6.78942e+28  1.06309e+24  6.78942e+28  1.06309e+24   1.6744e+30  1.33417e+31  8.33686e+28  3.02111e+31  2.44075e+31  1.21944e+31   1.4075e+31  1.20542e+31  1.98892e+43  8.16294e+34   1.5779e+23     9.26e+30  4.74423e+30  9.33265e+30  3.94308e+30  1.62458e+30  3.00986e+54  3.76419e+56  2.54666e+12       280175
     300  2.31162e+32  1.00915e+32  2.31162e+32  5.63682e+31  1.14936e+29  2.43068e+29  2.49512e+29  1.14936e+29  2.30184e+29  1.95303e+24  1.57027e+28  4.79332e+24  2.30184e+29  1.95303e+24  2.30184e+29  1.95303e+24  8.27847e+30  2.01613e+30  3.13746e+29  2.17687e+32  1.71204e+32  8.28213e+31  9.36531e+31  8.40041e+31  5.77358e+34  1.60012e+31  4.28364e+23  4.49536e+31  2.35089e+31  4.52926e+31  1.94995e+31  7.33765e+30  6.50514e+35  3.52743e+40  7.05053e+12       351470
     400  1.19041e+33  5.07455e+32  1.19041e+33  2.75253e+32  2.78957e+29  5.96541e+29  6.14807e+29  2.78957e+29  5.53592e+29  3.00689e+24  3.22467e+28  9.83974e+24  5.53592e+29  3.00689e+24  5.53592e+29  3.00689e+24  2.56773e+31  2.06856e+30  8.53247e+29  9.05036e+32  7.01993e+32  3.33979e+32  3.73673e+32  3.43218e+32  7.44401e+31  5.74423e+30  9.32789e+23  1.40677e+32  7.44047e+31  1.41702e+32  6.16389e+31  2.15942e+31  2.24059e+31  1.60564e+34  1.74783e+13       410738
     500   4.3832e+33   1.8418e+33   4.3832e+33  9.81066e+32  5.71482e+29  1.24322e+30  1.28767e+30  5.71482e+29  1.11019e+30  4.20225e+24  5.64191e+28  1.71894e+25  1.11019e+30  4.20225e+24  1.11019e+30  4.20225e+24  6.22795e+31  3.13645e+30  1.93949e+30  2.78945e+33  2.14533e+33  1.01032e+33    1.123e+33  1.04652e+33  1.32352e+31  6.59591e+30  1.83546e+24  3.47427e+32  1.85054e+32   3.4989e+32   1.5318e+32  5.06979e+31  7.21964e+30  8.54818e+31  4.63287e+13       462534
     600  1.30369e+34  5.42548e+33  1.30369e+34  2.85459e+33  1.06069e+30   2.3544e+30  2.45136e+30  1.06069e+30  1.99196e+30    5.524e+24  8.93152e+28  2.71158e+25  1.99196e+30    5.524e+24  1.99196e+30    5.524e+24  1.29977e+32  5.20214e+30  3.93096e+30  7.12719e+33  5.44983e+33  2.54902e+33  2.82062e+33  2.65437e+33  1.01795e+31  9.50862e+30  3.40219e+24  7.40571e+32  3.96348e+32  7.45718e+32  3.27894e+32  1.03564e+32  7.76587e+30   2.3309e+31  1.45232e+14       509117
     700  3.34482e+34  1.38241e+34  3.34482e+34  7.20891e+33  1.84618e+30  4.18338e+30  4.37814e+30  1.84618e+30  3.31588e+30  6.96104e+24  1.32112e+29  3.98685e+25  3.31588e+30  6.96104e+24  3.31588e+30  6.96104e+24  2.45197e+32  8.73042e+30  7.35348e+30  1.60146e+34  1.21942e+34  5.67551e+33  6.25974e+33  5.93249e+33  1.16931e+31  1.44812e+31  6.03457e+24  1.42791e+33  7.66843e+32  1.43768e+33   6.3414e+32  1.92503e+32  1.06035e+31  1.93875e+31    5.709e+14       551796
     800  7.69839e+34  3.16524e+34  7.69839e+34  1.63948e+34  3.06986e+30  7.09395e+30  7.46108e+30  3.06986e+30  5.22887e+30  8.50476e+24  1.86091e+29  5.56824e+25  5.22887e+30  8.50476e+24  5.22887e+30  8.50476e+24  4.30135e+32  1.44714e+31  1.29586e+31  3.27655e+34  2.48691e+34   1.1532e+34  1.26875e+34  1.20884e+34  1.53672e+31  2.22091e+31  1.03193e+25  2.55947e+33   1.3781e+33  2.57677e+33  1.13926e+33  3.34141e+32  1.55288e+31  2.22727e+31  2.80615e+15       591412
     900  1.62992e+35  6.67443e+34  1.62992e+35  3.43889e+34  4.93003e+30  1.15976e+31  1.22555e+31  4.93003e+30  7.91281e+30  1.01482e+25   2.5263e+29  7.47865e+25  7.91281e+30  1.01482e+25  7.91281e+30  1.01482e+25  7.14158e+32  2.35106e+31   2.1795e+31  6.24056e+34  4.72459e+34  2.18452e+34  2.39871e+34  2.29497e+34  2.12462e+31   3.3755e+31  1.70927e+25  4.33902e+33  2.34101e+33  4.36807e+33  1.93481e+33  5.50491e+32  2.31892e+31   2.8821e+31  1.58535e+16       628542
    1000  3.22907e+35  1.31799e+35  3.22907e+35  6.76188e+34  7.69916e+30  1.84007e+31  1.95317e+31  7.69916e+30  1.15897e+31  1.18858e+25  3.33197e+29  9.74112e+25  1.15897e+31  1.18858e+25  1.15897e+31  1.18858e+25  1.13538e+33  3.73638e+31  3.52945e+31  1.12303e+35  8.48472e+34  3.91405e+34  4.29106e+34  4.11919e+34  2.99095e+31  5.05628e+31  2.75221e+25  7.03758e+33  3.80312e+33  7.08431e+33  3.14258e+33  8.70171e+32  3.46366e+31  3.91912e+31  9.14127e+16       663602
    1100  6.05867e+35  2.46636e+35  6.05867e+35  1.26093e+35   1.1746e+31  2.84634e+31  3.03411e+31   1.1746e+31  1.65272e+31  1.37125e+25  4.29336e+29  1.23793e+26  1.65272e+31  1.37125e+25  1.65272e+31  1.37125e+25  1.74243e+33  5.81018e+31  5.53747e+31  1.92962e+35  1.45537e+35  6.70102e+34  7.33698e+34  7.06238e+34  4.22555e+31  7.45308e+31  4.32054e+25  1.10088e+34   5.9571e+33  1.10814e+34  4.92165e+33  1.32979e+33    5.133e+31  5.43916e+31  4.92992e+17       696902
    1200  1.08625e+36   4.4121e+35  1.08625e+36   2.2491e+35  1.75631e+31  4.30727e+31  4.60983e+31  1.75631e+31  2.30444e+31  1.56242e+25  5.42658e+29  1.54176e+26  2.30444e+31  1.56242e+25  2.30444e+31  1.56242e+25  2.59643e+33  8.85014e+31  8.45605e+31  3.18994e+35  2.40246e+35  1.10444e+35  1.20795e+35  1.16539e+35  5.94972e+31   1.0811e+32  6.62939e+25  1.67069e+34  9.05043e+33  1.68164e+34  7.47628e+33  1.97553e+33  7.52119e+31  7.59742e+31  2.38667e+18       728685
    1300  1.87358e+36  7.59568e+35  1.87358e+36  3.86234e+35  2.57999e+31  6.39306e+31  6.86805e+31  2.57999e+31  3.15181e+31  1.76174e+25  6.74839e+29  1.88817e+26  3.15181e+31  1.76174e+25  3.15181e+31  1.76174e+25  3.77313e+33  1.32228e+32  1.26126e+32   5.1031e+35  3.83858e+35  1.76229e+35  1.92569e+35  1.86142e+35  8.32074e+31  1.54424e+32  9.96388e+25   2.4706e+34  1.33963e+34  2.48672e+34   1.1065e+34  2.86486e+33  1.08818e+32  1.06036e+32  1.02603e+19       759139
    1400  3.12522e+36  1.26495e+36  3.12522e+36  6.41844e+35  3.73029e+31   9.3262e+31  1.00549e+32  3.73029e+31  4.23891e+31  1.96888e+25  8.27611e+29  2.27984e+26  4.23891e+31  1.96888e+25  4.23891e+31  1.96888e+25  5.36534e+33   1.9405e+32  1.84261e+32  7.93546e+35  5.96268e+35  2.73435e+35  2.98553e+35  2.89066e+35  1.15387e+32  2.17408e+32  1.46968e+26  3.57236e+34  1.93859e+34  3.59557e+34  1.60106e+34  4.06857e+33  1.55407e+32  1.47299e+32  3.93124e+19       788419
    1500  5.06268e+36  2.04627e+36  5.06268e+36  1.03637e+36  5.31642e+31  1.33943e+32  1.44896e+32  5.31642e+31  5.61693e+31  2.18355e+25  1.00276e+30  2.71955e+26  5.61693e+31  2.18355e+25  5.61693e+31  2.18355e+25  7.48553e+33  2.80096e+32  2.64261e+32  1.20376e+36  9.03649e+35  4.13984e+35  4.51706e+35  4.37978e+35  1.58549e+32  3.01971e+32   Model::Rotd::weight: WARNING: integration cutoff error = 0.00156932
2.13092e+26  5.06447e+34  2.75022e+34  5.09725e+34  2.27118e+34  5.67289e+33  2.19122e+32  2.03236e+32  1.35496e+20       816650
    1600  7.99181e+36  3.22623e+36  7.99181e+36  1.63131e+36  7.47787e+31  1.89654e+32  2.05814e+32  7.47787e+31  7.34491e+31  2.40551e+25  1.20213e+30  3.21018e+26  7.34491e+31  2.40551e+25  7.34491e+31  2.40551e+25  1.02687e+34  3.98145e+32  3.72746e+32  1.78642e+36  1.33993e+36  6.13328e+35  6.68815e+35  6.49299e+35  2.15817e+32   4.1418e+32   Model::Rotd::weight: WARNING: integration cutoff error = 0.00329161
3.04154e+26  7.05504e+34  3.83351e+34  7.10055e+34  3.16555e+34  7.78193e+33  3.05168e+32   2.7821e+32  4.24639e+20       843938
    1700  1.23281e+37  4.97133e+36  1.23281e+37  2.51009e+36  1.03912e+32  2.65062e+32  2.88508e+32  1.03912e+32  9.49047e+31  2.63451e+25   1.4276e+30  3.75472e+26  9.49047e+31  2.63451e+25  9.49047e+31  2.63451e+25  1.38753e+34  5.57972e+32  5.17912e+32  2.59976e+36  1.94856e+36  8.91234e+35  9.71352e+35  9.44047e+35  2.91036e+32   5.6147e+32   Model::Rotd::weight: WARNING: integration cutoff error = 0.00623008
4.2791e+26  9.67483e+34  5.25986e+34  9.73706e+34  4.34307e+34  1.05204e+34  4.20025e+32  3.77654e+32  1.22279e+21       870372
    1800  1.86272e+37  7.50422e+36  1.86272e+37  3.78413e+36  1.42778e+32  3.66027e+32  3.99529e+32  1.42778e+32  1.21306e+32  2.87036e+25  1.68111e+30  4.35627e+26  1.21306e+32  2.87036e+25  1.21306e+32  2.87036e+25   1.8495e+34  7.71739e+32   7.0981e+32  3.71747e+36  2.78445e+36   1.2727e+36  1.38646e+36   1.3488e+36  3.88907e+32  7.52881e+32   Model::Rotd::weight: WARNING: integration cutoff error = 0.0108445
5.94073e+26  1.30807e+35   7.1149e+34  1.31646e+35  5.87442e+34  1.40363e+34  5.71685e+32  5.08266e+32  3.26631e+21       896027
    1900  2.76227e+37  1.11186e+37  2.76227e+37  5.60029e+36  1.94137e+32   4.9986e+32  5.47064e+32  1.94137e+32  1.53526e+32  3.11284e+25  1.96464e+30  5.01798e+26  1.53526e+32  3.11284e+25  1.53526e+32  3.11284e+25  2.43497e+34  1.05444e+33  9.60661e+32  5.23181e+36  3.91638e+36  1.78899e+36  1.94809e+36  1.89684e+36  5.15126e+32  9.99331e+32   Model::Rotd::weight: WARNING: integration cutoff error = 0.0176232
8.14705e+26  1.74592e+35  9.50055e+34  1.75709e+35  7.84371e+34  1.85046e+34  7.69925e+32  6.78242e+32  8.16195e+21       920967
    2000  4.02707e+37  1.61969e+37  4.02707e+37  8.14978e+36  2.61395e+32  6.75598e+32  7.41256e+32  2.61395e+32  1.92548e+32   3.3618e+25  2.28022e+30  5.74313e+26  1.92548e+32   3.3618e+25  1.92548e+32   3.3618e+25  3.16979e+34  1.42442e+33  1.28521e+33  7.25719e+36  5.42958e+36  2.47887e+36  2.69831e+36  2.62939e+36  6.76556e+32  1.31391e+33   Model::Rotd::weight: WARNING: integration cutoff error = 0.0270608
1.10469e+27  2.30308e+35  1.25372e+35  2.31779e+35  1.03503e+35  2.41302e+34  1.02662e+33  8.97527e+32  1.92197e+22       945250
   partition functions (relative to 0 kcal/mol, units - 1/cm3):
     T\Q           W0           W1           W2           W3           W4          W5t          W5c           S1           B4          B6t          B6c           B7           B8           B9          B10          B11          B14          B15          B17           B0           B1           B2           B3           B5          B12          B13          B16          B18
     100  3.14396e+29   1.3467e+29  3.14396e+29  8.29233e+28 1.41284e+217 2.86837e+103  8.59098e+92  7.05315e+40  1.72043e+29  4.16231e+20  1.32666e+28  1.19737e+30  8.36289e+29  4.14681e+29  4.94785e+29  4.04754e+29  2.76601e+83  3.12301e+71  5.32822e+35  6.51015e+29  3.19552e+29  6.55805e+29  2.66318e+29  1.61342e+29 8.40645e+132   8.0715e+72 1.38907e+117       167374
     200   1.6886e+31  6.98619e+30   1.6886e+31  3.92266e+30 1.95625e+123  4.04614e+66  2.24154e+61   1.3822e+35  2.15049e+30  1.15036e+23  9.68836e+28  3.12942e+31   2.2633e+31  1.07799e+31  1.22869e+31  1.09826e+31  1.64407e+48   1.3465e+43  6.44348e+29     9.26e+30  4.74423e+30  9.33265e+30  3.94308e+30  1.88795e+30  4.49256e+60  8.80149e+37   1.2883e+65       266955
     300   1.7974e+32   7.3374e+31   1.7974e+32  3.96325e+31  1.71811e+92  3.58951e+54  1.13522e+51   2.9364e+33  9.78142e+30  8.47748e+24  3.46798e+29   2.2286e+32  1.62801e+32  7.62862e+31  8.55429e+31   7.8949e+31  1.09559e+38  4.81274e+36  1.09439e+28  4.49536e+31  2.35089e+31  4.52926e+31  1.94995e+31  8.11065e+30  8.49613e+39   1.3388e+28   9.6439e+47       340325
     400  9.85696e+32  3.99566e+32  9.85696e+32  2.11346e+32  6.70634e+76  4.49387e+48  1.07704e+46  5.63713e+32  2.90996e+31  1.92079e+26  9.19812e+29  9.21117e+32  6.75992e+32  3.14013e+32  3.49131e+32  3.27608e+32  2.14022e+34  7.37755e+34  1.88497e+27  1.40677e+32  7.44047e+31  1.41702e+32  6.16389e+31  2.32788e+31  2.73739e+34  7.76407e+24  3.93117e+39       400931
     500  3.76901e+33  1.52123e+33  3.76901e+33  7.94161e+32  4.58945e+67  1.57084e+45  1.27232e+43   2.5201e+32  6.88361e+31  1.86504e+27  2.05962e+30  2.82903e+33  2.08152e+33  9.61705e+32   1.0636e+33  1.00827e+33  1.22645e+33  1.27708e+34  8.09396e+26  3.47427e+32  1.85054e+32   3.4989e+32   1.5318e+32   5.3838e+31   2.1286e+33  3.01597e+24  5.59073e+34       453678
     600  1.14957e+34  4.62627e+33  1.14957e+34   2.3936e+33  4.10099e+61  9.04762e+42  1.65349e+41  1.69539e+32  1.41283e+32  1.06673e+28  4.13283e+30  7.21137e+33  5.31441e+33  2.44638e+33  2.69572e+33  2.57327e+33  4.43434e+32   5.2148e+33    5.438e+26  7.40571e+32  3.96348e+32  7.45718e+32  3.27894e+32  1.08883e+32  8.87509e+32  1.43599e+25  5.37127e+31       500980
     700   3.0029e+34  1.20591e+34   3.0029e+34  6.19877e+33  2.19332e+57  2.56078e+41  8.38079e+39  1.42937e+32  2.63369e+32  4.33438e+28  7.67601e+30  1.61766e+34   1.1934e+34  5.47906e+33  6.02139e+33  5.77677e+33   2.9708e+32  3.22569e+33  4.67214e+26  1.42791e+33  7.66843e+32  1.43768e+33   6.3414e+32  2.00946e+32  6.15793e+32  9.21183e+25  6.52919e+29       544228
     800  7.00523e+34  2.80867e+34  7.00523e+34  1.43661e+34   1.5052e+54  1.94706e+40  9.87524e+38     1.38e+32  4.57904e+32   1.3945e+29  1.34546e+31  3.30553e+34  2.44042e+34   1.1182e+34  1.22637e+34  1.18103e+34  2.60568e+32  2.51693e+33  4.63885e+26  2.55947e+33   1.3781e+33  2.57677e+33  1.13926e+33   3.4693e+32  5.42782e+32  4.89773e+26  4.20845e+28       584309
     900   1.4988e+35  6.00173e+34   1.4988e+35   3.0579e+34  5.63701e+51  2.84536e+39  2.03077e+38  1.45201e+32  7.54996e+32  3.79471e+29   2.2535e+31   6.2896e+34    4.646e+34  2.12548e+34  2.32736e+34  2.24798e+34  2.63037e+32  2.26161e+33  5.03422e+26  4.33902e+33  2.34101e+33  4.36807e+33  1.93481e+33   5.6918e+32  5.46101e+32   2.0867e+27  8.16839e+27       621827
    1000   2.9943e+35  1.19781e+35   2.9943e+35  6.08377e+34  6.89957e+49  6.54073e+38  6.13954e+37  1.61678e+32  1.19365e+33   9.1112e+29  3.63711e+31  1.13097e+35  8.35759e+34  3.81872e+34  4.17602e+34   4.0432e+34  2.87918e+32  2.22486e+33  5.77949e+26  7.03758e+33  3.80312e+33  7.08431e+33  3.14258e+33  8.96715e+32  5.94737e+32  7.36148e+27  3.17553e+27       657218
    1100  5.65686e+35  2.26104e+35  5.65686e+35  1.14543e+35  1.99217e+48  2.08278e+38  2.44769e+37  1.87025e+32  1.82354e+33  1.98582e+30  5.69082e+31  1.94202e+35  1.43553e+35  6.55248e+34  7.15795e+34  6.94384e+34  3.31084e+32  2.32488e+33  6.87933e+26  1.10088e+34   5.9571e+33  1.10814e+34  4.92165e+33  1.36662e+33  6.80623e+32  2.22872e+28  1.88536e+27       690805
    1200  1.02003e+36  4.07419e+35  1.02003e+36   2.0595e+35  1.09207e+47  8.44362e+37  1.19724e+37  2.22046e+32    2.707e+33  4.00763e+30  8.67046e+31  3.20872e+35  2.37242e+35  1.08197e+35   1.1809e+35  1.14744e+35  3.92688e+32  2.53178e+33  8.38134e+26  1.67069e+34  9.05043e+33  1.68164e+34  7.47628e+33  2.02562e+33  8.04041e+32  5.96321e+28  1.45144e+27       722838
    1300  1.76789e+36  7.05708e+35  1.76789e+36  3.56079e+35  9.78072e+45  4.11159e+37  6.83645e+36  2.68349e+32  3.92122e+33  7.59712e+30  1.29075e+32  5.13083e+35  3.79426e+35  1.72918e+35  1.88585e+35  1.83495e+35  4.74975e+32  2.83742e+33  1.03636e+27   2.4706e+34  1.33963e+34  2.48672e+34   1.1065e+34  2.93185e+33  9.69476e+32  1.44253e+29  1.31666e+27       753515
    1400  2.96118e+36  1.18145e+36  2.96118e+36  5.95179e+35  1.28575e+45  2.30743e+37  4.39922e+36  3.28229e+32  5.56061e+33  1.36729e+31  1.88258e+32  7.97549e+35  5.89873e+35  2.68661e+35  2.92814e+35  2.85247e+35  5.81607e+32  3.24478e+33  1.29317e+27  3.57236e+34  1.93859e+34  3.59557e+34  1.60106e+34  4.15684e+33   1.1843e+33   3.2108e+29  1.32947e+27       782993
    1500  4.81421e+36  1.91991e+36  4.81421e+36  9.65865e+35  2.29371e+44  1.44804e+37  3.10923e+36  4.04661e+32   7.7395e+33  2.35536e+31  2.69608e+32  1.20942e+36    8.946e+35  4.07235e+35  4.43596e+35  4.32575e+35  7.17471e+32  3.76369e+33   Model::Rotd::weight: WARNING: integration cutoff error = 0.00156932
1.62196e+27  5.06447e+34  2.75022e+34  5.09725e+34  2.27118e+34  5.78767e+33  1.45841e+33  6.66579e+29  1.44256e+27       811404
    1600  7.62354e+36  3.03908e+36  7.62354e+36  1.52705e+36  5.23619e+43  9.93592e+36  2.36782e+36   5.0137e+32  1.05949e+34  3.90835e+31  3.79812e+32   1.7943e+36  1.32735e+36  6.03949e+35  6.57552e+35  6.41787e+35  8.88686e+32   4.4092e+33   Model::Rotd::weight: WARNING: integration cutoff error = 0.00329161
2.03926e+27  7.05504e+34  3.83351e+34  7.10055e+34  3.16555e+34  7.92946e+33  1.80419e+33  1.30462e+30  1.64447e+27       838855
    1700  1.17926e+37  4.69945e+36  1.17926e+37  2.35881e+36  1.46259e+43  7.32807e+36  1.91494e+36  6.22922e+32  1.42899e+34  6.27859e+31  5.27148e+32  2.61055e+36  1.93133e+36  8.78401e+35  9.55948e+35  9.33764e+35  1.10269e+33  5.20085e+33   Model::Rotd::weight: WARNING: integration cutoff error = 0.00623008
2.56521e+27  9.67483e+34  5.25986e+34  9.73706e+34  4.34307e+34   1.0708e+34  2.23677e+33  2.42772e+30  1.94011e+27       865437
    1800  1.78622e+37  7.11601e+36  1.78622e+37  3.56836e+36  4.82794e+42  5.73321e+36  1.62635e+36  7.74859e+32  1.90164e+34  9.80457e+31  7.21758e+32  3.73205e+36  2.76119e+36  1.25538e+36  1.36569e+36  1.33492e+36   1.3684e+33  6.16264e+33   Model::Rotd::weight: WARNING: integration cutoff error = 0.0108445
3.22404e+27  1.30807e+35   7.1149e+34  1.31646e+35  5.87442e+34  1.42726e+34  2.77428e+33  4.32481e+30  2.34456e+27       891227
    1900  2.65468e+37  1.05729e+37  2.65468e+37  5.29731e+36   1.8325e+42  4.70922e+36  1.43787e+36  9.63844e+32  2.49996e+34  1.49328e+32  9.75975e+32  5.25125e+36  3.88539e+36  1.76593e+36  1.92043e+36  1.87834e+36  1.69639e+33  7.32309e+33   Model::Rotd::weight: WARNING: integration cutoff error = 0.0176232
4.04482e+27  1.74592e+35  9.50055e+34  1.75709e+35  7.84371e+34  1.87996e+34  3.43825e+33  7.41676e+30   2.8813e+27       916293
    2000  3.87792e+37  1.54408e+37  3.87792e+37  7.73034e+36  7.82504e+41  4.02795e+36  1.31422e+36  1.19785e+33  3.25011e+34  2.22434e+32  1.30467e+33  7.28279e+36  5.38875e+36   2.4485e+36   2.6619e+36  2.60502e+36   2.0991e+33  8.71567e+33   Model::Rotd::weight: WARNING: integration cutoff error = 0.0270608
5.06225e+27  2.30308e+35  1.25372e+35  2.31779e+35  1.03503e+35  2.44955e+34  4.25406e+33  1.23009e+31  3.58222e+27       940692
   tunneling partition function correction factors & high pressure effective energy shifts (D), kcal/mol:
     T\B           B4            D          B6t            D          B6c            D           B7            D           B8            D           B9            D          B10            D          B11            D          B14            D          B15            D          B17            D           B0            D           B1            D           B2            D           B3            D           B5            D          B12            D          B13            D          B16            D          B18            D
     100            1           -0  5.67607e+08     -4.00557            1           -0            1           -0            1           -0            1           -0            1           -0            1           -0  4.46022e+45     -20.8877  6.07262e+26     -12.2552            1           -0            1           -0            1           -0            1           -0            1           -0            1           -0   3.8956e+92     -42.3665  1.44789e+82     -37.5941            1           -0            1           -0
     200            1           -0      167.241     -2.03466            1           -0            1           -0            1           -0            1           -0            1           -0            1           -0  2.72516e+14     -13.2103       536919     -5.24364            1           -0            1           -0            1           -0            1           -0            1           -0            1           -0   3.8636e+25     -23.4156  4.60761e+27     -25.3158            1           -0            1           -0
     300            1           -0      7.08263     -1.16707            1           -0            1           -0            1           -0            1           -0            1           -0            1           -0       227972     -7.35478      30.2721     -2.03303            1           -0            1           -0            1           -0            1           -0            1           -0            1           -0  2.38943e+06     -8.75551  1.25928e+11     -15.2372            1           -0            1           -0
     400            1           -0       2.7612    -0.807328            1           -0            1           -0            1           -0            1           -0            1           -0            1           -0      117.204     -3.78672      4.31537     -1.16225            1           -0            1           -0            1           -0            1           -0            1           -0            1           -0      32.2244     -2.76039      23147.2     -7.98822            1           -0            1           -0
     500            1           -0      1.86513    -0.619336            1           -0            1           -0            1           -0            1           -0            1           -0            1           -0      9.83778     -2.27159      2.32689    -0.839122            1           -0            1           -0            1           -0            1           -0            1           -0            1           -0      4.77606      -1.5536        58.64     -4.04534            1           -0            1           -0
     600            1           -0      1.52472    -0.502933            1           -0            1           -0            1           -0            1           -0            1           -0            1           -0      3.96189     -1.64148      1.74732    -0.665408            1           -0            1           -0            1           -0            1           -0            1           -0            1           -0       2.6109     -1.14426      8.38769     -2.53577            1           -0            1           -0
     700            1           -0      1.35548    -0.423092            1           -0            1           -0            1           -0            1           -0            1           -0            1           -0      2.55765     -1.30631       1.4894    -0.554147            1           -0            1           -0            1           -0            1           -0            1           -0            1           -0      1.94245    -0.923575      3.90631     -1.89541            1           -0            1           -0
     800            1           -0      1.25778    -0.364601            1           -0            1           -0            1           -0            1           -0            1           -0            1           -0      1.99012     -1.09406      1.34888    -0.475769            1           -0            1           -0            1           -0            1           -0            1           -0            1           -0      1.63378    -0.780402      2.63575     -1.54074            1           -0            1           -0
     900            1           -0      1.19576    -0.319751            1           -0            1           -0            1           -0            1           -0            1           -0            1           -0      1.69641    -0.945229      1.26269    -0.417151            1           -0            1           -0            1           -0            1           -0            1           -0            1           -0      1.46115    -0.678233       2.0797     -1.30956            1           -0            1           -0
    1000            1           -0      1.15374    -0.284186            1           -0            1           -0            1           -0            1           -0            1           -0            1           -0      1.52146    -0.833963      1.20554    -0.371465            1           -0            1           -0            1           -0            1           -0            1           -0            1           -0      1.35311     -0.60094      1.77842     -1.14408            1           -0            1           -0
    1100            1           -0      1.12386    -0.255248            1           -0            1           -0            1           -0            1           -0            1           -0            1           -0      1.40744     -0.74708      1.16549    -0.334758            1           -0            1           -0            1           -0            1           -0            1           -0            1           -0      1.28028    -0.540089      1.59346     -1.01843            1           -0            1           -0
    1200            1           -0      1.10182    -0.231221            1           -0            1           -0            1           -0            1           -0            1           -0            1           -0      1.32834    -0.677066      1.13624    -0.304567            1           -0            1           -0            1           -0            1           -0            1           -0            1           -0      1.22851    -0.490768      1.47025    -0.919107            1           -0            1           -0
    1300            1           -0      1.08508    -0.210934            1           -0            1           -0            1           -0            1           -0            1           -0            1           -0      1.27089    -0.619278      1.11416    -0.279267            1           -0            1           -0            1           -0            1           -0            1           -0            1           -0      1.19023     -0.44989      1.38332    -0.838259            1           -0            1           -0
    1400            1           -0      1.07205    -0.193569            1           -0            1           -0            1           -0            1           -0            1           -0            1           -0      1.22768    -0.570675      1.09707     -0.25774            1           -0            1           -0            1           -0            1           -0            1           -0            1           -0      1.16104    -0.415402      1.31932    -0.770964            1           -0            1           -0
    1500            1           -0      1.06172    -0.178528            1           -0            1           -0            1           -0            1           -0            1           -0            1           -0      1.19426    -0.529167      1.08355    -0.239189            1           -0            1           -0            1           -0            1           -0            1           -0            1           -0      1.13821    -0.385882      1.27064    -0.713952            1           -0            1           -0
    1600            1           -0      1.05339    -0.165372            1           -0            1           -0            1           -0            1           -0            1           -0            1           -0      1.16782    -0.493268      1.07266    -0.223029            1           -0            1           -0            1           -0            1           -0            1           -0            1           -0      1.11999    -0.360307      1.23261    -0.664956            1           -0            1           -0
    1700            1           -0      1.04657    -0.153763            1           -0            1           -0            1           -0            1           -0            1           -0            1           -0      1.14651    -0.461888      1.06376    -0.208821            1           -0            1           -0            1           -0            1           -0            1           -0            1           -0       1.1052     -0.33792      1.20228    -0.622345            1           -0            1           -0
    1800            1           -0      1.04092    -0.143444            1           -0            1           -0            1           -0            1           -0            1           -0            1           -0      1.12907    -0.434206      1.05639    -0.196227            1           -0            1           -0            1           -0            1           -0            1           -0            1           -0      1.09302    -0.318152      1.17765    -0.584914            1           -0            1           -0
    1900            1           -0      1.03619    -0.134211            1           -0            1           -0            1           -0            1           -0            1           -0            1           -0      1.11459    -0.409594      1.05021    -0.184985            1           -0            1           -0            1           -0            1           -0            1           -0            1           -0      1.08286    -0.300562      1.15735    -0.551748            1           -0            1           -0
    2000            1           -0      1.03218    -0.125891            1           -0            1           -0            1           -0            1           -0            1           -0            1           -0      1.10243    -0.387558      1.04499    -0.174886            1           -0            1           -0            1           -0            1           -0            1           -0            1           -0      1.07429    -0.284803       1.1404    -0.522142            1           -0            1           -0
Model::init:  done, cpu time[sec] = 18.1762, elapsed time[sec] = 14
rate calculation starts
   MasterEquation::set:  starts
      Temperature      = 300 K
      Energy reference = 12219 1/cm
      Energy step      = 42 1/cm
      setting wells, barriers, and bimolecular starts
         W0 Well: average energy = 2.7 kcal/mol
         W0 Well: density of states done, elapsed time[sec] = 3.8e-05
         W0 Well: collisional kernel bandwidth = 1641
         W0 Well: collisional energy transfer kernel done, elapsed time[sec] = 0.007182
         W0 Well: relaxation modes basis done, elapsed time[sec] = 0.001136
         W0 Well: kernel in relaxation modes basis done, elapsed time[sec] = 0.046946
         W0 Well: relaxation eigenvalues done, elapsed time[sec] = 0.119529
         W0 Well: minimal relaxation eigenvalue = 0.0162417
         W0 Well: maximal relaxation eigenvalue = 2.11289
         W0 Well:       grid size = 290
         W0 Well:      real depth = 52 1/cm
         W0 Well: effective depth = 39 1/cm
         W1 Well: average energy = 2.6 kcal/mol
         W1 Well: density of states done, elapsed time[sec] = 0.001341
         W1 Well: collisional kernel bandwidth = 1641
         W1 Well: collisional energy transfer kernel done, elapsed time[sec] = 0.230923
         W1 Well: relaxation modes basis done, elapsed time[sec] = 0.043636
         W1 Well: kernel in relaxation modes basis done, elapsed time[sec] = 0.029328
         W1 Well: relaxation eigenvalues done, elapsed time[sec] = 0.110406
         W1 Well: minimal relaxation eigenvalue = 0.0162336
         W1 Well: maximal relaxation eigenvalue = 1.70228
         W1 Well:       grid size = 290
         W1 Well:      real depth = 66 1/cm
         W1 Well: effective depth = 39 1/cm
         W2 Well: average energy = 2.7 kcal/mol
         W2 Well: density of states done, elapsed time[sec] = 0.001302
         W2 Well: collisional kernel bandwidth = 1641
         W2 Well: collisional energy transfer kernel done, elapsed time[sec] = 0.243112
         W2 Well: relaxation modes basis done, elapsed time[sec] = 0.036226
         W2 Well: kernel in relaxation modes basis done, elapsed time[sec] = 0.033964
         W2 Well: relaxation eigenvalues done, elapsed time[sec] = 0.112505
         W2 Well: minimal relaxation eigenvalue = 0.0162417
         W2 Well: maximal relaxation eigenvalue = 2.11289
         W2 Well:       grid size = 290
         W2 Well:      real depth = 52 1/cm
         W2 Well: effective depth = 39 1/cm
         W3 Well: average energy = 2.6 kcal/mol
         W3 Well: density of states done, elapsed time[sec] = 0.001251
         W3 Well: collisional kernel bandwidth = 1641
         W3 Well: collisional energy transfer kernel done, elapsed time[sec] = 0.241386
         W3 Well: relaxation modes basis done, elapsed time[sec] = 0.036327
         W3 Well: kernel in relaxation modes basis done, elapsed time[sec] = 0.038231
         W3 Well: relaxation eigenvalues done, elapsed time[sec] = 0.11252
         W3 Well: minimal relaxation eigenvalue = 0.0162134
         W3 Well: maximal relaxation eigenvalue = 1.52774
         W3 Well:       grid size = 290
         W3 Well:      real depth = 73 1/cm
         W3 Well: effective depth = 39 1/cm
         W4 Well: average energy = -85.8 kcal/mol
         W4 Well: density of states done, elapsed time[sec] = 0.003107
         W4 Well: collisional kernel bandwidth = 1641
         W4 Well: collisional energy transfer kernel done, elapsed time[sec] = 1.43761
         W4 Well: relaxation modes basis done, elapsed time[sec] = 0.239044
         W4 Well: kernel in relaxation modes basis done, elapsed time[sec] = 0.305093
         W4 Well: relaxation eigenvalues done, elapsed time[sec] = 1.09641
         W4 Well: minimal relaxation eigenvalue = 0.0225656
         W4 Well: maximal relaxation eigenvalue = 0.89208
         W4 Well:       grid size = 743
         W4 Well:      real depth = -30331 1/cm
         W4 Well: effective depth = -18987 1/cm
         W5t Well: average energy = -33.6 kcal/mol
         W5t Well: density of states done, elapsed time[sec] = 0.002305
         W5t Well: collisional kernel bandwidth = 1641
         W5t Well: collisional energy transfer kernel done, elapsed time[sec] = 0.437789
         W5t Well: relaxation modes basis done, elapsed time[sec] = 0.071498
         W5t Well: kernel in relaxation modes basis done, elapsed time[sec] = 0.074499
         W5t Well: relaxation eigenvalues done, elapsed time[sec] = 0.248583
         W5t Well: minimal relaxation eigenvalue = 0.0218857
         W5t Well: maximal relaxation eigenvalue = 0.892105
         W5t Well:       grid size = 404
         W5t Well:      real depth = -12084 1/cm
         W5t Well: effective depth = -4748 1/cm
         W5c Well: average energy = -28.7 kcal/mol
         W5c Well: density of states done, elapsed time[sec] = 0.00229
         W5c Well: collisional kernel bandwidth = 1641
         W5c Well: collisional energy transfer kernel done, elapsed time[sec] = 0.457045
         W5c Well: relaxation modes basis done, elapsed time[sec] = 0.071531
         W5c Well: kernel in relaxation modes basis done, elapsed time[sec] = 0.071785
         W5c Well: relaxation eigenvalues done, elapsed time[sec] = 0.245746
         W5c Well: minimal relaxation eigenvalue = 0.0214256
         W5c Well: maximal relaxation eigenvalue = 0.892195
         W5c Well:       grid size = 404
         W5c Well:      real depth = -10398 1/cm
         W5c Well: effective depth = -4748 1/cm
         S1 Well: average energy = -5.1 kcal/mol
         S1 Well: density of states done, elapsed time[sec] = 0.001878
         S1 Well: collisional kernel bandwidth = 1641
         S1 Well: collisional energy transfer kernel done, elapsed time[sec] = 0.327341
         S1 Well: relaxation modes basis done, elapsed time[sec] = 0.051392
         S1 Well: kernel in relaxation modes basis done, elapsed time[sec] = 0.060136
         S1 Well: relaxation eigenvalues done, elapsed time[sec] = 0.167533
         S1 Well: minimal relaxation eigenvalue = 0.0177358
         S1 Well: maximal relaxation eigenvalue = 0.978544
         S1 Well:       grid size = 342
         S1 Well:      real depth = -2116 1/cm
         S1 Well: effective depth = -2144 1/cm
         B4 Barrier:        grid size = 292
         B4 Barrier:      real height = -34 1/cm
         B4 Barrier: effective height = -45 1/cm
         B6t Barrier:        grid size = 290
         B6t Barrier:      real height = 73 1/cm
         B6t Barrier: effective height = 39 1/cm
         B6c Barrier:        grid size = 292
         B6c Barrier:      real height = -20 1/cm
         B6c Barrier: effective height = -45 1/cm
         B7 Barrier:        grid size = 292
         B7 Barrier:      real height = -4 1/cm
         B7 Barrier: effective height = -45 1/cm
         B8 Barrier:        grid size = 291
         B8 Barrier:      real height = 10 1/cm
         B8 Barrier: effective height = -3 1/cm
         B9 Barrier:        grid size = 291
         B9 Barrier:      real height = 17 1/cm
         B9 Barrier: effective height = -3 1/cm
         B10 Barrier:        grid size = 291
         B10 Barrier:      real height = 18 1/cm
         B10 Barrier: effective height = -3 1/cm
         B11 Barrier:        grid size = 291
         B11 Barrier:      real height = 12 1/cm
         B11 Barrier: effective height = -3 1/cm
         B14 Barrier:        grid size = 579
         B14 Barrier:      real height = -12080 1/cm
         B14 Barrier: effective height = -12099 1/cm
         B15 Barrier:        grid size = 539
         B15 Barrier:      real height = -10398 1/cm
         B15 Barrier: effective height = -10419 1/cm
         B17 Barrier:        grid size = 342
         B17 Barrier:      real height = -2116 1/cm
         B17 Barrier: effective height = -2144 1/cm
         B0 Barrier:        grid size = 291
         B0 Barrier:      real height = 0 1/cm
         B0 Barrier: effective height = -3 1/cm
         B1 Barrier:        grid size = 291
         B1 Barrier:      real height = 0 1/cm
         B1 Barrier: effective height = -3 1/cm
         B2 Barrier:        grid size = 291
         B2 Barrier:      real height = 0 1/cm
         B2 Barrier: effective height = -3 1/cm
         B3 Barrier:        grid size = 291
         B3 Barrier:      real height = 0 1/cm
         B3 Barrier: effective height = -3 1/cm
         B5 Barrier:        grid size = 292
         B5 Barrier:      real height = -20 1/cm
         B5 Barrier: effective height = -45 1/cm
         B12 Barrier: nonpositive number of states at -23775 1/cm => truncating
         B12 Barrier:        grid size = 857
         B12 Barrier:      real height = -30271 1/cm
         B12 Barrier: effective height = -23774 1/cm
         B13 Barrier:        grid size = 579
         B13 Barrier:      real height = -12084 1/cm
         B13 Barrier: effective height = -12099 1/cm
         B16 Barrier:        grid size = 693
         B16 Barrier:      real height = -16869 1/cm
         B16 Barrier: effective height = -16886 1/cm
         B18 Barrier: nonpositive number of states at 39 1/cm => truncating
         B18 Barrier:        grid size = 290
         B18 Barrier:      real height = 6 1/cm
         B18 Barrier: effective height = 39 1/cm
      setting wells, barriers, and bimolecular done, cpu time[sec] = 6.95161, elapsed time[sec] = 0
      B4 barrier top is lower than the bottom of one of the wells it connects => truncating
      MasterEquation::Barrier::truncate: grid size = 290
      MasterEquation::Barrier::truncate: real weight = 1.71756e+30
      MasterEquation::Barrier::truncate: effective weight = 3.27611e+26
      B6c barrier top is lower than the bottom of one of the wells it connects => truncating
      MasterEquation::Barrier::truncate: grid size = 290
      MasterEquation::Barrier::truncate: real weight = 6.08957e+28
      MasterEquation::Barrier::truncate: effective weight = 1.14748e+25
      B7 barrier top is lower than the bottom of one of the wells it connects => truncating
      MasterEquation::Barrier::truncate: grid size = 290
      MasterEquation::Barrier::truncate: real weight = 3.91317e+31
      MasterEquation::Barrier::truncate: effective weight = 7.48684e+27
      B8 barrier top is lower than the bottom of one of the wells it connects => truncating
      MasterEquation::Barrier::truncate: grid size = 290
      MasterEquation::Barrier::truncate: real weight = 2.85862e+31
      MasterEquation::Barrier::truncate: effective weight = 5.46958e+27
      B9 barrier top is lower than the bottom of one of the wells it connects => truncating
      MasterEquation::Barrier::truncate: grid size = 290
      MasterEquation::Barrier::truncate: real weight = 1.3395e+31
      MasterEquation::Barrier::truncate: effective weight = 2.56293e+27
      B10 barrier top is lower than the bottom of one of the wells it connects => truncating
      MasterEquation::Barrier::truncate: grid size = 290
      MasterEquation::Barrier::truncate: real weight = 1.50204e+31
      MasterEquation::Barrier::truncate: effective weight = 2.87367e+27
      B11 barrier top is lower than the bottom of one of the wells it connects => truncating
      MasterEquation::Barrier::truncate: grid size = 290
      MasterEquation::Barrier::truncate: real weight = 1.38626e+31
      MasterEquation::Barrier::truncate: effective weight = 2.65249e+27
      B14 barrier top is lower than the bottom of one of the wells it connects => truncating
      MasterEquation::Barrier::truncate: grid size = 404
      MasterEquation::Barrier::truncate: real weight = 1.92373e+37
      MasterEquation::Barrier::truncate: effective weight = 2.1146e+31
      B15 barrier top is lower than the bottom of one of the wells it connects => truncating
      MasterEquation::Barrier::truncate: grid size = 404
      MasterEquation::Barrier::truncate: real weight = 8.45065e+35
      MasterEquation::Barrier::truncate: effective weight = 9.67486e+31
      B0 barrier top is lower than the bottom of the well it connects => truncating
      MasterEquation::Barrier::truncate: grid size = 290
      MasterEquation::Barrier::truncate: real weight = 7.89358e+30
      MasterEquation::Barrier::truncate: effective weight = 1.5086e+27
      B1 barrier top is lower than the bottom of the well it connects => truncating
      MasterEquation::Barrier::truncate: grid size = 290
      MasterEquation::Barrier::truncate: real weight = 4.12801e+30
      MasterEquation::Barrier::truncate: effective weight = 7.89002e+26
      B2 barrier top is lower than the bottom of the well it connects => truncating
      MasterEquation::Barrier::truncate: grid size = 290
      MasterEquation::Barrier::truncate: real weight = 7.9531e+30
      MasterEquation::Barrier::truncate: effective weight = 1.51999e+27
      B3 barrier top is lower than the bottom of the well it connects => truncating
      MasterEquation::Barrier::truncate: grid size = 290
      MasterEquation::Barrier::truncate: real weight = 3.424e+30
      MasterEquation::Barrier::truncate: effective weight = 6.54448e+26
      B5 barrier top is lower than the bottom of the well it connects => truncating
      MasterEquation::Barrier::truncate: grid size = 290
      MasterEquation::Barrier::truncate: real weight = 1.42418e+30
      MasterEquation::Barrier::truncate: effective weight = 2.71823e+26
      B12 barrier top is lower than the bottom of the well it connects => truncating
      MasterEquation::Barrier::truncate: grid size = 743
      MasterEquation::Barrier::truncate: real weight = 1.49183e+39
      MasterEquation::Barrier::truncate: effective weight = 2.6594e+35
      B13 barrier top is lower than the bottom of the well it connects => truncating
      MasterEquation::Barrier::truncate: grid size = 404
      MasterEquation::Barrier::truncate: real weight = 2.35078e+27
      MasterEquation::Barrier::truncate: effective weight = 8.72771e+21
      Bound Species (D1/D2 - density of states at dissociation energy (DE)/reference energy):
       Name  Depth     DE      *D1      *D2
              1/cm   1/cm       cm       cm
         W0     40     40     34.8 4.36e+09
         W1     40     40     22.8 1.73e+09
         W2     40     40     34.8 4.36e+09
         W3     40     40     16.3 8.63e+08
         W4 -18987 -18987 1.04e+04 9.63e+06
        W5t  -4748  -4748 4.45e+03 1.16e+06
        W5c  -4748  -4748 1.87e+03 9.08e+05
         S1  -2144  -2144    0.963 3.02e+04
      Well-to-Well Barriers (N - number of states at the reference energy):
       Name Height       *N
              1/cm         
         B4     40 2.63e+09
        B6t     40 5.52e+07
        B6c     40 1.49e+08
         B7     40 1.13e+12
         B8     40 8.38e+11
         B9     40  3.8e+11
        B10     40 4.12e+11
        B11     40 4.05e+11
        B14  -4748 1.24e+08
        B15  -4748 3.39e+08
        B17  -2144      340
      Well-to-Bimolecular Barriers (N - number of states at the reference energy):
       Name Height       *N
              1/cm         
         B0     40 2.22e+10
         B1     40 1.21e+10
         B2     40 2.23e+10
         B3     40    1e+10
         B5     40 2.07e+09
        B12 -18987 2.53e+08
        B13  -4748 4.51e+06
        B16 -16886      316
        B18     40    1e-32
      Effective equilibrium constants(bimolecular units - cm^3):
        Q/Q        W0        W1        W2        W3        W4       W5t       W5c        S1        P1        P2  P_escape    P_2143
         W0         1      2.45         1      4.54   1.5e-40  1.55e-10  3.62e-10    0.0606  2.09e-18  3.01e-82  2.19e-53  2.26e-18
         W1     0.408         1     0.408      1.85  6.13e-41  6.32e-11  1.48e-10    0.0248  8.53e-19  1.23e-82  8.94e-54  9.24e-19
         W2         1      2.45         1      4.54   1.5e-40  1.55e-10  3.62e-10    0.0606  2.09e-18  3.01e-82  2.19e-53  2.26e-18
         W3      0.22      0.54      0.22         1  3.31e-41  3.41e-11  7.97e-11    0.0134   4.6e-19  6.64e-83  4.83e-54  4.99e-19
         W4  6.66e+39  1.63e+40  6.66e+39  3.02e+40         1  1.03e+30  2.41e+30  4.04e+38  1.39e+22  2.01e-42  1.46e-13  1.51e+22
        W5t  6.47e+09  1.58e+10  6.47e+09  2.93e+10  9.71e-31         1      2.34  3.92e+08  1.35e-08  1.95e-72  1.42e-43  1.46e-08
        W5c  2.76e+09  6.77e+09  2.76e+09  1.25e+10  4.15e-31     0.427         1  1.68e+08  5.77e-09  8.33e-73  6.05e-44  6.25e-09
         S1      16.5      40.4      16.5      74.9  2.48e-39  2.55e-09  5.97e-09         1  3.44e-17  4.97e-81  3.61e-52  3.73e-17
         P1  4.79e+17  1.17e+18  4.79e+17  2.17e+18  7.19e-23  7.41e+07  1.73e+08   2.9e+16         1  1.44e-64  1.05e-35      1.08
         P2  3.32e+81  8.12e+81  3.32e+81  1.51e+82  4.98e+41  5.13e+71   1.2e+72  2.01e+80  6.93e+63         1  7.27e+28  7.51e+63
      P_escape  4.57e+52  1.12e+53  4.57e+52  2.07e+53  6.85e+12  7.06e+42  1.65e+43  2.77e+51  9.54e+34  1.38e-29         1  1.03e+35
      P_2143  4.42e+17  1.08e+18  4.42e+17  2.01e+18  6.63e-23  6.84e+07   1.6e+08  2.68e+16     0.923  1.33e-64  9.68e-36         1
      Real equilibrium constants(bimolecular units - cm^3):
        Q/Q        W0        W1        W2        W3        W4       W5t       W5c        S1        P1        P2  P_escape    P_2143
         W0         1      2.45         1      4.54  1.05e-60  5.01e-23  1.58e-19    0.0612     4e-22  5.77e-86  4.19e-57  4.33e-22
         W1     0.408         1     0.408      1.85  4.27e-61  2.04e-23  6.46e-20     0.025  1.63e-22  2.35e-86  1.71e-57  1.77e-22
         W2         1      2.45         1      4.54  1.05e-60  5.01e-23  1.58e-19    0.0612     4e-22  5.77e-86  4.19e-57  4.33e-22
         W3      0.22      0.54      0.22         1  2.31e-61   1.1e-23  3.49e-20    0.0135  8.81e-23  1.27e-86  9.24e-58  9.55e-23
         W4  9.56e+59  2.34e+60  9.56e+59  4.34e+60         1  4.79e+37  1.51e+41  5.85e+58  3.82e+38  5.51e-26  4.01e+03  4.14e+38
        W5t     2e+22  4.89e+22     2e+22  9.06e+22  2.09e-38         1  3.16e+03  1.22e+21      7.98  1.15e-63  8.37e-35      8.65
        W5c  6.32e+18  1.55e+19  6.32e+18  2.86e+19  6.61e-42  0.000316         1  3.87e+17   0.00252  3.64e-67  2.65e-38   0.00273
         S1      16.3        40      16.3      74.1  1.71e-59  8.18e-22  2.59e-18         1  6.53e-21  9.42e-85  6.85e-56  7.07e-21
         P1   2.5e+21  6.13e+21   2.5e+21  1.13e+22  2.62e-39     0.125       396  1.53e+20         1  1.44e-64  1.05e-35      1.08
         P2  1.73e+85  4.25e+85  1.73e+85  7.86e+85  1.81e+25  8.68e+62  2.74e+66  1.06e+84  6.93e+63         1  7.27e+28  7.51e+63
      P_escape  2.39e+56  5.84e+56  2.39e+56  1.08e+57   0.00025  1.19e+34  3.78e+37  1.46e+55  9.54e+34  1.38e-29         1  1.03e+35
      P_2143  2.31e+21  5.66e+21  2.31e+21  1.05e+22  2.42e-39     0.116       366  1.41e+20     0.923  1.33e-64  9.68e-36         1
   MasterEquation::set:  done, cpu time[sec] = 7.02073, elapsed time[sec] = 0
   MasterEquation::direct_diagonalization_method:  starts
      Pressure = 1 bar	 Temperature = 300 K
            Well    Collision, 1/sec
              W0         1.03719e+10
              W1         1.03719e+10
              W2         1.03719e+10
              W3         1.03719e+10
              W4         1.03719e+10
             W5t         1.03719e+10
             W5c         1.03719e+10
              S1         1.03719e+10
      global relaxation matrix dimension = 3053
      setting global matrices ... done, cpu time[sec] = 0.869768, elapsed time[sec] = 0
      diagonalizing global relaxation matrix ... done, cpu time[sec] = 120.965, elapsed time[sec] = 4
      microscopic rate coefficients (at reference energy) over collision frequency:
            W0<->W4     W1<->W5t     W3<->W5c      W0<->W2      W0<->W1      W2<->W3      W0<->W3      W1<->W3     W4<->W5t    W5t<->W5c      W4<->S1
            788.133      137.893       473.36      750.385      1397.36      1272.74      1380.52       1356.6      309.819      1079.69    0.0325318
             W0->P1       W1->P1       W2->P1       W3->P1       W2->P2       W4->P2      W5t->P2 W4->P_escape   S1->P_2143
            14.7048      20.2124      14.7969       33.506      1.36968       75.908      11.2634  9.49553e-05   9.5681e-37
      some eigenvalues are too small: using low eigenvalue method
      low eigenvalue method starts
         MasterEquation::low_eigenvalue_matrix:  starts
            setting up kinetic matrices ... done, cpu time[sec] = 4.36928, elapsed time[sec] = 0
            inverting kinetic matrices ... done, cpu time[sec] = 3.0713, elapsed time[sec] = 1
         MasterEquation::low_eigenvalue_matrix:  done, cpu time[sec] = 7.77425, elapsed time[sec] = 1
         MasterEquation::threshold_well_partition: starts
            single well projections onto chemical subspace:
            well:           W4   W5t   W5c    S1    W0    W2    W1    W3
            projection:  1.000 0.000 0.000 0.000 0.000 0.000 0.000 0.000
            well projection threshold  = 0.2
            partition projection error = 0
         MasterEquation::threshold_well_partition: done, cpu time[sec] = 0.001157, elapsed time[sec] = 0
         low eigenvalue bound species: W0+W1+W2+W3+W4+W5t+W5c+S1
         low eigenvalue bimolecular group:
         low eigenvalues over minimal relaxation eigenvalue:
               projection diagonalization
              1.55931e-20     1.55931e-20
         direct-diagonalization(DD)-versus-low-eigenvalue(LE) eigenvalues
             L      DD eval      LE eval     LE proj
             0 -1.40021e-10  1.55931e-20  3.55636e-34
             1    0.0708225    0.0708883  0.000852824  *
             2     0.161163     0.161204  0.000226565  *
             3     0.232517     0.235548    0.0120007  *
             4     0.722843      4744.38      3.77434  *
             5     0.797313      50336.4      1.39394  *
             6     0.844125      92598.5      6.67259  *
             7     0.931453       140892     0.412962  *
      low eigenvalue method done, cpu time[sec] = 7.85903, elapsed time[sec] = 1
      eigenvector populations normalized:
          L        *R        *P        W0        W1        W2        W3        W4       W5t       W5c        S1
          0  1.56e-20         0         0         0         0         0         1         0         0         0
          1    0.0708   0.00101         0         0         0         0         1         0         0         0
          2     0.161  0.000295         0         0         0         0         1         0         0         0
          3     0.233     0.014         0         0         0         0         1         0         0         0
          4     0.723         1         0         0         0         0         1         0         0         0
          5     0.797     0.999         0         0         0         0         1         0         0         0
          6     0.844         1         0         0         0         0         1         0         0         0
          7     0.931         1         0         0         0         0         1         0         0         0
      *R - eigenvalue over the relaxation limit
      *P - eigenvector projection squared on the relaxation subspace (= 1 -F_ne)
      eigenvector projections:
          L        *Q        *P        W0        W1        W2        W3        W4       W5t       W5c        S1
          0  4.87e-22         0  1.58e-23  8.37e-24  1.18e-23  6.27e-24         1   5.2e-17  1.26e-17  3.61e-20
          1   0.00221   0.00101  4.22e-09  2.27e-09  3.26e-09  1.67e-09 -1.49e-14  2.84e-07   2.1e-07     0.999
          2   0.00503  0.000295  1.55e-10  8.43e-11  1.19e-10  6.75e-11  6.88e-12     0.808     0.589 -3.25e-07
          3   0.00726     0.014  5.26e-12  2.97e-12  4.17e-12  2.56e-12  7.75e-12    -0.586     0.802  9.75e-10
          4    0.0226         1 -3.47e-15 -1.78e-15 -2.61e-15 -1.45e-15 -3.83e-12 -2.23e-10 -1.02e-11  8.22e-15
          5    0.0249     0.999 -2.42e-07 -1.33e-07 -1.96e-07 -9.62e-08  3.02e-13 -1.54e-08 -1.31e-08   -0.0292
          6    0.0264         1  -4.8e-14 -2.52e-14 -3.54e-14 -1.92e-14  -5.7e-12  2.89e-08  2.21e-09  3.79e-11
          7    0.0291         1 -2.79e-12 -1.47e-12 -2.07e-12 -1.12e-12 -5.68e-12   9.2e-07  1.66e-08  2.21e-09
         *Z       ---       ---  4.06e+17   2.6e+17  4.06e+17  1.91e+17  3.31e+37  3.27e+22  2.13e+22  1.65e+18
      *Q - eigenvalue over the collision frequency in first well
      *P - eigenvector projection squared on the relaxation subspace (= 1 - F_ne)
      *Z - well partition function square root
      dimension of the chemical subspace = 4
      isomers-to-bimolecular equilibrium coefficients (kappa matrix):
        W\P       P1       P2 P_escape   P_2143
         W0     0.92    0.077        0        0
         W1     0.93    0.067        0        0
         W2     0.91    0.085        0        0
         W3     0.93    0.071        0        0
         W4        0        0        0        0
        W5t        0        0        0        0
        W5c        0        0        0        0
         S1        0        0        0        0
      MasterEquation::threshold_well_partition: starts
         single well projections onto chemical subspace:
         well:           W4    S1   W5t   W5c    W0    W2    W1    W3
         projection:  1.000 0.999 0.995 0.990 0.000 0.000 0.000 0.000
         well projection threshold  = 0.2
         partition projection error = 0.0152908
      MasterEquation::threshold_well_partition: done, cpu time[sec] = 4.5e-05, elapsed time[sec] = 0
      species:
       #  assigned name     group
       0             W4     W0+W1+W2+W3+W4
       1             S1     S1
       2            W5t     W5t
       3            W5c     W5c
      Wa->Wb/Wb->Wa rate constants ratios:
      Wb\Wa        W4        S1       W5t       W5c
         W4         1   4.1e+05   1.9e+04  -2.5e+06
         S1   2.4e-06         1      0.93       0.9
        W5t   5.3e-05       1.1         1         1
        W5c    -4e-07       1.1         1         1
      W->P/P->W rate constants ratios:
        P\W        W4        S1       W5t       W5c
         P1     0.015         1         1         1
         P2         1         1         1         1
      P_escape         1         1         1      0.98
      P_2143   4.3e-08         1        -3     -0.87
      Hot distribution branching ratios:
       Well  E, kcal/mol           W4           S1          W5t          W5c           P1           P2     P_escape       P_2143        W5t/0        W5c/0
         W4      1.07217      2.42157  4.12252e-07  0.000274755  0.000139152     0.273457     0.686498  5.46563e-07   8.3355e-39  0.000307608  0.000178304
         W4     0.111505      5.11116  6.48789e-07  0.000576723  0.000289779    0.0228434     0.892621  8.15181e-07  4.84302e-39  0.000581102  0.000333281
         W4    -0.969237      9.11584   6.8038e-07   0.00102609  0.000508249  0.000857654     0.850746  9.29393e-07  1.06415e-39  0.000834214  0.000472321
      prompt isomerization/dissociation:
      W\W,P,E           W0           W1           W2           W3           W4          W5t          W5c           S1  Total Diss.           P1           P2     P_escape       P_2143        W5t/0        W5c/0
           W0   0.00012305  6.12552e-18   1.3787e-17  3.31618e-18    0.0865202  9.81748e-06    5.023e-06  1.71231e-08     0.913342     0.922049    0.0765064   2.2674e-08  4.54836e-40  1.15903e-05  6.85186e-06
           W1  1.50053e-17 -0.000277761   1.1609e-17   2.7923e-18    0.0738007  8.35133e-06  4.28436e-06  1.44178e-08     0.926464     0.931689    0.0674917  1.90991e-08  3.88364e-40  9.94037e-06  5.90533e-06
           W2   1.3787e-17  4.73906e-18   0.00012305  2.56559e-18    0.0662324   7.5055e-06  3.84974e-06  1.32476e-08     0.933633     0.914394    0.0844926  1.75576e-08  3.62497e-40  8.95539e-06  5.31825e-06
           W3  1.50394e-17  5.16956e-18  1.16353e-17   0.00085722    0.0808746  9.07168e-06  4.67984e-06  1.44489e-08     0.918254     0.926732    0.0712901  1.91295e-08  3.83248e-40  1.08996e-05  6.53952e-06
           W4  9.05127e-62  3.15174e-62  6.92887e-62  1.86557e-62            1  6.98885e-48  4.60904e-47 -5.15042e-54 -5.30793e-47  3.69128e-52  3.64211e-49  3.94616e-50 -4.05768e-86 -1.27856e-49 -4.60825e-51
          W5t  4.91596e-28  1.70712e-28  3.75827e-28  1.00162e-28   3.3452e-10            1  1.35085e-15  3.44463e-25  -3.3452e-10  6.91587e-23 -7.56321e-19 -3.37152e-22  9.17549e-60  8.34676e-17 -6.96161e-17
          W5c   7.9529e-25  2.76915e-25  6.09529e-25  1.63381e-25   6.9756e-06  4.27131e-12            1  6.45066e-22  -6.9756e-06  1.29284e-19 -2.91708e-16 -1.27475e-19  1.51976e-56 -2.20122e-13  2.26531e-13
           S1  1.04812e-09  3.60269e-10    8.109e-10  1.95016e-10      -301356  0.000421079  0.000249385     0.998978       301356   1.6863e-05  -0.00987748 -5.94623e-08  4.31385e-36 -7.28535e-05 -4.30056e-05

   MasterEquation::direct_diagonalization_method:  done, cpu time[sec] = 140.694, elapsed time[sec] = 5
rate calculation done, cpu time[sec] = 147.716, elapsed time[sec] = 5
