Wells (G - ground energy, D - dissociation limit, kcal/mol):
      Name        G        D
        W0      0.1     -0.1
        W1      0.2      0.0
        W2      0.1     -0.1
        W3      0.2     -0.1
        W4    -86.7    -48.2
       W5t    -34.5     -7.5
       W5c    -29.7     -7.5
        S1     -6.0     -6.0

Bimolecular Products (G - ground energy, kcal/mol):
      Name        G
        P1      0.0
        P2    -88.7
     P_escape    -48.0
     P_2143      0.0

Well-to-Bimolecular Barriers (H/G - barrier height/well depth, kcal/mol)
      Name        H     Well        G  Product
        B0      0.0       W0      0.1       P1
        B1      0.0       W1      0.2       P1
        B2      0.0       W2      0.1       P1
        B3      0.0       W3      0.2       P1
        B5     -0.1       W2      0.1       P2
       B12     -5.7       W4    -86.7       P2
       B13     17.1      W5t    -34.5       P2
       B16    -48.2       W4    -86.7 P_escape
       B18      0.0       S1     -6.0   P_2143

Well-to-Well Barriers (H/G - barrier height/well depth, kcal/mol):
      Name        H     Well       G1     Well       G2
        B4     -0.1       W0      0.1       W4    -86.7
       B6t      7.4       W1      0.2      W5t    -34.5
       B6c     -0.1       W3      0.2      W5c    -29.7
        B7     -0.0       W0      0.1       W2      0.1
        B8      0.0       W0      0.1       W1      0.2
        B9      0.0       W2      0.1       W3      0.2
       B10      0.1       W0      0.1       W3      0.2
       B11      0.0       W1      0.2       W3      0.2
       B14     -4.5       W4    -86.7      W5t    -34.5
       B15     -7.5      W5t    -34.5      W5c    -29.7
       B17     -6.0       W4    -86.7       S1     -6.0

________________________________________________________________________________________

Unimolecular Rate Units: 1/sec;  Bimolecular Rate Units: cm^3/sec

______________________________________________________________________________________

Species-Species Rate Tables:

Temperature = 300 K

High Pressure Rate Coefficients:

From\To            W0           W1           W2           W3           W4          W5t          W5c           S1           P1           P2     P_escape       P_2143
W0                ***  5.66195e+12  7.75067e+12  2.97503e+12   3.4019e+11          ***          ***          ***  1.56345e+12          ***          ***          ***
W1        1.38697e+13          ***          ***  6.72599e+12          ***       722231          ***          ***  2.00287e+12          ***          ***          ***
W2        7.75067e+12          ***          ***   2.6531e+12          ***          ***          ***          ***  1.57524e+12  2.82082e+11          ***          ***
W3        1.34922e+13  1.24522e+13  1.20322e+13          ***          ***          ***  5.47002e+10          ***  3.07565e+12          ***          ***          ***
W4        3.55888e-49          ***          ***          ***          ***  3.98609e-42          ***  3.98384e-52          ***  3.09116e-40  3.51061e-32          ***
W5t               ***  1.47633e-17          ***          ***  0.000190794          ***  8.38126e-06          ***          ***  2.33148e-14          ***          ***
W5c               ***          ***          ***  1.90968e-09          ***    0.0265011          ***          ***          ***          ***          ***          ***
S1                ***          ***          ***          ***  2.33098e+07          ***          ***          ***          ***          ***          ***   7.2487e-16
P1        6.24847e-10  3.26769e-10  6.29558e-10   2.7104e-10          ***          ***          ***          ***          ***          ***          ***          ***
P2                ***          ***  1.62705e-74          ***  1.70433e-65  2.68564e-77          ***          ***          ***          ***          ***          ***
P_escape          ***          ***          ***          ***  1.40653e-28          ***          ***          ***          ***          ***          ***          ***
P_2143            ***          ***          ***          ***          ***          ***          ***  5.12794e-36          ***          ***          ***          ***

Temperature = 300 K    Pressure = 1 bar

From\To            W0           W1           W2           W3           W4          W5t          W5c           S1           P1           P2     P_escape       P_2143        W5t/0        W5c/0
W0                ***          ***          ***          ***          ***          ***          ***          ***          ***          ***          ***          ***          ***          ***
W1                ***          ***          ***          ***          ***          ***          ***          ***          ***          ***          ***          ***          ***          ***
W2                ***          ***          ***          ***          ***          ***          ***          ***          ***          ***          ***          ***          ***          ***
W3                ***          ***          ***          ***          ***          ***          ***          ***          ***          ***          ***          ***          ***          ***
W4                ***          ***          ***          ***  3.51861e-32  2.05302e-44  1.22665e-45  2.86557e-52  8.05559e-51  2.87953e-40  3.51861e-32 -3.55198e-88  1.41362e-60 -1.88483e-60
W5t               ***          ***          ***          ***    0.0185291  1.94938e-05  2.32755e-06  1.25984e-16  2.98249e-15  1.05117e-09   1.1709e-13 -4.13566e-52   1.6187e-05  1.60107e-21
W5c               ***          ***          ***          ***     -466.282   0.00736653    0.0294244  1.88048e-13  4.83387e-12  1.25044e-06  4.39233e-11 -4.80421e-49            0    0.0218752
S1                ***          ***          ***          ***  6.91915e+12       165671        80749  2.31491e+07       5552.6  6.35179e+06      23.0329  1.61486e-27  4.78713e-11 -2.79863e-11
P1                ***          ***          ***          ***  2.11397e-10  2.38134e-14  1.21833e-14  3.62174e-17  1.64534e-10  1.61377e-10  4.77786e-17  8.46434e-49  2.75992e-14   1.6317e-14
P2                ***          ***          ***          ***   1.5885e-65  1.20969e-72  4.56195e-73  5.97934e-78  2.32904e-74  1.58765e-65  5.09432e-76 7.71656e-112 -4.35605e-74  -5.3135e-75
P_escape          ***          ***          ***          ***  1.40974e-28  9.76701e-48  1.19244e-48  1.57559e-54  5.01077e-52  3.70187e-47  1.40974e-28   4.3473e-89 -1.41107e-48  -1.6873e-49
P_2143            ***          ***          ***          *** -3.41036e-42  1.19251e-51  1.50603e-51  1.14124e-47  9.17098e-49  5.79309e-48  4.49129e-54  1.81011e-47  3.96737e-51  2.07823e-51

______________________________________________________________________________________

High Pressure Rate Coefficients (Temperature-Species Rate Tables):

   T(K)       W0->W0       W0->W1       W0->W2       W0->W3       W0->W4      W0->W5t      W0->W5c       W0->S1       W0->P1       W0->P2 W0->P_escape   W0->P_2143
    300          ***  5.66195e+12  7.75067e+12  2.97503e+12   3.4019e+11          ***          ***          ***  1.56345e+12          ***          ***          ***

   T(K)       W1->W0       W1->W1       W1->W2       W1->W3       W1->W4      W1->W5t      W1->W5c       W1->S1       W1->P1       W1->P2 W1->P_escape   W1->P_2143
    300  1.38697e+13          ***          ***  6.72599e+12          ***       722231          ***          ***  2.00287e+12          ***          ***          ***

   T(K)       W2->W0       W2->W1       W2->W2       W2->W3       W2->W4      W2->W5t      W2->W5c       W2->S1       W2->P1       W2->P2 W2->P_escape   W2->P_2143
    300  7.75067e+12          ***          ***   2.6531e+12          ***          ***          ***          ***  1.57524e+12  2.82082e+11          ***          ***

   T(K)       W3->W0       W3->W1       W3->W2       W3->W3       W3->W4      W3->W5t      W3->W5c       W3->S1       W3->P1       W3->P2 W3->P_escape   W3->P_2143
    300  1.34922e+13  1.24522e+13  1.20322e+13          ***          ***          ***  5.47002e+10          ***  3.07565e+12          ***          ***          ***

   T(K)       W4->W0       W4->W1       W4->W2       W4->W3       W4->W4      W4->W5t      W4->W5c       W4->S1       W4->P1       W4->P2 W4->P_escape   W4->P_2143
    300  3.55888e-49          ***          ***          ***          ***  3.98609e-42          ***  3.98384e-52          ***  3.09116e-40  3.51061e-32          ***

   T(K)      W5t->W0      W5t->W1      W5t->W2      W5t->W3      W5t->W4     W5t->W5t     W5t->W5c      W5t->S1      W5t->P1      W5t->P2W5t->P_escape  W5t->P_2143
    300          ***  1.47633e-17          ***          ***  0.000190794          ***  8.38126e-06          ***          ***  2.33148e-14          ***          ***

   T(K)      W5c->W0      W5c->W1      W5c->W2      W5c->W3      W5c->W4     W5c->W5t     W5c->W5c      W5c->S1      W5c->P1      W5c->P2W5c->P_escape  W5c->P_2143
    300          ***          ***          ***  1.90968e-09          ***    0.0265011          ***          ***          ***          ***          ***          ***

   T(K)       S1->W0       S1->W1       S1->W2       S1->W3       S1->W4      S1->W5t      S1->W5c       S1->S1       S1->P1       S1->P2 S1->P_escape   S1->P_2143
    300          ***          ***          ***          ***  2.33098e+07          ***          ***          ***          ***          ***          ***   7.2487e-16

   T(K)       P1->W0       P1->W1       P1->W2       P1->W3       P1->W4      P1->W5t      P1->W5c       P1->S1       P1->P1       P1->P2 P1->P_escape   P1->P_2143
    300  6.24847e-10  3.26769e-10  6.29558e-10   2.7104e-10          ***          ***          ***          ***          ***          ***          ***          ***

   T(K)       P2->W0       P2->W1       P2->W2       P2->W3       P2->W4      P2->W5t      P2->W5c       P2->S1       P2->P1       P2->P2 P2->P_escape   P2->P_2143
    300          ***          ***  1.62705e-74          ***  1.70433e-65  2.68564e-77          ***          ***          ***          ***          ***          ***

   T(K) P_escape->W0 P_escape->W1 P_escape->W2 P_escape->W3 P_escape->W4P_escape->W5tP_escape->W5c P_escape->S1 P_escape->P1 P_escape->P2P_escape->P_escapeP_escape->P_2143
    300          ***          ***          ***          ***  1.40653e-28          ***          ***          ***          ***          ***          ***          ***

   T(K)   P_2143->W0   P_2143->W1   P_2143->W2   P_2143->W3   P_2143->W4  P_2143->W5t  P_2143->W5c   P_2143->S1   P_2143->P1   P_2143->P2P_2143->P_escapeP_2143->P_2143
    300          ***          ***          ***          ***          ***          ***          ***  5.12794e-36          ***          ***          ***          ***

Capture/Escape Rate Coefficients:

   T(K)           W0           W1           W2           W3           W4          W5t          W5c           S1           P1           P2     P_escape       P_2143
    300  1.82913e+13  2.25986e+13  1.22611e+13  4.11071e+13  3.51061e-32  0.000199175    0.0265011  2.33098e+07  1.85221e-09  1.70433e-65  1.40653e-28  5.12794e-36

______________________________________________________________________________________

Pressure-Species Rate Tables:

   Temperature = 300 K

   P(bar)       W0->W1       W0->W2       W0->W3       W0->W4      W0->W5t      W0->W5c       W0->S1       W0->P1       W0->P2 W0->P_escape   W0->P_2143         W0->        W5t/0        W5c/0
        1          ***          ***          ***          ***          ***          ***          ***          ***          ***          ***          ***          ***          ***          ***
      O-O  5.66195e+12  7.75067e+12  2.97503e+12   3.4019e+11          ***          ***          ***  1.56345e+12          ***          ***          ***  1.82913e+13

   Temperature = 300 K

   P(bar)       W1->W0       W1->W2       W1->W3       W1->W4      W1->W5t      W1->W5c       W1->S1       W1->P1       W1->P2 W1->P_escape   W1->P_2143         W1->        W5t/0        W5c/0
        1          ***          ***          ***          ***          ***          ***          ***          ***          ***          ***          ***          ***          ***          ***
      O-O  1.38697e+13          ***  6.72599e+12          ***       722231          ***          ***  2.00287e+12          ***          ***          ***  2.25986e+13

   Temperature = 300 K

   P(bar)       W2->W0       W2->W1       W2->W3       W2->W4      W2->W5t      W2->W5c       W2->S1       W2->P1       W2->P2 W2->P_escape   W2->P_2143         W2->        W5t/0        W5c/0
        1          ***          ***          ***          ***          ***          ***          ***          ***          ***          ***          ***          ***          ***          ***
      O-O  7.75067e+12          ***   2.6531e+12          ***          ***          ***          ***  1.57524e+12  2.82082e+11          ***          ***  1.22611e+13

   Temperature = 300 K

   P(bar)       W3->W0       W3->W1       W3->W2       W3->W4      W3->W5t      W3->W5c       W3->S1       W3->P1       W3->P2 W3->P_escape   W3->P_2143         W3->        W5t/0        W5c/0
        1          ***          ***          ***          ***          ***          ***          ***          ***          ***          ***          ***          ***          ***          ***
      O-O  1.34922e+13  1.24522e+13  1.20322e+13          ***          ***  5.47002e+10          ***  3.07565e+12          ***          ***          ***  4.11071e+13

   Temperature = 300 K

   P(bar)       W4->W0       W4->W1       W4->W2       W4->W3      W4->W5t      W4->W5c       W4->S1       W4->P1       W4->P2 W4->P_escape   W4->P_2143         W4->        W5t/0        W5c/0
        1          ***          ***          ***          ***  2.05302e-44  1.22665e-45  2.86557e-52  8.05559e-51  2.87953e-40  3.51861e-32 -3.55198e-88  3.51861e-32  1.41362e-60 -1.88483e-60
      O-O  3.55888e-49          ***          ***          ***  3.98609e-42          ***  3.98384e-52          ***  3.09116e-40  3.51061e-32          ***  3.51061e-32

   Temperature = 300 K

   P(bar)      W5t->W0      W5t->W1      W5t->W2      W5t->W3      W5t->W4     W5t->W5c      W5t->S1      W5t->P1      W5t->P2W5t->P_escape  W5t->P_2143        W5t->        W5t/0        W5c/0
        1          ***          ***          ***          ***    0.0185291  2.32755e-06  1.25984e-16  2.98249e-15  1.05117e-09   1.1709e-13 -4.13566e-52  1.94938e-05   1.6187e-05  1.60107e-21
      O-O          ***  1.47633e-17          ***          ***  0.000190794  8.38126e-06          ***          ***  2.33148e-14          ***          ***  0.000199175

   Temperature = 300 K

   P(bar)      W5c->W0      W5c->W1      W5c->W2      W5c->W3      W5c->W4     W5c->W5t      W5c->S1      W5c->P1      W5c->P2W5c->P_escape  W5c->P_2143        W5c->        W5t/0        W5c/0
        1          ***          ***          ***          ***     -466.282   0.00736653  1.88048e-13  4.83387e-12  1.25044e-06  4.39233e-11 -4.80421e-49    0.0294244            0    0.0218752
      O-O          ***          ***          ***  1.90968e-09          ***    0.0265011          ***          ***          ***          ***          ***    0.0265011

   Temperature = 300 K

   P(bar)       S1->W0       S1->W1       S1->W2       S1->W3       S1->W4      S1->W5t      S1->W5c       S1->P1       S1->P2 S1->P_escape   S1->P_2143         S1->        W5t/0        W5c/0
        1          ***          ***          ***          ***  6.91915e+12       165671        80749       5552.6  6.35179e+06      23.0329  1.61486e-27  2.31491e+07  4.78713e-11 -2.79863e-11
      O-O          ***          ***          ***          ***  2.33098e+07          ***          ***          ***          ***          ***   7.2487e-16  2.33098e+07

   Temperature = 300 K

   P(bar)       P1->W0       P1->W1       P1->W2       P1->W3       P1->W4      P1->W5t      P1->W5c       P1->S1       P1->P2 P1->P_escape   P1->P_2143         P1->        W5t/0        W5c/0
        1          ***          ***          ***          ***  2.11397e-10  2.38134e-14  1.21833e-14  3.62174e-17  1.61377e-10  4.77786e-17  8.46434e-49  1.64534e-10  2.75992e-14   1.6317e-14
      O-O  6.24847e-10  3.26769e-10  6.29558e-10   2.7104e-10          ***          ***          ***          ***          ***          ***          ***  1.85221e-09

   Temperature = 300 K

   P(bar)       P2->W0       P2->W1       P2->W2       P2->W3       P2->W4      P2->W5t      P2->W5c       P2->S1       P2->P1 P2->P_escape   P2->P_2143         P2->        W5t/0        W5c/0
        1          ***          ***          ***          ***   1.5885e-65  1.20969e-72  4.56195e-73  5.97934e-78  2.32904e-74  5.09432e-76 7.71656e-112  1.58765e-65 -4.35605e-74  -5.3135e-75
      O-O          ***          ***  1.62705e-74          ***  1.70433e-65  2.68564e-77          ***          ***          ***          ***          ***  1.70433e-65

   Temperature = 300 K

   P(bar) P_escape->W0 P_escape->W1 P_escape->W2 P_escape->W3 P_escape->W4P_escape->W5tP_escape->W5c P_escape->S1 P_escape->P1 P_escape->P2P_escape->P_2143   P_escape->        W5t/0        W5c/0
        1          ***          ***          ***          ***  1.40974e-28  9.76701e-48  1.19244e-48  1.57559e-54  5.01077e-52  3.70187e-47   4.3473e-89  1.40974e-28 -1.41107e-48  -1.6873e-49
      O-O          ***          ***          ***          ***  1.40653e-28          ***          ***          ***          ***          ***          ***  1.40653e-28

   Temperature = 300 K

   P(bar)   P_2143->W0   P_2143->W1   P_2143->W2   P_2143->W3   P_2143->W4  P_2143->W5t  P_2143->W5c   P_2143->S1   P_2143->P1   P_2143->P2P_2143->P_escape     P_2143->        W5t/0        W5c/0
        1          ***          ***          ***          *** -3.41036e-42  1.19251e-51  1.50603e-51  1.14124e-47  9.17098e-49  5.79309e-48  4.49129e-54  1.81011e-47  3.96737e-51  2.07823e-51
      O-O          ***          ***          ***          ***          ***          ***          ***  5.12794e-36          ***          ***          ***  5.12794e-36

______________________________________________________________________________________

Temperature-Species Rate Tables:

   Pressure = 1 bar

   T(K)       W0->W1       W0->W2       W0->W3       W0->W4      W0->W5t      W0->W5c       W0->S1       W0->P1       W0->P2 W0->P_escape   W0->P_2143         W0->      Capture        W5t/0        W5c/0
    300          ***          ***          ***          ***          ***          ***          ***          ***          ***          ***          ***          ***  1.82913e+13          ***          ***

   Pressure = 1 bar

   T(K)       W1->W0       W1->W2       W1->W3       W1->W4      W1->W5t      W1->W5c       W1->S1       W1->P1       W1->P2 W1->P_escape   W1->P_2143         W1->      Capture        W5t/0        W5c/0
    300          ***          ***          ***          ***          ***          ***          ***          ***          ***          ***          ***          ***  2.25986e+13          ***          ***

   Pressure = 1 bar

   T(K)       W2->W0       W2->W1       W2->W3       W2->W4      W2->W5t      W2->W5c       W2->S1       W2->P1       W2->P2 W2->P_escape   W2->P_2143         W2->      Capture        W5t/0        W5c/0
    300          ***          ***          ***          ***          ***          ***          ***          ***          ***          ***          ***          ***  1.22611e+13          ***          ***

   Pressure = 1 bar

   T(K)       W3->W0       W3->W1       W3->W2       W3->W4      W3->W5t      W3->W5c       W3->S1       W3->P1       W3->P2 W3->P_escape   W3->P_2143         W3->      Capture        W5t/0        W5c/0
    300          ***          ***          ***          ***          ***          ***          ***          ***          ***          ***          ***          ***  4.11071e+13          ***          ***

   Pressure = 1 bar

   T(K)       W4->W0       W4->W1       W4->W2       W4->W3      W4->W5t      W4->W5c       W4->S1       W4->P1       W4->P2 W4->P_escape   W4->P_2143         W4->      Capture        W5t/0        W5c/0
    300          ***          ***          ***          ***  2.05302e-44  1.22665e-45  2.86557e-52  8.05559e-51  2.87953e-40  3.51861e-32 -3.55198e-88  3.51861e-32  3.51061e-32  1.41362e-60 -1.88483e-60

   Pressure = 1 bar

   T(K)      W5t->W0      W5t->W1      W5t->W2      W5t->W3      W5t->W4     W5t->W5c      W5t->S1      W5t->P1      W5t->P2W5t->P_escape  W5t->P_2143        W5t->      Capture        W5t/0        W5c/0
    300          ***          ***          ***          ***    0.0185291  2.32755e-06  1.25984e-16  2.98249e-15  1.05117e-09   1.1709e-13 -4.13566e-52  1.94938e-05  0.000199175   1.6187e-05  1.60107e-21

   Pressure = 1 bar

   T(K)      W5c->W0      W5c->W1      W5c->W2      W5c->W3      W5c->W4     W5c->W5t      W5c->S1      W5c->P1      W5c->P2W5c->P_escape  W5c->P_2143        W5c->      Capture        W5t/0        W5c/0
    300          ***          ***          ***          ***     -466.282   0.00736653  1.88048e-13  4.83387e-12  1.25044e-06  4.39233e-11 -4.80421e-49    0.0294244    0.0265011            0    0.0218752

   Pressure = 1 bar

   T(K)       S1->W0       S1->W1       S1->W2       S1->W3       S1->W4      S1->W5t      S1->W5c       S1->P1       S1->P2 S1->P_escape   S1->P_2143         S1->      Capture        W5t/0        W5c/0
    300          ***          ***          ***          ***  6.91915e+12       165671        80749       5552.6  6.35179e+06      23.0329  1.61486e-27  2.31491e+07  2.33098e+07  4.78713e-11 -2.79863e-11

   Pressure = 1 bar

   T(K)       P1->W0       P1->W1       P1->W2       P1->W3       P1->W4      P1->W5t      P1->W5c       P1->S1       P1->P2 P1->P_escape   P1->P_2143         P1->      Capture        W5t/0        W5c/0
    300          ***          ***          ***          ***  2.11397e-10  2.38134e-14  1.21833e-14  3.62174e-17  1.61377e-10  4.77786e-17  8.46434e-49  1.64534e-10  1.85221e-09  2.75992e-14   1.6317e-14

   Pressure = 1 bar

   T(K)       P2->W0       P2->W1       P2->W2       P2->W3       P2->W4      P2->W5t      P2->W5c       P2->S1       P2->P1 P2->P_escape   P2->P_2143         P2->      Capture        W5t/0        W5c/0
    300          ***          ***          ***          ***   1.5885e-65  1.20969e-72  4.56195e-73  5.97934e-78  2.32904e-74  5.09432e-76 7.71656e-112  1.58765e-65  1.70433e-65 -4.35605e-74  -5.3135e-75

   Pressure = 1 bar

   T(K) P_escape->W0 P_escape->W1 P_escape->W2 P_escape->W3 P_escape->W4P_escape->W5tP_escape->W5c P_escape->S1 P_escape->P1 P_escape->P2P_escape->P_2143   P_escape->      Capture        W5t/0        W5c/0
    300          ***          ***          ***          ***  1.40974e-28  9.76701e-48  1.19244e-48  1.57559e-54  5.01077e-52  3.70187e-47   4.3473e-89  1.40974e-28  1.40653e-28 -1.41107e-48  -1.6873e-49

   Pressure = 1 bar

   T(K)   P_2143->W0   P_2143->W1   P_2143->W2   P_2143->W3   P_2143->W4  P_2143->W5t  P_2143->W5c   P_2143->S1   P_2143->P1   P_2143->P2P_2143->P_escape     P_2143->      Capture        W5t/0        W5c/0
    300          ***          ***          ***          *** -3.41036e-42  1.19251e-51  1.50603e-51  1.14124e-47  9.17098e-49  5.79309e-48  4.49129e-54  1.81011e-47  5.12794e-36  3.96737e-51  2.07823e-51

______________________________________________________________________________________

Temperature-Pressure Rate Tables:

W0->W1

P\T              300
1                ***
O-O      5.66195e+12

W0->W2

P\T              300
1                ***
O-O      7.75067e+12

W0->W3

P\T              300
1                ***
O-O      2.97503e+12

W0->W4

P\T              300
1                ***
O-O       3.4019e+11

W0->W5t

P\T              300
1                ***
O-O              ***

W0->W5c

P\T              300
1                ***
O-O              ***

W0->S1

P\T              300
1                ***
O-O              ***

W0->P1

P\T              300
1                ***
O-O      1.56345e+12

W0->P2

P\T              300
1                ***
O-O              ***

W0->P_escape

P\T              300
1                ***
O-O              ***

W0->P_2143

P\T              300
1                ***
O-O              ***

W1->W0

P\T              300
1                ***
O-O      1.38697e+13

W1->W2

P\T              300
1                ***
O-O              ***

W1->W3

P\T              300
1                ***
O-O      6.72599e+12

W1->W4

P\T              300
1                ***
O-O              ***

W1->W5t

P\T              300
1                ***
O-O           722231

W1->W5c

P\T              300
1                ***
O-O              ***

W1->S1

P\T              300
1                ***
O-O              ***

W1->P1

P\T              300
1                ***
O-O      2.00287e+12

W1->P2

P\T              300
1                ***
O-O              ***

W1->P_escape

P\T              300
1                ***
O-O              ***

W1->P_2143

P\T              300
1                ***
O-O              ***

W2->W0

P\T              300
1                ***
O-O      7.75067e+12

W2->W1

P\T              300
1                ***
O-O              ***

W2->W3

P\T              300
1                ***
O-O       2.6531e+12

W2->W4

P\T              300
1                ***
O-O              ***

W2->W5t

P\T              300
1                ***
O-O              ***

W2->W5c

P\T              300
1                ***
O-O              ***

W2->S1

P\T              300
1                ***
O-O              ***

W2->P1

P\T              300
1                ***
O-O      1.57524e+12

W2->P2

P\T              300
1                ***
O-O      2.82082e+11

W2->P_escape

P\T              300
1                ***
O-O              ***

W2->P_2143

P\T              300
1                ***
O-O              ***

W3->W0

P\T              300
1                ***
O-O      1.34922e+13

W3->W1

P\T              300
1                ***
O-O      1.24522e+13

W3->W2

P\T              300
1                ***
O-O      1.20322e+13

W3->W4

P\T              300
1                ***
O-O              ***

W3->W5t

P\T              300
1                ***
O-O              ***

W3->W5c

P\T              300
1                ***
O-O      5.47002e+10

W3->S1

P\T              300
1                ***
O-O              ***

W3->P1

P\T              300
1                ***
O-O      3.07565e+12

W3->P2

P\T              300
1                ***
O-O              ***

W3->P_escape

P\T              300
1                ***
O-O              ***

W3->P_2143

P\T              300
1                ***
O-O              ***

W4->W0

P\T              300
1                ***
O-O      3.55888e-49

W4->W1

P\T              300
1                ***
O-O              ***

W4->W2

P\T              300
1                ***
O-O              ***

W4->W3

P\T              300
1                ***
O-O              ***

W4->W5t

P\T              300
1        2.05302e-44
O-O      3.98609e-42

W4->W5c

P\T              300
1        1.22665e-45
O-O              ***

W4->S1

P\T              300
1        2.86557e-52
O-O      3.98384e-52

W4->P1

P\T              300
1        8.05559e-51
O-O              ***

W4->P2

P\T              300
1        2.87953e-40
O-O      3.09116e-40

W4->P_escape

P\T              300
1        3.51861e-32
O-O      3.51061e-32

W4->P_2143

P\T              300
1       -3.55198e-88
O-O              ***

W5t->W0

P\T              300
1                ***
O-O              ***

W5t->W1

P\T              300
1                ***
O-O      1.47633e-17

W5t->W2

P\T              300
1                ***
O-O              ***

W5t->W3

P\T              300
1                ***
O-O              ***

W5t->W4

P\T              300
1          0.0185291
O-O      0.000190794

W5t->W5c

P\T              300
1        2.32755e-06
O-O      8.38126e-06

W5t->S1

P\T              300
1        1.25984e-16
O-O              ***

W5t->P1

P\T              300
1        2.98249e-15
O-O              ***

W5t->P2

P\T              300
1        1.05117e-09
O-O      2.33148e-14

W5t->P_escape

P\T              300
1         1.1709e-13
O-O              ***

W5t->P_2143

P\T              300
1       -4.13566e-52
O-O              ***

W5c->W0

P\T              300
1                ***
O-O              ***

W5c->W1

P\T              300
1                ***
O-O              ***

W5c->W2

P\T              300
1                ***
O-O              ***

W5c->W3

P\T              300
1                ***
O-O      1.90968e-09

W5c->W4

P\T              300
1           -466.282
O-O              ***

W5c->W5t

P\T              300
1         0.00736653
O-O        0.0265011

W5c->S1

P\T              300
1        1.88048e-13
O-O              ***

W5c->P1

P\T              300
1        4.83387e-12
O-O              ***

W5c->P2

P\T              300
1        1.25044e-06
O-O              ***

W5c->P_escape

P\T              300
1        4.39233e-11
O-O              ***

W5c->P_2143

P\T              300
1       -4.80421e-49
O-O              ***

S1->W0

P\T              300
1                ***
O-O              ***

S1->W1

P\T              300
1                ***
O-O              ***

S1->W2

P\T              300
1                ***
O-O              ***

S1->W3

P\T              300
1                ***
O-O              ***

S1->W4

P\T              300
1        6.91915e+12
O-O      2.33098e+07

S1->W5t

P\T              300
1             165671
O-O              ***

S1->W5c

P\T              300
1              80749
O-O              ***

S1->P1

P\T              300
1             5552.6
O-O              ***

S1->P2

P\T              300
1        6.35179e+06
O-O              ***

S1->P_escape

P\T              300
1            23.0329
O-O              ***

S1->P_2143

P\T              300
1        1.61486e-27
O-O       7.2487e-16

P1->W0

P\T              300
1                ***
O-O      6.24847e-10

P1->W1

P\T              300
1                ***
O-O      3.26769e-10

P1->W2

P\T              300
1                ***
O-O      6.29558e-10

P1->W3

P\T              300
1                ***
O-O       2.7104e-10

P1->W4

P\T              300
1        2.11397e-10
O-O              ***

P1->W5t

P\T              300
1        2.38134e-14
O-O              ***

P1->W5c

P\T              300
1        1.21833e-14
O-O              ***

P1->S1

P\T              300
1        3.62174e-17
O-O              ***

P1->P2

P\T              300
1        1.61377e-10
O-O              ***

P1->P_escape

P\T              300
1        4.77786e-17
O-O              ***

P1->P_2143

P\T              300
1        8.46434e-49
O-O              ***

P2->W0

P\T              300
1                ***
O-O              ***

P2->W1

P\T              300
1                ***
O-O              ***

P2->W2

P\T              300
1                ***
O-O      1.62705e-74

P2->W3

P\T              300
1                ***
O-O              ***

P2->W4

P\T              300
1         1.5885e-65
O-O      1.70433e-65

P2->W5t

P\T              300
1        1.20969e-72
O-O      2.68564e-77

P2->W5c

P\T              300
1        4.56195e-73
O-O              ***

P2->S1

P\T              300
1        5.97934e-78
O-O              ***

P2->P1

P\T              300
1        2.32904e-74
O-O              ***

P2->P_escape

P\T              300
1        5.09432e-76
O-O              ***

P2->P_2143

P\T              300
1       7.71656e-112
O-O              ***

P_escape->W0

P\T              300
1                ***
O-O              ***

P_escape->W1

P\T              300
1                ***
O-O              ***

P_escape->W2

P\T              300
1                ***
O-O              ***

P_escape->W3

P\T              300
1                ***
O-O              ***

P_escape->W4

P\T              300
1        1.40974e-28
O-O      1.40653e-28

P_escape->W5t

P\T              300
1        9.76701e-48
O-O              ***

P_escape->W5c

P\T              300
1        1.19244e-48
O-O              ***

P_escape->S1

P\T              300
1        1.57559e-54
O-O              ***

P_escape->P1

P\T              300
1        5.01077e-52
O-O              ***

P_escape->P2

P\T              300
1        3.70187e-47
O-O              ***

P_escape->P_2143

P\T              300
1         4.3473e-89
O-O              ***

P_2143->W0

P\T              300
1                ***
O-O              ***

P_2143->W1

P\T              300
1                ***
O-O              ***

P_2143->W2

P\T              300
1                ***
O-O              ***

P_2143->W3

P\T              300
1                ***
O-O              ***

P_2143->W4

P\T              300
1       -3.41036e-42
O-O              ***

P_2143->W5t

P\T              300
1        1.19251e-51
O-O              ***

P_2143->W5c

P\T              300
1        1.50603e-51
O-O              ***

P_2143->S1

P\T              300
1        1.14124e-47
O-O      5.12794e-36

P_2143->P1

P\T              300
1        9.17098e-49
O-O              ***

P_2143->P2

P\T              300
1        5.79309e-48
O-O              ***

P_2143->P_escape

P\T              300
1        4.49129e-54
O-O              ***

W0-> 

P\T              300
1                ***
O-O      1.82913e+13

W1-> 

P\T              300
1                ***
O-O      2.25986e+13

W2-> 

P\T              300
1                ***
O-O      1.22611e+13

W3-> 

P\T              300
1                ***
O-O      4.11071e+13

W4-> 

P\T              300
1        3.51861e-32
O-O      3.51061e-32

W5t-> 

P\T              300
1        1.94938e-05
O-O      0.000199175

W5c-> 

P\T              300
1          0.0294244
O-O        0.0265011

S1-> 

P\T              300
1        2.31491e+07
O-O      2.33098e+07

P1-> 

P\T              300
1        1.64534e-10
O-O      1.85221e-09

P2-> 

P\T              300
1        1.58765e-65
O-O      1.70433e-65

P_escape-> 

P\T              300
1        1.40974e-28
O-O      1.40653e-28

P_2143-> 

P\T              300
1        1.81011e-47
O-O      5.12794e-36

