Wells (G - ground energy, D - dissociation limit, kcal/mol):
      Name        G        D
        W1    -88.3      0.0

Bimolecular Products (G - ground energy, kcal/mol):
      Name        G
        P1      0.0
        P2     11.2
        P3    -46.9

Well-to-Bimolecular Barriers (H/G - barrier height/well depth, kcal/mol)
      Name        H     Well        G  Product
        B1      0.0       W1    -88.3       P1
        B2     11.2       W1    -88.3       P2
        B3     33.3       W1    -88.3       P3

________________________________________________________________________________________

Unimolecular Rate Units: 1/sec;  Bimolecular Rate Units: cm^3/sec

______________________________________________________________________________________

Species-Species Rate Tables:

Temperature = 296 K

High Pressure Rate Coefficients:

From\To            W1           P1           P2           P3
W1                ***  2.31008e-50  5.46489e-59  7.65561e-63
P1         5.0866e-11          ***          ***          ***
P2        1.88753e-10          ***          ***          ***
P3        2.26968e-56          ***          ***          ***

Temperature = 296 K    Pressure = 1 atm

From\To            W1           P1           P2           P3
W1        2.30107e-50  2.30107e-50  2.17224e-59  6.64942e-66
P1        5.06674e-11  5.06674e-11  7.24515e-20  4.96376e-30
P2        7.50275e-11  1.13648e-10  1.88675e-10   1.8272e-25
P3        1.97137e-59  6.68339e-63  1.56841e-67  1.97204e-59

Temperature = 370 K

High Pressure Rate Coefficients:

From\To            W1           P1           P2           P3
W1                ***  4.43342e-37  4.02249e-44  6.98332e-53
P1        4.78749e-11          ***          ***          ***
P2        1.97281e-10          ***          ***          ***
P3        1.02891e-52          ***          ***          ***

Temperature = 370 K    Pressure = 1 atm

From\To            W1           P1           P2           P3
W1        4.36875e-37  4.36875e-37  1.15805e-44  2.26357e-53
P1        4.71766e-11  4.71766e-11  3.09075e-18  6.01998e-29
P2        5.67959e-11  1.40374e-10  1.97169e-10  1.03088e-24
P3        3.33511e-53  8.21373e-55  3.09694e-58  3.41727e-53

Temperature = 407 K

High Pressure Rate Coefficients:

From\To            W1           P1           P2           P3
W1                ***  3.08564e-32    1.058e-38   1.4256e-48
P1        4.66354e-11          ***          ***          ***
P2        2.01215e-10          ***          ***          ***
P3        1.04703e-50          ***          ***          ***

Temperature = 407 K    Pressure = 1 atm

From\To            W1           P1           P2           P3
W1        3.00824e-32  3.00824e-32  2.55938e-39  9.44224e-49
P1        4.54656e-11  4.54656e-11  1.21122e-17  2.16222e-28
P2        4.86752e-11  1.52415e-10   2.0109e-10  2.92535e-24
P3        6.93482e-51  1.05073e-51   1.1297e-54  7.98668e-51

Temperature = 474 K

High Pressure Rate Coefficients:

From\To            W1           P1           P2           P3
W1                ***  2.22333e-25  5.02529e-31  1.82823e-41
P1        4.47881e-11          ***          ***          ***
P2        2.07824e-10          ***          ***          ***
P3        7.28769e-47          ***          ***          ***

Temperature = 474 K    Pressure = 1 atm

From\To            W1           P1           P2           P3
W1        2.09745e-25  2.09744e-25   8.7513e-32  5.61605e-42
P1        4.22522e-11  4.22523e-11  8.35188e-17  2.52216e-27
P2        3.61915e-11  1.71459e-10   2.0765e-10  2.37074e-23
P3        2.23867e-47  4.99083e-47  2.28513e-49  7.25236e-47

Temperature = 513 K

High Pressure Rate Coefficients:

From\To            W1           P1           P2           P3
W1                ***  3.30352e-22  1.79147e-27  9.77263e-38
P1        4.39137e-11          ***          ***          ***
P2        2.11392e-10          ***          ***          ***
P3        1.19635e-44          ***          ***          ***

Temperature = 513 K    Pressure = 1 atm

From\To            W1           P1           P2           P3
W1        3.02753e-22  3.02752e-22  2.56008e-28  9.62945e-39
P1         4.0245e-11  4.02452e-11  2.03881e-16  1.16177e-26
P2        3.02086e-11   1.8098e-10  2.11188e-10   8.0289e-23
P3        1.17882e-45  1.06989e-44  8.32959e-47  1.19611e-44

Temperature = 539 K

High Pressure Rate Coefficients:

From\To            W1           P1           P2           P3
W1                ***  2.39877e-20  2.17697e-25   1.8868e-35
P1        4.33995e-11          ***          ***          ***
P2        2.13666e-10          ***          ***          ***
P3        2.98735e-43          ***          ***          ***

Temperature = 539 K    Pressure = 1 atm

From\To            W1           P1           P2           P3
W1        2.14659e-20  2.14658e-20  2.71945e-26  8.00972e-37
P1        3.88368e-11  3.88371e-11   3.4424e-16  3.23652e-26
P2         2.6691e-11  1.86746e-10  2.13437e-10  1.75198e-22
P3        1.26817e-44  2.83232e-43  2.82621e-45   2.9874e-43

Temperature = 577 K

High Pressure Rate Coefficients:

From\To            W1           P1           P2           P3
W1                ***  6.30364e-18  1.11994e-22  2.10327e-32
P1        4.27328e-11          ***          ***          ***
P2        2.16851e-10          ***          ***          ***
P3        2.32618e-41          ***          ***          ***

Temperature = 577 K    Pressure = 1 atm

From\To            W1           P1           P2           P3
W1        5.41101e-18    5.411e-18   1.1469e-23  2.61645e-34
P1        3.66816e-11  3.66823e-11  6.80458e-16  1.39016e-25
P2        2.22071e-11  1.94355e-10  2.16562e-10  5.14348e-22
P3        2.89374e-43    2.268e-41  2.93791e-43  2.32631e-41

Temperature = 700 K

High Pressure Rate Coefficients:

From\To            W1           P1           P2           P3
W1                ***  6.83027e-12  6.60167e-16  1.40555e-24
P1        4.10994e-11          ***          ***          ***
P2        2.26165e-10          ***          ***          ***
P3        2.01399e-36          ***          ***          ***

Temperature = 700 K    Pressure = 1 atm

From\To            W1           P1           P2           P3
W1        4.84565e-12  4.84561e-12  3.50369e-17  5.39848e-28
P1        2.91572e-11  2.91609e-11  3.75267e-15  8.28238e-24
P2        1.20032e-11  2.13655e-10  2.25659e-10  9.83129e-21
P3         7.7354e-40  1.97229e-36  4.11198e-38  2.01418e-36

Temperature = 810 K

High Pressure Rate Coefficients:

From\To            W1           P1           P2           P3
W1                ***  4.76692e-08  1.38775e-11  1.72707e-19
P1        4.00917e-11          ***          ***          ***
P2        2.33424e-10          ***          ***          ***
P3        3.55463e-33          ***          ***          ***

Temperature = 810 K    Pressure = 1 atm

From\To            W1           P1           P2           P3
W1        2.66799e-08  2.66795e-08  4.04761e-13  5.68218e-24
P1        2.24384e-11  2.24497e-11  1.12894e-14  1.41402e-22
P2        6.80822e-12  2.25782e-10   2.3259e-10  7.72763e-20
P3        1.16949e-37  3.46039e-33   9.4557e-35  3.55506e-33

Temperature = 906 K

High Pressure Rate Coefficients:

From\To            W1           P1           P2           P3
W1                ***  1.84735e-05  1.15023e-08  5.03915e-16
P1        3.94261e-11          ***          ***          ***
P2        2.39096e-10          ***          ***          ***
P3        5.93908e-31          ***          ***          ***

Temperature = 906 K    Pressure = 1 atm

From\To            W1           P1           P2           P3
W1         8.0576e-06   8.0574e-06  1.98665e-10   2.8133e-21
P1         1.7196e-11    1.722e-11   2.3997e-14  1.04093e-21
P2        4.12957e-12  2.33727e-10  2.37856e-10  3.37732e-19
P3         3.3157e-36  5.74841e-31  1.91491e-32  5.93994e-31

Temperature = 1050 K

High Pressure Rate Coefficients:

From\To            W1           P1           P2           P3
W1                ***    0.0179321  2.75822e-05  5.52698e-12
P1        3.86629e-11          ***          ***          ***
P2        2.46663e-10          ***          ***          ***
P3        2.39784e-28          ***          ***          ***

Temperature = 1050 K    Pressure = 1 atm

From\To            W1           P1           P2           P3
W1         0.00508189   0.00508167  2.17811e-07  3.40504e-18
P1        1.09561e-11  1.10146e-11  5.84967e-14  1.14235e-20
P2         1.9478e-12   2.4263e-10  2.44578e-10  2.05345e-18
P3        1.47721e-34  2.29863e-28  9.96187e-30  2.39825e-28

Temperature = 1200 K

High Pressure Rate Coefficients:

From\To            W1           P1           P2           P3
W1                ***      3.91199    0.0125741  8.76936e-09
P1        3.80621e-11          ***          ***          ***
P2        2.53582e-10          ***          ***          ***
P3        2.87174e-26          ***          ***          ***

Temperature = 1200 K    Pressure = 1 atm

From\To            W1           P1           P2           P3
W1           0.671291     0.671247  4.44001e-05  8.24113e-16
P1        6.53043e-12  6.65074e-12   1.2031e-13  8.08622e-20
P2        8.95343e-13  2.49372e-10  2.50267e-10  9.27782e-18
P3        2.69854e-33  2.72162e-26  1.50655e-27  2.87228e-26

Temperature = 1350 K

High Pressure Rate Coefficients:

From\To            W1           P1           P2           P3
W1                ***      252.013       1.4676  2.79895e-06
P1        3.75937e-11          ***          ***          ***
P2        2.59714e-10          ***          ***          ***
P3        1.24631e-24          ***          ***          ***

Temperature = 1350 K    Pressure = 1 atm

From\To            W1           P1           P2           P3
W1            25.2718      25.2695   0.00235351  5.44998e-14
P1        3.76865e-12  3.98307e-12  2.14422e-13  3.90628e-19
P2        4.16392e-13   2.5437e-10  2.54787e-10  3.20071e-17
P3        2.42618e-32  1.16601e-24  8.05359e-26  1.24655e-24

Temperature = 1525 K

High Pressure Rate Coefficients:

From\To            W1           P1           P2           P3
W1                ***      11247.9      115.409  0.000572796
P1        3.71668e-11          ***          ***          ***
P2        2.66071e-10          ***          ***          ***
P3        4.15582e-23          ***          ***          ***

Temperature = 1525 K    Pressure = 1 atm

From\To            W1           P1           P2           P3
W1            586.358      586.282    0.0753863  2.38426e-12
P1        1.93588e-12  2.30649e-12  3.70609e-13  1.74115e-18
P2        1.73677e-13   2.5858e-10  2.58753e-10  1.05969e-16
P3        1.72863e-31  3.82307e-23  3.33486e-24  4.15656e-23

Temperature = 1700 K

High Pressure Rate Coefficients:

From\To            W1           P1           P2           P3
W1                ***       224296      3672.36    0.0400172
P1        3.68358e-11          ***          ***          ***
P2        2.71731e-10          ***          ***          ***
P3        6.99143e-22          ***          ***          ***

Temperature = 1700 K    Pressure = 1 atm

From\To            W1           P1           P2           P3
W1            5979.47      5978.46      1.00274  4.55923e-11
P1        9.80017e-13   1.5602e-12  5.80179e-13  5.93398e-18
P2        7.40594e-14  2.61401e-10  2.61476e-10  2.87862e-16
P3        7.95072e-31  6.31274e-22  6.79687e-23  6.99242e-22

Temperature = 1950 K

High Pressure Rate Coefficients:

From\To            W1           P1           P2           P3
W1                ***  6.14345e+06       173454      4.71063
P1        3.64826e-11          ***          ***          ***
P2        2.78851e-10          ***          ***          ***
P3        1.71992e-20          ***          ***          ***

Temperature = 1950 K    Pressure = 1 atm

From\To            W1           P1           P2           P3
W1            62345.5      62331.2      14.2853  1.17899e-09
P1        3.67813e-13  1.34106e-12  9.73226e-13  2.45258e-17
P2        2.28206e-14  2.63469e-10  2.63493e-10  9.33869e-16
P3        4.27748e-30  1.50793e-20  2.12093e-21  1.72002e-20

Temperature = 2250 K

High Pressure Rate Coefficients:

From\To            W1           P1           P2           P3
W1                ***  1.18552e+08   5.6308e+06      364.116
P1        3.61828e-11          ***          ***          ***
P2        2.86225e-10          ***          ***          ***
P3        3.31986e-19          ***          ***          ***

Temperature = 2250 K    Pressure = 1 atm

From\To            W1           P1           P2           P3
W1             386982       386862      120.198   2.1788e-08
P1        1.15265e-13   1.6973e-12  1.58194e-12  9.37136e-17
P2        5.96466e-15  2.63472e-10  2.63481e-10  2.89868e-15
P3        1.93931e-29  2.79956e-19  5.19927e-20  3.31949e-19

Temperature = 2600 K

High Pressure Rate Coefficients:

From\To            W1           P1           P2           P3
W1                ***  1.51151e+09  1.16186e+08      16704.5
P1        3.59326e-11          ***          ***          ***
P2        2.93609e-10          ***          ***          ***
P3        4.68436e-18          ***          ***          ***

Temperature = 2600 K    Pressure = 1 atm

From\To            W1           P1           P2           P3
W1        1.44962e+06  1.44902e+06      602.668  2.80138e-07
P1        3.15986e-14  2.48545e-12  2.45353e-12  3.18805e-16
P2        1.39706e-15  2.60815e-10  2.60825e-10  8.30735e-15
P3        7.20621e-29  3.76067e-18  9.21853e-19  4.68252e-18

Temperature = 3000 K

High Pressure Rate Coefficients:

From\To            W1           P1           P2           P3
W1                ***  1.28004e+10   1.5251e+09       452077
P1         3.5714e-11          ***          ***          ***
P2        3.00856e-10          ***          ***          ***
P3        4.78276e-17          ***          ***          ***

Temperature = 3000 K    Pressure = 1 atm

From\To            W1           P1           P2           P3
W1                ***          ***          ***          ***
P1                ***  3.61072e-12  3.60977e-12  9.54098e-16
P2                ***  2.55226e-10  2.55248e-10  2.16486e-14
P3                ***   3.6178e-17  1.16101e-17  4.77881e-17

______________________________________________________________________________________

High Pressure Rate Coefficients (Temperature-Species Rate Tables):

   T(K)       W1->W1       W1->P1       W1->P2       W1->P3
    296          ***  2.31008e-50  5.46489e-59  7.65561e-63
    370          ***  4.43342e-37  4.02249e-44  6.98332e-53
    407          ***  3.08564e-32    1.058e-38   1.4256e-48
    474          ***  2.22333e-25  5.02529e-31  1.82823e-41
    513          ***  3.30352e-22  1.79147e-27  9.77263e-38
    539          ***  2.39877e-20  2.17697e-25   1.8868e-35
    577          ***  6.30364e-18  1.11994e-22  2.10327e-32
    700          ***  6.83027e-12  6.60167e-16  1.40555e-24
    810          ***  4.76692e-08  1.38775e-11  1.72707e-19
    906          ***  1.84735e-05  1.15023e-08  5.03915e-16
   1050          ***    0.0179321  2.75822e-05  5.52698e-12
   1200          ***      3.91199    0.0125741  8.76936e-09
   1350          ***      252.013       1.4676  2.79895e-06
   1525          ***      11247.9      115.409  0.000572796
   1700          ***       224296      3672.36    0.0400172
   1950          ***  6.14345e+06       173454      4.71063
   2250          ***  1.18552e+08   5.6308e+06      364.116
   2600          ***  1.51151e+09  1.16186e+08      16704.5
   3000          ***  1.28004e+10   1.5251e+09       452077

   T(K)       P1->W1       P1->P1       P1->P2       P1->P3
    296   5.0866e-11          ***          ***          ***
    370  4.78749e-11          ***          ***          ***
    407  4.66354e-11          ***          ***          ***
    474  4.47881e-11          ***          ***          ***
    513  4.39137e-11          ***          ***          ***
    539  4.33995e-11          ***          ***          ***
    577  4.27328e-11          ***          ***          ***
    700  4.10994e-11          ***          ***          ***
    810  4.00917e-11          ***          ***          ***
    906  3.94261e-11          ***          ***          ***
   1050  3.86629e-11          ***          ***          ***
   1200  3.80621e-11          ***          ***          ***
   1350  3.75937e-11          ***          ***          ***
   1525  3.71668e-11          ***          ***          ***
   1700  3.68358e-11          ***          ***          ***
   1950  3.64826e-11          ***          ***          ***
   2250  3.61828e-11          ***          ***          ***
   2600  3.59326e-11          ***          ***          ***
   3000   3.5714e-11          ***          ***          ***

   T(K)       P2->W1       P2->P1       P2->P2       P2->P3
    296  1.88753e-10          ***          ***          ***
    370  1.97281e-10          ***          ***          ***
    407  2.01215e-10          ***          ***          ***
    474  2.07824e-10          ***          ***          ***
    513  2.11392e-10          ***          ***          ***
    539  2.13666e-10          ***          ***          ***
    577  2.16851e-10          ***          ***          ***
    700  2.26165e-10          ***          ***          ***
    810  2.33424e-10          ***          ***          ***
    906  2.39096e-10          ***          ***          ***
   1050  2.46663e-10          ***          ***          ***
   1200  2.53582e-10          ***          ***          ***
   1350  2.59714e-10          ***          ***          ***
   1525  2.66071e-10          ***          ***          ***
   1700  2.71731e-10          ***          ***          ***
   1950  2.78851e-10          ***          ***          ***
   2250  2.86225e-10          ***          ***          ***
   2600  2.93609e-10          ***          ***          ***
   3000  3.00856e-10          ***          ***          ***

   T(K)       P3->W1       P3->P1       P3->P2       P3->P3
    296  2.26968e-56          ***          ***          ***
    370  1.02891e-52          ***          ***          ***
    407  1.04703e-50          ***          ***          ***
    474  7.28769e-47          ***          ***          ***
    513  1.19635e-44          ***          ***          ***
    539  2.98735e-43          ***          ***          ***
    577  2.32618e-41          ***          ***          ***
    700  2.01399e-36          ***          ***          ***
    810  3.55463e-33          ***          ***          ***
    906  5.93908e-31          ***          ***          ***
   1050  2.39784e-28          ***          ***          ***
   1200  2.87174e-26          ***          ***          ***
   1350  1.24631e-24          ***          ***          ***
   1525  4.15582e-23          ***          ***          ***
   1700  6.99143e-22          ***          ***          ***
   1950  1.71992e-20          ***          ***          ***
   2250  3.31986e-19          ***          ***          ***
   2600  4.68436e-18          ***          ***          ***
   3000  4.78276e-17          ***          ***          ***

Capture/Escape Rate Coefficients:

   T(K)           W1           P1           P2           P3
    296  2.31008e-50   5.0866e-11  1.88753e-10  2.26968e-56
    370  4.43342e-37  4.78749e-11  1.97281e-10  1.02891e-52
    407  3.08564e-32  4.66354e-11  2.01215e-10  1.04703e-50
    474  2.22333e-25  4.47881e-11  2.07824e-10  7.28769e-47
    513  3.30353e-22  4.39137e-11  2.11392e-10  1.19635e-44
    539   2.3988e-20  4.33995e-11  2.13666e-10  2.98735e-43
    577  6.30375e-18  4.27328e-11  2.16851e-10  2.32618e-41
    700  6.83093e-12  4.10994e-11  2.26165e-10  2.01399e-36
    810  4.76831e-08  4.00917e-11  2.33424e-10  3.55463e-33
    906   1.8485e-05  3.94261e-11  2.39096e-10  5.93908e-31
   1050    0.0179597  3.86629e-11  2.46663e-10  2.39784e-28
   1200      3.92456  3.80621e-11  2.53582e-10  2.87174e-26
   1350      253.481  3.75937e-11  2.59714e-10  1.24631e-24
   1525      11363.4  3.71668e-11  2.66071e-10  4.15582e-23
   1700       227969  3.68358e-11  2.71731e-10  6.99143e-22
   1950  6.31691e+06  3.64826e-11  2.78851e-10  1.71992e-20
   2250  1.24183e+08  3.61828e-11  2.86225e-10  3.31986e-19
   2600  1.62772e+09  3.59326e-11  2.93609e-10  4.68436e-18
   3000   1.4326e+10   3.5714e-11  3.00856e-10  4.78276e-17

______________________________________________________________________________________

Pressure-Species Rate Tables:

   Temperature = 296 K

   P(atm)       W1->P1       W1->P2       W1->P3         W1->
        1  2.30107e-50  2.17224e-59  6.64942e-66  2.30107e-50
    O-O  2.31008e-50  5.46489e-59  7.65561e-63  2.31008e-50

   Temperature = 370 K

   P(atm)       W1->P1       W1->P2       W1->P3         W1->
        1  4.36875e-37  1.15805e-44  2.26357e-53  4.36875e-37
    O-O  4.43342e-37  4.02249e-44  6.98332e-53  4.43342e-37

   Temperature = 407 K

   P(atm)       W1->P1       W1->P2       W1->P3         W1->
        1  3.00824e-32  2.55938e-39  9.44224e-49  3.00824e-32
    O-O  3.08564e-32    1.058e-38   1.4256e-48  3.08564e-32

   Temperature = 474 K

   P(atm)       W1->P1       W1->P2       W1->P3         W1->
        1  2.09744e-25   8.7513e-32  5.61605e-42  2.09745e-25
    O-O  2.22333e-25  5.02529e-31  1.82823e-41  2.22333e-25

   Temperature = 513 K

   P(atm)       W1->P1       W1->P2       W1->P3         W1->
        1  3.02752e-22  2.56008e-28  9.62945e-39  3.02753e-22
    O-O  3.30352e-22  1.79147e-27  9.77263e-38  3.30353e-22

   Temperature = 539 K

   P(atm)       W1->P1       W1->P2       W1->P3         W1->
        1  2.14658e-20  2.71945e-26  8.00972e-37  2.14659e-20
    O-O  2.39877e-20  2.17697e-25   1.8868e-35   2.3988e-20

   Temperature = 577 K

   P(atm)       W1->P1       W1->P2       W1->P3         W1->
        1    5.411e-18   1.1469e-23  2.61645e-34  5.41101e-18
    O-O  6.30364e-18  1.11994e-22  2.10327e-32  6.30375e-18

   Temperature = 700 K

   P(atm)       W1->P1       W1->P2       W1->P3         W1->
        1  4.84561e-12  3.50369e-17  5.39848e-28  4.84565e-12
    O-O  6.83027e-12  6.60167e-16  1.40555e-24  6.83093e-12

   Temperature = 810 K

   P(atm)       W1->P1       W1->P2       W1->P3         W1->
        1  2.66795e-08  4.04761e-13  5.68218e-24  2.66799e-08
    O-O  4.76692e-08  1.38775e-11  1.72707e-19  4.76831e-08

   Temperature = 906 K

   P(atm)       W1->P1       W1->P2       W1->P3         W1->
        1   8.0574e-06  1.98665e-10   2.8133e-21   8.0576e-06
    O-O  1.84735e-05  1.15023e-08  5.03915e-16   1.8485e-05

   Temperature = 1050 K

   P(atm)       W1->P1       W1->P2       W1->P3         W1->
        1   0.00508167  2.17811e-07  3.40504e-18   0.00508189
    O-O    0.0179321  2.75822e-05  5.52698e-12    0.0179597

   Temperature = 1200 K

   P(atm)       W1->P1       W1->P2       W1->P3         W1->
        1     0.671247  4.44001e-05  8.24113e-16     0.671291
    O-O      3.91199    0.0125741  8.76936e-09      3.92456

   Temperature = 1350 K

   P(atm)       W1->P1       W1->P2       W1->P3         W1->
        1      25.2695   0.00235351  5.44998e-14      25.2718
    O-O      252.013       1.4676  2.79895e-06      253.481

   Temperature = 1525 K

   P(atm)       W1->P1       W1->P2       W1->P3         W1->
        1      586.282    0.0753863  2.38426e-12      586.358
    O-O      11247.9      115.409  0.000572796      11363.4

   Temperature = 1700 K

   P(atm)       W1->P1       W1->P2       W1->P3         W1->
        1      5978.46      1.00274  4.55923e-11      5979.47
    O-O       224296      3672.36    0.0400172       227969

   Temperature = 1950 K

   P(atm)       W1->P1       W1->P2       W1->P3         W1->
        1      62331.2      14.2853  1.17899e-09      62345.5
    O-O  6.14345e+06       173454      4.71063  6.31691e+06

   Temperature = 2250 K

   P(atm)       W1->P1       W1->P2       W1->P3         W1->
        1       386862      120.198   2.1788e-08       386982
    O-O  1.18552e+08   5.6308e+06      364.116  1.24183e+08

   Temperature = 2600 K

   P(atm)       W1->P1       W1->P2       W1->P3         W1->
        1  1.44902e+06      602.668  2.80138e-07  1.44962e+06
    O-O  1.51151e+09  1.16186e+08      16704.5  1.62772e+09

   Temperature = 3000 K

   P(atm)       W1->P1       W1->P2       W1->P3         W1->
        1          ***          ***          ***          ***
    O-O  1.28004e+10   1.5251e+09       452077   1.4326e+10

   Temperature = 296 K

   P(atm)       P1->W1       P1->P2       P1->P3         P1->
        1  5.06674e-11  7.24515e-20  4.96376e-30  5.06674e-11
    O-O   5.0866e-11          ***          ***   5.0866e-11

   Temperature = 370 K

   P(atm)       P1->W1       P1->P2       P1->P3         P1->
        1  4.71766e-11  3.09075e-18  6.01998e-29  4.71766e-11
    O-O  4.78749e-11          ***          ***  4.78749e-11

   Temperature = 407 K

   P(atm)       P1->W1       P1->P2       P1->P3         P1->
        1  4.54656e-11  1.21122e-17  2.16222e-28  4.54656e-11
    O-O  4.66354e-11          ***          ***  4.66354e-11

   Temperature = 474 K

   P(atm)       P1->W1       P1->P2       P1->P3         P1->
        1  4.22522e-11  8.35188e-17  2.52216e-27  4.22523e-11
    O-O  4.47881e-11          ***          ***  4.47881e-11

   Temperature = 513 K

   P(atm)       P1->W1       P1->P2       P1->P3         P1->
        1   4.0245e-11  2.03881e-16  1.16177e-26  4.02452e-11
    O-O  4.39137e-11          ***          ***  4.39137e-11

   Temperature = 539 K

   P(atm)       P1->W1       P1->P2       P1->P3         P1->
        1  3.88368e-11   3.4424e-16  3.23652e-26  3.88371e-11
    O-O  4.33995e-11          ***          ***  4.33995e-11

   Temperature = 577 K

   P(atm)       P1->W1       P1->P2       P1->P3         P1->
        1  3.66816e-11  6.80458e-16  1.39016e-25  3.66823e-11
    O-O  4.27328e-11          ***          ***  4.27328e-11

   Temperature = 700 K

   P(atm)       P1->W1       P1->P2       P1->P3         P1->
        1  2.91572e-11  3.75267e-15  8.28238e-24  2.91609e-11
    O-O  4.10994e-11          ***          ***  4.10994e-11

   Temperature = 810 K

   P(atm)       P1->W1       P1->P2       P1->P3         P1->
        1  2.24384e-11  1.12894e-14  1.41402e-22  2.24497e-11
    O-O  4.00917e-11          ***          ***  4.00917e-11

   Temperature = 906 K

   P(atm)       P1->W1       P1->P2       P1->P3         P1->
        1   1.7196e-11   2.3997e-14  1.04093e-21    1.722e-11
    O-O  3.94261e-11          ***          ***  3.94261e-11

   Temperature = 1050 K

   P(atm)       P1->W1       P1->P2       P1->P3         P1->
        1  1.09561e-11  5.84967e-14  1.14235e-20  1.10146e-11
    O-O  3.86629e-11          ***          ***  3.86629e-11

   Temperature = 1200 K

   P(atm)       P1->W1       P1->P2       P1->P3         P1->
        1  6.53043e-12   1.2031e-13  8.08622e-20  6.65074e-12
    O-O  3.80621e-11          ***          ***  3.80621e-11

   Temperature = 1350 K

   P(atm)       P1->W1       P1->P2       P1->P3         P1->
        1  3.76865e-12  2.14422e-13  3.90628e-19  3.98307e-12
    O-O  3.75937e-11          ***          ***  3.75937e-11

   Temperature = 1525 K

   P(atm)       P1->W1       P1->P2       P1->P3         P1->
        1  1.93588e-12  3.70609e-13  1.74115e-18  2.30649e-12
    O-O  3.71668e-11          ***          ***  3.71668e-11

   Temperature = 1700 K

   P(atm)       P1->W1       P1->P2       P1->P3         P1->
        1  9.80017e-13  5.80179e-13  5.93398e-18   1.5602e-12
    O-O  3.68358e-11          ***          ***  3.68358e-11

   Temperature = 1950 K

   P(atm)       P1->W1       P1->P2       P1->P3         P1->
        1  3.67813e-13  9.73226e-13  2.45258e-17  1.34106e-12
    O-O  3.64826e-11          ***          ***  3.64826e-11

   Temperature = 2250 K

   P(atm)       P1->W1       P1->P2       P1->P3         P1->
        1  1.15265e-13  1.58194e-12  9.37136e-17   1.6973e-12
    O-O  3.61828e-11          ***          ***  3.61828e-11

   Temperature = 2600 K

   P(atm)       P1->W1       P1->P2       P1->P3         P1->
        1  3.15986e-14  2.45353e-12  3.18805e-16  2.48545e-12
    O-O  3.59326e-11          ***          ***  3.59326e-11

   Temperature = 3000 K

   P(atm)       P1->W1       P1->P2       P1->P3         P1->
        1          ***  3.60977e-12  9.54098e-16  3.61072e-12
    O-O   3.5714e-11          ***          ***   3.5714e-11

   Temperature = 296 K

   P(atm)       P2->W1       P2->P1       P2->P3         P2->
        1  7.50275e-11  1.13648e-10   1.8272e-25  1.88675e-10
    O-O  1.88753e-10          ***          ***  1.88753e-10

   Temperature = 370 K

   P(atm)       P2->W1       P2->P1       P2->P3         P2->
        1  5.67959e-11  1.40374e-10  1.03088e-24  1.97169e-10
    O-O  1.97281e-10          ***          ***  1.97281e-10

   Temperature = 407 K

   P(atm)       P2->W1       P2->P1       P2->P3         P2->
        1  4.86752e-11  1.52415e-10  2.92535e-24   2.0109e-10
    O-O  2.01215e-10          ***          ***  2.01215e-10

   Temperature = 474 K

   P(atm)       P2->W1       P2->P1       P2->P3         P2->
        1  3.61915e-11  1.71459e-10  2.37074e-23   2.0765e-10
    O-O  2.07824e-10          ***          ***  2.07824e-10

   Temperature = 513 K

   P(atm)       P2->W1       P2->P1       P2->P3         P2->
        1  3.02086e-11   1.8098e-10   8.0289e-23  2.11188e-10
    O-O  2.11392e-10          ***          ***  2.11392e-10

   Temperature = 539 K

   P(atm)       P2->W1       P2->P1       P2->P3         P2->
        1   2.6691e-11  1.86746e-10  1.75198e-22  2.13437e-10
    O-O  2.13666e-10          ***          ***  2.13666e-10

   Temperature = 577 K

   P(atm)       P2->W1       P2->P1       P2->P3         P2->
        1  2.22071e-11  1.94355e-10  5.14348e-22  2.16562e-10
    O-O  2.16851e-10          ***          ***  2.16851e-10

   Temperature = 700 K

   P(atm)       P2->W1       P2->P1       P2->P3         P2->
        1  1.20032e-11  2.13655e-10  9.83129e-21  2.25659e-10
    O-O  2.26165e-10          ***          ***  2.26165e-10

   Temperature = 810 K

   P(atm)       P2->W1       P2->P1       P2->P3         P2->
        1  6.80822e-12  2.25782e-10  7.72763e-20   2.3259e-10
    O-O  2.33424e-10          ***          ***  2.33424e-10

   Temperature = 906 K

   P(atm)       P2->W1       P2->P1       P2->P3         P2->
        1  4.12957e-12  2.33727e-10  3.37732e-19  2.37856e-10
    O-O  2.39096e-10          ***          ***  2.39096e-10

   Temperature = 1050 K

   P(atm)       P2->W1       P2->P1       P2->P3         P2->
        1   1.9478e-12   2.4263e-10  2.05345e-18  2.44578e-10
    O-O  2.46663e-10          ***          ***  2.46663e-10

   Temperature = 1200 K

   P(atm)       P2->W1       P2->P1       P2->P3         P2->
        1  8.95343e-13  2.49372e-10  9.27782e-18  2.50267e-10
    O-O  2.53582e-10          ***          ***  2.53582e-10

   Temperature = 1350 K

   P(atm)       P2->W1       P2->P1       P2->P3         P2->
        1  4.16392e-13   2.5437e-10  3.20071e-17  2.54787e-10
    O-O  2.59714e-10          ***          ***  2.59714e-10

   Temperature = 1525 K

   P(atm)       P2->W1       P2->P1       P2->P3         P2->
        1  1.73677e-13   2.5858e-10  1.05969e-16  2.58753e-10
    O-O  2.66071e-10          ***          ***  2.66071e-10

   Temperature = 1700 K

   P(atm)       P2->W1       P2->P1       P2->P3         P2->
        1  7.40594e-14  2.61401e-10  2.87862e-16  2.61476e-10
    O-O  2.71731e-10          ***          ***  2.71731e-10

   Temperature = 1950 K

   P(atm)       P2->W1       P2->P1       P2->P3         P2->
        1  2.28206e-14  2.63469e-10  9.33869e-16  2.63493e-10
    O-O  2.78851e-10          ***          ***  2.78851e-10

   Temperature = 2250 K

   P(atm)       P2->W1       P2->P1       P2->P3         P2->
        1  5.96466e-15  2.63472e-10  2.89868e-15  2.63481e-10
    O-O  2.86225e-10          ***          ***  2.86225e-10

   Temperature = 2600 K

   P(atm)       P2->W1       P2->P1       P2->P3         P2->
        1  1.39706e-15  2.60815e-10  8.30735e-15  2.60825e-10
    O-O  2.93609e-10          ***          ***  2.93609e-10

   Temperature = 3000 K

   P(atm)       P2->W1       P2->P1       P2->P3         P2->
        1          ***  2.55226e-10  2.16486e-14  2.55248e-10
    O-O  3.00856e-10          ***          ***  3.00856e-10

   Temperature = 296 K

   P(atm)       P3->W1       P3->P1       P3->P2         P3->
        1  1.97137e-59  6.68339e-63  1.56841e-67  1.97204e-59
    O-O  2.26968e-56          ***          ***  2.26968e-56

   Temperature = 370 K

   P(atm)       P3->W1       P3->P1       P3->P2         P3->
        1  3.33511e-53  8.21373e-55  3.09694e-58  3.41727e-53
    O-O  1.02891e-52          ***          ***  1.02891e-52

   Temperature = 407 K

   P(atm)       P3->W1       P3->P1       P3->P2         P3->
        1  6.93482e-51  1.05073e-51   1.1297e-54  7.98668e-51
    O-O  1.04703e-50          ***          ***  1.04703e-50

   Temperature = 474 K

   P(atm)       P3->W1       P3->P1       P3->P2         P3->
        1  2.23867e-47  4.99083e-47  2.28513e-49  7.25236e-47
    O-O  7.28769e-47          ***          ***  7.28769e-47

   Temperature = 513 K

   P(atm)       P3->W1       P3->P1       P3->P2         P3->
        1  1.17882e-45  1.06989e-44  8.32959e-47  1.19611e-44
    O-O  1.19635e-44          ***          ***  1.19635e-44

   Temperature = 539 K

   P(atm)       P3->W1       P3->P1       P3->P2         P3->
        1  1.26817e-44  2.83232e-43  2.82621e-45   2.9874e-43
    O-O  2.98735e-43          ***          ***  2.98735e-43

   Temperature = 577 K

   P(atm)       P3->W1       P3->P1       P3->P2         P3->
        1  2.89374e-43    2.268e-41  2.93791e-43  2.32631e-41
    O-O  2.32618e-41          ***          ***  2.32618e-41

   Temperature = 700 K

   P(atm)       P3->W1       P3->P1       P3->P2         P3->
        1   7.7354e-40  1.97229e-36  4.11198e-38  2.01418e-36
    O-O  2.01399e-36          ***          ***  2.01399e-36

   Temperature = 810 K

   P(atm)       P3->W1       P3->P1       P3->P2         P3->
        1  1.16949e-37  3.46039e-33   9.4557e-35  3.55506e-33
    O-O  3.55463e-33          ***          ***  3.55463e-33

   Temperature = 906 K

   P(atm)       P3->W1       P3->P1       P3->P2         P3->
        1   3.3157e-36  5.74841e-31  1.91491e-32  5.93994e-31
    O-O  5.93908e-31          ***          ***  5.93908e-31

   Temperature = 1050 K

   P(atm)       P3->W1       P3->P1       P3->P2         P3->
        1  1.47721e-34  2.29863e-28  9.96187e-30  2.39825e-28
    O-O  2.39784e-28          ***          ***  2.39784e-28

   Temperature = 1200 K

   P(atm)       P3->W1       P3->P1       P3->P2         P3->
        1  2.69854e-33  2.72162e-26  1.50655e-27  2.87228e-26
    O-O  2.87174e-26          ***          ***  2.87174e-26

   Temperature = 1350 K

   P(atm)       P3->W1       P3->P1       P3->P2         P3->
        1  2.42618e-32  1.16601e-24  8.05359e-26  1.24655e-24
    O-O  1.24631e-24          ***          ***  1.24631e-24

   Temperature = 1525 K

   P(atm)       P3->W1       P3->P1       P3->P2         P3->
        1  1.72863e-31  3.82307e-23  3.33486e-24  4.15656e-23
    O-O  4.15582e-23          ***          ***  4.15582e-23

   Temperature = 1700 K

   P(atm)       P3->W1       P3->P1       P3->P2         P3->
        1  7.95072e-31  6.31274e-22  6.79687e-23  6.99242e-22
    O-O  6.99143e-22          ***          ***  6.99143e-22

   Temperature = 1950 K

   P(atm)       P3->W1       P3->P1       P3->P2         P3->
        1  4.27748e-30  1.50793e-20  2.12093e-21  1.72002e-20
    O-O  1.71992e-20          ***          ***  1.71992e-20

   Temperature = 2250 K

   P(atm)       P3->W1       P3->P1       P3->P2         P3->
        1  1.93931e-29  2.79956e-19  5.19927e-20  3.31949e-19
    O-O  3.31986e-19          ***          ***  3.31986e-19

   Temperature = 2600 K

   P(atm)       P3->W1       P3->P1       P3->P2         P3->
        1  7.20621e-29  3.76067e-18  9.21853e-19  4.68252e-18
    O-O  4.68436e-18          ***          ***  4.68436e-18

   Temperature = 3000 K

   P(atm)       P3->W1       P3->P1       P3->P2         P3->
        1          ***   3.6178e-17  1.16101e-17  4.77881e-17
    O-O  4.78276e-17          ***          ***  4.78276e-17

______________________________________________________________________________________

Temperature-Species Rate Tables:

   Pressure = 1 atm

   T(K)       W1->P1       W1->P2       W1->P3         W1->      Capture
    296  2.30107e-50  2.17224e-59  6.64942e-66  2.30107e-50  2.31008e-50
    370  4.36875e-37  1.15805e-44  2.26357e-53  4.36875e-37  4.43342e-37
    407  3.00824e-32  2.55938e-39  9.44224e-49  3.00824e-32  3.08564e-32
    474  2.09744e-25   8.7513e-32  5.61605e-42  2.09745e-25  2.22333e-25
    513  3.02752e-22  2.56008e-28  9.62945e-39  3.02753e-22  3.30353e-22
    539  2.14658e-20  2.71945e-26  8.00972e-37  2.14659e-20   2.3988e-20
    577    5.411e-18   1.1469e-23  2.61645e-34  5.41101e-18  6.30375e-18
    700  4.84561e-12  3.50369e-17  5.39848e-28  4.84565e-12  6.83093e-12
    810  2.66795e-08  4.04761e-13  5.68218e-24  2.66799e-08  4.76831e-08
    906   8.0574e-06  1.98665e-10   2.8133e-21   8.0576e-06   1.8485e-05
   1050   0.00508167  2.17811e-07  3.40504e-18   0.00508189    0.0179597
   1200     0.671247  4.44001e-05  8.24113e-16     0.671291      3.92456
   1350      25.2695   0.00235351  5.44998e-14      25.2718      253.481
   1525      586.282    0.0753863  2.38426e-12      586.358      11363.4
   1700      5978.46      1.00274  4.55923e-11      5979.47       227969
   1950      62331.2      14.2853  1.17899e-09      62345.5  6.31691e+06
   2250       386862      120.198   2.1788e-08       386982  1.24183e+08
   2600  1.44902e+06      602.668  2.80138e-07  1.44962e+06  1.62772e+09
   3000          ***          ***          ***          ***   1.4326e+10

   Pressure = 1 atm

   T(K)       P1->W1       P1->P2       P1->P3         P1->      Capture
    296  5.06674e-11  7.24515e-20  4.96376e-30  5.06674e-11   5.0866e-11
    370  4.71766e-11  3.09075e-18  6.01998e-29  4.71766e-11  4.78749e-11
    407  4.54656e-11  1.21122e-17  2.16222e-28  4.54656e-11  4.66354e-11
    474  4.22522e-11  8.35188e-17  2.52216e-27  4.22523e-11  4.47881e-11
    513   4.0245e-11  2.03881e-16  1.16177e-26  4.02452e-11  4.39137e-11
    539  3.88368e-11   3.4424e-16  3.23652e-26  3.88371e-11  4.33995e-11
    577  3.66816e-11  6.80458e-16  1.39016e-25  3.66823e-11  4.27328e-11
    700  2.91572e-11  3.75267e-15  8.28238e-24  2.91609e-11  4.10994e-11
    810  2.24384e-11  1.12894e-14  1.41402e-22  2.24497e-11  4.00917e-11
    906   1.7196e-11   2.3997e-14  1.04093e-21    1.722e-11  3.94261e-11
   1050  1.09561e-11  5.84967e-14  1.14235e-20  1.10146e-11  3.86629e-11
   1200  6.53043e-12   1.2031e-13  8.08622e-20  6.65074e-12  3.80621e-11
   1350  3.76865e-12  2.14422e-13  3.90628e-19  3.98307e-12  3.75937e-11
   1525  1.93588e-12  3.70609e-13  1.74115e-18  2.30649e-12  3.71668e-11
   1700  9.80017e-13  5.80179e-13  5.93398e-18   1.5602e-12  3.68358e-11
   1950  3.67813e-13  9.73226e-13  2.45258e-17  1.34106e-12  3.64826e-11
   2250  1.15265e-13  1.58194e-12  9.37136e-17   1.6973e-12  3.61828e-11
   2600  3.15986e-14  2.45353e-12  3.18805e-16  2.48545e-12  3.59326e-11
   3000          ***  3.60977e-12  9.54098e-16  3.61072e-12   3.5714e-11

   Pressure = 1 atm

   T(K)       P2->W1       P2->P1       P2->P3         P2->      Capture
    296  7.50275e-11  1.13648e-10   1.8272e-25  1.88675e-10  1.88753e-10
    370  5.67959e-11  1.40374e-10  1.03088e-24  1.97169e-10  1.97281e-10
    407  4.86752e-11  1.52415e-10  2.92535e-24   2.0109e-10  2.01215e-10
    474  3.61915e-11  1.71459e-10  2.37074e-23   2.0765e-10  2.07824e-10
    513  3.02086e-11   1.8098e-10   8.0289e-23  2.11188e-10  2.11392e-10
    539   2.6691e-11  1.86746e-10  1.75198e-22  2.13437e-10  2.13666e-10
    577  2.22071e-11  1.94355e-10  5.14348e-22  2.16562e-10  2.16851e-10
    700  1.20032e-11  2.13655e-10  9.83129e-21  2.25659e-10  2.26165e-10
    810  6.80822e-12  2.25782e-10  7.72763e-20   2.3259e-10  2.33424e-10
    906  4.12957e-12  2.33727e-10  3.37732e-19  2.37856e-10  2.39096e-10
   1050   1.9478e-12   2.4263e-10  2.05345e-18  2.44578e-10  2.46663e-10
   1200  8.95343e-13  2.49372e-10  9.27782e-18  2.50267e-10  2.53582e-10
   1350  4.16392e-13   2.5437e-10  3.20071e-17  2.54787e-10  2.59714e-10
   1525  1.73677e-13   2.5858e-10  1.05969e-16  2.58753e-10  2.66071e-10
   1700  7.40594e-14  2.61401e-10  2.87862e-16  2.61476e-10  2.71731e-10
   1950  2.28206e-14  2.63469e-10  9.33869e-16  2.63493e-10  2.78851e-10
   2250  5.96466e-15  2.63472e-10  2.89868e-15  2.63481e-10  2.86225e-10
   2600  1.39706e-15  2.60815e-10  8.30735e-15  2.60825e-10  2.93609e-10
   3000          ***  2.55226e-10  2.16486e-14  2.55248e-10  3.00856e-10

   Pressure = 1 atm

   T(K)       P3->W1       P3->P1       P3->P2         P3->      Capture
    296  1.97137e-59  6.68339e-63  1.56841e-67  1.97204e-59  2.26968e-56
    370  3.33511e-53  8.21373e-55  3.09694e-58  3.41727e-53  1.02891e-52
    407  6.93482e-51  1.05073e-51   1.1297e-54  7.98668e-51  1.04703e-50
    474  2.23867e-47  4.99083e-47  2.28513e-49  7.25236e-47  7.28769e-47
    513  1.17882e-45  1.06989e-44  8.32959e-47  1.19611e-44  1.19635e-44
    539  1.26817e-44  2.83232e-43  2.82621e-45   2.9874e-43  2.98735e-43
    577  2.89374e-43    2.268e-41  2.93791e-43  2.32631e-41  2.32618e-41
    700   7.7354e-40  1.97229e-36  4.11198e-38  2.01418e-36  2.01399e-36
    810  1.16949e-37  3.46039e-33   9.4557e-35  3.55506e-33  3.55463e-33
    906   3.3157e-36  5.74841e-31  1.91491e-32  5.93994e-31  5.93908e-31
   1050  1.47721e-34  2.29863e-28  9.96187e-30  2.39825e-28  2.39784e-28
   1200  2.69854e-33  2.72162e-26  1.50655e-27  2.87228e-26  2.87174e-26
   1350  2.42618e-32  1.16601e-24  8.05359e-26  1.24655e-24  1.24631e-24
   1525  1.72863e-31  3.82307e-23  3.33486e-24  4.15656e-23  4.15582e-23
   1700  7.95072e-31  6.31274e-22  6.79687e-23  6.99242e-22  6.99143e-22
   1950  4.27748e-30  1.50793e-20  2.12093e-21  1.72002e-20  1.71992e-20
   2250  1.93931e-29  2.79956e-19  5.19927e-20  3.31949e-19  3.31986e-19
   2600  7.20621e-29  3.76067e-18  9.21853e-19  4.68252e-18  4.68436e-18
   3000          ***   3.6178e-17  1.16101e-17  4.77881e-17  4.78276e-17

______________________________________________________________________________________

Temperature-Pressure Rate Tables:

W1->P1

P\T              296          370          407          474          513          539          577          700          810          906         1050         1200         1350         1525         1700         1950         2250         2600         3000
1        2.30107e-50  4.36875e-37  3.00824e-32  2.09744e-25  3.02752e-22  2.14658e-20    5.411e-18  4.84561e-12  2.66795e-08   8.0574e-06   0.00508167     0.671247      25.2695      586.282      5978.46      62331.2       386862  1.44902e+06          ***
O-O      2.31008e-50  4.43342e-37  3.08564e-32  2.22333e-25  3.30352e-22  2.39877e-20  6.30364e-18  6.83027e-12  4.76692e-08  1.84735e-05    0.0179321      3.91199      252.013      11247.9       224296  6.14345e+06  1.18552e+08  1.51151e+09  1.28004e+10

W1->P2

P\T              296          370          407          474          513          539          577          700          810          906         1050         1200         1350         1525         1700         1950         2250         2600         3000
1        2.17224e-59  1.15805e-44  2.55938e-39   8.7513e-32  2.56008e-28  2.71945e-26   1.1469e-23  3.50369e-17  4.04761e-13  1.98665e-10  2.17811e-07  4.44001e-05   0.00235351    0.0753863      1.00274      14.2853      120.198      602.668          ***
O-O      5.46489e-59  4.02249e-44    1.058e-38  5.02529e-31  1.79147e-27  2.17697e-25  1.11994e-22  6.60167e-16  1.38775e-11  1.15023e-08  2.75822e-05    0.0125741       1.4676      115.409      3672.36       173454   5.6308e+06  1.16186e+08   1.5251e+09

W1->P3

P\T              296          370          407          474          513          539          577          700          810          906         1050         1200         1350         1525         1700         1950         2250         2600         3000
1        6.64942e-66  2.26357e-53  9.44224e-49  5.61605e-42  9.62945e-39  8.00972e-37  2.61645e-34  5.39848e-28  5.68218e-24   2.8133e-21  3.40504e-18  8.24113e-16  5.44998e-14  2.38426e-12  4.55923e-11  1.17899e-09   2.1788e-08  2.80138e-07          ***
O-O      7.65561e-63  6.98332e-53   1.4256e-48  1.82823e-41  9.77263e-38   1.8868e-35  2.10327e-32  1.40555e-24  1.72707e-19  5.03915e-16  5.52698e-12  8.76936e-09  2.79895e-06  0.000572796    0.0400172      4.71063      364.116      16704.5       452077

P1->W1

P\T              296          370          407          474          513          539          577          700          810          906         1050         1200         1350         1525         1700         1950         2250         2600         3000
1        5.06674e-11  4.71766e-11  4.54656e-11  4.22522e-11   4.0245e-11  3.88368e-11  3.66816e-11  2.91572e-11  2.24384e-11   1.7196e-11  1.09561e-11  6.53043e-12  3.76865e-12  1.93588e-12  9.80017e-13  3.67813e-13  1.15265e-13  3.15986e-14          ***
O-O       5.0866e-11  4.78749e-11  4.66354e-11  4.47881e-11  4.39137e-11  4.33995e-11  4.27328e-11  4.10994e-11  4.00917e-11  3.94261e-11  3.86629e-11  3.80621e-11  3.75937e-11  3.71668e-11  3.68358e-11  3.64826e-11  3.61828e-11  3.59326e-11   3.5714e-11

P1->P2

P\T              296          370          407          474          513          539          577          700          810          906         1050         1200         1350         1525         1700         1950         2250         2600         3000
1        7.24515e-20  3.09075e-18  1.21122e-17  8.35188e-17  2.03881e-16   3.4424e-16  6.80458e-16  3.75267e-15  1.12894e-14   2.3997e-14  5.84967e-14   1.2031e-13  2.14422e-13  3.70609e-13  5.80179e-13  9.73226e-13  1.58194e-12  2.45353e-12  3.60977e-12
O-O              ***          ***          ***          ***          ***          ***          ***          ***          ***          ***          ***          ***          ***          ***          ***          ***          ***          ***          ***

P1->P3

P\T              296          370          407          474          513          539          577          700          810          906         1050         1200         1350         1525         1700         1950         2250         2600         3000
1        4.96376e-30  6.01998e-29  2.16222e-28  2.52216e-27  1.16177e-26  3.23652e-26  1.39016e-25  8.28238e-24  1.41402e-22  1.04093e-21  1.14235e-20  8.08622e-20  3.90628e-19  1.74115e-18  5.93398e-18  2.45258e-17  9.37136e-17  3.18805e-16  9.54098e-16
O-O              ***          ***          ***          ***          ***          ***          ***          ***          ***          ***          ***          ***          ***          ***          ***          ***          ***          ***          ***

P2->W1

P\T              296          370          407          474          513          539          577          700          810          906         1050         1200         1350         1525         1700         1950         2250         2600         3000
1        7.50275e-11  5.67959e-11  4.86752e-11  3.61915e-11  3.02086e-11   2.6691e-11  2.22071e-11  1.20032e-11  6.80822e-12  4.12957e-12   1.9478e-12  8.95343e-13  4.16392e-13  1.73677e-13  7.40594e-14  2.28206e-14  5.96466e-15  1.39706e-15          ***
O-O      1.88753e-10  1.97281e-10  2.01215e-10  2.07824e-10  2.11392e-10  2.13666e-10  2.16851e-10  2.26165e-10  2.33424e-10  2.39096e-10  2.46663e-10  2.53582e-10  2.59714e-10  2.66071e-10  2.71731e-10  2.78851e-10  2.86225e-10  2.93609e-10  3.00856e-10

P2->P1

P\T              296          370          407          474          513          539          577          700          810          906         1050         1200         1350         1525         1700         1950         2250         2600         3000
1        1.13648e-10  1.40374e-10  1.52415e-10  1.71459e-10   1.8098e-10  1.86746e-10  1.94355e-10  2.13655e-10  2.25782e-10  2.33727e-10   2.4263e-10  2.49372e-10   2.5437e-10   2.5858e-10  2.61401e-10  2.63469e-10  2.63472e-10  2.60815e-10  2.55226e-10
O-O              ***          ***          ***          ***          ***          ***          ***          ***          ***          ***          ***          ***          ***          ***          ***          ***          ***          ***          ***

P2->P3

P\T              296          370          407          474          513          539          577          700          810          906         1050         1200         1350         1525         1700         1950         2250         2600         3000
1         1.8272e-25  1.03088e-24  2.92535e-24  2.37074e-23   8.0289e-23  1.75198e-22  5.14348e-22  9.83129e-21  7.72763e-20  3.37732e-19  2.05345e-18  9.27782e-18  3.20071e-17  1.05969e-16  2.87862e-16  9.33869e-16  2.89868e-15  8.30735e-15  2.16486e-14
O-O              ***          ***          ***          ***          ***          ***          ***          ***          ***          ***          ***          ***          ***          ***          ***          ***          ***          ***          ***

P3->W1

P\T              296          370          407          474          513          539          577          700          810          906         1050         1200         1350         1525         1700         1950         2250         2600         3000
1        1.97137e-59  3.33511e-53  6.93482e-51  2.23867e-47  1.17882e-45  1.26817e-44  2.89374e-43   7.7354e-40  1.16949e-37   3.3157e-36  1.47721e-34  2.69854e-33  2.42618e-32  1.72863e-31  7.95072e-31  4.27748e-30  1.93931e-29  7.20621e-29          ***
O-O      2.26968e-56  1.02891e-52  1.04703e-50  7.28769e-47  1.19635e-44  2.98735e-43  2.32618e-41  2.01399e-36  3.55463e-33  5.93908e-31  2.39784e-28  2.87174e-26  1.24631e-24  4.15582e-23  6.99143e-22  1.71992e-20  3.31986e-19  4.68436e-18  4.78276e-17

P3->P1

P\T              296          370          407          474          513          539          577          700          810          906         1050         1200         1350         1525         1700         1950         2250         2600         3000
1        6.68339e-63  8.21373e-55  1.05073e-51  4.99083e-47  1.06989e-44  2.83232e-43    2.268e-41  1.97229e-36  3.46039e-33  5.74841e-31  2.29863e-28  2.72162e-26  1.16601e-24  3.82307e-23  6.31274e-22  1.50793e-20  2.79956e-19  3.76067e-18   3.6178e-17
O-O              ***          ***          ***          ***          ***          ***          ***          ***          ***          ***          ***          ***          ***          ***          ***          ***          ***          ***          ***

P3->P2

P\T              296          370          407          474          513          539          577          700          810          906         1050         1200         1350         1525         1700         1950         2250         2600         3000
1        1.56841e-67  3.09694e-58   1.1297e-54  2.28513e-49  8.32959e-47  2.82621e-45  2.93791e-43  4.11198e-38   9.4557e-35  1.91491e-32  9.96187e-30  1.50655e-27  8.05359e-26  3.33486e-24  6.79687e-23  2.12093e-21  5.19927e-20  9.21853e-19  1.16101e-17
O-O              ***          ***          ***          ***          ***          ***          ***          ***          ***          ***          ***          ***          ***          ***          ***          ***          ***          ***          ***

W1-> 

P\T              296          370          407          474          513          539          577          700          810          906         1050         1200         1350         1525         1700         1950         2250         2600         3000
1        2.30107e-50  4.36875e-37  3.00824e-32  2.09745e-25  3.02753e-22  2.14659e-20  5.41101e-18  4.84565e-12  2.66799e-08   8.0576e-06   0.00508189     0.671291      25.2718      586.358      5979.47      62345.5       386982  1.44962e+06          ***
O-O      2.31008e-50  4.43342e-37  3.08564e-32  2.22333e-25  3.30353e-22   2.3988e-20  6.30375e-18  6.83093e-12  4.76831e-08   1.8485e-05    0.0179597      3.92456      253.481      11363.4       227969  6.31691e+06  1.24183e+08  1.62772e+09   1.4326e+10

P1-> 

P\T              296          370          407          474          513          539          577          700          810          906         1050         1200         1350         1525         1700         1950         2250         2600         3000
1        5.06674e-11  4.71766e-11  4.54656e-11  4.22523e-11  4.02452e-11  3.88371e-11  3.66823e-11  2.91609e-11  2.24497e-11    1.722e-11  1.10146e-11  6.65074e-12  3.98307e-12  2.30649e-12   1.5602e-12  1.34106e-12   1.6973e-12  2.48545e-12  3.61072e-12
O-O       5.0866e-11  4.78749e-11  4.66354e-11  4.47881e-11  4.39137e-11  4.33995e-11  4.27328e-11  4.10994e-11  4.00917e-11  3.94261e-11  3.86629e-11  3.80621e-11  3.75937e-11  3.71668e-11  3.68358e-11  3.64826e-11  3.61828e-11  3.59326e-11   3.5714e-11

P2-> 

P\T              296          370          407          474          513          539          577          700          810          906         1050         1200         1350         1525         1700         1950         2250         2600         3000
1        1.88675e-10  1.97169e-10   2.0109e-10   2.0765e-10  2.11188e-10  2.13437e-10  2.16562e-10  2.25659e-10   2.3259e-10  2.37856e-10  2.44578e-10  2.50267e-10  2.54787e-10  2.58753e-10  2.61476e-10  2.63493e-10  2.63481e-10  2.60825e-10  2.55248e-10
O-O      1.88753e-10  1.97281e-10  2.01215e-10  2.07824e-10  2.11392e-10  2.13666e-10  2.16851e-10  2.26165e-10  2.33424e-10  2.39096e-10  2.46663e-10  2.53582e-10  2.59714e-10  2.66071e-10  2.71731e-10  2.78851e-10  2.86225e-10  2.93609e-10  3.00856e-10

P3-> 

P\T              296          370          407          474          513          539          577          700          810          906         1050         1200         1350         1525         1700         1950         2250         2600         3000
1        1.97204e-59  3.41727e-53  7.98668e-51  7.25236e-47  1.19611e-44   2.9874e-43  2.32631e-41  2.01418e-36  3.55506e-33  5.93994e-31  2.39825e-28  2.87228e-26  1.24655e-24  4.15656e-23  6.99242e-22  1.72002e-20  3.31949e-19  4.68252e-18  4.77881e-17
O-O      2.26968e-56  1.02891e-52  1.04703e-50  7.28769e-47  1.19635e-44  2.98735e-43  2.32618e-41  2.01399e-36  3.55463e-33  5.93908e-31  2.39784e-28  2.87174e-26  1.24631e-24  4.15582e-23  6.99143e-22  1.71992e-20  3.31986e-19  4.68436e-18  4.78276e-17

