Model::init:  starts
   Model::ExponentialKernel::ExponentialKernel:  ... done
   Model::LennardJonesCollision::LennardJonesCollision:  ... done
   WELL: W0
   Model::RRHO::RRHO:  starts
      Model::new_core:  starts
         Model::RigidRotor::RigidRotor:  starts
            molecular geometry will be used to estimate rotational constants
            rotational configuration: nonlinear
            rotational constants[1/cm]:         23.7897       0.601083        0.58627
         Model::RigidRotor::RigidRotor:  done, cpu time[sec] = 0.002973, elapsed time[sec] = 0
      Model::new_core:  done, cpu time[sec] = 0.003647, elapsed time[sec] = 0
      ground state energy, kcal/mol:   0.15
      interpolating states number/density starts
         core state contribution ... done, cpu time[sec] = 0.139753, elapsed time[sec] = 0
         electronic states contribution ... done, cpu time[sec] = 0.002696, elapsed time[sec] = 0
         vibrational modes contribution ... done, cpu time[sec] = 0.017924, elapsed time[sec] = 0
         effective power exponent at 399.849 kcal/mol = 6.36045
      interpolating states number/density done, cpu time[sec] = 1.21749, elapsed time[sec] = 0
   Model::RRHO::RRHO:  done, cpu time[sec] = 1.22407, elapsed time[sec] = 0
   WELL: W1
   Model::RRHO::RRHO:  starts
      Model::new_core:  starts
         Model::RigidRotor::RigidRotor:  starts
            molecular geometry will be used to estimate rotational constants
            rotational configuration: nonlinear
            rotational constants[1/cm]:         2.27757        1.07738         0.7314
         Model::RigidRotor::RigidRotor:  done, cpu time[sec] = 0.001181, elapsed time[sec] = 0
      Model::new_core:  done, cpu time[sec] = 0.001773, elapsed time[sec] = 0
      ground state energy, kcal/mol:   0.19
      interpolating states number/density starts
         core state contribution ... done, cpu time[sec] = 0.108315, elapsed time[sec] = 0
         electronic states contribution ... done, cpu time[sec] = 0.00279, elapsed time[sec] = 0
         vibrational modes contribution ... done, cpu time[sec] = 0.017381, elapsed time[sec] = 0
         effective power exponent at 399.809 kcal/mol = 6.35945
      interpolating states number/density done, cpu time[sec] = 1.10008, elapsed time[sec] = 0
   Model::RRHO::RRHO:  done, cpu time[sec] = 1.10452, elapsed time[sec] = 0
   WELL: W2
   Model::RRHO::RRHO:  starts
      Model::new_core:  starts
         Model::RigidRotor::RigidRotor:  starts
            molecular geometry will be used to estimate rotational constants
            rotational configuration: nonlinear
            rotational constants[1/cm]:         23.7897       0.601083        0.58627
         Model::RigidRotor::RigidRotor:  done, cpu time[sec] = 0.001178, elapsed time[sec] = 0
      Model::new_core:  done, cpu time[sec] = 0.001825, elapsed time[sec] = 0
      ground state energy, kcal/mol:   0.15
      interpolating states number/density starts
         core state contribution ... done, cpu time[sec] = 0.095394, elapsed time[sec] = 0
         electronic states contribution ... done, cpu time[sec] = 0.003009, elapsed time[sec] = 0
         vibrational modes contribution ... done, cpu time[sec] = 0.01747, elapsed time[sec] = 0
         effective power exponent at 399.849 kcal/mol = 6.36045
      interpolating states number/density done, cpu time[sec] = 1.02259, elapsed time[sec] = 0
   Model::RRHO::RRHO:  done, cpu time[sec] = 1.02705, elapsed time[sec] = 0
   WELL: W3
   Model::RRHO::RRHO:  starts
      Model::new_core:  starts
         Model::RigidRotor::RigidRotor:  starts
            molecular geometry will be used to estimate rotational constants
            rotational configuration: nonlinear
            rotational constants[1/cm]:         1.78953        1.33461       0.764474
         Model::RigidRotor::RigidRotor:  done, cpu time[sec] = 0.001012, elapsed time[sec] = 0
      Model::new_core:  done, cpu time[sec] = 0.001605, elapsed time[sec] = 0
      ground state energy, kcal/mol:   0.21
      interpolating states number/density starts
         core state contribution ... done, cpu time[sec] = 0.095791, elapsed time[sec] = 0
         electronic states contribution ... done, cpu time[sec] = 0.002793, elapsed time[sec] = 0
         vibrational modes contribution ... done, cpu time[sec] = 0.017149, elapsed time[sec] = 0
         effective power exponent at 399.789 kcal/mol = 6.35813
      interpolating states number/density done, cpu time[sec] = 1.03005, elapsed time[sec] = 0
   Model::RRHO::RRHO:  done, cpu time[sec] = 1.03425, elapsed time[sec] = 0
   WELL: W4
   Model::RRHO::RRHO:  starts
      Model::new_core:  starts
         Model::RigidRotor::RigidRotor:  starts
            molecular geometry will be used to estimate rotational constants
            rotational configuration: nonlinear
            rotational constants[1/cm]:         9.52595        1.29538        1.14032
         Model::RigidRotor::RigidRotor:  done, cpu time[sec] = 0.001024, elapsed time[sec] = 0
      Model::new_core:  done, cpu time[sec] = 0.001608, elapsed time[sec] = 0
      ground state energy, kcal/mol:   -86.72
      interpolating states number/density starts
         core state contribution ... done, cpu time[sec] = 0.128027, elapsed time[sec] = 0
         vibrational modes contribution ... done, cpu time[sec] = 0.021499, elapsed time[sec] = 0
         effective power exponent at 486.717 kcal/mol = 6.27499
      interpolating states number/density done, cpu time[sec] = 0.306294, elapsed time[sec] = 0
   Model::RRHO::RRHO:  done, cpu time[sec] = 0.30965, elapsed time[sec] = 0
   WELL: W5t
   Model::RRHO::RRHO:  starts
      Model::new_core:  starts
         Model::RigidRotor::RigidRotor:  starts
            molecular geometry will be used to estimate rotational constants
            rotational configuration: nonlinear
            rotational constants[1/cm]:         9.65604        1.21662        1.08048
         Model::RigidRotor::RigidRotor:  done, cpu time[sec] = 1.5e-05, elapsed time[sec] = 0
      Model::new_core:  done, cpu time[sec] = 2.1e-05, elapsed time[sec] = 0
      ground state energy, kcal/mol:   -34.55
      interpolating states number/density starts
         core state contribution ... done, cpu time[sec] = 0.001046, elapsed time[sec] = 0
         vibrational modes contribution ... done, cpu time[sec] = 0.000193, elapsed time[sec] = 0
         effective power exponent at 434.55 kcal/mol = 6.24835
      interpolating states number/density done, cpu time[sec] = 0.01229, elapsed time[sec] = 0
   Model::RRHO::RRHO:  done, cpu time[sec] = 0.012342, elapsed time[sec] = 0
Model::init:  done, cpu time[sec] = 4.72986, elapsed time[sec] = 0
