Model::init:  starts
   Model::ExponentialKernel::ExponentialKernel:  ... done
   Model::LennardJonesCollision::LennardJonesCollision:  ... done
   WELL: W0
   Model::RRHO::RRHO:  starts
      Model::new_core:  starts
         Model::RigidRotor::RigidRotor:  starts
            molecular geometry will be used to estimate rotational constants
            rotational configuration: nonlinear
            rotational constants[1/cm]:         23.7897       0.601083        0.58627
         Model::RigidRotor::RigidRotor:  done, cpu time[sec] = 0.002307, elapsed time[sec] = 0
      Model::new_core:  done, cpu time[sec] = 0.002707, elapsed time[sec] = 0
      ground state energy, kcal/mol:   0.15
      interpolating states number/density starts
         core state contribution ... done, cpu time[sec] = 0.07387, elapsed time[sec] = 0
         electronic states contribution ... done, cpu time[sec] = 0.002594, elapsed time[sec] = 0
         vibrational modes contribution ... done, cpu time[sec] = 0.017058, elapsed time[sec] = 0
         effective power exponent at 399.849 kcal/mol = 6.36045
      interpolating states number/density done, cpu time[sec] = 1.05121, elapsed time[sec] = 0
   Model::RRHO::RRHO:  done, cpu time[sec] = 1.05607, elapsed time[sec] = 0
   WELL: W1
   Model::RRHO::RRHO:  starts
      Model::new_core:  starts
         Model::RigidRotor::RigidRotor:  starts
            molecular geometry will be used to estimate rotational constants
            rotational configuration: nonlinear
            rotational constants[1/cm]:         2.27757        1.07738         0.7314
         Model::RigidRotor::RigidRotor:  done, cpu time[sec] = 0.001144, elapsed time[sec] = 0
      Model::new_core:  done, cpu time[sec] = 0.00171, elapsed time[sec] = 0
      ground state energy, kcal/mol:   0.19
      interpolating states number/density starts
         core state contribution ... done, cpu time[sec] = 0.103281, elapsed time[sec] = 0
         electronic states contribution ... done, cpu time[sec] = 0.002726, elapsed time[sec] = 0
         vibrational modes contribution ... done, cpu time[sec] = 0.016818, elapsed time[sec] = 0
         effective power exponent at 399.809 kcal/mol = 6.35945
      interpolating states number/density done, cpu time[sec] = 1.06771, elapsed time[sec] = 0
   Model::RRHO::RRHO:  done, cpu time[sec] = 1.07486, elapsed time[sec] = 0
   WELL: W2
   Model::RRHO::RRHO:  starts
      Model::new_core:  starts
         Model::RigidRotor::RigidRotor:  starts
            molecular geometry will be used to estimate rotational constants
            rotational configuration: nonlinear
            rotational constants[1/cm]:         23.7897       0.601083        0.58627
         Model::RigidRotor::RigidRotor:  done, cpu time[sec] = 0.000969, elapsed time[sec] = 0
      Model::new_core:  done, cpu time[sec] = 0.001536, elapsed time[sec] = 0
      ground state energy, kcal/mol:   0.15
      interpolating states number/density starts
         core state contribution ... done, cpu time[sec] = 0.094593, elapsed time[sec] = 0
         electronic states contribution ... done, cpu time[sec] = 0.002789, elapsed time[sec] = 0
         vibrational modes contribution ... done, cpu time[sec] = 0.017999, elapsed time[sec] = 0
         effective power exponent at 399.849 kcal/mol = 6.36045
      interpolating states number/density done, cpu time[sec] = 1.01067, elapsed time[sec] = 0
   Model::RRHO::RRHO:  done, cpu time[sec] = 1.01463, elapsed time[sec] = 0
   WELL: W3
   Model::RRHO::RRHO:  starts
      Model::new_core:  starts
         Model::RigidRotor::RigidRotor:  starts
            molecular geometry will be used to estimate rotational constants
            rotational configuration: nonlinear
            rotational constants[1/cm]:         1.78953        1.33461       0.764474
         Model::RigidRotor::RigidRotor:  done, cpu time[sec] = 0.000935, elapsed time[sec] = 0
      Model::new_core:  done, cpu time[sec] = 0.001497, elapsed time[sec] = 0
      ground state energy, kcal/mol:   0.21
      interpolating states number/density starts
         core state contribution ... done, cpu time[sec] = 0.096531, elapsed time[sec] = 0
         electronic states contribution ... done, cpu time[sec] = 0.003446, elapsed time[sec] = 0
         vibrational modes contribution ... done, cpu time[sec] = 0.016972, elapsed time[sec] = 0
         effective power exponent at 399.789 kcal/mol = 6.35813
      interpolating states number/density done, cpu time[sec] = 1.02209, elapsed time[sec] = 0
   Model::RRHO::RRHO:  done, cpu time[sec] = 1.02602, elapsed time[sec] = 0
   WELL: W4
   Model::RRHO::RRHO:  starts
      Model::new_core:  starts
         Model::RigidRotor::RigidRotor:  starts
            molecular geometry will be used to estimate rotational constants
            rotational configuration: nonlinear
            rotational constants[1/cm]:         9.52595        1.29538        1.14032
         Model::RigidRotor::RigidRotor:  done, cpu time[sec] = 0.000951, elapsed time[sec] = 0
      Model::new_core:  done, cpu time[sec] = 0.001512, elapsed time[sec] = 0
      ground state energy, kcal/mol:   -86.72
      interpolating states number/density starts
         core state contribution ... done, cpu time[sec] = 0.142641, elapsed time[sec] = 0
         vibrational modes contribution ... done, cpu time[sec] = 0.02091, elapsed time[sec] = 0
         effective power exponent at 486.717 kcal/mol = 6.27499
      interpolating states number/density done, cpu time[sec] = 0.482425, elapsed time[sec] = 0
   Model::RRHO::RRHO:  done, cpu time[sec] = 0.485619, elapsed time[sec] = 0
   WELL: W5t
   Model::RRHO::RRHO:  starts
      Model::new_core:  starts
         Model::RigidRotor::RigidRotor:  starts
            molecular geometry will be used to estimate rotational constants
            rotational configuration: nonlinear
            rotational constants[1/cm]:         9.65604        1.21662        1.08048
         Model::RigidRotor::RigidRotor:  done, cpu time[sec] = 1.5e-05, elapsed time[sec] = 0
      Model::new_core:  done, cpu time[sec] = 2.1e-05, elapsed time[sec] = 0
      ground state energy, kcal/mol:   -34.55
      interpolating states number/density starts
         core state contribution ... done, cpu time[sec] = 0.001042, elapsed time[sec] = 0
         vibrational modes contribution ... done, cpu time[sec] = 0.000192, elapsed time[sec] = 0
         effective power exponent at 434.55 kcal/mol = 6.24835
      interpolating states number/density done, cpu time[sec] = 0.012284, elapsed time[sec] = 0
   Model::RRHO::RRHO:  done, cpu time[sec] = 0.012335, elapsed time[sec] = 0
Model::init:  done, cpu time[sec] = 4.68462, elapsed time[sec] = 0
