Model::init:  starts
   Model::ExponentialKernel::ExponentialKernel:  ... done
   Model::LennardJonesCollision::LennardJonesCollision:  ... done
   WELL: W0
   Model::RRHO::RRHO:  starts
      Model::new_core:  starts
         Model::RigidRotor::RigidRotor:  starts
            molecular geometry will be used to estimate rotational constants
            rotational configuration: nonlinear
            rotational constants[1/cm]:         23.7897       0.601083        0.58627
         Model::RigidRotor::RigidRotor:  done, cpu time[sec] = 0.003053, elapsed time[sec] = 0
      Model::new_core:  done, cpu time[sec] = 0.003723, elapsed time[sec] = 0
      ground state energy, kcal/mol:   0.15
      interpolating states number/density starts
         core state contribution ... done, cpu time[sec] = 0.104739, elapsed time[sec] = 0
         electronic states contribution ... done, cpu time[sec] = 0.002554, elapsed time[sec] = 0
         vibrational modes contribution ... done, cpu time[sec] = 0.016274, elapsed time[sec] = 0
         effective power exponent at 399.849 kcal/mol = 6.36045
      interpolating states number/density done, cpu time[sec] = 1.09585, elapsed time[sec] = 0
   Model::RRHO::RRHO:  done, cpu time[sec] = 1.10254, elapsed time[sec] = 0
   WELL: W1
   Model::RRHO::RRHO:  starts
      Model::new_core:  starts
         Model::RigidRotor::RigidRotor:  starts
            molecular geometry will be used to estimate rotational constants
            rotational configuration: nonlinear
            rotational constants[1/cm]:         2.27757        1.07738         0.7314
         Model::RigidRotor::RigidRotor:  done, cpu time[sec] = 0.001194, elapsed time[sec] = 0
      Model::new_core:  done, cpu time[sec] = 0.001762, elapsed time[sec] = 0
      ground state energy, kcal/mol:   0.19
      interpolating states number/density starts
         core state contribution ... done, cpu time[sec] = 0.106416, elapsed time[sec] = 0
         electronic states contribution ... done, cpu time[sec] = 0.003051, elapsed time[sec] = 0
         vibrational modes contribution ... done, cpu time[sec] = 0.017336, elapsed time[sec] = 0
         effective power exponent at 399.809 kcal/mol = 6.35945
      interpolating states number/density done, cpu time[sec] = 1.08156, elapsed time[sec] = 0
   Model::RRHO::RRHO:  done, cpu time[sec] = 1.08604, elapsed time[sec] = 0
   WELL: W2
   Model::RRHO::RRHO:  starts
      Model::new_core:  starts
         Model::RigidRotor::RigidRotor:  starts
            molecular geometry will be used to estimate rotational constants
            rotational configuration: nonlinear
            rotational constants[1/cm]:         23.7897       0.601083        0.58627
         Model::RigidRotor::RigidRotor:  done, cpu time[sec] = 0.000954, elapsed time[sec] = 0
      Model::new_core:  done, cpu time[sec] = 0.00154, elapsed time[sec] = 0
      ground state energy, kcal/mol:   0.15
      interpolating states number/density starts
         core state contribution ... done, cpu time[sec] = 0.09536, elapsed time[sec] = 0
         electronic states contribution ... done, cpu time[sec] = 0.002996, elapsed time[sec] = 0
         vibrational modes contribution ... done, cpu time[sec] = 0.017459, elapsed time[sec] = 0
         effective power exponent at 399.849 kcal/mol = 6.36045
      interpolating states number/density done, cpu time[sec] = 1.04499, elapsed time[sec] = 0
   Model::RRHO::RRHO:  done, cpu time[sec] = 1.04921, elapsed time[sec] = 0
   WELL: W3
   Model::RRHO::RRHO:  starts
      Model::new_core:  starts
         Model::RigidRotor::RigidRotor:  starts
            molecular geometry will be used to estimate rotational constants
            rotational configuration: nonlinear
            rotational constants[1/cm]:         1.78953        1.33461       0.764474
         Model::RigidRotor::RigidRotor:  done, cpu time[sec] = 0.000938, elapsed time[sec] = 0
      Model::new_core:  done, cpu time[sec] = 0.001512, elapsed time[sec] = 0
      ground state energy, kcal/mol:   0.21
      interpolating states number/density starts
         core state contribution ... done, cpu time[sec] = 0.095408, elapsed time[sec] = 0
         electronic states contribution ... done, cpu time[sec] = 0.003102, elapsed time[sec] = 0
         vibrational modes contribution ... done, cpu time[sec] = 0.017027, elapsed time[sec] = 0
         effective power exponent at 399.789 kcal/mol = 6.35813
      interpolating states number/density done, cpu time[sec] = 1.02307, elapsed time[sec] = 0
   Model::RRHO::RRHO:  done, cpu time[sec] = 1.02716, elapsed time[sec] = 0
   WELL: W4
   Model::RRHO::RRHO:  starts
      Model::new_core:  starts
         Model::RigidRotor::RigidRotor:  starts
            molecular geometry will be used to estimate rotational constants
            rotational configuration: nonlinear
            rotational constants[1/cm]:         9.52595        1.29538        1.14032
         Model::RigidRotor::RigidRotor:  done, cpu time[sec] = 0.000948, elapsed time[sec] = 0
      Model::new_core:  done, cpu time[sec] = 0.001509, elapsed time[sec] = 0
      ground state energy, kcal/mol:   -86.72
      interpolating states number/density starts
         core state contribution ... done, cpu time[sec] = 0.12299, elapsed time[sec] = 0
         vibrational modes contribution ... done, cpu time[sec] = 0.021497, elapsed time[sec] = 0
         effective power exponent at 486.717 kcal/mol = 6.27499
      interpolating states number/density done, cpu time[sec] = 0.443844, elapsed time[sec] = 0
   Model::RRHO::RRHO:  done, cpu time[sec] = 0.447156, elapsed time[sec] = 0
   WELL: W5t
   Model::RRHO::RRHO:  starts
      Model::new_core:  starts
         Model::RigidRotor::RigidRotor:  starts
            molecular geometry will be used to estimate rotational constants
            rotational configuration: nonlinear
            rotational constants[1/cm]:         9.65604        1.21662        1.08048
         Model::RigidRotor::RigidRotor:  done, cpu time[sec] = 1.5e-05, elapsed time[sec] = 0
      Model::new_core:  done, cpu time[sec] = 2.1e-05, elapsed time[sec] = 0
      ground state energy, kcal/mol:   -34.55
      interpolating states number/density starts
         core state contribution ... done, cpu time[sec] = 0.001042, elapsed time[sec] = 0
         vibrational modes contribution ... done, cpu time[sec] = 0.000195, elapsed time[sec] = 0
         effective power exponent at 434.55 kcal/mol = 6.24835
      interpolating states number/density done, cpu time[sec] = 0.012578, elapsed time[sec] = 0
   Model::RRHO::RRHO:  done, cpu time[sec] = 0.012632, elapsed time[sec] = 0
Model::init:  done, cpu time[sec] = 4.74217, elapsed time[sec] = 0
