Model::init:  starts
   Model::ExponentialKernel::ExponentialKernel:  ... done
   Model::LennardJonesCollision::LennardJonesCollision:  ... done
   WELL: W0
   Model::RRHO::RRHO:  starts
      Model::new_core:  starts
         Model::RigidRotor::RigidRotor:  starts
            molecular geometry will be used to estimate rotational constants
            rotational configuration: nonlinear
            rotational constants[1/cm]:         23.7897       0.601083        0.58627
         Model::RigidRotor::RigidRotor:  done, cpu time[sec] = 0.003288, elapsed time[sec] = 0
      Model::new_core:  done, cpu time[sec] = 0.005297, elapsed time[sec] = 0
      ground state energy, kcal/mol:   0.15
      interpolating states number/density starts
         core state contribution ... done, cpu time[sec] = 0.11164, elapsed time[sec] = 0
         electronic states contribution ... done, cpu time[sec] = 0.002629, elapsed time[sec] = 0
         vibrational modes contribution ... done, cpu time[sec] = 0.016876, elapsed time[sec] = 0
         effective power exponent at 399.849 kcal/mol = 6.36045
      interpolating states number/density done, cpu time[sec] = 1.15756, elapsed time[sec] = 0
   Model::RRHO::RRHO:  done, cpu time[sec] = 1.16652, elapsed time[sec] = 0
   WELL: W1
   Model::RRHO::RRHO:  starts
      Model::new_core:  starts
         Model::RigidRotor::RigidRotor:  starts
            molecular geometry will be used to estimate rotational constants
            rotational configuration: nonlinear
            rotational constants[1/cm]:         2.27757        1.07738         0.7314
         Model::RigidRotor::RigidRotor:  done, cpu time[sec] = 0.001167, elapsed time[sec] = 0
      Model::new_core:  done, cpu time[sec] = 0.001738, elapsed time[sec] = 0
      ground state energy, kcal/mol:   0.19
      interpolating states number/density starts
         core state contribution ... done, cpu time[sec] = 0.108079, elapsed time[sec] = 0
         electronic states contribution ... done, cpu time[sec] = 0.003794, elapsed time[sec] = 0
         vibrational modes contribution ... done, cpu time[sec] = 0.017656, elapsed time[sec] = 0
         effective power exponent at 399.809 kcal/mol = 6.35945
      interpolating states number/density done, cpu time[sec] = 1.10124, elapsed time[sec] = 0
   Model::RRHO::RRHO:  done, cpu time[sec] = 1.10565, elapsed time[sec] = 0
   WELL: W2
   Model::RRHO::RRHO:  starts
      Model::new_core:  starts
         Model::RigidRotor::RigidRotor:  starts
            molecular geometry will be used to estimate rotational constants
            rotational configuration: nonlinear
            rotational constants[1/cm]:         23.7897       0.601083        0.58627
         Model::RigidRotor::RigidRotor:  done, cpu time[sec] = 0.000962, elapsed time[sec] = 0
      Model::new_core:  done, cpu time[sec] = 0.001514, elapsed time[sec] = 0
      ground state energy, kcal/mol:   0.15
      interpolating states number/density starts
         core state contribution ... done, cpu time[sec] = 0.092621, elapsed time[sec] = 0
         electronic states contribution ... done, cpu time[sec] = 0.002948, elapsed time[sec] = 0
         vibrational modes contribution ... done, cpu time[sec] = 0.016912, elapsed time[sec] = 0
         effective power exponent at 399.849 kcal/mol = 6.36045
      interpolating states number/density done, cpu time[sec] = 1.01779, elapsed time[sec] = 0
   Model::RRHO::RRHO:  done, cpu time[sec] = 1.02181, elapsed time[sec] = 0
   WELL: W3
   Model::RRHO::RRHO:  starts
      Model::new_core:  starts
         Model::RigidRotor::RigidRotor:  starts
            molecular geometry will be used to estimate rotational constants
            rotational configuration: nonlinear
            rotational constants[1/cm]:         1.78953        1.33461       0.764474
         Model::RigidRotor::RigidRotor:  done, cpu time[sec] = 0.000918, elapsed time[sec] = 0
      Model::new_core:  done, cpu time[sec] = 0.001494, elapsed time[sec] = 0
      ground state energy, kcal/mol:   0.21
      interpolating states number/density starts
         core state contribution ... done, cpu time[sec] = 0.095617, elapsed time[sec] = 0
         electronic states contribution ... done, cpu time[sec] = 0.002828, elapsed time[sec] = 0
         vibrational modes contribution ... done, cpu time[sec] = 0.01716, elapsed time[sec] = 0
         effective power exponent at 399.789 kcal/mol = 6.35813
      interpolating states number/density done, cpu time[sec] = 1.03053, elapsed time[sec] = 0
   Model::RRHO::RRHO:  done, cpu time[sec] = 1.03452, elapsed time[sec] = 0
   WELL: W4
   Model::RRHO::RRHO:  starts
      Model::new_core:  starts
         Model::RigidRotor::RigidRotor:  starts
            molecular geometry will be used to estimate rotational constants
            rotational configuration: nonlinear
            rotational constants[1/cm]:         9.52595        1.29538        1.14032
         Model::RigidRotor::RigidRotor:  done, cpu time[sec] = 0.000949, elapsed time[sec] = 0
      Model::new_core:  done, cpu time[sec] = 0.001524, elapsed time[sec] = 0
      ground state energy, kcal/mol:   -86.72
      interpolating states number/density starts
         core state contribution ... done, cpu time[sec] = 0.12494, elapsed time[sec] = 0
         vibrational modes contribution ... done, cpu time[sec] = 0.020762, elapsed time[sec] = 0
         effective power exponent at 486.717 kcal/mol = 6.27499
      interpolating states number/density done, cpu time[sec] = 0.313546, elapsed time[sec] = 0
   Model::RRHO::RRHO:  done, cpu time[sec] = 0.316866, elapsed time[sec] = 0
   WELL: W5t
   Model::RRHO::RRHO:  starts
      Model::new_core:  starts
         Model::RigidRotor::RigidRotor:  starts
            molecular geometry will be used to estimate rotational constants
            rotational configuration: nonlinear
            rotational constants[1/cm]:         9.65604        1.21662        1.08048
         Model::RigidRotor::RigidRotor:  done, cpu time[sec] = 1.5e-05, elapsed time[sec] = 0
      Model::new_core:  done, cpu time[sec] = 2.1e-05, elapsed time[sec] = 0
      ground state energy, kcal/mol:   -34.55
      interpolating states number/density starts
         core state contribution ... done, cpu time[sec] = 0.001038, elapsed time[sec] = 0
         vibrational modes contribution ... done, cpu time[sec] = 0.000184, elapsed time[sec] = 0
         effective power exponent at 434.55 kcal/mol = 6.22461
      interpolating states number/density done, cpu time[sec] = 0.012341, elapsed time[sec] = 0
   Model::RRHO::RRHO:  done, cpu time[sec] = 0.012393, elapsed time[sec] = 0
Model::init:  done, cpu time[sec] = 4.67557, elapsed time[sec] = 0
