Model::init:  starts
   Model::ExponentialKernel::ExponentialKernel:  ... done
   Model::LennardJonesCollision::LennardJonesCollision:  ... done
   WELL: W0
   Model::RRHO::RRHO:  starts
      Model::new_core:  starts
         Model::RigidRotor::RigidRotor:  starts
            molecular geometry will be used to estimate rotational constants
            rotational configuration: nonlinear
            rotational constants[1/cm]:         23.7897       0.601083        0.58627
         Model::RigidRotor::RigidRotor:  done, cpu time[sec] = 0.005466, elapsed time[sec] = 0
      Model::new_core:  done, cpu time[sec] = 0.00671, elapsed time[sec] = 0
      ground state energy, kcal/mol:   0.15
      interpolating states number/density starts
         core state contribution ... done, cpu time[sec] = 0.107443, elapsed time[sec] = 0
         electronic states contribution ... done, cpu time[sec] = 0.002705, elapsed time[sec] = 0
         vibrational modes contribution ... done, cpu time[sec] = 0.017428, elapsed time[sec] = 0
         effective power exponent at 399.849 kcal/mol = 6.36045
      interpolating states number/density done, cpu time[sec] = 1.15707, elapsed time[sec] = 0
   Model::RRHO::RRHO:  done, cpu time[sec] = 1.16877, elapsed time[sec] = 0
   WELL: W1
   Model::RRHO::RRHO:  starts
      Model::new_core:  starts
         Model::RigidRotor::RigidRotor:  starts
            molecular geometry will be used to estimate rotational constants
            rotational configuration: nonlinear
            rotational constants[1/cm]:         2.27757        1.07738         0.7314
         Model::RigidRotor::RigidRotor:  done, cpu time[sec] = 0.001921, elapsed time[sec] = 0
      Model::new_core:  done, cpu time[sec] = 0.002779, elapsed time[sec] = 0
      ground state energy, kcal/mol:   0.19
      interpolating states number/density starts
         core state contribution ... done, cpu time[sec] = 0.111995, elapsed time[sec] = 0
         electronic states contribution ... done, cpu time[sec] = 0.002915, elapsed time[sec] = 0
         vibrational modes contribution ... done, cpu time[sec] = 0.017555, elapsed time[sec] = 0
         effective power exponent at 399.809 kcal/mol = 6.35945
      interpolating states number/density done, cpu time[sec] = 1.13136, elapsed time[sec] = 0
   Model::RRHO::RRHO:  done, cpu time[sec] = 1.13734, elapsed time[sec] = 0
   WELL: W2
   Model::RRHO::RRHO:  starts
      Model::new_core:  starts
         Model::RigidRotor::RigidRotor:  starts
            molecular geometry will be used to estimate rotational constants
            rotational configuration: nonlinear
            rotational constants[1/cm]:         23.7897       0.601083        0.58627
         Model::RigidRotor::RigidRotor:  done, cpu time[sec] = 0.001093, elapsed time[sec] = 0
      Model::new_core:  done, cpu time[sec] = 0.001716, elapsed time[sec] = 0
      ground state energy, kcal/mol:   0.15
      interpolating states number/density starts
         core state contribution ... done, cpu time[sec] = 0.098256, elapsed time[sec] = 0
         electronic states contribution ... done, cpu time[sec] = 0.002927, elapsed time[sec] = 0
         vibrational modes contribution ... done, cpu time[sec] = 0.018355, elapsed time[sec] = 0
         effective power exponent at 399.849 kcal/mol = 6.36045
      interpolating states number/density done, cpu time[sec] = 1.06359, elapsed time[sec] = 0
   Model::RRHO::RRHO:  done, cpu time[sec] = 1.0796, elapsed time[sec] = 0
   WELL: W3
   Model::RRHO::RRHO:  starts
      Model::new_core:  starts
         Model::RigidRotor::RigidRotor:  starts
            molecular geometry will be used to estimate rotational constants
            rotational configuration: nonlinear
            rotational constants[1/cm]:         1.78953        1.33461       0.764474
         Model::RigidRotor::RigidRotor:  done, cpu time[sec] = 0.010941, elapsed time[sec] = 0
      Model::new_core:  done, cpu time[sec] = 0.03126, elapsed time[sec] = 0
      ground state energy, kcal/mol:   0.21
      interpolating states number/density starts
         core state contribution ... done, cpu time[sec] = 0.110346, elapsed time[sec] = 0
         electronic states contribution ... done, cpu time[sec] = 0.012686, elapsed time[sec] = 0
         vibrational modes contribution ... done, cpu time[sec] = 0.027985, elapsed time[sec] = 0
         effective power exponent at 399.789 kcal/mol = 6.35813
      interpolating states number/density done, cpu time[sec] = 1.14425, elapsed time[sec] = 0
   Model::RRHO::RRHO:  done, cpu time[sec] = 1.20889, elapsed time[sec] = 0
   WELL: W4
   Model::RRHO::RRHO:  starts
      Model::new_core:  starts
         Model::RigidRotor::RigidRotor:  starts
            molecular geometry will be used to estimate rotational constants
            rotational configuration: nonlinear
            rotational constants[1/cm]:         9.52595        1.29538        1.14032
         Model::RigidRotor::RigidRotor:  done, cpu time[sec] = 0.010974, elapsed time[sec] = 0
      Model::new_core:  done, cpu time[sec] = 0.031186, elapsed time[sec] = 0
      ground state energy, kcal/mol:   -86.72
      interpolating states number/density starts
         core state contribution ... done, cpu time[sec] = 0.032061, elapsed time[sec] = 0
         vibrational modes contribution ... done, cpu time[sec] = 0.00064, elapsed time[sec] = 0
         effective power exponent at 486.717 kcal/mol = 6.27499
      interpolating states number/density done, cpu time[sec] = 0.08936, elapsed time[sec] = 0
   Model::RRHO::RRHO:  done, cpu time[sec] = 0.142202, elapsed time[sec] = 0
   WELL: W5t
   Model::RRHO::RRHO:  starts
      Model::new_core:  starts
         Model::RigidRotor::RigidRotor:  starts
            molecular geometry will be used to estimate rotational constants
            rotational configuration: nonlinear
            rotational constants[1/cm]:         9.65604        1.21662        1.08048
         Model::RigidRotor::RigidRotor:  done, cpu time[sec] = 1.5e-05, elapsed time[sec] = 0
      Model::new_core:  done, cpu time[sec] = 2.2e-05, elapsed time[sec] = 0
      ground state energy, kcal/mol:   -34.55
      interpolating states number/density starts
         core state contribution ... done, cpu time[sec] = 0.001047, elapsed time[sec] = 0
         vibrational modes contribution ... done, cpu time[sec] = 0.0002, elapsed time[sec] = 0
         effective power exponent at 434.55 kcal/mol = 6.24835
      interpolating states number/density done, cpu time[sec] = 0.01258, elapsed time[sec] = 0
   Model::RRHO::RRHO:  done, cpu time[sec] = 0.012641, elapsed time[sec] = 0
Model::init:  done, cpu time[sec] = 4.79354, elapsed time[sec] = 0
