Model::init:  starts
   Model::ExponentialKernel::ExponentialKernel:  ... done
   Model::LennardJonesCollision::LennardJonesCollision:  ... done
   WELL: W0
   Model::RRHO::RRHO:  starts
      Model::new_core:  starts
         Model::RigidRotor::RigidRotor:  starts
            molecular geometry will be used to estimate rotational constants
            rotational configuration: nonlinear
            rotational constants[1/cm]:         23.7897       0.601083        0.58627
         Model::RigidRotor::RigidRotor:  done, cpu time[sec] = 0.002073, elapsed time[sec] = 0
      Model::new_core:  done, cpu time[sec] = 0.002485, elapsed time[sec] = 0
      ground state energy, kcal/mol:   0.15
      interpolating states number/density starts
         core state contribution ... done, cpu time[sec] = 0.058843, elapsed time[sec] = 0
         electronic states contribution ... done, cpu time[sec] = 0.001509, elapsed time[sec] = 0
         vibrational modes contribution ... done, cpu time[sec] = 0.008969, elapsed time[sec] = 0
         effective power exponent at 399.849 kcal/mol = 6.36045
      interpolating states number/density done, cpu time[sec] = 1.09293, elapsed time[sec] = 0
   Model::RRHO::RRHO:  done, cpu time[sec] = 1.09836, elapsed time[sec] = 0
   WELL: W1
   Model::RRHO::RRHO:  starts
      Model::new_core:  starts
         Model::RigidRotor::RigidRotor:  starts
            molecular geometry will be used to estimate rotational constants
            rotational configuration: nonlinear
            rotational constants[1/cm]:         2.27757        1.07738         0.7314
         Model::RigidRotor::RigidRotor:  done, cpu time[sec] = 0.001316, elapsed time[sec] = 0
      Model::new_core:  done, cpu time[sec] = 0.001908, elapsed time[sec] = 0
      ground state energy, kcal/mol:   0.19
      interpolating states number/density starts
         core state contribution ... done, cpu time[sec] = 0.101417, elapsed time[sec] = 0
         electronic states contribution ... done, cpu time[sec] = 0.002646, elapsed time[sec] = 0
         vibrational modes contribution ... done, cpu time[sec] = 0.016969, elapsed time[sec] = 0
         effective power exponent at 399.809 kcal/mol = 6.35945
      interpolating states number/density done, cpu time[sec] = 1.03231, elapsed time[sec] = 0
   Model::RRHO::RRHO:  done, cpu time[sec] = 1.03728, elapsed time[sec] = 0
   WELL: W2
   Model::RRHO::RRHO:  starts
      Model::new_core:  starts
         Model::RigidRotor::RigidRotor:  starts
            molecular geometry will be used to estimate rotational constants
            rotational configuration: nonlinear
            rotational constants[1/cm]:         23.7897       0.601083        0.58627
         Model::RigidRotor::RigidRotor:  done, cpu time[sec] = 0.001082, elapsed time[sec] = 0
      Model::new_core:  done, cpu time[sec] = 0.00166, elapsed time[sec] = 0
      ground state energy, kcal/mol:   0.15
      interpolating states number/density starts
         core state contribution ... done, cpu time[sec] = 0.097766, elapsed time[sec] = 0
         electronic states contribution ... done, cpu time[sec] = 0.002634, elapsed time[sec] = 0
         vibrational modes contribution ... done, cpu time[sec] = 0.016535, elapsed time[sec] = 0
         effective power exponent at 399.849 kcal/mol = 6.36045
      interpolating states number/density done, cpu time[sec] = 0.979344, elapsed time[sec] = 0
   Model::RRHO::RRHO:  done, cpu time[sec] = 0.983786, elapsed time[sec] = 0
   WELL: W3
   Model::RRHO::RRHO:  starts
      Model::new_core:  starts
         Model::RigidRotor::RigidRotor:  starts
            molecular geometry will be used to estimate rotational constants
            rotational configuration: nonlinear
            rotational constants[1/cm]:         1.78953        1.33461       0.764474
         Model::RigidRotor::RigidRotor:  done, cpu time[sec] = 0.00113, elapsed time[sec] = 0
      Model::new_core:  done, cpu time[sec] = 0.001716, elapsed time[sec] = 0
      ground state energy, kcal/mol:   0.21
      interpolating states number/density starts
         core state contribution ... done, cpu time[sec] = 0.092216, elapsed time[sec] = 0
         electronic states contribution ... done, cpu time[sec] = 0.00266, elapsed time[sec] = 0
         vibrational modes contribution ... done, cpu time[sec] = 0.016671, elapsed time[sec] = 0
         effective power exponent at 399.789 kcal/mol = 6.35813
      interpolating states number/density done, cpu time[sec] = 0.972001, elapsed time[sec] = 0
   Model::RRHO::RRHO:  done, cpu time[sec] = 0.976525, elapsed time[sec] = 0
   WELL: W4
   Model::RRHO::RRHO:  starts
      Model::new_core:  starts
         Model::RigidRotor::RigidRotor:  starts
            molecular geometry will be used to estimate rotational constants
            rotational configuration: nonlinear
            rotational constants[1/cm]:         9.52595        1.29538        1.14032
         Model::RigidRotor::RigidRotor:  done, cpu time[sec] = 0.001044, elapsed time[sec] = 0
      Model::new_core:  done, cpu time[sec] = 0.001628, elapsed time[sec] = 0
      ground state energy, kcal/mol:   -86.72
      interpolating states number/density starts
         core state contribution ... done, cpu time[sec] = 0.119612, elapsed time[sec] = 0
         vibrational modes contribution ... done, cpu time[sec] = 0.020799, elapsed time[sec] = 0
         effective power exponent at 486.717 kcal/mol = 6.27499
      interpolating states number/density done, cpu time[sec] = 0.351112, elapsed time[sec] = 0
   Model::RRHO::RRHO:  done, cpu time[sec] = 0.354509, elapsed time[sec] = 0
   WELL: W5t
   Model::RRHO::RRHO:  starts
      Model::new_core:  starts
         Model::RigidRotor::RigidRotor:  starts
            molecular geometry will be used to estimate rotational constants
            rotational configuration: nonlinear
            rotational constants[1/cm]:         9.65604        1.21662        1.08048
         Model::RigidRotor::RigidRotor:  done, cpu time[sec] = 1.7e-05, elapsed time[sec] = 0
      Model::new_core:  done, cpu time[sec] = 2.3e-05, elapsed time[sec] = 0
      ground state energy, kcal/mol:   -34.55
      interpolating states number/density starts
         core state contribution ... done, cpu time[sec] = 0.00105, elapsed time[sec] = 0
         vibrational modes contribution ... done, cpu time[sec] = 0.000193, elapsed time[sec] = 0
         effective power exponent at 434.55 kcal/mol = 6.24835
      interpolating states number/density done, cpu time[sec] = 0.012615, elapsed time[sec] = 0
   Model::RRHO::RRHO:  done, cpu time[sec] = 0.01268, elapsed time[sec] = 0
Model::init:  done, cpu time[sec] = 4.47907, elapsed time[sec] = 0
