Model::init:  starts
   Model::ExponentialKernel::ExponentialKernel:  ... done
   Model::LennardJonesCollision::LennardJonesCollision:  ... done
   WELL: W0
   Model::RRHO::RRHO:  starts
      Model::new_core:  starts
         Model::RigidRotor::RigidRotor:  starts
            molecular geometry will be used to estimate rotational constants
            rotational configuration: nonlinear
            rotational constants[1/cm]:         23.7897       0.601083        0.58627
         Model::RigidRotor::RigidRotor:  done, cpu time[sec] = 0.003454, elapsed time[sec] = 0
      Model::new_core:  done, cpu time[sec] = 0.004193, elapsed time[sec] = 0
      ground state energy, kcal/mol:   0.15
      interpolating states number/density starts
         core state contribution ... done, cpu time[sec] = 0.129401, elapsed time[sec] = 0
         electronic states contribution ... done, cpu time[sec] = 0.002651, elapsed time[sec] = 0
         vibrational modes contribution ... done, cpu time[sec] = 0.016622, elapsed time[sec] = 0
         effective power exponent at 399.849 kcal/mol = 6.36045
      interpolating states number/density done, cpu time[sec] = 1.22903, elapsed time[sec] = 0
   Model::RRHO::RRHO:  done, cpu time[sec] = 1.23687, elapsed time[sec] = 0
   WELL: W1
   Model::RRHO::RRHO:  starts
      Model::new_core:  starts
         Model::RigidRotor::RigidRotor:  starts
            molecular geometry will be used to estimate rotational constants
            rotational configuration: nonlinear
            rotational constants[1/cm]:         2.27757        1.07738         0.7314
         Model::RigidRotor::RigidRotor:  done, cpu time[sec] = 0.001391, elapsed time[sec] = 0
      Model::new_core:  done, cpu time[sec] = 0.002046, elapsed time[sec] = 0
      ground state energy, kcal/mol:   0.19
      interpolating states number/density starts
         core state contribution ... done, cpu time[sec] = 0.111548, elapsed time[sec] = 0
         electronic states contribution ... done, cpu time[sec] = 0.002918, elapsed time[sec] = 0
         vibrational modes contribution ... done, cpu time[sec] = 0.017776, elapsed time[sec] = 0
         effective power exponent at 399.809 kcal/mol = 6.35945
      interpolating states number/density done, cpu time[sec] = 1.13694, elapsed time[sec] = 0
   Model::RRHO::RRHO:  done, cpu time[sec] = 1.14233, elapsed time[sec] = 0
   WELL: W2
   Model::RRHO::RRHO:  starts
      Model::new_core:  starts
         Model::RigidRotor::RigidRotor:  starts
            molecular geometry will be used to estimate rotational constants
            rotational configuration: nonlinear
            rotational constants[1/cm]:         23.7897       0.601083        0.58627
         Model::RigidRotor::RigidRotor:  done, cpu time[sec] = 0.001165, elapsed time[sec] = 0
      Model::new_core:  done, cpu time[sec] = 0.001796, elapsed time[sec] = 0
      ground state energy, kcal/mol:   0.15
      interpolating states number/density starts
         core state contribution ... done, cpu time[sec] = 0.098396, elapsed time[sec] = 0
         electronic states contribution ... done, cpu time[sec] = 0.002927, elapsed time[sec] = 0
         vibrational modes contribution ... done, cpu time[sec] = 0.018097, elapsed time[sec] = 0
         effective power exponent at 399.849 kcal/mol = 6.36045
      interpolating states number/density done, cpu time[sec] = 1.06335, elapsed time[sec] = 0
   Model::RRHO::RRHO:  done, cpu time[sec] = 1.06821, elapsed time[sec] = 0
   WELL: W3
   Model::RRHO::RRHO:  starts
      Model::new_core:  starts
         Model::RigidRotor::RigidRotor:  starts
            molecular geometry will be used to estimate rotational constants
            rotational configuration: nonlinear
            rotational constants[1/cm]:         1.78953        1.33461       0.764474
         Model::RigidRotor::RigidRotor:  done, cpu time[sec] = 0.001129, elapsed time[sec] = 0
      Model::new_core:  done, cpu time[sec] = 0.001783, elapsed time[sec] = 0
      ground state energy, kcal/mol:   0.21
      interpolating states number/density starts
         core state contribution ... done, cpu time[sec] = 0.098486, elapsed time[sec] = 0
         electronic states contribution ... done, cpu time[sec] = 0.002938, elapsed time[sec] = 0
         vibrational modes contribution ... done, cpu time[sec] = 0.018446, elapsed time[sec] = 0
         effective power exponent at 399.789 kcal/mol = 6.35813
      interpolating states number/density done, cpu time[sec] = 1.06666, elapsed time[sec] = 0
   Model::RRHO::RRHO:  done, cpu time[sec] = 1.07147, elapsed time[sec] = 0
   WELL: W4
   Model::RRHO::RRHO:  starts
      Model::new_core:  starts
         Model::RigidRotor::RigidRotor:  starts
            molecular geometry will be used to estimate rotational constants
            rotational configuration: nonlinear
            rotational constants[1/cm]:         9.52595        1.29538        1.14032
         Model::RigidRotor::RigidRotor:  done, cpu time[sec] = 0.001047, elapsed time[sec] = 0
      Model::new_core:  done, cpu time[sec] = 0.001693, elapsed time[sec] = 0
      ground state energy, kcal/mol:   -86.72
      interpolating states number/density starts
         core state contribution ... done, cpu time[sec] = 0.140012, elapsed time[sec] = 0
         vibrational modes contribution ... done, cpu time[sec] = 0.014914, elapsed time[sec] = 0
         effective power exponent at 486.717 kcal/mol = 6.27499
      interpolating states number/density done, cpu time[sec] = 0.246818, elapsed time[sec] = 0
   Model::RRHO::RRHO:  done, cpu time[sec] = 0.250398, elapsed time[sec] = 0
   WELL: W5t
   Model::RRHO::RRHO:  starts
      Model::new_core:  starts
         Model::RigidRotor::RigidRotor:  starts
            molecular geometry will be used to estimate rotational constants
            rotational configuration: nonlinear
            rotational constants[1/cm]:         9.65604        1.21662        1.08048
         Model::RigidRotor::RigidRotor:  done, cpu time[sec] = 1.8e-05, elapsed time[sec] = 0
      Model::new_core:  done, cpu time[sec] = 2.4e-05, elapsed time[sec] = 0
      ground state energy, kcal/mol:   -34.55
      interpolating states number/density starts
         core state contribution ... done, cpu time[sec] = 0.001033, elapsed time[sec] = 0
         vibrational modes contribution ... done, cpu time[sec] = 0.000193, elapsed time[sec] = 0
         effective power exponent at 434.55 kcal/mol = 6.24835
      interpolating states number/density done, cpu time[sec] = 0.01247, elapsed time[sec] = 0
   Model::RRHO::RRHO:  done, cpu time[sec] = 0.012534, elapsed time[sec] = 0
Model::init:  done, cpu time[sec] = 4.80213, elapsed time[sec] = 0
