Model::init:  starts
   Model::ExponentialKernel::ExponentialKernel:  ... done
   Model::LennardJonesCollision::LennardJonesCollision:  ... done
   WELL: W0
   Model::RRHO::RRHO:  starts
      Model::new_core:  starts
         Model::RigidRotor::RigidRotor:  starts
            molecular geometry will be used to estimate rotational constants
            rotational configuration: nonlinear
            rotational constants[1/cm]:         23.7897       0.601083        0.58627
         Model::RigidRotor::RigidRotor:  done, cpu time[sec] = 0.002569, elapsed time[sec] = 0
      Model::new_core:  done, cpu time[sec] = 0.003024, elapsed time[sec] = 0
      ground state energy, kcal/mol:   0.15
      interpolating states number/density starts
         core state contribution ... done, cpu time[sec] = 0.098945, elapsed time[sec] = 0
         electronic states contribution ... done, cpu time[sec] = 0.011308, elapsed time[sec] = 0
         vibrational modes contribution ... done, cpu time[sec] = 0.025008, elapsed time[sec] = 0
         effective power exponent at 399.849 kcal/mol = 6.36045
      interpolating states number/density done, cpu time[sec] = 1.16658, elapsed time[sec] = 0
   Model::RRHO::RRHO:  done, cpu time[sec] = 1.18279, elapsed time[sec] = 0
   WELL: W1
   Model::RRHO::RRHO:  starts
      Model::new_core:  starts
         Model::RigidRotor::RigidRotor:  starts
            molecular geometry will be used to estimate rotational constants
            rotational configuration: nonlinear
            rotational constants[1/cm]:         2.27757        1.07738         0.7314
         Model::RigidRotor::RigidRotor:  done, cpu time[sec] = 0.010671, elapsed time[sec] = 0
      Model::new_core:  done, cpu time[sec] = 0.029932, elapsed time[sec] = 0
      ground state energy, kcal/mol:   0.19
      interpolating states number/density starts
         core state contribution ... done, cpu time[sec] = 0.119595, elapsed time[sec] = 0
         electronic states contribution ... done, cpu time[sec] = 0.012218, elapsed time[sec] = 0
         vibrational modes contribution ... done, cpu time[sec] = 0.027516, elapsed time[sec] = 0
         effective power exponent at 399.809 kcal/mol = 6.35945
      interpolating states number/density done, cpu time[sec] = 1.17772, elapsed time[sec] = 0
   Model::RRHO::RRHO:  done, cpu time[sec] = 1.24039, elapsed time[sec] = 0
   WELL: W2
   Model::RRHO::RRHO:  starts
      Model::new_core:  starts
         Model::RigidRotor::RigidRotor:  starts
            molecular geometry will be used to estimate rotational constants
            rotational configuration: nonlinear
            rotational constants[1/cm]:         23.7897       0.601083        0.58627
         Model::RigidRotor::RigidRotor:  done, cpu time[sec] = 0.010567, elapsed time[sec] = 0
      Model::new_core:  done, cpu time[sec] = 0.029972, elapsed time[sec] = 0
      ground state energy, kcal/mol:   0.15
      interpolating states number/density starts
         core state contribution ... done, cpu time[sec] = 0.110852, elapsed time[sec] = 0
         electronic states contribution ... done, cpu time[sec] = 0.012358, elapsed time[sec] = 0
         vibrational modes contribution ... done, cpu time[sec] = 0.027422, elapsed time[sec] = 0
         effective power exponent at 399.849 kcal/mol = 6.36045
      interpolating states number/density done, cpu time[sec] = 1.11355, elapsed time[sec] = 0
   Model::RRHO::RRHO:  done, cpu time[sec] = 1.17599, elapsed time[sec] = 0
   WELL: W3
   Model::RRHO::RRHO:  starts
      Model::new_core:  starts
         Model::RigidRotor::RigidRotor:  starts
            molecular geometry will be used to estimate rotational constants
            rotational configuration: nonlinear
            rotational constants[1/cm]:         1.78953        1.33461       0.764474
         Model::RigidRotor::RigidRotor:  done, cpu time[sec] = 0.010683, elapsed time[sec] = 0
      Model::new_core:  done, cpu time[sec] = 0.030383, elapsed time[sec] = 0
      ground state energy, kcal/mol:   0.21
      interpolating states number/density starts
         core state contribution ... done, cpu time[sec] = 0.107994, elapsed time[sec] = 0
         electronic states contribution ... done, cpu time[sec] = 0.012494, elapsed time[sec] = 0
         vibrational modes contribution ... done, cpu time[sec] = 0.028395, elapsed time[sec] = 0
         effective power exponent at 399.789 kcal/mol = 6.35813
      interpolating states number/density done, cpu time[sec] = 1.01643, elapsed time[sec] = 0
   Model::RRHO::RRHO:  done, cpu time[sec] = 1.06846, elapsed time[sec] = 0
   WELL: W4
   Model::RRHO::RRHO:  starts
      Model::new_core:  starts
         Model::RigidRotor::RigidRotor:  starts
            molecular geometry will be used to estimate rotational constants
            rotational configuration: nonlinear
            rotational constants[1/cm]:         9.52595        1.29538        1.14032
         Model::RigidRotor::RigidRotor:  done, cpu time[sec] = 0.000149, elapsed time[sec] = 0
      Model::new_core:  done, cpu time[sec] = 0.000227, elapsed time[sec] = 0
      ground state energy, kcal/mol:   -86.72
      interpolating states number/density starts
         core state contribution ... done, cpu time[sec] = 0.009922, elapsed time[sec] = 0
         vibrational modes contribution ... done, cpu time[sec] = 0.00106, elapsed time[sec] = 0
         effective power exponent at 486.717 kcal/mol = 6.27499
      interpolating states number/density done, cpu time[sec] = 0.04487, elapsed time[sec] = 0
   Model::RRHO::RRHO:  done, cpu time[sec] = 0.045371, elapsed time[sec] = 0
   WELL: W5t
   Model::RRHO::RRHO:  starts
      Model::new_core:  starts
         Model::RigidRotor::RigidRotor:  starts
            molecular geometry will be used to estimate rotational constants
            rotational configuration: nonlinear
            rotational constants[1/cm]:         9.65604        1.21662        1.08048
         Model::RigidRotor::RigidRotor:  done, cpu time[sec] = 1.6e-05, elapsed time[sec] = 0
      Model::new_core:  done, cpu time[sec] = 2.3e-05, elapsed time[sec] = 0
      ground state energy, kcal/mol:   -34.55
      interpolating states number/density starts
         core state contribution ... done, cpu time[sec] = 0.001044, elapsed time[sec] = 0
         vibrational modes contribution ... done, cpu time[sec] = 0.000193, elapsed time[sec] = 0
         effective power exponent at 434.55 kcal/mol = 6.24835
      interpolating states number/density done, cpu time[sec] = 0.012522, elapsed time[sec] = 0
   Model::RRHO::RRHO:  done, cpu time[sec] = 0.012582, elapsed time[sec] = 0
Model::init:  done, cpu time[sec] = 4.76857, elapsed time[sec] = 0
