Model::init:  starts
   Model::ExponentialKernel::ExponentialKernel:  ... done
   Model::LennardJonesCollision::LennardJonesCollision:  ... done
   WELL: W0
   Model::RRHO::RRHO:  starts
      Model::new_core:  starts
         Model::RigidRotor::RigidRotor:  starts
            molecular geometry will be used to estimate rotational constants
            rotational configuration: nonlinear
            rotational constants[1/cm]:         23.7897       0.601083        0.58627
         Model::RigidRotor::RigidRotor:  done, cpu time[sec] = 0.002314, elapsed time[sec] = 0
      Model::new_core:  done, cpu time[sec] = 0.002697, elapsed time[sec] = 0
      ground state energy, kcal/mol:   0.15
      interpolating states number/density starts
         core state contribution ... done, cpu time[sec] = 0.057867, elapsed time[sec] = 0
         electronic states contribution ... done, cpu time[sec] = 0.001489, elapsed time[sec] = 0
         vibrational modes contribution ... done, cpu time[sec] = 0.013933, elapsed time[sec] = 0
         effective power exponent at 399.849 kcal/mol = 6.36045
      interpolating states number/density done, cpu time[sec] = 1.03599, elapsed time[sec] = 0
   Model::RRHO::RRHO:  done, cpu time[sec] = 1.05213, elapsed time[sec] = 0
   WELL: W1
   Model::RRHO::RRHO:  starts
      Model::new_core:  starts
         Model::RigidRotor::RigidRotor:  starts
            molecular geometry will be used to estimate rotational constants
            rotational configuration: nonlinear
            rotational constants[1/cm]:         2.27757        1.07738         0.7314
         Model::RigidRotor::RigidRotor:  done, cpu time[sec] = 0.011336, elapsed time[sec] = 0
      Model::new_core:  done, cpu time[sec] = 0.03163, elapsed time[sec] = 0
      ground state energy, kcal/mol:   0.19
      interpolating states number/density starts
         core state contribution ... done, cpu time[sec] = 0.119245, elapsed time[sec] = 0
         electronic states contribution ... done, cpu time[sec] = 0.012737, elapsed time[sec] = 0
         vibrational modes contribution ... done, cpu time[sec] = 0.027962, elapsed time[sec] = 0
         effective power exponent at 399.809 kcal/mol = 6.35945
      interpolating states number/density done, cpu time[sec] = 1.19018, elapsed time[sec] = 0
   Model::RRHO::RRHO:  done, cpu time[sec] = 1.25649, elapsed time[sec] = 0
   WELL: W2
   Model::RRHO::RRHO:  starts
      Model::new_core:  starts
         Model::RigidRotor::RigidRotor:  starts
            molecular geometry will be used to estimate rotational constants
            rotational configuration: nonlinear
            rotational constants[1/cm]:         23.7897       0.601083        0.58627
         Model::RigidRotor::RigidRotor:  done, cpu time[sec] = 0.011367, elapsed time[sec] = 0
      Model::new_core:  done, cpu time[sec] = 0.03206, elapsed time[sec] = 0
      ground state energy, kcal/mol:   0.25
      interpolating states number/density starts
         core state contribution ... done, cpu time[sec] = 0.106857, elapsed time[sec] = 0
         electronic states contribution ... done, cpu time[sec] = 0.013272, elapsed time[sec] = 0
         vibrational modes contribution ... done, cpu time[sec] = 0.028447, elapsed time[sec] = 0
         effective power exponent at 399.749 kcal/mol = 6.36041
      interpolating states number/density done, cpu time[sec] = 1.12036, elapsed time[sec] = 0
   Model::RRHO::RRHO:  done, cpu time[sec] = 1.18646, elapsed time[sec] = 0
   WELL: W3
   Model::RRHO::RRHO:  starts
      Model::new_core:  starts
         Model::RigidRotor::RigidRotor:  starts
            molecular geometry will be used to estimate rotational constants
            rotational configuration: nonlinear
            rotational constants[1/cm]:         1.78953        1.33461       0.764474
         Model::RigidRotor::RigidRotor:  done, cpu time[sec] = 0.011391, elapsed time[sec] = 0
      Model::new_core:  done, cpu time[sec] = 0.03237, elapsed time[sec] = 0
      ground state energy, kcal/mol:   0.21
      interpolating states number/density starts
         core state contribution ... done, cpu time[sec] = 0.10669, elapsed time[sec] = 0
         electronic states contribution ... done, cpu time[sec] = 0.013084, elapsed time[sec] = 0
         vibrational modes contribution ... done, cpu time[sec] = 0.027751, elapsed time[sec] = 0
         effective power exponent at 399.789 kcal/mol = 6.35813
      interpolating states number/density done, cpu time[sec] = 1.0707, elapsed time[sec] = 0
   Model::RRHO::RRHO:  done, cpu time[sec] = 1.1283, elapsed time[sec] = 0
   WELL: W4
   Model::RRHO::RRHO:  starts
      Model::new_core:  starts
         Model::RigidRotor::RigidRotor:  starts
            molecular geometry will be used to estimate rotational constants
            rotational configuration: nonlinear
            rotational constants[1/cm]:         9.52595        1.29538        1.14032
         Model::RigidRotor::RigidRotor:  done, cpu time[sec] = 0.000321, elapsed time[sec] = 0
      Model::new_core:  done, cpu time[sec] = 0.002792, elapsed time[sec] = 0
      ground state energy, kcal/mol:   -86.72
      interpolating states number/density starts
         core state contribution ... done, cpu time[sec] = 0.01672, elapsed time[sec] = 0
         vibrational modes contribution ... done, cpu time[sec] = 0.000426, elapsed time[sec] = 0
         effective power exponent at 486.717 kcal/mol = 6.27499
      interpolating states number/density done, cpu time[sec] = 0.041782, elapsed time[sec] = 0
   Model::RRHO::RRHO:  done, cpu time[sec] = 0.047686, elapsed time[sec] = 0
   WELL: W5t
   Model::RRHO::RRHO:  starts
      Model::new_core:  starts
         Model::RigidRotor::RigidRotor:  starts
            molecular geometry will be used to estimate rotational constants
            rotational configuration: nonlinear
            rotational constants[1/cm]:         9.65604        1.21662        1.08048
         Model::RigidRotor::RigidRotor:  done, cpu time[sec] = 1.7e-05, elapsed time[sec] = 0
      Model::new_core:  done, cpu time[sec] = 2.3e-05, elapsed time[sec] = 0
      ground state energy, kcal/mol:   -34.55
      interpolating states number/density starts
         core state contribution ... done, cpu time[sec] = 0.001057, elapsed time[sec] = 0
         vibrational modes contribution ... done, cpu time[sec] = 0.000197, elapsed time[sec] = 0
         effective power exponent at 434.55 kcal/mol = 6.24835
      interpolating states number/density done, cpu time[sec] = 0.012683, elapsed time[sec] = 0
   Model::RRHO::RRHO:  done, cpu time[sec] = 0.012744, elapsed time[sec] = 0
Model::init:  done, cpu time[sec] = 4.73145, elapsed time[sec] = 0
