Model::init:  starts
   Model::ExponentialKernel::ExponentialKernel:  ... done
   Model::LennardJonesCollision::LennardJonesCollision:  ... done
   WELL: W0
   Model::RRHO::RRHO:  starts
      Model::new_core:  starts
         Model::RigidRotor::RigidRotor:  starts
            molecular geometry will be used to estimate rotational constants
            rotational configuration: nonlinear
            rotational constants[1/cm]:         23.7897       0.601083        0.58627
         Model::RigidRotor::RigidRotor:  done, cpu time[sec] = 0.002564, elapsed time[sec] = 0
      Model::new_core:  done, cpu time[sec] = 0.00298, elapsed time[sec] = 0
      ground state energy, kcal/mol:   0.15
      interpolating states number/density starts
         core state contribution ... done, cpu time[sec] = 0.0706, elapsed time[sec] = 0
         electronic states contribution ... done, cpu time[sec] = 0.00289, elapsed time[sec] = 0
         vibrational modes contribution ... done, cpu time[sec] = 0.016714, elapsed time[sec] = 0
         effective power exponent at 399.849 kcal/mol = 6.36045
      interpolating states number/density done, cpu time[sec] = 1.14519, elapsed time[sec] = 0
   Model::RRHO::RRHO:  done, cpu time[sec] = 1.16237, elapsed time[sec] = 0
   WELL: W1
   Model::RRHO::RRHO:  starts
      Model::new_core:  starts
         Model::RigidRotor::RigidRotor:  starts
            molecular geometry will be used to estimate rotational constants
            rotational configuration: nonlinear
            rotational constants[1/cm]:         2.27757        1.07738         0.7314
         Model::RigidRotor::RigidRotor:  done, cpu time[sec] = 0.011152, elapsed time[sec] = 0
      Model::new_core:  done, cpu time[sec] = 0.031526, elapsed time[sec] = 0
      ground state energy, kcal/mol:   0.19
      interpolating states number/density starts
         core state contribution ... done, cpu time[sec] = 0.117912, elapsed time[sec] = 0
         electronic states contribution ... done, cpu time[sec] = 0.012739, elapsed time[sec] = 0
         vibrational modes contribution ... done, cpu time[sec] = 0.027394, elapsed time[sec] = 0
         effective power exponent at 399.809 kcal/mol = 6.35945
      interpolating states number/density done, cpu time[sec] = 1.20186, elapsed time[sec] = 1
   Model::RRHO::RRHO:  done, cpu time[sec] = 1.26751, elapsed time[sec] = 1
   WELL: W2
   Model::RRHO::RRHO:  starts
      Model::new_core:  starts
         Model::RigidRotor::RigidRotor:  starts
            molecular geometry will be used to estimate rotational constants
            rotational configuration: nonlinear
            rotational constants[1/cm]:         23.7897       0.601083        0.58627
         Model::RigidRotor::RigidRotor:  done, cpu time[sec] = 0.01181, elapsed time[sec] = 0
      Model::new_core:  done, cpu time[sec] = 0.032877, elapsed time[sec] = 0
      ground state energy, kcal/mol:   0.15
      interpolating states number/density starts
         core state contribution ... done, cpu time[sec] = 0.107292, elapsed time[sec] = 0
         electronic states contribution ... done, cpu time[sec] = 0.013037, elapsed time[sec] = 0
         vibrational modes contribution ... done, cpu time[sec] = 0.027982, elapsed time[sec] = 0
         effective power exponent at 399.849 kcal/mol = 6.36045
      interpolating states number/density done, cpu time[sec] = 1.11899, elapsed time[sec] = 0
   Model::RRHO::RRHO:  done, cpu time[sec] = 1.18623, elapsed time[sec] = 0
   WELL: W3
   Model::RRHO::RRHO:  starts
      Model::new_core:  starts
         Model::RigidRotor::RigidRotor:  starts
            molecular geometry will be used to estimate rotational constants
            rotational configuration: nonlinear
            rotational constants[1/cm]:         1.78953        1.33461       0.764474
         Model::RigidRotor::RigidRotor:  done, cpu time[sec] = 0.011188, elapsed time[sec] = 0
      Model::new_core:  done, cpu time[sec] = 0.032182, elapsed time[sec] = 0
      ground state energy, kcal/mol:   0.21
      interpolating states number/density starts
         core state contribution ... done, cpu time[sec] = 0.107916, elapsed time[sec] = 0
         electronic states contribution ... done, cpu time[sec] = 0.013301, elapsed time[sec] = 0
         vibrational modes contribution ... done, cpu time[sec] = 0.027466, elapsed time[sec] = 0
         effective power exponent at 399.789 kcal/mol = 6.35813
      interpolating states number/density done, cpu time[sec] = 0.980238, elapsed time[sec] = 0
   Model::RRHO::RRHO:  done, cpu time[sec] = 1.03466, elapsed time[sec] = 0
   WELL: W4
   Model::RRHO::RRHO:  starts
      Model::new_core:  starts
         Model::RigidRotor::RigidRotor:  starts
            molecular geometry will be used to estimate rotational constants
            rotational configuration: nonlinear
            rotational constants[1/cm]:         9.52595        1.29538        1.14032
         Model::RigidRotor::RigidRotor:  done, cpu time[sec] = 0.000189, elapsed time[sec] = 0
      Model::new_core:  done, cpu time[sec] = 0.000291, elapsed time[sec] = 0
      ground state energy, kcal/mol:   -86.72
      interpolating states number/density starts
         core state contribution ... done, cpu time[sec] = 0.014159, elapsed time[sec] = 0
         vibrational modes contribution ... done, cpu time[sec] = 0.002201, elapsed time[sec] = 0
         effective power exponent at 486.717 kcal/mol = 6.27499
      interpolating states number/density done, cpu time[sec] = 0.046977, elapsed time[sec] = 0
   Model::RRHO::RRHO:  done, cpu time[sec] = 0.047602, elapsed time[sec] = 0
   WELL: W5t
   Model::RRHO::RRHO:  starts
      Model::new_core:  starts
         Model::RigidRotor::RigidRotor:  starts
            molecular geometry will be used to estimate rotational constants
            rotational configuration: nonlinear
            rotational constants[1/cm]:         9.65604        1.21662        1.08048
         Model::RigidRotor::RigidRotor:  done, cpu time[sec] = 1.6e-05, elapsed time[sec] = 0
      Model::new_core:  done, cpu time[sec] = 2.2e-05, elapsed time[sec] = 0
      ground state energy, kcal/mol:   -34.55
      interpolating states number/density starts
         core state contribution ... done, cpu time[sec] = 0.001058, elapsed time[sec] = 0
         vibrational modes contribution ... done, cpu time[sec] = 0.000196, elapsed time[sec] = 0
         effective power exponent at 434.55 kcal/mol = 6.24835
      interpolating states number/density done, cpu time[sec] = 0.012703, elapsed time[sec] = 0
   Model::RRHO::RRHO:  done, cpu time[sec] = 0.012765, elapsed time[sec] = 0
Model::init:  done, cpu time[sec] = 4.75567, elapsed time[sec] = 1
