Model::init:  starts
   Model::ExponentialKernel::ExponentialKernel:  ... done
   Model::LennardJonesCollision::LennardJonesCollision:  ... done
   WELL: W0
   Model::RRHO::RRHO:  starts
      Model::new_core:  starts
         Model::RigidRotor::RigidRotor:  starts
            molecular geometry will be used to estimate rotational constants
            rotational configuration: nonlinear
            rotational constants[1/cm]:         23.7897       0.601083        0.58627
         Model::RigidRotor::RigidRotor:  done, cpu time[sec] = 0.00306, elapsed time[sec] = 0
      Model::new_core:  done, cpu time[sec] = 0.003724, elapsed time[sec] = 0
      ground state energy, kcal/mol:   0.15
      interpolating states number/density starts
         core state contribution ... done, cpu time[sec] = 0.097342, elapsed time[sec] = 0
         electronic states contribution ... done, cpu time[sec] = 0.002553, elapsed time[sec] = 0
         vibrational modes contribution ... done, cpu time[sec] = 0.016185, elapsed time[sec] = 0
         effective power exponent at 399.849 kcal/mol = 6.36045
      interpolating states number/density done, cpu time[sec] = 1.06197, elapsed time[sec] = 0
   Model::RRHO::RRHO:  done, cpu time[sec] = 1.08048, elapsed time[sec] = 0
   WELL: W1
   Model::RRHO::RRHO:  starts
      Model::new_core:  starts
         Model::RigidRotor::RigidRotor:  starts
            molecular geometry will be used to estimate rotational constants
            rotational configuration: nonlinear
            rotational constants[1/cm]:         2.27757        1.07738         0.7314
         Model::RigidRotor::RigidRotor:  done, cpu time[sec] = 0.010199, elapsed time[sec] = 0
      Model::new_core:  done, cpu time[sec] = 0.028831, elapsed time[sec] = 0
      ground state energy, kcal/mol:   0.19
      interpolating states number/density starts
         core state contribution ... done, cpu time[sec] = 0.109459, elapsed time[sec] = 0
         electronic states contribution ... done, cpu time[sec] = 0.012116, elapsed time[sec] = 0
         vibrational modes contribution ... done, cpu time[sec] = 0.026697, elapsed time[sec] = 0
         effective power exponent at 399.809 kcal/mol = 6.35945
      interpolating states number/density done, cpu time[sec] = 1.09445, elapsed time[sec] = 0
   Model::RRHO::RRHO:  done, cpu time[sec] = 1.15478, elapsed time[sec] = 0
   WELL: W2
   Model::RRHO::RRHO:  starts
      Model::new_core:  starts
         Model::RigidRotor::RigidRotor:  starts
            molecular geometry will be used to estimate rotational constants
            rotational configuration: nonlinear
            rotational constants[1/cm]:         23.7897       0.601083        0.58627
         Model::RigidRotor::RigidRotor:  done, cpu time[sec] = 0.010249, elapsed time[sec] = 0
      Model::new_core:  done, cpu time[sec] = 0.02939, elapsed time[sec] = 0
      ground state energy, kcal/mol:   0.15
      interpolating states number/density starts
         core state contribution ... done, cpu time[sec] = 0.101575, elapsed time[sec] = 0
         electronic states contribution ... done, cpu time[sec] = 0.012198, elapsed time[sec] = 0
         vibrational modes contribution ... done, cpu time[sec] = 0.025623, elapsed time[sec] = 0
         effective power exponent at 399.849 kcal/mol = 6.36045
      interpolating states number/density done, cpu time[sec] = 1.03137, elapsed time[sec] = 0
   Model::RRHO::RRHO:  done, cpu time[sec] = 1.09213, elapsed time[sec] = 0
   WELL: W3
   Model::RRHO::RRHO:  starts
      Model::new_core:  starts
         Model::RigidRotor::RigidRotor:  starts
            molecular geometry will be used to estimate rotational constants
            rotational configuration: nonlinear
            rotational constants[1/cm]:         1.78953        1.33461       0.764474
         Model::RigidRotor::RigidRotor:  done, cpu time[sec] = 0.010673, elapsed time[sec] = 0
      Model::new_core:  done, cpu time[sec] = 0.029921, elapsed time[sec] = 0
      ground state energy, kcal/mol:   0.21
      interpolating states number/density starts
         core state contribution ... done, cpu time[sec] = 0.099358, elapsed time[sec] = 0
         electronic states contribution ... done, cpu time[sec] = 0.012747, elapsed time[sec] = 0
         vibrational modes contribution ... done, cpu time[sec] = 0.025643, elapsed time[sec] = 0
         effective power exponent at 399.789 kcal/mol = 6.35813
      interpolating states number/density done, cpu time[sec] = 0.948615, elapsed time[sec] = 0
   Model::RRHO::RRHO:  done, cpu time[sec] = 0.999164, elapsed time[sec] = 0
   WELL: W4
   Model::RRHO::RRHO:  starts
      Model::new_core:  starts
         Model::RigidRotor::RigidRotor:  starts
            molecular geometry will be used to estimate rotational constants
            rotational configuration: nonlinear
            rotational constants[1/cm]:         9.52595        1.29538        1.14032
         Model::RigidRotor::RigidRotor:  done, cpu time[sec] = 0.000132, elapsed time[sec] = 0
      Model::new_core:  done, cpu time[sec] = 0.000195, elapsed time[sec] = 0
      ground state energy, kcal/mol:   -86.62
      interpolating states number/density starts
         core state contribution ... done, cpu time[sec] = 0.011715, elapsed time[sec] = 0
         vibrational modes contribution ... done, cpu time[sec] = 0.001913, elapsed time[sec] = 0
         effective power exponent at 486.617 kcal/mol = 6.27495
      interpolating states number/density done, cpu time[sec] = 0.071131, elapsed time[sec] = 0
   Model::RRHO::RRHO:  done, cpu time[sec] = 0.071561, elapsed time[sec] = 0
   WELL: W5t
   Model::RRHO::RRHO:  starts
      Model::new_core:  starts
         Model::RigidRotor::RigidRotor:  starts
            molecular geometry will be used to estimate rotational constants
            rotational configuration: nonlinear
            rotational constants[1/cm]:         9.65604        1.21662        1.08048
         Model::RigidRotor::RigidRotor:  done, cpu time[sec] = 1.5e-05, elapsed time[sec] = 0
      Model::new_core:  done, cpu time[sec] = 2.1e-05, elapsed time[sec] = 0
      ground state energy, kcal/mol:   -34.55
      interpolating states number/density starts
         core state contribution ... done, cpu time[sec] = 0.001044, elapsed time[sec] = 0
         vibrational modes contribution ... done, cpu time[sec] = 0.000195, elapsed time[sec] = 0
         effective power exponent at 434.55 kcal/mol = 6.24835
      interpolating states number/density done, cpu time[sec] = 0.012427, elapsed time[sec] = 0
   Model::RRHO::RRHO:  done, cpu time[sec] = 0.012486, elapsed time[sec] = 0
Model::init:  done, cpu time[sec] = 4.45384, elapsed time[sec] = 0
