Model::init:  starts
   Model::ExponentialKernel::ExponentialKernel:  ... done
   Model::LennardJonesCollision::LennardJonesCollision:  ... done
   WELL: W0
   Model::RRHO::RRHO:  starts
      Model::new_core:  starts
         Model::RigidRotor::RigidRotor:  starts
            molecular geometry will be used to estimate rotational constants
            rotational configuration: nonlinear
            rotational constants[1/cm]:         23.7897       0.601083        0.58627
         Model::RigidRotor::RigidRotor:  done, cpu time[sec] = 0.003129, elapsed time[sec] = 0
      Model::new_core:  done, cpu time[sec] = 0.003884, elapsed time[sec] = 0
      ground state energy, kcal/mol:   0.15
      interpolating states number/density starts
         core state contribution ... done, cpu time[sec] = 0.217715, elapsed time[sec] = 0
         electronic states contribution ... done, cpu time[sec] = 0.002638, elapsed time[sec] = 0
         vibrational modes contribution ... done, cpu time[sec] = 0.016058, elapsed time[sec] = 0
         effective power exponent at 399.849 kcal/mol = 6.36045
      interpolating states number/density done, cpu time[sec] = 1.26566, elapsed time[sec] = 0
   Model::RRHO::RRHO:  done, cpu time[sec] = 1.27318, elapsed time[sec] = 0
   WELL: W1
   Model::RRHO::RRHO:  starts
      Model::new_core:  starts
         Model::RigidRotor::RigidRotor:  starts
            molecular geometry will be used to estimate rotational constants
            rotational configuration: nonlinear
            rotational constants[1/cm]:         2.27757        1.07738         0.7314
         Model::RigidRotor::RigidRotor:  done, cpu time[sec] = 0.001368, elapsed time[sec] = 0
      Model::new_core:  done, cpu time[sec] = 0.002007, elapsed time[sec] = 0
      ground state energy, kcal/mol:   0.19
      interpolating states number/density starts
         core state contribution ... done, cpu time[sec] = 0.108106, elapsed time[sec] = 0
         electronic states contribution ... done, cpu time[sec] = 0.002802, elapsed time[sec] = 0
         vibrational modes contribution ... done, cpu time[sec] = 0.017145, elapsed time[sec] = 0
         effective power exponent at 399.809 kcal/mol = 6.35945
      interpolating states number/density done, cpu time[sec] = 1.10205, elapsed time[sec] = 0
   Model::RRHO::RRHO:  done, cpu time[sec] = 1.10729, elapsed time[sec] = 0
   WELL: W2
   Model::RRHO::RRHO:  starts
      Model::new_core:  starts
         Model::RigidRotor::RigidRotor:  starts
            molecular geometry will be used to estimate rotational constants
            rotational configuration: nonlinear
            rotational constants[1/cm]:         23.7897       0.601083        0.58627
         Model::RigidRotor::RigidRotor:  done, cpu time[sec] = 0.001163, elapsed time[sec] = 0
      Model::new_core:  done, cpu time[sec] = 0.001779, elapsed time[sec] = 0
      ground state energy, kcal/mol:   0.15
      interpolating states number/density starts
         core state contribution ... done, cpu time[sec] = 0.095582, elapsed time[sec] = 0
         electronic states contribution ... done, cpu time[sec] = 0.002789, elapsed time[sec] = 0
         vibrational modes contribution ... done, cpu time[sec] = 0.017195, elapsed time[sec] = 0
         effective power exponent at 399.849 kcal/mol = 6.36045
      interpolating states number/density done, cpu time[sec] = 1.03132, elapsed time[sec] = 0
   Model::RRHO::RRHO:  done, cpu time[sec] = 1.0469, elapsed time[sec] = 0
   WELL: W3
   Model::RRHO::RRHO:  starts
      Model::new_core:  starts
         Model::RigidRotor::RigidRotor:  starts
            molecular geometry will be used to estimate rotational constants
            rotational configuration: nonlinear
            rotational constants[1/cm]:         1.78953        1.33461       0.764474
         Model::RigidRotor::RigidRotor:  done, cpu time[sec] = 0.010813, elapsed time[sec] = 0
      Model::new_core:  done, cpu time[sec] = 0.030712, elapsed time[sec] = 0
      ground state energy, kcal/mol:   0.21
      interpolating states number/density starts
         core state contribution ... done, cpu time[sec] = 0.105903, elapsed time[sec] = 0
         electronic states contribution ... done, cpu time[sec] = 0.012681, elapsed time[sec] = 0
         vibrational modes contribution ... done, cpu time[sec] = 0.027916, elapsed time[sec] = 0
         effective power exponent at 399.789 kcal/mol = 6.35813
      interpolating states number/density done, cpu time[sec] = 1.1058, elapsed time[sec] = 0
   Model::RRHO::RRHO:  done, cpu time[sec] = 1.16379, elapsed time[sec] = 0
   WELL: W4
   Model::RRHO::RRHO:  starts
      Model::new_core:  starts
         Model::RigidRotor::RigidRotor:  starts
            molecular geometry will be used to estimate rotational constants
            rotational configuration: nonlinear
            rotational constants[1/cm]:         9.52595        1.29538        1.14032
         Model::RigidRotor::RigidRotor:  done, cpu time[sec] = 0.002753, elapsed time[sec] = 0
      Model::new_core:  done, cpu time[sec] = 0.007858, elapsed time[sec] = 0
      ground state energy, kcal/mol:   -86.72
      interpolating states number/density starts
         core state contribution ... done, cpu time[sec] = 0.00378, elapsed time[sec] = 0
         vibrational modes contribution ... done, cpu time[sec] = 0.000213, elapsed time[sec] = 0
         effective power exponent at 486.717 kcal/mol = 6.27499
      interpolating states number/density done, cpu time[sec] = 0.026253, elapsed time[sec] = 0
   Model::RRHO::RRHO:  done, cpu time[sec] = 0.040375, elapsed time[sec] = 0
   WELL: W5t
   Model::RRHO::RRHO:  starts
      Model::new_core:  starts
         Model::RigidRotor::RigidRotor:  starts
            molecular geometry will be used to estimate rotational constants
            rotational configuration: nonlinear
            rotational constants[1/cm]:         9.65604        1.21662        1.08048
         Model::RigidRotor::RigidRotor:  done, cpu time[sec] = 1.6e-05, elapsed time[sec] = 0
      Model::new_core:  done, cpu time[sec] = 2.4e-05, elapsed time[sec] = 0
      ground state energy, kcal/mol:   -34.55
      interpolating states number/density starts
         core state contribution ... done, cpu time[sec] = 0.001049, elapsed time[sec] = 0
         vibrational modes contribution ... done, cpu time[sec] = 0.000193, elapsed time[sec] = 0
         effective power exponent at 434.55 kcal/mol = 6.24835
      interpolating states number/density done, cpu time[sec] = 0.0126, elapsed time[sec] = 0
   Model::RRHO::RRHO:  done, cpu time[sec] = 0.012667, elapsed time[sec] = 0
Model::init:  done, cpu time[sec] = 4.67618, elapsed time[sec] = 0
