Model::init:  starts
   Model::ExponentialKernel::ExponentialKernel:  ... done
   Model::LennardJonesCollision::LennardJonesCollision:  ... done
   WELL: W0
   Model::RRHO::RRHO:  starts
      Model::new_core:  starts
         Model::RigidRotor::RigidRotor:  starts
            molecular geometry will be used to estimate rotational constants
            rotational configuration: nonlinear
            rotational constants[1/cm]:         23.7897       0.601083        0.58627
         Model::RigidRotor::RigidRotor:  done, cpu time[sec] = 0.003433, elapsed time[sec] = 0
      Model::new_core:  done, cpu time[sec] = 0.004202, elapsed time[sec] = 0
      ground state energy, kcal/mol:   0.15
      interpolating states number/density starts
         core state contribution ... done, cpu time[sec] = 0.122319, elapsed time[sec] = 0
         electronic states contribution ... done, cpu time[sec] = 0.0024, elapsed time[sec] = 0
         vibrational modes contribution ... done, cpu time[sec] = 0.014484, elapsed time[sec] = 0
         effective power exponent at 399.849 kcal/mol = 6.36045
      interpolating states number/density done, cpu time[sec] = 1.11017, elapsed time[sec] = 0
   Model::RRHO::RRHO:  done, cpu time[sec] = 1.1179, elapsed time[sec] = 0
   WELL: W1
   Model::RRHO::RRHO:  starts
      Model::new_core:  starts
         Model::RigidRotor::RigidRotor:  starts
            molecular geometry will be used to estimate rotational constants
            rotational configuration: nonlinear
            rotational constants[1/cm]:         2.27757        1.07738         0.7314
         Model::RigidRotor::RigidRotor:  done, cpu time[sec] = 0.001195, elapsed time[sec] = 0
      Model::new_core:  done, cpu time[sec] = 0.001772, elapsed time[sec] = 0
      ground state energy, kcal/mol:   0.19
      interpolating states number/density starts
         core state contribution ... done, cpu time[sec] = 0.092368, elapsed time[sec] = 0
         electronic states contribution ... done, cpu time[sec] = 0.002984, elapsed time[sec] = 0
         vibrational modes contribution ... done, cpu time[sec] = 0.014538, elapsed time[sec] = 0
         effective power exponent at 399.809 kcal/mol = 6.35945
      interpolating states number/density done, cpu time[sec] = 0.966596, elapsed time[sec] = 0
   Model::RRHO::RRHO:  done, cpu time[sec] = 0.971405, elapsed time[sec] = 0
   WELL: W2
   Model::RRHO::RRHO:  starts
      Model::new_core:  starts
         Model::RigidRotor::RigidRotor:  starts
            molecular geometry will be used to estimate rotational constants
            rotational configuration: nonlinear
            rotational constants[1/cm]:         23.7897       0.601083        0.58627
         Model::RigidRotor::RigidRotor:  done, cpu time[sec] = 0.001081, elapsed time[sec] = 0
      Model::new_core:  done, cpu time[sec] = 0.001663, elapsed time[sec] = 0
      ground state energy, kcal/mol:   0.15
      interpolating states number/density starts
         core state contribution ... done, cpu time[sec] = 0.080469, elapsed time[sec] = 0
         electronic states contribution ... done, cpu time[sec] = 0.002499, elapsed time[sec] = 0
         vibrational modes contribution ... done, cpu time[sec] = 0.015278, elapsed time[sec] = 0
         effective power exponent at 399.849 kcal/mol = 6.36045
      interpolating states number/density done, cpu time[sec] = 0.905211, elapsed time[sec] = 0
   Model::RRHO::RRHO:  done, cpu time[sec] = 0.909569, elapsed time[sec] = 0
   WELL: W3
   Model::RRHO::RRHO:  starts
      Model::new_core:  starts
         Model::RigidRotor::RigidRotor:  starts
            molecular geometry will be used to estimate rotational constants
            rotational configuration: nonlinear
            rotational constants[1/cm]:         1.78953        1.33461       0.764474
         Model::RigidRotor::RigidRotor:  done, cpu time[sec] = 0.000939, elapsed time[sec] = 0
      Model::new_core:  done, cpu time[sec] = 0.00152, elapsed time[sec] = 0
      ground state energy, kcal/mol:   0.21
      interpolating states number/density starts
         core state contribution ... done, cpu time[sec] = 0.090461, elapsed time[sec] = 0
         electronic states contribution ... done, cpu time[sec] = 0.002578, elapsed time[sec] = 0
         vibrational modes contribution ... done, cpu time[sec] = 0.014819, elapsed time[sec] = 0
         effective power exponent at 399.789 kcal/mol = 6.35813
      interpolating states number/density done, cpu time[sec] = 0.916024, elapsed time[sec] = 0
   Model::RRHO::RRHO:  done, cpu time[sec] = 0.920196, elapsed time[sec] = 0
   WELL: W4
   Model::RRHO::RRHO:  starts
      Model::new_core:  starts
         Model::RigidRotor::RigidRotor:  starts
            molecular geometry will be used to estimate rotational constants
            rotational configuration: nonlinear
            rotational constants[1/cm]:         9.52595        1.29538        1.14032
         Model::RigidRotor::RigidRotor:  done, cpu time[sec] = 0.000937, elapsed time[sec] = 0
      Model::new_core:  done, cpu time[sec] = 0.00151, elapsed time[sec] = 0
      ground state energy, kcal/mol:   -86.72
      interpolating states number/density starts
         core state contribution ... done, cpu time[sec] = 0.106444, elapsed time[sec] = 0
         vibrational modes contribution ... done, cpu time[sec] = 0.018107, elapsed time[sec] = 0
         effective power exponent at 486.717 kcal/mol = 6.27499
      interpolating states number/density done, cpu time[sec] = 0.393251, elapsed time[sec] = 0
   Model::RRHO::RRHO:  done, cpu time[sec] = 0.396405, elapsed time[sec] = 0
   WELL: W5t
   Model::RRHO::RRHO:  starts
      Model::new_core:  starts
         Model::RigidRotor::RigidRotor:  starts
            molecular geometry will be used to estimate rotational constants
            rotational configuration: nonlinear
            rotational constants[1/cm]:         9.65604        1.21662        1.08048
         Model::RigidRotor::RigidRotor:  done, cpu time[sec] = 1.6e-05, elapsed time[sec] = 0
      Model::new_core:  done, cpu time[sec] = 2.4e-05, elapsed time[sec] = 0
      ground state energy, kcal/mol:   -34.55
      interpolating states number/density starts
         core state contribution ... done, cpu time[sec] = 0.001043, elapsed time[sec] = 0
         vibrational modes contribution ... done, cpu time[sec] = 0.000193, elapsed time[sec] = 0
         effective power exponent at 434.55 kcal/mol = 6.24835
      interpolating states number/density done, cpu time[sec] = 0.012644, elapsed time[sec] = 0
   Model::RRHO::RRHO:  done, cpu time[sec] = 0.012707, elapsed time[sec] = 0
Model::init:  done, cpu time[sec] = 4.34644, elapsed time[sec] = 0
