Model::init:  starts
   Model::ExponentialKernel::ExponentialKernel:  ... done
   Model::LennardJonesCollision::LennardJonesCollision:  ... done
   WELL: W0
   Model::RRHO::RRHO:  starts
      Model::new_core:  starts
         Model::RigidRotor::RigidRotor:  starts
            molecular geometry will be used to estimate rotational constants
            rotational configuration: nonlinear
            rotational constants[1/cm]:         23.7897       0.601083        0.58627
         Model::RigidRotor::RigidRotor:  done, cpu time[sec] = 0.003132, elapsed time[sec] = 0
      Model::new_core:  done, cpu time[sec] = 0.003871, elapsed time[sec] = 0
      ground state energy, kcal/mol:   0.15
      interpolating states number/density starts
         core state contribution ... done, cpu time[sec] = 0.107211, elapsed time[sec] = 0
         electronic states contribution ... done, cpu time[sec] = 0.00326, elapsed time[sec] = 0
         vibrational modes contribution ... done, cpu time[sec] = 0.016475, elapsed time[sec] = 0
         effective power exponent at 399.849 kcal/mol = 6.36045
      interpolating states number/density done, cpu time[sec] = 1.17305, elapsed time[sec] = 0
   Model::RRHO::RRHO:  done, cpu time[sec] = 1.19406, elapsed time[sec] = 1
   WELL: W1
   Model::RRHO::RRHO:  starts
      Model::new_core:  starts
         Model::RigidRotor::RigidRotor:  starts
            molecular geometry will be used to estimate rotational constants
            rotational configuration: nonlinear
            rotational constants[1/cm]:         2.27757        1.07738         0.7314
         Model::RigidRotor::RigidRotor:  done, cpu time[sec] = 0.011453, elapsed time[sec] = 0
      Model::new_core:  done, cpu time[sec] = 0.03277, elapsed time[sec] = 0
      ground state energy, kcal/mol:   0.19
      interpolating states number/density starts
         core state contribution ... done, cpu time[sec] = 0.123231, elapsed time[sec] = 0
         electronic states contribution ... done, cpu time[sec] = 0.013197, elapsed time[sec] = 0
         vibrational modes contribution ... done, cpu time[sec] = 0.028491, elapsed time[sec] = 0
         effective power exponent at 399.809 kcal/mol = 6.35945
      interpolating states number/density done, cpu time[sec] = 1.21248, elapsed time[sec] = 0
   Model::RRHO::RRHO:  done, cpu time[sec] = 1.28059, elapsed time[sec] = 0
   WELL: W2
   Model::RRHO::RRHO:  starts
      Model::new_core:  starts
         Model::RigidRotor::RigidRotor:  starts
            molecular geometry will be used to estimate rotational constants
            rotational configuration: nonlinear
            rotational constants[1/cm]:         23.7897       0.601083        0.58627
         Model::RigidRotor::RigidRotor:  done, cpu time[sec] = 0.011186, elapsed time[sec] = 0
      Model::new_core:  done, cpu time[sec] = 0.032446, elapsed time[sec] = 0
      ground state energy, kcal/mol:   0.15
      interpolating states number/density starts
         core state contribution ... done, cpu time[sec] = 0.10873, elapsed time[sec] = 0
         electronic states contribution ... done, cpu time[sec] = 0.013202, elapsed time[sec] = 0
         vibrational modes contribution ... done, cpu time[sec] = 0.028946, elapsed time[sec] = 0
         effective power exponent at 399.849 kcal/mol = 6.36045
      interpolating states number/density done, cpu time[sec] = 1.1445, elapsed time[sec] = 0
   Model::RRHO::RRHO:  done, cpu time[sec] = 1.21142, elapsed time[sec] = 0
   WELL: W3
   Model::RRHO::RRHO:  starts
      Model::new_core:  starts
         Model::RigidRotor::RigidRotor:  starts
            molecular geometry will be used to estimate rotational constants
            rotational configuration: nonlinear
            rotational constants[1/cm]:         1.78953        1.33461       0.764474
         Model::RigidRotor::RigidRotor:  done, cpu time[sec] = 0.011476, elapsed time[sec] = 0
      Model::new_core:  done, cpu time[sec] = 0.033097, elapsed time[sec] = 0
      ground state energy, kcal/mol:   0.21
      interpolating states number/density starts
         core state contribution ... done, cpu time[sec] = 0.109337, elapsed time[sec] = 0
         electronic states contribution ... done, cpu time[sec] = 0.013401, elapsed time[sec] = 0
         vibrational modes contribution ... done, cpu time[sec] = 0.027968, elapsed time[sec] = 0
         effective power exponent at 399.789 kcal/mol = 6.35813
      interpolating states number/density done, cpu time[sec] = 0.956369, elapsed time[sec] = 0
   Model::RRHO::RRHO:  done, cpu time[sec] = 1.01178, elapsed time[sec] = 0
   WELL: W4
   Model::RRHO::RRHO:  starts
      Model::new_core:  starts
         Model::RigidRotor::RigidRotor:  starts
            molecular geometry will be used to estimate rotational constants
            rotational configuration: nonlinear
            rotational constants[1/cm]:         9.52595        1.29538        1.14032
         Model::RigidRotor::RigidRotor:  done, cpu time[sec] = 5.7e-05, elapsed time[sec] = 0
      Model::new_core:  done, cpu time[sec] = 8.4e-05, elapsed time[sec] = 0
      ground state energy, kcal/mol:   -86.72
      interpolating states number/density starts
         core state contribution ... done, cpu time[sec] = 0.005118, elapsed time[sec] = 0
         vibrational modes contribution ... done, cpu time[sec] = 0.000735, elapsed time[sec] = 0
         effective power exponent at 486.717 kcal/mol = 6.27499
      interpolating states number/density done, cpu time[sec] = 0.025133, elapsed time[sec] = 0
   Model::RRHO::RRHO:  done, cpu time[sec] = 0.02533, elapsed time[sec] = 0
   WELL: W5t
   Model::RRHO::RRHO:  starts
      Model::new_core:  starts
         Model::RigidRotor::RigidRotor:  starts
            molecular geometry will be used to estimate rotational constants
            rotational configuration: nonlinear
            rotational constants[1/cm]:         9.65604        1.21662        1.08048
         Model::RigidRotor::RigidRotor:  done, cpu time[sec] = 1.7e-05, elapsed time[sec] = 0
      Model::new_core:  done, cpu time[sec] = 2.4e-05, elapsed time[sec] = 0
      ground state energy, kcal/mol:   -34.55
      interpolating states number/density starts
         core state contribution ... done, cpu time[sec] = 0.001044, elapsed time[sec] = 0
         vibrational modes contribution ... done, cpu time[sec] = 0.000194, elapsed time[sec] = 0
         effective power exponent at 434.55 kcal/mol = 6.24835
      interpolating states number/density done, cpu time[sec] = 0.012585, elapsed time[sec] = 0
   Model::RRHO::RRHO:  done, cpu time[sec] = 0.012647, elapsed time[sec] = 0
Model::init:  done, cpu time[sec] = 4.78342, elapsed time[sec] = 1
