Model::init:  starts
   Model::ExponentialKernel::ExponentialKernel:  ... done
   Model::LennardJonesCollision::LennardJonesCollision:  ... done
   WELL: W0
   Model::RRHO::RRHO:  starts
      Model::new_core:  starts
         Model::RigidRotor::RigidRotor:  starts
            molecular geometry will be used to estimate rotational constants
            rotational configuration: nonlinear
            rotational constants[1/cm]:         23.7897       0.601083        0.58627
         Model::RigidRotor::RigidRotor:  done, cpu time[sec] = 0.002098, elapsed time[sec] = 0
      Model::new_core:  done, cpu time[sec] = 0.002503, elapsed time[sec] = 0
      ground state energy, kcal/mol:   0.25
      interpolating states number/density starts
         core state contribution ... done, cpu time[sec] = 0.065528, elapsed time[sec] = 0
         electronic states contribution ... done, cpu time[sec] = 0.002712, elapsed time[sec] = 0
         vibrational modes contribution ... done, cpu time[sec] = 0.015354, elapsed time[sec] = 0
         effective power exponent at 399.749 kcal/mol = 6.36041
      interpolating states number/density done, cpu time[sec] = 0.767228, elapsed time[sec] = 0
   Model::RRHO::RRHO:  done, cpu time[sec] = 0.772438, elapsed time[sec] = 0
   WELL: W1
   Model::RRHO::RRHO:  starts
      Model::new_core:  starts
         Model::RigidRotor::RigidRotor:  starts
            molecular geometry will be used to estimate rotational constants
            rotational configuration: nonlinear
            rotational constants[1/cm]:         2.27757        1.07738         0.7314
         Model::RigidRotor::RigidRotor:  done, cpu time[sec] = 0.001339, elapsed time[sec] = 0
      Model::new_core:  done, cpu time[sec] = 0.00195, elapsed time[sec] = 0
      ground state energy, kcal/mol:   0.19
      interpolating states number/density starts
         core state contribution ... done, cpu time[sec] = 0.104619, elapsed time[sec] = 0
         electronic states contribution ... done, cpu time[sec] = 0.003535, elapsed time[sec] = 0
         vibrational modes contribution ... done, cpu time[sec] = 0.016873, elapsed time[sec] = 0
         effective power exponent at 399.809 kcal/mol = 6.35945
      interpolating states number/density done, cpu time[sec] = 1.08098, elapsed time[sec] = 0
   Model::RRHO::RRHO:  done, cpu time[sec] = 1.08636, elapsed time[sec] = 0
   WELL: W2
   Model::RRHO::RRHO:  starts
      Model::new_core:  starts
         Model::RigidRotor::RigidRotor:  starts
            molecular geometry will be used to estimate rotational constants
            rotational configuration: nonlinear
            rotational constants[1/cm]:         23.7897       0.601083        0.58627
         Model::RigidRotor::RigidRotor:  done, cpu time[sec] = 0.00132, elapsed time[sec] = 0
      Model::new_core:  done, cpu time[sec] = 0.00197, elapsed time[sec] = 0
      ground state energy, kcal/mol:   0.15
      interpolating states number/density starts
         core state contribution ... done, cpu time[sec] = 0.093849, elapsed time[sec] = 0
         electronic states contribution ... done, cpu time[sec] = 0.00289, elapsed time[sec] = 0
         vibrational modes contribution ... done, cpu time[sec] = 0.018205, elapsed time[sec] = 0
         effective power exponent at 399.849 kcal/mol = 6.36045
      interpolating states number/density done, cpu time[sec] = 1.02068, elapsed time[sec] = 0
   Model::RRHO::RRHO:  done, cpu time[sec] = 1.02583, elapsed time[sec] = 0
   WELL: W3
   Model::RRHO::RRHO:  starts
      Model::new_core:  starts
         Model::RigidRotor::RigidRotor:  starts
            molecular geometry will be used to estimate rotational constants
            rotational configuration: nonlinear
            rotational constants[1/cm]:         1.78953        1.33461       0.764474
         Model::RigidRotor::RigidRotor:  done, cpu time[sec] = 0.001262, elapsed time[sec] = 0
      Model::new_core:  done, cpu time[sec] = 0.00189, elapsed time[sec] = 0
      ground state energy, kcal/mol:   0.21
      interpolating states number/density starts
         core state contribution ... done, cpu time[sec] = 0.095678, elapsed time[sec] = 0
         electronic states contribution ... done, cpu time[sec] = 0.003502, elapsed time[sec] = 0
         vibrational modes contribution ... done, cpu time[sec] = 0.01732, elapsed time[sec] = 0
         effective power exponent at 399.789 kcal/mol = 6.35813
      interpolating states number/density done, cpu time[sec] = 1.03744, elapsed time[sec] = 0
   Model::RRHO::RRHO:  done, cpu time[sec] = 1.04263, elapsed time[sec] = 0
   WELL: W4
   Model::RRHO::RRHO:  starts
      Model::new_core:  starts
         Model::RigidRotor::RigidRotor:  starts
            molecular geometry will be used to estimate rotational constants
            rotational configuration: nonlinear
            rotational constants[1/cm]:         9.52595        1.29538        1.14032
         Model::RigidRotor::RigidRotor:  done, cpu time[sec] = 0.001245, elapsed time[sec] = 0
      Model::new_core:  done, cpu time[sec] = 0.001873, elapsed time[sec] = 0
      ground state energy, kcal/mol:   -86.72
      interpolating states number/density starts
         core state contribution ... done, cpu time[sec] = 0.124861, elapsed time[sec] = 0
         vibrational modes contribution ... done, cpu time[sec] = 0.022254, elapsed time[sec] = 0
         effective power exponent at 486.717 kcal/mol = 6.27499
      interpolating states number/density done, cpu time[sec] = 0.712392, elapsed time[sec] = 0
   Model::RRHO::RRHO:  done, cpu time[sec] = 0.716234, elapsed time[sec] = 0
   WELL: W5t
   Model::RRHO::RRHO:  starts
      Model::new_core:  starts
         Model::RigidRotor::RigidRotor:  starts
            molecular geometry will be used to estimate rotational constants
            rotational configuration: nonlinear
            rotational constants[1/cm]:         9.65604        1.21662        1.08048
         Model::RigidRotor::RigidRotor:  done, cpu time[sec] = 3.3e-05, elapsed time[sec] = 0
      Model::new_core:  done, cpu time[sec] = 4.5e-05, elapsed time[sec] = 0
      ground state energy, kcal/mol:   -34.55
      interpolating states number/density starts
         core state contribution ... done, cpu time[sec] = 0.001056, elapsed time[sec] = 0
         vibrational modes contribution ... done, cpu time[sec] = 0.000195, elapsed time[sec] = 0
         effective power exponent at 434.55 kcal/mol = 6.24835
      interpolating states number/density done, cpu time[sec] = 0.01277, elapsed time[sec] = 0
   Model::RRHO::RRHO:  done, cpu time[sec] = 0.012878, elapsed time[sec] = 0
Model::init:  done, cpu time[sec] = 4.67388, elapsed time[sec] = 0
