Model::init:  starts
   Model::ExponentialKernel::ExponentialKernel:  ... done
   Model::LennardJonesCollision::LennardJonesCollision:  ... done
   WELL: W0
   Model::RRHO::RRHO:  starts
      Model::new_core:  starts
         Model::RigidRotor::RigidRotor:  starts
            molecular geometry will be used to estimate rotational constants
            rotational configuration: nonlinear
            rotational constants[1/cm]:         23.7897       0.601083        0.58627
         Model::RigidRotor::RigidRotor:  done, cpu time[sec] = 0.002185, elapsed time[sec] = 0
      Model::new_core:  done, cpu time[sec] = 0.002637, elapsed time[sec] = 0
      ground state energy, kcal/mol:   0.15
      interpolating states number/density starts
         core state contribution ... done, cpu time[sec] = 0.120935, elapsed time[sec] = 0
         electronic states contribution ... done, cpu time[sec] = 0.010841, elapsed time[sec] = 0
         vibrational modes contribution ... done, cpu time[sec] = 0.024937, elapsed time[sec] = 0
         effective power exponent at 399.849 kcal/mol = 6.36045
      interpolating states number/density done, cpu time[sec] = 1.28949, elapsed time[sec] = 0
   Model::RRHO::RRHO:  done, cpu time[sec] = 1.30534, elapsed time[sec] = 0
   WELL: W1
   Model::RRHO::RRHO:  starts
      Model::new_core:  starts
         Model::RigidRotor::RigidRotor:  starts
            molecular geometry will be used to estimate rotational constants
            rotational configuration: nonlinear
            rotational constants[1/cm]:         2.27757        1.07738         0.7314
         Model::RigidRotor::RigidRotor:  done, cpu time[sec] = 0.011399, elapsed time[sec] = 0
      Model::new_core:  done, cpu time[sec] = 0.030906, elapsed time[sec] = 0
      ground state energy, kcal/mol:   0.19
      interpolating states number/density starts
         core state contribution ... done, cpu time[sec] = 0.123899, elapsed time[sec] = 0
         electronic states contribution ... done, cpu time[sec] = 0.013062, elapsed time[sec] = 0
         vibrational modes contribution ... done, cpu time[sec] = 0.028081, elapsed time[sec] = 0
         effective power exponent at 399.809 kcal/mol = 6.35945
      interpolating states number/density done, cpu time[sec] = 1.22084, elapsed time[sec] = 0
   Model::RRHO::RRHO:  done, cpu time[sec] = 1.2847, elapsed time[sec] = 0
   WELL: W2
   Model::RRHO::RRHO:  starts
      Model::new_core:  starts
         Model::RigidRotor::RigidRotor:  starts
            molecular geometry will be used to estimate rotational constants
            rotational configuration: nonlinear
            rotational constants[1/cm]:         23.7897       0.601083        0.58627
         Model::RigidRotor::RigidRotor:  done, cpu time[sec] = 0.011062, elapsed time[sec] = 0
      Model::new_core:  done, cpu time[sec] = 0.031015, elapsed time[sec] = 0
      ground state energy, kcal/mol:   0.15
      interpolating states number/density starts
         core state contribution ... done, cpu time[sec] = 0.109394, elapsed time[sec] = 0
         electronic states contribution ... done, cpu time[sec] = 0.013037, elapsed time[sec] = 0
         vibrational modes contribution ... done, cpu time[sec] = 0.027708, elapsed time[sec] = 0
         effective power exponent at 399.849 kcal/mol = 6.36045
      interpolating states number/density done, cpu time[sec] = 1.14401, elapsed time[sec] = 1
   Model::RRHO::RRHO:  done, cpu time[sec] = 1.20879, elapsed time[sec] = 1
   WELL: W3
   Model::RRHO::RRHO:  starts
      Model::new_core:  starts
         Model::RigidRotor::RigidRotor:  starts
            molecular geometry will be used to estimate rotational constants
            rotational configuration: nonlinear
            rotational constants[1/cm]:         1.78953        1.33461       0.764474
         Model::RigidRotor::RigidRotor:  done, cpu time[sec] = 0.010977, elapsed time[sec] = 0
      Model::new_core:  done, cpu time[sec] = 0.031314, elapsed time[sec] = 0
      ground state energy, kcal/mol:   0.21
      interpolating states number/density starts
         core state contribution ... done, cpu time[sec] = 0.109677, elapsed time[sec] = 0
         electronic states contribution ... done, cpu time[sec] = 0.012644, elapsed time[sec] = 0
         vibrational modes contribution ... done, cpu time[sec] = 0.028175, elapsed time[sec] = 0
         effective power exponent at 399.789 kcal/mol = 6.35813
      interpolating states number/density done, cpu time[sec] = 0.952748, elapsed time[sec] = 0
   Model::RRHO::RRHO:  done, cpu time[sec] = 1.00593, elapsed time[sec] = 0
   WELL: W4
   Model::RRHO::RRHO:  starts
      Model::new_core:  starts
         Model::RigidRotor::RigidRotor:  starts
            molecular geometry will be used to estimate rotational constants
            rotational configuration: nonlinear
            rotational constants[1/cm]:         9.52595        1.29538        1.14032
         Model::RigidRotor::RigidRotor:  done, cpu time[sec] = 0.000123, elapsed time[sec] = 0
      Model::new_core:  done, cpu time[sec] = 0.000185, elapsed time[sec] = 0
      ground state energy, kcal/mol:   -86.72
      interpolating states number/density starts
         core state contribution ... done, cpu time[sec] = 0.009898, elapsed time[sec] = 0
         vibrational modes contribution ... done, cpu time[sec] = 0.001067, elapsed time[sec] = 0
         effective power exponent at 486.717 kcal/mol = 6.27499
      interpolating states number/density done, cpu time[sec] = 0.031294, elapsed time[sec] = 0
   Model::RRHO::RRHO:  done, cpu time[sec] = 0.031692, elapsed time[sec] = 0
   WELL: W5t
   Model::RRHO::RRHO:  starts
      Model::new_core:  starts
         Model::RigidRotor::RigidRotor:  starts
            molecular geometry will be used to estimate rotational constants
            rotational configuration: nonlinear
            rotational constants[1/cm]:         9.65604        1.21662        1.08048
         Model::RigidRotor::RigidRotor:  done, cpu time[sec] = 1.6e-05, elapsed time[sec] = 0
      Model::new_core:  done, cpu time[sec] = 2.2e-05, elapsed time[sec] = 0
      ground state energy, kcal/mol:   -34.55
      interpolating states number/density starts
         core state contribution ... done, cpu time[sec] = 0.001045, elapsed time[sec] = 0
         vibrational modes contribution ... done, cpu time[sec] = 0.000193, elapsed time[sec] = 0
         effective power exponent at 434.55 kcal/mol = 6.24835
      interpolating states number/density done, cpu time[sec] = 0.012534, elapsed time[sec] = 0
   Model::RRHO::RRHO:  done, cpu time[sec] = 0.012596, elapsed time[sec] = 0
Model::init:  done, cpu time[sec] = 4.89198, elapsed time[sec] = 1
