Model::init:  starts
   Model::ExponentialKernel::ExponentialKernel:  ... done
   Model::LennardJonesCollision::LennardJonesCollision:  ... done
   WELL: W0
   Model::RRHO::RRHO:  starts
      Model::new_core:  starts
         Model::RigidRotor::RigidRotor:  starts
            molecular geometry will be used to estimate rotational constants
            rotational configuration: nonlinear
            rotational constants[1/cm]:         23.7897       0.601083        0.58627
         Model::RigidRotor::RigidRotor:  done, cpu time[sec] = 0.003072, elapsed time[sec] = 0
      Model::new_core:  done, cpu time[sec] = 0.003818, elapsed time[sec] = 0
      ground state energy, kcal/mol:   0.15
      interpolating states number/density starts
         core state contribution ... done, cpu time[sec] = 0.137502, elapsed time[sec] = 0
         electronic states contribution ... done, cpu time[sec] = 0.002607, elapsed time[sec] = 0
         vibrational modes contribution ... done, cpu time[sec] = 0.016244, elapsed time[sec] = 0
         effective power exponent at 399.849 kcal/mol = 6.36045
      interpolating states number/density done, cpu time[sec] = 1.20666, elapsed time[sec] = 0
   Model::RRHO::RRHO:  done, cpu time[sec] = 1.21391, elapsed time[sec] = 0
   WELL: W1
   Model::RRHO::RRHO:  starts
      Model::new_core:  starts
         Model::RigidRotor::RigidRotor:  starts
            molecular geometry will be used to estimate rotational constants
            rotational configuration: nonlinear
            rotational constants[1/cm]:         2.27757        1.07738         0.7314
         Model::RigidRotor::RigidRotor:  done, cpu time[sec] = 0.001211, elapsed time[sec] = 0
      Model::new_core:  done, cpu time[sec] = 0.001811, elapsed time[sec] = 0
      ground state energy, kcal/mol:   0.19
      interpolating states number/density starts
         core state contribution ... done, cpu time[sec] = 0.102801, elapsed time[sec] = 0
         electronic states contribution ... done, cpu time[sec] = 0.002671, elapsed time[sec] = 0
         vibrational modes contribution ... done, cpu time[sec] = 0.01658, elapsed time[sec] = 0
         effective power exponent at 399.809 kcal/mol = 6.35945
      interpolating states number/density done, cpu time[sec] = 1.06111, elapsed time[sec] = 0
   Model::RRHO::RRHO:  done, cpu time[sec] = 1.06605, elapsed time[sec] = 0
   WELL: W2
   Model::RRHO::RRHO:  starts
      Model::new_core:  starts
         Model::RigidRotor::RigidRotor:  starts
            molecular geometry will be used to estimate rotational constants
            rotational configuration: nonlinear
            rotational constants[1/cm]:         23.7897       0.601083        0.58627
         Model::RigidRotor::RigidRotor:  done, cpu time[sec] = 0.001042, elapsed time[sec] = 0
      Model::new_core:  done, cpu time[sec] = 0.001643, elapsed time[sec] = 0
      ground state energy, kcal/mol:   0.15
      interpolating states number/density starts
         core state contribution ... done, cpu time[sec] = 0.090612, elapsed time[sec] = 0
         electronic states contribution ... done, cpu time[sec] = 0.002749, elapsed time[sec] = 0
         vibrational modes contribution ... done, cpu time[sec] = 0.016482, elapsed time[sec] = 0
         effective power exponent at 399.849 kcal/mol = 6.36045
      interpolating states number/density done, cpu time[sec] = 0.989541, elapsed time[sec] = 0
   Model::RRHO::RRHO:  done, cpu time[sec] = 0.994005, elapsed time[sec] = 0
   WELL: W3
   Model::RRHO::RRHO:  starts
      Model::new_core:  starts
         Model::RigidRotor::RigidRotor:  starts
            molecular geometry will be used to estimate rotational constants
            rotational configuration: nonlinear
            rotational constants[1/cm]:         1.78953        1.33461       0.764474
         Model::RigidRotor::RigidRotor:  done, cpu time[sec] = 0.001013, elapsed time[sec] = 0
      Model::new_core:  done, cpu time[sec] = 0.001604, elapsed time[sec] = 0
      ground state energy, kcal/mol:   0.21
      interpolating states number/density starts
         core state contribution ... done, cpu time[sec] = 0.092356, elapsed time[sec] = 0
         electronic states contribution ... done, cpu time[sec] = 0.002994, elapsed time[sec] = 0
         vibrational modes contribution ... done, cpu time[sec] = 0.017617, elapsed time[sec] = 0
         effective power exponent at 399.789 kcal/mol = 6.35813
      interpolating states number/density done, cpu time[sec] = 0.997357, elapsed time[sec] = 0
   Model::RRHO::RRHO:  done, cpu time[sec] = 1.00186, elapsed time[sec] = 0
   WELL: W4
   Model::RRHO::RRHO:  starts
      Model::new_core:  starts
         Model::RigidRotor::RigidRotor:  starts
            molecular geometry will be used to estimate rotational constants
            rotational configuration: nonlinear
            rotational constants[1/cm]:         9.52595        1.29538        1.14032
         Model::RigidRotor::RigidRotor:  done, cpu time[sec] = 0.001001, elapsed time[sec] = 0
      Model::new_core:  done, cpu time[sec] = 0.001596, elapsed time[sec] = 0
      ground state energy, kcal/mol:   -86.72
      interpolating states number/density starts
         core state contribution ... done, cpu time[sec] = 0.121655, elapsed time[sec] = 0
         vibrational modes contribution ... done, cpu time[sec] = 0.020485, elapsed time[sec] = 0
         effective power exponent at 486.717 kcal/mol = 6.27499
      interpolating states number/density done, cpu time[sec] = 0.266491, elapsed time[sec] = 0
   Model::RRHO::RRHO:  done, cpu time[sec] = 0.269915, elapsed time[sec] = 0
   WELL: W5t
   Model::RRHO::RRHO:  starts
      Model::new_core:  starts
         Model::RigidRotor::RigidRotor:  starts
            molecular geometry will be used to estimate rotational constants
            rotational configuration: nonlinear
            rotational constants[1/cm]:         9.65604        1.21662        1.08048
         Model::RigidRotor::RigidRotor:  done, cpu time[sec] = 1.7e-05, elapsed time[sec] = 0
      Model::new_core:  done, cpu time[sec] = 2.4e-05, elapsed time[sec] = 0
      ground state energy, kcal/mol:   -34.55
      interpolating states number/density starts
         core state contribution ... done, cpu time[sec] = 0.001042, elapsed time[sec] = 0
         vibrational modes contribution ... done, cpu time[sec] = 0.000197, elapsed time[sec] = 0
         effective power exponent at 434.55 kcal/mol = 6.24835
      interpolating states number/density done, cpu time[sec] = 0.012954, elapsed time[sec] = 0
   Model::RRHO::RRHO:  done, cpu time[sec] = 0.013031, elapsed time[sec] = 0
Model::init:  done, cpu time[sec] = 4.57772, elapsed time[sec] = 0
