Model::init:  starts
   Model::ExponentialKernel::ExponentialKernel:  ... done
   Model::LennardJonesCollision::LennardJonesCollision:  ... done
   WELL: W0
   Model::RRHO::RRHO:  starts
      Model::new_core:  starts
         Model::RigidRotor::RigidRotor:  starts
            molecular geometry will be used to estimate rotational constants
            rotational configuration: nonlinear
            rotational constants[1/cm]:         23.7897       0.601083        0.58627
         Model::RigidRotor::RigidRotor:  done, cpu time[sec] = 0.002974, elapsed time[sec] = 0
      Model::new_core:  done, cpu time[sec] = 0.003695, elapsed time[sec] = 0
      ground state energy, kcal/mol:   0.15
      interpolating states number/density starts
         core state contribution ... done, cpu time[sec] = 0.113554, elapsed time[sec] = 0
         electronic states contribution ... done, cpu time[sec] = 0.002603, elapsed time[sec] = 0
         vibrational modes contribution ... done, cpu time[sec] = 0.015882, elapsed time[sec] = 0
         effective power exponent at 399.849 kcal/mol = 6.36045
      interpolating states number/density done, cpu time[sec] = 1.16837, elapsed time[sec] = 0
   Model::RRHO::RRHO:  done, cpu time[sec] = 1.17548, elapsed time[sec] = 0
   WELL: W1
   Model::RRHO::RRHO:  starts
      Model::new_core:  starts
         Model::RigidRotor::RigidRotor:  starts
            molecular geometry will be used to estimate rotational constants
            rotational configuration: nonlinear
            rotational constants[1/cm]:         2.27757        1.07738         0.7314
         Model::RigidRotor::RigidRotor:  done, cpu time[sec] = 0.001281, elapsed time[sec] = 0
      Model::new_core:  done, cpu time[sec] = 0.001865, elapsed time[sec] = 0
      ground state energy, kcal/mol:   0.19
      interpolating states number/density starts
         core state contribution ... done, cpu time[sec] = 0.105115, elapsed time[sec] = 0
         electronic states contribution ... done, cpu time[sec] = 0.002725, elapsed time[sec] = 0
         vibrational modes contribution ... done, cpu time[sec] = 0.016611, elapsed time[sec] = 0
         effective power exponent at 399.809 kcal/mol = 6.35945
      interpolating states number/density done, cpu time[sec] = 1.06145, elapsed time[sec] = 0
   Model::RRHO::RRHO:  done, cpu time[sec] = 1.06639, elapsed time[sec] = 0
   WELL: W2
   Model::RRHO::RRHO:  starts
      Model::new_core:  starts
         Model::RigidRotor::RigidRotor:  starts
            molecular geometry will be used to estimate rotational constants
            rotational configuration: nonlinear
            rotational constants[1/cm]:         23.7897       0.601083        0.58627
         Model::RigidRotor::RigidRotor:  done, cpu time[sec] = 0.001058, elapsed time[sec] = 0
      Model::new_core:  done, cpu time[sec] = 0.001658, elapsed time[sec] = 0
      ground state energy, kcal/mol:   0.15
      interpolating states number/density starts
         core state contribution ... done, cpu time[sec] = 0.090867, elapsed time[sec] = 0
         electronic states contribution ... done, cpu time[sec] = 0.002671, elapsed time[sec] = 0
         vibrational modes contribution ... done, cpu time[sec] = 0.017624, elapsed time[sec] = 0
         effective power exponent at 399.849 kcal/mol = 6.36045
      interpolating states number/density done, cpu time[sec] = 0.987834, elapsed time[sec] = 0
   Model::RRHO::RRHO:  done, cpu time[sec] = 0.992299, elapsed time[sec] = 0
   WELL: W3
   Model::RRHO::RRHO:  starts
      Model::new_core:  starts
         Model::RigidRotor::RigidRotor:  starts
            molecular geometry will be used to estimate rotational constants
            rotational configuration: nonlinear
            rotational constants[1/cm]:         1.78953        1.33461       0.764474
         Model::RigidRotor::RigidRotor:  done, cpu time[sec] = 0.000966, elapsed time[sec] = 0
      Model::new_core:  done, cpu time[sec] = 0.001572, elapsed time[sec] = 0
      ground state energy, kcal/mol:   0.21
      interpolating states number/density starts
         core state contribution ... done, cpu time[sec] = 0.092454, elapsed time[sec] = 0
         electronic states contribution ... done, cpu time[sec] = 0.002734, elapsed time[sec] = 0
         vibrational modes contribution ... done, cpu time[sec] = 0.018467, elapsed time[sec] = 0
         effective power exponent at 399.789 kcal/mol = 6.35813
      interpolating states number/density done, cpu time[sec] = 0.997553, elapsed time[sec] = 0
   Model::RRHO::RRHO:  done, cpu time[sec] = 1.00196, elapsed time[sec] = 0
   WELL: W4
   Model::RRHO::RRHO:  starts
      Model::new_core:  starts
         Model::RigidRotor::RigidRotor:  starts
            molecular geometry will be used to estimate rotational constants
            rotational configuration: nonlinear
            rotational constants[1/cm]:         9.52595        1.29538        1.14032
         Model::RigidRotor::RigidRotor:  done, cpu time[sec] = 0.001029, elapsed time[sec] = 0
      Model::new_core:  done, cpu time[sec] = 0.001607, elapsed time[sec] = 0
      ground state energy, kcal/mol:   -86.72
      interpolating states number/density starts
         core state contribution ... done, cpu time[sec] = 0.119956, elapsed time[sec] = 0
         vibrational modes contribution ... done, cpu time[sec] = 0.01814, elapsed time[sec] = 0
         effective power exponent at 486.717 kcal/mol = 6.27499
      interpolating states number/density done, cpu time[sec] = 0.258258, elapsed time[sec] = 0
   Model::RRHO::RRHO:  done, cpu time[sec] = 0.261648, elapsed time[sec] = 0
   WELL: W5t
   Model::RRHO::RRHO:  starts
      Model::new_core:  starts
         Model::RigidRotor::RigidRotor:  starts
            molecular geometry will be used to estimate rotational constants
            rotational configuration: nonlinear
            rotational constants[1/cm]:         9.65604        1.21662        1.08048
         Model::RigidRotor::RigidRotor:  done, cpu time[sec] = 1.7e-05, elapsed time[sec] = 0
      Model::new_core:  done, cpu time[sec] = 2.3e-05, elapsed time[sec] = 0
      ground state energy, kcal/mol:   -34.55
      interpolating states number/density starts
         core state contribution ... done, cpu time[sec] = 0.001044, elapsed time[sec] = 0
         vibrational modes contribution ... done, cpu time[sec] = 0.000193, elapsed time[sec] = 0
         effective power exponent at 434.55 kcal/mol = 6.24835
      interpolating states number/density done, cpu time[sec] = 0.012582, elapsed time[sec] = 0
   Model::RRHO::RRHO:  done, cpu time[sec] = 0.012644, elapsed time[sec] = 0
Model::init:  done, cpu time[sec] = 4.52893, elapsed time[sec] = 0
