Model::init:  starts
   Model::ExponentialKernel::ExponentialKernel:  ... done
   Model::LennardJonesCollision::LennardJonesCollision:  ... done
   WELL: W1
   Model::RRHO::RRHO:  starts
      Model::RigidRotor::RigidRotor:  starts
         molecular geometry will be used to estimate rotational constants
         rotational configuration: nonlinear
         rotational constants[1/cm]:          6.5403        1.00127       0.868335
      Model::RigidRotor::RigidRotor:  done, cpu time[sec] = 0, elapsed time[sec] = 0
      interpolating states number/density starts
         core state contribution ... done, cpu time[sec] = 0.02, elapsed time[sec] = 0
         electronic states contribution ... done, cpu time[sec] = 0, elapsed time[sec] = 0
         vibrational modes contribution ... done, cpu time[sec] = 0.02, elapsed time[sec] = 0
         effective power exponent at 401.999 kcal/mol = 8.0284
      interpolating states number/density done, cpu time[sec] = 0.07, elapsed time[sec] = 0
   Model::RRHO::RRHO:  done, cpu time[sec] = 0.07, elapsed time[sec] = 0
   BIMOLECULAR: P1
   Model::Bimolecular::Bimolecular:  starts
      Model::RRHO::RRHO:  starts
         Model::RigidRotor::RigidRotor:  starts
            molecular geometry will be used to estimate rotational constants
            rotational configuration: nonlinear
            rotational constants[1/cm]:         9.52611        1.29541        1.14034
         Model::RigidRotor::RigidRotor:  done, cpu time[sec] = 0, elapsed time[sec] = 0
      Model::RRHO::RRHO:  done, cpu time[sec] = 0, elapsed time[sec] = 0
      Model::AtomicFragment::AtomicFragment:  ... done
   Model::Bimolecular::Bimolecular:  done, cpu time[sec] = 0, elapsed time[sec] = 0
   BIMOLECULAR: P2
   Model::Bimolecular::Bimolecular:  starts
      Model::RRHO::RRHO:  starts
         Model::RigidRotor::RigidRotor:  starts
            molecular geometry will be used to estimate rotational constants
            rotational configuration: nonlinear
            rotational constants[1/cm]:         24.1558        1.48995        1.40339
         Model::RigidRotor::RigidRotor:  done, cpu time[sec] = 0, elapsed time[sec] = 0
      Model::RRHO::RRHO:  done, cpu time[sec] = 0, elapsed time[sec] = 0
      Model::RRHO::RRHO:  starts
         Model::RigidRotor::RigidRotor:  starts
            molecular geometry will be used to estimate rotational constants
            rotational configuration: linear
            rotational constant[1/cm]:         60.7817
         Model::RigidRotor::RigidRotor:  done, cpu time[sec] = 0, elapsed time[sec] = 0
      Model::RRHO::RRHO:  done, cpu time[sec] = 0, elapsed time[sec] = 0
   Model::Bimolecular::Bimolecular:  done, cpu time[sec] = 0, elapsed time[sec] = 0
   BARRIER: B1
   Model::RRHO::RRHO:  starts
      Model::PhaseSpaceTheory::PhaseSpaceTheory:  starts
         molecular geometry will be used to estimate rotational constants
         rotational configuration: nonlinear
         rotational constants[1/cm]:         9.52611        1.29541        1.14034
      Model::PhaseSpaceTheory::PhaseSpaceTheory:  done, cpu time[sec] = 0, elapsed time[sec] = 0
      interpolating states number/density starts
         core state contribution ... done, cpu time[sec] = 0.03, elapsed time[sec] = 0
         electronic states contribution ... done, cpu time[sec] = 0, elapsed time[sec] = 0
         vibrational modes contribution ... done, cpu time[sec] = 0, elapsed time[sec] = 0
         effective power exponent at 399.998 kcal/mol = 7.82765
      interpolating states number/density done, cpu time[sec] = 0.06, elapsed time[sec] = 0
   Model::RRHO::RRHO:  done, cpu time[sec] = 0.06, elapsed time[sec] = 0
   BARRIER: B2
   Model::RRHO::RRHO:  starts
      Model::RigidRotor::RigidRotor:  starts
         molecular geometry will be used to estimate rotational constants
         rotational configuration: nonlinear
         rotational constants[1/cm]:         3.62552       0.972692       0.766931
      Model::RigidRotor::RigidRotor:  done, cpu time[sec] = 0, elapsed time[sec] = 0
      Model::EckartTunnel::EckartTunnel:  ... done
      interpolating states number/density starts
         core state contribution ... done, cpu time[sec] = 0, elapsed time[sec] = 0
         electronic states contribution ... done, cpu time[sec] = 0, elapsed time[sec] = 0
         vibrational modes contribution ... done, cpu time[sec] = 0.01, elapsed time[sec] = 0
         tunneling contribution ... done, cpu time[sec] = 3.64, elapsed time[sec] = 0
         effective power exponent at 399.998 kcal/mol = 9.26588
      interpolating states number/density done, cpu time[sec] = 4.02, elapsed time[sec] = 0
   Model::RRHO::RRHO:  done, cpu time[sec] = 4.02, elapsed time[sec] = 0
   checking input ... done
   setting connectivity ... done
   checking connectivity ... done
   setting dissociation limit ... done
   setting maximum barrier height ... done
   partition functions (relative to the ground level, units - 1/cm3):
     T\Q           W1         CH2O            H          CHO           H2           B1           B2
     100  2.79702e+28   4.2294e+27  3.75851e+23  8.48356e+27  3.07479e+23  5.95637e+32  7.23095e+35
     200  2.26959e+29  3.38459e+28  1.06307e+24  6.78903e+28  1.73936e+24   7.5665e+33  7.83622e+31
     300  8.09672e+29  1.14925e+29  1.95298e+24  2.30159e+29  4.79312e+24  3.36666e+34  1.82568e+31
     400  2.12275e+30  2.78903e+29  3.00681e+24  5.53477e+29  9.83932e+24   9.8976e+34    1.975e+31
     500  4.76444e+30  5.71283e+29  4.20214e+24  1.10985e+30  1.71886e+25  2.35252e+35  3.21138e+31
     600  9.73265e+30  1.06014e+30  5.52386e+24   1.9912e+30  2.71147e+25  4.92984e+35  5.87337e+31
     700  1.86285e+31   1.8449e+30  6.96086e+24  3.31449e+30  3.98668e+25  9.50766e+35  1.10549e+32
     800  3.39459e+31  3.06724e+30  8.50454e+24  5.22666e+30  5.56798e+25  1.72787e+36  2.07195e+32
     900  5.94775e+31  4.92517e+30   1.0148e+25  7.90965e+30  7.47829e+25  3.00114e+36  3.82031e+32
    1000  1.00875e+32   7.6907e+30  1.18855e+25  1.15856e+31   9.7406e+25   5.0273e+36  6.89609e+32
    1100  1.66411e+32  1.17321e+31  1.37121e+25  1.65222e+31  1.23785e+26  8.17219e+36  1.21674e+33
    1200  2.67991e+32  1.75409e+31  1.56238e+25  2.30389e+31  1.54166e+26  1.29482e+37  2.09882e+33
    1300  4.22495e+32  2.57657e+31   1.7617e+25  3.15127e+31  1.88803e+26   2.0062e+37   3.5419e+33
    1400  6.53527e+32  3.72517e+31  1.96883e+25  4.23848e+31  2.27964e+26  3.04744e+37  5.85399e+33
    1500  9.93664e+32  5.30893e+31   2.1835e+25  5.61676e+31  2.71928e+26  4.54748e+37  9.48661e+33
    1600  1.48734e+33  7.46712e+31  2.40545e+25  7.34521e+31  3.20981e+26  6.67732e+37  1.50919e+34
    1700  2.19449e+33   1.0376e+32  2.63445e+25  9.49152e+31  3.75425e+26  9.66121e+37  2.35956e+34
    1800   3.1951e+33  1.42567e+32  2.87028e+25  1.21328e+32  4.35566e+26  1.37902e+38  3.62972e+34
    1900  4.59495e+33  1.93847e+32  3.11276e+25  1.53564e+32  5.01721e+26  1.94386e+38  5.49886e+34
    2000  6.53259e+33  2.61002e+32  3.36171e+25  1.92607e+32  5.74216e+26  2.70832e+38  8.21255e+34
   partition functions (relative to 0 kcal/mol, units - 1/cm3):
     T\Q           W1           B1           B2
     100    6.571e+32  5.95637e+32  4.01823e+24
     200  3.47869e+31   7.5665e+33  1.84725e+26
     300  2.31893e+31  3.36666e+34  3.23373e+27
     400  2.62804e+31   9.8976e+34  3.03233e+28
     500  3.56615e+31  2.35252e+35  1.80161e+29
     600  5.20859e+31  4.92984e+35  7.81677e+29
     700  7.84509e+31  9.50766e+35  2.72693e+30
     800  1.19441e+32  1.72787e+36  8.11867e+30
     900  1.81975e+32  3.00114e+36  2.14548e+31
    1000  2.75981e+32   5.0273e+36   5.1652e+31
    1100  4.15471e+32  8.17219e+36  1.15346e+32
    1200  6.19961e+32  1.29482e+37  2.42128e+32
    1300  9.16321e+32   2.0062e+37  4.82453e+32
    1400  1.34114e+33  3.04744e+37  9.19416e+32
    1500  1.94373e+33  4.54748e+37  1.68565e+33
    1600  2.78993e+33  6.67732e+37  2.98743e+33
    1700  3.96686e+33  9.66121e+37  5.13763e+33
    1800  5.58875e+33  1.37902e+38  8.60174e+33
    1900  7.80424e+33  1.94386e+38  1.40571e+34
    2000  1.08052e+34  2.70832e+38   2.2476e+34
   tunneling partition function correction factors & high pressure effective energy shifts (D), kcal/mol:
     T\B           B1            D           B2            D
     100            1           -0  1.75955e+07     -3.31526
     200            1           -0      204.774     -2.11513
     300            1           -0       11.016     -1.43039
     400            1           -0      3.77498     -1.05591
     500            1           -0      2.31113    -0.832372
     600            1           -0      1.77583    -0.684707
     700            1           -0      1.51785    -0.580468
     800            1           -0      1.37157    -0.502296
     900            1           -0      1.28016    -0.441728
    1000            1           -0       1.2189     -0.39337
    1100            1           -0      1.17557    -0.353585
    1200            1           -0      1.14383    -0.320454
    1300            1           -0      1.11982    -0.292361
    1400            1           -0      1.10123    -0.268275
    1500            1           -0       1.0865      -0.2473
    1600            1           -0      1.07467    -0.228964
    1700            1           -0      1.06497    -0.212662
    1800            1           -0        1.057    -0.198288
    1900            1           -0      1.05028    -0.185227
    2000            1           -0      1.04464    -0.173573
Model::init:  done, cpu time[sec] = 4.42, elapsed time[sec] = 0
MasterEquation::set_ped_pair:  starts
   ped pairs:
         P1 -> P2
MasterEquation::set_ped_pair:  done
rate calculation starts
   MasterEquation::set:  starts
      Temperature      = 800 K
      Collision rate   = 4.44608e-10cm^3/sec
      Energy reference = 24043 1/cm
      Energy step      = 56 1/cm
      setting wells, barriers, and bimolecular starts
         W1 Well: density of states done, elapsed time[sec] = 0.02
         W1 Well: collisional energy transfer kernel done, elapsed time[sec] = 0.08
         W1 Well: relaxation modes basis done, elapsed time[sec] = 0.13
         W1 Well: kernel in relaxation modes basis done, elapsed time[sec] = 1.45
         W1 Well: relaxation eigenvalues done, elapsed time[sec] = 0.48
         W1 Well: minimal relaxation eigenvalue = 0.0170701
         W1 Well: maximal relaxation eigenvalue = 1.04031
         W1 Well:       grid size = 442
         W1 Well:      real depth = -699 1/cm
         W1 Well: effective depth = -709 1/cm
         B1 Barrier:        grid size = 430
         B1 Barrier:      real height = 0 1/cm
         B1 Barrier: effective height = -37 1/cm
         B2 Barrier:        grid size = 430
         B2 Barrier:      real height = 0 1/cm
         B2 Barrier: effective height = -37 1/cm
      setting wells, barriers, and bimolecular done, cpu time[sec] = 2.18, elapsed time[sec] = 0
      Bound Species (D1/D2 - density of states at dissociation energy (DE)/reference energy):
       Name  Depth     DE      *D1      *D2
              1/cm   1/cm       cm       cm
         W1   -709    -37     56.6 4.25e+07
      Well-to-Bimolecular Barriers (N - number of states at the reference energy):
       Name Height       *N
              1/cm         
         B1    -37 2.94e+15
         B2    -37 1.54e+12
      Effective equilibrium constants(bimolecular units - cm^3):
        Q/Q        W1        P1        P2
         W1         1  1.79e-20  4.66e-26
         P1  5.58e+19         1   2.6e-06
         P2  2.15e+25  3.85e+05         1
      Real equilibrium constants(bimolecular units - cm^3):
        Q/Q        W1        P1        P2
         W1         1  4.58e-24  1.19e-29
         P1  2.18e+23         1   2.6e-06
         P2   8.4e+28  3.85e+05         1
   MasterEquation::set:  done, cpu time[sec] = 2.18, elapsed time[sec] = 0
   MasterEquation::direct_diagonalization_method:  starts
      Pressure = 10 bar	 Temperature = 800 K
      collision frequency = 4.02501e+10 1/sec
      global relaxation matrix dimension = 442
      setting global matrices ... done, cpu time[sec] = 0.17, elapsed time[sec] = 0
      diagonalizing global relaxation matrix ... done, cpu time[sec] = 1.38, elapsed time[sec] = 1
      minimal relaxation eigenvalue / collision frequency = 0.604554
      maximal relaxation eigenvalue / collision frequency = 5.16e+07
      microscopic rate coefficients (at reference energy) over collision frequency:
             W1->P1       W1->P2
        5.15731e+07      26934.4
      eigenvector populations normalized:
          L        *R        *P        W1
          0      0.24     0.791         1
         *R - eigenvalue over the relaxation limit
         *P - eigenvector projection squared on the relaxation subspace
      eigenvector projections:
          L        *Q        *P        W1
          0     0.145     0.791     0.457
         *Z       ---       ---  6.19e+13
         *Q - eigenvalue over the collision frequency
         *P - eigenvector projection squared on the relaxation subspace
         *Z - well partition function square root
      dimension of the chemical subspace = 0
      isomers-to-bimolecular equilibrium coefficients (kappa matrix):
        W\P       P1       P2
         W1        1        0
   MasterEquation::direct_diagonalization_method:  done, cpu time[sec] = 1.8, elapsed time[sec] = 1
rate calculation done, cpu time[sec] = 3.9, elapsed time[sec] = 1
