Wells (G - ground energy, D - dissociation limit, kcal/mol):
      Name        G        D
        W1     -2.0      0.0

Bimolecular Products (G - ground energy, kcal/mol):
      Name        G
        P1      0.0
        P2    -16.6

Well-to-Bimolecular Barriers (H/G - barrier height/well depth, kcal/mol)
      Name        H     Well        G  Product
        B1      0.0       W1     -2.0       P1
        B2      6.4       W1     -2.0       P2

________________________________________________________________________________________

Unimolecular Rate Units: 1/sec;  Bimolecular Rate Units: cm^3/sec

______________________________________________________________________________________

Species-Species Rate Tables:

Temperature = 300 K

High Pressure Rate Coefficients:

From\To            W1           P1           P2
W1                ***  9.07557e+15  1.47394e+08
P1        9.35724e-07          ***          ***
P2        2.45987e-27          ***          ***

Temperature = 300 K    Pressure = 1 bar

From\To            W1           P1           P2
W1         8.3783e+08   8.3783e+08      1.03012
P1        7.32534e-14  8.84468e-14  1.51934e-14
P2        1.45788e-35  2.45932e-27  2.45932e-27

Temperature = 400 K

High Pressure Rate Coefficients:

From\To            W1           P1           P2
W1                ***  3.13906e+16  2.26782e+09
P1        9.77565e-07          ***          ***
P2         9.2049e-24          ***          ***

Temperature = 400 K    Pressure = 1 bar

From\To            W1           P1           P2
W1        1.31539e+09  1.31539e+09      5.67535
P1        2.82063e-14  9.88082e-14  7.06019e-14
P2        1.58617e-32  9.20199e-24  9.20199e-24

Temperature = 500 K

High Pressure Rate Coefficients:

From\To            W1           P1           P2
W1                ***  6.87301e+16  1.59525e+10
P1        1.00794e-06          ***          ***
P2        1.63831e-21          ***          ***

Temperature = 500 K    Pressure = 1 bar

From\To            W1           P1           P2
W1        1.72717e+09  1.72717e+09       24.118
P1        1.33503e-14  2.47253e-13  2.33903e-13
P2         1.3055e-30    1.638e-21    1.638e-21

Temperature = 600 K

High Pressure Rate Coefficients:

From\To            W1           P1           P2
W1                ***  1.18333e+17  6.83352e+10
P1        1.03037e-06          ***          ***
P2        5.87409e-20          ***          ***

Temperature = 600 K    Pressure = 1 bar

From\To            W1           P1           P2
W1                ***          ***          ***
P1                ***  5.94967e-13  5.94967e-13
P2                ***  5.87359e-20  5.87359e-20

Temperature = 700 K

High Pressure Rate Coefficients:

From\To            W1           P1           P2
W1                ***  1.76773e+17  2.11719e+11
P1        1.04701e-06          ***          ***
P2        8.19458e-19          ***          ***

Temperature = 700 K    Pressure = 1 bar

From\To            W1           P1           P2
W1                ***          ***          ***
P1                ***  1.25381e-12  1.25381e-12
P2                ***  8.19338e-19  8.19338e-19

Temperature = 850 K

High Pressure Rate Coefficients:

From\To            W1           P1           P2
W1                ***   2.7486e+17  7.78285e+11
P1        1.06427e-06          ***          ***
P2        1.47036e-17          ***          ***

Temperature = 850 K    Pressure = 1 bar

From\To            W1           P1           P2
W1                ***          ***          ***
P1                ***  3.01315e-12  3.01315e-12
P2                ***  1.47017e-17  1.47017e-17

Temperature = 1000 K

High Pressure Rate Coefficients:

From\To            W1           P1           P2
W1                ***  3.79575e+17  2.10143e+12
P1         1.0753e-06          ***          ***
P2        1.20456e-16          ***          ***

Temperature = 1000 K    Pressure = 1 bar

From\To            W1           P1           P2
W1                ***          ***          ***
P1                ***  5.95212e-12  5.95212e-12
P2                ***  1.20436e-16  1.20436e-16

Temperature = 1125 K

High Pressure Rate Coefficients:

From\To            W1           P1           P2
W1                ***  4.68716e+17  4.10416e+12
P1        1.08143e-06          ***          ***
P2        4.74895e-16          ***          ***

Temperature = 1125 K    Pressure = 1 bar

From\To            W1           P1           P2
W1                ***          ***          ***
P1                ***  9.46752e-12  9.46752e-12
P2                ***  4.74812e-16  4.74812e-16

Temperature = 1250 K

High Pressure Rate Coefficients:

From\To            W1           P1           P2
W1                ***   5.5776e+17  7.22238e+12
P1        1.08576e-06          ***          ***
P2         1.4726e-15          ***          ***

Temperature = 1250 K    Pressure = 1 bar

From\To            W1           P1           P2
W1                ***          ***          ***
P1                ***  1.40567e-11  1.40567e-11
P2                ***  1.47231e-15  1.47231e-15

Temperature = 1375 K

High Pressure Rate Coefficients:

From\To            W1           P1           P2
W1                ***  6.45546e+17  1.17338e+13
P1        1.08892e-06          ***          ***
P2        3.82226e-15          ***          ***

Temperature = 1375 K    Pressure = 1 bar

From\To            W1           P1           P2
W1                ***          ***          ***
P1                ***  1.97886e-11  1.97886e-11
P2                ***  3.82145e-15  3.82145e-15

Temperature = 1500 K

High Pressure Rate Coefficients:

From\To            W1           P1           P2
W1                ***  7.31255e+17  1.79015e+13
P1        1.09132e-06          ***          ***
P2        8.66053e-15          ***          ***

Temperature = 1500 K    Pressure = 1 bar

From\To            W1           P1           P2
W1                ***          ***          ***
P1                ***  2.67099e-11  2.67099e-11
P2                ***  8.65848e-15  8.65848e-15

Temperature = 1625 K

High Pressure Rate Coefficients:

From\To            W1           P1           P2
W1                ***  8.14323e+17  2.59641e+13
P1        1.09325e-06          ***          ***
P2        1.76412e-14          ***          ***

Temperature = 1625 K    Pressure = 1 bar

From\To            W1           P1           P2
W1                ***          ***          ***
P1                ***  3.48488e-11  3.48488e-11
P2                ***  1.76368e-14  1.76368e-14

Temperature = 1750 K

High Pressure Rate Coefficients:

From\To            W1           P1           P2
W1                ***  8.94371e+17   3.6131e+13
P1         1.0949e-06          ***          ***
P2        3.30004e-14          ***          ***

Temperature = 1750 K    Pressure = 1 bar

From\To            W1           P1           P2
W1                ***          ***          ***
P1                ***  4.42201e-11  4.42201e-11
P2                ***  3.29913e-14  3.29913e-14

Temperature = 1875 K

High Pressure Rate Coefficients:

From\To            W1           P1           P2
W1                ***  9.71165e+17  4.85797e+13
P1         1.0964e-06          ***          ***
P2        5.75942e-14          ***          ***

Temperature = 1875 K    Pressure = 1 bar

From\To            W1           P1           P2
W1                ***          ***          ***
P1                ***  5.48254e-11  5.48254e-11
P2                ***  5.75746e-14  5.75746e-14

Temperature = 2000 K

High Pressure Rate Coefficients:

From\To            W1           P1           P2
W1                ***  1.04458e+18  6.34541e+13
P1        1.09781e-06          ***          ***
P2        9.49103e-14          ***          ***

Temperature = 2000 K    Pressure = 1 bar

From\To            W1           P1           P2
W1                ***          ***          ***
P1                ***  6.66642e-11  6.66642e-11
P2                ***  9.48763e-14  9.48763e-14

______________________________________________________________________________________

High Pressure Rate Coefficients (Temperature-Species Rate Tables):

   T, K       W1->W1       W1->P1       W1->P2
    300          ***  9.07557e+15  1.47394e+08
    400          ***  3.13906e+16  2.26782e+09
    500          ***  6.87301e+16  1.59525e+10
    600          ***  1.18333e+17  6.83352e+10
    700          ***  1.76773e+17  2.11719e+11
    850          ***   2.7486e+17  7.78285e+11
   1000          ***  3.79575e+17  2.10143e+12
   1125          ***  4.68716e+17  4.10416e+12
   1250          ***   5.5776e+17  7.22238e+12
   1375          ***  6.45546e+17  1.17338e+13
   1500          ***  7.31255e+17  1.79015e+13
   1625          ***  8.14323e+17  2.59641e+13
   1750          ***  8.94371e+17   3.6131e+13
   1875          ***  9.71165e+17  4.85797e+13
   2000          ***  1.04458e+18  6.34541e+13

   T, K       P1->W1       P1->P1       P1->P2
    300  9.35724e-07          ***          ***
    400  9.77565e-07          ***          ***
    500  1.00794e-06          ***          ***
    600  1.03037e-06          ***          ***
    700  1.04701e-06          ***          ***
    850  1.06427e-06          ***          ***
   1000   1.0753e-06          ***          ***
   1125  1.08143e-06          ***          ***
   1250  1.08576e-06          ***          ***
   1375  1.08892e-06          ***          ***
   1500  1.09132e-06          ***          ***
   1625  1.09325e-06          ***          ***
   1750   1.0949e-06          ***          ***
   1875   1.0964e-06          ***          ***
   2000  1.09781e-06          ***          ***

   T, K       P2->W1       P2->P1       P2->P2
    300  2.45987e-27          ***          ***
    400   9.2049e-24          ***          ***
    500  1.63831e-21          ***          ***
    600  5.87409e-20          ***          ***
    700  8.19458e-19          ***          ***
    850  1.47036e-17          ***          ***
   1000  1.20456e-16          ***          ***
   1125  4.74895e-16          ***          ***
   1250   1.4726e-15          ***          ***
   1375  3.82226e-15          ***          ***
   1500  8.66053e-15          ***          ***
   1625  1.76412e-14          ***          ***
   1750  3.30004e-14          ***          ***
   1875  5.75942e-14          ***          ***
   2000  9.49103e-14          ***          ***

Capture/Escape Rate Coefficients:

   T, K           W1           P1           P2
    300  9.07557e+15  9.35724e-07  2.45987e-27
    400  3.13906e+16  9.77565e-07   9.2049e-24
    500  6.87301e+16  1.00794e-06  1.63831e-21
    600  1.18333e+17  1.03037e-06  5.87409e-20
    700  1.76773e+17  1.04701e-06  8.19458e-19
    850  2.74861e+17  1.06427e-06  1.47036e-17
   1000  3.79577e+17   1.0753e-06  1.20456e-16
   1125   4.6872e+17  1.08143e-06  4.74895e-16
   1250  5.57767e+17  1.08576e-06   1.4726e-15
   1375  6.45557e+17  1.08892e-06  3.82226e-15
   1500  7.31273e+17  1.09132e-06  8.66053e-15
   1625  8.14349e+17  1.09325e-06  1.76412e-14
   1750  8.94407e+17   1.0949e-06  3.30004e-14
   1875  9.71213e+17   1.0964e-06  5.75942e-14
   2000  1.04464e+18  1.09781e-06  9.49103e-14

______________________________________________________________________________________

Pressure-Species Rate Tables:

   Temperature = 300 K

   P, bar       W1->P1       W1->P2         W1->
        1   8.3783e+08      1.03012   8.3783e+08
    O-O  9.07557e+15  1.47394e+08  9.07557e+15

   Temperature = 400 K

   P, bar       W1->P1       W1->P2         W1->
        1  1.31539e+09      5.67535  1.31539e+09
    O-O  3.13906e+16  2.26782e+09  3.13906e+16

   Temperature = 500 K

   P, bar       W1->P1       W1->P2         W1->
        1  1.72717e+09       24.118  1.72717e+09
    O-O  6.87301e+16  1.59525e+10  6.87301e+16

   Temperature = 600 K

   P, bar       W1->P1       W1->P2         W1->
        1          ***          ***          ***
    O-O  1.18333e+17  6.83352e+10  1.18333e+17

   Temperature = 700 K

   P, bar       W1->P1       W1->P2         W1->
        1          ***          ***          ***
    O-O  1.76773e+17  2.11719e+11  1.76773e+17

   Temperature = 850 K

   P, bar       W1->P1       W1->P2         W1->
        1          ***          ***          ***
    O-O   2.7486e+17  7.78285e+11  2.74861e+17

   Temperature = 1000 K

   P, bar       W1->P1       W1->P2         W1->
        1          ***          ***          ***
    O-O  3.79575e+17  2.10143e+12  3.79577e+17

   Temperature = 1125 K

   P, bar       W1->P1       W1->P2         W1->
        1          ***          ***          ***
    O-O  4.68716e+17  4.10416e+12   4.6872e+17

   Temperature = 1250 K

   P, bar       W1->P1       W1->P2         W1->
        1          ***          ***          ***
    O-O   5.5776e+17  7.22238e+12  5.57767e+17

   Temperature = 1375 K

   P, bar       W1->P1       W1->P2         W1->
        1          ***          ***          ***
    O-O  6.45546e+17  1.17338e+13  6.45557e+17

   Temperature = 1500 K

   P, bar       W1->P1       W1->P2         W1->
        1          ***          ***          ***
    O-O  7.31255e+17  1.79015e+13  7.31273e+17

   Temperature = 1625 K

   P, bar       W1->P1       W1->P2         W1->
        1          ***          ***          ***
    O-O  8.14323e+17  2.59641e+13  8.14349e+17

   Temperature = 1750 K

   P, bar       W1->P1       W1->P2         W1->
        1          ***          ***          ***
    O-O  8.94371e+17   3.6131e+13  8.94407e+17

   Temperature = 1875 K

   P, bar       W1->P1       W1->P2         W1->
        1          ***          ***          ***
    O-O  9.71165e+17  4.85797e+13  9.71213e+17

   Temperature = 2000 K

   P, bar       W1->P1       W1->P2         W1->
        1          ***          ***          ***
    O-O  1.04458e+18  6.34541e+13  1.04464e+18

   Temperature = 300 K

   P, bar       P1->W1       P1->P2         P1->
        1  7.32534e-14  1.51934e-14  8.84468e-14
    O-O  9.35724e-07          ***  9.35724e-07

   Temperature = 400 K

   P, bar       P1->W1       P1->P2         P1->
        1  2.82063e-14  7.06019e-14  9.88082e-14
    O-O  9.77565e-07          ***  9.77565e-07

   Temperature = 500 K

   P, bar       P1->W1       P1->P2         P1->
        1  1.33503e-14  2.33903e-13  2.47253e-13
    O-O  1.00794e-06          ***  1.00794e-06

   Temperature = 600 K

   P, bar       P1->W1       P1->P2         P1->
        1          ***  5.94967e-13  5.94967e-13
    O-O  1.03037e-06          ***  1.03037e-06

   Temperature = 700 K

   P, bar       P1->W1       P1->P2         P1->
        1          ***  1.25381e-12  1.25381e-12
    O-O  1.04701e-06          ***  1.04701e-06

   Temperature = 850 K

   P, bar       P1->W1       P1->P2         P1->
        1          ***  3.01315e-12  3.01315e-12
    O-O  1.06427e-06          ***  1.06427e-06

   Temperature = 1000 K

   P, bar       P1->W1       P1->P2         P1->
        1          ***  5.95212e-12  5.95212e-12
    O-O   1.0753e-06          ***   1.0753e-06

   Temperature = 1125 K

   P, bar       P1->W1       P1->P2         P1->
        1          ***  9.46752e-12  9.46752e-12
    O-O  1.08143e-06          ***  1.08143e-06

   Temperature = 1250 K

   P, bar       P1->W1       P1->P2         P1->
        1          ***  1.40567e-11  1.40567e-11
    O-O  1.08576e-06          ***  1.08576e-06

   Temperature = 1375 K

   P, bar       P1->W1       P1->P2         P1->
        1          ***  1.97886e-11  1.97886e-11
    O-O  1.08892e-06          ***  1.08892e-06

   Temperature = 1500 K

   P, bar       P1->W1       P1->P2         P1->
        1          ***  2.67099e-11  2.67099e-11
    O-O  1.09132e-06          ***  1.09132e-06

   Temperature = 1625 K

   P, bar       P1->W1       P1->P2         P1->
        1          ***  3.48488e-11  3.48488e-11
    O-O  1.09325e-06          ***  1.09325e-06

   Temperature = 1750 K

   P, bar       P1->W1       P1->P2         P1->
        1          ***  4.42201e-11  4.42201e-11
    O-O   1.0949e-06          ***   1.0949e-06

   Temperature = 1875 K

   P, bar       P1->W1       P1->P2         P1->
        1          ***  5.48254e-11  5.48254e-11
    O-O   1.0964e-06          ***   1.0964e-06

   Temperature = 2000 K

   P, bar       P1->W1       P1->P2         P1->
        1          ***  6.66642e-11  6.66642e-11
    O-O  1.09781e-06          ***  1.09781e-06

   Temperature = 300 K

   P, bar       P2->W1       P2->P1         P2->
        1  1.45788e-35  2.45932e-27  2.45932e-27
    O-O  2.45987e-27          ***  2.45987e-27

   Temperature = 400 K

   P, bar       P2->W1       P2->P1         P2->
        1  1.58617e-32  9.20199e-24  9.20199e-24
    O-O   9.2049e-24          ***   9.2049e-24

   Temperature = 500 K

   P, bar       P2->W1       P2->P1         P2->
        1   1.3055e-30    1.638e-21    1.638e-21
    O-O  1.63831e-21          ***  1.63831e-21

   Temperature = 600 K

   P, bar       P2->W1       P2->P1         P2->
        1          ***  5.87359e-20  5.87359e-20
    O-O  5.87409e-20          ***  5.87409e-20

   Temperature = 700 K

   P, bar       P2->W1       P2->P1         P2->
        1          ***  8.19338e-19  8.19338e-19
    O-O  8.19458e-19          ***  8.19458e-19

   Temperature = 850 K

   P, bar       P2->W1       P2->P1         P2->
        1          ***  1.47017e-17  1.47017e-17
    O-O  1.47036e-17          ***  1.47036e-17

   Temperature = 1000 K

   P, bar       P2->W1       P2->P1         P2->
        1          ***  1.20436e-16  1.20436e-16
    O-O  1.20456e-16          ***  1.20456e-16

   Temperature = 1125 K

   P, bar       P2->W1       P2->P1         P2->
        1          ***  4.74812e-16  4.74812e-16
    O-O  4.74895e-16          ***  4.74895e-16

   Temperature = 1250 K

   P, bar       P2->W1       P2->P1         P2->
        1          ***  1.47231e-15  1.47231e-15
    O-O   1.4726e-15          ***   1.4726e-15

   Temperature = 1375 K

   P, bar       P2->W1       P2->P1         P2->
        1          ***  3.82145e-15  3.82145e-15
    O-O  3.82226e-15          ***  3.82226e-15

   Temperature = 1500 K

   P, bar       P2->W1       P2->P1         P2->
        1          ***  8.65848e-15  8.65848e-15
    O-O  8.66053e-15          ***  8.66053e-15

   Temperature = 1625 K

   P, bar       P2->W1       P2->P1         P2->
        1          ***  1.76368e-14  1.76368e-14
    O-O  1.76412e-14          ***  1.76412e-14

   Temperature = 1750 K

   P, bar       P2->W1       P2->P1         P2->
        1          ***  3.29913e-14  3.29913e-14
    O-O  3.30004e-14          ***  3.30004e-14

   Temperature = 1875 K

   P, bar       P2->W1       P2->P1         P2->
        1          ***  5.75746e-14  5.75746e-14
    O-O  5.75942e-14          ***  5.75942e-14

   Temperature = 2000 K

   P, bar       P2->W1       P2->P1         P2->
        1          ***  9.48763e-14  9.48763e-14
    O-O  9.49103e-14          ***  9.49103e-14

______________________________________________________________________________________

Temperature-Species Rate Tables:

   Pressure = 1 bar

   T, K       W1->P1       W1->P2         W1->      Capture
    300   8.3783e+08      1.03012   8.3783e+08  9.07557e+15
    400  1.31539e+09      5.67535  1.31539e+09  3.13906e+16
    500  1.72717e+09       24.118  1.72717e+09  6.87301e+16
    600          ***          ***          ***  1.18333e+17
    700          ***          ***          ***  1.76773e+17
    850          ***          ***          ***  2.74861e+17
   1000          ***          ***          ***  3.79577e+17
   1125          ***          ***          ***   4.6872e+17
   1250          ***          ***          ***  5.57767e+17
   1375          ***          ***          ***  6.45557e+17
   1500          ***          ***          ***  7.31273e+17
   1625          ***          ***          ***  8.14349e+17
   1750          ***          ***          ***  8.94407e+17
   1875          ***          ***          ***  9.71213e+17
   2000          ***          ***          ***  1.04464e+18

   Pressure = 1 bar

   T, K       P1->W1       P1->P2         P1->      Capture
    300  7.32534e-14  1.51934e-14  8.84468e-14  9.35724e-07
    400  2.82063e-14  7.06019e-14  9.88082e-14  9.77565e-07
    500  1.33503e-14  2.33903e-13  2.47253e-13  1.00794e-06
    600          ***  5.94967e-13  5.94967e-13  1.03037e-06
    700          ***  1.25381e-12  1.25381e-12  1.04701e-06
    850          ***  3.01315e-12  3.01315e-12  1.06427e-06
   1000          ***  5.95212e-12  5.95212e-12   1.0753e-06
   1125          ***  9.46752e-12  9.46752e-12  1.08143e-06
   1250          ***  1.40567e-11  1.40567e-11  1.08576e-06
   1375          ***  1.97886e-11  1.97886e-11  1.08892e-06
   1500          ***  2.67099e-11  2.67099e-11  1.09132e-06
   1625          ***  3.48488e-11  3.48488e-11  1.09325e-06
   1750          ***  4.42201e-11  4.42201e-11   1.0949e-06
   1875          ***  5.48254e-11  5.48254e-11   1.0964e-06
   2000          ***  6.66642e-11  6.66642e-11  1.09781e-06

   Pressure = 1 bar

   T, K       P2->W1       P2->P1         P2->      Capture
    300  1.45788e-35  2.45932e-27  2.45932e-27  2.45987e-27
    400  1.58617e-32  9.20199e-24  9.20199e-24   9.2049e-24
    500   1.3055e-30    1.638e-21    1.638e-21  1.63831e-21
    600          ***  5.87359e-20  5.87359e-20  5.87409e-20
    700          ***  8.19338e-19  8.19338e-19  8.19458e-19
    850          ***  1.47017e-17  1.47017e-17  1.47036e-17
   1000          ***  1.20436e-16  1.20436e-16  1.20456e-16
   1125          ***  4.74812e-16  4.74812e-16  4.74895e-16
   1250          ***  1.47231e-15  1.47231e-15   1.4726e-15
   1375          ***  3.82145e-15  3.82145e-15  3.82226e-15
   1500          ***  8.65848e-15  8.65848e-15  8.66053e-15
   1625          ***  1.76368e-14  1.76368e-14  1.76412e-14
   1750          ***  3.29913e-14  3.29913e-14  3.30004e-14
   1875          ***  5.75746e-14  5.75746e-14  5.75942e-14
   2000          ***  9.48763e-14  9.48763e-14  9.49103e-14

______________________________________________________________________________________

Temperature-Pressure Rate Tables:

W1->P1

P\T              300          400          500          600          700          850         1000         1125         1250         1375         1500         1625         1750         1875         2000
1         8.3783e+08  1.31539e+09  1.72717e+09          ***          ***          ***          ***          ***          ***          ***          ***          ***          ***          ***          ***
O-O      9.07557e+15  3.13906e+16  6.87301e+16  1.18333e+17  1.76773e+17   2.7486e+17  3.79575e+17  4.68716e+17   5.5776e+17  6.45546e+17  7.31255e+17  8.14323e+17  8.94371e+17  9.71165e+17  1.04458e+18

W1->P2

P\T              300          400          500          600          700          850         1000         1125         1250         1375         1500         1625         1750         1875         2000
1            1.03012      5.67535       24.118          ***          ***          ***          ***          ***          ***          ***          ***          ***          ***          ***          ***
O-O      1.47394e+08  2.26782e+09  1.59525e+10  6.83352e+10  2.11719e+11  7.78285e+11  2.10143e+12  4.10416e+12  7.22238e+12  1.17338e+13  1.79015e+13  2.59641e+13   3.6131e+13  4.85797e+13  6.34541e+13

P1->W1

P\T              300          400          500          600          700          850         1000         1125         1250         1375         1500         1625         1750         1875         2000
1        7.32534e-14  2.82063e-14  1.33503e-14          ***          ***          ***          ***          ***          ***          ***          ***          ***          ***          ***          ***
O-O      9.35724e-07  9.77565e-07  1.00794e-06  1.03037e-06  1.04701e-06  1.06427e-06   1.0753e-06  1.08143e-06  1.08576e-06  1.08892e-06  1.09132e-06  1.09325e-06   1.0949e-06   1.0964e-06  1.09781e-06

P1->P2

P\T              300          400          500          600          700          850         1000         1125         1250         1375         1500         1625         1750         1875         2000
1        1.51934e-14  7.06019e-14  2.33903e-13  5.94967e-13  1.25381e-12  3.01315e-12  5.95212e-12  9.46752e-12  1.40567e-11  1.97886e-11  2.67099e-11  3.48488e-11  4.42201e-11  5.48254e-11  6.66642e-11
O-O              ***          ***          ***          ***          ***          ***          ***          ***          ***          ***          ***          ***          ***          ***          ***

P2->W1

P\T              300          400          500          600          700          850         1000         1125         1250         1375         1500         1625         1750         1875         2000
1        1.45788e-35  1.58617e-32   1.3055e-30          ***          ***          ***          ***          ***          ***          ***          ***          ***          ***          ***          ***
O-O      2.45987e-27   9.2049e-24  1.63831e-21  5.87409e-20  8.19458e-19  1.47036e-17  1.20456e-16  4.74895e-16   1.4726e-15  3.82226e-15  8.66053e-15  1.76412e-14  3.30004e-14  5.75942e-14  9.49103e-14

P2->P1

P\T              300          400          500          600          700          850         1000         1125         1250         1375         1500         1625         1750         1875         2000
1        2.45932e-27  9.20199e-24    1.638e-21  5.87359e-20  8.19338e-19  1.47017e-17  1.20436e-16  4.74812e-16  1.47231e-15  3.82145e-15  8.65848e-15  1.76368e-14  3.29913e-14  5.75746e-14  9.48763e-14
O-O              ***          ***          ***          ***          ***          ***          ***          ***          ***          ***          ***          ***          ***          ***          ***

W1-> 

P\T              300          400          500          600          700          850         1000         1125         1250         1375         1500         1625         1750         1875         2000
1         8.3783e+08  1.31539e+09  1.72717e+09          ***          ***          ***          ***          ***          ***          ***          ***          ***          ***          ***          ***
O-O      9.07557e+15  3.13906e+16  6.87301e+16  1.18333e+17  1.76773e+17  2.74861e+17  3.79577e+17   4.6872e+17  5.57767e+17  6.45557e+17  7.31273e+17  8.14349e+17  8.94407e+17  9.71213e+17  1.04464e+18

P1-> 

P\T              300          400          500          600          700          850         1000         1125         1250         1375         1500         1625         1750         1875         2000
1        8.84468e-14  9.88082e-14  2.47253e-13  5.94967e-13  1.25381e-12  3.01315e-12  5.95212e-12  9.46752e-12  1.40567e-11  1.97886e-11  2.67099e-11  3.48488e-11  4.42201e-11  5.48254e-11  6.66642e-11
O-O      9.35724e-07  9.77565e-07  1.00794e-06  1.03037e-06  1.04701e-06  1.06427e-06   1.0753e-06  1.08143e-06  1.08576e-06  1.08892e-06  1.09132e-06  1.09325e-06   1.0949e-06   1.0964e-06  1.09781e-06

P2-> 

P\T              300          400          500          600          700          850         1000         1125         1250         1375         1500         1625         1750         1875         2000
1        2.45932e-27  9.20199e-24    1.638e-21  5.87359e-20  8.19338e-19  1.47017e-17  1.20436e-16  4.74812e-16  1.47231e-15  3.82145e-15  8.65848e-15  1.76368e-14  3.29913e-14  5.75746e-14  9.48763e-14
O-O      2.45987e-27   9.2049e-24  1.63831e-21  5.87409e-20  8.19458e-19  1.47036e-17  1.20456e-16  4.74895e-16   1.4726e-15  3.82226e-15  8.66053e-15  1.76412e-14  3.30004e-14  5.75942e-14  9.49103e-14

