Model::init:  starts
   Model::ExponentialKernel::ExponentialKernel :  ... done
   Model::LennardJonesCollision::LennardJonesCollision:  ... done
   WELL: W1
   Model::RRHO::RRHO:  starts
      Model::RigidRotor::RigidRotor:  starts
         molecular geometry will be used to estimate rotational constants
         rotational configuration: nonlinear
         rotational constants[1/cm]:          6.5403        1.00127       0.868335
      Model::RigidRotor::RigidRotor:  done, cpu time[sec] = 0.02, elapsed time[sec] = 0
      interpolating states number/density starts
         core state contribution ... done, cpu time[sec] = 0.01, elapsed time[sec] = 0
         electronic states contribution ... done, cpu time[sec] = 0, elapsed time[sec] = 0
         vibrational modes contribution ... done, cpu time[sec] = 0.02, elapsed time[sec] = 0
         effective power exponent at 401.999 kcal/mol = 8.0284
      interpolating states number/density done, cpu time[sec] = 0.07, elapsed time[sec] = 0
   Model::RRHO::RRHO:  done, cpu time[sec] = 0.09, elapsed time[sec] = 1
   BIMOLECULAR: P1
   Model::Bimolecular::Bimolecular:  starts
      Model::RRHO::RRHO:  starts
         Model::RigidRotor::RigidRotor:  starts
            molecular geometry will be used to estimate rotational constants
            rotational configuration: nonlinear
            rotational constants[1/cm]:         9.52611        1.29541        1.14034
         Model::RigidRotor::RigidRotor:  done, cpu time[sec] = 0, elapsed time[sec] = 0
      Model::RRHO::RRHO:  done, cpu time[sec] = 0, elapsed time[sec] = 0
      Model::AtomicFragment::AtomicFragment:  ... done
   Model::Bimolecular::Bimolecular:  done, cpu time[sec] = 0, elapsed time[sec] = 0
   BIMOLECULAR: P2
   Model::Bimolecular::Bimolecular:  starts
      Model::RRHO::RRHO:  starts
         Model::RigidRotor::RigidRotor:  starts
            molecular geometry will be used to estimate rotational constants
            rotational configuration: nonlinear
            rotational constants[1/cm]:         24.1558        1.48995        1.40339
         Model::RigidRotor::RigidRotor:  done, cpu time[sec] = 0, elapsed time[sec] = 0
      Model::RRHO::RRHO:  done, cpu time[sec] = 0, elapsed time[sec] = 0
      Model::RRHO::RRHO:  starts
         Model::RigidRotor::RigidRotor:  starts
            molecular geometry will be used to estimate rotational constants
            rotational configuration: linear
            rotational constant[1/cm]:         60.7817
         Model::RigidRotor::RigidRotor:  done, cpu time[sec] = 0, elapsed time[sec] = 0
      Model::RRHO::RRHO:  done, cpu time[sec] = 0, elapsed time[sec] = 0
   Model::Bimolecular::Bimolecular:  done, cpu time[sec] = 0, elapsed time[sec] = 0
   BARRIER: B1
   Model::RRHO::RRHO:  starts
      Model::PhaseSpaceTheory::PhaseSpaceTheory:  starts
         molecular geometry will be used to estimate rotational constants
         rotational configuration: nonlinear
         rotational constants[1/cm]:         9.52611        1.29541        1.14034
      Model::PhaseSpaceTheory::PhaseSpaceTheory:  done, cpu time[sec] = 0, elapsed time[sec] = 0
      interpolating states number/density starts
         core state contribution ... done, cpu time[sec] = 0.03, elapsed time[sec] = 0
         electronic states contribution ... done, cpu time[sec] = 0, elapsed time[sec] = 0
         vibrational modes contribution ... done, cpu time[sec] = 0, elapsed time[sec] = 0
         effective power exponent at 399.998 kcal/mol = 7.82765
      interpolating states number/density done, cpu time[sec] = 0.06, elapsed time[sec] = 0
   Model::RRHO::RRHO:  done, cpu time[sec] = 0.06, elapsed time[sec] = 0
   BARRIER: B2
   Model::RRHO::RRHO:  starts
      Model::RigidRotor::RigidRotor:  starts
         molecular geometry will be used to estimate rotational constants
         rotational configuration: nonlinear
         rotational constants[1/cm]:         3.62552       0.972692       0.766931
      Model::RigidRotor::RigidRotor:  done, cpu time[sec] = 0, elapsed time[sec] = 0
      Model::EckartTunnel::EckartTunnel:  ... done
      interpolating states number/density starts
         core state contribution ... done, cpu time[sec] = 0.01, elapsed time[sec] = 0
         electronic states contribution ... done, cpu time[sec] = 0, elapsed time[sec] = 0
         vibrational modes contribution ... done, cpu time[sec] = 0, elapsed time[sec] = 0
         tunneling contribution ... done, cpu time[sec] = 4.26, elapsed time[sec] = 0
         effective power exponent at 399.998 kcal/mol = 9.29572
      interpolating states number/density done, cpu time[sec] = 4.63, elapsed time[sec] = 0
   Model::RRHO::RRHO:  done, cpu time[sec] = 4.63, elapsed time[sec] = 0
   checking input ... done
   setting connectivity ... done
   checking connectivity ... done
   shifting energy zero ... done
   setting dissociation limit ... done
   setting maximum barrier height ... done
   partition functions (relative to the ground level, units - 1/cm3):
     T\Q         W1       CH2O          H        CHO         H2         B1         B2
     100    2.8e+28   4.23e+27   3.76e+23   8.48e+27   3.07e+23   5.96e+32   3.69e+37
     200   2.27e+29   3.39e+28   1.06e+24   6.79e+28   1.74e+24   7.57e+33   2.18e+32
     300    8.1e+29   1.15e+29   1.95e+24    2.3e+29   4.79e+24   3.37e+34   2.51e+31
     400   2.12e+30   2.81e+29   3.01e+24   5.53e+29   9.84e+24    9.9e+34   2.24e+31
     500   4.76e+30   5.78e+29    4.2e+24   1.11e+30   1.72e+25   2.35e+35   3.42e+31
     600   9.73e+30   1.08e+30   5.52e+24   1.99e+30   2.71e+25   4.93e+35    6.1e+31
     700   1.86e+31    1.9e+30   6.96e+24   3.31e+30   3.99e+25   9.51e+35   1.13e+32
     800   3.39e+31    3.2e+30    8.5e+24   5.23e+30   5.57e+25   1.73e+36   2.11e+32
     900   5.95e+31   5.19e+30   1.01e+25   7.91e+30   7.48e+25      3e+36   3.87e+32
    1000   1.01e+32   8.19e+30   1.19e+25   1.16e+31   9.74e+25   5.03e+36   6.97e+32
    1100   1.66e+32   1.26e+31   1.37e+25   1.65e+31   1.24e+26   8.17e+36   1.23e+33
    1200   2.68e+32   1.91e+31   1.56e+25    2.3e+31   1.54e+26   1.29e+37   2.11e+33
    1300   4.22e+32   2.84e+31   1.76e+25   3.15e+31   1.89e+26   2.01e+37   3.56e+33
    1400   6.54e+32   4.14e+31   1.97e+25   4.24e+31   2.28e+26   3.05e+37   5.88e+33
    1500   9.94e+32   5.96e+31   2.18e+25   5.62e+31   2.72e+26   4.55e+37   9.53e+33
    1600   1.49e+33   8.46e+31   2.41e+25   7.35e+31   3.21e+26   6.68e+37   1.52e+34
    1700   2.19e+33   1.19e+32   2.63e+25   9.49e+31   3.75e+26   9.66e+37   2.37e+34
    1800    3.2e+33   1.64e+32   2.87e+25   1.21e+32   4.36e+26   1.38e+38   3.64e+34
    1900   4.59e+33   2.25e+32   3.11e+25   1.54e+32   5.02e+26   1.94e+38   5.51e+34
    2000   6.53e+33   3.06e+32   3.36e+25   1.93e+32   5.74e+26   2.71e+38   8.23e+34
   tunneling partition function correction factors & high pressure effective energy shifts (D), kcal/mol:
     T\B         B1          D         B2          D
     100          1         -0   8.99e+08       -4.1
     200          1         -0        570      -2.52
     300          1         -0       15.2      -1.62
     400          1         -0       4.29      -1.16
     500          1         -0       2.46     -0.896
     600          1         -0       1.85      -0.73
     700          1         -0       1.56     -0.616
     800          1         -0        1.4     -0.531
     900          1         -0        1.3     -0.466
    1000          1         -0       1.23     -0.415
    1100          1         -0       1.19     -0.373
    1200          1         -0       1.15     -0.338
    1300          1         -0       1.13     -0.308
    1400          1         -0       1.11     -0.283
    1500          1         -0       1.09     -0.261
    1600          1         -0       1.08     -0.241
    1700          1         -0       1.07     -0.225
    1800          1         -0       1.06     -0.209
    1900          1         -0       1.05     -0.196
    2000          1         -0       1.05     -0.184
Model::init:  done, cpu time[sec] = 4.99, elapsed time[sec] = 1
MasterEquation::set_ped_pair:  starts
   ped pairs:
         P1 -> P2
MasterEquation::set_ped_pair:  done
rate calculation starts
   MasterEquation::set:  starts
      Temperature      = 300 K
      Collision rate   = 5.14982e-10cm^3/sec
      Energy reference = 8494 1/cm
      Energy step      = 21 1/cm
      setting wells, barriers, and bimolecular starts
         W1 Well: density of states done, elapsed time[sec] = 0.01
         W1 Well: cannot satisfy the constant collision frequency at energy = -683 1/cm, truncating the well
         W1 Well: cannot satisfy the constant collision frequency at energy = -662 1/cm, truncating the well
         W1 Well: collisional energy transfer kernel done, elapsed time[sec] = 0.86
         W1 Well: relaxation modes basis done, elapsed time[sec] = 0.13
         W1 Well: kernel in relaxation modes basis done, elapsed time[sec] = 1.46
         W1 Well: relaxation eigenvalues done, elapsed time[sec] = 0.45
         W1 Well: minimal relaxation eigenvalue = 0.361817
         W1 Well: maximal relaxation eigenvalue = 1.02373
         W1 Well:       grid size = 436
         W1 Well:      real depth = -699 1/cm
         W1 Well: effective depth = -662 1/cm
         B1 Barrier:        grid size = 405
         B1 Barrier:      real height = 0 1/cm
         B1 Barrier: effective height = -10 1/cm
         B2 Barrier:        grid size = 405
         B2 Barrier:      real height = 0 1/cm
         B2 Barrier: effective height = -10 1/cm
      setting wells, barriers, and bimolecular done, cpu time[sec] = 2.92, elapsed time[sec] = 0
      Bound Species (D1/D2 - density of states at dissociation energy (DE)/reference energy):
       Name  Depth     DE      *D1      *D2
              1/cm   1/cm       cm       cm
         W1   -662    -10       60 1.32e+05
      Well-to-Bimolecular Barriers (N - number of states at the reference energy):
       Name Height       *N
              1/cm         
         B1    -10 5.66e+12
         B2    -10 2.72e+08
      Effective equilibrium constants(bimolecular units - cm^3):
        Q/Q        W1        P1        P2
         W1         1  1.01e-18  1.63e-31
         P1  9.95e+17         1  1.62e-13
         P2  6.15e+30  6.18e+12         1
      Real equilibrium constants(bimolecular units - cm^3):
        Q/Q        W1        P1        P2
         W1         1  1.03e-22  1.67e-35
         P1   9.7e+21         1  1.62e-13
         P2  5.99e+34  6.18e+12         1
   MasterEquation::set:  done, cpu time[sec] = 2.92, elapsed time[sec] = 0
   MasterEquation::direct_diagonalization_method:  starts
      Pressure = 1 bar	 Temperature = 300 K
      collision frequency = 1.24323e+10 1/sec
      global relaxation matrix dimension = 436
      setting global matrices ... done, cpu time[sec] = 0.16, elapsed time[sec] = 0
      diagonalizing global relaxation matrix ... done, cpu time[sec] = 1.3, elapsed time[sec] = 1
      minimal relaxation eigenvalue / collision frequency = 0.670247
      maximal relaxation eigenvalue / collision frequency = 1.03762e+08
      microscopic rate coefficients (at reference energy) over collision frequency:
             W1->P1       W1->P2
        1.03757e+08      4990.01
      eigenvector populations normalized:
          L        *R        *P        W1
          0     0.108     0.152         1
         *R - eigenvalue over the relaxation limit
         *P - eigenvector projection squared on the relaxation subspace
      eigenvector projections:
          L        *Q        *P        W1
          0    0.0723     0.152    -0.921
         *Z       ---       ---  2.57e+13
         *Q - eigenvalue over the collision frequency
         *P - eigenvector projection squared on the relaxation subspace
         *Z - well partition function square root
      isomers-to-bimolecular equilibrium coefficients (kappa matrix):
        W\P       P1       P2
         W1     0.15        0
      projection error = 0.15
      Wa->Wb/Wb->Wa rate constants ratios:
      Wb\Wa        W1
         W1         1
      W->P/P->W rate constants ratios:
        P\W        W1
         P1       1.2
         P2       1.2
   MasterEquation::direct_diagonalization_method:  done, cpu time[sec] = 1.67, elapsed time[sec] = 1
   MasterEquation::set:  starts
      Temperature      = 400 K
      Collision rate   = 5.10645e-10cm^3/sec
      Energy reference = 10579 1/cm
      Energy step      = 28 1/cm
      setting wells, barriers, and bimolecular starts
         W1 Well: density of states done, elapsed time[sec] = 0
         W1 Well: cannot satisfy the constant collision frequency at energy = -677 1/cm, truncating the well
         W1 Well: cannot satisfy the constant collision frequency at energy = -649 1/cm, truncating the well
         W1 Well: collisional energy transfer kernel done, elapsed time[sec] = 0.77
         W1 Well: relaxation modes basis done, elapsed time[sec] = 0.1
         W1 Well: kernel in relaxation modes basis done, elapsed time[sec] = 2.01
         W1 Well: relaxation eigenvalues done, elapsed time[sec] = 0.37
         W1 Well: minimal relaxation eigenvalue = 0.348765
         W1 Well: maximal relaxation eigenvalue = 1.02139
         W1 Well:       grid size = 401
         W1 Well:      real depth = -699 1/cm
         W1 Well: effective depth = -649 1/cm
         B1 Barrier:        grid size = 378
         B1 Barrier:      real height = 0 1/cm
         B1 Barrier: effective height = -5 1/cm
         B2 Barrier:        grid size = 378
         B2 Barrier:      real height = 0 1/cm
         B2 Barrier: effective height = -5 1/cm
      setting wells, barriers, and bimolecular done, cpu time[sec] = 3.26, elapsed time[sec] = 0
      Bound Species (D1/D2 - density of states at dissociation energy (DE)/reference energy):
       Name  Depth     DE      *D1      *D2
              1/cm   1/cm       cm       cm
         W1   -649     -5     60.7 3.81e+05
      Well-to-Bimolecular Barriers (N - number of states at the reference energy):
       Name Height       *N
              1/cm         
         B1     -5 1.86e+13
         B2     -5 1.51e+09
      Effective equilibrium constants(bimolecular units - cm^3):
        Q/Q        W1        P1        P2
         W1         1  2.29e-19  2.99e-29
         P1  4.36e+18         1   1.3e-10
         P2  3.35e+28  7.67e+09         1
      Real equilibrium constants(bimolecular units - cm^3):
        Q/Q        W1        P1        P2
         W1         1  3.11e-23  4.06e-33
         P1  3.21e+22         1   1.3e-10
         P2  2.46e+32  7.67e+09         1
   MasterEquation::set:  done, cpu time[sec] = 3.26, elapsed time[sec] = 0
   MasterEquation::direct_diagonalization_method:  starts
      Pressure = 1 bar	 Temperature = 400 K
      collision frequency = 9.24568e+09 1/sec
      global relaxation matrix dimension = 401
      setting global matrices ... done, cpu time[sec] = 0.12, elapsed time[sec] = 0
      diagonalizing global relaxation matrix ... done, cpu time[sec] = 1.08, elapsed time[sec] = 0
      minimal relaxation eigenvalue / collision frequency = 0.750017
      maximal relaxation eigenvalue / collision frequency = 1.58636e+08
      microscopic rate coefficients (at reference energy) over collision frequency:
             W1->P1       W1->P2
        1.58623e+08      12840.6
      eigenvector populations normalized:
          L        *R        *P        W1
          0     0.202     0.311         1
         *R - eigenvalue over the relaxation limit
         *P - eigenvector projection squared on the relaxation subspace
      eigenvector projections:
          L        *Q        *P        W1
          0     0.152     0.311     -0.83
         *Z       ---       ---     5e+12
         *Q - eigenvalue over the collision frequency
         *P - eigenvector projection squared on the relaxation subspace
         *Z - well partition function square root
      isomers-to-bimolecular equilibrium coefficients (kappa matrix):
        W\P       P1       P2
         W1     0.31        0
      projection error = 0.31
      Wa->Wb/Wb->Wa rate constants ratios:
      Wb\Wa        W1
         W1         1
      W->P/P->W rate constants ratios:
        P\W        W1
         P1       1.5
         P2       1.5
   MasterEquation::direct_diagonalization_method:  done, cpu time[sec] = 1.39, elapsed time[sec] = 0
   MasterEquation::set:  starts
      Temperature      = 500 K
      Collision rate   = 5.10284e-10cm^3/sec
      Energy reference = 12664 1/cm
      Energy step      = 35 1/cm
      setting wells, barriers, and bimolecular starts
         W1 Well: density of states done, elapsed time[sec] = 0
         W1 Well: cannot satisfy the constant collision frequency at energy = -671 1/cm, truncating the well
         W1 Well: cannot satisfy the constant collision frequency at energy = -636 1/cm, truncating the well
         W1 Well: collisional energy transfer kernel done, elapsed time[sec] = 0.69
         W1 Well: relaxation modes basis done, elapsed time[sec] = 0.09
         W1 Well: kernel in relaxation modes basis done, elapsed time[sec] = 1.69
         W1 Well: relaxation eigenvalues done, elapsed time[sec] = 0.31
         W1 Well: minimal relaxation eigenvalue = 0.342096
         W1 Well: maximal relaxation eigenvalue = 1.0197
         W1 Well:       grid size = 380
         W1 Well:      real depth = -699 1/cm
         W1 Well: effective depth = -635 1/cm
         B1 Barrier:        grid size = 362
         B1 Barrier:      real height = 0 1/cm
         B1 Barrier: effective height = -6 1/cm
         B2 Barrier:        grid size = 362
         B2 Barrier:      real height = 0 1/cm
         B2 Barrier: effective height = -6 1/cm
      setting wells, barriers, and bimolecular done, cpu time[sec] = 2.8, elapsed time[sec] = 0
      Bound Species (D1/D2 - density of states at dissociation energy (DE)/reference energy):
       Name  Depth     DE      *D1      *D2
              1/cm   1/cm       cm       cm
         W1   -635     -6     60.6  9.7e+05
      Well-to-Bimolecular Barriers (N - number of states at the reference energy):
       Name Height       *N
              1/cm         
         B1     -6 5.22e+13
         B2     -6 6.33e+09
      Effective equilibrium constants(bimolecular units - cm^3):
        Q/Q        W1        P1        P2
         W1         1   8.7e-20  6.09e-28
         P1  1.15e+19         1     7e-09
         P2  1.64e+27  1.43e+08         1
      Real equilibrium constants(bimolecular units - cm^3):
        Q/Q        W1        P1        P2
         W1         1  1.47e-23  1.03e-31
         P1  6.82e+22         1     7e-09
         P2  9.74e+30  1.43e+08         1
   MasterEquation::set:  done, cpu time[sec] = 2.8, elapsed time[sec] = 0
   MasterEquation::direct_diagonalization_method:  starts
      Pressure = 1 bar	 Temperature = 500 K
      collision frequency = 7.39131e+09 1/sec
      global relaxation matrix dimension = 380
      setting global matrices ... done, cpu time[sec] = 0.12, elapsed time[sec] = 0
      diagonalizing global relaxation matrix ... done, cpu time[sec] = 0.93, elapsed time[sec] = 0
      minimal relaxation eigenvalue / collision frequency = 0.811227
      maximal relaxation eigenvalue / collision frequency = 2.18187e+08
      microscopic rate coefficients (at reference energy) over collision frequency:
             W1->P1       W1->P2
        2.18161e+08      26460.3
      eigenvector populations normalized:
          L        *R        *P        W1
          0     0.304     0.473         1
         *R - eigenvalue over the relaxation limit
         *P - eigenvector projection squared on the relaxation subspace
      eigenvector projections:
          L        *Q        *P        W1
          0     0.247     0.473     0.726
         *Z       ---       ---  1.98e+12
         *Q - eigenvalue over the collision frequency
         *P - eigenvector projection squared on the relaxation subspace
         *Z - well partition function square root
      isomers-to-bimolecular equilibrium coefficients (kappa matrix):
        W\P       P1       P2
         W1     0.47        0
      projection error = 0.47
      Wa->Wb/Wb->Wa rate constants ratios:
      Wb\Wa        W1
         W1         1
      W->P/P->W rate constants ratios:
        P\W        W1
         P1       1.9
         P2       1.9
   MasterEquation::direct_diagonalization_method:  done, cpu time[sec] = 1.21, elapsed time[sec] = 0
   MasterEquation::set:  starts
      Temperature      = 600 K
      Collision rate   = 5.14065e-10cm^3/sec
      Energy reference = 14749 1/cm
      Energy step      = 42 1/cm
      setting wells, barriers, and bimolecular starts
         W1 Well: density of states done, elapsed time[sec] = 0.01
         W1 Well: cannot satisfy the constant collision frequency at energy = -665 1/cm, truncating the well
         W1 Well: cannot satisfy the constant collision frequency at energy = -623 1/cm, truncating the well
         W1 Well: collisional energy transfer kernel done, elapsed time[sec] = 0.63
         W1 Well: relaxation modes basis done, elapsed time[sec] = 0.06
         W1 Well: kernel in relaxation modes basis done, elapsed time[sec] = 1.54
         W1 Well: relaxation eigenvalues done, elapsed time[sec] = 0.28
         W1 Well: minimal relaxation eigenvalue = 0.3353
         W1 Well: maximal relaxation eigenvalue = 1.01837
         W1 Well:       grid size = 366
         W1 Well:      real depth = -699 1/cm
         W1 Well: effective depth = -623 1/cm
         B1 Barrier:        grid size = 352
         B1 Barrier:      real height = 0 1/cm
         B1 Barrier: effective height = -35 1/cm
         B2 Barrier:        grid size = 352
         B2 Barrier:      real height = 0 1/cm
         B2 Barrier: effective height = -35 1/cm
      setting wells, barriers, and bimolecular done, cpu time[sec] = 2.53, elapsed time[sec] = 0
      Bound Species (D1/D2 - density of states at dissociation energy (DE)/reference energy):
       Name  Depth     DE      *D1      *D2
              1/cm   1/cm       cm       cm
         W1   -623    -35     56.9 2.24e+06
      Well-to-Bimolecular Barriers (N - number of states at the reference energy):
       Name Height       *N
              1/cm         
         B1    -35  1.3e+14
         B2    -35 2.18e+10
      Effective equilibrium constants(bimolecular units - cm^3):
        Q/Q        W1        P1        P2
         W1         1  4.34e-20  4.29e-27
         P1   2.3e+19         1  9.87e-08
         P2  2.33e+26  1.01e+07         1
      Real equilibrium constants(bimolecular units - cm^3):
        Q/Q        W1        P1        P2
         W1         1  8.71e-24   8.6e-31
         P1  1.15e+23         1  9.87e-08
         P2  1.16e+30  1.01e+07         1
   MasterEquation::set:  done, cpu time[sec] = 2.53, elapsed time[sec] = 0
   MasterEquation::direct_diagonalization_method:  starts
      Pressure = 1 bar	 Temperature = 600 K
      collision frequency = 6.20507e+09 1/sec
      global relaxation matrix dimension = 366
      setting global matrices ... done, cpu time[sec] = 0.08, elapsed time[sec] = 0
      diagonalizing global relaxation matrix ... done, cpu time[sec] = 0.86, elapsed time[sec] = 1
      minimal relaxation eigenvalue / collision frequency = 0.867084
      maximal relaxation eigenvalue / collision frequency = 2.79436e+08
      microscopic rate coefficients (at reference energy) over collision frequency:
             W1->P1       W1->P2
        2.79389e+08      47064.9
      eigenvector populations normalized:
          L        *R        *P        W1
          0     0.421     0.625         1
         *R - eigenvalue over the relaxation limit
         *P - eigenvector projection squared on the relaxation subspace
      eigenvector projections:
          L        *Q        *P        W1
          0     0.365     0.625     0.612
         *Z       ---       ---  1.12e+12
         *Q - eigenvalue over the collision frequency
         *P - eigenvector projection squared on the relaxation subspace
         *Z - well partition function square root
      dimension of the chemical subspace = 0
      isomers-to-bimolecular equilibrium coefficients (kappa matrix):
        W\P       P1       P2
         W1        1        0
   MasterEquation::direct_diagonalization_method:  done, cpu time[sec] = 1.1, elapsed time[sec] = 1
   MasterEquation::set:  starts
      Temperature      = 7e+02 K
      Collision rate   = 5.2e-10cm^3/sec
      Energy reference = 1.7e+04 1/cm
      Energy step      = 49 1/cm
      setting wells, barriers, and bimolecular starts
         W1 Well: density of states done, elapsed time[sec] = 0.01
         W1 Well: cannot satisfy the constant collision frequency at energy = -6.6e+02 1/cm, truncating the well
         W1 Well: cannot satisfy the constant collision frequency at energy = -6.1e+02 1/cm, truncating the well
         W1 Well: collisional energy transfer kernel done, elapsed time[sec] = 0.58
         W1 Well: relaxation modes basis done, elapsed time[sec] = 0.09
         W1 Well: kernel in relaxation modes basis done, elapsed time[sec] = 1.4
         W1 Well: relaxation eigenvalues done, elapsed time[sec] = 0.26
         W1 Well: minimal relaxation eigenvalue = 0.33
         W1 Well: maximal relaxation eigenvalue = 1
         W1 Well:       grid size = 356
         W1 Well:      real depth = -699 1/cm
         W1 Well: effective depth = -610 1/cm
         B1 Barrier:        grid size = 344
         B1 Barrier:      real height = 0 1/cm
         B1 Barrier: effective height = -22 1/cm
         B2 Barrier:        grid size = 344
         B2 Barrier:      real height = 0 1/cm
         B2 Barrier: effective height = -22 1/cm
      setting wells, barriers, and bimolecular done, cpu time[sec] = 2.4, elapsed time[sec] = 0
      Bound Species (D1/D2 - density of states at dissociation energy (DE)/reference energy):
       Name  Depth     DE      *D1      *D2
              1/cm   1/cm       cm       cm
         W1   -610    -22     58.6 4.78e+06
      Well-to-Bimolecular Barriers (N - number of states at the reference energy):
       Name Height       *N
              1/cm         
         B1    -22 2.93e+14
         B2    -22 6.49e+10
      Effective equilibrium constants(bimolecular units - cm^3):
        Q/Q        W1        P1        P2
         W1         1  2.55e-20  1.67e-26
         P1  3.92e+19         1  6.53e-07
         P2     6e+25  1.53e+06         1
      Real equilibrium constants(bimolecular units - cm^3):
        Q/Q        W1        P1        P2
         W1         1  5.92e-24  3.87e-30
         P1  1.69e+23         1  6.53e-07
         P2  2.58e+29  1.53e+06         1
   MasterEquation::set:  done, cpu time[sec] = 2.35, elapsed time[sec] = 0
   MasterEquation::direct_diagonalization_method:  starts
      Pressure = 1 bar	 Temperature = 700 K
      collision frequency = 5.38895e+09 1/sec
      global relaxation matrix dimension = 356
      setting global matrices ... done, cpu time[sec] = 0.09, elapsed time[sec] = 0
      diagonalizing global relaxation matrix ... done, cpu time[sec] = 0.86, elapsed time[sec] = 0
      minimal relaxation eigenvalue / collision frequency = 0.894523
      maximal relaxation eigenvalue / collision frequency = 3.40547e+08
      microscopic rate coefficients (at reference energy) over collision frequency:
             W1->P1       W1->P2
        3.40471e+08      75536.9
      eigenvector populations normalized:
          L        *R        *P        W1
          0     0.519     0.722         1
         *R - eigenvalue over the relaxation limit
         *P - eigenvector projection squared on the relaxation subspace
      eigenvector projections:
          L        *Q        *P        W1
          0     0.464     0.722    -0.528
         *Z       ---       ---  7.73e+11
         *Q - eigenvalue over the collision frequency
         *P - eigenvector projection squared on the relaxation subspace
         *Z - well partition function square root
      dimension of the chemical subspace = 0
      isomers-to-bimolecular equilibrium coefficients (kappa matrix):
        W\P       P1       P2
         W1        1        0
   MasterEquation::direct_diagonalization_method:  done, cpu time[sec] = 1.1, elapsed time[sec] = 0
   MasterEquation::set:  starts
      Temperature      = 8.5e+02 K
      Collision rate   = 5.3e-10cm^3/sec
      Energy reference = 2e+04 1/cm
      Energy step      = 59 1/cm
      setting wells, barriers, and bimolecular starts
         W1 Well: density of states done, elapsed time[sec] = 0
         W1 Well: cannot satisfy the constant collision frequency at energy = -6.3e+02 1/cm, truncating the well
         W1 Well: cannot satisfy the constant collision frequency at energy = -5.7e+02 1/cm, truncating the well
         W1 Well: collisional energy transfer kernel done, elapsed time[sec] = 0.56
         W1 Well: relaxation modes basis done, elapsed time[sec] = 0.06
         W1 Well: kernel in relaxation modes basis done, elapsed time[sec] = 1.3
         W1 Well: relaxation eigenvalues done, elapsed time[sec] = 0.26
         W1 Well: minimal relaxation eigenvalue = 0.32
         W1 Well: maximal relaxation eigenvalue = 1
         W1 Well:       grid size = 348
         W1 Well:      real depth = -699 1/cm
         W1 Well: effective depth = -569 1/cm
         B1 Barrier:        grid size = 339
         B1 Barrier:      real height = 0 1/cm
         B1 Barrier: effective height = -38 1/cm
         B2 Barrier:        grid size = 339
         B2 Barrier:      real height = 0 1/cm
         B2 Barrier: effective height = -38 1/cm
      setting wells, barriers, and bimolecular done, cpu time[sec] = 2.2, elapsed time[sec] = 0
      Bound Species (D1/D2 - density of states at dissociation energy (DE)/reference energy):
       Name  Depth     DE      *D1      *D2
              1/cm   1/cm       cm       cm
         W1   -569    -38     56.4 1.33e+07
      Well-to-Bimolecular Barriers (N - number of states at the reference energy):
       Name Height       *N
              1/cm         
         B1    -38 8.65e+14
         B2    -38  2.7e+11
      Effective equilibrium constants(bimolecular units - cm^3):
        Q/Q        W1        P1        P2
         W1         1  1.39e-20  6.78e-26
         P1  7.19e+19         1  4.88e-06
         P2  1.47e+25  2.05e+05         1
      Real equilibrium constants(bimolecular units - cm^3):
        Q/Q        W1        P1        P2
         W1         1  3.87e-24  1.89e-29
         P1  2.58e+23         1  4.88e-06
         P2  5.29e+28  2.05e+05         1
   MasterEquation::set:  done, cpu time[sec] = 2.19, elapsed time[sec] = 0
   MasterEquation::direct_diagonalization_method:  starts
      Pressure = 1 bar	 Temperature = 850 K
      collision frequency = 4.55316e+09 1/sec
      global relaxation matrix dimension = 348
      setting global matrices ... done, cpu time[sec] = 0.09, elapsed time[sec] = 0
      diagonalizing global relaxation matrix ... done, cpu time[sec] = 0.79, elapsed time[sec] = 0
      minimal relaxation eigenvalue / collision frequency = 0.932183
      maximal relaxation eigenvalue / collision frequency = 4.2992e+08
      microscopic rate coefficients (at reference energy) over collision frequency:
             W1->P1       W1->P2
        4.29786e+08       134319
      eigenvector populations normalized:
          L        *R        *P        W1
          0     0.688     0.841         1
         *R - eigenvalue over the relaxation limit
         *P - eigenvector projection squared on the relaxation subspace
      eigenvector projections:
          L        *Q        *P        W1
          0     0.641     0.841     0.399
         *Z       ---       ---  5.58e+11
         *Q - eigenvalue over the collision frequency
         *P - eigenvector projection squared on the relaxation subspace
         *Z - well partition function square root
      dimension of the chemical subspace = 0
      isomers-to-bimolecular equilibrium coefficients (kappa matrix):
        W\P       P1       P2
         W1        1        0
   MasterEquation::direct_diagonalization_method:  done, cpu time[sec] = 1, elapsed time[sec] = 0
   MasterEquation::set:  starts
      Temperature      = 1e+03 K
      Collision rate   = 5.5e-10cm^3/sec
      Energy reference = 2.3e+04 1/cm
      Energy step      = 70 1/cm
      setting wells, barriers, and bimolecular starts
         W1 Well: density of states done, elapsed time[sec] = 0
         W1 Well: cannot satisfy the constant collision frequency at energy = -5.7e+02 1/cm, truncating the well
         W1 Well: collisional energy transfer kernel done, elapsed time[sec] = 0.34
         W1 Well: relaxation modes basis done, elapsed time[sec] = 0.08
         W1 Well: kernel in relaxation modes basis done, elapsed time[sec] = 1.2
         W1 Well: relaxation eigenvalues done, elapsed time[sec] = 0.23
         W1 Well: minimal relaxation eigenvalue = 0.3
         W1 Well: maximal relaxation eigenvalue = 1
         W1 Well:       grid size = 338
         W1 Well:      real depth = -699 1/cm
         W1 Well: effective depth = -569 1/cm
         B1 Barrier:        grid size = 330
         B1 Barrier:      real height = 0 1/cm
         B1 Barrier: effective height = -9 1/cm
         B2 Barrier:        grid size = 330
         B2 Barrier:      real height = 0 1/cm
         B2 Barrier: effective height = -9 1/cm
      setting wells, barriers, and bimolecular done, cpu time[sec] = 1.9, elapsed time[sec] = 0
      Bound Species (D1/D2 - density of states at dissociation energy (DE)/reference energy):
       Name  Depth     DE      *D1      *D2
              1/cm   1/cm       cm       cm
         W1   -569     -9     60.1 3.28e+07
      Well-to-Bimolecular Barriers (N - number of states at the reference energy):
       Name Height       *N
              1/cm         
         B1     -9 2.25e+15
         B2     -9 9.31e+11
      Effective equilibrium constants(bimolecular units - cm^3):
        Q/Q        W1        P1        P2
         W1         1   8.7e-21  1.76e-25
         P1  1.15e+20         1  2.02e-05
         P2  5.68e+24  4.94e+04         1
      Real equilibrium constants(bimolecular units - cm^3):
        Q/Q        W1        P1        P2
         W1         1  2.83e-24  5.73e-29
         P1  3.53e+23         1  2.02e-05
         P2  1.74e+28  4.94e+04         1
   MasterEquation::set:  done, cpu time[sec] = 1.87, elapsed time[sec] = 0
   MasterEquation::direct_diagonalization_method:  starts
      Pressure = 1 bar	 Temperature = 1000 K
      collision frequency = 3.98186e+09 1/sec
      global relaxation matrix dimension = 338
      setting global matrices ... done, cpu time[sec] = 0.09, elapsed time[sec] = 0
      diagonalizing global relaxation matrix ... done, cpu time[sec] = 0.74, elapsed time[sec] = 0
      minimal relaxation eigenvalue / collision frequency = 0.954682
      maximal relaxation eigenvalue / collision frequency = 5.15407e+08
      microscopic rate coefficients (at reference energy) over collision frequency:
             W1->P1       W1->P2
        5.15193e+08       213566
      eigenvector populations normalized:
          L        *R        *P        W1
          0     0.812     0.893         1
         *R - eigenvalue over the relaxation limit
         *P - eigenvector projection squared on the relaxation subspace
      eigenvector projections:
          L        *Q        *P        W1
          0     0.775     0.893    -0.327
         *Z       ---       ---   4.7e+11
         *Q - eigenvalue over the collision frequency
         *P - eigenvector projection squared on the relaxation subspace
         *Z - well partition function square root
      dimension of the chemical subspace = 0
      isomers-to-bimolecular equilibrium coefficients (kappa matrix):
        W\P       P1       P2
         W1        1        0
   MasterEquation::direct_diagonalization_method:  done, cpu time[sec] = 0.95, elapsed time[sec] = 0
   MasterEquation::set:  starts
      Temperature      = 1.1e+03 K
      Collision rate   = 5.6e-10cm^3/sec
      Energy reference = 2.6e+04 1/cm
      Energy step      = 78 1/cm
      setting wells, barriers, and bimolecular starts
         W1 Well: density of states done, elapsed time[sec] = 0
         W1 Well: cannot satisfy the constant collision frequency at energy = -1.2e+02 1/cm, truncating the well
         W1 Well: collisional energy transfer kernel done, elapsed time[sec] = 0.35
         W1 Well: relaxation modes basis done, elapsed time[sec] = 0.05
         W1 Well: kernel in relaxation modes basis done, elapsed time[sec] = 1.1
         W1 Well: relaxation eigenvalues done, elapsed time[sec] = 0.23
         W1 Well: minimal relaxation eigenvalue = 0.29
         W1 Well: maximal relaxation eigenvalue = 1.1
         W1 Well:       grid size = 331
         W1 Well:      real depth = -699 1/cm
         W1 Well: effective depth = -122 1/cm
         B1 Barrier:        grid size = 330
         B1 Barrier:      real height = 0 1/cm
         B1 Barrier: effective height = -44 1/cm
         B2 Barrier:        grid size = 330
         B2 Barrier:      real height = 0 1/cm
         B2 Barrier: effective height = -44 1/cm
      setting wells, barriers, and bimolecular done, cpu time[sec] = 1.8, elapsed time[sec] = 1
      Bound Species (D1/D2 - density of states at dissociation energy (DE)/reference energy):
       Name  Depth     DE      *D1      *D2
              1/cm   1/cm       cm       cm
         W1   -122    -44     55.7 6.52e+07
      Well-to-Bimolecular Barriers (N - number of states at the reference energy):
       Name Height       *N
              1/cm         
         B1    -44  4.6e+15
         B2    -44 2.33e+12
      Effective equilibrium constants(bimolecular units - cm^3):
        Q/Q        W1        P1        P2
         W1         1  6.03e-21  3.02e-25
         P1  1.66e+20         1  5.02e-05
         P2  3.31e+24  1.99e+04         1
      Real equilibrium constants(bimolecular units - cm^3):
        Q/Q        W1        P1        P2
         W1         1  2.31e-24  1.16e-28
         P1  4.33e+23         1  5.02e-05
         P2  8.64e+27  1.99e+04         1
   MasterEquation::set:  done, cpu time[sec] = 1.76, elapsed time[sec] = 1
   MasterEquation::direct_diagonalization_method:  starts
      Pressure = 1 bar	 Temperature = 1125 K
      collision frequency = 3.62552e+09 1/sec
      global relaxation matrix dimension = 331
      setting global matrices ... done, cpu time[sec] = 0.08, elapsed time[sec] = 0
      diagonalizing global relaxation matrix ... done, cpu time[sec] = 0.69, elapsed time[sec] = 0
      minimal relaxation eigenvalue / collision frequency = 211557
      maximal relaxation eigenvalue / collision frequency = 5.8338e+08
      microscopic rate coefficients (at reference energy) over collision frequency:
             W1->P1       W1->P2
        5.83084e+08       295794
      eigenvector populations normalized:
          L        *R        *P        W1
          0   4.6e-06     0.987         1
         *R - eigenvalue over the relaxation limit
         *P - eigenvector projection squared on the relaxation subspace
      eigenvector projections:
          L        *Q        *P        W1
          0     0.974     0.987     0.115
         *Z       ---       ---  4.28e+11
         *Q - eigenvalue over the collision frequency
         *P - eigenvector projection squared on the relaxation subspace
         *Z - well partition function square root
      dimension of the chemical subspace = 0
      isomers-to-bimolecular equilibrium coefficients (kappa matrix):
        W\P       P1       P2
         W1        1        0
   MasterEquation::direct_diagonalization_method:  done, cpu time[sec] = 0.89, elapsed time[sec] = 0
   MasterEquation::set:  starts
      Temperature      = 1.2e+03 K
      Collision rate   = 5.8e-10cm^3/sec
      Energy reference = 2.8e+04 1/cm
      Energy step      = 87 1/cm
      setting wells, barriers, and bimolecular starts
         W1 Well: density of states done, elapsed time[sec] = 0
         W1 Well: cannot satisfy the constant collision frequency at energy = -1.5e+02 1/cm, truncating the well
         W1 Well: cannot satisfy the constant collision frequency at energy = 4.6e+02 1/cm, truncating the well
         W1 Well: cannot satisfy the constant collision frequency at energy = 5.5e+02 1/cm, truncating the well
         W1 Well: collisional energy transfer kernel done, elapsed time[sec] = 0.66
         W1 Well: relaxation modes basis done, elapsed time[sec] = 0.06
         W1 Well: kernel in relaxation modes basis done, elapsed time[sec] = 1
         W1 Well: relaxation eigenvalues done, elapsed time[sec] = 0.2
         W1 Well: minimal relaxation eigenvalue = 0.29
         W1 Well: maximal relaxation eigenvalue = 1
         W1 Well:       grid size = 319
         W1 Well:      real depth = -699 1/cm
         W1 Well: effective depth = 549 1/cm
         B1 Barrier:        grid size = 326
         B1 Barrier:      real height = 0 1/cm
         B1 Barrier: effective height = -60 1/cm
         B2 Barrier:        grid size = 326
         B2 Barrier:      real height = 0 1/cm
         B2 Barrier: effective height = -60 1/cm
      setting wells, barriers, and bimolecular done, cpu time[sec] = 1.9, elapsed time[sec] = 0
      B1 barrier top is lower than the bottom of the well it connects => truncating
      MasterEquation::Barrier::truncate: grid size = 319
      MasterEquation::Barrier::truncate: real weight = 1.6e+24
      MasterEquation::Barrier::truncate: effective weight = 6.2e+20
      B2 barrier top is lower than the bottom of the well it connects => truncating
      MasterEquation::Barrier::truncate: grid size = 319
      MasterEquation::Barrier::truncate: real weight = 2e+19
      MasterEquation::Barrier::truncate: effective weight = 8.1e+15
      Bound Species (D1/D2 - density of states at dissociation energy (DE)/reference energy):
       Name  Depth     DE      *D1      *D2
              1/cm   1/cm       cm       cm
         W1    550    550      173 1.23e+08
      Well-to-Bimolecular Barriers (N - number of states at the reference energy):
       Name Height       *N
              1/cm         
         B1    550 8.88e+15
         B2    550 5.38e+12
      Effective equilibrium constants(bimolecular units - cm^3):
        Q/Q        W1        P1        P2
         W1         1  4.27e-21  4.47e-25
         P1  2.34e+20         1  0.000105
         P2  2.24e+24  9.55e+03         1
      Real equilibrium constants(bimolecular units - cm^3):
        Q/Q        W1        P1        P2
         W1         1  1.95e-24  2.04e-28
         P1  5.14e+23         1  0.000105
         P2   4.9e+27  9.55e+03         1
   MasterEquation::set:  done, cpu time[sec] = 1.93, elapsed time[sec] = 0
   MasterEquation::direct_diagonalization_method:  starts
      Pressure = 1 bar	 Temperature = 1250 K
      collision frequency = 3.34101e+09 1/sec
      global relaxation matrix dimension = 319
      setting global matrices ... done, cpu time[sec] = 0.07, elapsed time[sec] = 0
      diagonalizing global relaxation matrix ... done, cpu time[sec] = 0.65, elapsed time[sec] = 0
      minimal relaxation eigenvalue / collision frequency = 5.49689e+07
      maximal relaxation eigenvalue / collision frequency = 6.48375e+08
      microscopic rate coefficients (at reference energy) over collision frequency:
             W1->P1       W1->P2
        6.47982e+08       392987
      eigenvector populations normalized:
          L        *R        *P        W1
          0     0.893     0.984         1
         *R - eigenvalue over the relaxation limit
         *P - eigenvector projection squared on the relaxation subspace
      eigenvector projections:
          L        *Q        *P        W1
          0  4.91e+07     0.984     0.126
         *Z       ---       ---  4.02e+11
         *Q - eigenvalue over the collision frequency
         *P - eigenvector projection squared on the relaxation subspace
         *Z - well partition function square root
      dimension of the chemical subspace = 0
      isomers-to-bimolecular equilibrium coefficients (kappa matrix):
        W\P       P1       P2
         W1        1        0
   MasterEquation::direct_diagonalization_method:  done, cpu time[sec] = 0.82, elapsed time[sec] = 0
   MasterEquation::set:  starts
      Temperature      = 1.4e+03 K
      Collision rate   = 5.9e-10cm^3/sec
      Energy reference = 3.1e+04 1/cm
      Energy step      = 96 1/cm
      setting wells, barriers, and bimolecular starts
         W1 Well: density of states done, elapsed time[sec] = 0
         W1 Well: cannot satisfy the constant collision frequency at energy = 4.8e+02 1/cm, truncating the well
         W1 Well: cannot satisfy the constant collision frequency at energy = 6.7e+02 1/cm, truncating the well
         W1 Well: collisional energy transfer kernel done, elapsed time[sec] = 0.48
         W1 Well: relaxation modes basis done, elapsed time[sec] = 0.06
         W1 Well: kernel in relaxation modes basis done, elapsed time[sec] = 0.98
         W1 Well: relaxation eigenvalues done, elapsed time[sec] = 0.2
         W1 Well: minimal relaxation eigenvalue = 0.28
         W1 Well: maximal relaxation eigenvalue = 1
         W1 Well:       grid size = 315
         W1 Well:      real depth = -699 1/cm
         W1 Well: effective depth = 668 1/cm
         B1 Barrier:        grid size = 322
         B1 Barrier:      real height = 0 1/cm
         B1 Barrier: effective height = -2 1/cm
         B2 Barrier:        grid size = 322
         B2 Barrier:      real height = 0 1/cm
         B2 Barrier: effective height = -2 1/cm
      setting wells, barriers, and bimolecular done, cpu time[sec] = 1.7, elapsed time[sec] = 0
      B1 barrier top is lower than the bottom of the well it connects => truncating
      MasterEquation::Barrier::truncate: grid size = 315
      MasterEquation::Barrier::truncate: real weight = 1.8e+24
      MasterEquation::Barrier::truncate: effective weight = 8e+20
      B2 barrier top is lower than the bottom of the well it connects => truncating
      MasterEquation::Barrier::truncate: grid size = 315
      MasterEquation::Barrier::truncate: real weight = 3.4e+19
      MasterEquation::Barrier::truncate: effective weight = 1.5e+16
      Bound Species (D1/D2 - density of states at dissociation energy (DE)/reference energy):
       Name  Depth     DE      *D1      *D2
              1/cm   1/cm       cm       cm
         W1    669    669      217 2.22e+08
      Well-to-Bimolecular Barriers (N - number of states at the reference energy):
       Name Height       *N
              1/cm         
         B1    669 1.63e+16
         B2    669 1.16e+13
      Effective equilibrium constants(bimolecular units - cm^3):
        Q/Q        W1        P1        P2
         W1         1  3.43e-21  6.63e-25
         P1  2.91e+20         1  0.000193
         P2  1.51e+24  5.18e+03         1
      Real equilibrium constants(bimolecular units - cm^3):
        Q/Q        W1        P1        P2
         W1         1  1.69e-24  3.26e-28
         P1  5.93e+23         1  0.000193
         P2  3.07e+27  5.18e+03         1
   MasterEquation::set:  done, cpu time[sec] = 1.73, elapsed time[sec] = 0
   MasterEquation::direct_diagonalization_method:  starts
      Pressure = 1 bar	 Temperature = 1375 K
      collision frequency = 3.10788e+09 1/sec
      global relaxation matrix dimension = 315
      setting global matrices ... done, cpu time[sec] = 0.07, elapsed time[sec] = 0
      diagonalizing global relaxation matrix ... done, cpu time[sec] = 0.65, elapsed time[sec] = 0
      minimal relaxation eigenvalue / collision frequency = 6.89408e+07
      maximal relaxation eigenvalue / collision frequency = 7.10447e+08
      microscopic rate coefficients (at reference energy) over collision frequency:
             W1->P1       W1->P2
        7.09941e+08       505214
      eigenvector populations normalized:
          L        *R        *P        W1
          0     0.911     0.986         1
         *R - eigenvalue over the relaxation limit
         *P - eigenvector projection squared on the relaxation subspace
      eigenvector projections:
          L        *Q        *P        W1
          0  6.28e+07     0.986     0.119
         *Z       ---       ---  4.09e+11
         *Q - eigenvalue over the collision frequency
         *P - eigenvector projection squared on the relaxation subspace
         *Z - well partition function square root
      dimension of the chemical subspace = 0
      isomers-to-bimolecular equilibrium coefficients (kappa matrix):
        W\P       P1       P2
         W1        1        0
   MasterEquation::direct_diagonalization_method:  done, cpu time[sec] = 0.82, elapsed time[sec] = 0
   MasterEquation::set:  starts
      Temperature      = 1.5e+03 K
      Collision rate   = 6e-10cm^3/sec
      Energy reference = 3.4e+04 1/cm
      Energy step      = 1e+02 1/cm
      setting wells, barriers, and bimolecular starts
         W1 Well: density of states done, elapsed time[sec] = 0.01
         W1 Well: cannot satisfy the constant collision frequency at energy = 4.4e+02 1/cm, truncating the well
         W1 Well: cannot satisfy the constant collision frequency at energy = 6.5e+02 1/cm, truncating the well
         W1 Well: cannot satisfy the constant collision frequency at energy = 7.5e+02 1/cm, truncating the well
         W1 Well: collisional energy transfer kernel done, elapsed time[sec] = 0.63
         W1 Well: relaxation modes basis done, elapsed time[sec] = 0.06
         W1 Well: kernel in relaxation modes basis done, elapsed time[sec] = 0.99
         W1 Well: relaxation eigenvalues done, elapsed time[sec] = 0.2
         W1 Well: minimal relaxation eigenvalue = 0.27
         W1 Well: maximal relaxation eigenvalue = 1
         W1 Well:       grid size = 315
         W1 Well:      real depth = -699 1/cm
         W1 Well: effective depth = 754 1/cm
         B1 Barrier:        grid size = 323
         B1 Barrier:      real height = 0 1/cm
         B1 Barrier: effective height = -76 1/cm
         B2 Barrier:        grid size = 323
         B2 Barrier:      real height = 0 1/cm
         B2 Barrier: effective height = -76 1/cm
      setting wells, barriers, and bimolecular done, cpu time[sec] = 1.9, elapsed time[sec] = 0
      B1 barrier top is lower than the bottom of the well it connects => truncating
      MasterEquation::Barrier::truncate: grid size = 315
      MasterEquation::Barrier::truncate: real weight = 2.2e+24
      MasterEquation::Barrier::truncate: effective weight = 1e+21
      B2 barrier top is lower than the bottom of the well it connects => truncating
      MasterEquation::Barrier::truncate: grid size = 315
      MasterEquation::Barrier::truncate: real weight = 5.4e+19
      MasterEquation::Barrier::truncate: effective weight = 2.6e+16
      Bound Species (D1/D2 - density of states at dissociation energy (DE)/reference energy):
       Name  Depth     DE      *D1      *D2
              1/cm   1/cm       cm       cm
         W1    755    755      255 3.84e+08
      Well-to-Bimolecular Barriers (N - number of states at the reference energy):
       Name Height       *N
              1/cm         
         B1    755 2.87e+16
         B2    755 2.36e+13
      Effective equilibrium constants(bimolecular units - cm^3):
        Q/Q        W1        P1        P2
         W1         1  2.87e-21  9.31e-25
         P1  3.48e+20         1  0.000324
         P2  1.07e+24  3.08e+03         1
      Real equilibrium constants(bimolecular units - cm^3):
        Q/Q        W1        P1        P2
         W1         1  1.49e-24  4.84e-28
         P1   6.7e+23         1  0.000324
         P2  2.07e+27  3.08e+03         1
   MasterEquation::set:  done, cpu time[sec] = 1.9, elapsed time[sec] = 0
   MasterEquation::direct_diagonalization_method:  starts
      Pressure = 1 bar	 Temperature = 1500 K
      collision frequency = 2.91291e+09 1/sec
      global relaxation matrix dimension = 315
      setting global matrices ... done, cpu time[sec] = 0.07, elapsed time[sec] = 0
      diagonalizing global relaxation matrix ... done, cpu time[sec] = 0.66, elapsed time[sec] = 0
      minimal relaxation eigenvalue / collision frequency = 8.30722e+07
      maximal relaxation eigenvalue / collision frequency = 7.69672e+08
      microscopic rate coefficients (at reference energy) over collision frequency:
             W1->P1       W1->P2
         7.6904e+08       632329
      eigenvector populations normalized:
          L        *R        *P        W1
          0     0.883     0.988         1
         *R - eigenvalue over the relaxation limit
         *P - eigenvector projection squared on the relaxation subspace
      eigenvector projections:
          L        *Q        *P        W1
          0  7.34e+07     0.988     0.111
         *Z       ---       ---  4.26e+11
         *Q - eigenvalue over the collision frequency
         *P - eigenvector projection squared on the relaxation subspace
         *Z - well partition function square root
      dimension of the chemical subspace = 0
      isomers-to-bimolecular equilibrium coefficients (kappa matrix):
        W\P       P1       P2
         W1        1        0
   MasterEquation::direct_diagonalization_method:  done, cpu time[sec] = 0.84, elapsed time[sec] = 0
   MasterEquation::set:  starts
      Temperature      = 1.6e+03 K
      Collision rate   = 6.2e-10cm^3/sec
      Energy reference = 3.6e+04 1/cm
      Energy step      = 1.1e+02 1/cm
      setting wells, barriers, and bimolecular starts
         W1 Well: density of states done, elapsed time[sec] = 0
         W1 Well: cannot satisfy the constant collision frequency at energy = 5.3e+02 1/cm, truncating the well
         W1 Well: cannot satisfy the constant collision frequency at energy = 7.5e+02 1/cm, truncating the well
         W1 Well: cannot satisfy the constant collision frequency at energy = 8.7e+02 1/cm, truncating the well
         W1 Well: collisional energy transfer kernel done, elapsed time[sec] = 0.6
         W1 Well: relaxation modes basis done, elapsed time[sec] = 0.07
         W1 Well: kernel in relaxation modes basis done, elapsed time[sec] = 0.94
         W1 Well: relaxation eigenvalues done, elapsed time[sec] = 0.2
         W1 Well: minimal relaxation eigenvalue = 0.27
         W1 Well: maximal relaxation eigenvalue = 1
         W1 Well:       grid size = 312
         W1 Well:      real depth = -699 1/cm
         W1 Well: effective depth = 866 1/cm
         B1 Barrier:        grid size = 320
         B1 Barrier:      real height = 0 1/cm
         B1 Barrier: effective height = -37 1/cm
         B2 Barrier:        grid size = 320
         B2 Barrier:      real height = 0 1/cm
         B2 Barrier: effective height = -37 1/cm
      setting wells, barriers, and bimolecular done, cpu time[sec] = 1.8, elapsed time[sec] = 0
      B1 barrier top is lower than the bottom of the well it connects => truncating
      MasterEquation::Barrier::truncate: grid size = 312
      MasterEquation::Barrier::truncate: real weight = 2.7e+24
      MasterEquation::Barrier::truncate: effective weight = 1.4e+21
      B2 barrier top is lower than the bottom of the well it connects => truncating
      MasterEquation::Barrier::truncate: grid size = 312
      MasterEquation::Barrier::truncate: real weight = 8.5e+19
      MasterEquation::Barrier::truncate: effective weight = 4.4e+16
      Bound Species (D1/D2 - density of states at dissociation energy (DE)/reference energy):
       Name  Depth     DE      *D1      *D2
              1/cm   1/cm       cm       cm
         W1    867    867      298 6.44e+08
      Well-to-Bimolecular Barriers (N - number of states at the reference energy):
       Name Height       *N
              1/cm         
         B1    867 4.87e+16
         B2    867 4.57e+13
      Effective equilibrium constants(bimolecular units - cm^3):
        Q/Q        W1        P1        P2
         W1         1  2.41e-21  1.22e-24
         P1  4.14e+20         1  0.000506
         P2  8.19e+23  1.98e+03         1
      Real equilibrium constants(bimolecular units - cm^3):
        Q/Q        W1        P1        P2
         W1         1  1.34e-24  6.79e-28
         P1  7.45e+23         1  0.000506
         P2  1.47e+27  1.98e+03         1
   MasterEquation::set:  done, cpu time[sec] = 1.82, elapsed time[sec] = 0
   MasterEquation::direct_diagonalization_method:  starts
      Pressure = 1 bar	 Temperature = 1625 K
      collision frequency = 2.74714e+09 1/sec
      global relaxation matrix dimension = 312
      setting global matrices ... done, cpu time[sec] = 0.07, elapsed time[sec] = 0
      diagonalizing global relaxation matrix ... done, cpu time[sec] = 0.61, elapsed time[sec] = 0
      minimal relaxation eigenvalue / collision frequency = 9.87293e+07
      maximal relaxation eigenvalue / collision frequency = 8.26197e+08
      microscopic rate coefficients (at reference energy) over collision frequency:
             W1->P1       W1->P2
        8.25423e+08       774245
      eigenvector populations normalized:
          L        *R        *P        W1
          0     0.896     0.989         1
         *R - eigenvalue over the relaxation limit
         *P - eigenvector projection squared on the relaxation subspace
      eigenvector projections:
          L        *Q        *P        W1
          0  8.85e+07     0.989     0.103
         *Z       ---       ---  4.47e+11
         *Q - eigenvalue over the collision frequency
         *P - eigenvector projection squared on the relaxation subspace
         *Z - well partition function square root
      dimension of the chemical subspace = 0
      isomers-to-bimolecular equilibrium coefficients (kappa matrix):
        W\P       P1       P2
         W1        1        0
   MasterEquation::direct_diagonalization_method:  done, cpu time[sec] = 0.78, elapsed time[sec] = 0
   MasterEquation::set:  starts
      Temperature      = 1.8e+03 K
      Collision rate   = 6.3e-10cm^3/sec
      Energy reference = 3.9e+04 1/cm
      Energy step      = 1.2e+02 1/cm
      setting wells, barriers, and bimolecular starts
         W1 Well: density of states done, elapsed time[sec] = 0
         W1 Well: cannot satisfy the constant collision frequency at energy = 6.6e+02 1/cm, truncating the well
         W1 Well: cannot satisfy the constant collision frequency at energy = 1e+03 1/cm, truncating the well
         W1 Well: collisional energy transfer kernel done, elapsed time[sec] = 0.46
         W1 Well: relaxation modes basis done, elapsed time[sec] = 0.05
         W1 Well: kernel in relaxation modes basis done, elapsed time[sec] = 0.94
         W1 Well: relaxation eigenvalues done, elapsed time[sec] = 0.19
         W1 Well: minimal relaxation eigenvalue = 0.26
         W1 Well: maximal relaxation eigenvalue = 1
         W1 Well:       grid size = 309
         W1 Well:      real depth = -699 1/cm
         W1 Well: effective depth = 1029 1/cm
         B1 Barrier:        grid size = 318
         B1 Barrier:      real height = 0 1/cm
         B1 Barrier: effective height = -67 1/cm
         B2 Barrier:        grid size = 318
         B2 Barrier:      real height = 0 1/cm
         B2 Barrier: effective height = -67 1/cm
      setting wells, barriers, and bimolecular done, cpu time[sec] = 1.6, elapsed time[sec] = 1
      B1 barrier top is lower than the bottom of the well it connects => truncating
      MasterEquation::Barrier::truncate: grid size = 309
      MasterEquation::Barrier::truncate: real weight = 3.3e+24
      MasterEquation::Barrier::truncate: effective weight = 1.8e+21
      B2 barrier top is lower than the bottom of the well it connects => truncating
      MasterEquation::Barrier::truncate: grid size = 309
      MasterEquation::Barrier::truncate: real weight = 1.3e+20
      MasterEquation::Barrier::truncate: effective weight = 7.4e+16
      Bound Species (D1/D2 - density of states at dissociation energy (DE)/reference energy):
       Name  Depth     DE      *D1      *D2
              1/cm   1/cm       cm       cm
         W1   1030   1030      379 1.05e+09
      Well-to-Bimolecular Barriers (N - number of states at the reference energy):
       Name Height       *N
              1/cm         
         B1   1030    8e+16
         B2   1030 8.47e+13
      Effective equilibrium constants(bimolecular units - cm^3):
        Q/Q        W1        P1        P2
         W1         1  2.06e-21  1.53e-24
         P1  4.86e+20         1  0.000746
         P2  6.52e+23  1.34e+03         1
      Real equilibrium constants(bimolecular units - cm^3):
        Q/Q        W1        P1        P2
         W1         1  1.22e-24  9.13e-28
         P1  8.17e+23         1  0.000746
         P2  1.09e+27  1.34e+03         1
   MasterEquation::set:  done, cpu time[sec] = 1.64, elapsed time[sec] = 1
   MasterEquation::direct_diagonalization_method:  starts
      Pressure = 1 bar	 Temperature = 1750 K
      collision frequency = 2.60423e+09 1/sec
      global relaxation matrix dimension = 309
      setting global matrices ... done, cpu time[sec] = 0.07, elapsed time[sec] = 0
      diagonalizing global relaxation matrix ... done, cpu time[sec] = 0.6, elapsed time[sec] = 0
      minimal relaxation eigenvalue / collision frequency = 1.14077e+08
      maximal relaxation eigenvalue / collision frequency = 8.80139e+08
      microscopic rate coefficients (at reference energy) over collision frequency:
             W1->P1       W1->P2
        8.79208e+08       930654
      eigenvector populations normalized:
          L        *R        *P        W1
          0     0.913      0.99         1
         *R - eigenvalue over the relaxation limit
         *P - eigenvector projection squared on the relaxation subspace
      eigenvector projections:
          L        *Q        *P        W1
          0  1.04e+08      0.99    0.0984
         *Z       ---       ---  4.74e+11
         *Q - eigenvalue over the collision frequency
         *P - eigenvector projection squared on the relaxation subspace
         *Z - well partition function square root
      dimension of the chemical subspace = 0
      isomers-to-bimolecular equilibrium coefficients (kappa matrix):
        W\P       P1       P2
         W1        1        0
   MasterEquation::direct_diagonalization_method:  done, cpu time[sec] = 0.77, elapsed time[sec] = 0
   MasterEquation::set:  starts
      Temperature      = 1.9e+03 K
      Collision rate   = 6.4e-10cm^3/sec
      Energy reference = 4.1e+04 1/cm
      Energy step      = 1.3e+02 1/cm
      setting wells, barriers, and bimolecular starts
         W1 Well: density of states done, elapsed time[sec] = 0.01
         W1 Well: cannot satisfy the constant collision frequency at energy = 9e+02 1/cm, truncating the well
         W1 Well: cannot satisfy the constant collision frequency at energy = 1.3e+03 1/cm, truncating the well
         W1 Well: cannot satisfy the constant collision frequency at energy = 1.7e+03 1/cm, truncating the well
         W1 Well: cannot satisfy the constant collision frequency at energy = 1.8e+03 1/cm, truncating the well
         W1 Well: collisional energy transfer kernel done, elapsed time[sec] = 0.71
         W1 Well: relaxation modes basis done, elapsed time[sec] = 0.07
         W1 Well: kernel in relaxation modes basis done, elapsed time[sec] = 0.87
         W1 Well: relaxation eigenvalues done, elapsed time[sec] = 0.18
         W1 Well: minimal relaxation eigenvalue = 0.26
         W1 Well: maximal relaxation eigenvalue = 1
         W1 Well:       grid size = 304
         W1 Well:      real depth = -699 1/cm
         W1 Well: effective depth = 1814 1/cm
         B1 Barrier:        grid size = 318
         B1 Barrier:      real height = 0 1/cm
         B1 Barrier: effective height = -6 1/cm
         B2 Barrier:        grid size = 318
         B2 Barrier:      real height = 0 1/cm
         B2 Barrier: effective height = -6 1/cm
      setting wells, barriers, and bimolecular done, cpu time[sec] = 1.8, elapsed time[sec] = 0
      B1 barrier top is lower than the bottom of the well it connects => truncating
      MasterEquation::Barrier::truncate: grid size = 304
      MasterEquation::Barrier::truncate: real weight = 4e+24
      MasterEquation::Barrier::truncate: effective weight = 2.3e+21
      B2 barrier top is lower than the bottom of the well it connects => truncating
      MasterEquation::Barrier::truncate: grid size = 304
      MasterEquation::Barrier::truncate: real weight = 2e+20
      MasterEquation::Barrier::truncate: effective weight = 1.2e+17
      Bound Species (D1/D2 - density of states at dissociation energy (DE)/reference energy):
       Name  Depth     DE      *D1      *D2
              1/cm   1/cm       cm       cm
         W1   1815   1815      953 1.66e+09
      Well-to-Bimolecular Barriers (N - number of states at the reference energy):
       Name Height       *N
              1/cm         
         B1   1815 1.28e+17
         B2   1815 1.51e+14
      Effective equilibrium constants(bimolecular units - cm^3):
        Q/Q        W1        P1        P2
         W1         1  1.71e-21   1.8e-24
         P1  5.83e+20         1   0.00105
         P2  5.55e+23       952         1
      Real equilibrium constants(bimolecular units - cm^3):
        Q/Q        W1        P1        P2
         W1         1  1.13e-24  1.19e-27
         P1  8.86e+23         1   0.00105
         P2  8.43e+26       952         1
   MasterEquation::set:  done, cpu time[sec] = 1.84, elapsed time[sec] = 0
   MasterEquation::direct_diagonalization_method:  starts
      Pressure = 1 bar	 Temperature = 1875 K
      collision frequency = 2.47956e+09 1/sec
      global relaxation matrix dimension = 304
      setting global matrices ... done, cpu time[sec] = 0.08, elapsed time[sec] = 0
      diagonalizing global relaxation matrix ... done, cpu time[sec] = 0.58, elapsed time[sec] = 0
      minimal relaxation eigenvalue / collision frequency = 1.81033e+08
      maximal relaxation eigenvalue / collision frequency = 9.31659e+08
      microscopic rate coefficients (at reference energy) over collision frequency:
             W1->P1       W1->P2
        9.30558e+08  1.10135e+06
      eigenvector populations normalized:
          L        *R        *P        W1
          0     0.947     0.989         1
         *R - eigenvalue over the relaxation limit
         *P - eigenvector projection squared on the relaxation subspace
      eigenvector projections:
          L        *Q        *P        W1
          0  1.71e+08     0.989     0.107
         *Z       ---       ---  4.96e+11
         *Q - eigenvalue over the collision frequency
         *P - eigenvector projection squared on the relaxation subspace
         *Z - well partition function square root
      dimension of the chemical subspace = 0
      isomers-to-bimolecular equilibrium coefficients (kappa matrix):
        W\P       P1       P2
         W1        1        0
   MasterEquation::direct_diagonalization_method:  done, cpu time[sec] = 0.76, elapsed time[sec] = 0
   MasterEquation::set:  starts
      Temperature      = 2e+03 K
      Collision rate   = 6.5e-10cm^3/sec
      Energy reference = 4.4e+04 1/cm
      Energy step      = 1.4e+02 1/cm
      setting wells, barriers, and bimolecular starts
         W1 Well: density of states done, elapsed time[sec] = 0
         W1 Well: cannot satisfy the constant collision frequency at energy = 1.1e+03 1/cm, truncating the well
         W1 Well: cannot satisfy the constant collision frequency at energy = 1.7e+03 1/cm, truncating the well
         W1 Well: cannot satisfy the constant collision frequency at energy = 2e+03 1/cm, truncating the well
         W1 Well: collisional energy transfer kernel done, elapsed time[sec] = 0.59
         W1 Well: relaxation modes basis done, elapsed time[sec] = 0.06
         W1 Well: kernel in relaxation modes basis done, elapsed time[sec] = 0.86
         W1 Well: relaxation eigenvalues done, elapsed time[sec] = 0.18
         W1 Well: minimal relaxation eigenvalue = 0.25
         W1 Well: maximal relaxation eigenvalue = 1
         W1 Well:       grid size = 302
         W1 Well:      real depth = -699 1/cm
         W1 Well: effective depth = 1962 1/cm
         B1 Barrier:        grid size = 317
         B1 Barrier:      real height = 0 1/cm
         B1 Barrier: effective height = -122 1/cm
         B2 Barrier:        grid size = 317
         B2 Barrier:      real height = 0 1/cm
         B2 Barrier: effective height = -122 1/cm
      setting wells, barriers, and bimolecular done, cpu time[sec] = 1.7, elapsed time[sec] = 0
      B1 barrier top is lower than the bottom of the well it connects => truncating
      MasterEquation::Barrier::truncate: grid size = 302
      MasterEquation::Barrier::truncate: real weight = 5e+24
      MasterEquation::Barrier::truncate: effective weight = 3.1e+21
      B2 barrier top is lower than the bottom of the well it connects => truncating
      MasterEquation::Barrier::truncate: grid size = 302
      MasterEquation::Barrier::truncate: real weight = 3e+20
      MasterEquation::Barrier::truncate: effective weight = 1.9e+17
      Bound Species (D1/D2 - density of states at dissociation energy (DE)/reference energy):
       Name  Depth     DE      *D1      *D2
              1/cm   1/cm       cm       cm
         W1   1963   1963 1.14e+03 2.56e+09
      Well-to-Bimolecular Barriers (N - number of states at the reference energy):
       Name Height       *N
              1/cm         
         B1   1963 1.99e+17
         B2   1963 2.61e+14
      Effective equilibrium constants(bimolecular units - cm^3):
        Q/Q        W1        P1        P2
         W1         1  1.52e-21  2.16e-24
         P1   6.6e+20         1   0.00142
         P2  4.64e+23       703         1
      Real equilibrium constants(bimolecular units - cm^3):
        Q/Q        W1        P1        P2
         W1         1  1.05e-24   1.5e-27
         P1  9.52e+23         1   0.00142
         P2  6.69e+26       703         1
   MasterEquation::set:  done, cpu time[sec] = 1.69, elapsed time[sec] = 0
   MasterEquation::direct_diagonalization_method:  starts
      Pressure = 1 bar	 Temperature = 2000 K
      collision frequency = 2.3697e+09 1/sec
      global relaxation matrix dimension = 302
      setting global matrices ... done, cpu time[sec] = 0.08, elapsed time[sec] = 0
      diagonalizing global relaxation matrix ... done, cpu time[sec] = 0.57, elapsed time[sec] = 0
      minimal relaxation eigenvalue / collision frequency = 2.04741e+08
      maximal relaxation eigenvalue / collision frequency = 9.80909e+08
      microscopic rate coefficients (at reference energy) over collision frequency:
             W1->P1       W1->P2
        9.79623e+08  1.28611e+06
      eigenvector populations normalized:
          L        *R        *P        W1
          0     0.938      0.99         1
         *R - eigenvalue over the relaxation limit
         *P - eigenvector projection squared on the relaxation subspace
      eigenvector projections:
          L        *Q        *P        W1
          0  1.92e+08      0.99     0.101
         *Z       ---       ---  5.36e+11
         *Q - eigenvalue over the collision frequency
         *P - eigenvector projection squared on the relaxation subspace
         *Z - well partition function square root
      dimension of the chemical subspace = 0
      isomers-to-bimolecular equilibrium coefficients (kappa matrix):
        W\P       P1       P2
         W1        1        0
   MasterEquation::direct_diagonalization_method:  done, cpu time[sec] = 0.74, elapsed time[sec] = 0
rate calculation done, cpu time[sec] = 47, elapsed time[sec] = 4
