Model::init:  starts
   Model::ExponentialKernel::ExponentialKernel:  ... done
   Model::LennardJonesCollision::LennardJonesCollision:  ... done
   WELL: W0
   Model::RRHO::RRHO:  starts
      Model::new_core:  starts
         Model::RigidRotor::RigidRotor:  starts
            molecular geometry will be used to estimate rotational constants
            rotational configuration: nonlinear
            rotational constants[1/cm]:         23.7897       0.601083        0.58627
         Model::RigidRotor::RigidRotor:  done, cpu time[sec] = 0.005004, elapsed time[sec] = 0
      Model::new_core:  done, cpu time[sec] = 0.006078, elapsed time[sec] = 0
      ground state energy, kcal/mol:   0.15
      interpolating states number/density starts
         core state contribution ... done, cpu time[sec] = 0.183299, elapsed time[sec] = 0
         electronic states contribution ... done, cpu time[sec] = 0.004334, elapsed time[sec] = 0
         vibrational modes contribution ... done, cpu time[sec] = 0.027174, elapsed time[sec] = 0
         effective power exponent at 399.849 kcal/mol = 6.36045
      interpolating states number/density done, cpu time[sec] = 1.24228, elapsed time[sec] = 0
   Model::RRHO::RRHO:  done, cpu time[sec] = 1.40672, elapsed time[sec] = 0
   WELL: W1
   Model::RRHO::RRHO:  starts
      Model::new_core:  starts
         Model::RigidRotor::RigidRotor:  starts
            molecular geometry will be used to estimate rotational constants
            rotational configuration: nonlinear
            rotational constants[1/cm]:         2.27757        1.07738         0.7314
         Model::RigidRotor::RigidRotor:  done, cpu time[sec] = 0.001248, elapsed time[sec] = 0
      Model::new_core:  done, cpu time[sec] = 0.001837, elapsed time[sec] = 0
      ground state energy, kcal/mol:   0.19
      interpolating states number/density starts
         core state contribution ... done, cpu time[sec] = 0.103285, elapsed time[sec] = 0
         electronic states contribution ... done, cpu time[sec] = 0.003284, elapsed time[sec] = 0
         vibrational modes contribution ... done, cpu time[sec] = 0.017158, elapsed time[sec] = 0
         effective power exponent at 399.809 kcal/mol = 6.35945
      interpolating states number/density done, cpu time[sec] = 2.23155, elapsed time[sec] = 0
   Model::RRHO::RRHO:  done, cpu time[sec] = 2.23651, elapsed time[sec] = 0
   WELL: W2
   Model::RRHO::RRHO:  starts
      Model::new_core:  starts
         Model::RigidRotor::RigidRotor:  starts
            molecular geometry will be used to estimate rotational constants
            rotational configuration: nonlinear
            rotational constants[1/cm]:         23.7897       0.601083        0.58627
         Model::RigidRotor::RigidRotor:  done, cpu time[sec] = 0.001016, elapsed time[sec] = 0
      Model::new_core:  done, cpu time[sec] = 0.001625, elapsed time[sec] = 0
      ground state energy, kcal/mol:   0.15
      interpolating states number/density starts
         core state contribution ... done, cpu time[sec] = 0.330446, elapsed time[sec] = 0
         electronic states contribution ... done, cpu time[sec] = 0.002701, elapsed time[sec] = 0
         vibrational modes contribution ... done, cpu time[sec] = 0.016935, elapsed time[sec] = 0
         effective power exponent at 399.849 kcal/mol = 6.36045
      interpolating states number/density done, cpu time[sec] = 0.806638, elapsed time[sec] = 0
   Model::RRHO::RRHO:  done, cpu time[sec] = 0.81008, elapsed time[sec] = 0
   WELL: W3
   Model::RRHO::RRHO:  starts
      Model::new_core:  starts
         Model::RigidRotor::RigidRotor:  starts
            molecular geometry will be used to estimate rotational constants
            rotational configuration: nonlinear
            rotational constants[1/cm]:         1.78953        1.33461       0.764474
         Model::RigidRotor::RigidRotor:  done, cpu time[sec] = 9.3e-05, elapsed time[sec] = 0
      Model::new_core:  done, cpu time[sec] = 0.000134, elapsed time[sec] = 0
      ground state energy, kcal/mol:   0.21
      interpolating states number/density starts
         core state contribution ... done, cpu time[sec] = 0.001926, elapsed time[sec] = 0
         electronic states contribution ... done, cpu time[sec] = 6.2e-05, elapsed time[sec] = 0
         vibrational modes contribution ... done, cpu time[sec] = 0.000346, elapsed time[sec] = 0
         effective power exponent at 399.789 kcal/mol = 6.35813
      interpolating states number/density done, cpu time[sec] = 0.023318, elapsed time[sec] = 0
   Model::RRHO::RRHO:  done, cpu time[sec] = 0.023619, elapsed time[sec] = 0
   WELL: W4
   Model::RRHO::RRHO:  starts
      Model::new_core:  starts
         Model::RigidRotor::RigidRotor:  starts
            molecular geometry will be used to estimate rotational constants
            rotational configuration: nonlinear
            rotational constants[1/cm]:         9.52595        1.29538        1.14032
         Model::RigidRotor::RigidRotor:  done, cpu time[sec] = 2.5e-05, elapsed time[sec] = 0
      Model::new_core:  done, cpu time[sec] = 3.7e-05, elapsed time[sec] = 0
      ground state energy, kcal/mol:   -86.72
      interpolating states number/density starts
         core state contribution ... done, cpu time[sec] = 0.001706, elapsed time[sec] = 0
         vibrational modes contribution ... done, cpu time[sec] = 0.000215, elapsed time[sec] = 0
         effective power exponent at 486.717 kcal/mol = 6.27499
      interpolating states number/density done, cpu time[sec] = 0.015589, elapsed time[sec] = 0
   Model::RRHO::RRHO:  done, cpu time[sec] = 0.015689, elapsed time[sec] = 0
   WELL: W5t
   Model::RRHO::RRHO:  starts
      Model::new_core:  starts
         Model::RigidRotor::RigidRotor:  starts
            molecular geometry will be used to estimate rotational constants
            rotational configuration: nonlinear
            rotational constants[1/cm]:         9.65604        1.21662        1.08048
         Model::RigidRotor::RigidRotor:  done, cpu time[sec] = 1.5e-05, elapsed time[sec] = 0
      Model::new_core:  done, cpu time[sec] = 2.2e-05, elapsed time[sec] = 0
      ground state energy, kcal/mol:   -34.55
      interpolating states number/density starts
         core state contribution ... done, cpu time[sec] = 0.001048, elapsed time[sec] = 0
         vibrational modes contribution ... done, cpu time[sec] = 0.000199, elapsed time[sec] = 0
         effective power exponent at 434.55 kcal/mol = 6.24835
      interpolating states number/density done, cpu time[sec] = 0.012474, elapsed time[sec] = 0
   Model::RRHO::RRHO:  done, cpu time[sec] = 0.012532, elapsed time[sec] = 0
Model::init:  done, cpu time[sec] = 4.52129, elapsed time[sec] = 0
