Model::init:  starts
   Model::ExponentialKernel::ExponentialKernel:  ... done
   Model::LennardJonesCollision::LennardJonesCollision:  ... done
   WELL: W0
   Model::RRHO::RRHO:  starts
      Model::new_core:  starts
         Model::RigidRotor::RigidRotor:  starts
            molecular geometry will be used to estimate rotational constants
            rotational configuration: nonlinear
            rotational constants[1/cm]:         23.7897       0.601083        0.58627
         Model::RigidRotor::RigidRotor:  done, cpu time[sec] = 0.011644, elapsed time[sec] = 0
      Model::new_core:  done, cpu time[sec] = 0.012902, elapsed time[sec] = 0
      ground state energy, kcal/mol:   0.15
      interpolating states number/density starts
         core state contribution ... done, cpu time[sec] = 0.183707, elapsed time[sec] = 0
         electronic states contribution ... done, cpu time[sec] = 0.00472, elapsed time[sec] = 0
         vibrational modes contribution ... done, cpu time[sec] = 0.030094, elapsed time[sec] = 0
         effective power exponent at 399.849 kcal/mol = 6.36045
      interpolating states number/density done, cpu time[sec] = 1.32323, elapsed time[sec] = 0
   Model::RRHO::RRHO:  done, cpu time[sec] = 1.3401, elapsed time[sec] = 0
   WELL: W1
   Model::RRHO::RRHO:  starts
      Model::new_core:  starts
         Model::RigidRotor::RigidRotor:  starts
            molecular geometry will be used to estimate rotational constants
            rotational configuration: nonlinear
            rotational constants[1/cm]:         2.27757        1.07738         0.7314
         Model::RigidRotor::RigidRotor:  done, cpu time[sec] = 0.001217, elapsed time[sec] = 0
      Model::new_core:  done, cpu time[sec] = 0.001799, elapsed time[sec] = 0
      ground state energy, kcal/mol:   0.19
      interpolating states number/density starts
         core state contribution ... done, cpu time[sec] = 0.107915, elapsed time[sec] = 0
         electronic states contribution ... done, cpu time[sec] = 0.002997, elapsed time[sec] = 0
         vibrational modes contribution ... done, cpu time[sec] = 0.019236, elapsed time[sec] = 0
         effective power exponent at 399.809 kcal/mol = 6.35945
      interpolating states number/density done, cpu time[sec] = 1.10115, elapsed time[sec] = 0
   Model::RRHO::RRHO:  done, cpu time[sec] = 1.10575, elapsed time[sec] = 0
   WELL: W2
   Model::RRHO::RRHO:  starts
      Model::new_core:  starts
         Model::RigidRotor::RigidRotor:  starts
            molecular geometry will be used to estimate rotational constants
            rotational configuration: nonlinear
            rotational constants[1/cm]:         23.7897       0.601083        0.58627
         Model::RigidRotor::RigidRotor:  done, cpu time[sec] = 0.001114, elapsed time[sec] = 0
      Model::new_core:  done, cpu time[sec] = 0.001684, elapsed time[sec] = 0
      ground state energy, kcal/mol:   0.15
      interpolating states number/density starts
         core state contribution ... done, cpu time[sec] = 0.097733, elapsed time[sec] = 0
         electronic states contribution ... done, cpu time[sec] = 0.003244, elapsed time[sec] = 0
         vibrational modes contribution ... done, cpu time[sec] = 0.018253, elapsed time[sec] = 0
         effective power exponent at 399.849 kcal/mol = 6.36045
      interpolating states number/density done, cpu time[sec] = 1.03149, elapsed time[sec] = 0
   Model::RRHO::RRHO:  done, cpu time[sec] = 1.03567, elapsed time[sec] = 0
   WELL: W3
   Model::RRHO::RRHO:  starts
      Model::new_core:  starts
         Model::RigidRotor::RigidRotor:  starts
            molecular geometry will be used to estimate rotational constants
            rotational configuration: nonlinear
            rotational constants[1/cm]:         1.78953        1.33461       0.764474
         Model::RigidRotor::RigidRotor:  done, cpu time[sec] = 0.001021, elapsed time[sec] = 0
      Model::new_core:  done, cpu time[sec] = 0.001599, elapsed time[sec] = 0
      ground state energy, kcal/mol:   0.21
      interpolating states number/density starts
         core state contribution ... done, cpu time[sec] = 0.097176, elapsed time[sec] = 0
         electronic states contribution ... done, cpu time[sec] = 0.002872, elapsed time[sec] = 0
         vibrational modes contribution ... done, cpu time[sec] = 0.017928, elapsed time[sec] = 0
         effective power exponent at 399.789 kcal/mol = 6.35813
      interpolating states number/density done, cpu time[sec] = 1.0352, elapsed time[sec] = 1
   Model::RRHO::RRHO:  done, cpu time[sec] = 1.0392, elapsed time[sec] = 1
   WELL: W4
   Model::RRHO::RRHO:  starts
      Model::new_core:  starts
         Model::RigidRotor::RigidRotor:  starts
            molecular geometry will be used to estimate rotational constants
            rotational configuration: nonlinear
            rotational constants[1/cm]:         9.52595        1.29538        1.14032
         Model::RigidRotor::RigidRotor:  done, cpu time[sec] = 0.000992, elapsed time[sec] = 0
      Model::new_core:  done, cpu time[sec] = 0.001569, elapsed time[sec] = 0
      ground state energy, kcal/mol:   -86.72
      interpolating states number/density starts
         core state contribution ... done, cpu time[sec] = 0.124636, elapsed time[sec] = 0
         vibrational modes contribution ... done, cpu time[sec] = 0.015964, elapsed time[sec] = 0
         effective power exponent at 486.717 kcal/mol = 6.27499
      interpolating states number/density done, cpu time[sec] = 0.224558, elapsed time[sec] = 0
   Model::RRHO::RRHO:  done, cpu time[sec] = 0.227921, elapsed time[sec] = 0
   WELL: W5t
   Model::RRHO::RRHO:  starts
      Model::new_core:  starts
         Model::RigidRotor::RigidRotor:  starts
            molecular geometry will be used to estimate rotational constants
            rotational configuration: nonlinear
            rotational constants[1/cm]:         9.65604        1.21662        1.08048
         Model::RigidRotor::RigidRotor:  done, cpu time[sec] = 1.4e-05, elapsed time[sec] = 0
      Model::new_core:  done, cpu time[sec] = 2e-05, elapsed time[sec] = 0
      ground state energy, kcal/mol:   -34.55
      interpolating states number/density starts
         core state contribution ... done, cpu time[sec] = 0.001032, elapsed time[sec] = 0
         vibrational modes contribution ... done, cpu time[sec] = 0.000186, elapsed time[sec] = 0
         effective power exponent at 434.55 kcal/mol = 6.24835
      interpolating states number/density done, cpu time[sec] = 0.012165, elapsed time[sec] = 0
   Model::RRHO::RRHO:  done, cpu time[sec] = 0.012215, elapsed time[sec] = 0
Model::init:  done, cpu time[sec] = 4.78052, elapsed time[sec] = 1
