Wells (G - ground energy, D - dissociation limit, kcal/mol):
      Name        G        D
        W1    -88.2      0.0

Bimolecular Products (G - ground energy, kcal/mol):
      Name        G
        P1      0.0
        P2     11.2
        P3    -46.9

Well-to-Bimolecular Barriers (H/G - barrier height/well depth, kcal/mol)
      Name        H     Well        G  Product
        B1      0.0       W1    -88.2       P1
        B2     11.2       W1    -88.2       P2
        B3     33.3       W1    -88.2       P3

________________________________________________________________________________________

Unimolecular Rate Units: 1/sec;  Bimolecular Rate Units: cm^3/sec

______________________________________________________________________________________

Species-Species Rate Tables:

Temperature = 298 K

High Pressure Rate Coefficients:

From\To            W1           P1           P2           P3
W1                ***  7.62052e-50  2.03722e-58  1.82025e-62
P1        5.07766e-11          ***          ***          ***
P2        1.88996e-10          ***          ***          ***
P3        2.80427e-56          ***          ***          ***

Temperature = 298 K    Pressure = 0.5 atm

From\To            W1           P1           P2           P3
W1        7.55731e-50  7.55731e-50  4.15179e-59  2.14082e-65
P1        5.03554e-11  5.03554e-11  1.08019e-19  9.47622e-30
P2        3.85168e-11  1.50396e-10  1.88913e-10  2.31372e-25
P3        3.29813e-59  2.19101e-62  3.84224e-67  3.30032e-59

Temperature = 299 K

High Pressure Rate Coefficients:

From\To            W1           P1           P2           P3
W1                ***  1.26483e-49  3.59228e-58  2.57275e-62
P1        5.07321e-11          ***          ***          ***
P2        1.89117e-10          ***          ***          ***
P3        3.11814e-56          ***          ***          ***

Temperature = 299 K    Pressure = 0.5 atm

From\To            W1           P1           P2           P3
W1        1.25413e-49  1.25413e-49  7.27262e-59  3.44287e-65
P1        5.03028e-11  5.03028e-11  1.14855e-19  9.77358e-30
P2        3.82869e-11   1.5075e-10  1.89037e-10  2.35807e-25
P3        4.17271e-59  2.95327e-62  5.42868e-67  4.17566e-59

______________________________________________________________________________________

High Pressure Rate Coefficients (Temperature-Species Rate Tables):

   T(K)       W1->W1       W1->P1       W1->P2       W1->P3
    298          ***  7.62052e-50  2.03722e-58  1.82025e-62
    299          ***  1.26483e-49  3.59228e-58  2.57275e-62

   T(K)       P1->W1       P1->P1       P1->P2       P1->P3
    298  5.07766e-11          ***          ***          ***
    299  5.07321e-11          ***          ***          ***

   T(K)       P2->W1       P2->P1       P2->P2       P2->P3
    298  1.88996e-10          ***          ***          ***
    299  1.89117e-10          ***          ***          ***

   T(K)       P3->W1       P3->P1       P3->P2       P3->P3
    298  2.80427e-56          ***          ***          ***
    299  3.11814e-56          ***          ***          ***

Capture/Escape Rate Coefficients:

   T(K)           W1           P1           P2           P3
    298  7.62052e-50  5.07766e-11  1.88996e-10  2.80427e-56
    299  1.26483e-49  5.07321e-11  1.89117e-10  3.11814e-56

______________________________________________________________________________________

Pressure-Species Rate Tables:

   Temperature = 298 K

   P(atm)       W1->P1       W1->P2       W1->P3         W1->
      0.5  7.55731e-50  4.15179e-59  2.14082e-65  7.55731e-50
    O-O  7.62052e-50  2.03722e-58  1.82025e-62  7.62052e-50

   Temperature = 299 K

   P(atm)       W1->P1       W1->P2       W1->P3         W1->
      0.5  1.25413e-49  7.27262e-59  3.44287e-65  1.25413e-49
    O-O  1.26483e-49  3.59228e-58  2.57275e-62  1.26483e-49

   Temperature = 298 K

   P(atm)       P1->W1       P1->P2       P1->P3         P1->
      0.5  5.03554e-11  1.08019e-19  9.47622e-30  5.03554e-11
    O-O  5.07766e-11          ***          ***  5.07766e-11

   Temperature = 299 K

   P(atm)       P1->W1       P1->P2       P1->P3         P1->
      0.5  5.03028e-11  1.14855e-19  9.77358e-30  5.03028e-11
    O-O  5.07321e-11          ***          ***  5.07321e-11

   Temperature = 298 K

   P(atm)       P2->W1       P2->P1       P2->P3         P2->
      0.5  3.85168e-11  1.50396e-10  2.31372e-25  1.88913e-10
    O-O  1.88996e-10          ***          ***  1.88996e-10

   Temperature = 299 K

   P(atm)       P2->W1       P2->P1       P2->P3         P2->
      0.5  3.82869e-11   1.5075e-10  2.35807e-25  1.89037e-10
    O-O  1.89117e-10          ***          ***  1.89117e-10

   Temperature = 298 K

   P(atm)       P3->W1       P3->P1       P3->P2         P3->
      0.5  3.29813e-59  2.19101e-62  3.84224e-67  3.30032e-59
    O-O  2.80427e-56          ***          ***  2.80427e-56

   Temperature = 299 K

   P(atm)       P3->W1       P3->P1       P3->P2         P3->
      0.5  4.17271e-59  2.95327e-62  5.42868e-67  4.17566e-59
    O-O  3.11814e-56          ***          ***  3.11814e-56

______________________________________________________________________________________

Temperature-Species Rate Tables:

   Pressure = 0.5 atm

   T(K)       W1->P1       W1->P2       W1->P3         W1->      Capture
    298  7.55731e-50  4.15179e-59  2.14082e-65  7.55731e-50  7.62052e-50
    299  1.25413e-49  7.27262e-59  3.44287e-65  1.25413e-49  1.26483e-49

   Pressure = 0.5 atm

   T(K)       P1->W1       P1->P2       P1->P3         P1->      Capture
    298  5.03554e-11  1.08019e-19  9.47622e-30  5.03554e-11  5.07766e-11
    299  5.03028e-11  1.14855e-19  9.77358e-30  5.03028e-11  5.07321e-11

   Pressure = 0.5 atm

   T(K)       P2->W1       P2->P1       P2->P3         P2->      Capture
    298  3.85168e-11  1.50396e-10  2.31372e-25  1.88913e-10  1.88996e-10
    299  3.82869e-11   1.5075e-10  2.35807e-25  1.89037e-10  1.89117e-10

   Pressure = 0.5 atm

   T(K)       P3->W1       P3->P1       P3->P2         P3->      Capture
    298  3.29813e-59  2.19101e-62  3.84224e-67  3.30032e-59  2.80427e-56
    299  4.17271e-59  2.95327e-62  5.42868e-67  4.17566e-59  3.11814e-56

______________________________________________________________________________________

Temperature-Pressure Rate Tables:

W1->P1

P\T              298          299
0.5      7.55731e-50  1.25413e-49
O-O      7.62052e-50  1.26483e-49

W1->P2

P\T              298          299
0.5      4.15179e-59  7.27262e-59
O-O      2.03722e-58  3.59228e-58

W1->P3

P\T              298          299
0.5      2.14082e-65  3.44287e-65
O-O      1.82025e-62  2.57275e-62

P1->W1

P\T              298          299
0.5      5.03554e-11  5.03028e-11
O-O      5.07766e-11  5.07321e-11

P1->P2

P\T              298          299
0.5      1.08019e-19  1.14855e-19
O-O              ***          ***

P1->P3

P\T              298          299
0.5      9.47622e-30  9.77358e-30
O-O              ***          ***

P2->W1

P\T              298          299
0.5      3.85168e-11  3.82869e-11
O-O      1.88996e-10  1.89117e-10

P2->P1

P\T              298          299
0.5      1.50396e-10   1.5075e-10
O-O              ***          ***

P2->P3

P\T              298          299
0.5      2.31372e-25  2.35807e-25
O-O              ***          ***

P3->W1

P\T              298          299
0.5      3.29813e-59  4.17271e-59
O-O      2.80427e-56  3.11814e-56

P3->P1

P\T              298          299
0.5      2.19101e-62  2.95327e-62
O-O              ***          ***

P3->P2

P\T              298          299
0.5      3.84224e-67  5.42868e-67
O-O              ***          ***

W1-> 

P\T              298          299
0.5      7.55731e-50  1.25413e-49
O-O      7.62052e-50  1.26483e-49

P1-> 

P\T              298          299
0.5      5.03554e-11  5.03028e-11
O-O      5.07766e-11  5.07321e-11

P2-> 

P\T              298          299
0.5      1.88913e-10  1.89037e-10
O-O      1.88996e-10  1.89117e-10

P3-> 

P\T              298          299
0.5      3.30032e-59  4.17566e-59
O-O      2.80427e-56  3.11814e-56

