Model::init:  starts
   Model::ExponentialKernel::ExponentialKernel:  ... done
   Model::LennardJonesCollision::LennardJonesCollision:  ... done
   WELL: W0
   Model::RRHO::RRHO:  starts
      Model::new_core:  starts
         Model::RigidRotor::RigidRotor:  starts
            molecular geometry will be used to estimate rotational constants
            rotational configuration: nonlinear
            rotational constants[1/cm]:         23.7897       0.601083        0.58627
         Model::RigidRotor::RigidRotor:  done, cpu time[sec] = 0.002861, elapsed time[sec] = 0
      Model::new_core:  done, cpu time[sec] = 0.003579, elapsed time[sec] = 0
      ground state energy, kcal/mol:   0.15
      interpolating states number/density starts
         core state contribution ... done, cpu time[sec] = 0.108575, elapsed time[sec] = 0
         electronic states contribution ... done, cpu time[sec] = 0.011984, elapsed time[sec] = 0
         vibrational modes contribution ... done, cpu time[sec] = 0.025394, elapsed time[sec] = 0
         effective power exponent at 399.849 kcal/mol = 6.36045
      interpolating states number/density done, cpu time[sec] = 1.1578, elapsed time[sec] = 0
   Model::RRHO::RRHO:  done, cpu time[sec] = 1.17553, elapsed time[sec] = 0
   WELL: W1
   Model::RRHO::RRHO:  starts
      Model::new_core:  starts
         Model::RigidRotor::RigidRotor:  starts
            molecular geometry will be used to estimate rotational constants
            rotational configuration: nonlinear
            rotational constants[1/cm]:         2.27757        1.07738         0.7314
         Model::RigidRotor::RigidRotor:  done, cpu time[sec] = 0.011034, elapsed time[sec] = 0
      Model::new_core:  done, cpu time[sec] = 0.030708, elapsed time[sec] = 0
      ground state energy, kcal/mol:   0.19
      interpolating states number/density starts
         core state contribution ... done, cpu time[sec] = 0.11337, elapsed time[sec] = 0
         electronic states contribution ... done, cpu time[sec] = 0.012289, elapsed time[sec] = 0
         vibrational modes contribution ... done, cpu time[sec] = 0.026118, elapsed time[sec] = 0
         effective power exponent at 399.809 kcal/mol = 6.35945
      interpolating states number/density done, cpu time[sec] = 1.1199, elapsed time[sec] = 0
   Model::RRHO::RRHO:  done, cpu time[sec] = 1.18337, elapsed time[sec] = 0
   WELL: W2
   Model::RRHO::RRHO:  starts
      Model::new_core:  starts
         Model::RigidRotor::RigidRotor:  starts
            molecular geometry will be used to estimate rotational constants
            rotational configuration: nonlinear
            rotational constants[1/cm]:         23.7897       0.601083        0.58627
         Model::RigidRotor::RigidRotor:  done, cpu time[sec] = 0.010971, elapsed time[sec] = 0
      Model::new_core:  done, cpu time[sec] = 0.030936, elapsed time[sec] = 0
      ground state energy, kcal/mol:   0.15
      interpolating states number/density starts
         core state contribution ... done, cpu time[sec] = 0.102001, elapsed time[sec] = 0
         electronic states contribution ... done, cpu time[sec] = 0.012509, elapsed time[sec] = 0
         vibrational modes contribution ... done, cpu time[sec] = 0.027047, elapsed time[sec] = 0
         effective power exponent at 399.849 kcal/mol = 6.36045
      interpolating states number/density done, cpu time[sec] = 1.07041, elapsed time[sec] = 0
   Model::RRHO::RRHO:  done, cpu time[sec] = 1.13483, elapsed time[sec] = 0
   WELL: W3
   Model::RRHO::RRHO:  starts
      Model::new_core:  starts
         Model::RigidRotor::RigidRotor:  starts
            molecular geometry will be used to estimate rotational constants
            rotational configuration: nonlinear
            rotational constants[1/cm]:         1.78953        1.33461       0.764474
         Model::RigidRotor::RigidRotor:  done, cpu time[sec] = 0.01079, elapsed time[sec] = 0
      Model::new_core:  done, cpu time[sec] = 0.03086, elapsed time[sec] = 0
      ground state energy, kcal/mol:   0.21
      interpolating states number/density starts
         core state contribution ... done, cpu time[sec] = 0.105389, elapsed time[sec] = 0
         electronic states contribution ... done, cpu time[sec] = 0.012412, elapsed time[sec] = 0
         vibrational modes contribution ... done, cpu time[sec] = 0.026068, elapsed time[sec] = 0
         effective power exponent at 399.789 kcal/mol = 6.35813
      interpolating states number/density done, cpu time[sec] = 0.839752, elapsed time[sec] = 0
   Model::RRHO::RRHO:  done, cpu time[sec] = 0.892099, elapsed time[sec] = 0
   WELL: W4
   Model::RRHO::RRHO:  starts
      Model::new_core:  starts
         Model::RigidRotor::RigidRotor:  starts
            molecular geometry will be used to estimate rotational constants
            rotational configuration: nonlinear
            rotational constants[1/cm]:         9.52595        1.29538        1.14032
         Model::RigidRotor::RigidRotor:  done, cpu time[sec] = 0.000123, elapsed time[sec] = 0
      Model::new_core:  done, cpu time[sec] = 0.000189, elapsed time[sec] = 0
      ground state energy, kcal/mol:   -86.72
      interpolating states number/density starts
         core state contribution ... done, cpu time[sec] = 0.008553, elapsed time[sec] = 0
         vibrational modes contribution ... done, cpu time[sec] = 0.000226, elapsed time[sec] = 0
         effective power exponent at 486.717 kcal/mol = 6.27499
      interpolating states number/density done, cpu time[sec] = 0.026082, elapsed time[sec] = 0
   Model::RRHO::RRHO:  done, cpu time[sec] = 0.026501, elapsed time[sec] = 0
   WELL: W5t
   Model::RRHO::RRHO:  starts
      Model::new_core:  starts
         Model::RigidRotor::RigidRotor:  starts
            molecular geometry will be used to estimate rotational constants
            rotational configuration: nonlinear
            rotational constants[1/cm]:         9.65604        1.21662        1.08048
         Model::RigidRotor::RigidRotor:  done, cpu time[sec] = 1.5e-05, elapsed time[sec] = 0
      Model::new_core:  done, cpu time[sec] = 2.1e-05, elapsed time[sec] = 0
      ground state energy, kcal/mol:   -34.55
      interpolating states number/density starts
         core state contribution ... done, cpu time[sec] = 0.001051, elapsed time[sec] = 0
         vibrational modes contribution ... done, cpu time[sec] = 0.000195, elapsed time[sec] = 0
         effective power exponent at 434.55 kcal/mol = 6.24835
      interpolating states number/density done, cpu time[sec] = 0.012264, elapsed time[sec] = 0
   Model::RRHO::RRHO:  done, cpu time[sec] = 0.012323, elapsed time[sec] = 0
Model::init:  done, cpu time[sec] = 4.46913, elapsed time[sec] = 0
