Model::init:  starts
   Model::ExponentialKernel::ExponentialKernel:  ... done
   Model::LennardJonesCollision::LennardJonesCollision:  ... done
   WELL: W1
   Model::RRHO::RRHO:  starts
      Model::new_core:  starts
         Model::RigidRotor::RigidRotor:  starts
         Model::RigidRotor::RigidRotor:  done, cpu time[sec] = 0.00149, elapsed time[sec] = 0
      Model::new_core:  done, cpu time[sec] = 0.003318, elapsed time[sec] = 0
      ground state energy, kcal/mol:   -40.5421
      interpolating states number/density starts
         core state contribution ... done, cpu time[sec] = 0.122514, elapsed time[sec] = 0
         vibrational modes contribution ... done, cpu time[sec] = 0.018125, elapsed time[sec] = 0
         effective power exponent at 440.54 kcal/mol = 6.25672
      interpolating states number/density done, cpu time[sec] = 1.31274, elapsed time[sec] = 0
   Model::RRHO::RRHO:  done, cpu time[sec] = 1.32126, elapsed time[sec] = 0
   WELL: W2
   Model::RRHO::RRHO:  starts
      Model::new_core:  starts
         Model::RigidRotor::RigidRotor:  starts
         Model::RigidRotor::RigidRotor:  done, cpu time[sec] = 0.001042, elapsed time[sec] = 0
      Model::new_core:  done, cpu time[sec] = 0.00164, elapsed time[sec] = 0
      ground state energy, kcal/mol:   -85.7732
      interpolating states number/density starts
         core state contribution ... done, cpu time[sec] = 0.135977, elapsed time[sec] = 0
         vibrational modes contribution ... done, cpu time[sec] = 0.021771, elapsed time[sec] = 0
         effective power exponent at 485.771 kcal/mol = 6.27826
      interpolating states number/density done, cpu time[sec] = 1.41121, elapsed time[sec] = 0
   Model::RRHO::RRHO:  done, cpu time[sec] = 1.41596, elapsed time[sec] = 0
   WELL: W3
   Model::RRHO::RRHO:  starts
      Model::new_core:  starts
         Model::RigidRotor::RigidRotor:  starts
         Model::RigidRotor::RigidRotor:  done, cpu time[sec] = 0.001071, elapsed time[sec] = 0
      Model::new_core:  done, cpu time[sec] = 0.00165, elapsed time[sec] = 0
      ground state energy, kcal/mol:   -45.7457
      interpolating states number/density starts
         core state contribution ... done, cpu time[sec] = 0.109311, elapsed time[sec] = 0
         vibrational modes contribution ... done, cpu time[sec] = 0.02039, elapsed time[sec] = 0
         effective power exponent at 445.743 kcal/mol = 6.2594
      interpolating states number/density done, cpu time[sec] = 1.23117, elapsed time[sec] = 0
   Model::RRHO::RRHO:  done, cpu time[sec] = 1.23577, elapsed time[sec] = 0
   BIMOLECULAR: R
   Model::Bimolecular::Bimolecular:  starts
      Model::RRHO::RRHO:  starts
         Model::new_core:  starts
            Model::RigidRotor::RigidRotor:  starts
               molecular geometry will be used to estimate rotational constants
               rotational configuration: nonlinear
               rotational constants[1/cm]:         20.4757        1.10907        1.05209
            Model::RigidRotor::RigidRotor:  done, cpu time[sec] = 0.004342, elapsed time[sec] = 0
         Model::new_core:  done, cpu time[sec] = 0.004925, elapsed time[sec] = 0
         ground state energy, kcal/mol:   0
      Model::RRHO::RRHO:  done, cpu time[sec] = 0.006669, elapsed time[sec] = 0
      Model::AtomicFragment::AtomicFragment:  ... done
   Model::Bimolecular::Bimolecular:  done, cpu time[sec] = 0.010736, elapsed time[sec] = 0
   BIMOLECULAR: P1
   Model::Bimolecular::Bimolecular:  starts
      Model::RRHO::RRHO:  starts
         Model::new_core:  starts
            Model::RigidRotor::RigidRotor:  starts
               molecular geometry will be used to estimate rotational constants
               rotational configuration: linear
               rotational constant[1/cm]:         18.7626
            Model::RigidRotor::RigidRotor:  done, cpu time[sec] = 0.000744, elapsed time[sec] = 0
         Model::new_core:  done, cpu time[sec] = 0.001295, elapsed time[sec] = 0
         ground state energy, kcal/mol:   0
      Model::RRHO::RRHO:  done, cpu time[sec] = 0.002739, elapsed time[sec] = 0
      Model::RRHO::RRHO:  starts
         Model::new_core:  starts
            Model::RigidRotor::RigidRotor:  starts
               molecular geometry will be used to estimate rotational constants
               rotational configuration: linear
               rotational constant[1/cm]:         18.7626
            Model::RigidRotor::RigidRotor:  done, cpu time[sec] = 0.000723, elapsed time[sec] = 0
         Model::new_core:  done, cpu time[sec] = 0.001255, elapsed time[sec] = 0
         ground state energy, kcal/mol:   0
      Model::RRHO::RRHO:  done, cpu time[sec] = 0.00273, elapsed time[sec] = 0
   Model::Bimolecular::Bimolecular:  done, cpu time[sec] = 0.009448, elapsed time[sec] = 0
   BIMOLECULAR: P2
   Model::Bimolecular::Bimolecular:  starts
      Model::RRHO::RRHO:  starts
         Model::new_core:  starts
            Model::RigidRotor::RigidRotor:  starts
               molecular geometry will be used to estimate rotational constants
               rotational configuration: nonlinear
               rotational constants[1/cm]:          26.957        14.5288        9.44065
            Model::RigidRotor::RigidRotor:  done, cpu time[sec] = 0.000816, elapsed time[sec] = 0
         Model::new_core:  done, cpu time[sec] = 0.0014, elapsed time[sec] = 0
         ground state energy, kcal/mol:   0
      Model::RRHO::RRHO:  done, cpu time[sec] = 0.002964, elapsed time[sec] = 0
      Model::AtomicFragment::AtomicFragment:  ... done
   Model::Bimolecular::Bimolecular:  done, cpu time[sec] = 0.005546, elapsed time[sec] = 0
   BIMOLECULAR: P3
   Model::Bimolecular::Bimolecular:  starts
   Model::Bimolecular::Bimolecular:  done, cpu time[sec] = 0.000321, elapsed time[sec] = 0
   BARRIER: B1
   Model::RRHO::RRHO:  starts
      Model::new_core:  starts
         Model::Rotd::Rotd :  starts
            WARNING: zero number of states energy is not initialized: will try to estimate it from the data
            grid size = 600
            effective power exponent at 85.6303 kcal/mol = 5.44923
            zero number of states energy = 0 1/cm
         Model::Rotd::Rotd :  done, cpu time[sec] = 0.053832, elapsed time[sec] = 0
      Model::new_core:  done, cpu time[sec] = 0.054452, elapsed time[sec] = 0
      ground state energy, kcal/mol:   0
      interpolating states number/density starts
         core state contribution ... done, cpu time[sec] = 0.374146, elapsed time[sec] = 0
         effective power exponent at 399.998 kcal/mol = 5.44923
      interpolating states number/density done, cpu time[sec] = 0.692247, elapsed time[sec] = 0
   Model::RRHO::RRHO:  done, cpu time[sec] = 0.748066, elapsed time[sec] = 0
   BARRIER: B2
   Model::RRHO::RRHO:  starts
      Model::new_core:  starts
         Model::Rotd::Rotd :  starts
            WARNING: zero number of states energy is not initialized: will try to estimate it from the data
            grid size = 600
            effective power exponent at 85.6303 kcal/mol = 4.95348
            zero number of states energy = 0 1/cm
         Model::Rotd::Rotd :  done, cpu time[sec] = 0.000554, elapsed time[sec] = 0
      Model::new_core:  done, cpu time[sec] = 0.00056, elapsed time[sec] = 0
      ground state energy, kcal/mol:   0
      interpolating states number/density starts
         core state contribution ... done, cpu time[sec] = 0.003644, elapsed time[sec] = 0
         effective power exponent at 399.998 kcal/mol = 4.95348
      interpolating states number/density done, cpu time[sec] = 0.012998, elapsed time[sec] = 0
   Model::RRHO::RRHO:  done, cpu time[sec] = 0.01358, elapsed time[sec] = 0
   BARRIER: B3
   Model::RRHO::RRHO:  starts
      Model::new_core:  starts
         Model::Rotd::Rotd :  starts
            WARNING: zero number of states energy is not initialized: will try to estimate it from the data
            grid size = 600
            effective power exponent at 85.6303 kcal/mol = 4.28316
            zero number of states energy = 0 1/cm
         Model::Rotd::Rotd :  done, cpu time[sec] = 0.000544, elapsed time[sec] = 0
      Model::new_core:  done, cpu time[sec] = 0.000551, elapsed time[sec] = 0
      ground state energy, kcal/mol:   -8.14845
      interpolating states number/density starts
         core state contribution ... done, cpu time[sec] = 0.00373, elapsed time[sec] = 0
         effective power exponent at 408.146 kcal/mol = 4.28316
      interpolating states number/density done, cpu time[sec] = 0.01328, elapsed time[sec] = 0
   Model::RRHO::RRHO:  done, cpu time[sec] = 0.01386, elapsed time[sec] = 0
   BARRIER: B4
   Model::RRHO::RRHO:  starts
      Model::new_core:  starts
         Model::Rotd::Rotd :  starts
            WARNING: zero number of states energy is not initialized: will try to estimate it from the data
            grid size = 900
            effective power exponent at 128.517 kcal/mol = 3.75528
            zero number of states energy = 0 1/cm
         Model::Rotd::Rotd :  done, cpu time[sec] = 0.00081, elapsed time[sec] = 0
      Model::new_core:  done, cpu time[sec] = 0.000815, elapsed time[sec] = 0
      ground state energy, kcal/mol:   -37.5973
      interpolating states number/density starts
         core state contribution ... done, cpu time[sec] = 0.004398, elapsed time[sec] = 0
         effective power exponent at 437.595 kcal/mol = 3.75528
      interpolating states number/density done, cpu time[sec] = 0.014698, elapsed time[sec] = 0
   Model::RRHO::RRHO:  done, cpu time[sec] = 0.015538, elapsed time[sec] = 0
   BARRIER: B5
   Model::RRHO::RRHO:  starts
      Model::new_core:  starts
         Model::RigidRotor::RigidRotor:  starts
         Model::RigidRotor::RigidRotor:  done, cpu time[sec] = 1e-05, elapsed time[sec] = 0
      Model::new_core:  done, cpu time[sec] = 1.5e-05, elapsed time[sec] = 0
      ground state energy, kcal/mol:   -34.7982
      interpolating states number/density starts
         core state contribution ... done, cpu time[sec] = 0.000972, elapsed time[sec] = 0
         electronic states contribution ... done, cpu time[sec] = 3.2e-05, elapsed time[sec] = 0
         vibrational modes contribution ... done, cpu time[sec] = 0.000146, elapsed time[sec] = 0
         effective power exponent at 434.796 kcal/mol = 6.34191
      interpolating states number/density done, cpu time[sec] = 0.011358, elapsed time[sec] = 0
   Model::RRHO::RRHO:  done, cpu time[sec] = 0.0114, elapsed time[sec] = 0
   BARRIER: B6
   Model::RRHO::RRHO:  starts
      Model::new_core:  starts
         Model::RigidRotor::RigidRotor:  starts
         Model::RigidRotor::RigidRotor:  done, cpu time[sec] = 9e-06, elapsed time[sec] = 0
      Model::new_core:  done, cpu time[sec] = 1.4e-05, elapsed time[sec] = 0
      ground state energy, kcal/mol:   -36.425
      interpolating states number/density starts
         core state contribution ... done, cpu time[sec] = 0.000974, elapsed time[sec] = 0
         vibrational modes contribution ... done, cpu time[sec] = 0.000159, elapsed time[sec] = 0
         effective power exponent at 436.423 kcal/mol = 6.29225
      interpolating states number/density done, cpu time[sec] = 0.011526, elapsed time[sec] = 0
   Model::RRHO::RRHO:  done, cpu time[sec] = 0.011567, elapsed time[sec] = 0
   BARRIER: B7
   Model::RRHO::RRHO:  starts
      Model::new_core:  starts
         Model::Rotd::Rotd :  starts
            WARNING: zero number of states energy is not initialized: will try to estimate it from the data
            grid size = 900
            effective power exponent at 128.517 kcal/mol = 3.84678
            zero number of states energy = 0 1/cm
         Model::Rotd::Rotd :  done, cpu time[sec] = 0.000825, elapsed time[sec] = 0
      Model::new_core:  done, cpu time[sec] = 0.000831, elapsed time[sec] = 0
      ground state energy, kcal/mol:   -37.5973
      interpolating states number/density starts
         core state contribution ... done, cpu time[sec] = 0.00433, elapsed time[sec] = 0
         effective power exponent at 437.595 kcal/mol = 3.84678
      interpolating states number/density done, cpu time[sec] = 0.014728, elapsed time[sec] = 0
   Model::RRHO::RRHO:  done, cpu time[sec] = 0.015585, elapsed time[sec] = 0
   checking input ... done
   setting connectivity ... done
   checking connectivity ... done
   setting dissociation limit ... done
   setting maximum barrier height ... done
   partition functions (relative to the ground level, units - 1/cm3):
     T\Q           W1           W2           W3          HO2            H           OH           OH          H2O        O(1D)           B6           B7           B1           B2           B3           B4           B5
     100  1.58858e+28  1.58858e+28  1.58858e+28  1.49698e+28  3.75861e+23  9.76161e+25  9.76161e+25   1.2131e+26   1.8793e+23  3.27075e+28  1.07607e+30  2.69619e+28  2.26895e+29  4.21652e+29   7.8285e+30  6.99845e+28
     200  1.28496e+29  1.28496e+29  1.28496e+29  1.19804e+29  1.06309e+24    5.522e+26    5.522e+26  9.70484e+26  5.31547e+23  2.64147e+29  9.53418e+30  2.20955e+29  2.30532e+30  4.44684e+30  1.14506e+32  6.08026e+29
     300  4.59574e+29  4.59574e+29  4.59574e+29  4.06619e+29  1.95303e+24  1.52168e+27  1.52168e+27  3.27659e+27  9.76515e+23  9.32224e+29   3.9699e+31  8.70066e+29  9.60569e+30  1.73007e+31  5.76651e+32  2.43402e+30
     400  1.21691e+30  1.21691e+30  1.21691e+30  9.82026e+29  3.00689e+24  3.12372e+27  3.12372e+27   7.7848e+27  1.50344e+24  2.39968e+30  1.13976e+32  2.48378e+30  2.75457e+31  4.51369e+31  1.85512e+33  7.16436e+30
     500   2.7553e+30   2.7553e+30   2.7553e+30  1.98455e+30  4.20225e+24  5.45703e+27  5.45703e+27  1.52987e+28  2.10113e+24  5.22973e+30  2.62528e+32  5.90732e+30  6.44585e+31  9.52706e+31  4.64538e+33  1.77001e+31
     600  5.64308e+30  5.64308e+30  5.64308e+30  3.59571e+30    5.524e+24  8.60911e+27  8.60911e+27  2.67253e+28    2.762e+24   1.0257e+31  5.23506e+32  1.24687e+31  1.32706e+32  1.76706e+32  9.89371e+33  3.88706e+31
     700  1.07492e+31  1.07492e+31  1.07492e+31  6.04719e+30  6.96104e+24  1.26612e+28  1.26612e+28  4.31051e+28  3.48052e+24  1.86728e+31  9.43702e+32  2.41565e+31  2.49927e+32  3.00637e+32  1.88033e+34  7.82828e+31
     800  1.93576e+31  1.93576e+31  1.93576e+31  9.62795e+30  8.50476e+24  1.76926e+28  1.76926e+28  6.56374e+28  4.25238e+24  3.21325e+31  1.57965e+33  4.38362e+31  4.40486e+32  4.80909e+32  3.28403e+34  1.47416e+32
     900  3.33142e+31  3.33142e+31  3.33142e+31  1.46924e+31  1.01482e+25  2.37834e+28  2.37834e+28  9.57061e+28  5.07412e+24   5.2888e+31  2.49906e+33  7.55129e+31  7.37167e+32  7.34497e+32  5.37467e+34  2.63003e+32
    1000  5.52152e+31  5.52152e+31  5.52152e+31  2.16698e+31  1.18858e+25  3.10169e+28  3.10169e+28  1.34908e+29  5.94288e+24  8.39492e+31  3.78253e+33  1.24644e+32  1.18317e+33  1.08202e+33   8.3561e+34  4.48756e+32
    1100  8.86429e+31  8.86429e+31  8.86429e+31  3.10738e+31  1.37125e+25  3.94807e+28  3.94807e+28  1.85081e+29  6.85624e+24  1.29276e+32  5.52523e+33  1.98511e+32  1.83439e+33  1.54833e+33  1.24647e+35   7.3748e+32
    1200  1.38459e+32  1.38459e+32  1.38459e+32   4.3514e+31  1.56242e+25  4.92669e+28  4.92669e+28  2.48335e+29  7.81212e+24  1.94007e+32  7.83876e+33  3.06651e+32  2.76212e+33  2.16305e+33  1.79723e+35  1.17364e+33
    1300  2.11162e+32  2.11162e+32  2.11162e+32  5.97064e+31  1.76174e+25  6.04719e+28  6.04719e+28  3.27078e+29   8.8087e+24  2.84724e+32  1.08529e+34  4.61361e+32  4.05597e+33  2.96131e+33  2.51899e+35  1.81642e+33
    1400  3.15326e+32  3.15326e+32  3.15326e+32   8.0486e+31  1.96888e+25  7.31967e+28  7.31967e+28  4.24047e+29   9.8444e+24  4.09763e+32  1.47177e+34  6.78279e+32  5.82732e+33  3.98437e+33  3.44711e+35  2.74339e+33
    1500  4.62122e+32  4.62122e+32  4.62122e+32  1.06819e+32  2.18355e+25  8.75461e+28  8.75461e+28  5.42335e+29  1.09178e+25  5.79571e+32  1.96049e+34  9.77043e+32  8.21306e+33  5.28039e+33  4.62158e+35  4.05475e+33
    1600  6.65945e+32  6.65945e+32  6.65945e+32  1.39817e+32  2.40551e+25  1.03629e+29  1.03629e+29  6.85422e+29  1.20275e+25  8.07113e+32  2.57104e+34  1.38205e+33  1.13798e+34  6.90518e+33  6.08735e+35  5.87836e+33
    1700  9.45158e+32  9.45158e+32  9.45158e+32  1.80749e+32  2.63451e+25  1.21557e+29  1.21557e+29  8.57205e+29  1.31726e+25  1.10834e+33   3.3256e+34  1.92332e+33  1.55287e+34  8.92306e+33  7.89476e+35  8.37546e+33
    1800  1.32296e+33  1.32296e+33  1.32296e+33  2.31057e+32  2.87036e+25  1.41445e+29  1.41445e+29  1.06203e+30  1.43518e+25  1.50271e+33  4.24913e+34  2.63745e+33  2.09001e+34  1.14077e+34  1.00999e+36  1.17473e+34
    1900  1.82841e+33  1.82841e+33  1.82841e+33  2.92371e+32  3.11284e+25  1.63412e+29  1.63412e+29  1.30473e+30  1.55642e+25   2.0138e+33   5.3696e+34  3.56868e+33  2.77799e+34  1.44429e+34  1.27649e+36  1.62428e+34
    2000   2.4976e+33   2.4976e+33   2.4976e+33  3.66526e+32   3.3618e+25  1.87579e+29  1.87579e+29  1.59065e+30   1.6809e+25  2.66995e+33  6.71819e+34  4.77015e+33  3.65049e+34   1.8124e+34  1.59584e+36  2.21669e+34
   partition functions (relative to 0 kcal/mol, units - 1/cm3):
     T\Q           W1           W2           W3           B6           B7           B1           B2           B3           B4           B5
     100 6.37611e+116 4.52501e+215 1.50246e+128 1.31938e+108 1.58287e+112  2.69619e+28  2.26895e+29  2.71108e+47 1.15155e+113 7.85845e+104
     200  2.57433e+73 6.85798e+122  1.24965e+79  1.67767e+69  1.15634e+72  2.20955e+29  2.30532e+30   3.5657e+39  1.38877e+73  6.44302e+67
     300  1.57351e+59  1.40354e+92  9.71895e+62  3.19714e+56  9.72704e+58  8.70066e+29  9.60569e+30  1.49323e+37  1.41291e+60   5.4505e+55
     400  1.72245e+52  8.89022e+76  1.20007e+55  1.91242e+50  3.96929e+52  2.48378e+30  2.75457e+31  1.27814e+36  6.46059e+53  7.37499e+49
     500  1.44837e+48   8.5328e+67  2.72476e+50  4.36138e+46  7.12354e+48  5.90732e+30  6.44585e+31  3.47214e+35   1.2605e+50  2.87107e+46
     600  3.30197e+45  9.86168e+61  2.59506e+47   1.8995e+44  2.59133e+46  1.24687e+31  1.32706e+32  1.64166e+35  4.89734e+47   1.8394e+44
     700  4.88683e+43  6.46558e+57  2.05889e+45  4.40002e+42  5.16492e+44  2.41565e+31  2.49927e+32  1.05213e+35  1.02911e+46  5.72796e+42
     800    2.303e+42  5.23212e+54   6.0789e+43  2.86853e+41  2.94788e+43  4.38362e+31  4.40486e+32  8.09256e+34  6.12855e+44  4.72972e+41
     900   2.3306e+41  2.24346e+52  4.27612e+42  3.70201e+40  3.36908e+42  7.55129e+31  7.37167e+32  6.99323e+34  7.24578e+43  7.41307e+40
    1000  4.00325e+40  3.07269e+50  5.49082e+41  7.66636e+39  6.23079e+41  1.24644e+32  1.18317e+33  6.53215e+34  1.37646e+43  1.80736e+40
    1100   1.0058e+40  9.74927e+48  1.08731e+41   2.2305e+39  1.62979e+41  1.98511e+32  1.83439e+33  6.43856e+34  3.67673e+42  6.04529e+39
    1200  3.34926e+39  5.78813e+47  2.96918e+40  8.34886e+38  5.51502e+40  3.06651e+32  2.76212e+33  6.59298e+34  1.26445e+42  2.55307e+39
    1300  1.38125e+39  5.54883e+46  1.03529e+40  3.78391e+38  2.27055e+40  4.61361e+32  4.05597e+33  6.93975e+34  5.27001e+41    1.286e+39
    1400  6.72333e+38  7.73347e+45  4.36403e+39   1.9891e+38  1.08881e+40  6.78279e+32  5.82732e+33  7.45372e+34  2.55018e+41  7.42085e+38
    1500  3.72957e+38  1.45121e+45  2.13702e+39  1.17532e+38  5.89121e+39  9.77043e+32  8.21306e+33  8.12603e+34  1.38877e+41  4.76416e+38
    1600  2.29699e+38  3.46219e+44  1.18012e+39  7.62592e+37  3.51224e+39  1.38205e+33  1.13798e+34   8.9575e+34  8.31579e+40  3.32968e+38
    1700  1.53985e+38  1.00518e+44  7.18511e+38   5.3378e+37  2.26599e+39  1.92332e+33  1.55287e+34  9.95529e+34  5.37932e+40  2.49205e+38
    1800  1.10654e+38  3.43314e+43  4.73977e+38  3.97572e+37  1.56015e+39  2.63745e+33  2.09001e+34  1.11312e+35  3.70837e+40  1.97223e+38
    1900  8.42204e+37  1.34309e+43  3.34161e+38  3.11739e+37  1.13384e+39  3.56868e+33  2.77799e+34  1.25005e+35  2.69542e+40  1.63422e+38
    2000  6.72512e+37  5.89187e+42  2.49065e+38  2.55146e+37  8.62249e+38  4.77015e+33  3.65049e+34   1.4082e+35  2.04819e+40  1.40677e+38
   tunneling partition function correction factors & high pressure effective energy shifts (D), kcal/mol:
     T\B           B6            D           B7            D           B1            D           B2            D           B3            D           B4            D           B5            D
     100            1           -0            1           -0            1           -0            1           -0            1           -0            1           -0            1           -0
     200            1           -0            1           -0            1           -0            1           -0            1           -0            1           -0            1           -0
     300            1           -0            1           -0            1           -0            1           -0            1           -0            1           -0            1           -0
     400            1           -0            1           -0            1           -0            1           -0            1           -0            1           -0            1           -0
     500            1           -0            1           -0            1           -0            1           -0            1           -0            1           -0            1           -0
     600            1           -0            1           -0            1           -0            1           -0            1           -0            1           -0            1           -0
     700            1           -0            1           -0            1           -0            1           -0            1           -0            1           -0            1           -0
     800            1           -0            1           -0            1           -0            1           -0            1           -0            1           -0            1           -0
     900            1           -0            1           -0            1           -0            1           -0            1           -0            1           -0            1           -0
    1000            1           -0            1           -0            1           -0            1           -0            1           -0            1           -0            1           -0
    1100            1           -0            1           -0            1           -0            1           -0            1           -0            1           -0            1           -0
    1200            1           -0            1           -0            1           -0            1           -0            1           -0            1           -0            1           -0
    1300            1           -0            1           -0            1           -0            1           -0            1           -0            1           -0            1           -0
    1400            1           -0            1           -0            1           -0            1           -0            1           -0            1           -0            1           -0
    1500            1           -0            1           -0            1           -0            1           -0            1           -0            1           -0            1           -0
    1600            1           -0            1           -0            1           -0            1           -0            1           -0            1           -0            1           -0
    1700            1           -0            1           -0            1           -0            1           -0            1           -0            1           -0            1           -0
    1800            1           -0            1           -0            1           -0            1           -0            1           -0            1           -0            1           -0
    1900            1           -0            1           -0            1           -0            1           -0            1           -0            1           -0            1           -0
    2000            1           -0            1           -0            1           -0            1           -0            1           -0            1           -0            1           -0
Model::init:  done, cpu time[sec] = 4.8464, elapsed time[sec] = 0
MasterEquation::set_default_partition:  starts
   default reduction scheme: W2
MasterEquation::set_default_partition:  done
rate calculation starts
   MasterEquation::set:  starts
      Temperature      = 1500 K
      Energy reference = 31278 1/cm
      Energy step      = 50 1/cm
      setting wells, barriers, and bimolecular starts
         W1 Well: average energy = -28.3 kcal/mol
         W1 Well: density of states done, elapsed time[sec] = 0.000137
         W1 Well: collisional kernel bandwidth = 237
         W1 Well: collisional energy transfer kernel done, elapsed time[sec] = 0.032026
         W1 Well: relaxation modes basis done, elapsed time[sec] = 0.009805
         W1 Well: kernel in relaxation modes basis done, elapsed time[sec] = 4.26568
         W1 Well: relaxation eigenvalues done, elapsed time[sec] = 8.04844
         W1 Well: minimal relaxation eigenvalue = 0.04478
         W1 Well: maximal relaxation eigenvalue = 5.55469
         W1 Well:       grid size = 910
         W1 Well:      real depth = -14180 1/cm
         W1 Well: effective depth = -14222 1/cm
         W2 Well: average energy = -73.5 kcal/mol
         W2 Well: density of states done, elapsed time[sec] = 0.009269
         W2 Well: collisional kernel bandwidth = 237
         W2 Well: collisional energy transfer kernel done, elapsed time[sec] = 1.94109
         W2 Well: relaxation modes basis done, elapsed time[sec] = 0.021762
         W2 Well: kernel in relaxation modes basis done, elapsed time[sec] = 5.60605
         W2 Well: relaxation eigenvalues done, elapsed time[sec] = 17.4399
         W2 Well: minimal relaxation eigenvalue = 0.0447815
         W2 Well: maximal relaxation eigenvalue = 3.43991
         W2 Well:       grid size = 1226
         W2 Well:      real depth = -30000 1/cm
         W2 Well: effective depth = -30023 1/cm
         W3 Well: average energy = -33.5 kcal/mol
         W3 Well: density of states done, elapsed time[sec] = 0.005055
         W3 Well: collisional kernel bandwidth = 237
         W3 Well: collisional energy transfer kernel done, elapsed time[sec] = 1.18725
         W3 Well: relaxation modes basis done, elapsed time[sec] = 0.297341
         W3 Well: kernel in relaxation modes basis done, elapsed time[sec] = 2.89231
         W3 Well: relaxation eigenvalues done, elapsed time[sec] = 8.21059
         W3 Well: minimal relaxation eigenvalue = 0.0447816
         W3 Well: maximal relaxation eigenvalue = 3.43991
         W3 Well:       grid size = 946
         W3 Well:      real depth = -15999 1/cm
         W3 Well: effective depth = -16022 1/cm
         B6 Barrier:        grid size = 881
         B6 Barrier:      real height = -12740 1/cm
         B6 Barrier: effective height = -12773 1/cm
         B7 Barrier:        grid size = 889
         B7 Barrier:      real height = -13150 1/cm
         B7 Barrier: effective height = -13172 1/cm
         B1 Barrier:        grid size = 626
         B1 Barrier:      real height = 0 1/cm
         B1 Barrier: effective height = -22 1/cm
         B2 Barrier:        grid size = 626
         B2 Barrier:      real height = 0 1/cm
         B2 Barrier: effective height = -22 1/cm
         B3 Barrier:        grid size = 683
         B3 Barrier:      real height = -2850 1/cm
         B3 Barrier: effective height = -2872 1/cm
         B4 Barrier:        grid size = 889
         B4 Barrier:      real height = -13150 1/cm
         B4 Barrier: effective height = -13172 1/cm
         B5 Barrier:        grid size = 869
         B5 Barrier:      real height = -12171 1/cm
         B5 Barrier: effective height = -12172 1/cm
      setting wells, barriers, and bimolecular done, cpu time[sec] = 50.0083, elapsed time[sec] = 1
      Bound Species (D1/D2 - density of states at dissociation energy (DE)/reference energy):
       Name  Depth     DE      *D1      *D2
              1/cm   1/cm       cm       cm
         W1 -14222 -12773     97.2 1.32e+08
         W2 -30023 -13172 5.97e+05 7.64e+08
         W3 -16022 -13172      572 1.66e+08
      Well-to-Well Barriers (N - number of states at the reference energy):
       Name Height       *N
              1/cm         
         B6 -12773 2.45e+11
         B7 -13172 3.02e+11
      Well-to-Bimolecular Barriers (N - number of states at the reference energy):
       Name Height       *N
              1/cm         
         B1    -22 5.85e+10
         B2    -22 2.56e+11
         B3  -2872 5.28e+10
         B4 -13172 5.55e+12
         B5 -12172 3.26e+12
      Effective equilibrium constants(bimolecular units - cm^3):
        Q/Q        W1        W2        W3         R        P1        P2
         W1         1  2.57e-07     0.175  7.01e-16  7.11e-22  7.51e-15
         W2  3.89e+06         1  6.79e+05  2.73e-09  2.77e-15  2.92e-08
         W3      5.73  1.47e-06         1  4.02e-15  4.07e-21   4.3e-14
          R  1.43e+15  3.66e+08  2.49e+14         1  1.01e-06      10.7
         P1  1.41e+21  3.62e+14  2.46e+20  9.87e+05         1  1.06e+07
         P2  1.33e+14  3.42e+07  2.32e+13    0.0934  9.47e-08         1
      Real equilibrium constants(bimolecular units - cm^3):
        Q/Q        W1        W2        W3         R        P1        P2
         W1         1  2.57e-07     0.175   1.6e-19  1.62e-25  1.71e-18
         W2  3.89e+06         1  6.79e+05  6.22e-13   6.3e-19  6.66e-12
         W3      5.73  1.47e-06         1  9.16e-19  9.28e-25  9.81e-18
          R  6.25e+18  1.61e+12  1.09e+18         1  1.01e-06      10.7
         P1  6.17e+24  1.59e+18  1.08e+24  9.87e+05         1  1.06e+07
         P2  5.84e+17   1.5e+11  1.02e+17    0.0934  9.47e-08         1
   MasterEquation::set:  done, cpu time[sec] = 50.0132, elapsed time[sec] = 1
   MasterEquation::low_eigenvalue_method:  starts
      Pressure = 1 atm	 Temperature = 1500 K
      MasterEquation::low_eigenvalue_matrix:  starts
         setting up kinetic matrices ... done, cpu time[sec] = 4.16492, elapsed time[sec] = 3
         inverting kinetic matrices ... done, cpu time[sec] = 1.47367, elapsed time[sec] = 1
      MasterEquation::low_eigenvalue_matrix:  done, cpu time[sec] = 6.02103, elapsed time[sec] = 4
      minimal relaxation eigenvalue / collisional frequency = 0.04478
      eigenvector populations normalized:
          L        *R        *P        W1        W2        W3
          0  0.000938  0.000516         0         1         0
          1      11.3      2.14         0         0         1
          2      84.9      8.35         1         0         0
         *R - eigenvalue over the relaxation limit
         *P - eigenvector projection squared on the relaxation subspace
      eigenvector projections:
          L        *Q        *P        W1        W2        W3
          0   4.2e-05  0.000516  1.05e-06         1  1.04e-05
          1     0.504      2.14  8.71e-07 -1.04e-05         1
          2       3.8      8.35        -1  1.05e-06  8.71e-07
         *Z       ---       ---  8.99e+13  1.77e+17  2.15e+14
         *Q - eigenvalue over the collision frequency
         *P - eigenvector projection squared on the relaxation subspace
         *Z - well partition function square root
      dimension of the chemical subspace = 1
      using default reduction scheme, projection error = 1.08453e-10
      species:
       #  assigned name     group
       0             W2     W2
   MasterEquation::low_eigenvalue_method:  done, cpu time[sec] = 6.02128, elapsed time[sec] = 4
rate calculation done, cpu time[sec] = 56.0357, elapsed time[sec] = 5
