Wells (G - ground energy, D - dissociation limit, kcal/mol):
      Name        G        D
        W1     -0.9      0.0
        W2    -25.0      0.6
        W3    -24.2    -23.9

Bimolecular Products (G - ground energy, kcal/mol):
      Name        G
        P1      0.0
        P2    -23.9

Well-to-Bimolecular Barriers (H/G - barrier height/well depth, kcal/mol)
      Name        H     Well        G  Product
        B1      0.0       W1     -0.9       P1
        B4    -23.9       W3    -24.2       P2

Well-to-Well Barriers (H/G - barrier height/well depth, kcal/mol):
      Name        H     Well       G1     Well       G2
        B2      0.6       W1     -0.9       W2    -25.0
        B3      1.6       W2    -25.0       W3    -24.2

________________________________________________________________________________________

Unimolecular Rate Units: 1/sec;  Bimolecular Rate Units: cm^3/sec

______________________________________________________________________________________

Species-Species Rate Tables:

Temperature = 300 K

High Pressure Rate Coefficients:

From\To            W1           W2           W3           P1           P2
W1                ***  1.61321e+11          ***  3.35057e+13          ***
W2        7.74784e-06          ***   0.00104945          ***          ***
W3                ***  0.000101083          ***          ***   5.9135e+11
P1        2.84495e-10          ***          ***          ***          ***
P2                ***          ***          ***          ***          ***

Temperature = 300 K    Pressure = 1 bar

From\To            W1           W2           W3           P1           P2
W1        1.57846e+09  -6.7934e+12 -1.34002e+11  9.70431e+12 -2.77503e+12
W2       -2.43627e-10  3.05267e-06  1.23988e-07  2.16493e-07  2.71152e-06
W3        1.35202e+06 -2.36207e+11   5.4027e+08 -1.17787e+09  2.37924e+11
P1        9.03064e-19  1.06726e-13  2.08159e-16  3.21745e-13  2.14809e-13
P2                ***          ***          ***          ***          ***

Temperature = 350 K

High Pressure Rate Coefficients:

From\To            W1           W2           W3           P1           P2
W1                ***  2.08111e+11          ***  3.79742e+13          ***
W2         0.00467315          ***    0.0292229          ***          ***
W3                ***   0.00185762          ***          ***  5.86426e+11
P1        2.91899e-10          ***          ***          ***          ***
P2                ***          ***          ***          ***          ***

Temperature = 350 K    Pressure = 1 bar

From\To            W1           W2           W3           P1           P2
W1        1.50041e+09 -7.70755e+12 -1.71693e+11  1.11049e+13 -3.22426e+12
W2       -4.11611e-08  0.000487018  1.38579e-05   3.8245e-05  0.000434928
W3        1.60188e+06 -2.38688e+11  3.21849e+08 -1.43222e+09  2.40441e+11
P1         4.8841e-19  7.60032e-14  1.23204e-16  3.00399e-13  2.24272e-13
P2                ***          ***          ***          ***          ***

Temperature = 400 K

High Pressure Rate Coefficients:

From\To            W1           W2           W3           P1           P2
W1                ***  2.48768e+11          ***  4.02606e+13          ***
W2           0.587982          ***     0.679727          ***          ***
W3                ***    0.0307833          ***          ***  5.74266e+11
P1        2.98468e-10          ***          ***          ***          ***
P2                ***          ***          ***          ***          ***

Temperature = 400 K    Pressure = 1 bar

From\To            W1           W2           W3           P1           P2
W1        1.47866e+09 -1.18941e+13 -2.75717e+11  1.68797e+13  -4.7084e+12
W2       -1.17618e-06    0.0166347  0.000359735   0.00121967    0.0150572
W3        1.43632e+06 -2.40303e+11  1.25809e+08 -1.40429e+09  2.41832e+11
P1        2.13616e-19  5.56888e-14  7.55878e-17  2.86568e-13  2.30803e-13
P2                ***          ***          ***          ***          ***

Temperature = 450 K

High Pressure Rate Coefficients:

From\To            W1           W2           W3           P1           P2
W1                ***  2.83134e+11          ***  4.09446e+13          ***
W2            25.8463          ***      11.6372          ***          ***
W3                ***     0.396804          ***          ***  5.58548e+11
P1        3.04385e-10          ***          ***          ***          ***
P2                ***          ***          ***          ***          ***

Temperature = 450 K    Pressure = 1 bar

From\To            W1           W2           W3           P1           P2
W1        1.47726e+09  -1.4438e+13 -3.44222e+11  2.02166e+13 -5.43288e+12
W2        -1.5714e-05     0.211272   0.00366068    0.0141763     0.193461
W3        1.58986e+06 -2.41977e+11 -6.96828e+07 -1.31406e+09   2.4322e+11
P1        1.17519e-19  4.13743e-14  4.60528e-17  2.78683e-13  2.37263e-13
P2                ***          ***          ***          ***          ***

Temperature = 500 K

High Pressure Rate Coefficients:

From\To            W1           W2           W3           P1           P2
W1                ***  3.11757e+11          ***  4.05364e+13          ***
W2              541.7          ***      138.949          ***          ***
W3                ***      3.71877          ***          ***  5.41289e+11
P1        3.09778e-10          ***          ***          ***          ***
P2                ***          ***          ***          ***          ***

Temperature = 500 K    Pressure = 1 bar

From\To            W1           W2           W3           P1           P2
W1        1.54473e+09 -1.50612e+13 -3.56391e+11  2.04142e+13 -4.99499e+12
W2       -0.000133924      1.33851    0.0215627    0.0848512      1.23219
W3        2.15376e+06 -2.42752e+11  -2.6018e+08 -1.17386e+09  2.43664e+11
P1        8.68393e-20  3.19664e-14  3.07178e-17  2.75913e-13  2.43916e-13
P2                ***          ***          ***          ***          ***

Temperature = 550 K

High Pressure Rate Coefficients:

From\To            W1           W2           W3           P1           P2
W1                ***  3.35402e+11          ***  3.94265e+13          ***
W2            6604.27          ***      1179.97          ***          ***
W3                ***      25.6026          ***          ***  5.23609e+11
P1        3.14738e-10          ***          ***          ***          ***
P2                ***          ***          ***          ***          ***

Temperature = 550 K    Pressure = 1 bar

From\To            W1           W2           W3           P1           P2
W1        1.65007e+09 -1.43108e+13 -3.38457e+11  1.88669e+13 -4.21602e+12
W2       -0.000794512      5.53546     0.082063     0.617715      4.83649
W3          3.227e+06 -2.42797e+11 -4.78286e+08 -2.03429e+09  2.44349e+11
P1        7.22405e-20  2.51385e-14  2.09688e-17  2.77176e-13  2.52017e-13
P2                ***          ***          ***          ***          ***

Temperature = 600 K

High Pressure Rate Coefficients:

From\To            W1           W2           W3           P1           P2
W1                ***  3.54844e+11          ***  3.78943e+13          ***
W2              53516          ***      7468.77          ***          ***
W3                ***      134.809          ***          ***   5.0613e+11
P1        3.19335e-10          ***          ***          ***          ***
P2                ***          ***          ***          ***          ***

Temperature = 600 K    Pressure = 1 bar

From\To            W1           W2           W3           P1           P2
W1        1.74131e+09 -2.28697e+13 -5.48535e+11  2.95643e+13 -6.14423e+12
W2        -0.00180443      14.9272     0.258499      1.14705       13.524
W3        2.61974e+06 -2.43963e+11 -6.84694e+08 -1.37265e+09  2.44648e+11
P1         3.3591e-20  1.98762e-14    1.407e-17  2.81782e-13  2.61891e-13
P2                ***          ***          ***          ***          ***

Temperature = 700 K

High Pressure Rate Coefficients:

From\To            W1           W2           W3           P1           P2
W1                ***  3.83831e+11          ***  3.42694e+13          ***
W2        1.45658e+06          ***       149541          ***          ***
W3                ***      1981.58          ***          ***  4.72957e+11
P1        3.27646e-10          ***          ***          ***          ***
P2                ***          ***          ***          ***          ***

Temperature = 700 K    Pressure = 1 bar

From\To            W1           W2           W3           P1           P2
W1        2.08097e+09 -2.04537e+13 -5.06603e+11  2.54532e+13  -4.4908e+12
W2         -0.0146732      64.9881      1.34319      9.75096      53.9027
W3        5.18277e+06 -2.44027e+11 -1.17675e+09 -2.22414e+09  2.45069e+11
P1        2.49437e-20  1.32033e-14  7.36144e-18   2.9964e-13  2.86429e-13
P2                ***          ***          ***          ***          ***

Temperature = 800 K

High Pressure Rate Coefficients:

From\To            W1           W2           W3           P1           P2
W1                ***  4.03181e+11          ***  3.05479e+13          ***
W2        1.75904e+07          ***  1.51643e+06          ***          ***
W3                ***      15638.8          ***          ***  4.42877e+11
P1        3.35019e-10          ***          ***          ***          ***
P2                ***          ***          ***          ***          ***

Temperature = 800 K    Pressure = 1 bar

From\To            W1           W2           W3           P1           P2
W1        2.49909e+09 -2.83741e+13 -7.44048e+11  3.43934e+13 -5.27274e+12
W2         -0.0381048      143.852      4.93195      9.94993       129.01
W3        5.89903e+06 -2.45812e+11 -1.70203e+09 -8.34184e+08  2.44938e+11
P1        1.25512e-20  9.21229e-15  4.28304e-18  3.27034e-13  3.17817e-13
P2                ***          ***          ***          ***          ***

Temperature = 900 K

High Pressure Rate Coefficients:

From\To            W1           W2           W3           P1           P2
W1                ***  4.16009e+11          ***  2.70916e+13          ***
W2        1.23121e+08          ***  9.54785e+06          ***          ***
W3                ***      79933.9          ***          ***  4.15971e+11
P1        3.41661e-10          ***          ***          ***          ***
P2                ***          ***          ***          ***          ***

Temperature = 900 K    Pressure = 1 bar

From\To            W1           W2           W3           P1           P2
W1        3.03249e+09 -2.99318e+13 -8.51241e+11  3.56834e+13 -4.89739e+12
W2         -0.0845872       227.01      12.7223     -6.59457      220.981
W3        8.36289e+06 -2.48532e+11 -2.31134e+09  1.36217e+09   2.4485e+11
P1         8.7365e-21  6.66966e-15  2.70939e-18  3.62609e-13  3.55937e-13
P2                ***          ***          ***          ***          ***

Temperature = 1000 K

High Pressure Rate Coefficients:

From\To            W1           W2           W3           P1           P2
W1                ***  4.24432e+11          ***  2.40201e+13          ***
W2        5.87011e+08          ***  4.26132e+07          ***          ***
W3                ***       298926          ***          ***  3.91983e+11
P1        3.47714e-10          ***          ***          ***          ***
P2                ***          ***          ***          ***          ***

Temperature = 1000 K    Pressure = 1 bar

From\To            W1           W2           W3           P1           P2
W1         3.1993e+09 -1.70396e+13 -5.38758e+11  2.01437e+13 -2.56219e+12
W2          -0.206069     -22.5175      34.2716     -390.674      334.127
W3        1.53006e+07 -2.68077e+11 -2.54895e+09  2.28858e+10  2.42627e+11
P1        9.51175e-21  4.92225e-15  1.74342e-18  4.05602e-13  4.00678e-13
P2                ***          ***          ***          ***          ***

Temperature = 1100 K

High Pressure Rate Coefficients:

From\To            W1           W2           W3           P1           P2
W1                ***  4.29886e+11          ***  2.13461e+13          ***
W2         2.1142e+09          ***  1.47257e+08          ***          ***
W3                ***       887017          ***          ***  3.70573e+11
P1        3.53281e-10          ***          ***          ***          ***
P2                ***          ***          ***          ***          ***

Temperature = 1100 K    Pressure = 1 bar

From\To            W1           W2           W3           P1           P2
W1        4.62106e+09 -3.16938e+13 -1.14151e+12  3.73742e+13 -4.53432e+12
W2           -0.15839      300.991       43.002     -78.0315      336.159
W3        1.63268e+07 -2.55584e+11 -4.01656e+09  5.93222e+09  2.45619e+11
P1        4.60953e-21  3.72917e-15   1.2024e-18  4.55593e-13  4.51862e-13
P2                ***          ***          ***          ***          ***

Temperature = 1200 K

High Pressure Rate Coefficients:

From\To            W1           W2           W3           P1           P2
W1                ***  4.33348e+11          ***  1.90396e+13          ***
W2        6.16519e+09          ***  4.18642e+08          ***          ***
W3                ***  2.20793e+06          ***          ***  3.51402e+11
P1        3.58442e-10          ***          ***          ***          ***
P2                ***          ***          ***          ***          ***

Temperature = 1200 K    Pressure = 1 bar

From\To            W1           W2           W3           P1           P2
W1        5.80143e+09 -2.90077e+13 -1.21694e+12  3.42992e+13 -4.06872e+12
W2          -0.176697      379.169      75.1437     -92.5445      396.655
W3        2.48391e+07  -2.6136e+11 -5.19717e+09  9.80483e+09  2.46333e+11
P1         4.3178e-21  2.94009e-15   9.4659e-19  5.12347e-13  5.09406e-13
P2                ***          ***          ***          ***          ***

Temperature = 1300 K

High Pressure Rate Coefficients:

From\To            W1           W2           W3           P1           P2
W1                ***  4.35485e+11          ***   1.7056e+13          ***
W2        1.52753e+10          ***  1.02208e+09          ***          ***
W3                ***  4.79473e+06          ***          ***  3.34168e+11
P1        3.63255e-10          ***          ***          ***          ***
P2                ***          ***          ***          ***          ***

Temperature = 1300 K    Pressure = 1 bar

From\To            W1           W2           W3           P1           P2
W1        7.02195e+09 -2.74952e+13 -1.38498e+12  3.28219e+13 -3.93467e+12
W2         -0.0744499      364.872      138.504     -260.754      487.178
W3        3.24966e+07 -2.76406e+11 -6.39768e+09  2.34437e+10  2.46532e+11
P1        3.82795e-21  2.37188e-15  7.84856e-19  5.75663e-13   5.7329e-13
P2                ***          ***          ***          ***          ***

Temperature = 1400 K

High Pressure Rate Coefficients:

From\To            W1           W2           W3           P1           P2
W1                ***  4.36751e+11          ***  1.53495e+13          ***
W2        3.32882e+10          ***  2.21079e+09          ***          ***
W3                ***  9.34573e+06          ***          ***  3.18608e+11
P1         3.6777e-10          ***          ***          ***          ***
P2                ***          ***          ***          ***          ***

Temperature = 1400 K    Pressure = 1 bar

From\To            W1           W2           W3           P1           P2
W1        9.43277e+09 -2.95425e+13  -1.8706e+12  3.59754e+13 -4.55286e+12
W2           0.332408      570.456      259.824     -318.052      628.516
W3        4.41864e+07 -2.82928e+11 -8.75197e+09  2.49932e+10  2.49139e+11
P1        3.55627e-21  1.98443e-15  7.28157e-19   6.4543e-13  6.43445e-13
P2                ***          ***          ***          ***          ***

Temperature = 1500 K

High Pressure Rate Coefficients:

From\To            W1           W2           W3           P1           P2
W1                ***  4.37461e+11          ***  1.38779e+13          ***
W2        6.54483e+10          ***  4.33616e+09          ***          ***
W3                ***  1.66987e+07          ***          ***    3.045e+11
P1        3.72023e-10          ***          ***          ***          ***
P2                ***          ***          ***          ***          ***

Temperature = 1500 K    Pressure = 1 bar

From\To            W1           W2           W3           P1           P2
W1        1.27326e+10 -2.72021e+13 -2.36101e+12   3.4537e+13 -4.96116e+12
W2            1.33255      1089.47      477.215     -209.431      820.375
W3        6.47193e+07 -2.99812e+11 -1.19915e+10  3.51885e+10  2.52567e+11
P1        3.51053e-21   1.6694e-15   6.6831e-19  7.21535e-13  7.19865e-13
P2                ***          ***          ***          ***          ***

Temperature = 1625 K

High Pressure Rate Coefficients:

From\To            W1           W2           W3           P1           P2
W1                ***  4.37887e+11          ***  1.23132e+13          ***
W2        1.35682e+11          ***  9.00551e+09          ***          ***
W3                ***  3.12631e+07          ***          ***  2.88621e+11
P1        3.77019e-10          ***          ***          ***          ***
P2                ***          ***          ***          ***          ***

Temperature = 1625 K    Pressure = 1 bar

From\To            W1           W2           W3           P1           P2
W1        2.00774e+10 -2.16787e+13 -3.49735e+12  3.13494e+13 -6.15323e+12
W2             4.5677       2958.2      1039.88      628.155      1285.45
W3        1.10597e+08 -3.40247e+11 -1.92578e+10   6.0134e+10  2.60744e+11
P1         3.4015e-21  1.36666e-15  6.03778e-19  8.25502e-13  8.24135e-13
P2                ***          ***          ***          ***          ***

Temperature = 1750 K

High Pressure Rate Coefficients:

From\To            W1           W2           W3           P1           P2
W1                ***  4.38051e+11          ***  1.09987e+13          ***
W2        2.53673e+11          ***  1.69266e+10          ***          ***
W3                ***  5.36047e+07          ***          ***  2.74411e+11
P1        3.81705e-10          ***          ***          ***          ***
P2                ***          ***          ***          ***          ***

Temperature = 1750 K    Pressure = 1 bar

From\To            W1           W2           W3           P1           P2
W1        4.08262e+10 -4.58635e+12 -6.77167e+12  2.14037e+13 -1.00048e+13
W2             15.018      10261.8      2678.31      4690.74      2877.76
W3        2.40789e+08 -4.52485e+11 -3.99342e+10   1.2691e+11    2.854e+11
P1        3.20879e-21  1.12347e-15  5.37738e-19  9.39147e-13  9.38023e-13
P2                ***          ***          ***          ***          ***

Temperature = 1875 K

High Pressure Rate Coefficients:

From\To            W1           W2           W3           P1           P2
W1                ***  4.38126e+11          ***  9.88654e+12          ***
W2        4.36578e+11          ***  2.93522e+10          ***          ***
W3                ***  8.56425e+07          ***          ***  2.61623e+11
P1         3.8612e-10          ***          ***          ***          ***
P2                ***          ***          ***          ***          ***

Temperature = 1875 K    Pressure = 1 bar

From\To            W1           W2           W3           P1           P2
W1        1.21905e+10  7.26136e+12 -1.39176e+12 -4.12933e+12 -1.72807e+12
W2            23.9106      32298.2      3660.61      25884.5         2729
W3        9.82865e+07  -5.5693e+11  -1.1203e+10  3.05736e+11  2.39892e+11
P1        4.03533e-21   9.3129e-16  4.79023e-19  1.06237e-12  1.06144e-12
P2                ***          ***          ***          ***          ***

Temperature = 2000 K

High Pressure Rate Coefficients:

From\To            W1           W2           W3           P1           P2
W1                ***  4.38217e+11          ***  8.93893e+12          ***
W2        7.02398e+11          ***  4.76476e+10          ***          ***
W3                ***  1.29166e+08          ***          ***  2.50054e+11
P1        3.90295e-10          ***          ***          ***          ***
P2                ***          ***          ***          ***          ***

Temperature = 2000 K    Pressure = 1 bar

From\To            W1           W2           W3           P1           P2
W1         7.3373e+09  6.13972e+12 -5.72841e+11 -4.96767e+12 -5.91869e+11
W2            38.2635        69133       5181.1        61295      2618.77
W3        8.06722e+07 -5.86443e+11 -6.26211e+09  3.48023e+11  2.32077e+11
P1         5.0726e-21  7.81252e-16  4.25996e-19  1.19506e-12  1.19427e-12
P2                ***          ***          ***          ***          ***

______________________________________________________________________________________

High Pressure Rate Coefficients (Temperature-Species Rate Tables):

   T(K)       W1->W1       W1->W2       W1->W3       W1->P1       W1->P2
    300          ***  1.61321e+11          ***  3.35057e+13          ***
    350          ***  2.08111e+11          ***  3.79742e+13          ***
    400          ***  2.48768e+11          ***  4.02606e+13          ***
    450          ***  2.83134e+11          ***  4.09446e+13          ***
    500          ***  3.11757e+11          ***  4.05364e+13          ***
    550          ***  3.35402e+11          ***  3.94265e+13          ***
    600          ***  3.54844e+11          ***  3.78943e+13          ***
    700          ***  3.83831e+11          ***  3.42694e+13          ***
    800          ***  4.03181e+11          ***  3.05479e+13          ***
    900          ***  4.16009e+11          ***  2.70916e+13          ***
   1000          ***  4.24432e+11          ***  2.40201e+13          ***
   1100          ***  4.29886e+11          ***  2.13461e+13          ***
   1200          ***  4.33348e+11          ***  1.90396e+13          ***
   1300          ***  4.35485e+11          ***   1.7056e+13          ***
   1400          ***  4.36751e+11          ***  1.53495e+13          ***
   1500          ***  4.37461e+11          ***  1.38779e+13          ***
   1625          ***  4.37887e+11          ***  1.23132e+13          ***
   1750          ***  4.38051e+11          ***  1.09987e+13          ***
   1875          ***  4.38126e+11          ***  9.88654e+12          ***
   2000          ***  4.38217e+11          ***  8.93893e+12          ***

   T(K)       W2->W1       W2->W2       W2->W3       W2->P1       W2->P2
    300  7.74784e-06          ***   0.00104945          ***          ***
    350   0.00467315          ***    0.0292229          ***          ***
    400     0.587982          ***     0.679727          ***          ***
    450      25.8463          ***      11.6372          ***          ***
    500        541.7          ***      138.949          ***          ***
    550      6604.27          ***      1179.97          ***          ***
    600        53516          ***      7468.77          ***          ***
    700  1.45658e+06          ***       149541          ***          ***
    800  1.75904e+07          ***  1.51643e+06          ***          ***
    900  1.23121e+08          ***  9.54785e+06          ***          ***
   1000  5.87011e+08          ***  4.26132e+07          ***          ***
   1100   2.1142e+09          ***  1.47257e+08          ***          ***
   1200  6.16519e+09          ***  4.18642e+08          ***          ***
   1300  1.52753e+10          ***  1.02208e+09          ***          ***
   1400  3.32882e+10          ***  2.21079e+09          ***          ***
   1500  6.54483e+10          ***  4.33616e+09          ***          ***
   1625  1.35682e+11          ***  9.00551e+09          ***          ***
   1750  2.53673e+11          ***  1.69266e+10          ***          ***
   1875  4.36578e+11          ***  2.93522e+10          ***          ***
   2000  7.02398e+11          ***  4.76476e+10          ***          ***

   T(K)       W3->W1       W3->W2       W3->W3       W3->P1       W3->P2
    300          ***  0.000101083          ***          ***   5.9135e+11
    350          ***   0.00185762          ***          ***  5.86426e+11
    400          ***    0.0307833          ***          ***  5.74266e+11
    450          ***     0.396804          ***          ***  5.58548e+11
    500          ***      3.71877          ***          ***  5.41289e+11
    550          ***      25.6026          ***          ***  5.23609e+11
    600          ***      134.809          ***          ***   5.0613e+11
    700          ***      1981.58          ***          ***  4.72957e+11
    800          ***      15638.8          ***          ***  4.42877e+11
    900          ***      79933.9          ***          ***  4.15971e+11
   1000          ***       298926          ***          ***  3.91983e+11
   1100          ***       887017          ***          ***  3.70573e+11
   1200          ***  2.20793e+06          ***          ***  3.51402e+11
   1300          ***  4.79473e+06          ***          ***  3.34168e+11
   1400          ***  9.34573e+06          ***          ***  3.18608e+11
   1500          ***  1.66987e+07          ***          ***    3.045e+11
   1625          ***  3.12631e+07          ***          ***  2.88621e+11
   1750          ***  5.36047e+07          ***          ***  2.74411e+11
   1875          ***  8.56425e+07          ***          ***  2.61623e+11
   2000          ***  1.29166e+08          ***          ***  2.50054e+11

   T(K)       P1->W1       P1->W2       P1->W3       P1->P1       P1->P2
    300  2.84495e-10          ***          ***          ***          ***
    350  2.91899e-10          ***          ***          ***          ***
    400  2.98468e-10          ***          ***          ***          ***
    450  3.04385e-10          ***          ***          ***          ***
    500  3.09778e-10          ***          ***          ***          ***
    550  3.14738e-10          ***          ***          ***          ***
    600  3.19335e-10          ***          ***          ***          ***
    700  3.27646e-10          ***          ***          ***          ***
    800  3.35019e-10          ***          ***          ***          ***
    900  3.41661e-10          ***          ***          ***          ***
   1000  3.47714e-10          ***          ***          ***          ***
   1100  3.53281e-10          ***          ***          ***          ***
   1200  3.58442e-10          ***          ***          ***          ***
   1300  3.63255e-10          ***          ***          ***          ***
   1400   3.6777e-10          ***          ***          ***          ***
   1500  3.72023e-10          ***          ***          ***          ***
   1625  3.77019e-10          ***          ***          ***          ***
   1750  3.81705e-10          ***          ***          ***          ***
   1875   3.8612e-10          ***          ***          ***          ***
   2000  3.90295e-10          ***          ***          ***          ***

   T(K)       P2->W1       P2->W2       P2->W3       P2->P1       P2->P2
    300          ***          ***          ***          ***          ***
    350          ***          ***          ***          ***          ***
    400          ***          ***          ***          ***          ***
    450          ***          ***          ***          ***          ***
    500          ***          ***          ***          ***          ***
    550          ***          ***          ***          ***          ***
    600          ***          ***          ***          ***          ***
    700          ***          ***          ***          ***          ***
    800          ***          ***          ***          ***          ***
    900          ***          ***          ***          ***          ***
   1000          ***          ***          ***          ***          ***
   1100          ***          ***          ***          ***          ***
   1200          ***          ***          ***          ***          ***
   1300          ***          ***          ***          ***          ***
   1400          ***          ***          ***          ***          ***
   1500          ***          ***          ***          ***          ***
   1625          ***          ***          ***          ***          ***
   1750          ***          ***          ***          ***          ***
   1875          ***          ***          ***          ***          ***
   2000          ***          ***          ***          ***          ***

Capture/Escape Rate Coefficients:

   T(K)           W1           W2           W3           P1           P2
    300  3.36671e+13   0.00105719   5.9135e+11  2.84495e-10          ***
    350  3.81824e+13     0.033896  5.86426e+11  2.91899e-10          ***
    400  4.05094e+13      1.26771  5.74266e+11  2.98468e-10          ***
    450  4.12277e+13      37.4836  5.58548e+11  3.04385e-10          ***
    500  4.08481e+13      680.648  5.41289e+11  3.09778e-10          ***
    550  3.97619e+13      7784.24  5.23609e+11  3.14738e-10          ***
    600  3.82491e+13      60984.8   5.0613e+11  3.19335e-10          ***
    700  3.46532e+13  1.60612e+06  4.72957e+11  3.27646e-10          ***
    800  3.09511e+13  1.91069e+07  4.42877e+11  3.35019e-10          ***
    900  2.75076e+13  1.32669e+08  4.15971e+11  3.41661e-10          ***
   1000  2.44445e+13  6.29624e+08  3.91984e+11  3.47714e-10          ***
   1100   2.1776e+13  2.26146e+09  3.70574e+11  3.53281e-10          ***
   1200  1.94729e+13  6.58383e+09  3.51404e+11  3.58442e-10          ***
   1300  1.74915e+13  1.62974e+10  3.34173e+11  3.63255e-10          ***
   1400  1.57863e+13   3.5499e+10  3.18617e+11   3.6777e-10          ***
   1500  1.43154e+13  6.97844e+10  3.04517e+11  3.72023e-10          ***
   1625  1.27511e+13  1.44688e+11  2.88652e+11  3.77019e-10          ***
   1750  1.14367e+13    2.706e+11  2.74465e+11  3.81705e-10          ***
   1875  1.03247e+13  4.65931e+11  2.61709e+11   3.8612e-10          ***
   2000  9.37715e+12  7.50046e+11  2.50183e+11  3.90295e-10          ***

______________________________________________________________________________________

Pressure-Species Rate Tables:

   Temperature = 300 K

   P(bar)       W1->W2       W1->W3       W1->P1       W1->P2         W1->
        1  -6.7934e+12 -1.34002e+11  9.70431e+12 -2.77503e+12  1.57846e+09
    O-O  1.61321e+11          ***  3.35057e+13          ***  3.36671e+13

   Temperature = 350 K

   P(bar)       W1->W2       W1->W3       W1->P1       W1->P2         W1->
        1 -7.70755e+12 -1.71693e+11  1.11049e+13 -3.22426e+12  1.50041e+09
    O-O  2.08111e+11          ***  3.79742e+13          ***  3.81824e+13

   Temperature = 400 K

   P(bar)       W1->W2       W1->W3       W1->P1       W1->P2         W1->
        1 -1.18941e+13 -2.75717e+11  1.68797e+13  -4.7084e+12  1.47866e+09
    O-O  2.48768e+11          ***  4.02606e+13          ***  4.05094e+13

   Temperature = 450 K

   P(bar)       W1->W2       W1->W3       W1->P1       W1->P2         W1->
        1  -1.4438e+13 -3.44222e+11  2.02166e+13 -5.43288e+12  1.47726e+09
    O-O  2.83134e+11          ***  4.09446e+13          ***  4.12277e+13

   Temperature = 500 K

   P(bar)       W1->W2       W1->W3       W1->P1       W1->P2         W1->
        1 -1.50612e+13 -3.56391e+11  2.04142e+13 -4.99499e+12  1.54473e+09
    O-O  3.11757e+11          ***  4.05364e+13          ***  4.08481e+13

   Temperature = 550 K

   P(bar)       W1->W2       W1->W3       W1->P1       W1->P2         W1->
        1 -1.43108e+13 -3.38457e+11  1.88669e+13 -4.21602e+12  1.65007e+09
    O-O  3.35402e+11          ***  3.94265e+13          ***  3.97619e+13

   Temperature = 600 K

   P(bar)       W1->W2       W1->W3       W1->P1       W1->P2         W1->
        1 -2.28697e+13 -5.48535e+11  2.95643e+13 -6.14423e+12  1.74131e+09
    O-O  3.54844e+11          ***  3.78943e+13          ***  3.82491e+13

   Temperature = 700 K

   P(bar)       W1->W2       W1->W3       W1->P1       W1->P2         W1->
        1 -2.04537e+13 -5.06603e+11  2.54532e+13  -4.4908e+12  2.08097e+09
    O-O  3.83831e+11          ***  3.42694e+13          ***  3.46532e+13

   Temperature = 800 K

   P(bar)       W1->W2       W1->W3       W1->P1       W1->P2         W1->
        1 -2.83741e+13 -7.44048e+11  3.43934e+13 -5.27274e+12  2.49909e+09
    O-O  4.03181e+11          ***  3.05479e+13          ***  3.09511e+13

   Temperature = 900 K

   P(bar)       W1->W2       W1->W3       W1->P1       W1->P2         W1->
        1 -2.99318e+13 -8.51241e+11  3.56834e+13 -4.89739e+12  3.03249e+09
    O-O  4.16009e+11          ***  2.70916e+13          ***  2.75076e+13

   Temperature = 1000 K

   P(bar)       W1->W2       W1->W3       W1->P1       W1->P2         W1->
        1 -1.70396e+13 -5.38758e+11  2.01437e+13 -2.56219e+12   3.1993e+09
    O-O  4.24432e+11          ***  2.40201e+13          ***  2.44445e+13

   Temperature = 1100 K

   P(bar)       W1->W2       W1->W3       W1->P1       W1->P2         W1->
        1 -3.16938e+13 -1.14151e+12  3.73742e+13 -4.53432e+12  4.62106e+09
    O-O  4.29886e+11          ***  2.13461e+13          ***   2.1776e+13

   Temperature = 1200 K

   P(bar)       W1->W2       W1->W3       W1->P1       W1->P2         W1->
        1 -2.90077e+13 -1.21694e+12  3.42992e+13 -4.06872e+12  5.80143e+09
    O-O  4.33348e+11          ***  1.90396e+13          ***  1.94729e+13

   Temperature = 1300 K

   P(bar)       W1->W2       W1->W3       W1->P1       W1->P2         W1->
        1 -2.74952e+13 -1.38498e+12  3.28219e+13 -3.93467e+12  7.02195e+09
    O-O  4.35485e+11          ***   1.7056e+13          ***  1.74915e+13

   Temperature = 1400 K

   P(bar)       W1->W2       W1->W3       W1->P1       W1->P2         W1->
        1 -2.95425e+13  -1.8706e+12  3.59754e+13 -4.55286e+12  9.43277e+09
    O-O  4.36751e+11          ***  1.53495e+13          ***  1.57863e+13

   Temperature = 1500 K

   P(bar)       W1->W2       W1->W3       W1->P1       W1->P2         W1->
        1 -2.72021e+13 -2.36101e+12   3.4537e+13 -4.96116e+12  1.27326e+10
    O-O  4.37461e+11          ***  1.38779e+13          ***  1.43154e+13

   Temperature = 1625 K

   P(bar)       W1->W2       W1->W3       W1->P1       W1->P2         W1->
        1 -2.16787e+13 -3.49735e+12  3.13494e+13 -6.15323e+12  2.00774e+10
    O-O  4.37887e+11          ***  1.23132e+13          ***  1.27511e+13

   Temperature = 1750 K

   P(bar)       W1->W2       W1->W3       W1->P1       W1->P2         W1->
        1 -4.58635e+12 -6.77167e+12  2.14037e+13 -1.00048e+13  4.08262e+10
    O-O  4.38051e+11          ***  1.09987e+13          ***  1.14367e+13

   Temperature = 1875 K

   P(bar)       W1->W2       W1->W3       W1->P1       W1->P2         W1->
        1  7.26136e+12 -1.39176e+12 -4.12933e+12 -1.72807e+12  1.21905e+10
    O-O  4.38126e+11          ***  9.88654e+12          ***  1.03247e+13

   Temperature = 2000 K

   P(bar)       W1->W2       W1->W3       W1->P1       W1->P2         W1->
        1  6.13972e+12 -5.72841e+11 -4.96767e+12 -5.91869e+11   7.3373e+09
    O-O  4.38217e+11          ***  8.93893e+12          ***  9.37715e+12

   Temperature = 300 K

   P(bar)       W2->W1       W2->W3       W2->P1       W2->P2         W2->
        1 -2.43627e-10  1.23988e-07  2.16493e-07  2.71152e-06  3.05267e-06
    O-O  7.74784e-06   0.00104945          ***          ***   0.00105719

   Temperature = 350 K

   P(bar)       W2->W1       W2->W3       W2->P1       W2->P2         W2->
        1 -4.11611e-08  1.38579e-05   3.8245e-05  0.000434928  0.000487018
    O-O   0.00467315    0.0292229          ***          ***     0.033896

   Temperature = 400 K

   P(bar)       W2->W1       W2->W3       W2->P1       W2->P2         W2->
        1 -1.17618e-06  0.000359735   0.00121967    0.0150572    0.0166347
    O-O     0.587982     0.679727          ***          ***      1.26771

   Temperature = 450 K

   P(bar)       W2->W1       W2->W3       W2->P1       W2->P2         W2->
        1  -1.5714e-05   0.00366068    0.0141763     0.193461     0.211272
    O-O      25.8463      11.6372          ***          ***      37.4836

   Temperature = 500 K

   P(bar)       W2->W1       W2->W3       W2->P1       W2->P2         W2->
        1 -0.000133924    0.0215627    0.0848512      1.23219      1.33851
    O-O        541.7      138.949          ***          ***      680.648

   Temperature = 550 K

   P(bar)       W2->W1       W2->W3       W2->P1       W2->P2         W2->
        1 -0.000794512     0.082063     0.617715      4.83649      5.53546
    O-O      6604.27      1179.97          ***          ***      7784.24

   Temperature = 600 K

   P(bar)       W2->W1       W2->W3       W2->P1       W2->P2         W2->
        1  -0.00180443     0.258499      1.14705       13.524      14.9272
    O-O        53516      7468.77          ***          ***      60984.8

   Temperature = 700 K

   P(bar)       W2->W1       W2->W3       W2->P1       W2->P2         W2->
        1   -0.0146732      1.34319      9.75096      53.9027      64.9881
    O-O  1.45658e+06       149541          ***          ***  1.60612e+06

   Temperature = 800 K

   P(bar)       W2->W1       W2->W3       W2->P1       W2->P2         W2->
        1   -0.0381048      4.93195      9.94993       129.01      143.852
    O-O  1.75904e+07  1.51643e+06          ***          ***  1.91069e+07

   Temperature = 900 K

   P(bar)       W2->W1       W2->W3       W2->P1       W2->P2         W2->
        1   -0.0845872      12.7223     -6.59457      220.981       227.01
    O-O  1.23121e+08  9.54785e+06          ***          ***  1.32669e+08

   Temperature = 1000 K

   P(bar)       W2->W1       W2->W3       W2->P1       W2->P2         W2->
        1    -0.206069      34.2716     -390.674      334.127     -22.5175
    O-O  5.87011e+08  4.26132e+07          ***          ***  6.29624e+08

   Temperature = 1100 K

   P(bar)       W2->W1       W2->W3       W2->P1       W2->P2         W2->
        1     -0.15839       43.002     -78.0315      336.159      300.991
    O-O   2.1142e+09  1.47257e+08          ***          ***  2.26146e+09

   Temperature = 1200 K

   P(bar)       W2->W1       W2->W3       W2->P1       W2->P2         W2->
        1    -0.176697      75.1437     -92.5445      396.655      379.169
    O-O  6.16519e+09  4.18642e+08          ***          ***  6.58383e+09

   Temperature = 1300 K

   P(bar)       W2->W1       W2->W3       W2->P1       W2->P2         W2->
        1   -0.0744499      138.504     -260.754      487.178      364.872
    O-O  1.52753e+10  1.02208e+09          ***          ***  1.62974e+10

   Temperature = 1400 K

   P(bar)       W2->W1       W2->W3       W2->P1       W2->P2         W2->
        1     0.332408      259.824     -318.052      628.516      570.456
    O-O  3.32882e+10  2.21079e+09          ***          ***   3.5499e+10

   Temperature = 1500 K

   P(bar)       W2->W1       W2->W3       W2->P1       W2->P2         W2->
        1      1.33255      477.215     -209.431      820.375      1089.47
    O-O  6.54483e+10  4.33616e+09          ***          ***  6.97844e+10

   Temperature = 1625 K

   P(bar)       W2->W1       W2->W3       W2->P1       W2->P2         W2->
        1       4.5677      1039.88      628.155      1285.45       2958.2
    O-O  1.35682e+11  9.00551e+09          ***          ***  1.44688e+11

   Temperature = 1750 K

   P(bar)       W2->W1       W2->W3       W2->P1       W2->P2         W2->
        1       15.018      2678.31      4690.74      2877.76      10261.8
    O-O  2.53673e+11  1.69266e+10          ***          ***    2.706e+11

   Temperature = 1875 K

   P(bar)       W2->W1       W2->W3       W2->P1       W2->P2         W2->
        1      23.9106      3660.61      25884.5         2729      32298.2
    O-O  4.36578e+11  2.93522e+10          ***          ***  4.65931e+11

   Temperature = 2000 K

   P(bar)       W2->W1       W2->W3       W2->P1       W2->P2         W2->
        1      38.2635       5181.1        61295      2618.77        69133
    O-O  7.02398e+11  4.76476e+10          ***          ***  7.50046e+11

   Temperature = 300 K

   P(bar)       W3->W1       W3->W2       W3->P1       W3->P2         W3->
        1  1.35202e+06 -2.36207e+11 -1.17787e+09  2.37924e+11   5.4027e+08
    O-O          ***  0.000101083          ***   5.9135e+11   5.9135e+11

   Temperature = 350 K

   P(bar)       W3->W1       W3->W2       W3->P1       W3->P2         W3->
        1  1.60188e+06 -2.38688e+11 -1.43222e+09  2.40441e+11  3.21849e+08
    O-O          ***   0.00185762          ***  5.86426e+11  5.86426e+11

   Temperature = 400 K

   P(bar)       W3->W1       W3->W2       W3->P1       W3->P2         W3->
        1  1.43632e+06 -2.40303e+11 -1.40429e+09  2.41832e+11  1.25809e+08
    O-O          ***    0.0307833          ***  5.74266e+11  5.74266e+11

   Temperature = 450 K

   P(bar)       W3->W1       W3->W2       W3->P1       W3->P2         W3->
        1  1.58986e+06 -2.41977e+11 -1.31406e+09   2.4322e+11 -6.96828e+07
    O-O          ***     0.396804          ***  5.58548e+11  5.58548e+11

   Temperature = 500 K

   P(bar)       W3->W1       W3->W2       W3->P1       W3->P2         W3->
        1  2.15376e+06 -2.42752e+11 -1.17386e+09  2.43664e+11  -2.6018e+08
    O-O          ***      3.71877          ***  5.41289e+11  5.41289e+11

   Temperature = 550 K

   P(bar)       W3->W1       W3->W2       W3->P1       W3->P2         W3->
        1    3.227e+06 -2.42797e+11 -2.03429e+09  2.44349e+11 -4.78286e+08
    O-O          ***      25.6026          ***  5.23609e+11  5.23609e+11

   Temperature = 600 K

   P(bar)       W3->W1       W3->W2       W3->P1       W3->P2         W3->
        1  2.61974e+06 -2.43963e+11 -1.37265e+09  2.44648e+11 -6.84694e+08
    O-O          ***      134.809          ***   5.0613e+11   5.0613e+11

   Temperature = 700 K

   P(bar)       W3->W1       W3->W2       W3->P1       W3->P2         W3->
        1  5.18277e+06 -2.44027e+11 -2.22414e+09  2.45069e+11 -1.17675e+09
    O-O          ***      1981.58          ***  4.72957e+11  4.72957e+11

   Temperature = 800 K

   P(bar)       W3->W1       W3->W2       W3->P1       W3->P2         W3->
        1  5.89903e+06 -2.45812e+11 -8.34184e+08  2.44938e+11 -1.70203e+09
    O-O          ***      15638.8          ***  4.42877e+11  4.42877e+11

   Temperature = 900 K

   P(bar)       W3->W1       W3->W2       W3->P1       W3->P2         W3->
        1  8.36289e+06 -2.48532e+11  1.36217e+09   2.4485e+11 -2.31134e+09
    O-O          ***      79933.9          ***  4.15971e+11  4.15971e+11

   Temperature = 1000 K

   P(bar)       W3->W1       W3->W2       W3->P1       W3->P2         W3->
        1  1.53006e+07 -2.68077e+11  2.28858e+10  2.42627e+11 -2.54895e+09
    O-O          ***       298926          ***  3.91983e+11  3.91984e+11

   Temperature = 1100 K

   P(bar)       W3->W1       W3->W2       W3->P1       W3->P2         W3->
        1  1.63268e+07 -2.55584e+11  5.93222e+09  2.45619e+11 -4.01656e+09
    O-O          ***       887017          ***  3.70573e+11  3.70574e+11

   Temperature = 1200 K

   P(bar)       W3->W1       W3->W2       W3->P1       W3->P2         W3->
        1  2.48391e+07  -2.6136e+11  9.80483e+09  2.46333e+11 -5.19717e+09
    O-O          ***  2.20793e+06          ***  3.51402e+11  3.51404e+11

   Temperature = 1300 K

   P(bar)       W3->W1       W3->W2       W3->P1       W3->P2         W3->
        1  3.24966e+07 -2.76406e+11  2.34437e+10  2.46532e+11 -6.39768e+09
    O-O          ***  4.79473e+06          ***  3.34168e+11  3.34173e+11

   Temperature = 1400 K

   P(bar)       W3->W1       W3->W2       W3->P1       W3->P2         W3->
        1  4.41864e+07 -2.82928e+11  2.49932e+10  2.49139e+11 -8.75197e+09
    O-O          ***  9.34573e+06          ***  3.18608e+11  3.18617e+11

   Temperature = 1500 K

   P(bar)       W3->W1       W3->W2       W3->P1       W3->P2         W3->
        1  6.47193e+07 -2.99812e+11  3.51885e+10  2.52567e+11 -1.19915e+10
    O-O          ***  1.66987e+07          ***    3.045e+11  3.04517e+11

   Temperature = 1625 K

   P(bar)       W3->W1       W3->W2       W3->P1       W3->P2         W3->
        1  1.10597e+08 -3.40247e+11   6.0134e+10  2.60744e+11 -1.92578e+10
    O-O          ***  3.12631e+07          ***  2.88621e+11  2.88652e+11

   Temperature = 1750 K

   P(bar)       W3->W1       W3->W2       W3->P1       W3->P2         W3->
        1  2.40789e+08 -4.52485e+11   1.2691e+11    2.854e+11 -3.99342e+10
    O-O          ***  5.36047e+07          ***  2.74411e+11  2.74465e+11

   Temperature = 1875 K

   P(bar)       W3->W1       W3->W2       W3->P1       W3->P2         W3->
        1  9.82865e+07  -5.5693e+11  3.05736e+11  2.39892e+11  -1.1203e+10
    O-O          ***  8.56425e+07          ***  2.61623e+11  2.61709e+11

   Temperature = 2000 K

   P(bar)       W3->W1       W3->W2       W3->P1       W3->P2         W3->
        1  8.06722e+07 -5.86443e+11  3.48023e+11  2.32077e+11 -6.26211e+09
    O-O          ***  1.29166e+08          ***  2.50054e+11  2.50183e+11

   Temperature = 300 K

   P(bar)       P1->W1       P1->W2       P1->W3       P1->P2         P1->
        1  9.03064e-19  1.06726e-13  2.08159e-16  2.14809e-13  3.21745e-13
    O-O  2.84495e-10          ***          ***          ***  2.84495e-10

   Temperature = 350 K

   P(bar)       P1->W1       P1->W2       P1->W3       P1->P2         P1->
        1   4.8841e-19  7.60032e-14  1.23204e-16  2.24272e-13  3.00399e-13
    O-O  2.91899e-10          ***          ***          ***  2.91899e-10

   Temperature = 400 K

   P(bar)       P1->W1       P1->W2       P1->W3       P1->P2         P1->
        1  2.13616e-19  5.56888e-14  7.55878e-17  2.30803e-13  2.86568e-13
    O-O  2.98468e-10          ***          ***          ***  2.98468e-10

   Temperature = 450 K

   P(bar)       P1->W1       P1->W2       P1->W3       P1->P2         P1->
        1  1.17519e-19  4.13743e-14  4.60528e-17  2.37263e-13  2.78683e-13
    O-O  3.04385e-10          ***          ***          ***  3.04385e-10

   Temperature = 500 K

   P(bar)       P1->W1       P1->W2       P1->W3       P1->P2         P1->
        1  8.68393e-20  3.19664e-14  3.07178e-17  2.43916e-13  2.75913e-13
    O-O  3.09778e-10          ***          ***          ***  3.09778e-10

   Temperature = 550 K

   P(bar)       P1->W1       P1->W2       P1->W3       P1->P2         P1->
        1  7.22405e-20  2.51385e-14  2.09688e-17  2.52017e-13  2.77176e-13
    O-O  3.14738e-10          ***          ***          ***  3.14738e-10

   Temperature = 600 K

   P(bar)       P1->W1       P1->W2       P1->W3       P1->P2         P1->
        1   3.3591e-20  1.98762e-14    1.407e-17  2.61891e-13  2.81782e-13
    O-O  3.19335e-10          ***          ***          ***  3.19335e-10

   Temperature = 700 K

   P(bar)       P1->W1       P1->W2       P1->W3       P1->P2         P1->
        1  2.49437e-20  1.32033e-14  7.36144e-18  2.86429e-13   2.9964e-13
    O-O  3.27646e-10          ***          ***          ***  3.27646e-10

   Temperature = 800 K

   P(bar)       P1->W1       P1->W2       P1->W3       P1->P2         P1->
        1  1.25512e-20  9.21229e-15  4.28304e-18  3.17817e-13  3.27034e-13
    O-O  3.35019e-10          ***          ***          ***  3.35019e-10

   Temperature = 900 K

   P(bar)       P1->W1       P1->W2       P1->W3       P1->P2         P1->
        1   8.7365e-21  6.66966e-15  2.70939e-18  3.55937e-13  3.62609e-13
    O-O  3.41661e-10          ***          ***          ***  3.41661e-10

   Temperature = 1000 K

   P(bar)       P1->W1       P1->W2       P1->W3       P1->P2         P1->
        1  9.51175e-21  4.92225e-15  1.74342e-18  4.00678e-13  4.05602e-13
    O-O  3.47714e-10          ***          ***          ***  3.47714e-10

   Temperature = 1100 K

   P(bar)       P1->W1       P1->W2       P1->W3       P1->P2         P1->
        1  4.60953e-21  3.72917e-15   1.2024e-18  4.51862e-13  4.55593e-13
    O-O  3.53281e-10          ***          ***          ***  3.53281e-10

   Temperature = 1200 K

   P(bar)       P1->W1       P1->W2       P1->W3       P1->P2         P1->
        1   4.3178e-21  2.94009e-15   9.4659e-19  5.09406e-13  5.12347e-13
    O-O  3.58442e-10          ***          ***          ***  3.58442e-10

   Temperature = 1300 K

   P(bar)       P1->W1       P1->W2       P1->W3       P1->P2         P1->
        1  3.82795e-21  2.37188e-15  7.84856e-19   5.7329e-13  5.75663e-13
    O-O  3.63255e-10          ***          ***          ***  3.63255e-10

   Temperature = 1400 K

   P(bar)       P1->W1       P1->W2       P1->W3       P1->P2         P1->
        1  3.55627e-21  1.98443e-15  7.28157e-19  6.43445e-13   6.4543e-13
    O-O   3.6777e-10          ***          ***          ***   3.6777e-10

   Temperature = 1500 K

   P(bar)       P1->W1       P1->W2       P1->W3       P1->P2         P1->
        1  3.51053e-21   1.6694e-15   6.6831e-19  7.19865e-13  7.21535e-13
    O-O  3.72023e-10          ***          ***          ***  3.72023e-10

   Temperature = 1625 K

   P(bar)       P1->W1       P1->W2       P1->W3       P1->P2         P1->
        1   3.4015e-21  1.36666e-15  6.03778e-19  8.24135e-13  8.25502e-13
    O-O  3.77019e-10          ***          ***          ***  3.77019e-10

   Temperature = 1750 K

   P(bar)       P1->W1       P1->W2       P1->W3       P1->P2         P1->
        1  3.20879e-21  1.12347e-15  5.37738e-19  9.38023e-13  9.39147e-13
    O-O  3.81705e-10          ***          ***          ***  3.81705e-10

   Temperature = 1875 K

   P(bar)       P1->W1       P1->W2       P1->W3       P1->P2         P1->
        1  4.03533e-21   9.3129e-16  4.79023e-19  1.06144e-12  1.06237e-12
    O-O   3.8612e-10          ***          ***          ***   3.8612e-10

   Temperature = 2000 K

   P(bar)       P1->W1       P1->W2       P1->W3       P1->P2         P1->
        1   5.0726e-21  7.81252e-16  4.25996e-19  1.19427e-12  1.19506e-12
    O-O  3.90295e-10          ***          ***          ***  3.90295e-10

   Temperature = 300 K

   P(bar)       P2->W1       P2->W2       P2->W3       P2->P1         P2->
        1          ***          ***          ***          ***          ***
    O-O          ***          ***          ***          ***          ***

   Temperature = 350 K

   P(bar)       P2->W1       P2->W2       P2->W3       P2->P1         P2->
        1          ***          ***          ***          ***          ***
    O-O          ***          ***          ***          ***          ***

   Temperature = 400 K

   P(bar)       P2->W1       P2->W2       P2->W3       P2->P1         P2->
        1          ***          ***          ***          ***          ***
    O-O          ***          ***          ***          ***          ***

   Temperature = 450 K

   P(bar)       P2->W1       P2->W2       P2->W3       P2->P1         P2->
        1          ***          ***          ***          ***          ***
    O-O          ***          ***          ***          ***          ***

   Temperature = 500 K

   P(bar)       P2->W1       P2->W2       P2->W3       P2->P1         P2->
        1          ***          ***          ***          ***          ***
    O-O          ***          ***          ***          ***          ***

   Temperature = 550 K

   P(bar)       P2->W1       P2->W2       P2->W3       P2->P1         P2->
        1          ***          ***          ***          ***          ***
    O-O          ***          ***          ***          ***          ***

   Temperature = 600 K

   P(bar)       P2->W1       P2->W2       P2->W3       P2->P1         P2->
        1          ***          ***          ***          ***          ***
    O-O          ***          ***          ***          ***          ***

   Temperature = 700 K

   P(bar)       P2->W1       P2->W2       P2->W3       P2->P1         P2->
        1          ***          ***          ***          ***          ***
    O-O          ***          ***          ***          ***          ***

   Temperature = 800 K

   P(bar)       P2->W1       P2->W2       P2->W3       P2->P1         P2->
        1          ***          ***          ***          ***          ***
    O-O          ***          ***          ***          ***          ***

   Temperature = 900 K

   P(bar)       P2->W1       P2->W2       P2->W3       P2->P1         P2->
        1          ***          ***          ***          ***          ***
    O-O          ***          ***          ***          ***          ***

   Temperature = 1000 K

   P(bar)       P2->W1       P2->W2       P2->W3       P2->P1         P2->
        1          ***          ***          ***          ***          ***
    O-O          ***          ***          ***          ***          ***

   Temperature = 1100 K

   P(bar)       P2->W1       P2->W2       P2->W3       P2->P1         P2->
        1          ***          ***          ***          ***          ***
    O-O          ***          ***          ***          ***          ***

   Temperature = 1200 K

   P(bar)       P2->W1       P2->W2       P2->W3       P2->P1         P2->
        1          ***          ***          ***          ***          ***
    O-O          ***          ***          ***          ***          ***

   Temperature = 1300 K

   P(bar)       P2->W1       P2->W2       P2->W3       P2->P1         P2->
        1          ***          ***          ***          ***          ***
    O-O          ***          ***          ***          ***          ***

   Temperature = 1400 K

   P(bar)       P2->W1       P2->W2       P2->W3       P2->P1         P2->
        1          ***          ***          ***          ***          ***
    O-O          ***          ***          ***          ***          ***

   Temperature = 1500 K

   P(bar)       P2->W1       P2->W2       P2->W3       P2->P1         P2->
        1          ***          ***          ***          ***          ***
    O-O          ***          ***          ***          ***          ***

   Temperature = 1625 K

   P(bar)       P2->W1       P2->W2       P2->W3       P2->P1         P2->
        1          ***          ***          ***          ***          ***
    O-O          ***          ***          ***          ***          ***

   Temperature = 1750 K

   P(bar)       P2->W1       P2->W2       P2->W3       P2->P1         P2->
        1          ***          ***          ***          ***          ***
    O-O          ***          ***          ***          ***          ***

   Temperature = 1875 K

   P(bar)       P2->W1       P2->W2       P2->W3       P2->P1         P2->
        1          ***          ***          ***          ***          ***
    O-O          ***          ***          ***          ***          ***

   Temperature = 2000 K

   P(bar)       P2->W1       P2->W2       P2->W3       P2->P1         P2->
        1          ***          ***          ***          ***          ***
    O-O          ***          ***          ***          ***          ***

______________________________________________________________________________________

Temperature-Species Rate Tables:

   Pressure = 1 bar

   T(K)       W1->W2       W1->W3       W1->P1       W1->P2         W1->      Capture
    300  -6.7934e+12 -1.34002e+11  9.70431e+12 -2.77503e+12  1.57846e+09  3.36671e+13
    350 -7.70755e+12 -1.71693e+11  1.11049e+13 -3.22426e+12  1.50041e+09  3.81824e+13
    400 -1.18941e+13 -2.75717e+11  1.68797e+13  -4.7084e+12  1.47866e+09  4.05094e+13
    450  -1.4438e+13 -3.44222e+11  2.02166e+13 -5.43288e+12  1.47726e+09  4.12277e+13
    500 -1.50612e+13 -3.56391e+11  2.04142e+13 -4.99499e+12  1.54473e+09  4.08481e+13
    550 -1.43108e+13 -3.38457e+11  1.88669e+13 -4.21602e+12  1.65007e+09  3.97619e+13
    600 -2.28697e+13 -5.48535e+11  2.95643e+13 -6.14423e+12  1.74131e+09  3.82491e+13
    700 -2.04537e+13 -5.06603e+11  2.54532e+13  -4.4908e+12  2.08097e+09  3.46532e+13
    800 -2.83741e+13 -7.44048e+11  3.43934e+13 -5.27274e+12  2.49909e+09  3.09511e+13
    900 -2.99318e+13 -8.51241e+11  3.56834e+13 -4.89739e+12  3.03249e+09  2.75076e+13
   1000 -1.70396e+13 -5.38758e+11  2.01437e+13 -2.56219e+12   3.1993e+09  2.44445e+13
   1100 -3.16938e+13 -1.14151e+12  3.73742e+13 -4.53432e+12  4.62106e+09   2.1776e+13
   1200 -2.90077e+13 -1.21694e+12  3.42992e+13 -4.06872e+12  5.80143e+09  1.94729e+13
   1300 -2.74952e+13 -1.38498e+12  3.28219e+13 -3.93467e+12  7.02195e+09  1.74915e+13
   1400 -2.95425e+13  -1.8706e+12  3.59754e+13 -4.55286e+12  9.43277e+09  1.57863e+13
   1500 -2.72021e+13 -2.36101e+12   3.4537e+13 -4.96116e+12  1.27326e+10  1.43154e+13
   1625 -2.16787e+13 -3.49735e+12  3.13494e+13 -6.15323e+12  2.00774e+10  1.27511e+13
   1750 -4.58635e+12 -6.77167e+12  2.14037e+13 -1.00048e+13  4.08262e+10  1.14367e+13
   1875  7.26136e+12 -1.39176e+12 -4.12933e+12 -1.72807e+12  1.21905e+10  1.03247e+13
   2000  6.13972e+12 -5.72841e+11 -4.96767e+12 -5.91869e+11   7.3373e+09  9.37715e+12

   Pressure = 1 bar

   T(K)       W2->W1       W2->W3       W2->P1       W2->P2         W2->      Capture
    300 -2.43627e-10  1.23988e-07  2.16493e-07  2.71152e-06  3.05267e-06   0.00105719
    350 -4.11611e-08  1.38579e-05   3.8245e-05  0.000434928  0.000487018     0.033896
    400 -1.17618e-06  0.000359735   0.00121967    0.0150572    0.0166347      1.26771
    450  -1.5714e-05   0.00366068    0.0141763     0.193461     0.211272      37.4836
    500 -0.000133924    0.0215627    0.0848512      1.23219      1.33851      680.648
    550 -0.000794512     0.082063     0.617715      4.83649      5.53546      7784.24
    600  -0.00180443     0.258499      1.14705       13.524      14.9272      60984.8
    700   -0.0146732      1.34319      9.75096      53.9027      64.9881  1.60612e+06
    800   -0.0381048      4.93195      9.94993       129.01      143.852  1.91069e+07
    900   -0.0845872      12.7223     -6.59457      220.981       227.01  1.32669e+08
   1000    -0.206069      34.2716     -390.674      334.127     -22.5175  6.29624e+08
   1100     -0.15839       43.002     -78.0315      336.159      300.991  2.26146e+09
   1200    -0.176697      75.1437     -92.5445      396.655      379.169  6.58383e+09
   1300   -0.0744499      138.504     -260.754      487.178      364.872  1.62974e+10
   1400     0.332408      259.824     -318.052      628.516      570.456   3.5499e+10
   1500      1.33255      477.215     -209.431      820.375      1089.47  6.97844e+10
   1625       4.5677      1039.88      628.155      1285.45       2958.2  1.44688e+11
   1750       15.018      2678.31      4690.74      2877.76      10261.8    2.706e+11
   1875      23.9106      3660.61      25884.5         2729      32298.2  4.65931e+11
   2000      38.2635       5181.1        61295      2618.77        69133  7.50046e+11

   Pressure = 1 bar

   T(K)       W3->W1       W3->W2       W3->P1       W3->P2         W3->      Capture
    300  1.35202e+06 -2.36207e+11 -1.17787e+09  2.37924e+11   5.4027e+08   5.9135e+11
    350  1.60188e+06 -2.38688e+11 -1.43222e+09  2.40441e+11  3.21849e+08  5.86426e+11
    400  1.43632e+06 -2.40303e+11 -1.40429e+09  2.41832e+11  1.25809e+08  5.74266e+11
    450  1.58986e+06 -2.41977e+11 -1.31406e+09   2.4322e+11 -6.96828e+07  5.58548e+11
    500  2.15376e+06 -2.42752e+11 -1.17386e+09  2.43664e+11  -2.6018e+08  5.41289e+11
    550    3.227e+06 -2.42797e+11 -2.03429e+09  2.44349e+11 -4.78286e+08  5.23609e+11
    600  2.61974e+06 -2.43963e+11 -1.37265e+09  2.44648e+11 -6.84694e+08   5.0613e+11
    700  5.18277e+06 -2.44027e+11 -2.22414e+09  2.45069e+11 -1.17675e+09  4.72957e+11
    800  5.89903e+06 -2.45812e+11 -8.34184e+08  2.44938e+11 -1.70203e+09  4.42877e+11
    900  8.36289e+06 -2.48532e+11  1.36217e+09   2.4485e+11 -2.31134e+09  4.15971e+11
   1000  1.53006e+07 -2.68077e+11  2.28858e+10  2.42627e+11 -2.54895e+09  3.91984e+11
   1100  1.63268e+07 -2.55584e+11  5.93222e+09  2.45619e+11 -4.01656e+09  3.70574e+11
   1200  2.48391e+07  -2.6136e+11  9.80483e+09  2.46333e+11 -5.19717e+09  3.51404e+11
   1300  3.24966e+07 -2.76406e+11  2.34437e+10  2.46532e+11 -6.39768e+09  3.34173e+11
   1400  4.41864e+07 -2.82928e+11  2.49932e+10  2.49139e+11 -8.75197e+09  3.18617e+11
   1500  6.47193e+07 -2.99812e+11  3.51885e+10  2.52567e+11 -1.19915e+10  3.04517e+11
   1625  1.10597e+08 -3.40247e+11   6.0134e+10  2.60744e+11 -1.92578e+10  2.88652e+11
   1750  2.40789e+08 -4.52485e+11   1.2691e+11    2.854e+11 -3.99342e+10  2.74465e+11
   1875  9.82865e+07  -5.5693e+11  3.05736e+11  2.39892e+11  -1.1203e+10  2.61709e+11
   2000  8.06722e+07 -5.86443e+11  3.48023e+11  2.32077e+11 -6.26211e+09  2.50183e+11

   Pressure = 1 bar

   T(K)       P1->W1       P1->W2       P1->W3       P1->P2         P1->      Capture
    300  9.03064e-19  1.06726e-13  2.08159e-16  2.14809e-13  3.21745e-13  2.84495e-10
    350   4.8841e-19  7.60032e-14  1.23204e-16  2.24272e-13  3.00399e-13  2.91899e-10
    400  2.13616e-19  5.56888e-14  7.55878e-17  2.30803e-13  2.86568e-13  2.98468e-10
    450  1.17519e-19  4.13743e-14  4.60528e-17  2.37263e-13  2.78683e-13  3.04385e-10
    500  8.68393e-20  3.19664e-14  3.07178e-17  2.43916e-13  2.75913e-13  3.09778e-10
    550  7.22405e-20  2.51385e-14  2.09688e-17  2.52017e-13  2.77176e-13  3.14738e-10
    600   3.3591e-20  1.98762e-14    1.407e-17  2.61891e-13  2.81782e-13  3.19335e-10
    700  2.49437e-20  1.32033e-14  7.36144e-18  2.86429e-13   2.9964e-13  3.27646e-10
    800  1.25512e-20  9.21229e-15  4.28304e-18  3.17817e-13  3.27034e-13  3.35019e-10
    900   8.7365e-21  6.66966e-15  2.70939e-18  3.55937e-13  3.62609e-13  3.41661e-10
   1000  9.51175e-21  4.92225e-15  1.74342e-18  4.00678e-13  4.05602e-13  3.47714e-10
   1100  4.60953e-21  3.72917e-15   1.2024e-18  4.51862e-13  4.55593e-13  3.53281e-10
   1200   4.3178e-21  2.94009e-15   9.4659e-19  5.09406e-13  5.12347e-13  3.58442e-10
   1300  3.82795e-21  2.37188e-15  7.84856e-19   5.7329e-13  5.75663e-13  3.63255e-10
   1400  3.55627e-21  1.98443e-15  7.28157e-19  6.43445e-13   6.4543e-13   3.6777e-10
   1500  3.51053e-21   1.6694e-15   6.6831e-19  7.19865e-13  7.21535e-13  3.72023e-10
   1625   3.4015e-21  1.36666e-15  6.03778e-19  8.24135e-13  8.25502e-13  3.77019e-10
   1750  3.20879e-21  1.12347e-15  5.37738e-19  9.38023e-13  9.39147e-13  3.81705e-10
   1875  4.03533e-21   9.3129e-16  4.79023e-19  1.06144e-12  1.06237e-12   3.8612e-10
   2000   5.0726e-21  7.81252e-16  4.25996e-19  1.19427e-12  1.19506e-12  3.90295e-10

   Pressure = 1 bar

   T(K)       P2->W1       P2->W2       P2->W3       P2->P1         P2->      Capture
    300          ***          ***          ***          ***          ***          ***
    350          ***          ***          ***          ***          ***          ***
    400          ***          ***          ***          ***          ***          ***
    450          ***          ***          ***          ***          ***          ***
    500          ***          ***          ***          ***          ***          ***
    550          ***          ***          ***          ***          ***          ***
    600          ***          ***          ***          ***          ***          ***
    700          ***          ***          ***          ***          ***          ***
    800          ***          ***          ***          ***          ***          ***
    900          ***          ***          ***          ***          ***          ***
   1000          ***          ***          ***          ***          ***          ***
   1100          ***          ***          ***          ***          ***          ***
   1200          ***          ***          ***          ***          ***          ***
   1300          ***          ***          ***          ***          ***          ***
   1400          ***          ***          ***          ***          ***          ***
   1500          ***          ***          ***          ***          ***          ***
   1625          ***          ***          ***          ***          ***          ***
   1750          ***          ***          ***          ***          ***          ***
   1875          ***          ***          ***          ***          ***          ***
   2000          ***          ***          ***          ***          ***          ***

______________________________________________________________________________________

Temperature-Pressure Rate Tables:

W1->W2

P\T              300          350          400          450          500          550          600          700          800          900         1000         1100         1200         1300         1400         1500         1625         1750         1875         2000
1        -6.7934e+12 -7.70755e+12 -1.18941e+13  -1.4438e+13 -1.50612e+13 -1.43108e+13 -2.28697e+13 -2.04537e+13 -2.83741e+13 -2.99318e+13 -1.70396e+13 -3.16938e+13 -2.90077e+13 -2.74952e+13 -2.95425e+13 -2.72021e+13 -2.16787e+13 -4.58635e+12  7.26136e+12  6.13972e+12
O-O      1.61321e+11  2.08111e+11  2.48768e+11  2.83134e+11  3.11757e+11  3.35402e+11  3.54844e+11  3.83831e+11  4.03181e+11  4.16009e+11  4.24432e+11  4.29886e+11  4.33348e+11  4.35485e+11  4.36751e+11  4.37461e+11  4.37887e+11  4.38051e+11  4.38126e+11  4.38217e+11

W1->W3

P\T              300          350          400          450          500          550          600          700          800          900         1000         1100         1200         1300         1400         1500         1625         1750         1875         2000
1       -1.34002e+11 -1.71693e+11 -2.75717e+11 -3.44222e+11 -3.56391e+11 -3.38457e+11 -5.48535e+11 -5.06603e+11 -7.44048e+11 -8.51241e+11 -5.38758e+11 -1.14151e+12 -1.21694e+12 -1.38498e+12  -1.8706e+12 -2.36101e+12 -3.49735e+12 -6.77167e+12 -1.39176e+12 -5.72841e+11
O-O              ***          ***          ***          ***          ***          ***          ***          ***          ***          ***          ***          ***          ***          ***          ***          ***          ***          ***          ***          ***

W1->P1

P\T              300          350          400          450          500          550          600          700          800          900         1000         1100         1200         1300         1400         1500         1625         1750         1875         2000
1        9.70431e+12  1.11049e+13  1.68797e+13  2.02166e+13  2.04142e+13  1.88669e+13  2.95643e+13  2.54532e+13  3.43934e+13  3.56834e+13  2.01437e+13  3.73742e+13  3.42992e+13  3.28219e+13  3.59754e+13   3.4537e+13  3.13494e+13  2.14037e+13 -4.12933e+12 -4.96767e+12
O-O      3.35057e+13  3.79742e+13  4.02606e+13  4.09446e+13  4.05364e+13  3.94265e+13  3.78943e+13  3.42694e+13  3.05479e+13  2.70916e+13  2.40201e+13  2.13461e+13  1.90396e+13   1.7056e+13  1.53495e+13  1.38779e+13  1.23132e+13  1.09987e+13  9.88654e+12  8.93893e+12

W1->P2

P\T              300          350          400          450          500          550          600          700          800          900         1000         1100         1200         1300         1400         1500         1625         1750         1875         2000
1       -2.77503e+12 -3.22426e+12  -4.7084e+12 -5.43288e+12 -4.99499e+12 -4.21602e+12 -6.14423e+12  -4.4908e+12 -5.27274e+12 -4.89739e+12 -2.56219e+12 -4.53432e+12 -4.06872e+12 -3.93467e+12 -4.55286e+12 -4.96116e+12 -6.15323e+12 -1.00048e+13 -1.72807e+12 -5.91869e+11
O-O              ***          ***          ***          ***          ***          ***          ***          ***          ***          ***          ***          ***          ***          ***          ***          ***          ***          ***          ***          ***

W2->W1

P\T              300          350          400          450          500          550          600          700          800          900         1000         1100         1200         1300         1400         1500         1625         1750         1875         2000
1       -2.43627e-10 -4.11611e-08 -1.17618e-06  -1.5714e-05 -0.000133924 -0.000794512  -0.00180443   -0.0146732   -0.0381048   -0.0845872    -0.206069     -0.15839    -0.176697   -0.0744499     0.332408      1.33255       4.5677       15.018      23.9106      38.2635
O-O      7.74784e-06   0.00467315     0.587982      25.8463        541.7      6604.27        53516  1.45658e+06  1.75904e+07  1.23121e+08  5.87011e+08   2.1142e+09  6.16519e+09  1.52753e+10  3.32882e+10  6.54483e+10  1.35682e+11  2.53673e+11  4.36578e+11  7.02398e+11

W2->W3

P\T              300          350          400          450          500          550          600          700          800          900         1000         1100         1200         1300         1400         1500         1625         1750         1875         2000
1        1.23988e-07  1.38579e-05  0.000359735   0.00366068    0.0215627     0.082063     0.258499      1.34319      4.93195      12.7223      34.2716       43.002      75.1437      138.504      259.824      477.215      1039.88      2678.31      3660.61       5181.1
O-O       0.00104945    0.0292229     0.679727      11.6372      138.949      1179.97      7468.77       149541  1.51643e+06  9.54785e+06  4.26132e+07  1.47257e+08  4.18642e+08  1.02208e+09  2.21079e+09  4.33616e+09  9.00551e+09  1.69266e+10  2.93522e+10  4.76476e+10

W2->P1

P\T              300          350          400          450          500          550          600          700          800          900         1000         1100         1200         1300         1400         1500         1625         1750         1875         2000
1        2.16493e-07   3.8245e-05   0.00121967    0.0141763    0.0848512     0.617715      1.14705      9.75096      9.94993     -6.59457     -390.674     -78.0315     -92.5445     -260.754     -318.052     -209.431      628.155      4690.74      25884.5        61295
O-O              ***          ***          ***          ***          ***          ***          ***          ***          ***          ***          ***          ***          ***          ***          ***          ***          ***          ***          ***          ***

W2->P2

P\T              300          350          400          450          500          550          600          700          800          900         1000         1100         1200         1300         1400         1500         1625         1750         1875         2000
1        2.71152e-06  0.000434928    0.0150572     0.193461      1.23219      4.83649       13.524      53.9027       129.01      220.981      334.127      336.159      396.655      487.178      628.516      820.375      1285.45      2877.76         2729      2618.77
O-O              ***          ***          ***          ***          ***          ***          ***          ***          ***          ***          ***          ***          ***          ***          ***          ***          ***          ***          ***          ***

W3->W1

P\T              300          350          400          450          500          550          600          700          800          900         1000         1100         1200         1300         1400         1500         1625         1750         1875         2000
1        1.35202e+06  1.60188e+06  1.43632e+06  1.58986e+06  2.15376e+06    3.227e+06  2.61974e+06  5.18277e+06  5.89903e+06  8.36289e+06  1.53006e+07  1.63268e+07  2.48391e+07  3.24966e+07  4.41864e+07  6.47193e+07  1.10597e+08  2.40789e+08  9.82865e+07  8.06722e+07
O-O              ***          ***          ***          ***          ***          ***          ***          ***          ***          ***          ***          ***          ***          ***          ***          ***          ***          ***          ***          ***

W3->W2

P\T              300          350          400          450          500          550          600          700          800          900         1000         1100         1200         1300         1400         1500         1625         1750         1875         2000
1       -2.36207e+11 -2.38688e+11 -2.40303e+11 -2.41977e+11 -2.42752e+11 -2.42797e+11 -2.43963e+11 -2.44027e+11 -2.45812e+11 -2.48532e+11 -2.68077e+11 -2.55584e+11  -2.6136e+11 -2.76406e+11 -2.82928e+11 -2.99812e+11 -3.40247e+11 -4.52485e+11  -5.5693e+11 -5.86443e+11
O-O      0.000101083   0.00185762    0.0307833     0.396804      3.71877      25.6026      134.809      1981.58      15638.8      79933.9       298926       887017  2.20793e+06  4.79473e+06  9.34573e+06  1.66987e+07  3.12631e+07  5.36047e+07  8.56425e+07  1.29166e+08

W3->P1

P\T              300          350          400          450          500          550          600          700          800          900         1000         1100         1200         1300         1400         1500         1625         1750         1875         2000
1       -1.17787e+09 -1.43222e+09 -1.40429e+09 -1.31406e+09 -1.17386e+09 -2.03429e+09 -1.37265e+09 -2.22414e+09 -8.34184e+08  1.36217e+09  2.28858e+10  5.93222e+09  9.80483e+09  2.34437e+10  2.49932e+10  3.51885e+10   6.0134e+10   1.2691e+11  3.05736e+11  3.48023e+11
O-O              ***          ***          ***          ***          ***          ***          ***          ***          ***          ***          ***          ***          ***          ***          ***          ***          ***          ***          ***          ***

W3->P2

P\T              300          350          400          450          500          550          600          700          800          900         1000         1100         1200         1300         1400         1500         1625         1750         1875         2000
1        2.37924e+11  2.40441e+11  2.41832e+11   2.4322e+11  2.43664e+11  2.44349e+11  2.44648e+11  2.45069e+11  2.44938e+11   2.4485e+11  2.42627e+11  2.45619e+11  2.46333e+11  2.46532e+11  2.49139e+11  2.52567e+11  2.60744e+11    2.854e+11  2.39892e+11  2.32077e+11
O-O       5.9135e+11  5.86426e+11  5.74266e+11  5.58548e+11  5.41289e+11  5.23609e+11   5.0613e+11  4.72957e+11  4.42877e+11  4.15971e+11  3.91983e+11  3.70573e+11  3.51402e+11  3.34168e+11  3.18608e+11    3.045e+11  2.88621e+11  2.74411e+11  2.61623e+11  2.50054e+11

P1->W1

P\T              300          350          400          450          500          550          600          700          800          900         1000         1100         1200         1300         1400         1500         1625         1750         1875         2000
1        9.03064e-19   4.8841e-19  2.13616e-19  1.17519e-19  8.68393e-20  7.22405e-20   3.3591e-20  2.49437e-20  1.25512e-20   8.7365e-21  9.51175e-21  4.60953e-21   4.3178e-21  3.82795e-21  3.55627e-21  3.51053e-21   3.4015e-21  3.20879e-21  4.03533e-21   5.0726e-21
O-O      2.84495e-10  2.91899e-10  2.98468e-10  3.04385e-10  3.09778e-10  3.14738e-10  3.19335e-10  3.27646e-10  3.35019e-10  3.41661e-10  3.47714e-10  3.53281e-10  3.58442e-10  3.63255e-10   3.6777e-10  3.72023e-10  3.77019e-10  3.81705e-10   3.8612e-10  3.90295e-10

P1->W2

P\T              300          350          400          450          500          550          600          700          800          900         1000         1100         1200         1300         1400         1500         1625         1750         1875         2000
1        1.06726e-13  7.60032e-14  5.56888e-14  4.13743e-14  3.19664e-14  2.51385e-14  1.98762e-14  1.32033e-14  9.21229e-15  6.66966e-15  4.92225e-15  3.72917e-15  2.94009e-15  2.37188e-15  1.98443e-15   1.6694e-15  1.36666e-15  1.12347e-15   9.3129e-16  7.81252e-16
O-O              ***          ***          ***          ***          ***          ***          ***          ***          ***          ***          ***          ***          ***          ***          ***          ***          ***          ***          ***          ***

P1->W3

P\T              300          350          400          450          500          550          600          700          800          900         1000         1100         1200         1300         1400         1500         1625         1750         1875         2000
1        2.08159e-16  1.23204e-16  7.55878e-17  4.60528e-17  3.07178e-17  2.09688e-17    1.407e-17  7.36144e-18  4.28304e-18  2.70939e-18  1.74342e-18   1.2024e-18   9.4659e-19  7.84856e-19  7.28157e-19   6.6831e-19  6.03778e-19  5.37738e-19  4.79023e-19  4.25996e-19
O-O              ***          ***          ***          ***          ***          ***          ***          ***          ***          ***          ***          ***          ***          ***          ***          ***          ***          ***          ***          ***

P1->P2

P\T              300          350          400          450          500          550          600          700          800          900         1000         1100         1200         1300         1400         1500         1625         1750         1875         2000
1        2.14809e-13  2.24272e-13  2.30803e-13  2.37263e-13  2.43916e-13  2.52017e-13  2.61891e-13  2.86429e-13  3.17817e-13  3.55937e-13  4.00678e-13  4.51862e-13  5.09406e-13   5.7329e-13  6.43445e-13  7.19865e-13  8.24135e-13  9.38023e-13  1.06144e-12  1.19427e-12
O-O              ***          ***          ***          ***          ***          ***          ***          ***          ***          ***          ***          ***          ***          ***          ***          ***          ***          ***          ***          ***

P2->W1

P\T              300          350          400          450          500          550          600          700          800          900         1000         1100         1200         1300         1400         1500         1625         1750         1875         2000
1                ***          ***          ***          ***          ***          ***          ***          ***          ***          ***          ***          ***          ***          ***          ***          ***          ***          ***          ***          ***
O-O              ***          ***          ***          ***          ***          ***          ***          ***          ***          ***          ***          ***          ***          ***          ***          ***          ***          ***          ***          ***

P2->W2

P\T              300          350          400          450          500          550          600          700          800          900         1000         1100         1200         1300         1400         1500         1625         1750         1875         2000
1                ***          ***          ***          ***          ***          ***          ***          ***          ***          ***          ***          ***          ***          ***          ***          ***          ***          ***          ***          ***
O-O              ***          ***          ***          ***          ***          ***          ***          ***          ***          ***          ***          ***          ***          ***          ***          ***          ***          ***          ***          ***

P2->W3

P\T              300          350          400          450          500          550          600          700          800          900         1000         1100         1200         1300         1400         1500         1625         1750         1875         2000
1                ***          ***          ***          ***          ***          ***          ***          ***          ***          ***          ***          ***          ***          ***          ***          ***          ***          ***          ***          ***
O-O              ***          ***          ***          ***          ***          ***          ***          ***          ***          ***          ***          ***          ***          ***          ***          ***          ***          ***          ***          ***

P2->P1

P\T              300          350          400          450          500          550          600          700          800          900         1000         1100         1200         1300         1400         1500         1625         1750         1875         2000
1                ***          ***          ***          ***          ***          ***          ***          ***          ***          ***          ***          ***          ***          ***          ***          ***          ***          ***          ***          ***
O-O              ***          ***          ***          ***          ***          ***          ***          ***          ***          ***          ***          ***          ***          ***          ***          ***          ***          ***          ***          ***

W1-> 

P\T              300          350          400          450          500          550          600          700          800          900         1000         1100         1200         1300         1400         1500         1625         1750         1875         2000
1        1.57846e+09  1.50041e+09  1.47866e+09  1.47726e+09  1.54473e+09  1.65007e+09  1.74131e+09  2.08097e+09  2.49909e+09  3.03249e+09   3.1993e+09  4.62106e+09  5.80143e+09  7.02195e+09  9.43277e+09  1.27326e+10  2.00774e+10  4.08262e+10  1.21905e+10   7.3373e+09
O-O      3.36671e+13  3.81824e+13  4.05094e+13  4.12277e+13  4.08481e+13  3.97619e+13  3.82491e+13  3.46532e+13  3.09511e+13  2.75076e+13  2.44445e+13   2.1776e+13  1.94729e+13  1.74915e+13  1.57863e+13  1.43154e+13  1.27511e+13  1.14367e+13  1.03247e+13  9.37715e+12

W2-> 

P\T              300          350          400          450          500          550          600          700          800          900         1000         1100         1200         1300         1400         1500         1625         1750         1875         2000
1        3.05267e-06  0.000487018    0.0166347     0.211272      1.33851      5.53546      14.9272      64.9881      143.852       227.01     -22.5175      300.991      379.169      364.872      570.456      1089.47       2958.2      10261.8      32298.2        69133
O-O       0.00105719     0.033896      1.26771      37.4836      680.648      7784.24      60984.8  1.60612e+06  1.91069e+07  1.32669e+08  6.29624e+08  2.26146e+09  6.58383e+09  1.62974e+10   3.5499e+10  6.97844e+10  1.44688e+11    2.706e+11  4.65931e+11  7.50046e+11

W3-> 

P\T              300          350          400          450          500          550          600          700          800          900         1000         1100         1200         1300         1400         1500         1625         1750         1875         2000
1         5.4027e+08  3.21849e+08  1.25809e+08 -6.96828e+07  -2.6018e+08 -4.78286e+08 -6.84694e+08 -1.17675e+09 -1.70203e+09 -2.31134e+09 -2.54895e+09 -4.01656e+09 -5.19717e+09 -6.39768e+09 -8.75197e+09 -1.19915e+10 -1.92578e+10 -3.99342e+10  -1.1203e+10 -6.26211e+09
O-O       5.9135e+11  5.86426e+11  5.74266e+11  5.58548e+11  5.41289e+11  5.23609e+11   5.0613e+11  4.72957e+11  4.42877e+11  4.15971e+11  3.91984e+11  3.70574e+11  3.51404e+11  3.34173e+11  3.18617e+11  3.04517e+11  2.88652e+11  2.74465e+11  2.61709e+11  2.50183e+11

P1-> 

P\T              300          350          400          450          500          550          600          700          800          900         1000         1100         1200         1300         1400         1500         1625         1750         1875         2000
1        3.21745e-13  3.00399e-13  2.86568e-13  2.78683e-13  2.75913e-13  2.77176e-13  2.81782e-13   2.9964e-13  3.27034e-13  3.62609e-13  4.05602e-13  4.55593e-13  5.12347e-13  5.75663e-13   6.4543e-13  7.21535e-13  8.25502e-13  9.39147e-13  1.06237e-12  1.19506e-12
O-O      2.84495e-10  2.91899e-10  2.98468e-10  3.04385e-10  3.09778e-10  3.14738e-10  3.19335e-10  3.27646e-10  3.35019e-10  3.41661e-10  3.47714e-10  3.53281e-10  3.58442e-10  3.63255e-10   3.6777e-10  3.72023e-10  3.77019e-10  3.81705e-10   3.8612e-10  3.90295e-10

P2-> 

P\T              300          350          400          450          500          550          600          700          800          900         1000         1100         1200         1300         1400         1500         1625         1750         1875         2000
1                ***          ***          ***          ***          ***          ***          ***          ***          ***          ***          ***          ***          ***          ***          ***          ***          ***          ***          ***          ***
O-O              ***          ***          ***          ***          ***          ***          ***          ***          ***          ***          ***          ***          ***          ***          ***          ***          ***          ***          ***          ***

