Model::init:  starts
   Model::ExponentialKernel::ExponentialKernel:  ... done
   Model::LennardJonesCollision::LennardJonesCollision:  ... done
   WELL: W0
   Model::RRHO::RRHO:  starts
      Model::new_core:  starts
         Model::RigidRotor::RigidRotor:  starts
            molecular geometry will be used to estimate rotational constants
            rotational configuration: nonlinear
            rotational constants[1/cm]:         23.7897       0.601083        0.58627
         Model::RigidRotor::RigidRotor:  done, cpu time[sec] = 0.003273, elapsed time[sec] = 0
      Model::new_core:  done, cpu time[sec] = 0.004029, elapsed time[sec] = 0
      ground state energy, kcal/mol:   0.15
      interpolating states number/density starts
         core state contribution ... done, cpu time[sec] = 0.120095, elapsed time[sec] = 0
         electronic states contribution ... done, cpu time[sec] = 0.014405, elapsed time[sec] = 0
         vibrational modes contribution ... done, cpu time[sec] = 0.028488, elapsed time[sec] = 0
         effective power exponent at 399.849 kcal/mol = 6.36045
      interpolating states number/density done, cpu time[sec] = 1.32094, elapsed time[sec] = 0
   Model::RRHO::RRHO:  done, cpu time[sec] = 1.34192, elapsed time[sec] = 0
   WELL: W1
   Model::RRHO::RRHO:  starts
      Model::new_core:  starts
         Model::RigidRotor::RigidRotor:  starts
            molecular geometry will be used to estimate rotational constants
            rotational configuration: nonlinear
            rotational constants[1/cm]:         2.27757        1.07738         0.7314
         Model::RigidRotor::RigidRotor:  done, cpu time[sec] = 0.013324, elapsed time[sec] = 0
      Model::new_core:  done, cpu time[sec] = 0.037986, elapsed time[sec] = 0
      ground state energy, kcal/mol:   0.19
      interpolating states number/density starts
         core state contribution ... done, cpu time[sec] = 0.123701, elapsed time[sec] = 0
         electronic states contribution ... done, cpu time[sec] = 0.016187, elapsed time[sec] = 0
         vibrational modes contribution ... done, cpu time[sec] = 0.030659, elapsed time[sec] = 0
         effective power exponent at 399.809 kcal/mol = 6.35945
      interpolating states number/density done, cpu time[sec] = 1.23184, elapsed time[sec] = 0
   Model::RRHO::RRHO:  done, cpu time[sec] = 1.31118, elapsed time[sec] = 0
   WELL: W2
   Model::RRHO::RRHO:  starts
      Model::new_core:  starts
         Model::RigidRotor::RigidRotor:  starts
            molecular geometry will be used to estimate rotational constants
            rotational configuration: nonlinear
            rotational constants[1/cm]:         23.7897       0.601083        0.58627
         Model::RigidRotor::RigidRotor:  done, cpu time[sec] = 0.013236, elapsed time[sec] = 0
      Model::new_core:  done, cpu time[sec] = 0.037648, elapsed time[sec] = 0
      ground state energy, kcal/mol:   0.15
      interpolating states number/density starts
         core state contribution ... done, cpu time[sec] = 0.109739, elapsed time[sec] = 0
         electronic states contribution ... done, cpu time[sec] = 0.015063, elapsed time[sec] = 0
         vibrational modes contribution ... done, cpu time[sec] = 0.029668, elapsed time[sec] = 0
         effective power exponent at 399.849 kcal/mol = 6.36045
      interpolating states number/density done, cpu time[sec] = 1.14768, elapsed time[sec] = 0
   Model::RRHO::RRHO:  done, cpu time[sec] = 1.22571, elapsed time[sec] = 0
   WELL: W3
   Model::RRHO::RRHO:  starts
      Model::new_core:  starts
         Model::RigidRotor::RigidRotor:  starts
            molecular geometry will be used to estimate rotational constants
            rotational configuration: nonlinear
            rotational constants[1/cm]:         1.78953        1.33461       0.764474
         Model::RigidRotor::RigidRotor:  done, cpu time[sec] = 0.013088, elapsed time[sec] = 0
      Model::new_core:  done, cpu time[sec] = 0.03784, elapsed time[sec] = 0
      ground state energy, kcal/mol:   0.21
      interpolating states number/density starts
         core state contribution ... done, cpu time[sec] = 0.109538, elapsed time[sec] = 0
         electronic states contribution ... done, cpu time[sec] = 0.015367, elapsed time[sec] = 0
         vibrational modes contribution ... done, cpu time[sec] = 0.02929, elapsed time[sec] = 0
         effective power exponent at 399.789 kcal/mol = 6.35813
      interpolating states number/density done, cpu time[sec] = 0.765965, elapsed time[sec] = 0
   Model::RRHO::RRHO:  done, cpu time[sec] = 0.830006, elapsed time[sec] = 0
   WELL: W4
   Model::RRHO::RRHO:  starts
      Model::new_core:  starts
         Model::RigidRotor::RigidRotor:  starts
            molecular geometry will be used to estimate rotational constants
            rotational configuration: nonlinear
            rotational constants[1/cm]:         9.52595        1.29538        1.14032
         Model::RigidRotor::RigidRotor:  done, cpu time[sec] = 2.8e-05, elapsed time[sec] = 0
      Model::new_core:  done, cpu time[sec] = 4.1e-05, elapsed time[sec] = 0
      ground state energy, kcal/mol:   -86.72
      interpolating states number/density starts
         core state contribution ... done, cpu time[sec] = 0.002606, elapsed time[sec] = 0
         vibrational modes contribution ... done, cpu time[sec] = 0.000429, elapsed time[sec] = 0
         effective power exponent at 486.717 kcal/mol = 6.27499
      interpolating states number/density done, cpu time[sec] = 0.01948, elapsed time[sec] = 0
   Model::RRHO::RRHO:  done, cpu time[sec] = 0.01959, elapsed time[sec] = 0
   WELL: W5t
   Model::RRHO::RRHO:  starts
      Model::new_core:  starts
         Model::RigidRotor::RigidRotor:  starts
            molecular geometry will be used to estimate rotational constants
            rotational configuration: nonlinear
            rotational constants[1/cm]:         9.65604        1.21662        1.08048
         Model::RigidRotor::RigidRotor:  done, cpu time[sec] = 1.5e-05, elapsed time[sec] = 0
      Model::new_core:  done, cpu time[sec] = 2.1e-05, elapsed time[sec] = 0
      ground state energy, kcal/mol:   -34.55
      interpolating states number/density starts
         core state contribution ... done, cpu time[sec] = 0.001045, elapsed time[sec] = 0
         vibrational modes contribution ... done, cpu time[sec] = 0.000193, elapsed time[sec] = 0
         effective power exponent at 434.55 kcal/mol = 6.24835
      interpolating states number/density done, cpu time[sec] = 0.01259, elapsed time[sec] = 0
   Model::RRHO::RRHO:  done, cpu time[sec] = 0.012651, elapsed time[sec] = 0
Model::init:  done, cpu time[sec] = 4.7941, elapsed time[sec] = 0
