Model::init:  starts
   Model::ExponentialKernel::ExponentialKernel:  ... done
   Model::LennardJonesCollision::LennardJonesCollision:  ... done
   WELL: W0
   Model::RRHO::RRHO:  starts
      Model::new_core:  starts
         Model::RigidRotor::RigidRotor:  starts
            molecular geometry will be used to estimate rotational constants
            rotational configuration: nonlinear
            rotational constants[1/cm]:         23.7897       0.601083        0.58627
         Model::RigidRotor::RigidRotor:  done, cpu time[sec] = 0.013749, elapsed time[sec] = 0
      Model::new_core:  done, cpu time[sec] = 0.036166, elapsed time[sec] = 0
      ground state energy, kcal/mol:   0.15
      interpolating states number/density starts
         core state contribution ... done, cpu time[sec] = 0.12905, elapsed time[sec] = 0
         electronic states contribution ... done, cpu time[sec] = 0.014201, elapsed time[sec] = 0
         vibrational modes contribution ... done, cpu time[sec] = 0.029949, elapsed time[sec] = 0
         effective power exponent at 399.849 kcal/mol = 6.36045
      interpolating states number/density done, cpu time[sec] = 1.24033, elapsed time[sec] = 0
   Model::RRHO::RRHO:  done, cpu time[sec] = 1.31379, elapsed time[sec] = 0
   WELL: W1
   Model::RRHO::RRHO:  starts
      Model::new_core:  starts
         Model::RigidRotor::RigidRotor:  starts
            molecular geometry will be used to estimate rotational constants
            rotational configuration: nonlinear
            rotational constants[1/cm]:         2.27757        1.07738         0.7314
         Model::RigidRotor::RigidRotor:  done, cpu time[sec] = 0.012416, elapsed time[sec] = 0
      Model::new_core:  done, cpu time[sec] = 0.034578, elapsed time[sec] = 0
      ground state energy, kcal/mol:   0.19
      interpolating states number/density starts
         core state contribution ... done, cpu time[sec] = 0.111067, elapsed time[sec] = 0
         electronic states contribution ... done, cpu time[sec] = 0.014093, elapsed time[sec] = 0
         vibrational modes contribution ... done, cpu time[sec] = 0.026645, elapsed time[sec] = 0
         effective power exponent at 399.809 kcal/mol = 6.35945
      interpolating states number/density done, cpu time[sec] = 1.11418, elapsed time[sec] = 0
   Model::RRHO::RRHO:  done, cpu time[sec] = 1.18588, elapsed time[sec] = 0
   WELL: W2
   Model::RRHO::RRHO:  starts
      Model::new_core:  starts
         Model::RigidRotor::RigidRotor:  starts
            molecular geometry will be used to estimate rotational constants
            rotational configuration: nonlinear
            rotational constants[1/cm]:         23.7897       0.601083        0.58627
         Model::RigidRotor::RigidRotor:  done, cpu time[sec] = 0.01212, elapsed time[sec] = 0
      Model::new_core:  done, cpu time[sec] = 0.034465, elapsed time[sec] = 0
      ground state energy, kcal/mol:   0.15
      interpolating states number/density starts
         core state contribution ... done, cpu time[sec] = 0.09703, elapsed time[sec] = 0
         electronic states contribution ... done, cpu time[sec] = 0.013747, elapsed time[sec] = 0
         vibrational modes contribution ... done, cpu time[sec] = 0.02668, elapsed time[sec] = 0
         effective power exponent at 399.849 kcal/mol = 6.36045
      interpolating states number/density done, cpu time[sec] = 1.03099, elapsed time[sec] = 0
   Model::RRHO::RRHO:  done, cpu time[sec] = 1.10194, elapsed time[sec] = 0
   WELL: W3
   Model::RRHO::RRHO:  starts
      Model::new_core:  starts
         Model::RigidRotor::RigidRotor:  starts
            molecular geometry will be used to estimate rotational constants
            rotational configuration: nonlinear
            rotational constants[1/cm]:         1.78953        1.33461       0.764474
         Model::RigidRotor::RigidRotor:  done, cpu time[sec] = 0.012038, elapsed time[sec] = 0
      Model::new_core:  done, cpu time[sec] = 0.034776, elapsed time[sec] = 0
      ground state energy, kcal/mol:   0.21
      interpolating states number/density starts
         core state contribution ... done, cpu time[sec] = 0.096003, elapsed time[sec] = 0
         electronic states contribution ... done, cpu time[sec] = 0.013998, elapsed time[sec] = 0
         vibrational modes contribution ... done, cpu time[sec] = 0.0271, elapsed time[sec] = 0
         effective power exponent at 399.789 kcal/mol = 6.35813
      interpolating states number/density done, cpu time[sec] = 0.756231, elapsed time[sec] = 0
   Model::RRHO::RRHO:  done, cpu time[sec] = 0.816235, elapsed time[sec] = 0
   WELL: W4
   Model::RRHO::RRHO:  starts
      Model::new_core:  starts
         Model::RigidRotor::RigidRotor:  starts
            molecular geometry will be used to estimate rotational constants
            rotational configuration: nonlinear
            rotational constants[1/cm]:         9.52595        1.29538        1.14032
         Model::RigidRotor::RigidRotor:  done, cpu time[sec] = 8.1e-05, elapsed time[sec] = 0
      Model::new_core:  done, cpu time[sec] = 0.000123, elapsed time[sec] = 0
      ground state energy, kcal/mol:   -86.72
      interpolating states number/density starts
         core state contribution ... done, cpu time[sec] = 0.009911, elapsed time[sec] = 0
         vibrational modes contribution ... done, cpu time[sec] = 0.001691, elapsed time[sec] = 0
         effective power exponent at 486.717 kcal/mol = 6.27499
      interpolating states number/density done, cpu time[sec] = 0.030192, elapsed time[sec] = 0
   Model::RRHO::RRHO:  done, cpu time[sec] = 0.030478, elapsed time[sec] = 0
   WELL: W5t
   Model::RRHO::RRHO:  starts
      Model::new_core:  starts
         Model::RigidRotor::RigidRotor:  starts
            molecular geometry will be used to estimate rotational constants
            rotational configuration: nonlinear
            rotational constants[1/cm]:         9.65604        1.21662        1.08048
         Model::RigidRotor::RigidRotor:  done, cpu time[sec] = 1.6e-05, elapsed time[sec] = 0
      Model::new_core:  done, cpu time[sec] = 2.2e-05, elapsed time[sec] = 0
      ground state energy, kcal/mol:   -34.55
      interpolating states number/density starts
         core state contribution ... done, cpu time[sec] = 0.001045, elapsed time[sec] = 0
         vibrational modes contribution ... done, cpu time[sec] = 0.000195, elapsed time[sec] = 0
         effective power exponent at 434.55 kcal/mol = 6.24835
      interpolating states number/density done, cpu time[sec] = 0.012616, elapsed time[sec] = 0
   Model::RRHO::RRHO:  done, cpu time[sec] = 0.012678, elapsed time[sec] = 0
Model::init:  done, cpu time[sec] = 4.54202, elapsed time[sec] = 0
