Wells (G - ground energy, D - dissociation limit, kcal/mol):
      Name        G        D
        W0      0.1     -0.1
        W1      0.2      0.0
        W2      0.1     -0.1
        W3      0.2     -0.1
        W4    -86.7     -5.7
       W5t    -34.5     -7.5
       W5c    -29.7     -7.5

Bimolecular Products (G - ground energy, kcal/mol):
      Name        G
        P1      0.0
        P2    -88.7

Well-to-Bimolecular Barriers (H/G - barrier height/well depth, kcal/mol)
      Name        H     Well        G  Product
        B0      0.0       W0      0.1       P1
        B1      0.0       W1      0.2       P1
        B2      0.0       W2      0.1       P1
        B3      0.0       W3      0.2       P1
        B5     -0.1       W2      0.1       P2
       B12     -5.7       W4    -86.7       P2
       B13     17.1      W5t    -34.5       P2

Well-to-Well Barriers (H/G - barrier height/well depth, kcal/mol):
      Name        H     Well       G1     Well       G2
        B4     -0.1       W0      0.1       W4    -86.7
       B6t      7.4       W1      0.2      W5t    -34.5
       B6c     -0.1       W3      0.2      W5c    -29.7
        B7     -0.0       W0      0.1       W2      0.1
        B8      0.0       W0      0.1       W1      0.2
        B9      0.0       W2      0.1       W3      0.2
       B10      0.1       W0      0.1       W3      0.2
       B11      0.0       W1      0.2       W3      0.2
       B14     -4.5       W4    -86.7      W5t    -34.5
       B15     -7.5      W5t    -34.5      W5c    -29.7

________________________________________________________________________________________

Unimolecular Rate Units: 1/sec;  Bimolecular Rate Units: cm^3/sec

______________________________________________________________________________________

Species-Species Rate Tables:

Temperature = 250 K

High Pressure Rate Coefficients:

From\To            W0           W1           W2           W3           W4          W5t          W5c           P1           P2
W0                ***  5.62694e+12   7.7328e+12  2.99627e+12  4.16072e+11          ***          ***  1.85605e+12          ***
W1        1.37088e+13          ***          ***   6.6503e+12          ***       235885          ***  2.34457e+12          ***
W2         7.7328e+12          ***          ***  2.65443e+12          ***          ***          ***  1.86887e+12  3.53891e+11
W3           1.33e+13  1.21167e+13  1.17826e+13          ***          ***          ***  7.21758e+10  3.54635e+12          ***
W4        6.02256e-62          ***          ***          ***          ***  8.75252e-51          ***          ***  2.57955e-45
W5t               ***  2.68448e-23          ***          ***  1.67652e-05          ***  1.57431e-08          ***   1.3189e-15
W5c               ***          ***          ***  7.19108e-14          ***  0.000251116          ***          ***          ***
P1        5.81339e-10  3.01422e-10  5.85355e-10  2.50237e-10          ***          ***          ***          ***          ***
P2                ***          ***  2.08376e-87          ***  1.04933e-70  2.80094e-86          ***          ***          ***

Temperature = 250 K    Pressure = 0.1 atm

From\To            W0           W1           W2           W3           W4          W5t          W5c           P1           P2
W0                ***          ***          ***          ***          ***          ***          ***          ***          ***
W1                ***          ***          ***          ***          ***          ***          ***          ***          ***
W2                ***          ***          ***          ***          ***          ***          ***          ***          ***
W3                ***          ***          ***          ***          ***          ***          ***          ***          ***
W4                ***          ***          ***          ***  3.12857e-56          ***          ***  2.21805e-65  3.12857e-56
W5t               ***          ***          ***          ***          ***          ***          ***          ***          ***
W5c               ***          ***          ***          ***          ***          ***          ***          ***          ***
P1                ***          ***          ***          ***  3.90716e-14          ***          ***  1.63067e-10  1.63028e-10
P2                ***          ***          ***          ***  1.03604e-81          ***          ***   3.0648e-87  1.03604e-81

Temperature = 250 K    Pressure = 0.5 atm

From\To            W0           W1           W2           W3           W4          W5t          W5c           P1           P2
W0                ***          ***          ***          ***          ***          ***          ***          ***          ***
W1                ***          ***          ***          ***          ***          ***          ***          ***          ***
W2                ***          ***          ***          ***          ***          ***          ***          ***          ***
W3                ***          ***          ***          ***          ***          ***          ***          ***          ***
W4                ***          ***          ***          ***  3.69619e-56          ***          ***  1.89625e-64  3.69619e-56
W5t               ***          ***          ***          ***          ***          ***          ***          ***          ***
W5c               ***          ***          ***          ***          ***          ***          ***          ***          ***
P1                ***          ***          ***          ***  3.66147e-13          ***          ***   1.6439e-10  1.64023e-10
P2                ***          ***          ***          ***  1.34169e-81          ***          ***  3.08351e-87   1.3417e-81

Temperature = 250 K    Pressure = 1 atm

From\To            W0           W1           W2           W3           W4          W5t          W5c           P1           P2
W0                ***          ***          ***          ***          ***          ***          ***          ***          ***
W1                ***          ***          ***          ***          ***          ***          ***          ***          ***
W2                ***          ***          ***          ***          ***          ***          ***          ***          ***
W3                ***          ***          ***          ***          ***          ***          ***          ***          ***
W4                ***          ***          ***          ***  3.81266e-56          ***          ***  4.95669e-64  3.81266e-56
W5t               ***          ***          ***          ***          ***          ***          ***          ***          ***
W5c               ***          ***          ***          ***          ***          ***          ***          ***          ***
P1                ***          ***          ***          ***  9.72023e-13          ***          ***   1.6584e-10  1.64868e-10
P2                ***          ***          ***          ***  1.40557e-81          ***          ***  3.09938e-87  1.40557e-81

Temperature = 250 K    Pressure = 2 atm

From\To            W0           W1           W2           W3           W4          W5t          W5c           P1           P2
W0                ***          ***          ***          ***          ***          ***          ***          ***          ***
W1                ***          ***          ***          ***          ***          ***          ***          ***          ***
W2                ***          ***          ***          ***          ***          ***          ***          ***          ***
W3                ***          ***          ***          ***          ***          ***          ***          ***          ***
W4                ***          ***          ***          ***  3.88471e-56          ***          ***  1.40954e-63  3.88471e-56
W5t               ***          ***          ***          ***          ***          ***          ***          ***          ***
W5c               ***          ***          ***          ***          ***          ***          ***          ***          ***
P1                ***          ***          ***          ***  2.78941e-12          ***          ***  1.68318e-10  1.65528e-10
P2                ***          ***          ***          ***  1.44522e-81          ***          ***   3.1118e-87  1.44522e-81

Temperature = 250 K    Pressure = 4 atm

From\To            W0           W1           W2           W3           W4          W5t          W5c           P1           P2
W0                ***          ***          ***          ***          ***          ***          ***          ***          ***
W1                ***          ***          ***          ***          ***          ***          ***          ***          ***
W2                ***          ***          ***          ***          ***          ***          ***          ***          ***
W3                ***          ***          ***          ***          ***          ***          ***          ***          ***
W4                ***          ***          ***          ***   3.9279e-56          ***          ***  3.92232e-63   3.9279e-56
W5t               ***          ***          ***          ***          ***          ***          ***          ***          ***
W5c               ***          ***          ***          ***          ***          ***          ***          ***          ***
P1                ***          ***          ***          ***  7.80361e-12          ***          ***  1.72241e-10  1.64437e-10
P2                ***          ***          ***          ***   1.4691e-81          ***          ***  3.09129e-87  1.46911e-81

Temperature = 260 K

High Pressure Rate Coefficients:

From\To            W0           W1           W2           W3           W4          W5t          W5c           P1           P2
W0                ***  5.63444e+12  7.73604e+12  2.99116e+12  3.98523e+11          ***          ***  1.78901e+12          ***
W1        1.37443e+13          ***          ***  6.66702e+12          ***       298825          ***  2.26709e+12          ***
W2        7.73604e+12          ***          ***  2.65391e+12          ***          ***          ***  1.80096e+12  3.37082e+11
W3        1.33423e+13  1.21913e+13   1.1838e+13          ***          ***          ***  6.79269e+10  3.44096e+12          ***
W4        5.30779e-59          ***          ***          ***          ***  7.98555e-49          ***          ***  2.69486e-44
W5t               ***  5.50317e-22          ***          ***  2.69346e-05          ***   5.8734e-08          ***   2.3036e-15
W5c               ***          ***          ***  7.51186e-13          ***   0.00064494          ***          ***          ***
P1        5.90287e-10  3.06655e-10  5.94229e-10  2.54531e-10          ***          ***          ***          ***          ***
P2                ***          ***   1.9694e-84          ***  1.18215e-69  2.99597e-84          ***          ***          ***

Temperature = 260 K    Pressure = 0.1 atm

From\To            W0           W1           W2           W3           W4          W5t          W5c           P1           P2
W0                ***          ***          ***          ***          ***          ***          ***          ***          ***
W1                ***          ***          ***          ***          ***          ***          ***          ***          ***
W2                ***          ***          ***          ***          ***          ***          ***          ***          ***
W3                ***          ***          ***          ***          ***          ***          ***          ***          ***
W4                ***          ***          ***          ***  1.52389e-53          ***          ***  2.05138e-62  1.52389e-53
W5t               ***          ***          ***          ***          ***          ***          ***          ***          ***
W5c               ***          ***          ***          ***          ***          ***          ***          ***          ***
P1                ***          ***          ***          ***  4.33856e-14          ***          ***  1.62795e-10  1.62751e-10
P2                ***          ***          ***          ***  5.70691e-79          ***          ***  2.88185e-84  5.70694e-79

Temperature = 260 K    Pressure = 0.5 atm

From\To            W0           W1           W2           W3           W4          W5t          W5c           P1           P2
W0                ***          ***          ***          ***          ***          ***          ***          ***          ***
W1                ***          ***          ***          ***          ***          ***          ***          ***          ***
W2                ***          ***          ***          ***          ***          ***          ***          ***          ***
W3                ***          ***          ***          ***          ***          ***          ***          ***          ***
W4                ***          ***          ***          ***  1.74391e-53          ***          ***  1.67692e-61  1.74391e-53
W5t               ***          ***          ***          ***          ***          ***          ***          ***          ***
W5c               ***          ***          ***          ***          ***          ***          ***          ***          ***
P1                ***          ***          ***          ***  3.82451e-13          ***          ***  1.64058e-10  1.63676e-10
P2                ***          ***          ***          ***  7.04263e-79          ***          ***  2.89822e-84  7.04266e-79

Temperature = 260 K    Pressure = 1 atm

From\To            W0           W1           W2           W3           W4          W5t          W5c           P1           P2
W0                ***          ***          ***          ***          ***          ***          ***          ***          ***
W1                ***          ***          ***          ***          ***          ***          ***          ***          ***
W2                ***          ***          ***          ***          ***          ***          ***          ***          ***
W3                ***          ***          ***          ***          ***          ***          ***          ***          ***
W4                ***          ***          ***          ***  1.78864e-53          ***          ***  4.32886e-61  1.78864e-53
W5t               ***          ***          ***          ***          ***          ***          ***          ***          ***
W5c               ***          ***          ***          ***          ***          ***          ***          ***          ***
P1                ***          ***          ***          ***  9.99143e-13          ***          ***  1.65451e-10  1.64452e-10
P2                ***          ***          ***          ***  7.31013e-79          ***          ***  2.91197e-84  7.31016e-79

Temperature = 260 K    Pressure = 2 atm

From\To            W0           W1           W2           W3           W4          W5t          W5c           P1           P2
W0                ***          ***          ***          ***          ***          ***          ***          ***          ***
W1                ***          ***          ***          ***          ***          ***          ***          ***          ***
W2                ***          ***          ***          ***          ***          ***          ***          ***          ***
W3                ***          ***          ***          ***          ***          ***          ***          ***          ***
W4                ***          ***          ***          ***  1.81642e-53          ***          ***  1.22069e-60  1.81642e-53
W5t               ***          ***          ***          ***          ***          ***          ***          ***          ***
W5c               ***          ***          ***          ***          ***          ***          ***          ***          ***
P1                ***          ***          ***          ***  2.83719e-12          ***          ***  1.67848e-10  1.65011e-10
P2                ***          ***          ***          ***   7.4756e-79          ***          ***  2.92186e-84  7.47563e-79

Temperature = 260 K    Pressure = 4 atm

From\To            W0           W1           W2           W3           W4          W5t          W5c           P1           P2
W0                ***          ***          ***       