    E, kcal/mol    D, mol/kcal         W1->P0
            -50              0            ***
          -49.5              0            ***
            -49              0            ***
          -48.5              0            ***
            -48              0            ***
          -47.5              0            ***
            -47              0            ***
          -46.5              0            ***
            -46              0            ***
          -45.5              0            ***
            -45              0            ***
          -44.5              0            ***
            -44              0            ***
          -43.5              0            ***
            -43              0            ***
          -42.5              0            ***
            -42              0            ***
          -41.5              0            ***
            -41              0            ***
          -40.5              0            ***
            -40              0            ***
          -39.5              0            ***
            -39              0            ***
          -38.5              0            ***
            -38              0            ***
          -37.5              0            ***
            -37              0            ***
          -36.5              0            ***
            -36              0            ***
          -35.5              0            ***
            -35              0            ***
          -34.5              0            ***
            -34              0            ***
          -33.5              0            ***
            -33              0            ***
          -32.5              0            ***
            -32              0            ***
          -31.5              0            ***
            -31              0            ***
          -30.5              0            ***
            -30              0            ***
          -29.5              0            ***
            -29              0            ***
          -28.5              0            ***
            -28              0            ***
          -27.5              0            ***
            -27              0            ***
          -26.5              0            ***
            -26              0            ***
          -25.5              0            ***
            -25              0            ***
          -24.5              0            ***
            -24              0            ***
          -23.5              0            ***
            -23              0            ***
          -22.5              0            ***
            -22              0            ***
          -21.5              0            ***
            -21              0            ***
          -20.5              0            ***
            -20              0            ***
          -19.5              0            ***
            -19              0            ***
          -18.5              0            ***
            -18              0            ***
          -17.5              0            ***
            -17              0            ***
          -16.5              0            ***
            -16              0            ***
          -15.5              0            ***
            -15              0            ***
          -14.5        1164.23              0
            -14        2851.78              0
          -13.5        3861.33              0
            -13        4656.94              0
          -12.5        5335.19              0
            -12        5936.45              0
          -11.5        6482.18              0
            -11        9315.79              0
          -10.5        10948.7              0
            -10        12253.4              0
           -9.5          13390              0
             -9        15999.6              0
           -8.5          18410              0
             -8        21906.9              0
           -7.5        24943.3              0
             -7        27349.9              0
           -6.5        31733.7              0
             -6        34839.7              0
           -5.5        40058.4              0
             -5        43678.6              0
           -4.5        49199.4              0
             -4        53052.9              0
           -3.5        59939.1              0
             -3        65853.7              0
           -2.5        72621.4              0
             -2        78190.8              0
           -1.5        85057.5              0
             -1        93261.8              0
           -0.5         100367              0
   -3.52416e-14         110190              0
            0.5         118437         567.89
              1         128014        13748.1
            1.5         137595         150904
              2         150629    1.12504e+06
            2.5         160832     6.8448e+06
              3         173859    3.47013e+07
            3.5         184407    1.51644e+08
              4         196821    5.23983e+08
            4.5         210966    1.34966e+09
              5         226754    2.71448e+09
            5.5         241248    4.69622e+09
              6         255993    7.28834e+09
            6.5         272130    1.04384e+10
              7         287399    1.41982e+10
            7.5         307631    1.82247e+10
              8         325336     2.2866e+10
            8.5         345672    2.77611e+10
              9         364492    3.31961e+10
            9.5         387394    3.86587e+10
             10         407848    4.48147e+10
           10.5         432092    5.10775e+10
             11         454292    5.81436e+10
           11.5         478908    6.54818e+10
             12         504151    7.32942e+10
           12.5         529911    8.15758e+10
             13         558981    8.98529e+10
           13.5         585305    9.90584e+10
             14         615273    1.08115e+11
           14.5         644566    1.17722e+11
             15         677354    1.27096e+11
           15.5         708054    1.37259e+11
             16         743635     1.4689e+11
           16.5         776783     1.5745e+11
             17         812527    1.67962e+11
           17.5         849536    1.78688e+11
             18         887748    1.89629e+11
           18.5         927880    2.00616e+11
             19         967724    2.12107e+11
           19.5    1.00889e+06     2.2374e+11
             20    1.05114e+06    2.35545e+11
           20.5    1.09691e+06    2.46955e+11
             21     1.1414e+06    2.59035e+11
           21.5    1.18934e+06    2.70705e+11
             22    1.23577e+06      2.831e+11
           22.5    1.28452e+06    2.95371e+11
             23     1.3353e+06    3.07592e+11
           23.5    1.38883e+06    3.19604e+11
             24    1.44212e+06     3.3209e+11
           24.5    1.49902e+06    3.44159e+11
             25     1.5552e+06    3.56801e+11
           25.5    1.61382e+06    3.69277e+11
             26    1.67383e+06     3.8182e+11
           26.5     1.7337e+06     3.9477e+11
             27    1.79705e+06    4.07295e+11
           27.5    1.86172e+06    4.19883e+11
             28     1.9278e+06    4.32518e+11
           28.5    1.99524e+06    4.45228e+11
             29     2.0655e+06      4.577e+11
           29.5    2.13579e+06    4.70558e+11
             30    2.20975e+06       4.83e+11
           30.5    2.28409e+06     4.9575e+11
             31    2.36037e+06    5.08462e+11
           31.5    2.43872e+06    5.21106e+11
             32    2.51906e+06    5.33696e+11
           32.5    2.60091e+06    5.46331e+11
             33    2.68511e+06    5.58833e+11
           33.5    2.77037e+06    5.71468e+11
             34    2.85812e+06    5.83945e+11
           34.5    2.94881e+06     5.9619e+11
             35    3.04001e+06    6.08706e+11
           35.5    3.13416e+06    6.21008e+11
             36    3.22947e+06    6.33455e+11
           36.5    3.32641e+06    6.45952e+11
             37      3.427e+06    6.58108e+11
           37.5    3.52907e+06    6.70348e+11
             38    3.63176e+06    6.82829e+11
           38.5    3.73897e+06    6.94815e+11
             39    3.84656e+06    7.07081e+11
           39.5    3.95693e+06    7.19183e+11
             40    4.07171e+06    7.30834e+11
           40.5    4.18742e+06    7.42677e+11
             41    4.30432e+06    7.54669e+11
           41.5    4.42528e+06     7.6631e+11
             42    4.54611e+06    7.78334e+11
           42.5    4.66959e+06     7.9026e+11
             43    4.79838e+06    8.01643e+11
           43.5    4.92793e+06    8.13255e+11
             44    5.05987e+06    8.24824e+11
           44.5    5.19337e+06    8.36481e+11
             45    5.33001e+06    8.47972e+11
           45.5    5.47023e+06    8.59234e+11
             46     5.6131e+06    8.70421e+11
           46.5    5.75735e+06    8.81737e+11
             47    5.90518e+06     8.9285e+11
           47.5    6.05486e+06    9.04031e+11
             48    6.20758e+06    9.15103e+11
           48.5    6.36455e+06    9.25897e+11
             49    6.52183e+06    9.36989e+11
           49.5    6.68242e+06    9.47943e+11
             50    6.84665e+06    9.58718e+11
           50.5    7.01335e+06    9.69481e+11
             51    7.18359e+06    9.80088e+11
           51.5    7.35689e+06    9.90608e+11
             52    7.53041e+06    1.00142e+12
           52.5    7.70864e+06    1.01194e+12
             53    7.89123e+06    1.02222e+12
           53.5    8.07419e+06    1.03278e+12
             54    8.26284e+06    1.04294e+12
           54.5     8.4533e+06    1.05321e+12
             55    8.64552e+06    1.06359e+12
           55.5    8.84308e+06    1.07363e+12
             56     9.0443e+06    1.08356e+12
           56.5    9.24708e+06    1.09362e+12
             57    9.45483e+06    1.10341e+12
           57.5    9.66365e+06     1.1134e+12
             58    9.87463e+06    1.12345e+12
           58.5    1.00925e+07    1.13302e+12
             59    1.03119e+07    1.14275e+12
           59.5     1.0536e+07    1.15228e+12
             60    1.07619e+07    1.16192e+12
           60.5    1.09907e+07    1.17157e+12
             61    1.12235e+07    1.18111e+12
           61.5    1.14624e+07    1.19031e+12
             62    1.17022e+07    1.19973e+12
           62.5    1.19473e+07    1.20891e+12
             63    1.21949e+07    1.21815e+12
           63.5    1.24448e+07    1.22746e+12
             64    1.27018e+07    1.23638e+12
           64.5      1.296e+07    1.24547e+12
             65    1.32217e+07    1.25453e+12
           65.5    1.34879e+07    1.26347e+12
             66    1.37585e+07     1.2723e+12
           66.5    1.40309e+07    1.28126e+12
             67    1.43118e+07    1.28975e+12
           67.5    1.45911e+07    1.29868e+12
             68    1.48765e+07    1.30736e+12
           68.5    1.51661e+07    1.31596e+12
             69    1.54596e+07    1.32452e+12
           69.5    1.57575e+07    1.33299e+12
             70    1.60597e+07    1.34139e+12
           70.5    1.63649e+07    1.34981e+12
             71    1.66746e+07    1.35817e+12
           71.5    1.69892e+07     1.3664e+12
             72    1.73055e+07    1.37478e+12
           72.5    1.76315e+07    1.38269e+12
             73    1.79557e+07    1.39102e+12
           73.5    1.82872e+07    1.39906e+12
             74    1.86221e+07    1.40712e+12
           74.5    1.89632e+07    1.41501e+12
             75    1.93057e+07    1.42306e+12
           75.5    1.96562e+07    1.43078e+12
             76     2.0008e+07     1.4387e+12
           76.5    2.03642e+07    1.44657e+12
             77    2.07274e+07    1.45422e+12
           77.5    2.10927e+07    1.46199e+12
             78    2.14657e+07     1.4695e+12
           78.5    2.18415e+07     1.4771e+12
             79    2.22231e+07    1.48457e+12
           79.5    2.26071e+07    1.49215e+12
             80    2.29991e+07    1.49947e+12
           80.5    2.33914e+07    1.50703e+12
             81    2.37922e+07    1.51432e+12
           81.5    2.41961e+07    1.52166e+12
             82    2.46054e+07    1.52892e+12
           82.5    2.50201e+07    1.53611e+12
             83    2.54387e+07    1.54332e+12
           83.5    2.58628e+07    1.55046e+12
             84     2.6292e+07    1.55754e+12
           84.5    2.67264e+07    1.56458e+12
             85    2.71653e+07    1.57161e+12
           85.5    2.76114e+07    1.57848e+12
             86     2.8059e+07    1.58552e+12
           86.5    2.85158e+07    1.59228e+12
             87     2.8975e+07    1.59917e+12
           87.5    2.94397e+07    1.60599e+12
             88    2.99105e+07    1.61274e+12
           88.5    3.03878e+07    1.61938e+12
             89    3.08675e+07    1.62613e+12
           89.5    3.13566e+07    1.63264e+12
             90    3.18483e+07    1.63927e+12
           90.5    3.23447e+07    1.64589e+12
             91    3.28493e+07    1.65233e+12
           91.5    3.33573e+07    1.65885e+12
             92    3.38717e+07    1.66529e+12
           92.5     3.4392e+07    1.67168e+12
             93    3.49174e+07    1.67805e+12
           93.5    3.54477e+07    1.68443e+12
             94     3.5988e+07    1.69057e+12
           94.5    3.65301e+07    1.69686e+12
             95    3.70807e+07    1.70298e+12
           95.5    3.76348e+07    1.70918e+12
             96    3.81941e+07    1.71538e+12
           96.5    3.87607e+07    1.72147e+12
             97    3.93336e+07    1.72752e+12
           97.5    3.99116e+07    1.73357e+12
             98    4.04979e+07     1.7395e+12
           98.5    4.10871e+07    1.74552e+12
             99    4.16824e+07    1.75151e+12
           99.5    4.22879e+07    1.75729e+12
            100    4.28958e+07     1.7632e+12
          100.5    4.35112e+07    1.76902e+12
            101    4.41341e+07    1.77476e+12
          101.5    4.47612e+07    1.78055e+12
            102     4.5395e+07    1.78629e+12
          102.5    4.60384e+07    1.79188e+12
            103    4.66832e+07    1.79763e+12
          103.5     4.7338e+07    1.80321e+12
            104    4.79974e+07    1.80883e+12
          104.5     4.8663e+07    1.81444e+12
            105    4.93382e+07     1.8199e+12
          105.5    5.00187e+07    1.82537e+12
            106    5.07032e+07    1.83092e+12
          106.5    5.13972e+07    1.83633e+12
            107    5.20974e+07    1.84172e+12
          107.5    5.28025e+07    1.84716e+12
            108    5.35192e+07     1.8524e+12
          108.5    5.42382e+07    1.85776e+12
            109    5.49653e+07    1.86306e+12
          109.5    5.57002e+07     1.8683e+12
            110    5.64416e+07    1.87352e+12
          110.5    5.71904e+07    1.87871e+12
            111    5.79479e+07    1.88381e+12
          111.5    5.87077e+07    1.88904e+12
            112    5.94771e+07    1.89416e+12
          112.5    6.02552e+07     1.8992e+12
            113    6.10377e+07     1.9043e+12
          113.5     6.1831e+07    1.90927e+12
            114    6.26291e+07    1.91429e+12
          114.5    6.34333e+07    1.91931e+12
            115    6.42469e+07    1.92425e+12
          115.5    6.50685e+07    1.92914e+12
            116    6.58951e+07    1.93408e+12
          116.5    6.67327e+07     1.9389e+12
            117    6.75756e+07    1.94375e+12
          117.5    6.84258e+07    1.94858e+12
            118    6.92857e+07    1.95333e+12
          118.5    7.01508e+07    1.95812e+12
            119    7.10244e+07    1.96286e+12
          119.5    7.19062e+07    1.96757e+12
            120    7.27944e+07    1.97228e+12
          120.5    7.36914e+07    1.97695e+12
            121    7.45984e+07    1.98154e+12
          121.5    7.55094e+07     1.9862e+12
            122    7.64309e+07    1.99078e+12
          122.5    7.73597e+07    1.99534e+12
            123    7.82951e+07    1.99992e+12
          123.5     7.9242e+07    2.00439e+12
            124    8.01954e+07    2.00888e+12
          124.5    8.11557e+07    2.01337e+12
            125    8.21262e+07    2.01779e+12
          125.5    8.31033e+07    2.02223e+12
            126    8.40877e+07    2.02667e+12
          126.5    8.50854e+07    2.03097e+12
            127    8.60866e+07    2.03536e+12
          127.5    8.70968e+07    2.03972e+12
            128    8.81175e+07      2.044e+12
          128.5    8.91444e+07    2.04831e+12
            129    9.01809e+07    2.05258e+12
          129.5    9.12269e+07    2.05681e+12
            130    9.22797e+07    2.06106e+12
          130.5    9.33417e+07    2.06527e+12
            131    9.44137e+07    2.06943e+12
          131.5    9.54912e+07    2.07364e+12
            132     9.6582e+07    2.07773e+12
          132.5    9.76791e+07    2.08186e+12
            133    9.87859e+07    2.08595e+12
          133.5    9.99018e+07    2.09001e+12
            134    1.01025e+08    2.09408e+12
          134.5    1.02158e+08    2.09814e+12
            135    1.03301e+08    2.10214e+12
          135.5    1.04451e+08    2.10615e+12
            136    1.05612e+08    2.11013e+12
          136.5    1.06783e+08    2.11407e+12
            137    1.07958e+08    2.11807e+12
          137.5    1.09149e+08    2.12194e+12
            138    1.10346e+08    2.12585e+12
          138.5    1.11552e+08    2.12974e+12
            139    1.12769e+08    2.13359e+12
          139.5    1.13996e+08    2.13741e+12
            140    1.15229e+08    2.14126e+12
          140.5    1.16476e+08    2.14503e+12
            141     1.1773e+08    2.14883e+12
          141.5    1.18992e+08    2.15263e+12
            142    1.20267e+08    2.15635e+12
          142.5    1.21549e+08    2.16011e+12
            143    1.22842e+08    2.16381e+12
          143.5    1.24146e+08     2.1675e+12
            144    1.25459e+08    2.17117e+12
          144.5    1.26779e+08    2.17486e+12
            145    1.28113e+08    2.17848e+12
          145.5    1.29454e+08    2.18213e+12
            146    1.30807e+08    2.18572e+12
          146.5     1.3217e+08    2.18931e+12
            147    1.33541e+08    2.19291e+12
          147.5    1.34924e+08    2.19647e+12
            148    1.36317e+08    2.20001e+12
          148.5     1.3772e+08    2.20353e+12
            149    1.39135e+08    2.20701e+12
          149.5    1.40559e+08     2.2105e+12
            150    1.41991e+08    2.21402e+12
          150.5    1.43437e+08    2.21745e+12
            151     1.4489e+08    2.22092e+12
          151.5    1.46357e+08    2.22433e+12
            152    1.47833e+08    2.22774e+12
          152.5    1.49318e+08    2.23116e+12
            153    1.50814e+08    2.23456e+12
          153.5    1.52325e+08    2.23788e+12
            154    1.53842e+08    2.24125e+12
          154.5    1.55372e+08    2.24457e+12
            155    1.56913e+08    2.24788e+12
          155.5    1.58463e+08    2.25121e+12
            156    1.60027e+08    2.25447e+12
          156.5      1.616e+08    2.25774e+12
            157    1.63183e+08    2.26102e+12
          157.5    1.64779e+08    2.26425e+12
            158    1.66384e+08    2.26749e+12
          158.5       1.68e+08    2.27073e+12
            159    1.69632e+08    2.27388e+12
          159.5    1.71271e+08    2.27708e+12
            160    1.72922e+08    2.28026e+12
          160.5    1.74585e+08    2.28341e+12
            161    1.76257e+08    2.28658e+12
          161.5    1.77942e+08    2.28971e+12
            162    1.79641e+08     2.2928e+12
          162.5    1.81347e+08    2.29592e+12
            163    1.83067e+08      2.299e+12
          163.5    1.84799e+08    2.30207e+12
            164     1.8654e+08    2.30516e+12
          164.5    1.88298e+08    2.30817e+12
            165    1.90065e+08     2.3112e+12
          165.5    1.91842e+08    2.31424e+12
            166    1.93631e+08    2.31725e+12
          166.5    1.95434e+08    2.32024e+12
            167    1.97247e+08    2.32324e+12
          167.5    1.99076e+08    2.32618e+12
            168    2.00912e+08    2.32916e+12
          168.5    2.02761e+08     2.3321e+12
            169    2.04624e+08    2.33503e+12
          169.5    2.06498e+08    2.33795e+12
            170    2.08385e+08    2.34085e+12
          170.5    2.10285e+08    2.34374e+12
            171    2.12195e+08    2.34663e+12
          171.5     2.1412e+08    2.34949e+12
            172    2.16058e+08    2.35232e+12
          172.5    2.18004e+08     2.3552e+12
            173    2.19967e+08      2.358e+12
          173.5    2.21939e+08    2.36084e+12
            174    2.23924e+08    2.36366e+12
          174.5    2.25925e+08    2.36644e+12
            175    2.27937e+08    2.36921e+12
          175.5     2.2996e+08      2.372e+12
            176    2.31999e+08    2.37475e+12
          176.5    2.34048e+08    2.37751e+12
            177    2.36109e+08    2.38026e+12
          177.5    2.38188e+08    2.38296e+12
            178    2.40276e+08    2.38569e+12
          178.5    2.42378e+08    2.38839e+12
            179    2.44494e+08    2.39107e+12
          179.5    2.46621e+08    2.39377e+12
            180    2.48761e+08    2.39645e+12
          180.5    2.50918e+08    2.39908e+12
            181    2.53085e+08    2.40174e+12
          181.5    2.55267e+08    2.40438e+12
            182    2.57462e+08      2.407e+12
          182.5    2.59669e+08    2.40962e+12
            183    2.61891e+08    2.41222e+12
          183.5    2.64126e+08    2.41482e+12
            184    2.66374e+08    2.41741e+12
          184.5    2.68637e+08    2.41998e+12
            185    2.70912e+08    2.42255e+12
          185.5    2.73201e+08    2.42511e+12
            186    2.75507e+08    2.42763e+12
          186.5    2.77823e+08    2.43017e+12
            187    2.80156e+08    2.43269e+12
          187.5    2.82502e+08    2.43519e+12
            188    2.84861e+08     2.4377e+12
          188.5    2.87234e+08    2.44019e+12
            189    2.89622e+08    2.44267e+12
          189.5    2.92022e+08    2.44515e+12
            190    2.94438e+08    2.44761e+12
          190.5    2.96869e+08    2.45005e+12
            191    2.99311e+08    2.45251e+12
          191.5    3.01772e+08    2.45493e+12
            192    3.04244e+08    2.45735e+12
          192.5    3.06731e+08    2.45977e+12
            193    3.09234e+08    2.46217e+12
          193.5     3.1175e+08    2.46457e+12
            194    3.14281e+08    2.46695e+12
          194.5    3.16828e+08    2.46932e+12
            195    3.19388e+08    2.47169e+12
          195.5    3.21962e+08    2.47406e+12
            196    3.24553e+08    2.47639e+12
          196.5    3.27155e+08    2.47875e+12
            197    3.29777e+08    2.48107e+12
          197.5    3.32412e+08    2.48338e+12
            198    3.35061e+08     2.4857e+12
          198.5    3.37726e+08      2.488e+12
            199    3.40405e+08     2.4903e+12
          199.5    3.43099e+08    2.49259e+12
            200     3.4581e+08    2.49486e+12
          200.5    3.48535e+08    2.49713e+12
            201    3.51275e+08     2.4994e+12
          201.5    3.54032e+08    2.50164e+12
            202    3.56802e+08    2.50389e+12
          202.5    3.59591e+08    2.50611e+12
            203    3.62394e+08    2.50833e+12
          203.5    3.65212e+08    2.51055e+12
            204    3.68045e+08    2.51276e+12
          204.5    3.70895e+08    2.51495e+12
            205    3.73758e+08    2.51716e+12
          205.5     3.7664e+08    2.51933e+12
            206    3.79537e+08     2.5215e+12
          206.5    3.82447e+08    2.52369e+12
            207    3.85377e+08    2.52584e+12
          207.5     3.8832e+08    2.52799e+12
            208    3.91281e+08    2.53013e+12
          208.5    3.94258e+08    2.53226e+12
            209    3.97251e+08    2.53439e+12
          209.5    4.00259e+08    2.53652e+12
            210    4.03286e+08    2.53861e+12
          210.5    4.06326e+08    2.54072e+12
            211    4.09384e+08    2.54282e+12
          211.5    4.12459e+08     2.5449e+12
            212    4.15547e+08      2.547e+12
          212.5    4.18653e+08    2.54907e+12
            213    4.21779e+08    2.55112e+12
          213.5    4.24919e+08    2.55318e+12
            214    4.28076e+08    2.55523e+12
          214.5     4.3125e+08    2.55727e+12
            215    4.34437e+08    2.55932e+12
          215.5    4.37646e+08    2.56134e+12
            216    4.40869e+08    2.56336e+12
          216.5     4.4411e+08    2.56538e+12
            217    4.47368e+08    2.56738e+12
          217.5    4.50644e+08    2.56938e+12
            218    4.53934e+08    2.57138e+12
          218.5    4.57247e+08    2.57334e+12
            219    4.60572e+08    2.57532e+12
          219.5    4.63916e+08     2.5773e+12
            220    4.67277e+08    2.57925e+12
          220.5    4.70654e+08    2.58122e+12
            221     4.7405e+08    2.58317e+12
          221.5    4.77464e+08     2.5851e+12
            222    4.80893e+08    2.58705e+12
          222.5    4.84341e+08    2.58897e+12
            223    4.87808e+08    2.59089e+12
          223.5    4.91289e+08    2.59282e+12
            224    4.94793e+08    2.59471e+12
          224.5    4.98312e+08    2.59661e+12
            225    5.01848e+08    2.59851e+12
          225.5    5.05404e+08    2.60039e+12
            226    5.08977e+08    2.60227e+12
          226.5    5.12566e+08    2.60416e+12
            227    5.16177e+08    2.60601e+12
          227.5    5.19802e+08    2.60788e+12
            228    5.23446e+08    2.60974e+12
          228.5    5.27111e+08    2.61159e+12
            229    5.30791e+08    2.61343e+12
          229.5    5.34492e+08    2.61527e+12
            230    5.38211e+08    2.61709e+12
          230.5    5.41946e+08    2.61892e+12
            231      5.457e+08    2.62074e+12
          231.5    5.49475e+08    2.62255e+12
            232    5.53266e+08    2.62436e+12
          232.5    5.57079e+08    2.62615e+12
            233    5.60908e+08    2.62794e+12
          233.5    5.64757e+08    2.62973e+12
            234    5.68624e+08    2.63151e+12
          234.5     5.7251e+08    2.63328e+12
            235    5.76415e+08    2.63505e+12
          235.5     5.8034e+08    2.63681e+12
            236    5.84283e+08    2.63856e+12
          236.5    5.88244e+08    2.64032e+12
            237    5.92227e+08    2.64205e+12
          237.5    5.96225e+08     2.6438e+12
            238    6.00246e+08    2.64553e+12
          238.5    6.04286e+08    2.64725e+12
            239    6.08344e+08    2.64898e+12
          239.5    6.12421e+08     2.6507e+12
            240     6.1652e+08     2.6524e+12
          240.5    6.20636e+08    2.65411e+12
            241    6.24774e+08     2.6558e+12
          241.5     6.2893e+08    2.65749e+12
            242    6.33105e+08    2.65918e+12
          242.5    6.37302e+08    2.66086e+12
            243    6.41517e+08    2.66254e+12
          243.5    6.45752e+08    2.66421e+12
            244    6.50007e+08    2.66587e+12
          244.5    6.54282e+08    2.66753e+12
            245    6.58576e+08    2.66919e+12
          245.5    6.62893e+08    2.67083e+12
            246    6.67228e+08    2.67248e+12
          246.5    6.71584e+08    2.67411e+12
            247     6.7596e+08    2.67574e+12
          247.5    6.80356e+08    2.67737e+12
            248    6.84773e+08    2.67899e+12
          248.5    6.89211e+08    2.68061e+12
            249    6.93668e+08    2.68222e+12
          249.5    6.98147e+08    2.68382e+12
            250    7.02646e+08    2.68542e+12
          250.5    7.07163e+08    2.68703e+12
            251    7.11706e+08    2.68861e+12
          251.5    7.16268e+08    2.69019e+12
            252     7.2085e+08    2.69177e+12
          252.5    7.25453e+08    2.69334e+12
            253    7.30075e+08    2.69492e+12
          253.5    7.34719e+08    2.69648e+12
            254    7.39386e+08    2.69804e+12
          254.5    7.44073e+08    2.69959e+12
            255    7.48781e+08    2.70115e+12
          255.5    7.53511e+08    2.70269e+12
            256     7.5826e+08    2.70423e+12
          256.5    7.63034e+08    2.70576e+12
            257    7.67828e+08    2.70729e+12
          257.5    7.72643e+08    2.70882e+12
            258    7.77479e+08    2.71034e+12
          258.5    7.82337e+08    2.71185e+12
            259    7.87216e+08    2.71337e+12
          259.5    7.92118e+08    2.71487e+12
            260    7.97041e+08    2.71637e+12
          260.5    8.01984e+08    2.71787e+12
            261    8.06952e+08    2.71936e+12
          261.5    8.11939e+08    2.72085e+12
            262    8.16951e+08    2.72233e+12
          262.5    8.21985e+08    2.72381e+12
            263    8.27038e+08    2.72528e+12
          263.5    8.32115e+08    2.72675e+12
            264    8.37216e+08    2.72821e+12
          264.5    8.42337e+08    2.72968e+12
            265    8.47481e+08    2.73113e+12
          265.5    8.52649e+08    2.73258e+12
            266    8.57835e+08    2.73403e+12
          266.5    8.63046e+08    2.73547e+12
            267    8.68281e+08    2.73691e+12
          267.5    8.73539e+08    2.73833e+12
            268    8.78818e+08    2.73976e+12
          268.5    8.84119e+08    2.74119e+12
            269    8.89442e+08    2.74261e+12
          269.5    8.94791e+08    2.74403e+12
            270    9.00161e+08    2.74544e+12
          270.5    9.05555e+08    2.74684e+12
            271    9.10972e+08    2.74824e+12
          271.5     9.1641e+08    2.74965e+12
            272    9.21874e+08    2.75104e+12
          272.5    9.27361e+08    2.75243e+12
            273     9.3287e+08    2.75381e+12
          273.5    9.38402e+08    2.75519e+12
            274    9.43959e+08    2.75657e+12
          274.5    9.49537e+08    2.75795e+12
            275    9.55141e+08    2.75931e+12
          275.5    9.60767e+08    2.76068e+12
            276    9.66416e+08    2.76204e+12
          276.5     9.7209e+08     2.7634e+12
            277    9.77787e+08    2.76475e+12
          277.5    9.83508e+08     2.7661e+12
            278    9.89255e+08    2.76744e+12
          278.5    9.95024e+08    2.76879e+12
            279    1.00082e+09    2.77012e+12
          279.5    1.00663e+09    2.77145e+12
            280    1.01248e+09    2.77278e+12
          280.5    1.01834e+09    2.77411e+12
            281    1.02423e+09    2.77543e+12
          281.5    1.03015e+09    2.77675e+12
            282    1.03608e+09    2.77806e+12
          282.5    1.04205e+09    2.77937e+12
            283    1.04803e+09    2.78068e+12
          283.5    1.05405e+09    2.78197e+12
            284    1.06008e+09    2.78327e+12
          284.5    1.06614e+09    2.78457e+12
            285    1.07223e+09    2.78586e+12
          285.5    1.07834e+09    2.78715e+12
            286    1.08447e+09    2.78843e+12
          286.5    1.09064e+09    2.78971e+12
            287    1.09682e+09    2.79098e+12
          287.5    1.10303e+09    2.79225e+12
            288    1.10927e+09    2.79352e+12
          288.5    1.11553e+09    2.79479e+12
            289    1.12181e+09    2.79604e+12
          289.5    1.12812e+09     2.7973e+12
            290    1.13446e+09    2.79855e+12
          290.5    1.14082e+09    2.79981e+12
            291    1.14721e+09    2.80105e+12
          291.5    1.15362e+09     2.8023e+12
            292    1.16006e+09    2.80354e+12
          292.5    1.16652e+09    2.80477e+12
            293    1.17301e+09      2.806e+12
          293.5    1.17953e+09    2.80723e+12
            294    1.18607e+09    2.80846e+12
          294.5    1.19263e+09    2.80968e+12
            295    1.19923e+09     2.8109e+12
          295.5    1.20585e+09    2.81211e+12
            296    1.21249e+09    2.81332e+12
          296.5    1.21916e+09    2.81453e+12
            297    1.22586e+09    2.81574e+12
          297.5    1.23258e+09    2.81693e+12
            298    1.23933e+09    2.81813e+12
          298.5    1.24611e+09    2.81933e+12
            299    1.25291e+09    2.82052e+12
          299.5    1.25974e+09     2.8217e+12
            300    1.26659e+09    2.82289e+12
          300.5    1.27348e+09    2.82407e+12
            301    1.28038e+09    2.82525e+12
          301.5    1.28732e+09    2.82642e+12
            302    1.29428e+09    2.82759e+12
          302.5    1.30127e+09    2.82876e+12
            303    1.30829e+09    2.82992e+12
          303.5    1.31533e+09    2.83109e+12
            304     1.3224e+09    2.83224e+12
          304.5     1.3295e+09     2.8334e+12
            305    1.33662e+09    2.83455e+12
          305.5    1.34377e+09     2.8357e+12
            306    1.35095e+09    2.83684e+12
          306.5    1.35816e+09    2.83799e+12
            307    1.36539e+09    2.83913e+12
          307.5    1.37265e+09    2.84026e+12
            308    1.37994e+09     2.8414e+12
          308.5    1.38726e+09    2.84253e+12
            309     1.3946e+09    2.84365e+12
          309.5    1.40197e+09    2.84478e+12
            310    1.40937e+09     2.8459e+12
          310.5     1.4168e+09    2.84701e+12
            311    1.42425e+09    2.84813e+12
          311.5    1.43174e+09    2.84924e+12
            312    1.43925e+09    2.85035e+12
          312.5    1.44679e+09    2.85146e+12
            313    1.45435e+09    2.85256e+12
          313.5    1.46195e+09    2.85366e+12
            314    1.46957e+09    2.85475e+12
          314.5    1.47722e+09    2.85585e+12
            315    1.48491e+09    2.85694e+12
          315.5    1.49261e+09    2.85803e+12
            316    1.50035e+09    2.85911e+12
          316.5    1.50812e+09    2.86019e+12
            317    1.51591e+09    2.86127e+12
          317.5    1.52374e+09    2.86235e+12
            318    1.53159e+09    2.86342e+12
          318.5    1.53947e+09    2.86449e+12
            319    1.54738e+09    2.86556e+12
          319.5    1.55532e+09    2.86662e+12
            320    1.56329e+09    2.86769e+12
          320.5    1.57129e+09    2.86874e+12
            321    1.57931e+09     2.8698e+12
          321.5    1.58737e+09    2.87085e+12
            322    1.59545e+09     2.8719e+12
          322.5    1.60357e+09    2.87295e+12
            323    1.61171e+09      2.874e+12
          323.5    1.61988e+09    2.87504e+12
            324    1.62809e+09    2.87608e+12
          324.5    1.63632e+09    2.87712e+12
            325    1.64458e+09    2.87815e+12
          325.5    1.65287e+09    2.87919e+12
            326     1.6612e+09    2.88021e+12
          326.5    1.66955e+09    2.88124e+12
            327    1.67793e+09    2.88226e+12
          327.5    1.68634e+09    2.88328e+12
            328    1.69478e+09     2.8843e+12
          328.5    1.70325e+09    2.88532e+12
            329    1.71176e+09    2.88633e+12
          329.5    1.72029e+09    2.88734e+12
            330    1.72885e+09    2.88835e+12
          330.5    1.73745e+09    2.88935e+12
            331    1.74607e+09    2.89036e+12
          331.5    1.75472e+09    2.89136e+12
            332    1.76341e+09    2.89235e+12
          332.5    1.77212e+09    2.89335e+12
            333    1.78087e+09    2.89434e+12
          333.5    1.78965e+09    2.89533e+12
            334    1.79845e+09    2.89632e+12
          334.5    1.80729e+09     2.8973e+12
            335    1.81616e+09    2.89828e+12
          335.5    1.82506e+09    2.89926e+12
            336    1.83399e+09    2.90024e+12
          336.5    1.84296e+09    2.90122e+12
            337    1.85195e+09    2.90219e+12
          337.5    1.86098e+09    2.90316e+12
            338    1.87003e+09    2.90412e+12
          338.5    1.87912e+09    2.90509e+12
            339    1.88824e+09    2.90605e+12
          339.5    1.89739e+09    2.90701e+12
            340    1.90657e+09    2.90797e+12
          340.5    1.91579e+09    2.90893e+12
            341    1.92504e+09    2.90988e+12
          341.5    1.93432e+09    2.91083e+12
            342    1.94363e+09    2.91178e+12
          342.5    1.95297e+09    2.91272e+12
            343    1.96234e+09    2.91367e+12
          343.5    1.97175e+09    2.91461e+12
            344    1.98119e+09    2.91555e+12
          344.5    1.99066e+09    2.91648e+12
            345    2.00016e+09    2.91742e+12
          345.5    2.00969e+09    2.91835e+12
            346    2.01926e+09    2.91928e+12
          346.5    2.02886e+09     2.9202e+12
            347     2.0385e+09    2.92113e+12
          347.5    2.04816e+09    2.92205e+12
            348    2.05786e+09    2.92297e+12
          348.5    2.06759e+09    2.92389e+12
            349    2.07735e+09     2.9248e+12
          349.5    2.08715e+09    2.92572e+12
            350    2.09698e+09    2.92663e+12
          350.5    2.10684e+09    2.92754e+12
            351    2.11674e+09    2.92844e+12
          351.5    2.12667e+09    2.92935e+12
            352    2.13663e+09    2.93025e+12
          352.5    2.14662e+09    2.93115e+12
            353    2.15665e+09    2.93205e+12
          353.5    2.16671e+09    2.93294e+12
            354    2.17681e+09    2.93384e+12
          354.5    2.18694e+09    2.93473e+12
            355     2.1971e+09    2.93562e+12
          355.5     2.2073e+09     2.9365e+12
            356    2.21753e+09    2.93739e+12
          356.5    2.22779e+09    2.93827e+12
            357    2.23809e+09    2.93915e+12
          357.5    2.24842e+09    2.94003e+12
            358    2.25879e+09    2.94091e+12
          358.5    2.26919e+09    2.94178e+12
            359    2.27962e+09    2.94266e+12
          359.5    2.29009e+09    2.94352e+12
            360    2.30059e+09    2.94439e+12
          360.5    2.31113e+09    2.94525e+12
            361     2.3217e+09    2.94612e+12
          361.5    2.33231e+09    2.94698e+12
            362    2.34295e+09    2.94784e+12
          362.5    2.35362e+09     2.9487e+12
            363    2.36433e+09    2.94955e+12
          363.5    2.37508e+09    2.95041e+12
            364    2.38585e+09    2.95126e+12
          364.5    2.39667e+09    2.95211e+12
            365    2.40752e+09    2.95295e+12
          365.5     2.4184e+09     2.9538e+12
            366    2.42932e+09    2.95464e+12
          366.5    2.44028e+09    2.95548e+12
            367    2.45127e+09    2.95632e+12
          367.5    2.46229e+09    2.95716e+12
            368    2.47335e+09    2.95799e+12
          368.5    2.48445e+09    2.95883e+12
            369    2.49558e+09    2.95966e+12
          369.5    2.50674e+09    2.96049e+12
            370    2.51795e+09    2.96132e+12
          370.5    2.52919e+09    2.96214e+12
            371    2.54046e+09    2.96297e+12
          371.5    2.55177e+09    2.96379e+12
            372    2.56312e+09    2.96461e+12
          372.5     2.5745e+09    2.96543e+12
            373    2.58592e+09    2.96624e+12
          373.5    2.59737e+09    2.96706e+12
            374    2.60886e+09    2.96787e+12
          374.5    2.62039e+09    2.96868e+12
            375    2.63195e+09    2.96949e+12
          375.5    2.64355e+09    2.97029e+12
            376    2.65518e+09     2.9711e+12
          376.5    2.66686e+09     2.9719e+12
            377    2.67856e+09     2.9727e+12
          377.5    2.69031e+09     2.9735e+12
            378    2.70209e+09     2.9743e+12
          378.5    2.71391e+09     2.9751e+12
            379    2.72577e+09    2.97589e+12
          379.5    2.73766e+09    2.97668e+12
            380    2.74959e+09    2.97747e+12
          380.5    2.76156e+09    2.97826e+12
            381    2.77356e+09    2.97904e+12
          381.5     2.7856e+09    2.97983e+12
            382    2.79768e+09    2.98061e+12
          382.5     2.8098e+09    2.98139e+12
            383    2.82195e+09    2.98217e+12
          383.5    2.83414e+09    2.98295e+12
            384    2.84637e+09    2.98373e+12
          384.5    2.85864e+09     2.9845e+12
            385    2.87094e+09    2.98527e+12
          385.5    2.88328e+09    2.98604e+12
            386    2.89566e+09    2.98681e+12
          386.5    2.90808e+09    2.98758e+12
            387    2.92053e+09    2.98834e+12
          387.5    2.93303e+09    2.98911e+12
            388    2.94556e+09    2.98987e+12
          388.5    2.95813e+09    2.99063e+12
            389    2.97074e+09    2.99139e+12
          389.5    2.98338e+09    2.99214e+12
            390    2.99606e+09     2.9929e+12
          390.5    3.00879e+09    2.99365e+12
            391    3.02155e+09    2.99441e+12
          391.5    3.03435e+09    2.99516e+12
            392    3.04719e+09     2.9959e+12
          392.5    3.06007e+09    2.99665e+12
            393    3.07298e+09     2.9974e+12
          393.5    3.08594e+09    2.99814e+12
            394    3.09893e+09    2.99888e+12
          394.5    3.11197e+09    2.99962e+12
            395    3.12504e+09    3.00036e+12
          395.5    3.13815e+09    3.00109e+12
            396     3.1513e+09    3.00183e+12
          396.5    3.16449e+09    3.00256e+12
            397    3.17772e+09    3.00329e+12
          397.5    3.19099e+09    3.00402e+12
            398     3.2043e+09    3.00475e+12
          398.5    3.21765e+09    3.00548e+12
            399    3.23104e+09     3.0062e+12
          399.5    3.24447e+09    3.00693e+12
            400    3.25793e+09    3.00765e+12
          400.5    3.27143e+09    3.00839e+12
            401    3.28496e+09    3.00912e+12
          401.5    3.29853e+09    3.00985e+12
            402    3.31214e+09    3.01058e+12
          402.5    3.32579e+09    3.01131e+12
            403    3.33949e+09    3.01204e+12
          403.5    3.35322e+09    3.01277e+12
            404    3.36699e+09    3.01349e+12
          404.5     3.3808e+09    3.01422e+12
            405    3.39465e+09    3.01494e+12
          405.5    3.40854e+09    3.01566e+12
            406    3.42248e+09    3.01638e+12
          406.5    3.43645e+09     3.0171e+12
            407    3.45046e+09    3.01782e+12
          407.5    3.46451e+09    3.01854e+12
            408    3.47861e+09    3.01925e+12
          408.5    3.49274e+09    3.01997e+12
            409    3.50691e+09    3.02068e+12
          409.5    3.52113e+09    3.02139e+12
            410    3.53539e+09     3.0221e+12
          410.5    3.54968e+09    3.02281e+12
            411    3.56402e+09    3.02352e+12
          411.5     3.5784e+09    3.02423e+12
            412    3.59282e+09    3.02493e+12
          412.5    3.60728e+09    3.02564e+12
            413    3.62178e+09    3.02634e+12
          413.5    3.63633e+09    3.02705e+12
            414    3.65091e+09    3.02775e+12
          414.5    3.66554e+09    3.02845e+12
            415     3.6802e+09    3.02915e+12
          415.5    3.69491e+09    3.02984e+12
            416    3.70966e+09    3.03054e+12
          416.5    3.72446e+09    3.03124e+12
            417    3.73929e+09    3.03193e+12
          417.5    3.75417e+09    3.03262e+12
            418    3.76908e+09    3.03331e+12
          418.5    3.78404e+09      3.034e+12
            419    3.79905e+09    3.03469e+12
          419.5    3.81409e+09    3.03538e+12
            420    3.82918e+09    3.03607e+12
          420.5     3.8443e+09    3.03676e+12
            421    3.85947e+09    3.03744e+12
          421.5    3.87469e+09    3.03813e+12
            422    3.88994e+09    3.03881e+12
          422.5    3.90524e+09    3.03949e+12
            423    3.92058e+09    3.04017e+12
          423.5    3.93596e+09    3.04085e+12
            424    3.95139e+09    3.04153e+12
          424.5    3.96686e+09     3.0422e+12
            425    3.98237e+09    3.04288e+12
          425.5    3.99792e+09    3.04356e+12
            426    4.01352e+09    3.04423e+12
          426.5    4.02916e+09     3.0449e+12
            427    4.04484e+09    3.04557e+12
          427.5    4.06057e+09    3.04624e+12
            428    4.07634e+09    3.04691e+12
          428.5    4.09215e+09    3.04758e+12
            429    4.10801e+09    3.04825e+12
          429.5    4.12391e+09    3.04892e+12
            430    4.13985e+09    3.04958e+12
          430.5    4.15584e+09    3.05024e+12
            431    4.17187e+09    3.05091e+12
          431.5    4.18795e+09    3.05157e+12
            432    4.20407e+09    3.05223e+12
          432.5    4.22023e+09    3.05289e+12
            433    4.23643e+09    3.05355e+12
          433.5    4.25269e+09    3.05421e+12
            434    4.26898e+09    3.05486e+12
          434.5    4.28532e+09    3.05552e+12
            435     4.3017e+09    3.05617e+12
          435.5    4.31813e+09    3.05683e+12
            436     4.3346e+09    3.05748e+12
          436.5    4.35112e+09    3.05813e+12
            437    4.36768e+09    3.05878e+12
          437.5    4.38428e+09    3.05943e+12
            438    4.40093e+09    3.06008e+12
          438.5    4.41763e+09    3.06072e+12
            439    4.43437e+09    3.06137e+12
          439.5    4.45115e+09    3.06202e+12
            440    4.46798e+09    3.06266e+12
          440.5    4.48485e+09     3.0633e+12
            441    4.50177e+09    3.06394e+12
          441.5    4.51874e+09    3.06459e+12
            442    4.53575e+09    3.06523e+12
          442.5     4.5528e+09    3.06587e+12
            443     4.5699e+09     3.0665e+12
          443.5    4.58705e+09    3.06714e+12
            444    4.60424e+09    3.06778e+12
          444.5    4.62148e+09    3.06841e+12
            445    4.63876e+09    3.06905e+12
          445.5    4.65609e+09    3.06968e+12
            446    4.67346e+09    3.07031e+12
          446.5    4.69088e+09    3.07094e+12
            447    4.70835e+09    3.07157e+12
          447.5    4.72586e+09     3.0722e+12
            448    4.74342e+09    3.07283e+12
          448.5    4.76102e+09    3.07346e+12
            449    4.77868e+09    3.07408e+12
          449.5    4.79637e+09    3.07471e+12
            450    4.81412e+09    3.07533e+12
