Model::init:  starts
   Model::ExponentialKernel::ExponentialKernel:  ... done
   Model::LennardJonesCollision::LennardJonesCollision:  ... done
   WELL: W1
   Model::RRHO::RRHO:  starts
      Model::new_core:  starts
         Model::RigidRotor::RigidRotor:  starts
            molecular geometry will be used to estimate rotational constants
            rotational configuration: nonlinear
            rotational constants[1/cm]:         2.69023       0.666675       0.666675
         Model::RigidRotor::RigidRotor:  done, cpu time[sec] = 0.006853, elapsed time[sec] = 0
      Model::new_core:  done, cpu time[sec] = 0.008853, elapsed time[sec] = 0
      1-th ROTOR:
      Model::HinderedRotor::HinderedRotor:  starts
         Model::HinderedRotor::_read:  starts
         Model::HinderedRotor::_read:  done, cpu time[sec] = 0.001673, elapsed time[sec] = 0
         Model::HinderedRotor::_init: WARNING: potential second derivative at the minimum is negative, assuming zero
         effective rotational constant[1/cm]  = 10.7609
         analytic  frequency at minimum[1/cm] = 0
         numerical frequency at minimum[1/cm] = 0
         minimum energy[kcal/mol]             = 0
         maximum energy[kcal/mol]             = 0
         maximum frequency[1/cm]              = 0
         ground energy [kcal/mol]             = 0
         highest energy level [kcal/mol]      = 68948.2
         number of levels                     = 999
         10 lowest excited states [kcal/mol] relative to the ground: 0.277 0.277 1.11 1.11 2.49 2.49 4.43 4.43 6.92
         Statistical Weight (*** - deep tunneling regime):
          T, K        Quantum             PG             PI  ***
           100        1.50405        1.50153        1.50153
           200        2.12349        2.12348        2.12348
           300        2.60073        2.60073        2.60073
           400        3.00306        3.00306        3.00306
           500        3.35752        3.35752        3.35752
           600        3.67798        3.67798        3.67798
           700        3.97268        3.97268        3.97268
           800        4.24697        4.24697        4.24697
           900        4.50459        4.50459        4.50459
          1000        4.74826        4.74826        4.74826
      Model::HinderedRotor::HinderedRotor:  done, cpu time[sec] = 2.6959, elapsed time[sec] = 0
      ground state energy, kcal/mol:   -88.2378
      interpolating states number/density starts
         core state contribution ... done, cpu time[sec] = 0.345046, elapsed time[sec] = 1
         vibrational modes contribution ... done, cpu time[sec] = 0.179379, elapsed time[sec] = 0
         hindered rotors contribution starts
            Model::HinderedRotor::set:  starts
            Model::HinderedRotor::set:  done, cpu time[sec] = 0.000773, elapsed time[sec] = 0
         hindered rotors contribution done, cpu time[sec] = 1.18221, elapsed time[sec] = 0
         effective power exponent at 488.235 kcal/mol = 16.4144
      interpolating states number/density done, cpu time[sec] = 10.5289, elapsed time[sec] = 1
   Model::RRHO::RRHO:  done, cpu time[sec] = 13.2514, elapsed time[sec] = 1
   BIMOLECULAR: P1
   Model::Bimolecular::Bimolecular:  starts
      Model::RRHO::RRHO:  starts
         Model::new_core:  starts
            Model::RigidRotor::RigidRotor:  starts
               molecular geometry will be used to estimate rotational constants
               rotational configuration: nonlinear
               rotational constants[1/cm]:         9.58062        9.58062        4.79031
            Model::RigidRotor::RigidRotor:  done, cpu time[sec] = 2.2e-05, elapsed time[sec] = 0
         Model::new_core:  done, cpu time[sec] = 3.2e-05, elapsed time[sec] = 0
         ground state energy, kcal/mol:   0
      Model::RRHO::RRHO:  done, cpu time[sec] = 6.3e-05, elapsed time[sec] = 0
      Model::RRHO::RRHO:  starts
         Model::new_core:  starts
            Model::RigidRotor::RigidRotor:  starts
               molecular geometry will be used to estimate rotational constants
               rotational configuration: nonlinear
               rotational constants[1/cm]:         9.58062        9.58062        4.79031
            Model::RigidRotor::RigidRotor:  done, cpu time[sec] = 1.1e-05, elapsed time[sec] = 0
         Model::new_core:  done, cpu time[sec] = 3.2e-05, elapsed time[sec] = 0
         ground state energy, kcal/mol:   0
      Model::RRHO::RRHO:  done, cpu time[sec] = 5.6e-05, elapsed time[sec] = 0
   Model::Bimolecular::Bimolecular:  done, cpu time[sec] = 0.000195, elapsed time[sec] = 0
   BIMOLECULAR: P2
   Model::Bimolecular::Bimolecular:  starts
      Model::RRHO::RRHO:  starts
         Model::new_core:  starts
            Model::RigidRotor::RigidRotor:  starts
               molecular geometry will be used to estimate rotational constants
               rotational configuration: nonlinear
               rotational constants[1/cm]:         3.46217       0.756338        0.70146
            Model::RigidRotor::RigidRotor:  done, cpu time[sec] = 2e-05, elapsed time[sec] = 0
         Model::new_core:  done, cpu time[sec] = 2.8e-05, elapsed time[sec] = 0
         1-th ROTOR:
         Model::HinderedRotor::HinderedRotor:  starts
            Model::HinderedRotor::_read:  starts
            Model::HinderedRotor::_read:  done, cpu time[sec] = 1.1e-05, elapsed time[sec] = 0
            Model::HinderedRotor::_init: WARNING: potential second derivative at the minimum is negative, assuming zero
            effective rotational constant[1/cm]  = 15.0839
            analytic  frequency at minimum[1/cm] = 0
            numerical frequency at minimum[1/cm] = 0
            minimum energy[kcal/mol]             = 0
            maximum energy[kcal/mol]             = 0
            maximum frequency[1/cm]              = 0
            ground energy [kcal/mol]             = 0
            highest energy level [kcal/mol]      = 386587
            number of levels                     = 999
            10 lowest excited states [kcal/mol] relative to the ground: 1.55 1.55 6.21 6.21 14 14 24.8 24.8 38.8
            Statistical Weight (*** - deep tunneling regime):
             T, K        Quantum             PG             PI  ***
              100        1.00081        0.63412        0.63412
              200        1.04023       0.896781       0.896781
              300        1.14797        1.09833        1.09833
              400        1.28445        1.26824        1.26824
              500        1.42306        1.41794        1.41794
              600        1.55486        1.55327        1.55327
              700        1.67821        1.67772        1.67772
              800        1.79371        1.79356        1.79356
              900         1.9024        1.90236        1.90236
             1000        2.00528        2.00526        2.00526
         Model::HinderedRotor::HinderedRotor:  done, cpu time[sec] = 0.00951, elapsed time[sec] = 0
         ground state energy, kcal/mol:   0
      Model::RRHO::RRHO:  done, cpu time[sec] = 0.009624, elapsed time[sec] = 0
      Model::AtomicFragment::AtomicFragment:  ... done
   Model::Bimolecular::Bimolecular:  done, cpu time[sec] = 0.009683, elapsed time[sec] = 0
   BARRIER: B1
   Model::RRHO::RRHO:  starts
      Model::new_core:  starts
         Model::Rotd::Rotd :  starts
            WARNING: zero number of states energy is not initialized: will try to estimate it from the data
            grid size = 179
            effective power exponent at 2349.05 kcal/mol = 3.09349
            zero number of states energy = 0 1/cm
         Model::Rotd::Rotd :  done, cpu time[sec] = 0.000296, elapsed time[sec] = 0
      Model::new_core:  done, cpu time[sec] = 0.000305, elapsed time[sec] = 0
      ground state energy, kcal/mol:   0
      interpolating states number/density starts
         core state contribution ... done, cpu time[sec] = 0.008924, elapsed time[sec] = 0
         vibrational modes contribution ... done, cpu time[sec] = 0.000406, elapsed time[sec] = 0
         effective power exponent at 399.998 kcal/mol = 14.4033
      interpolating states number/density done, cpu time[sec] = 0.02124, elapsed time[sec] = 0
   Model::RRHO::RRHO:  done, cpu time[sec] = 0.021595, elapsed time[sec] = 0
   BARRIER: B2
   Model::RRHO::RRHO:  starts
      Model::new_core:  starts
         Model::Rotd::Rotd :  starts
            WARNING: zero number of states energy is not initialized: will try to estimate it from the data
            grid size = 181
            effective power exponent at 10359.5 kcal/mol = 1.16161
            zero number of states energy = 0 1/cm
         Model::Rotd::Rotd :  done, cpu time[sec] = 0.000254, elapsed time[sec] = 0
      Model::new_core:  done, cpu time[sec] = 0.000263, elapsed time[sec] = 0
      1-th ROTOR:
      Model::HinderedRotor::HinderedRotor:  starts
         Model::HinderedRotor::_read:  starts
         Model::HinderedRotor::_read:  done, cpu time[sec] = 1e-05, elapsed time[sec] = 0
         Model::HinderedRotor::_init: WARNING: potential second derivative at the minimum is negative, assuming zero
         effective rotational constant[1/cm]  = 15.0839
         analytic  frequency at minimum[1/cm] = 0
         numerical frequency at minimum[1/cm] = 0
         minimum energy[kcal/mol]             = 0
         maximum energy[kcal/mol]             = 0
         maximum frequency[1/cm]              = 0
         ground energy [kcal/mol]             = 0
         highest energy level [kcal/mol]      = 386587
         number of levels                     = 999
         10 lowest excited states [kcal/mol] relative to the ground: 1.55 1.55 6.21 6.21 14 14 24.8 24.8 38.8
         Statistical Weight (*** - deep tunneling regime):
          T, K        Quantum             PG             PI  ***
           100        1.00081        0.63412        0.63412
           200        1.04023       0.896781       0.896781
           300        1.14797        1.09833        1.09833
           400        1.28445        1.26824        1.26824
           500        1.42306        1.41794        1.41794
           600        1.55486        1.55327        1.55327
           700        1.67821        1.67772        1.67772
           800        1.79371        1.79356        1.79356
           900         1.9024        1.90236        1.90236
          1000        2.00528        2.00526        2.00526
      Model::HinderedRotor::HinderedRotor:  done, cpu time[sec] = 0.009576, elapsed time[sec] = 0
      ground state energy, kcal/mol:   11.1705
      interpolating states number/density starts
         core state contribution ... done, cpu time[sec] = 0.008738, elapsed time[sec] = 0
         vibrational modes contribution ... done, cpu time[sec] = 0.000477, elapsed time[sec] = 0
         hindered rotors contribution starts
            Model::HinderedRotor::set:  starts
            Model::HinderedRotor::set:  done, cpu time[sec] = 3e-06, elapsed time[sec] = 0
         hindered rotors contribution done, cpu time[sec] = 0.000518, elapsed time[sec] = 0
         effective power exponent at 388.827 kcal/mol = 15.2442
      interpolating states number/density done, cpu time[sec] = 0.021074, elapsed time[sec] = 0
   Model::RRHO::RRHO:  done, cpu time[sec] = 0.030991, elapsed time[sec] = 0
   BIMOLECULAR: P3
   Model::Bimolecular::Bimolecular:  starts
      Model::RRHO::RRHO:  starts
         Model::new_core:  starts
            Model::RigidRotor::RigidRotor:  starts
               molecular geometry will be used to estimate rotational constants
               rotational configuration: nonlinear
               rotational constants[1/cm]:         4.92179        1.01839       0.843798
            Model::RigidRotor::RigidRotor:  done, cpu time[sec] = 1.6e-05, elapsed time[sec] = 0
         Model::new_core:  done, cpu time[sec] = 2.6e-05, elapsed time[sec] = 0
         ground state energy, kcal/mol:   0
      Model::RRHO::RRHO:  done, cpu time[sec] = 5.3e-05, elapsed time[sec] = 0
      Model::RRHO::RRHO:  starts
         Model::new_core:  starts
            Model::RigidRotor::RigidRotor:  starts
               molecular geometry will be used to estimate rotational constants
               rotational configuration: linear
               rotational constant[1/cm]:         60.4412
            Model::RigidRotor::RigidRotor:  done, cpu time[sec] = 1e-05, elapsed time[sec] = 0
         Model::new_core:  done, cpu time[sec] = 2.7e-05, elapsed time[sec] = 0
         ground state energy, kcal/mol:   0
      Model::RRHO::RRHO:  done, cpu time[sec] = 4.7e-05, elapsed time[sec] = 0
   Model::Bimolecular::Bimolecular:  done, cpu time[sec] = 0.000161, elapsed time[sec] = 0
   BARRIER: B3
   Model::RRHO::RRHO:  starts
      Model::new_core:  starts
         Model::RigidRotor::RigidRotor:  starts
            molecular geometry will be used to estimate rotational constants
            rotational configuration: nonlinear
            rotational constants[1/cm]:         2.10061       0.823186        0.65441
         Model::RigidRotor::RigidRotor:  done, cpu time[sec] = 1.8e-05, elapsed time[sec] = 0
      Model::new_core:  done, cpu time[sec] = 2.7e-05, elapsed time[sec] = 0
      Model::EckartTunnel::EckartTunnel:  ... done
      ground state energy, kcal/mol:   33.32
      interpolating states number/density starts
         core state contribution ... done, cpu time[sec] = 0.001307, elapsed time[sec] = 0
         vibrational modes contribution ... done, cpu time[sec] = 0.000673, elapsed time[sec] = 0
         tunneling contribution ... done, cpu time[sec] = 6.39502, elapsed time[sec] = 6
         effective power exponent at 446.918 kcal/mol = 20.4992
      interpolating states number/density done, cpu time[sec] = 6.41042, elapsed time[sec] = 6
   Model::RRHO::RRHO:  done, cpu time[sec] = 6.4105, elapsed time[sec] = 6
   checking input ... done
   setting connectivity ... done
   checking connectivity ... done
   setting dissociation limit ... done
   setting maximum barrier height ... done
   partition functions (relative to the ground level, units - 1/cm3):
     T\Q           W1          CH3          CH3         C2H5            H         C2H4           H2           B1           B2           B3
     100  7.28779e+27  1.78809e+26  1.78809e+26  4.46602e+28  3.75861e+23  3.48222e+27  3.09219e+23  8.95532e+29  1.24421e+30 1.26874e+147
     200   8.2857e+28  1.47082e+27  1.47082e+27  3.85778e+29  1.06309e+24  2.79906e+28  1.74921e+24  2.87671e+31  1.65003e+31  9.90748e+67
     300   3.6053e+29  5.32712e+27  5.32712e+27  1.61087e+30  1.95303e+24   9.8509e+28  4.82024e+24  2.30103e+32  9.05249e+31   7.4929e+43
     400  1.12404e+30  1.39035e+28  1.39035e+28  5.17445e+30  3.00689e+24  2.60246e+29    9.895e+24  1.08672e+33  3.55731e+32  9.17239e+34
     500   3.0354e+30   3.0377e+28   3.0377e+28  1.44749e+31  4.20225e+24   6.0506e+29  1.72859e+25  3.91388e+33  1.16661e+33  2.66764e+32
     600  7.61344e+30   5.9349e+28   5.9349e+28  3.70972e+31    5.524e+24  1.31088e+30   2.7268e+25  1.19375e+34  3.40732e+33  1.27263e+32
     700    1.824e+31  1.07344e+29  1.07344e+29  8.93074e+31  6.96104e+24  2.70898e+30  4.00918e+25  3.24677e+34  9.16225e+33  1.68927e+32
     800  4.22537e+31   1.8345e+29   1.8345e+29  2.04786e+32  8.50476e+24   5.3991e+30  5.59927e+25  8.10984e+34   2.3119e+34  2.94493e+32
     900  9.52084e+31  3.00132e+29  3.00132e+29  4.51133e+32  1.01482e+25  1.04413e+31  7.51996e+25  1.89554e+35  5.54017e+34  5.68247e+32
    1000  2.09338e+32  4.74258e+29  4.74258e+29  9.60266e+32  1.18858e+25  1.96688e+31  9.79417e+25  4.19921e+35  1.27113e+35  1.14281e+33
    1100  4.50005e+32  7.28352e+29  7.28352e+29  1.98303e+33  1.37125e+25  3.61883e+31  1.24454e+26  8.89785e+35  2.80856e+35  2.33208e+33
    1200  9.47001e+32  1.09213e+30  1.09213e+30  3.98507e+33  1.56242e+25  6.51648e+31  1.54978e+26  1.81558e+36  6.00185e+35  4.76337e+33
    1300  1.95286e+33  1.60433e+30  1.60433e+30  7.81169e+33  1.76174e+25  1.15032e+32   1.8977e+26  3.58571e+36  1.24466e+36  9.66598e+33
    1400  3.94943e+33  2.31493e+30  2.31493e+30  1.49655e+34  1.96888e+25   1.9933e+32  2.29092e+26  6.88135e+36  2.51161e+36   1.9404e+34
    1500  7.83891e+33  3.28776e+30  3.28776e+30  2.80656e+34  2.18355e+25  3.39453e+32   2.7322e+26  1.28724e+37  4.94253e+36  3.84416e+34
    1600  1.52803e+34  4.60362e+30  4.60362e+30  5.15931e+34  2.40551e+25  5.68698e+32  3.22441e+26  2.35294e+37  9.50292e+36   7.5057e+34
    1700  2.92715e+34  6.36385e+30  6.36385e+30  9.30835e+34  2.63451e+25  9.38161e+32   3.7705e+26  4.21131e+37  1.78804e+37  1.44335e+35
    1800  5.51411e+34  8.69459e+30  8.69459e+30     1.65e+35  2.87036e+25   1.5252e+33  4.37353e+26  7.39288e+37  3.29704e+37  2.73299e+35
    1900   1.0221e+35  1.17517e+31  1.17517e+31  2.87643e+35  3.11284e+25  2.44543e+33  5.03663e+26  1.27474e+38  5.96547e+37  5.09572e+35
    2000  1.86534e+35  1.57263e+31  1.57263e+31  4.93587e+35   3.3618e+25  3.86966e+33  5.76304e+26  2.16161e+38  1.06029e+38  9.35759e+35
   partition functions (relative to 0 kcal/mol, units - 1/cm3):
     T\Q           W1           B1           B2           B3
     100 5.05303e+220  8.95532e+29       480899  1.92122e+74
     200 2.18176e+125  2.87671e+31  1.02582e+19  3.85536e+31
     300   6.8748e+93  2.30103e+32  6.59409e+23  3.99378e+19
     400  1.82398e+78  1.08672e+33  2.80487e+26  5.72181e+16
     500  1.12307e+69  3.91388e+33  1.52882e+28   7.2806e+17
     600  1.05133e+63  1.19375e+34  2.90808e+29  9.29117e+19
     700  6.45257e+58  3.24677e+34  2.98163e+30  6.68146e+21
     800   5.3825e+55  8.10984e+34  2.05288e+31  2.32595e+23
     900   2.5436e+53  1.89554e+35  1.07395e+32  4.60732e+24
    1000  4.02664e+51  4.19921e+35  4.60156e+32   5.9703e+25
    1100  1.52832e+50  8.89785e+35  1.69486e+33   5.5945e+26
    1200  1.11283e+49  1.81558e+36  5.54475e+33  4.07004e+27
    1300  1.33227e+48  3.58571e+36   1.6487e+34  2.41948e+28
    1400  2.34903e+47  6.88135e+36  4.53083e+34  1.22033e+29
    1500  5.62755e+46  1.28724e+37  1.16527e+35  5.37215e+29
    1600  1.72461e+46  2.35294e+37  2.83175e+35  2.10938e+30
    1700  6.45701e+45  4.21131e+37  6.55131e+35  7.51372e+30
    1800  2.85011e+45  7.39288e+37  1.45163e+36   2.4609e+31
    1900  1.44217e+45  1.27474e+38  3.09569e+36  7.49177e+31
    2000  8.18101e+44  2.16161e+38  6.37946e+36  2.13882e+32
   tunneling partition function correction factors & high pressure effective energy shifts (D), kcal/mol:
     T\B           B1            D           B2            D           B3            D
     100            1           -0            1           -0 4.22908e+118     -54.2796
     200            1           -0            1           -0  3.87014e+38      -35.313
     300            1           -0            1           -0  7.45452e+13     -19.0427
     400            1           -0            1           -0      30137.6     -8.19798
     500            1           -0            1           -0      32.1986     -3.44969
     600            1           -0            1           -0       5.9548     -2.12733
     700            1           -0            1           -0      3.17483       -1.607
     800            1           -0            1           -0      2.28837     -1.31606
     900            1           -0            1           -0       1.8746     -1.12387
    1000            1           -0            1           -0      1.64156     -0.98495
    1100            1           -0            1           -0      1.49482    -0.878748
    1200            1           -0            1           -0      1.39533    -0.794392
    1300            1           -0            1           -0      1.32423    -0.725485
    1400            1           -0            1           -0      1.27138    -0.667981
    1500            1           -0            1           -0      1.23087    -0.619168
    1600            1           -0            1           -0      1.19904    -0.577154
    1700            1           -0            1           -0      1.17353    -0.540574
    1800            1           -0            1           -0      1.15273    -0.508409
    1900            1           -0            1           -0      1.13553    -0.479889
    2000            1           -0            1           -0      1.12113    -0.454414
Model::init:  done, cpu time[sec] = 19.7825, elapsed time[sec] = 7
rate calculation starts
   MasterEquation::set:  starts
      Temperature      = 300 K
      Energy reference = 17909 1/cm
      Energy step      = 42 1/cm
      setting wells, barriers, and bimolecular starts
         W1 Well: average energy = -86.8 kcal/mol
         W1 Well: density of states done, elapsed time[sec] = 8.7e-05
         W1 Well: collisional kernel bandwidth = 36
         W1 Well: collisional energy transfer kernel done, elapsed time[sec] = 0.003298
         W1 Well: relaxation modes basis done, elapsed time[sec] = 0.003881
         W1 Well: kernel in relaxation modes basis done, elapsed time[sec] = 0.013405
         W1 Well: relaxation eigenvalues done, elapsed time[sec] = 0.947282
         W1 Well: minimal relaxation eigenvalue = 0.0325005
         W1 Well: maximal relaxation eigenvalue = 0.939575
         W1 Well:       grid size = 477
         W1 Well:      real depth = -30862 1/cm
         W1 Well: effective depth = -2125 1/cm
         B1 Barrier:        grid size = 427
         B1 Barrier:      real height = 0 1/cm
         B1 Barrier: effective height = -25 1/cm
         B2 Barrier:        grid size = 334
         B2 Barrier:      real height = 3907 1/cm
         B2 Barrier: effective height = 3881 1/cm
         B3 Barrier: nonpositive number of states at -14767 1/cm => truncating
         B3 Barrier:        grid size = 778
         B3 Barrier:      real height = -16410 1/cm
         B3 Barrier: effective height = -14767 1/cm
      setting wells, barriers, and bimolecular done, cpu time[sec] = 34.725, elapsed time[sec] = 31
      B3 barrier top is lower than the bottom of the well it connects => truncating
      MasterEquation::Barrier::truncate: grid size = 477
      MasterEquation::Barrier::truncate: real weight = 4.97038e+30
      MasterEquation::Barrier::truncate: effective weight = 1.47597e+24
      Bound Species (D1/D2 - density of states at dissociation energy (DE)/reference energy):
       Name  Depth     DE      *D1      *D2
              1/cm   1/cm       cm       cm
         W1  -2125  -2125 2.89e+11  2.8e+14
      Well-to-Bimolecular Barriers (N - number of states at the reference energy):
       Name Height       *N
              1/cm         
         B1    -25    2e+15
         B2   3882 9.95e+13
         B3  -2125 6.91e+08
      Effective equilibrium constants(bimolecular units - cm^3):
        Q/Q        W1        P1        P2        P3
         W1         1  4.67e-08      57.7  1.84e-40
         P1  2.14e+07         1  1.24e+09  3.94e-33
         P2    0.0173  8.08e-10         1  3.18e-42
         P3  5.44e+39  2.54e+32  3.14e+41         1
      Real equilibrium constants(bimolecular units - cm^3):
        Q/Q        W1        P1        P2        P3
         W1         1  2.42e+38     3e+47  9.55e+05
         P1  4.13e-39         1  1.24e+09  3.94e-33
         P2  3.33e-48  8.08e-10         1  3.18e-42
         P3  1.05e-06  2.54e+32  3.14e+41         1
   MasterEquation::set:  done, cpu time[sec] = 34.7251, elapsed time[sec] = 31
   MasterEquation::direct_diagonalization_method:  starts
      Pressure = 1 atm	 Temperature = 300 K
            Well    Collision, 1/sec
              W1         1.20141e+10
      global relaxation matrix dimension = 477
      setting global matrices ... done, cpu time[sec] = 0.007715, elapsed time[sec] = 0
      diagonalizing global relaxation matrix ... done, cpu time[sec] = 4.04422, elapsed time[sec] = 0
      microscopic rate coefficients (at reference energy) over collision frequency:
             W1->P1       W1->P2       W1->P3
            17.7503     0.884904  6.14777e-06
      some eigenvalues are too small: using low eigenvalue method
      low eigenvalue method starts
         MasterEquation::low_eigenvalue_matrix:  starts
            setting up kinetic matrices ... done, cpu time[sec] = 0.27384, elapsed time[sec] = 0
            inverting kinetic matrices ... done, cpu time[sec] = 0.004406, elapsed time[sec] = 0
         MasterEquation::low_eigenvalue_matrix:  done, cpu time[sec] = 0.279164, elapsed time[sec] = 0
         direct-diagonalization(DD)-versus-low-eigenvalue(LE) eigenvalues
             L      DD eval      LE eval     LE proj
             0   1.3748e-08   1.3748e-08  6.05938e-11
      low eigenvalue method done, cpu time[sec] = 0.279557, elapsed time[sec] = 0
      eigenvector populations normalized:
          L        *R        *P        W1
          0  1.37e-08  6.06e-11         1
      *R - eigenvalue over the relaxation limit
      *P - eigenvector projection squared on the relaxation subspace (= 1 -F_ne)
      eigenvector projections:
          L        *Q        *P        W1
          0  4.71e-10  6.06e-11         1
         *Z       ---       ---  4.06e+29
      *Q - eigenvalue over the collision frequency in first well
      *P - eigenvector projection squared on the relaxation subspace (= 1 - F_ne)
      *Z - well partition function square root
      prompt isomerization/dissociation:
          W\W           W1 Dissociation
           W1            1            0

      isomers-to-bimolecular equilibrium coefficients (kappa matrix):
        W\P       P1       P2       P3
         W1        0        0        0
      projection error = 6.05938e-11
      Wa->Wb/Wb->Wa rate constants ratios:
      Wb\Wa        W1
         W1         1
      W->P/P->W rate constants ratios:
        P\W        W1
         P1         1
         P2         1
         P3         1
   MasterEquation::direct_diagonalization_method:  done, cpu time[sec] = 4.34281, elapsed time[sec] = 0
   MasterEquation::set:  starts
      Temperature      = 310 K
      Energy reference = 18118 1/cm
      Energy step      = 43 1/cm
      setting wells, barriers, and bimolecular starts
         W1 Well: average energy = -86.8 kcal/mol
         W1 Well: density of states done, elapsed time[sec] = 9.1e-05
         W1 Well: collisional kernel bandwidth = 36
         W1 Well: collisional energy transfer kernel done, elapsed time[sec] = 0.00326
         W1 Well: relaxation modes basis done, elapsed time[sec] = 0.003872
         W1 Well: kernel in relaxation modes basis done, elapsed time[sec] = 0.014114
         W1 Well: relaxation eigenvalues done, elapsed time[sec] = 0.936687
         W1 Well: minimal relaxation eigenvalue = 0.0321192
         W1 Well: maximal relaxation eigenvalue = 0.941068
         W1 Well:       grid size = 472
         W1 Well:      real depth = -30862 1/cm
         W1 Well: effective depth = -2178 1/cm
         B1 Barrier:        grid size = 422
         B1 Barrier:      real height = 0 1/cm
         B1 Barrier: effective height = -27 1/cm
         B2 Barrier:        grid size = 331
         B2 Barrier:      real height = 3907 1/cm
         B2 Barrier: effective height = 3884 1/cm
         B3 Barrier: nonpositive number of states at -14304 1/cm => truncating
         B3 Barrier:        grid size = 754
         B3 Barrier:      real height = -16410 1/cm
         B3 Barrier: effective height = -14304 1/cm
      setting wells, barriers, and bimolecular done, cpu time[sec] = 33.7735, elapsed time[sec] = 30
      B3 barrier top is lower than the bottom of the well it connects => truncating
      MasterEquation::Barrier::truncate: grid size = 472
      MasterEquation::Barrier::truncate: real weight = 2.11405e+29
      MasterEquation::Barrier::truncate: effective weight = 2.0976e+23
      Bound Species (D1/D2 - density of states at dissociation energy (DE)/reference energy):
       Name  Depth     DE      *D1      *D2
              1/cm   1/cm       cm       cm
         W1  -2178  -2178 2.82e+11 2.98e+14
      Well-to-Bimolecular Barriers (N - number of states at the reference energy):
       Name Height       *N
              1/cm         
         B1    -27 2.24e+15
         B2   3885 1.15e+14
         B3  -2178 8.77e+08
      Effective equilibrium constants(bimolecular units - cm^3):
        Q/Q        W1        P1        P2        P3
         W1         1  3.61e-08      25.4  1.85e-39
         P1  2.77e+07         1  7.04e+08  5.12e-32
         P2    0.0394  1.42e-09         1  7.28e-41
         P3  5.41e+38  1.95e+31  1.37e+40         1
      Real equilibrium constants(bimolecular units - cm^3):
        Q/Q        W1        P1        P2        P3
         W1         1  1.87e+36  1.31e+45  9.58e+04
         P1  5.35e-37         1  7.04e+08  5.12e-32
         P2  7.61e-46  1.42e-09         1  7.28e-41
         P3  1.04e-05  1.95e+31  1.37e+40         1
   MasterEquation::set:  done, cpu time[sec] = 33.7736, elapsed time[sec] = 30
   MasterEquation::direct_diagonalization_method:  starts
      Pressure = 1 atm	 Temperature = 310 K
            Well    Collision, 1/sec
              W1         1.16222e+10
      global relaxation matrix dimension = 472
      setting global matrices ... done, cpu time[sec] = 0.008336, elapsed time[sec] = 0
      diagonalizing global relaxation matrix ... done, cpu time[sec] = 3.93057, elapsed time[sec] = 1
      microscopic rate coefficients (at reference energy) over collision frequency:
             W1->P1       W1->P2       W1->P3
            19.3983     0.997513  7.60235e-06
      some eigenvalues are too small: using low eigenvalue method
      low eigenvalue method starts
         MasterEquation::low_eigenvalue_matrix:  starts
            setting up kinetic matrices ... done, cpu time[sec] = 0.325935, elapsed time[sec] = 0
            inverting kinetic matrices ... done, cpu time[sec] = 0.004373, elapsed time[sec] = 0
         MasterEquation::low_eigenvalue_matrix:  done, cpu time[sec] = 0.332401, elapsed time[sec] = 0
         direct-diagonalization(DD)-versus-low-eigenvalue(LE) eigenvalues
             L      DD eval      LE eval     LE proj
             0  1.79288e-08  1.79288e-08  9.46731e-11
      low eigenvalue method done, cpu time[sec] = 0.332737, elapsed time[sec] = 0
      eigenvector populations normalized:
          L        *R        *P        W1
          0  1.79e-08  9.47e-11         1
      *R - eigenvalue over the relaxation limit
      *P - eigenvector projection squared on the relaxation subspace (= 1 -F_ne)
      eigenvector projections:
          L        *Q        *P        W1
          0  6.08e-10  9.47e-11         1
         *Z       ---       ---  1.58e+29
      *Q - eigenvalue over the collision frequency in first well
      *P - eigenvector projection squared on the relaxation subspace (= 1 - F_ne)
      *Z - well partition function square root
      prompt isomerization/dissociation:
          W\W           W1 Dissociation
           W1            1            0

      isomers-to-bimolecular equilibrium coefficients (kappa matrix):
        W\P       P1       P2       P3
         W1        0        0        0
      projection error = 9.46732e-11
      Wa->Wb/Wb->Wa rate constants ratios:
      Wb\Wa        W1
         W1         1
      W->P/P->W rate constants ratios:
        P\W        W1
         P1         1
         P2         1
         P3         1
   MasterEquation::direct_diagonalization_method:  done, cpu time[sec] = 4.28242, elapsed time[sec] = 1
   MasterEquation::set:  starts
      Temperature      = 320 K
      Energy reference = 18326 1/cm
      Energy step      = 44 1/cm
      setting wells, barriers, and bimolecular starts
         W1 Well: average energy = -86.7 kcal/mol
         W1 Well: density of states done, elapsed time[sec] = 0.000108
         W1 Well: collisional kernel bandwidth = 37
         W1 Well: collisional energy transfer kernel done, elapsed time[sec] = 0.003758
         W1 Well: relaxation modes basis done, elapsed time[sec] = 0.00373
         W1 Well: kernel in relaxation modes basis done, elapsed time[sec] = 0.012533
         W1 Well: relaxation eigenvalues done, elapsed time[sec] = 0.890219
         W1 Well: minimal relaxation eigenvalue = 0.031746
         W1 Well: maximal relaxation eigenvalue = 0.942507
         W1 Well:       grid size = 468
         W1 Well:      real depth = -30862 1/cm
         W1 Well: effective depth = -2266 1/cm
         B1 Barrier:        grid size = 417
         B1 Barrier:      real height = 0 1/cm
         B1 Barrier: effective height = -21 1/cm
         B2 Barrier:        grid size = 328
         B2 Barrier:      real height = 3907 1/cm
         B2 Barrier: effective height = 3894 1/cm
         B3 Barrier: nonpositive number of states at -14322 1/cm => truncating
         B3 Barrier:        grid size = 742
         B3 Barrier:      real height = -16410 1/cm
         B3 Barrier: effective height = -14322 1/cm
      setting wells, barriers, and bimolecular done, cpu time[sec] = 32.9363, elapsed time[sec] = 29
      B3 barrier top is lower than the bottom of the well it connects => truncating
      MasterEquation::Barrier::truncate: grid size = 468
      MasterEquation::Barrier::truncate: real weight = 1.19835e+28
      MasterEquation::Barrier::truncate: effective weight = 3.47651e+22
      Bound Species (D1/D2 - density of states at dissociation energy (DE)/reference energy):
       Name  Depth     DE      *D1      *D2
              1/cm   1/cm       cm       cm
         W1  -2266  -2266 2.72e+11 3.16e+14
      Well-to-Bimolecular Barriers (N - number of states at the reference energy):
       Name Height       *N
              1/cm         
         B1    -21 2.51e+15
         B2   3895 1.33e+14
         B3  -2266 1.11e+09
      Effective equilibrium constants(bimolecular units - cm^3):
        Q/Q        W1        P1        P2        P3
         W1         1  3.25e-08      13.5  1.85e-38
         P1  3.08e+07         1  4.15e+08  5.68e-31
         P2    0.0742  2.41e-09         1  1.37e-39
         P3  5.42e+37  1.76e+30   7.3e+38         1
      Real equilibrium constants(bimolecular units - cm^3):
        Q/Q        W1        P1        P2        P3
         W1         1  1.95e+34  8.08e+42  1.11e+04
         P1  5.13e-35         1  4.15e+08  5.68e-31
         P2  1.24e-43  2.41e-09         1  1.37e-39
         P3  9.03e-05  1.76e+30   7.3e+38         1
   MasterEquation::set:  done, cpu time[sec] = 32.9364, elapsed time[sec] = 29
   MasterEquation::direct_diagonalization_method:  starts
      Pressure = 1 atm	 Temperature = 320 K
            Well    Collision, 1/sec
              W1         1.12569e+10
      global relaxation matrix dimension = 468
      setting global matrices ... done, cpu time[sec] = 0.007977, elapsed time[sec] = 0
      diagonalizing global relaxation matrix ... done, cpu time[sec] = 3.88237, elapsed time[sec] = 0
      microscopic rate coefficients (at reference energy) over collision frequency:
             W1->P1       W1->P2       W1->P3
            21.1524      1.12124  9.34809e-06
      some eigenvalues are too small: using low eigenvalue method
      low eigenvalue method starts
         MasterEquation::low_eigenvalue_matrix:  starts
            setting up kinetic matrices ... done, cpu time[sec] = 0.362804, elapsed time[sec] = 0
            inverting kinetic matrices ... done, cpu time[sec] = 0.00427, elapsed time[sec] = 0
         MasterEquation::low_eigenvalue_matrix:  done, cpu time[sec] = 0.369053, elapsed time[sec] = 0
         direct-diagonalization(DD)-versus-low-eigenvalue(LE) eigenvalues
             L      DD eval      LE eval     LE proj
             0  2.00975e-08  2.00975e-08  1.26235e-10
      low eigenvalue method done, cpu time[sec] = 0.36938, elapsed time[sec] = 0
      eigenvector populations normalized:
          L        *R        *P        W1
          0  2.01e-08  1.26e-10         1
      *R - eigenvalue over the relaxation limit
      *P - eigenvector projection squared on the relaxation subspace (= 1 -F_ne)
      eigenvector projections:
          L        *Q        *P        W1
          0  6.75e-10  1.26e-10         1
         *Z       ---       ---  6.95e+28
      *Q - eigenvalue over the collision frequency in first well
      *P - eigenvector projection squared on the relaxation subspace (= 1 - F_ne)
      *Z - well partition function square root
      prompt isomerization/dissociation:
          W\W           W1 Dissociation
           W1            1            0

      isomers-to-bimolecular equilibrium coefficients (kappa matrix):
        W\P       P1       P2       P3
         W1        0        0        0
      projection error = 1.26234e-10
      Wa->Wb/Wb->Wa rate constants ratios:
      Wb\Wa        W1
         W1         1
      W->P/P->W rate constants ratios:
        P\W        W1
         P1         1
         P2         1
         P3         1
   MasterEquation::direct_diagonalization_method:  done, cpu time[sec] = 4.27014, elapsed time[sec] = 0
   MasterEquation::set:  starts
      Temperature      = 330 K
      Energy reference = 18535 1/cm
      Energy step      = 46 1/cm
      setting wells, barriers, and bimolecular starts
         W1 Well: average energy = -86.6 kcal/mol
         W1 Well: density of states done, elapsed time[sec] = 0.000102
         W1 Well: collisional kernel bandwidth = 36
         W1 Well: collisional energy transfer kernel done, elapsed time[sec] = 0.003425
         W1 Well: relaxation modes basis done, elapsed time[sec] = 0.003484
         W1 Well: kernel in relaxation modes basis done, elapsed time[sec] = 0.011349
         W1 Well: relaxation eigenvalues done, elapsed time[sec] = 0.785779
         W1 Well: minimal relaxation eigenvalue = 0.0313594
         W1 Well: maximal relaxation eigenvalue = 0.939017
         W1 Well:       grid size = 453
         W1 Well:      real depth = -30862 1/cm
         W1 Well: effective depth = -2302 1/cm
         B1 Barrier:        grid size = 403
         B1 Barrier:      real height = 0 1/cm
         B1 Barrier: effective height = -2 1/cm
         B2 Barrier: nonpositive number of states at 3907 1/cm => truncating
         B2 Barrier:        grid size = 318
         B2 Barrier:      real height = 3907 1/cm
         B2 Barrier: effective height = 3907 1/cm
         B3 Barrier: nonpositive number of states at -14769 1/cm => truncating
         B3 Barrier:        grid size = 724
         B3 Barrier:      real height = -16410 1/cm
         B3 Barrier: effective height = -14769 1/cm
      setting wells, barriers, and bimolecular done, cpu time[sec] = 30.0403, elapsed time[sec] = 26
      B3 barrier top is lower than the bottom of the well it connects => truncating
      MasterEquation::Barrier::truncate: grid size = 453
      MasterEquation::Barrier::truncate: real weight = 8.91167e+26
      MasterEquation::Barrier::truncate: effective weight = 6.32823e+21
      Bound Species (D1/D2 - density of states at dissociation energy (DE)/reference energy):
       Name  Depth     DE      *D1      *D2
              1/cm   1/cm       cm       cm
         W1  -2302  -2302 2.68e+11 3.35e+14
      Well-to-Bimolecular Barriers (N - number of states at the reference energy):
       Name Height       *N
              1/cm         
         B1     -2 2.81e+15
         B2   3908 1.53e+14
         B3  -2302  1.4e+09
      Effective equilibrium constants(bimolecular units - cm^3):
        Q/Q        W1        P1        P2        P3
         W1         1  2.33e-08      5.89  1.27e-37
         P1  4.28e+07         1  2.52e+08  5.45e-30
         P2      0.17  3.96e-09         1  2.16e-38
         P3  7.87e+36  1.84e+29  4.63e+37         1
      Real equilibrium constants(bimolecular units - cm^3):
        Q/Q        W1        P1        P2        P3
         W1         1  2.67e+32  6.74e+40  1.46e+03
         P1  3.74e-33         1  2.52e+08  5.45e-30
         P2  1.48e-41  3.96e-09         1  2.16e-38
         P3  0.000687  1.84e+29  4.63e+37         1
   MasterEquation::set:  done, cpu time[sec] = 30.0404, elapsed time[sec] = 26
   MasterEquation::direct_diagonalization_method:  starts
      Pressure = 1 atm	 Temperature = 330 K
            Well    Collision, 1/sec
              W1         1.09156e+10
      global relaxation matrix dimension = 453
      setting global matrices ... done, cpu time[sec] = 0.007401, elapsed time[sec] = 0
      diagonalizing global relaxation matrix ... done, cpu time[sec] = 3.4729, elapsed time[sec] = 1
      microscopic rate coefficients (at reference energy) over collision frequency:
             W1->P1       W1->P2       W1->P3
            23.0279      1.25785  1.14514e-05
      some eigenvalues are too small: using low eigenvalue method
      low eigenvalue method starts
         MasterEquation::low_eigenvalue_matrix:  starts
            setting up kinetic matrices ... done, cpu time[sec] = 0.54467, elapsed time[sec] = 0
            inverting kinetic matrices ... done, cpu time[sec] = 0.003852, elapsed time[sec] = 0
         MasterEquation::low_eigenvalue_matrix:  done, cpu time[sec] = 0.54953, elapsed time[sec] = 0
         direct-diagonalization(DD)-versus-low-eigenvalue(LE) eigenvalues
             L      DD eval      LE eval     LE proj
             0  2.75939e-08  2.75939e-08   2.0538e-10
      low eigenvalue method done, cpu time[sec] = 0.549862, elapsed time[sec] = 0
      eigenvector populations normalized:
          L        *R        *P        W1
          0  2.76e-08  2.05e-10         1
      *R - eigenvalue over the relaxation limit
      *P - eigenvector projection squared on the relaxation subspace (= 1 -F_ne)
      eigenvector projections:
          L        *Q        *P        W1
          0  9.18e-10  2.05e-10         1
         *Z       ---       ---  2.88e+28
      *Q - eigenvalue over the collision frequency in first well
      *P - eigenvector projection squared on the relaxation subspace (= 1 - F_ne)
      *Z - well partition function square root
      prompt isomerization/dissociation:
          W\W           W1 Dissociation
           W1            1            0

      isomers-to-bimolecular equilibrium coefficients (kappa matrix):
        W\P       P1       P2       P3
         W1        0        0        0
      projection error = 2.05379e-10
      Wa->Wb/Wb->Wa rate constants ratios:
      Wb\Wa        W1
         W1         1
      W->P/P->W rate constants ratios:
        P\W        W1
         P1         1
         P2         1
         P3         1
   MasterEquation::direct_diagonalization_method:  done, cpu time[sec] = 4.04008, elapsed time[sec] = 1
   MasterEquation::set:  starts
      Temperature      = 340 K
      Energy reference = 18743 1/cm
      Energy step      = 47 1/cm
      setting wells, barriers, and bimolecular starts
         W1 Well: average energy = -86.6 kcal/mol
         W1 Well: density of states done, elapsed time[sec] = 8.1e-05
         W1 Well: collisional kernel bandwidth = 36
         W1 Well: collisional energy transfer kernel done, elapsed time[sec] = 0.003397
         W1 Well: relaxation modes basis done, elapsed time[sec] = 0.00347
         W1 Well: kernel in relaxation modes basis done, elapsed time[sec] = 0.011169
         W1 Well: relaxation eigenvalues done, elapsed time[sec] = 0.773607
         W1 Well: minimal relaxation eigenvalue = 0.0310064
         W1 Well: maximal relaxation eigenvalue = 0.940385
         W1 Well:       grid size = 450
         W1 Well:      real depth = -30862 1/cm
         W1 Well: effective depth = -2406 1/cm
         B1 Barrier:        grid size = 399
         B1 Barrier:      real height = 0 1/cm
         B1 Barrier: effective height = -9 1/cm
         B2 Barrier:        grid size = 316
         B2 Barrier:      real height = 3907 1/cm
         B2 Barrier: effective height = 3890 1/cm
         B3 Barrier: nonpositive number of states at -14298 1/cm => truncating
         B3 Barrier:        grid size = 703
         B3 Barrier:      real height = -16410 1/cm
         B3 Barrier: effective height = -14297 1/cm
      setting wells, barriers, and bimolecular done, cpu time[sec] = 29.501, elapsed time[sec] = 26
      B3 barrier top is lower than the bottom of the well it connects => truncating
      MasterEquation::Barrier::truncate: grid size = 450
      MasterEquation::Barrier::truncate: real weight = 8.42914e+25
      MasterEquation::Barrier::truncate: effective weight = 1.31455e+21
      Bound Species (D1/D2 - density of states at dissociation energy (DE)/reference energy):
       Name  Depth     DE      *D1      *D2
              1/cm   1/cm       cm       cm
         W1  -2406  -2406 2.57e+11 3.55e+14
      Well-to-Bimolecular Barriers (N - number of states at the reference energy):
       Name Height       *N
              1/cm         
         B1     -9 3.14e+15
         B2   3891 1.77e+14
         B3  -2406 1.75e+09
      Effective equilibrium constants(bimolecular units - cm^3):
        Q/Q        W1        P1        P2        P3
         W1         1  2.24e-08      3.55  1.03e-36
         P1  4.46e+07         1  1.58e+08  4.58e-29
         P2     0.282  6.32e-09         1  2.89e-37
         P3  9.74e+35  2.19e+28  3.46e+36         1
      Real equilibrium constants(bimolecular units - cm^3):
        Q/Q        W1        P1        P2        P3
         W1         1  4.71e+30  7.45e+38       215
         P1  2.12e-31         1  1.58e+08  4.58e-29
         P2  1.34e-39  6.32e-09         1  2.89e-37
         P3   0.00464  2.19e+28  3.46e+36         1
   MasterEquation::set:  done, cpu time[sec] = 29.5011, elapsed time[sec] = 26
   MasterEquation::direct_diagonalization_method:  starts
      Pressure = 1 atm	 Temperature = 340 K
            Well    Collision, 1/sec
              W1         1.05963e+10
      global relaxation matrix dimension = 450
      setting global matrices ... done, cpu time[sec] = 0.0069, elapsed time[sec] = 0
      diagonalizing global relaxation matrix ... done, cpu time[sec] = 3.39392, elapsed time[sec] = 0
      microscopic rate coefficients (at reference energy) over collision frequency:
             W1->P1       W1->P2       W1->P3
            25.0185      1.40734  1.39548e-05
      some eigenvalues are too small: using low eigenvalue method
      low eigenvalue method starts
         MasterEquation::low_eigenvalue_matrix:  starts
            setting up kinetic matrices ... done, cpu time[sec] = 0.597347, elapsed time[sec] = 0
            inverting kinetic matrices ... done, cpu time[sec] = 0.003898, elapsed time[sec] = 0
         MasterEquation::low_eigenvalue_matrix:  done, cpu time[sec] = 0.603764, elapsed time[sec] = 0
         direct-diagonalization(DD)-versus-low-eigenvalue(LE) eigenvalues
             L      DD eval      LE eval     LE proj
             0  2.89538e-08  2.89539e-08  2.53093e-10
      low eigenvalue method done, cpu time[sec] = 0.604098, elapsed time[sec] = 0
      eigenvector populations normalized:
          L        *R        *P        W1
          0   2.9e-08  2.53e-10         1
      *R - eigenvalue over the relaxation limit
      *P - eigenvector projection squared on the relaxation subspace (= 1 -F_ne)
      eigenvector projections:
          L        *Q        *P        W1
          0  9.54e-10  2.53e-10         1
         *Z       ---       ---  1.44e+28
      *Q - eigenvalue over the collision frequency in first well
      *P - eigenvector projection squared on the relaxation subspace (= 1 - F_ne)
      *Z - well partition function square root
      prompt isomerization/dissociation:
          W\W           W1 Dissociation
           W1            1            0

      isomers-to-bimolecular equilibrium coefficients (kappa matrix):
        W\P       P1       P2       P3
         W1        0        0        0
      projection error = 2.53094e-10
      Wa->Wb/Wb->Wa rate constants ratios:
      Wb\Wa        W1
         W1         1
      W->P/P->W rate constants ratios:
        P\W        W1
         P1         1
         P2         1
         P3         1
   MasterEquation::direct_diagonalization_method:  done, cpu time[sec] = 4.01492, elapsed time[sec] = 0
   MasterEquation::set:  starts
      Temperature      = 350 K
      Energy reference = 18952 1/cm
      Energy step      = 49 1/cm
      setting wells, barriers, and bimolecular starts
         W1 Well: average energy = -86.5 kcal/mol
         W1 Well: density of states done, elapsed time[sec] = 7.3e-05
         W1 Well: collisional kernel bandwidth = 35
         W1 Well: collisional energy transfer kernel done, elapsed time[sec] = 0.002962
         W1 Well: relaxation modes basis done, elapsed time[sec] = 0.00332
         W1 Well: kernel in relaxation modes basis done, elapsed time[sec] = 0.01013
         W1 Well: relaxation eigenvalues done, elapsed time[sec] = 0.748402
         W1 Well: minimal relaxation eigenvalue = 0.0306405
         W1 Well: maximal relaxation eigenvalue = 0.937193
         W1 Well:       grid size = 437
         W1 Well:      real depth = -30862 1/cm
         W1 Well: effective depth = -2461 1/cm
         B1 Barrier:        grid size = 387
         B1 Barrier:      real height = 0 1/cm
         B1 Barrier: effective height = -11 1/cm
         B2 Barrier:        grid size = 308
         B2 Barrier:      real height = 3907 1/cm
         B2 Barrier: effective height = 3859 1/cm
         B3 Barrier: nonpositive number of states at -14368 1/cm => truncating
         B3 Barrier:        grid size = 680
         B3 Barrier:      real height = -16410 1/cm
         B3 Barrier: effective height = -14368 1/cm
      setting wells, barriers, and bimolecular done, cpu time[sec] = 27.178, elapsed time[sec] = 23
      B3 barrier top is lower than the bottom of the well it connects => truncating
      MasterEquation::Barrier::truncate: grid size = 437
      MasterEquation::Barrier::truncate: real weight = 1.0028e+25
      MasterEquation::Barrier::truncate: effective weight = 2.98418e+20
      Bound Species (D1/D2 - density of states at dissociation energy (DE)/reference energy):
       Name  Depth     DE      *D1      *D2
              1/cm   1/cm       cm       cm
         W1  -2461  -2461 2.51e+11 3.76e+14
      Well-to-Bimolecular Barriers (N - number of states at the reference energy):
       Name Height       *N
              1/cm         
         B1    -11 3.51e+15
         B2   3860 2.03e+14
         B3  -2461 2.19e+09
      Effective equilibrium constants(bimolecular units - cm^3):
        Q/Q        W1        P1        P2        P3
         W1         1  1.74e-08      1.78  5.94e-36
         P1  5.73e+07         1  1.02e+08  3.41e-28
         P2     0.563  9.82e-09         1  3.34e-36
         P3  1.68e+35  2.94e+27  2.99e+35         1
      Real equilibrium constants(bimolecular units - cm^3):
        Q/Q        W1        P1        P2        P3
         W1         1  1.04e+29  1.06e+37      35.5
         P1   9.6e-30         1  1.02e+08  3.41e-28
         P2  9.42e-38  9.82e-09         1  3.34e-36
         P3    0.0282  2.94e+27  2.99e+35         1
   MasterEquation::set:  done, cpu time[sec] = 27.1781, elapsed time[sec] = 23
   MasterEquation::direct_diagonalization_method:  starts
      Pressure = 1 atm	 Temperature = 350 K
            Well    Collision, 1/sec
              W1         1.02969e+10
      global relaxation matrix dimension = 437
      setting global matrices ... done, cpu time[sec] = 0.006745, elapsed time[sec] = 0
      diagonalizing global relaxation matrix ... done, cpu time[sec] = 3.08798, elapsed time[sec] = 1
      microscopic rate coefficients (at reference energy) over collision frequency:
             W1->P1       W1->P2       W1->P3
             27.141      1.57178  1.69471e-05
      some eigenvalues are too small: using low eigenvalue method
      low eigenvalue method starts
         MasterEquation::low_eigenvalue_matrix:  starts
            setting up kinetic matrices ... done, cpu time[sec] = 0.760372, elapsed time[sec] = 0
            inverting kinetic matrices ... done, cpu time[sec] = 0.003569, elapsed time[sec] = 0
         MasterEquation::low_eigenvalue_matrix:  done, cpu time[sec] = 0.764991, elapsed time[sec] = 0
         direct-diagonalization(DD)-versus-low-eigenvalue(LE) eigenvalues
             L      DD eval      LE eval     LE proj
             0  3.67406e-08  3.67406e-08  3.75807e-10
      low eigenvalue method done, cpu time[sec] = 0.765319, elapsed time[sec] = 0
      eigenvector populations normalized:
          L        *R        *P        W1
          0  3.67e-08  3.76e-10         1
      *R - eigenvalue over the relaxation limit
      *P - eigenvector projection squared on the relaxation subspace (= 1 -F_ne)
      eigenvector projections:
          L        *Q        *P        W1
          0   1.2e-09  3.76e-10         1
         *Z       ---       ---  6.79e+27
      *Q - eigenvalue over the collision frequency in first well
      *P - eigenvector projection squared on the relaxation subspace (= 1 - F_ne)
      *Z - well partition function square root
      prompt isomerization/dissociation:
          W\W           W1 Dissociation
           W1            1            0

      isomers-to-bimolecular equilibrium coefficients (kappa matrix):
        W\P       P1       P2       P3
         W1        0        0        0
      projection error = 3.75806e-10
      Wa->Wb/Wb->Wa rate constants ratios:
      Wb\Wa        W1
         W1         1
      W->P/P->W rate constants ratios:
        P\W        W1
         P1         1
         P2         1
         P3         1
   MasterEquation::direct_diagonalization_method:  done, cpu time[sec] = 3.86946, elapsed time[sec] = 1
   MasterEquation::set:  starts
      Temperature      = 360 K
      Energy reference = 19160 1/cm
      Energy step      = 50 1/cm
      setting wells, barriers, and bimolecular starts
         W1 Well: average energy = -86.4 kcal/mol
         W1 Well: density of states done, elapsed time[sec] = 8.2e-05
         W1 Well: collisional kernel bandwidth = 36
         W1 Well: collisional energy transfer kernel done, elapsed time[sec] = 0.00327
         W1 Well: relaxation modes basis done, elapsed time[sec] = 0.003246
         W1 Well: kernel in relaxation modes basis done, elapsed time[sec] = 0.010085
         W1 Well: relaxation eigenvalues done, elapsed time[sec] = 0.671385
         W1 Well: minimal relaxation eigenvalue = 0.0303091
         W1 Well: maximal relaxation eigenvalue = 0.938485
         W1 Well:       grid size = 434
         W1 Well:      real depth = -30862 1/cm
         W1 Well: effective depth = -2540 1/cm
         B1 Barrier:        grid size = 384
         B1 Barrier:      real height = 0 1/cm
         B1 Barrier: effective height = -40 1/cm
         B2 Barrier:        grid size = 306
         B2 Barrier:      real height = 3907 1/cm
         B2 Barrier: effective height = 3859 1/cm
         B3 Barrier: nonpositive number of states at -14290 1/cm => truncating
         B3 Barrier:        grid size = 669
         B3 Barrier:      real height = -16410 1/cm
         B3 Barrier: effective height = -14290 1/cm
      setting wells, barriers, and bimolecular done, cpu time[sec] = 26.5831, elapsed time[sec] = 23
      B3 barrier top is lower than the bottom of the well it connects => truncating
      MasterEquation::Barrier::truncate: grid size = 434
      MasterEquation::Barrier::truncate: real weight = 1.46206e+24
      MasterEquation::Barrier::truncate: effective weight = 7.37878e+19
      Bound Species (D1/D2 - density of states at dissociation energy (DE)/reference energy):
       Name  Depth     DE      *D1      *D2
              1/cm   1/cm       cm       cm
         W1  -2540  -2540 2.43e+11 3.99e+14
      Well-to-Bimolecular Barriers (N - number of states at the reference energy):
       Name Height       *N
              1/cm         
         B1    -40 3.92e+15
         B2   3860 2.33e+14
         B3  -2540 2.73e+09
      Effective equilibrium constants(bimolecular units - cm^3):
        Q/Q        W1        P1        P2        P3
         W1         1  1.53e-08      1.03  3.46e-35
         P1  6.55e+07         1  6.73e+07  2.27e-27
         P2     0.974  1.49e-08         1  3.37e-35
         P3  2.89e+34  4.41e+26  2.96e+34         1
      Real equilibrium constants(bimolecular units - cm^3):
        Q/Q        W1        P1        P2        P3
         W1         1  2.85e+27  1.91e+35      6.46
         P1  3.51e-28         1  6.73e+07  2.27e-27
         P2  5.22e-36  1.49e-08         1  3.37e-35
         P3     0.155  4.41e+26  2.96e+34         1
   MasterEquation::set:  done, cpu time[sec] = 26.5832, elapsed time[sec] = 23
   MasterEquation::direct_diagonalization_method:  starts
      Pressure = 1 atm	 Temperature = 360 K
            Well    Collision, 1/sec
              W1         1.00159e+10
      global relaxation matrix dimension = 434
      setting global matrices ... done, cpu time[sec] = 0.006737, elapsed time[sec] = 0
      diagonalizing global relaxation matrix ... done, cpu time[sec] = 2.97955, elapsed time[sec] = 0
      microscopic rate coefficients (at reference energy) over collision frequency:
             W1->P1       W1->P2       W1->P3
            29.3876      1.75107  2.04814e-05
      some eigenvalues are too small: using low eigenvalue method
      low eigenvalue method starts
         MasterEquation::low_eigenvalue_matrix:  starts
            setting up kinetic matrices ... done, cpu time[sec] = 0.809668, elapsed time[sec] = 0
            inverting kinetic matrices ... done, cpu time[sec] = 0.003524, elapsed time[sec] = 0
         MasterEquation::low_eigenvalue_matrix:  done, cpu time[sec] = 0.815518, elapsed time[sec] = 0
         direct-diagonalization(DD)-versus-low-eigenvalue(LE) eigenvalues
             L      DD eval      LE eval     LE proj
             0  4.22375e-08  4.22375e-08  5.01773e-10
      low eigenvalue method done, cpu time[sec] = 0.816247, elapsed time[sec] = 0
      eigenvector populations normalized:
          L        *R        *P        W1
          0  4.22e-08  5.02e-10         1
      *R - eigenvalue over the relaxation limit
      *P - eigenvector projection squared on the relaxation subspace (= 1 -F_ne)
      eigenvector projections:
          L        *Q        *P        W1
          0  1.37e-09  5.02e-10         1
         *Z       ---       ---  3.51e+27
      *Q - eigenvalue over the collision frequency in first well
      *P - eigenvector projection squared on the relaxation subspace (= 1 - F_ne)
      *Z - well partition function square root
      prompt isomerization/dissociation:
          W\W           W1 Dissociation
           W1            1            0

      isomers-to-bimolecular equilibrium coefficients (kappa matrix):
        W\P       P1       P2       P3
         W1        0        0        0
      projection error = 5.01773e-10
      Wa->Wb/Wb->Wa rate constants ratios:
      Wb\Wa        W1
         W1         1
      W->P/P->W rate constants ratios:
        P\W        W1
         P1         1
         P2         1
         P3         1
   MasterEquation::direct_diagonalization_method:  done, cpu time[sec] = 3.81173, elapsed time[sec] = 0
   MasterEquation::set:  starts
      Temperature      = 370 K
      Energy reference = 19369 1/cm
      Energy step      = 51 1/cm
      setting wells, barriers, and bimolecular starts
         W1 Well: average energy = -86.3 kcal/mol
         W1 Well: density of states done, elapsed time[sec] = 9.6e-05
         W1 Well: collisional kernel bandwidth = 36
         W1 Well: collisional energy transfer kernel done, elapsed time[sec] = 0.002895
         W1 Well: relaxation modes basis done, elapsed time[sec] = 0.003154
         W1 Well: kernel in relaxation modes basis done, elapsed time[sec] = 0.010138
         W1 Well: relaxation eigenvalues done, elapsed time[sec] = 0.660876
         W1 Well: minimal relaxation eigenvalue = 0.0299866
         W1 Well: maximal relaxation eigenvalue = 0.939738
         W1 Well:       grid size = 431
         W1 Well:      real depth = -30862 1/cm
         W1 Well: effective depth = -2612 1/cm
         B1 Barrier:        grid size = 380
         B1 Barrier:      real height = 0 1/cm
         B1 Barrier: effective height = -10 1/cm
         B2 Barrier:        grid size = 304
         B2 Barrier:      real height = 3907 1/cm
         B2 Barrier: effective height = 3864 1/cm
         B3 Barrier: nonpositive number of states at -14342 1/cm => truncating
         B3 Barrier:        grid size = 661
         B3 Barrier:      real height = -16410 1/cm
         B3 Barrier: effective height = -14342 1/cm
      setting wells, barriers, and bimolecular done, cpu time[sec] = 26.2842, elapsed time[sec] = 23
      B3 barrier top is lower than the bottom of the well it connects => truncating
      MasterEquation::Barrier::truncate: grid size = 431
      MasterEquation::Barrier::truncate: real weight = 2.59225e+23
      MasterEquation::Barrier::truncate: effective weight = 2.00062e+19
      Bound Species (D1/D2 - density of states at dissociation energy (DE)/reference energy):
       Name  Depth     DE      *D1      *D2
              1/cm   1/cm       cm       cm
         W1  -2612  -2612 2.36e+11 4.23e+14
      Well-to-Bimolecular Barriers (N - number of states at the reference energy):
       Name Height       *N
              1/cm         
         B1    -10 4.37e+15
         B2   3865 2.68e+14
         B3  -2612 3.39e+09
      Effective equilibrium constants(bimolecular units - cm^3):
        Q/Q        W1        P1        P2        P3
         W1         1  1.31e-08     0.593  1.78e-34
         P1  7.66e+07         1  4.54e+07  1.36e-26
         P2      1.69   2.2e-08         1     3e-34
         P3  5.61e+33  7.33e+25  3.33e+33         1
      Real equilibrium constants(bimolecular units - cm^3):
        Q/Q        W1        P1        P2        P3
         W1         1  9.43e+25  4.28e+33      1.29
         P1  1.06e-26         1  4.54e+07  1.36e-26
         P2  2.34e-34   2.2e-08         1     3e-34
         P3     0.778  7.33e+25  3.33e+33         1
   MasterEquation::set:  done, cpu time[sec] = 26.2843, elapsed time[sec] = 23
   MasterEquation::direct_diagonalization_method:  starts
      Pressure = 1 atm	 Temperature = 370 K
            Well    Collision, 1/sec
              W1         9.75161e+09
      global relaxation matrix dimension = 431
      setting global matrices ... done, cpu time[sec] = 0.006706, elapsed time[sec] = 0
      diagonalizing global relaxation matrix ... done, cpu time[sec] = 2.89824, elapsed time[sec] = 0
      microscopic rate coefficients (at reference energy) over collision frequency:
             W1->P1       W1->P2       W1->P3
            31.7772       1.9476  2.46751e-05
      some eigenvalues are too small: using low eigenvalue method
      low eigenvalue method starts
         MasterEquation::low_eigenvalue_matrix:  starts
            setting up kinetic matrices ... done, cpu time[sec] = 0.873733, elapsed time[sec] = 0
            inverting kinetic matrices ... done, cpu time[sec] = 0.00347, elapsed time[sec] = 0
         MasterEquation::low_eigenvalue_matrix:  done, cpu time[sec] = 0.879246, elapsed time[sec] = 0
         direct-diagonalization(DD)-versus-low-eigenvalue(LE) eigenvalues
             L      DD eval      LE eval     LE proj
             0  4.96609e-08  4.96609e-08  6.81442e-10
      low eigenvalue method done, cpu time[sec] = 0.879573, elapsed time[sec] = 0
      eigenvector populations normalized:
          L        *R        *P        W1
          0  4.97e-08  6.81e-10         1
      *R - eigenvalue over the relaxation limit
      *P - eigenvector projection squared on the relaxation subspace (= 1 -F_ne)
      eigenvector projections:
          L        *Q        *P        W1
          0  1.59e-09  6.81e-10         1
         *Z       ---       ---  1.86e+27
      *Q - eigenvalue over the collision frequency in first well
      *P - eigenvector projection squared on the relaxation subspace (= 1 - F_ne)
      *Z - well partition function square root
      prompt isomerization/dissociation:
          W\W           W1 Dissociation
           W1            1            0

      isomers-to-bimolecular equilibrium coefficients (kappa matrix):
        W\P       P1       P2       P3
         W1        0        0        0
      projection error = 6.81442e-10
      Wa->Wb/Wb->Wa rate constants ratios:
      Wb\Wa        W1
         W1         1
      W->P/P->W rate constants ratios:
        P\W        W1
         P1         1
         P2         1
         P3         1
   MasterEquation::direct_diagonalization_method:  done, cpu time[sec] = 3.79365, elapsed time[sec] = 0
   MasterEquation::set:  starts
      Temperature      = 380 K
      Energy reference = 19577 1/cm
      Energy step      = 53 1/cm
      setting wells, barriers, and bimolecular starts
         W1 Well: average energy = -86.2 kcal/mol
         W1 Well: density of states done, elapsed time[sec] = 9.6e-05
         W1 Well: collisional kernel bandwidth = 35
         W1 Well: collisional energy transfer kernel done, elapsed time[sec] = 0.002877
         W1 Well: relaxation modes basis done, elapsed time[sec] = 0.003014
         W1 Well: kernel in relaxation modes basis done, elapsed time[sec] = 0.009158
         W1 Well: relaxation eigenvalues done, elapsed time[sec] = 0.588529
         W1 Well: minimal relaxation eigenvalue = 0.0296475
         W1 Well: maximal relaxation eigenvalue = 0.936777
         W1 Well:       grid size = 420
         W1 Well:      real depth = -30862 1/cm
         W1 Well: effective depth = -2683 1/cm
         B1 Barrier:        grid size = 370
         B1 Barrier:      real height = 0 1/cm
         B1 Barrier: effective height = -33 1/cm
         B2 Barrier:        grid size = 296
         B2 Barrier:      real height = 3907 1/cm
         B2 Barrier: effective height = 3888 1/cm
         B3 Barrier: nonpositive number of states at -14290 1/cm => truncating
         B3 Barrier:        grid size = 639
         B3 Barrier:      real height = -16410 1/cm
         B3 Barrier: effective height = -14289 1/cm
      setting wells, barriers, and bimolecular done, cpu time[sec] = 24.2442, elapsed time[sec] = 21
      B3 barrier top is lower than the bottom of the well it connects => truncating
      MasterEquation::Barrier::truncate: grid size = 420
      MasterEquation::Barrier::truncate: real weight = 5.46684e+22
      MasterEquation::Barrier::truncate: effective weight = 6.02458e+18
      Bound Species (D1/D2 - density of states at dissociation energy (DE)/reference energy):
       Name  Depth     DE      *D1      *D2
              1/cm   1/cm       cm       cm
         W1  -2683  -2683 2.29e+11 4.48e+14
      Well-to-Bimolecular Barriers (N - number of states at the reference energy):
       Name Height       *N
              1/cm         
         B1    -33 4.87e+15
         B2   3889 3.07e+14
         B3  -2683  4.2e+09
      Effective equilibrium constants(bimolecular units - cm^3):
        Q/Q        W1        P1        P2        P3
         W1         1  1.09e-08     0.342  8.16e-34
         P1  9.15e+07         1  3.13e+07  7.47e-26
         P2      2.92  3.19e-08         1  2.39e-33
         P3  1.22e+33  1.34e+25  4.19e+32         1
      Real equilibrium constants(bimolecular units - cm^3):
        Q/Q        W1        P1        P2        P3
         W1         1  3.73e+24  1.17e+32     0.279
         P1  2.68e-25         1  3.13e+07  7.47e-26
         P2  8.56e-33  3.19e-08         1  2.39e-33
         P3      3.59  1.34e+25  4.19e+32         1
   MasterEquation::set:  done, cpu time[sec] = 24.2443, elapsed time[sec] = 21
   MasterEquation::direct_diagonalization_method:  starts
      Pressure = 1 atm	 Temperature = 380 K
            Well    Collision, 1/sec
              W1         9.50271e+09
      global relaxation matrix dimension = 420
      setting global matrices ... done, cpu time[sec] = 0.006244, elapsed time[sec] = 0
      diagonalizing global relaxation matrix ... done, cpu time[sec] = 2.60171, elapsed time[sec] = 0
      microscopic rate coefficients (at reference energy) over collision frequency:
             W1->P1       W1->P2       W1->P3
            34.3003      2.16114  2.95936e-05
      some eigenvalues are too small: using low eigenvalue method
      low eigenvalue method starts
         MasterEquation::low_eigenvalue_matrix:  starts
            setting up kinetic matrices ... done, cpu time[sec] = 0.959406, elapsed time[sec] = 0
            inverting kinetic matrices ... done, cpu time[sec] = 0.029292, elapsed time[sec] = 0
         MasterEquation::low_eigenvalue_matrix:  done, cpu time[sec] = 0.989819, elapsed time[sec] = 0
         direct-diagonalization(DD)-versus-low-eigenvalue(LE) eigenvalues
             L      DD eval      LE eval     LE proj
             0  5.85576e-08  5.85576e-08  9.23605e-10
      low eigenvalue method done, cpu time[sec] = 0.990125, elapsed time[sec] = 0
      eigenvector populations normalized:
          L        *R        *P        W1
          0  5.86e-08  9.24e-10         1
      *R - eigenvalue over the relaxation limit
      *P - eigenvector projection squared on the relaxation subspace (= 1 -F_ne)
      eigenvector projections:
          L        *Q        *P        W1
          0  1.86e-09  9.24e-10         1
         *Z       ---       ---     1e+27
      *Q - eigenvalue over the collision frequency in first well
      *P - eigenvector projection squared on the relaxation subspace (= 1 - F_ne)
      *Z - well partition function square root
      prompt isomerization/dissociation:
          W\W           W1 Dissociation
           W1            1            0

      isomers-to-bimolecular equilibrium coefficients (kappa matrix):
        W\P       P1       P2       P3
         W1        0        0        0
      projection error = 9.23605e-10
      Wa->Wb/Wb->Wa rate constants ratios:
      Wb\Wa        W1
         W1         1
      W->P/P->W rate constants ratios:
        P\W        W1
         P1         1
         P2         1
         P3         1
   MasterEquation::direct_diagonalization_method:  done, cpu time[sec] = 3.60655, elapsed time[sec] = 0
   MasterEquation::set:  starts
      Temperature      = 390 K
      Energy reference = 19786 1/cm
      Energy step      = 54 1/cm
      setting wells, barriers, and bimolecular starts
         W1 Well: average energy = -86.1 kcal/mol
         W1 Well: density of states done, elapsed time[sec] = 7.2e-05
         W1 Well: collisional kernel bandwidth = 35
         W1 Well: collisional energy transfer kernel done, elapsed time[sec] = 0.002731
         W1 Well: relaxation modes basis done, elapsed time[sec] = 0.002952
         W1 Well: kernel in relaxation modes basis done, elapsed time[sec] = 0.009208
         W1 Well: relaxation eigenvalues done, elapsed time[sec] = 0.580009
         W1 Well: minimal relaxation eigenvalue = 0.0293436
         W1 Well: maximal relaxation eigenvalue = 0.937968
         W1 Well:       grid size = 417
         W1 Well:      real depth = -30862 1/cm
         W1 Well: effective depth = -2732 1/cm
         B1 Barrier:        grid size = 367
         B1 Barrier:      real height = 0 1/cm
         B1 Barrier: effective height = -32 1/cm
         B2 Barrier:        grid size = 295
         B2 Barrier:      real height = 3907 1/cm
         B2 Barrier: effective height = 3855 1/cm
         B3 Barrier: nonpositive number of states at -14288 1/cm => truncating
         B3 Barrier:        grid size = 631
         B3 Barrier:      real height = -16410 1/cm
         B3 Barrier: effective height = -14288 1/cm
      setting wells, barriers, and bimolecular done, cpu time[sec] = 23.9886, elapsed time[sec] = 21
      B3 barrier top is lower than the bottom of the well it connects => truncating
      MasterEquation::Barrier::truncate: grid size = 417
      MasterEquation::Barrier::truncate: real weight = 1.36423e+22
      MasterEquation::Barrier::truncate: effective weight = 1.94445e+18
      Bound Species (D1/D2 - density of states at dissociation energy (DE)/reference energy):
       Name  Depth     DE      *D1      *D2
              1/cm   1/cm       cm       cm
         W1  -2732  -2732 2.24e+11 4.74e+14
      Well-to-Bimolecular Barriers (N - number of states at the reference energy):
       Name Height       *N
              1/cm         
         B1    -32 5.42e+15
         B2   3856 3.51e+14
         B3  -2732 5.19e+09
      Effective equilibrium constants(bimolecular units - cm^3):
        Q/Q        W1        P1        P2        P3
         W1         1  8.71e-09     0.192  3.27e-33
         P1  1.15e+08         1   2.2e+07  3.75e-25
         P2      5.21  4.54e-08         1   1.7e-32
         P3  3.06e+32  2.67e+24  5.87e+31         1
      Real equilibrium constants(bimolecular units - cm^3):
        Q/Q        W1        P1        P2        P3
         W1         1  1.74e+23  3.83e+30    0.0652
         P1  5.75e-24         1   2.2e+07  3.75e-25
         P2  2.61e-31  4.54e-08         1   1.7e-32
         P3      15.3  2.67e+24  5.87e+31         1
   MasterEquation::set:  done, cpu time[sec] = 23.9887, elapsed time[sec] = 21
   MasterEquation::direct_diagonalization_method:  starts
      Pressure = 1 atm	 Temperature = 390 K
            Well    Collision, 1/sec
              W1         9.26794e+09
      global relaxation matrix dimension = 417
      setting global matrices ... done, cpu time[sec] = 0.006231, elapsed time[sec] = 0
      diagonalizing global relaxation matrix ... done, cpu time[sec] = 2.56071, elapsed time[sec] = 0
      microscopic rate coefficients (at reference energy) over collision frequency:
             W1->P1       W1->P2       W1->P3
             36.978      2.39446  3.53905e-05
      some eigenvalues are too small: using low eigenvalue method
      low eigenvalue method starts
         MasterEquation::low_eigenvalue_matrix:  starts
            setting up kinetic matrices ... done, cpu time[sec] = 0.956055, elapsed time[sec] = 0
            inverting kinetic matrices ... done, cpu time[sec] = 0.060207, elapsed time[sec] = 0
         MasterEquation::low_eigenvalue_matrix:  done, cpu time[sec] = 1.01884, elapsed time[sec] = 0
         direct-diagonalization(DD)-versus-low-eigenvalue(LE) eigenvalues
             L      DD eval      LE eval     LE proj
             0  7.37169e-08  7.37169e-08  1.32921e-09
      low eigenvalue method done, cpu time[sec] = 1.02087, elapsed time[sec] = 0
      eigenvector populations normalized:
          L        *R        *P        W1
          0  7.37e-08  1.33e-09         1
      *R - eigenvalue over the relaxation limit
      *P - eigenvector projection squared on the relaxation subspace (= 1 -F_ne)
      eigenvector projections:
          L        *Q        *P        W1
          0  2.33e-09  1.33e-09         1
         *Z       ---       ---  5.46e+26
      *Q - eigenvalue over the collision frequency in first well
      *P - eigenvector projection squared on the relaxation subspace (= 1 - F_ne)
      *Z - well partition function square root
      prompt isomerization/dissociation:
          W\W           W1 Dissociation
           W1            1            0

      isomers-to-bimolecular equilibrium coefficients (kappa matrix):
        W\P       P1       P2       P3
         W1        0        0        0
      projection error = 1.32921e-09
      Wa->Wb/Wb->Wa rate constants ratios:
      Wb\Wa        W1
         W1         1
      W->P/P->W rate constants ratios:
        P\W        W1
         P1         1
         P2         1
         P3         1
   MasterEquation::direct_diagonalization_method:  done, cpu time[sec] = 3.59672, elapsed time[sec] = 0
rate calculation done, cpu time[sec] = 328.884, elapsed time[sec] = 256
