Wells (G - ground energy, D - dissociation limit, kcal/mol):
      Name        G        D
        W1    -88.2      0.0

Bimolecular Products (G - ground energy, kcal/mol):
      Name        G
        P1      0.0
        P2     11.2
        P3    -46.9

Well-to-Bimolecular Barriers (H/G - barrier height/well depth, kcal/mol)
      Name        H     Well        G  Product
        B1      0.0       W1    -88.2       P1
        B2     11.2       W1    -88.2       P2
        B3     33.3       W1    -88.2       P3

________________________________________________________________________________________

Unimolecular Rate Units: 1/sec;  Bimolecular Rate Units: cm^3/sec

______________________________________________________________________________________

Species-Species Rate Tables:

Temperature = 300 K

High Pressure Rate Coefficients:

From\To            W1           P1           P2           P3
W1                ***  2.09231e-49  6.31062e-58  3.63141e-62
P1        5.06877e-11          ***          ***          ***
P2        1.89237e-10          ***          ***          ***
P3        3.46793e-56          ***          ***          ***

Temperature = 300 K    Pressure = 1 atm

From\To            W1           P1           P2           P3
W1        2.08333e-49  2.08333e-49   2.4431e-58  5.63272e-65
P1          5.047e-11    5.047e-11  9.36269e-20  5.72544e-30
P2        7.32617e-11  1.15894e-10  1.89155e-10  1.99431e-25
P3        5.37913e-59  2.25698e-62  6.35114e-67  5.38139e-59

Temperature = 310 K

High Pressure Rate Coefficients:

From\To            W1           P1           P2           P3
W1                ***  2.68889e-47  1.44834e-55    1.062e-60
P1        5.02494e-11          ***          ***          ***
P2        1.90436e-10          ***          ***          ***
P3        1.01707e-55          ***          ***          ***

Temperature = 310 K    Pressure = 1 atm

From\To            W1           P1           P2           P3
W1        2.67486e-47  2.67486e-47  5.37857e-56  5.37408e-63
P1        4.99872e-11  4.99872e-11  1.70032e-19  7.96496e-30
P2        7.07205e-11  1.19633e-10  1.90353e-10  2.46517e-25
P3        5.14673e-58  4.08181e-61  1.79555e-65  5.15081e-58

Temperature = 320 K

High Pressure Rate Coefficients:

From\To            W1           P1           P2           P3
W1                ***  2.55683e-45  2.37226e-53  2.75731e-59
P1        4.98228e-11          ***          ***          ***
P2        1.91618e-10          ***          ***          ***
P3        3.05205e-55          ***          ***          ***

Temperature = 320 K    Pressure = 1 atm

From\To            W1           P1           P2           P3
W1        2.54071e-45  2.54071e-45  8.44395e-54  3.98435e-61
P1        4.95087e-11  4.95087e-11  2.97514e-19  1.11205e-29
P2        6.82054e-11  1.23326e-10  1.91531e-10  3.06768e-25
P3        4.41025e-57  6.31688e-60   4.2038e-64  4.41657e-57

Temperature = 330 K

High Pressure Rate Coefficients:

From\To            W1           P1           P2           P3
W1                ***  1.84865e-43  2.85909e-51  6.43508e-58
P1        4.94081e-11          ***          ***          ***
P2        1.92783e-10          ***          ***          ***
P3        9.36726e-55          ***          ***          ***

Temperature = 330 K    Pressure = 1 atm

From\To            W1           P1           P2           P3
W1        1.83466e-43  1.83466e-43  9.73983e-52  2.17441e-59
P1        4.90344e-11  4.90344e-11  5.03457e-19  1.55762e-29
P2         6.5674e-11  1.27017e-10  1.92691e-10  3.84618e-25
P3        3.16519e-56   8.4835e-59   8.3032e-63  3.17368e-56

Temperature = 340 K

High Pressure Rate Coefficients:

From\To            W1           P1           P2           P3
W1                ***  1.04107e-41  2.60484e-49  1.36461e-56
P1        4.90058e-11          ***          ***          ***
P2        1.93932e-10          ***          ***          ***
P3        2.93886e-54          ***          ***          ***

Temperature = 340 K    Pressure = 1 atm

From\To            W1           P1           P2           P3
W1        1.03168e-41  1.03168e-41  8.49342e-50  9.89134e-58
P1        4.85637e-11  4.85637e-11  8.25739e-19  2.18401e-29
P2        6.32341e-11  1.30601e-10  1.93835e-10  4.85916e-25
P3        2.13022e-55  9.99214e-58   1.4056e-61  2.14022e-55

Temperature = 350 K

High Pressure Rate Coefficients:

From\To            W1           P1           P2           P3
W1                ***   4.6649e-40   1.8374e-47  2.65422e-55
P1        4.86162e-11          ***          ***          ***
P2        1.95065e-10          ***          ***          ***
P3        9.41934e-54          ***          ***          ***

Temperature = 350 K    Pressure = 1 atm

From\To            W1           P1           P2           P3
W1        4.61491e-40  4.61491e-40  5.72646e-48  3.50837e-56
P1        4.80952e-11  4.80952e-11   1.3171e-18  3.06771e-29
P2        6.07943e-11  1.34171e-10  1.94965e-10  6.19191e-25
P3        1.24506e-54  1.04463e-56  2.06982e-60   1.2555e-54

Temperature = 360 K

High Pressure Rate Coefficients:

From\To            W1           P1           P2           P3
W1                ***    1.695e-38  1.02499e-45  4.77445e-54
P1        4.82392e-11          ***          ***          ***
P2        1.96181e-10          ***          ***          ***
P3        3.08214e-53          ***          ***          ***

Temperature = 360 K    Pressure = 1 atm

From\To            W1           P1           P2           P3
W1        1.67364e-38  1.67364e-38  3.05382e-46  1.04254e-54
P1        4.76312e-11  4.76312e-11  2.04643e-18  4.31034e-29
P2        5.84495e-11  1.37627e-10  1.96076e-10  7.95926e-25
P3        6.73008e-54  9.77709e-56   2.6845e-59  6.82788e-54

Temperature = 370 K

High Pressure Rate Coefficients:

From\To            W1           P1           P2           P3
W1                ***  5.07931e-37  4.60852e-44  8.00071e-53
P1        4.78749e-11          ***          ***          ***
P2        1.97281e-10          ***          ***          ***
P3        1.02891e-52          ***          ***          ***

Temperature = 370 K    Pressure = 1 atm

From\To            W1           P1           P2           P3
W1         5.0043e-37   5.0043e-37  1.31179e-44  2.59291e-53
P1        4.71679e-11  4.71679e-11  3.10486e-18  6.06182e-29
P2        5.61549e-11  1.41014e-10  1.97169e-10  1.03258e-24
P3        3.33454e-53  8.27082e-55  3.10205e-58  3.41727e-53

Temperature = 380 K

High Pressure Rate Coefficients:

From\To            W1           P1           P2           P3
W1                ***  1.27444e-35  1.69861e-42  1.25703e-51
P1        4.75233e-11          ***          ***          ***
P2        1.98366e-10          ***          ***          ***
P3        3.50185e-52          ***          ***          ***

Temperature = 380 K    Pressure = 1 atm

From\To            W1           P1           P2           P3
W1        1.25249e-35  1.25249e-35  4.61345e-43  5.50739e-52
P1        4.67044e-11  4.67045e-11  4.60993e-18  8.53801e-29
P2        5.38764e-11  1.44372e-10  1.98248e-10  1.35228e-24
P3        1.53426e-52  6.37856e-54  3.22587e-57  1.59807e-52

Temperature = 390 K

High Pressure Rate Coefficients:

From\To            W1           P1           P2           P3
W1                ***  2.71404e-34  5.21105e-41  1.86228e-50
P1        4.71841e-11          ***          ***          ***
P2        1.99434e-10          ***          ***          ***
P3        1.21425e-51          ***          ***          ***

Temperature = 390 K    Pressure = 1 atm

From\To            W1           P1           P2           P3
W1        2.65986e-34  2.65986e-34  1.35087e-41  1.00951e-50
P1        4.62421e-11  4.62421e-11  6.70565e-18  1.20394e-28
P2        5.16997e-11  1.47617e-10  1.99317e-10   1.7871e-24
P3        6.58222e-52  4.51531e-53  3.04464e-56  7.03405e-52

______________________________________________________________________________________

High Pressure Rate Coefficients (Temperature-Species Rate Tables):

   T(K)       W1->W1       W1->P1       W1->P2       W1->P3
    300          ***  2.09231e-49  6.31062e-58  3.63141e-62
    310          ***  2.68889e-47  1.44834e-55    1.062e-60
    320          ***  2.55683e-45  2.37226e-53  2.75731e-59
    330          ***  1.84865e-43  2.85909e-51  6.43508e-58
    340          ***  1.04107e-41  2.60484e-49  1.36461e-56
    350          ***   4.6649e-40   1.8374e-47  2.65422e-55
    360          ***    1.695e-38  1.02499e-45  4.77445e-54
    370          ***  5.07931e-37  4.60852e-44  8.00071e-53
    380          ***  1.27444e-35  1.69861e-42  1.25703e-51
    390          ***  2.71404e-34  5.21105e-41  1.86228e-50

   T(K)       P1->W1       P1->P1       P1->P2       P1->P3
    300  5.06877e-11          ***          ***          ***
    310  5.02494e-11          ***          ***          ***
    320  4.98228e-11          ***          ***          ***
    330  4.94081e-11          ***          ***          ***
    340  4.90058e-11          ***          ***          ***
    350  4.86162e-11          ***          ***          ***
    360  4.82392e-11          ***          ***          ***
    370  4.78749e-11          ***          ***          ***
    380  4.75233e-11          ***          ***          ***
    390  4.71841e-11          ***          ***          ***

   T(K)       P2->W1       P2->P1       P2->P2       P2->P3
    300  1.89237e-10          ***          ***          ***
    310  1.90436e-10          ***          ***          ***
    320  1.91618e-10          ***          ***          ***
    330  1.92783e-10          ***          ***          ***
    340  1.93932e-10          ***          ***          ***
    350  1.95065e-10          ***          ***          ***
    360  1.96181e-10          ***          ***          ***
    370  1.97281e-10          ***          ***          ***
    380  1.98366e-10          ***          ***          ***
    390  1.99434e-10          ***          ***          ***

   T(K)       P3->W1       P3->P1       P3->P2       P3->P3
    300  3.46793e-56          ***          ***          ***
    310  1.01707e-55          ***          ***          ***
    320  3.05205e-55          ***          ***          ***
    330  9.36726e-55          ***          ***          ***
    340  2.93886e-54          ***          ***          ***
    350  9.41934e-54          ***          ***          ***
    360  3.08214e-53          ***          ***          ***
    370  1.02891e-52          ***          ***          ***
    380  3.50185e-52          ***          ***          ***
    390  1.21425e-51          ***          ***          ***

Capture/Escape Rate Coefficients:

   T(K)           W1           P1           P2           P3
    300  2.09231e-49  5.06877e-11  1.89237e-10  3.46793e-56
    310  2.68889e-47  5.02494e-11  1.90436e-10  1.01707e-55
    320  2.55683e-45  4.98228e-11  1.91618e-10  3.05205e-55
    330  1.84865e-43  4.94081e-11  1.92783e-10  9.36726e-55
    340  1.04107e-41  4.90058e-11  1.93932e-10  2.93886e-54
    350   4.6649e-40  4.86162e-11  1.95065e-10  9.41934e-54
    360    1.695e-38  4.82392e-11  1.96181e-10  3.08214e-53
    370  5.07931e-37  4.78749e-11  1.97281e-10  1.02891e-52
    380  1.27445e-35  4.75233e-11  1.98366e-10  3.50185e-52
    390  2.71404e-34  4.71841e-11  1.99434e-10  1.21425e-51

______________________________________________________________________________________

Pressure-Species Rate Tables:

   Temperature = 300 K

   P(atm)       W1->P1       W1->P2       W1->P3         W1->
        1  2.08333e-49   2.4431e-58  5.63272e-65  2.08333e-49
    O-O  2.09231e-49  6.31062e-58  3.63141e-62  2.09231e-49

   Temperature = 310 K

   P(atm)       W1->P1       W1->P2       W1->P3         W1->
        1  2.67486e-47  5.37857e-56  5.37408e-63  2.67486e-47
    O-O  2.68889e-47  1.44834e-55    1.062e-60  2.68889e-47

   Temperature = 320 K

   P(atm)       W1->P1       W1->P2       W1->P3         W1->
        1  2.54071e-45  8.44395e-54  3.98435e-61  2.54071e-45
    O-O  2.55683e-45  2.37226e-53  2.75731e-59  2.55683e-45

   Temperature = 330 K

   P(atm)       W1->P1       W1->P2       W1->P3         W1->
        1  1.83466e-43  9.73983e-52  2.17441e-59  1.83466e-43
    O-O  1.84865e-43  2.85909e-51  6.43508e-58  1.84865e-43

   Temperature = 340 K

   P(atm)       W1->P1       W1->P2       W1->P3         W1->
        1  1.03168e-41  8.49342e-50  9.89134e-58  1.03168e-41
    O-O  1.04107e-41  2.60484e-49  1.36461e-56  1.04107e-41

   Temperature = 350 K

   P(atm)       W1->P1       W1->P2       W1->P3         W1->
        1  4.61491e-40  5.72646e-48  3.50837e-56  4.61491e-40
    O-O   4.6649e-40   1.8374e-47  2.65422e-55   4.6649e-40

   Temperature = 360 K

   P(atm)       W1->P1       W1->P2       W1->P3         W1->
        1  1.67364e-38  3.05382e-46  1.04254e-54  1.67364e-38
    O-O    1.695e-38  1.02499e-45  4.77445e-54    1.695e-38

   Temperature = 370 K

   P(atm)       W1->P1       W1->P2       W1->P3         W1->
        1   5.0043e-37  1.31179e-44  2.59291e-53   5.0043e-37
    O-O  5.07931e-37  4.60852e-44  8.00071e-53  5.07931e-37

   Temperature = 380 K

   P(atm)       W1->P1       W1->P2       W1->P3         W1->
        1  1.25249e-35  4.61345e-43  5.50739e-52  1.25249e-35
    O-O  1.27444e-35  1.69861e-42  1.25703e-51  1.27445e-35

   Temperature = 390 K

   P(atm)       W1->P1       W1->P2       W1->P3         W1->
        1  2.65986e-34  1.35087e-41  1.00951e-50  2.65986e-34
    O-O  2.71404e-34  5.21105e-41  1.86228e-50  2.71404e-34

   Temperature = 300 K

   P(atm)       P1->W1       P1->P2       P1->P3         P1->
        1    5.047e-11  9.36269e-20  5.72544e-30    5.047e-11
    O-O  5.06877e-11          ***          ***  5.06877e-11

   Temperature = 310 K

   P(atm)       P1->W1       P1->P2       P1->P3         P1->
        1  4.99872e-11  1.70032e-19  7.96496e-30  4.99872e-11
    O-O  5.02494e-11          ***          ***  5.02494e-11

   Temperature = 320 K

   P(atm)       P1->W1       P1->P2       P1->P3         P1->
        1  4.95087e-11  2.97514e-19  1.11205e-29  4.95087e-11
    O-O  4.98228e-11          ***          ***  4.98228e-11

   Temperature = 330 K

   P(atm)       P1->W1       P1->P2       P1->P3         P1->
        1  4.90344e-11  5.03457e-19  1.55762e-29  4.90344e-11
    O-O  4.94081e-11          ***          ***  4.94081e-11

   Temperature = 340 K

   P(atm)       P1->W1       P1->P2       P1->P3         P1->
        1  4.85637e-11  8.25739e-19  2.18401e-29  4.85637e-11
    O-O  4.90058e-11          ***          ***  4.90058e-11

   Temperature = 350 K

   P(atm)       P1->W1       P1->P2       P1->P3         P1->
        1  4.80952e-11   1.3171e-18  3.06771e-29  4.80952e-11
    O-O  4.86162e-11          ***          ***  4.86162e-11

   Temperature = 360 K

   P(atm)       P1->W1       P1->P2       P1->P3         P1->
        1  4.76312e-11  2.04643e-18  4.31034e-29  4.76312e-11
    O-O  4.82392e-11          ***          ***  4.82392e-11

   Temperature = 370 K

   P(atm)       P1->W1       P1->P2       P1->P3         P1->
        1  4.71679e-11  3.10486e-18  6.06182e-29  4.71679e-11
    O-O  4.78749e-11          ***          ***  4.78749e-11

   Temperature = 380 K

   P(atm)       P1->W1       P1->P2       P1->P3         P1->
        1  4.67044e-11  4.60993e-18  8.53801e-29  4.67045e-11
    O-O  4.75233e-11          ***          ***  4.75233e-11

   Temperature = 390 K

   P(atm)       P1->W1       P1->P2       P1->P3         P1->
        1  4.62421e-11  6.70565e-18  1.20394e-28  4.62421e-11
    O-O  4.71841e-11          ***          ***  4.71841e-11

   Temperature = 300 K

   P(atm)       P2->W1       P2->P1       P2->P3         P2->
        1  7.32617e-11  1.15894e-10  1.99431e-25  1.89155e-10
    O-O  1.89237e-10          ***          ***  1.89237e-10

   Temperature = 310 K

   P(atm)       P2->W1       P2->P1       P2->P3         P2->
        1  7.07205e-11  1.19633e-10  2.46517e-25  1.90353e-10
    O-O  1.90436e-10          ***          ***  1.90436e-10

   Temperature = 320 K

   P(atm)       P2->W1       P2->P1       P2->P3         P2->
        1  6.82054e-11  1.23326e-10  3.06768e-25  1.91531e-10
    O-O  1.91618e-10          ***          ***  1.91618e-10

   Temperature = 330 K

   P(atm)       P2->W1       P2->P1       P2->P3         P2->
        1   6.5674e-11  1.27017e-10  3.84618e-25  1.92691e-10
    O-O  1.92783e-10          ***          ***  1.92783e-10

   Temperature = 340 K

   P(atm)       P2->W1       P2->P1       P2->P3         P2->
        1  6.32341e-11  1.30601e-10  4.85916e-25  1.93835e-10
    O-O  1.93932e-10          ***          ***  1.93932e-10

   Temperature = 350 K

   P(atm)       P2->W1       P2->P1       P2->P3         P2->
        1  6.07943e-11  1.34171e-10  6.19191e-25  1.94965e-10
    O-O  1.95065e-10          ***          ***  1.95065e-10

   Temperature = 360 K

   P(atm)       P2->W1       P2->P1       P2->P3         P2->
        1  5.84495e-11  1.37627e-10  7.95926e-25  1.96076e-10
    O-O  1.96181e-10          ***          ***  1.96181e-10

   Temperature = 370 K

   P(atm)       P2->W1       P2->P1       P2->P3         P2->
        1  5.61549e-11  1.41014e-10  1.03258e-24  1.97169e-10
    O-O  1.97281e-10          ***          ***  1.97281e-10

   Temperature = 380 K

   P(atm)       P2->W1       P2->P1       P2->P3         P2->
        1  5.38764e-11  1.44372e-10  1.35228e-24  1.98248e-10
    O-O  1.98366e-10          ***          ***  1.98366e-10

   Temperature = 390 K

   P(atm)       P2->W1       P2->P1       P2->P3         P2->
        1  5.16997e-11  1.47617e-10   1.7871e-24  1.99317e-10
    O-O  1.99434e-10          ***          ***  1.99434e-10

   Temperature = 300 K

   P(atm)       P3->W1       P3->P1       P3->P2         P3->
        1  5.37913e-59  2.25698e-62  6.35114e-67  5.38139e-59
    O-O  3.46793e-56          ***          ***  3.46793e-56

   Temperature = 310 K

   P(atm)       P3->W1       P3->P1       P3->P2         P3->
        1  5.14673e-58  4.08181e-61  1.79555e-65  5.15081e-58
    O-O  1.01707e-55          ***          ***  1.01707e-55

   Temperature = 320 K

   P(atm)       P3->W1       P3->P1       P3->P2         P3->
        1  4.41025e-57  6.31688e-60   4.2038e-64  4.41657e-57
    O-O  3.05205e-55          ***          ***  3.05205e-55

   Temperature = 330 K

   P(atm)       P3->W1       P3->P1       P3->P2         P3->
        1  3.16519e-56   8.4835e-59   8.3032e-63  3.17368e-56
    O-O  9.36726e-55          ***          ***  9.36726e-55

   Temperature = 340 K

   P(atm)       P3->W1       P3->P1       P3->P2         P3->
        1  2.13022e-55  9.99214e-58   1.4056e-61  2.14022e-55
    O-O  2.93886e-54          ***          ***  2.93886e-54

   Temperature = 350 K

   P(atm)       P3->W1       P3->P1       P3->P2         P3->
        1  1.24506e-54  1.04463e-56  2.06982e-60   1.2555e-54
    O-O  9.41934e-54          ***          ***  9.41934e-54

   Temperature = 360 K

   P(atm)       P3->W1       P3->P1       P3->P2         P3->
        1  6.73008e-54  9.77709e-56   2.6845e-59  6.82788e-54
    O-O  3.08214e-53          ***          ***  3.08214e-53

   Temperature = 370 K

   P(atm)       P3->W1       P3->P1       P3->P2         P3->
        1  3.33454e-53  8.27082e-55  3.10205e-58  3.41727e-53
    O-O  1.02891e-52          ***          ***  1.02891e-52

   Temperature = 380 K

   P(atm)       P3->W1       P3->P1       P3->P2         P3->
        1  1.53426e-52  6.37856e-54  3.22587e-57  1.59807e-52
    O-O  3.50185e-52          ***          ***  3.50185e-52

   Temperature = 390 K

   P(atm)       P3->W1       P3->P1       P3->P2         P3->
        1  6.58222e-52  4.51531e-53  3.04464e-56  7.03405e-52
    O-O  1.21425e-51          ***          ***  1.21425e-51

______________________________________________________________________________________

Temperature-Species Rate Tables:

   Pressure = 1 atm

   T(K)       W1->P1       W1->P2       W1->P3         W1->      Capture
    300  2.08333e-49   2.4431e-58  5.63272e-65  2.08333e-49  2.09231e-49
    310  2.67486e-47  5.37857e-56  5.37408e-63  2.67486e-47  2.68889e-47
    320  2.54071e-45  8.44395e-54  3.98435e-61  2.54071e-45  2.55683e-45
    330  1.83466e-43  9.73983e-52  2.17441e-59  1.83466e-43  1.84865e-43
    340  1.03168e-41  8.49342e-50  9.89134e-58  1.03168e-41  1.04107e-41
    350  4.61491e-40  5.72646e-48  3.50837e-56  4.61491e-40   4.6649e-40
    360  1.67364e-38  3.05382e-46  1.04254e-54  1.67364e-38    1.695e-38
    370   5.0043e-37  1.31179e-44  2.59291e-53   5.0043e-37  5.07931e-37
    380  1.25249e-35  4.61345e-43  5.50739e-52  1.25249e-35  1.27445e-35
    390  2.65986e-34  1.35087e-41  1.00951e-50  2.65986e-34  2.71404e-34

   Pressure = 1 atm

   T(K)       P1->W1       P1->P2       P1->P3         P1->      Capture
    300    5.047e-11  9.36269e-20  5.72544e-30    5.047e-11  5.06877e-11
    310  4.99872e-11  1.70032e-19  7.96496e-30  4.99872e-11  5.02494e-11
    320  4.95087e-11  2.97514e-19  1.11205e-29  4.95087e-11  4.98228e-11
    330  4.90344e-11  5.03457e-19  1.55762e-29  4.90344e-11  4.94081e-11
    340  4.85637e-11  8.25739e-19  2.18401e-29  4.85637e-11  4.90058e-11
    350  4.80952e-11   1.3171e-18  3.06771e-29  4.80952e-11  4.86162e-11
    360  4.76312e-11  2.04643e-18  4.31034e-29  4.76312e-11  4.82392e-11
    370  4.71679e-11  3.10486e-18  6.06182e-29  4.71679e-11  4.78749e-11
    380  4.67044e-11  4.60993e-18  8.53801e-29  4.67045e-11  4.75233e-11
    390  4.62421e-11  6.70565e-18  1.20394e-28  4.62421e-11  4.71841e-11

   Pressure = 1 atm

   T(K)       P2->W1       P2->P1       P2->P3         P2->      Capture
    300  7.32617e-11  1.15894e-10  1.99431e-25  1.89155e-10  1.89237e-10
    310  7.07205e-11  1.19633e-10  2.46517e-25  1.90353e-10  1.90436e-10
    320  6.82054e-11  1.23326e-10  3.06768e-25  1.91531e-10  1.91618e-10
    330   6.5674e-11  1.27017e-10  3.84618e-25  1.92691e-10  1.92783e-10
    340  6.32341e-11  1.30601e-10  4.85916e-25  1.93835e-10  1.93932e-10
    350  6.07943e-11  1.34171e-10  6.19191e-25  1.94965e-10  1.95065e-10
    360  5.84495e-11  1.37627e-10  7.95926e-25  1.96076e-10  1.96181e-10
    370  5.61549e-11  1.41014e-10  1.03258e-24  1.97169e-10  1.97281e-10
    380  5.38764e-11  1.44372e-10  1.35228e-24  1.98248e-10  1.98366e-10
    390  5.16997e-11  1.47617e-10   1.7871e-24  1.99317e-10  1.99434e-10

   Pressure = 1 atm

   T(K)       P3->W1       P3->P1       P3->P2         P3->      Capture
    300  5.37913e-59  2.25698e-62  6.35114e-67  5.38139e-59  3.46793e-56
    310  5.14673e-58  4.08181e-61  1.79555e-65  5.15081e-58  1.01707e-55
    320  4.41025e-57  6.31688e-60   4.2038e-64  4.41657e-57  3.05205e-55
    330  3.16519e-56   8.4835e-59   8.3032e-63  3.17368e-56  9.36726e-55
    340  2.13022e-55  9.99214e-58   1.4056e-61  2.14022e-55  2.93886e-54
    350  1.24506e-54  1.04463e-56  2.06982e-60   1.2555e-54  9.41934e-54
    360  6.73008e-54  9.77709e-56   2.6845e-59  6.82788e-54  3.08214e-53
    370  3.33454e-53  8.27082e-55  3.10205e-58  3.41727e-53  1.02891e-52
    380  1.53426e-52  6.37856e-54  3.22587e-57  1.59807e-52  3.50185e-52
    390  6.58222e-52  4.51531e-53  3.04464e-56  7.03405e-52  1.21425e-51

______________________________________________________________________________________

Temperature-Pressure Rate Tables:

W1->P1

P\T              300          310          320          330          340          350          360          370          380          390
1        2.08333e-49  2.67486e-47  2.54071e-45  1.83466e-43  1.03168e-41  4.61491e-40  1.67364e-38   5.0043e-37  1.25249e-35  2.65986e-34
O-O      2.09231e-49  2.68889e-47  2.55683e-45  1.84865e-43  1.04107e-41   4.6649e-40    1.695e-38  5.07931e-37  1.27444e-35  2.71404e-34

W1->P2

P\T              300          310          320          330          340          350          360          370          380          390
1         2.4431e-58  5.37857e-56  8.44395e-54  9.73983e-52  8.49342e-50  5.72646e-48  3.05382e-46  1.31179e-44  4.61345e-43  1.35087e-41
O-O      6.31062e-58  1.44834e-55  2.37226e-53  2.85909e-51  2.60484e-49   1.8374e-47  1.02499e-45  4.60852e-44  1.69861e-42  5.21105e-41

W1->P3

P\T              300          310          320          330          340          350          360          370          380          390
1        5.63272e-65  5.37408e-63  3.98435e-61  2.17441e-59  9.89134e-58  3.50837e-56  1.04254e-54  2.59291e-53  5.50739e-52  1.00951e-50
O-O      3.63141e-62    1.062e-60  2.75731e-59  6.43508e-58  1.36461e-56  2.65422e-55  4.77445e-54  8.00071e-53  1.25703e-51  1.86228e-50

P1->W1

P\T              300          310          320          330          340          350          360          370          380          390
1          5.047e-11  4.99872e-11  4.95087e-11  4.90344e-11  4.85637e-11  4.80952e-11  4.76312e-11  4.71679e-11  4.67044e-11  4.62421e-11
O-O      5.06877e-11  5.02494e-11  4.98228e-11  4.94081e-11  4.90058e-11  4.86162e-11  4.82392e-11  4.78749e-11  4.75233e-11  4.71841e-11

P1->P2

P\T              300          310          320          330          340          350          360          370          380          390
1        9.36269e-20  1.70032e-19  2.97514e-19  5.03457e-19  8.25739e-19   1.3171e-18  2.04643e-18  3.10486e-18  4.60993e-18  6.70565e-18
O-O              ***          ***          ***          ***          ***          ***          ***          ***          ***          ***

P1->P3

P\T              300          310          320          330          340          350          360          370          380          390
1        5.72544e-30  7.96496e-30  1.11205e-29  1.55762e-29  2.18401e-29  3.06771e-29  4.31034e-29  6.06182e-29  8.53801e-29  1.20394e-28
O-O              ***          ***          ***          ***          ***          ***          ***          ***          ***          ***

P2->W1

P\T              300          310          320          330          340          350          360          370          380          390
1        7.32617e-11  7.07205e-11  6.82054e-11   6.5674e-11  6.32341e-11  6.07943e-11  5.84495e-11  5.61549e-11  5.38764e-11  5.16997e-11
O-O      1.89237e-10  1.90436e-10  1.91618e-10  1.92783e-10  1.93932e-10  1.95065e-10  1.96181e-10  1.97281e-10  1.98366e-10  1.99434e-10

P2->P1

P\T              300          310          320          330          340          350          360          370          380          390
1        1.15894e-10  1.19633e-10  1.23326e-10  1.27017e-10  1.30601e-10  1.34171e-10  1.37627e-10  1.41014e-10  1.44372e-10  1.47617e-10
O-O              ***          ***          ***          ***          ***          ***          ***          ***          ***          ***

P2->P3

P\T              300          310          320          330          340          350          360          370          380          390
1        1.99431e-25  2.46517e-25  3.06768e-25  3.84618e-25  4.85916e-25  6.19191e-25  7.95926e-25  1.03258e-24  1.35228e-24   1.7871e-24
O-O              ***          ***          ***          ***          ***          ***          ***          ***          ***          ***

P3->W1

P\T              300          310          320          330          340          350          360          370          380          390
1        5.37913e-59  5.14673e-58  4.41025e-57  3.16519e-56  2.13022e-55  1.24506e-54  6.73008e-54  3.33454e-53  1.53426e-52  6.58222e-52
O-O      3.46793e-56  1.01707e-55  3.05205e-55  9.36726e-55  2.93886e-54  9.41934e-54  3.08214e-53  1.02891e-52  3.50185e-52  1.21425e-51

P3->P1

P\T              300          310          320          330          340          350          360          370          380          390
1        2.25698e-62  4.08181e-61  6.31688e-60   8.4835e-59  9.99214e-58  1.04463e-56  9.77709e-56  8.27082e-55  6.37856e-54  4.51531e-53
O-O              ***          ***          ***          ***          ***          ***          ***          ***          ***          ***

P3->P2

P\T              300          310          320          330          340          350          360          370          380          390
1        6.35114e-67  1.79555e-65   4.2038e-64   8.3032e-63   1.4056e-61  2.06982e-60   2.6845e-59  3.10205e-58  3.22587e-57  3.04464e-56
O-O              ***          ***          ***          ***          ***          ***          ***          ***          ***          ***

W1-> 

P\T              300          310          320          330          340          350          360          370          380          390
1        2.08333e-49  2.67486e-47  2.54071e-45  1.83466e-43  1.03168e-41  4.61491e-40  1.67364e-38   5.0043e-37  1.25249e-35  2.65986e-34
O-O      2.09231e-49  2.68889e-47  2.55683e-45  1.84865e-43  1.04107e-41   4.6649e-40    1.695e-38  5.07931e-37  1.27445e-35  2.71404e-34

P1-> 

P\T              300          310          320          330          340          350          360          370          380          390
1          5.047e-11  4.99872e-11  4.95087e-11  4.90344e-11  4.85637e-11  4.80952e-11  4.76312e-11  4.71679e-11  4.67045e-11  4.62421e-11
O-O      5.06877e-11  5.02494e-11  4.98228e-11  4.94081e-11  4.90058e-11  4.86162e-11  4.82392e-11  4.78749e-11  4.75233e-11  4.71841e-11

P2-> 

P\T              300          310          320          330          340          350          360          370          380          390
1        1.89155e-10  1.90353e-10  1.91531e-10  1.92691e-10  1.93835e-10  1.94965e-10  1.96076e-10  1.97169e-10  1.98248e-10  1.99317e-10
O-O      1.89237e-10  1.90436e-10  1.91618e-10  1.92783e-10  1.93932e-10  1.95065e-10  1.96181e-10  1.97281e-10  1.98366e-10  1.99434e-10

P3-> 

P\T              300          310          320          330          340          350          360          370          380          390
1        5.38139e-59  5.15081e-58  4.41657e-57  3.17368e-56  2.14022e-55   1.2555e-54  6.82788e-54  3.41727e-53  1.59807e-52  7.03405e-52
O-O      3.46793e-56  1.01707e-55  3.05205e-55  9.36726e-55  2.93886e-54  9.41934e-54  3.08214e-53  1.02891e-52  3.50185e-52  1.21425e-51

