Wells (G - ground energy, D - dissociation limit, kcal/mol):
      Name        G        D
        W1    -46.5    -15.5
       W2a    -46.5    -37.5
       W2b    -45.6    -37.5
       W3a    -40.1    -37.2
       W3b    -46.0    -37.2

Bimolecular Products (G - ground energy, kcal/mol):
      Name        G
        P1      0.0
        P2      1.4
        P3   -125.0
        P4    -49.0

Well-to-Bimolecular Barriers (H/G - barrier height/well depth, kcal/mol)
      Name        H     Well        G  Product
        B7      0.0       W1    -46.5       P1
       B11    -24.1      W3b    -46.0       P3
       B12      1.4      W2b    -45.6       P2
       B13      1.4      W3b    -46.0       P2
       B16      2.6      W3a    -40.1       P4

Well-to-Well Barriers (H/G - barrier height/well depth, kcal/mol):
      Name        H     Well       G1     Well       G2
        B8    -15.5       W1    -46.5      W2a    -46.5
        B9     -7.7      W2a    -46.5      W3a    -40.1
       B10    -10.2      W2b    -45.6      W3b    -46.0
       Bi1    -37.5      W2a    -46.5      W2b    -45.6
       Bi2    -37.2      W3a    -40.1      W3b    -46.0

________________________________________________________________________________________

Unimolecular Rate Units: 1/sec;  Bimolecular Rate Units: cm^3/sec

______________________________________________________________________________________

Species-Species Rate Tables:

Temperature = 200 K

High Pressure Rate Coefficients:

From\To            W1          W2a          W2b          W3a          W3b           P1           P2           P3           P4
W1                ***  3.09995e-11          ***          ***          ***  1.76682e-36          ***          ***          ***
W2a       1.06911e-10          ***      1611.67  1.40661e-24          ***          ***          ***          ***          ***
W2b               ***      12806.5          ***          ***  3.19753e-21          ***   8.0768e-37          ***          ***
W3a               ***  1.22591e-17          ***          ***  4.37754e+09          ***          ***          ***  5.53303e-24
W3b               ***          ***  1.08228e-21      1350.89          ***          ***  2.80236e-37  1.59283e-08          ***
P1        6.83296e-11          ***          ***          ***          ***          ***          ***          ***          ***
P2                ***          ***   2.7029e-11          ***   2.7707e-11          ***          ***          ***          ***
P3                ***          ***          ***          *** 2.57008e-119          ***          ***          ***          ***
P4                ***          ***          ***  1.76537e-56          ***          ***          ***          ***          ***

Temperature = 200 K    Pressure = 1 atm

From\To            W1          W2a          W2b          W3a          W3b           P1           P2           P3           P4
W1        1.02513e-13          ***          ***          ***          ***  2.12967e-39  5.51391e-43   1.4602e-23  6.91467e-40
W2a               ***          ***          ***          ***          ***          ***          ***          ***          ***
W2b               ***          ***          ***          ***          ***          ***          ***          ***          ***
W3a               ***          ***          ***          ***          ***          ***          ***          ***          ***
W3b               ***          ***          ***          ***          ***          ***          ***          ***          ***
P1        1.09189e-13          ***          ***          ***          ***  4.18749e-11   3.5882e-13  4.14069e-11  9.57669e-18
P2        6.70385e-16          ***          ***          ***          ***   8.5089e-12  5.13256e-11   4.2816e-11  6.11331e-17
P3       2.89727e-133          ***          ***          ***          *** 1.60243e-146 6.98742e-148  2.4518e-121 2.73439e-141
P4        8.79129e-65          ***          ***          ***          ***  2.37481e-68  6.39282e-69  1.75213e-56  1.76539e-56

Temperature = 250 K

High Pressure Rate Coefficients:

From\To            W1          W2a          W2b          W3a          W3b           P1           P2           P3           P4
W1                ***  2.35606e-09          ***          ***          ***  3.44877e-26          ***          ***          ***
W2a       8.82811e-09          ***       130913  1.99342e-19          ***          ***          ***          ***          ***
W2b               ***       675321          ***          ***  1.02339e-16          ***  2.44048e-26          ***          ***
W3a               ***  6.89763e-14          ***          ***   1.9482e+10          ***          ***          ***  1.46219e-20
W3b               ***          ***  4.27649e-17       121369          ***          ***   1.0797e-26  1.89066e-05          ***
P1        5.68736e-11          ***          ***          ***          ***          ***          ***          ***          ***
P2                ***          ***  2.47828e-11          ***  2.62382e-11          ***          ***          ***          ***
P3                ***          ***          ***          ***  3.28264e-99          ***          ***          ***          ***
P4                ***          ***          ***  2.71082e-51          ***          ***          ***          ***          ***

Temperature = 250 K    Pressure = 1 atm

From\To            W1          W2a          W2b          W3a          W3b           P1           P2           P3           P4
W1        -3.4698e-12          ***          ***          ***          ***  2.92988e-29  1.69361e-32  3.54249e-18  1.00315e-31
W2a               ***          ***          ***          ***          ***          ***          ***          ***          ***
W2b               ***          ***          ***          ***          ***          ***          ***          ***          ***
W3a               ***          ***          ***          ***          ***          ***          ***          ***          ***
W3b               ***          ***          ***          ***          ***          ***          ***          ***          ***
P1        6.36928e-14          ***          ***          ***          ***  3.05888e-11  6.33841e-13  2.98913e-11  9.84064e-18
P2         4.3822e-16          ***          ***          ***          ***  7.54431e-12  4.66343e-11  3.90895e-11  7.84501e-17
P3       6.54889e-111          ***          ***          ***          *** 2.54192e-119 2.79279e-120-3.46986e-102 1.58182e-119
P4        3.17863e-56          ***          ***          ***          ***  1.43436e-57  9.60701e-58  2.71127e-51  2.71091e-51

Temperature = 300 K

High Pressure Rate Coefficients:

From\To            W1          W2a          W2b          W3a          W3b           P1           P2           P3           P4
W1                ***  1.56169e-07          ***          ***          ***  2.48234e-19          ***          ***          ***
W2a        6.3504e-07          ***  2.64896e+06  7.29561e-15          ***          ***          ***          ***          ***
W2b               ***  1.01841e+07          ***          ***  1.52349e-12          ***  2.46073e-19          ***          ***
W3a               ***  2.91775e-10          ***          ***  5.51303e+10          ***          ***          ***  6.02447e-17
W3b               ***          ***  7.35226e-13  2.55761e+06          ***          ***  1.29718e-19   0.00985986          ***
P1        4.84076e-11          ***          ***          ***          ***          ***          ***          ***          ***
P2                ***          ***  2.30059e-11          ***    2.513e-11          ***          ***          ***          ***
P3                ***          ***          ***          ***  3.67697e-85          ***          ***          ***          ***
P4                ***          ***          ***  1.58549e-46          ***          ***          ***          ***          ***

Temperature = 300 K    Pressure = 1 atm

From\To            W1          W2a          W2b          W3a          W3b           P1           P2           P3           P4
W1        5.39865e-11          ***          ***  